10-11-2017 00:15:40.9 [ROOM] Lyanna Pelon: goooooood evening
10-11-2017 00:15:50.2 [PRIV] MaryJane Nichols: !register
10-11-2017 00:15:50.2 [PRIV] Bot to MaryJane Nichols:MaryJane Nichols has joined!
10-11-2017 00:15:58.2 [PRIV] MaryJane Nichols: !sheet
10-11-2017 00:15:58.2 [PRIV] Bot to MaryJane Nichols:
[color=gray]══════════════════════════════════════════════════
                                 ⭐ ⭐ [color=purple][b]General details[/b][/color] ⭐ ⭐
══════════════════════════════════════════════════
[color=pink]                     [icon]MaryJane Nichols[/icon]
          [b]Name:[/b] MaryJane Nichols | [b]Money:[/b] $50.00
[/color]══════════════════════════════════════════════════
                                 ⭐ ⭐ [color=purple][b]Attack / Defense[/b][/color] ⭐ ⭐
══════════════════════════════════════════════════
[color=pink]          [b]Lips:[/b] 1 / 1
          [b]Fingers:[/b] 1
          [b]Tits:[/b] 1 / 1
          [b]Sex:[/b] 1 / 1
          [b]Ass:[/b] 1 / 1
          [b]Feet:[/b] 1[/color]
══════════════════════════════════════════════════
                                 ⭐ ⭐ [color=purple][b]Equipment[/b][/color] ⭐ ⭐
══════════════════════════════════════════════════
[color=pink]          [b]Sextoy:[/b] Hand
                    Starter weapon.
          [b]Outfit:[/b] Nude
                    Just you and your body.
          [b]Accessory:[/b] Wristbands
                    Standard uniform.
          [b]Flavor item:[/b] None
                    Nothing equiped.
[/color]══════════════════════════════════════════════════
                                 ⭐ ⭐ [color=purple][b]Inventory[/b][/color] ⭐ ⭐
══════════════════════════════════════════════════
[color=pink]          Nude. Just you and your body.
          Hand. Starter weapon.
          Wristbands. Standard uniform.
          None. Nothing equiped.
[/color][/color]
10-11-2017 00:16:14.9 [PRIV] MaryJane Nichols: !train attack on fingers
10-11-2017 00:16:14.9 [PRIV] Bot to MaryJane Nichols:[eicon]training[/eicon] Training successful! You now have 2 points in attack on fingers.
10-11-2017 00:16:27.8 [PRIV] MaryJane Nichols: !train defense on sex
10-11-2017 00:16:27.8 [PRIV] Bot to MaryJane Nichols:[eicon]training[/eicon] Training successful! You now have 2 points in defense on sex.
10-11-2017 00:16:35.4 [PRIV] MaryJane Nichols: !train attack on sex
10-11-2017 00:16:35.5 [PRIV] Bot to MaryJane Nichols:[eicon]training[/eicon] Training successful! You now have 2 points in attack on sex.
10-11-2017 00:16:41.4 [PRIV] MaryJane Nichols: !train defense on ass
10-11-2017 00:16:41.4 [PRIV] Bot to MaryJane Nichols:[eicon]training[/eicon] Training successful! You now have 2 points in defense on ass.
10-11-2017 00:16:46.9 [PRIV] MaryJane Nichols: !train attack on ass
10-11-2017 00:16:46.9 [PRIV] Bot to MaryJane Nichols:[eicon]training[/eicon] Training successful! You now have 2 points in attack on ass.
10-11-2017 00:17:07.8 [ROOM] MaryJane Nichols: Hiya
10-11-2017 00:17:40.6 [ROOM] Lyanna Pelon: hmmm i dont know if ive met this one yet, hot
10-11-2017 00:18:19.3 [ROOM] MaryJane Nichols: Don't think I've met you either
10-11-2017 00:18:54.9 [ROOM] Lyanna Pelon: im around, sometimes, usually
10-11-2017 00:18:55.3 [PRIV] MaryJane Nichols: !trainingdummy female
10-11-2017 00:18:55.3 [PRIV] Bot to MaryJane Nichols:
[icon]Bot Announcer[/icon][color=gray] Welcome to the training ring! Today we have MaryJane Nichols vs Yuni Hermit! Let the match begin![/color]
[color=gray]═════════════════ ⭐ [color=purple]Sexfight ring[/color] ⭐ ═════════════════
 [color=purple]▓▓▓▓▓▓▓▓▓▓▓▓▓▓▓▓▓▓▓▓[/color] ⭐ [color=purple]VS[/color] ⭐ [color=purple]▓▓▓▓▓▓▓▓▓▓▓▓▓▓▓▓▓▓▓▓[/color]
► [icon]MaryJane Nichols[/icon]                                                                  [icon]Yuni Hermit[/icon]
It's MaryJane Nichols's turn![/color]

10-11-2017 00:19:01.7 [PRIV] Bot to MaryJane Nichols:
[icon]Bot Announcer[/icon][color=gray]MaryJane Nichols used their ass to tease Yuni Hermit's lips, dealing 18 lust points![/color]
[color=gray]═════════════════ ⭐ [color=purple]Sexfight ring[/color] ⭐ ═════════════════
 [color=purple]░░░▓▓▓▓▓▓▓▓▓▓▓▓▓▓▓▓▓[/color] ⭐ [color=purple]VS[/color] ⭐ [color=purple]▓▓▓▓▓▓▓▓▓▓▓▓▓▓▓▓▓▓▓▓[/color]
► [icon]Yuni Hermit[/icon]                                                                  [icon]MaryJane Nichols[/icon]
It's Yuni Hermit's turn![/color]
[i]'May I? May I!?!' she groans. She drops to a kneeling pose and puts her hands on her knees like a slave, panting. With a butt soon in her face, she dives her nose between your rumpcheeks and smells your pucker with a deep snort, like a social dog at a dog park. The licking begins, the wolf going from stroking the whole length of your ass-crack with her tongue, to kissing your ass full and proper... nursing and smooching your asshole, shoving her tongue inside and exploring whatever she finds, licking around in there like she's trying to wash it. One heady suck on your anus later and she comes away, face musky. '... thank you SO much...' she moans.[/i]

10-11-2017 00:19:01.7 [PRIV] Bot to MaryJane Nichols:
[i]Yuni turns around and hip-drops you, using the significant girth of her baby-making hips to knock you to the mat. She booty-stomps onto your chest, making the mat reverberate... and squishing whatever cleavage you have with her posterior's cleavage! Grinding and rocking her hips, she giggles madly, all the flesh wobbly and warm... before hopping back into a fighting pose.[/i]
[icon]Bot Announcer[/icon][color=gray]Yuni Hermit used their ass to tease MaryJane Nichols's tits, dealing 13 lust points![/color]
[color=gray]═════════════════ ⭐ [color=purple]Sexfight ring[/color] ⭐ ═════════════════
 [color=purple]░░▓▓▓▓▓▓▓▓▓▓▓▓▓▓▓▓▓▓[/color] ⭐ [color=purple]VS[/color] ⭐ [color=purple]▓▓▓▓▓▓▓▓▓▓▓▓▓▓▓▓▓░░░[/color]
► [icon]MaryJane Nichols[/icon]                                                                  [icon]Yuni Hermit[/icon]
It's MaryJane Nichols's turn![/color]

10-11-2017 00:19:01.7 [PRIV] MaryJane Nichols: !attack ass to lips
10-11-2017 00:19:11.4 [PRIV] Bot to MaryJane Nichols:
[icon]Bot Announcer[/icon][color=gray]MaryJane Nichols used their ass to tease Yuni Hermit's lips, dealing 11 lust points![/color]
[color=gray]═════════════════ ⭐ [color=purple]Sexfight ring[/color] ⭐ ═════════════════
 [color=purple]░░░░░▓▓▓▓▓▓▓▓▓▓▓▓▓▓▓[/color] ⭐ [color=purple]VS[/color] ⭐ [color=purple]▓▓▓▓▓▓▓▓▓▓▓▓▓▓▓▓▓▓░░[/color]
► [icon]Yuni Hermit[/icon]                                                                  [icon]MaryJane Nichols[/icon]
It's Yuni Hermit's turn![/color]
[i]'May I? May I!?!' she groans. She drops to a kneeling pose and puts her hands on her knees like a slave, panting. With a butt soon in her face, she dives her nose between your rumpcheeks and smells your pucker with a deep snort, like a social dog at a dog park. The licking begins, the wolf going from stroking the whole length of your ass-crack with her tongue, to kissing your ass full and proper... nursing and smooching your asshole, shoving her tongue inside and exploring whatever she finds, licking around in there like she's trying to wash it. One heady suck on your anus later and she comes away, face musky. '... thank you SO much...' she moans.[/i]

10-11-2017 00:19:11.4 [PRIV] Bot to MaryJane Nichols:
[i]Yuni grabs your breasts for a thorough groping, making sure to rub your nipples with her thumbs.[/i]
[icon]Bot Announcer[/icon][color=gray]Yuni Hermit used their fingers to tease MaryJane Nichols's tits, dealing 16 lust points![/color]
[color=gray]═════════════════ ⭐ [color=purple]Sexfight ring[/color] ⭐ ═════════════════
 [color=purple]░░░░░▓▓▓▓▓▓▓▓▓▓▓▓▓▓▓[/color] ⭐ [color=purple]VS[/color] ⭐ [color=purple]▓▓▓▓▓▓▓▓▓▓▓▓▓▓▓░░░░░[/color]
► [icon]MaryJane Nichols[/icon]                                                                  [icon]Yuni Hermit[/icon]
It's MaryJane Nichols's turn![/color]

10-11-2017 00:19:11.4 [PRIV] MaryJane Nichols: !attack ass to lips
10-11-2017 00:19:11.7 [PRIV] Bot to MaryJane Nichols:
[icon]Bot Announcer[/icon][color=gray]MaryJane Nichols used their ass to tease Yuni Hermit's lips, dealing 12 lust points![/color]
[color=gray]═════════════════ ⭐ [color=purple]Sexfight ring[/color] ⭐ ═════════════════
 [color=purple]░░░░░░░░▓▓▓▓▓▓▓▓▓▓▓▓[/color] ⭐ [color=purple]VS[/color] ⭐ [color=purple]▓▓▓▓▓▓▓▓▓▓▓▓▓▓▓░░░░░[/color]
► [icon]Yuni Hermit[/icon]                                                                  [icon]MaryJane Nichols[/icon]
It's Yuni Hermit's turn![/color]
[i]'May I? May I!?!' she groans. She drops to a kneeling pose and puts her hands on her knees like a slave, panting. With a butt soon in her face, she dives her nose between your rumpcheeks and smells your pucker with a deep snort, like a social dog at a dog park. The licking begins, the wolf going from stroking the whole length of your ass-crack with her tongue, to kissing your ass full and proper... nursing and smooching your asshole, shoving her tongue inside and exploring whatever she finds, licking around in there like she's trying to wash it. One heady suck on your anus later and she comes away, face musky. '... thank you SO much...' she moans.[/i]

10-11-2017 00:19:11.7 [PRIV] Bot to MaryJane Nichols:
[i]Yuni giggles, pouncing you onto her back. She makes your groin disappear with her jugs, and her nipples are juuust big enough to give a good stretching to a gal's cunt... it's a bit milky in there afterwards, though.[/i]
[icon]Bot Announcer[/icon][color=gray]Yuni Hermit used their tits to tease MaryJane Nichols's vagina, dealing 10 lust points![/color]
[color=gray]═════════════════ ⭐ [color=purple]Sexfight ring[/color] ⭐ ═════════════════
 [color=purple]░░░░░░░▓▓▓▓▓▓▓▓▓▓▓▓▓[/color] ⭐ [color=purple]VS[/color] ⭐ [color=purple]▓▓▓▓▓▓▓▓▓▓▓▓░░░░░░░░[/color]
► [icon]MaryJane Nichols[/icon]                                                                  [icon]Yuni Hermit[/icon]
It's MaryJane Nichols's turn![/color]

10-11-2017 00:19:11.7 [PRIV] MaryJane Nichols: !attack ass to lips
10-11-2017 00:19:13.5 [PRIV] Bot to MaryJane Nichols:
[icon]Bot Announcer[/icon][color=gray]MaryJane Nichols used their ass to tease Yuni Hermit's lips, dealing 15 lust points![/color]
[color=gray]═════════════════ ⭐ [color=purple]Sexfight ring[/color] ⭐ ═════════════════
 [color=red]░░░░░░░░░░░▓▓▓▓▓▓▓▓▓[/color] ⭐ [color=purple]VS[/color] ⭐ [color=purple]▓▓▓▓▓▓▓▓▓▓▓▓▓░░░░░░░[/color]
► [icon]Yuni Hermit[/icon]                                                                  [icon]MaryJane Nichols[/icon]
It's Yuni Hermit's turn![/color]
[i]'May I? May I!?!' she groans. She drops to a kneeling pose and puts her hands on her knees like a slave, panting. With a butt soon in her face, she dives her nose between your rumpcheeks and smells your pucker with a deep snort, like a social dog at a dog park. The licking begins, the wolf going from stroking the whole length of your ass-crack with her tongue, to kissing your ass full and proper... nursing and smooching your asshole, shoving her tongue inside and exploring whatever she finds, licking around in there like she's trying to wash it. One heady suck on your anus later and she comes away, face musky. '... thank you SO much...' she moans.[/i]

10-11-2017 00:19:13.5 [PRIV] Bot to MaryJane Nichols:
[i]Yuni  darts in and shoves her paw between your legs to get her paws on your pussy. She rubs your clitty with her thumb in circles while three fingers explore your vagina. She pulls away, fingers wet, and licks her digits clean.[/i]
[icon]Bot Announcer[/icon][color=gray]Yuni Hermit used their fingers to tease MaryJane Nichols's vagina, dealing 6 lust points![/color]
[color=gray]═════════════════ ⭐ [color=purple]Sexfight ring[/color] ⭐ ═════════════════
 [color=purple]░░░░░░░░░▓▓▓▓▓▓▓▓▓▓▓[/color] ⭐ [color=purple]VS[/color] ⭐ [color=red]▓▓▓▓▓▓▓▓▓░░░░░░░░░░░[/color]
► [icon]MaryJane Nichols[/icon]                                                                  [icon]Yuni Hermit[/icon]
It's MaryJane Nichols's turn![/color]

10-11-2017 00:19:13.5 [PRIV] MaryJane Nichols: !attack ass to lips
10-11-2017 00:19:44.6 [ROOM] MaryJane Nichols: Well this is my first day so
10-11-2017 00:19:48.1 [PRIV] Bot to MaryJane Nichols:
[icon]Bot Announcer[/icon][color=gray]MaryJane Nichols used their ass to tease Yuni Hermit's lips, dealing 18 lust points![/color]
[color=gray]═════════════════ ⭐ [color=purple]Sexfight ring[/color] ⭐ ═════════════════
 [color=red]░░░░░░░░░░░░░░▓▓▓▓▓▓[/color] ⭐ [color=purple]VS[/color] ⭐ [color=purple]▓▓▓▓▓▓▓▓▓▓▓░░░░░░░░░[/color]
► [icon]Yuni Hermit[/icon]                                                                  [icon]MaryJane Nichols[/icon]
It's Yuni Hermit's turn![/color]
[i]'May I? May I!?!' she groans. She drops to a kneeling pose and puts her hands on her knees like a slave, panting. With a butt soon in her face, she dives her nose between your rumpcheeks and smells your pucker with a deep snort, like a social dog at a dog park. The licking begins, the wolf going from stroking the whole length of your ass-crack with her tongue, to kissing your ass full and proper... nursing and smooching your asshole, shoving her tongue inside and exploring whatever she finds, licking around in there like she's trying to wash it. One heady suck on your anus later and she comes away, face musky. '... thank you SO much...' she moans.[/i]

10-11-2017 00:19:48.1 [PRIV] Bot to MaryJane Nichols:
[i]Yuni giggles behind an open palm and pounces you... wrapping her legs around your chest. Somehow, she manages to squish one of your breasts up between her legs, grinding her pussy back and forth over your breast like she's trying to scissor with it... it's wet, tingly, and she hops off with a peck of a kiss to your forehead.[/i]
[icon]Bot Announcer[/icon][color=gray]Yuni Hermit used their sex to tease MaryJane Nichols's tits, dealing 14 lust points![/color]
[color=gray]═════════════════ ⭐ [color=purple]Sexfight ring[/color] ⭐ ═════════════════
 [color=red]░░░░░░░░░░░▓▓▓▓▓▓▓▓▓[/color] ⭐ [color=purple]VS[/color] ⭐ [color=red]▓▓▓▓▓▓░░░░░░░░░░░░░░[/color]
► [icon]MaryJane Nichols[/icon]                                                                  [icon]Yuni Hermit[/icon]
It's MaryJane Nichols's turn![/color]

10-11-2017 00:19:48.1 [PRIV] MaryJane Nichols: !attack ass to lips
10-11-2017 00:19:49.0 [PRIV] Bot to MaryJane Nichols:
[icon]Bot Announcer[/icon][color=gray]MaryJane Nichols used their ass to tease Yuni Hermit's lips, dealing 13 lust points![/color]
[color=gray]═════════════════ ⭐ [color=purple]Sexfight ring[/color] ⭐ ═════════════════
 [color=red]░░░░░░░░░░░░░░░░░▓▓▓[/color] ⭐ [color=purple]VS[/color] ⭐ [color=red]▓▓▓▓▓▓▓▓▓░░░░░░░░░░░[/color]
► [icon]Yuni Hermit[/icon]                                                                  [icon]MaryJane Nichols[/icon]
It's Yuni Hermit's turn![/color]
[i]'May I? May I!?!' she groans. She drops to a kneeling pose and puts her hands on her knees like a slave, panting. With a butt soon in her face, she dives her nose between your rumpcheeks and smells your pucker with a deep snort, like a social dog at a dog park. The licking begins, the wolf going from stroking the whole length of your ass-crack with her tongue, to kissing your ass full and proper... nursing and smooching your asshole, shoving her tongue inside and exploring whatever she finds, licking around in there like she's trying to wash it. One heady suck on your anus later and she comes away, face musky. '... thank you SO much...' she moans.[/i]

10-11-2017 00:19:49.0 [PRIV] Bot to MaryJane Nichols:
[i]Yuni pounces you, but you end up with front-end against the floor. She shrugs, and squishes her tits up against your booty, managing to slip a nipple up into your rear end... grinding it around a little with a feminine giggle.[/i]
[icon]Bot Announcer[/icon][color=gray]Yuni Hermit used their tits to tease MaryJane Nichols's ass, dealing 11 lust points![/color]
[color=gray]═════════════════ ⭐ [color=purple]Sexfight ring[/color] ⭐ ═════════════════
 [color=red]░░░░░░░░░░░░░░▓▓▓▓▓▓[/color] ⭐ [color=purple]VS[/color] ⭐ [color=red]▓▓▓░░░░░░░░░░░░░░░░░[/color]
► [icon]MaryJane Nichols[/icon]                                                                  [icon]Yuni Hermit[/icon]
It's MaryJane Nichols's turn![/color]

10-11-2017 00:19:49.0 [PRIV] MaryJane Nichols: !attack ass to lips
10-11-2017 00:19:49.4 [PRIV] Bot to MaryJane Nichols:
[icon]Bot Announcer[/icon][color=gray]MaryJane Nichols used their ass to tease Yuni Hermit's lips, dealing 10 lust points![/color]
[color=gray]═════════════════ ⭐ [color=purple]Sexfight ring[/color] ⭐ ═════════════════
 [color=red]░░░░░░░░░░░░░░░░░░░▓[/color] ⭐ [color=purple]VS[/color] ⭐ [color=red]▓▓▓▓▓▓░░░░░░░░░░░░░░[/color]
► [icon]Yuni Hermit[/icon]                                                                  [icon]MaryJane Nichols[/icon]
It's Yuni Hermit's turn![/color]
[i]'May I? May I!?!' she groans. She drops to a kneeling pose and puts her hands on her knees like a slave, panting. With a butt soon in her face, she dives her nose between your rumpcheeks and smells your pucker with a deep snort, like a social dog at a dog park. The licking begins, the wolf going from stroking the whole length of your ass-crack with her tongue, to kissing your ass full and proper... nursing and smooching your asshole, shoving her tongue inside and exploring whatever she finds, licking around in there like she's trying to wash it. One heady suck on your anus later and she comes away, face musky. '... thank you SO much...' she moans.[/i]

10-11-2017 00:19:49.4 [PRIV] Bot to MaryJane Nichols:
[i]Yuni fondles your mouth, pushing her digits past your lips and rolling them around... they taste like the other parts of your body she's been groping![/i]
[icon]Bot Announcer[/icon][color=gray]Yuni Hermit used their fingers to tease MaryJane Nichols's lips, dealing 13 lust points![/color]
[color=gray]═════════════════ ⭐ [color=purple]Sexfight ring[/color] ⭐ ═════════════════
 [color=red]░░░░░░░░░░░░░░░░▓▓▓▓[/color] ⭐ [color=purple]VS[/color] ⭐ [color=red]▓░░░░░░░░░░░░░░░░░░░[/color]
► [icon]MaryJane Nichols[/icon]                                                                  [icon]Yuni Hermit[/icon]
It's MaryJane Nichols's turn![/color]

10-11-2017 00:19:49.4 [PRIV] MaryJane Nichols: !attack ass to lips
10-11-2017 00:19:53.4 [ROOM] Lyanna Pelon: then hello new girl
10-11-2017 00:20:05.4 [ROOM] Lyanna Pelon: welcome to the room!
10-11-2017 00:20:07.6 [PRIV] Bot to MaryJane Nichols:
[icon]Bot Announcer[/icon][color=gray]MaryJane Nichols used their ass to tease Yuni Hermit's lips, dealing 12 lust points![/color]
[color=gray]MaryJane Nichols made Yuni Hermit cum! The winner gets $2.00 and the loser gets $1.00, thank you for participating.[/color]
[color=gray]═════════════════ ⭐ [color=purple]Sexfight ring[/color] ⭐ ═════════════════
 [color=red]░░░░░░░░░░░░░░░░░░░░[/color] ⭐ [color=purple]VS[/color] ⭐ [color=red]▓▓▓▓░░░░░░░░░░░░░░░░[/color]
► [icon]Yuni Hermit[/icon]                                                                  [icon]MaryJane Nichols[/icon]
It's Yuni Hermit's turn![/color]

[color=gray]════════════════ ⭐ [color=purple]Combat ended[/color] ⭐ ════════════════[/color]
[i]'May I? May I!?!' she groans. She drops to a kneeling pose and puts her hands on her knees like a slave, panting. With a butt soon in her face, she dives her nose between your rumpcheeks and smells your pucker with a deep snort, like a social dog at a dog park. The licking begins, the wolf going from stroking the whole length of your ass-crack with her tongue, to kissing your ass full and proper... nursing and smooching your asshole, shoving her tongue inside and exploring whatever she finds, licking around in there like she's trying to wash it. One heady suck on your anus later and she comes away, face musky. '... thank you SO much...' she moans.[/i]

10-11-2017 00:20:07.6 [PRIV] Bot to MaryJane Nichols:

10-11-2017 00:20:07.6 [PRIV] MaryJane Nichols: !attack ass to lips
10-11-2017 00:20:27.0 [ROOM] Lyanna Pelon: imagine fireworks going off, an impressive display
10-11-2017 00:20:27.4 [PRIV] MaryJane Nichols: !succuboss female
10-11-2017 00:20:27.4 [PRIV] Bot to MaryJane Nichols:
[icon]Bot Announcer[/icon][color=gray] Welcome to the boss fight! Today we have MaryJane Nichols vs Milly The Succubot! Let the match begin![/color]
[color=gray]═════════════════ ⭐ [color=purple]Sexfight ring[/color] ⭐ ═════════════════
 [color=purple]▓▓▓▓▓▓▓▓▓▓▓▓▓▓▓▓▓▓▓▓[/color] ⭐ [color=purple]VS[/color] ⭐ [color=purple]▓▓▓▓▓▓▓▓▓▓▓▓▓▓▓▓▓▓▓▓[/color]
► [icon]MaryJane Nichols[/icon]                                                                  [icon]Milly The Succubot[/icon]
It's MaryJane Nichols's turn![/color]
The purple succubus appears in the ring with a cloud of violet mist. She stares across the ring to look at you. She’s wearing naught but a pair of lace purple panties, and purple and black stockings that reaches up to her thighs. She smiles slyly, and runs her tongue along her lips. “Oooh.. I get a girl this time. Heee… We’re gonna have a lot of fun together. I may be small, but I’ll make you feel sooo good, that you’ll forget about the money.” She said. She runs her hands over her body seductively, then motions you on with a curl of her fingers. “Come get me, cutie!”
10-11-2017 00:20:53.8 [ROOM] MaryJane Nichols: Meh I prefer a quiet night in with coffee or something
10-11-2017 00:21:02.9 [PRIV] Bot to MaryJane Nichols:
[icon]Bot Announcer[/icon][color=gray]MaryJane Nichols used their sex to tease Milly The Succubot's tail, dealing 12 lust points![/color]
[color=gray]═════════════════ ⭐ [color=purple]Sexfight ring[/color] ⭐ ═════════════════
 [color=purple]░░▓▓▓▓▓▓▓▓▓▓▓▓▓▓▓▓▓▓[/color] ⭐ [color=purple]VS[/color] ⭐ [color=purple]▓▓▓▓▓▓▓▓▓▓▓▓▓▓▓▓▓▓▓▓[/color]
► [icon]Milly The Succubot[/icon]                                                                  [icon]MaryJane Nichols[/icon]
It's Milly The Succubot's turn![/color]
[i]You confidently saunter your way around her. Milly watches you as you step in a circle around her. She couldn’t help but feel like she was being stalked by a predator with the way you circled her. “Wh-what are you planning to do?” She asked. You would answer with question with action rather than words. You move up behind her, and press your foot against her back before shoving forward! Milly yelps as she falls to her hands and knees. “Oww!! Th-that hurt!” She whines. You pay no mind to her complaint. Instead, you plant the sole of your foot down on the back of her head, so that her little butt is pointing straight up in the air. You were gonna make her your bitch. Milly squeals and struggles as her face is ground down against the mat. You snag her by the tail with one hand. No doubt by now you had seen the effect messing with her tail had on her. You had to experiment with her. How else would she react? The succubus squeaks when you grab her by the tail. “Haahh~! Ooohh.. Pl-please don’t…” She whimpers, her little body trembling as you held her with a single hand by her long leathery tail. You were set on teaching the succubus a lesson in underestimating you. You position the tail between your sex lips, and you began to rock your hips against her tail, slickening her tail with your honey. Milly’s pupils dilated to pinholes as she could feel your warmth grinding on her tail, and trickling down to the base. “Hyaaahhnhh~! Oh goooood~! N-not that! Stooop~!” She howls as she feels all control leaving her body. Her body collapses against the mat as you pulled the tail up between your petals and continued to grind the leather of her tail against your cunny. She’s just barely holding on, when your hand slid to the spade of her tail, gripping it with one hand. Milly knew immediately what you were thinking, and tries to plead with the last bit of control she had on her brain. “N-no! P-please! I-I’ll give you double the money! I’ll buy an item for you! I’ll do anything, just stoop~!” She cries out. You couldn’t help but laugh at her desperate pleas, and push the spade tip of her tail into your cunny. Milly squeals loudly, before her eyes roll into the back of her head, collapsing and convulsing against the mat. “hump hump hump hump…” She babbles drunkenly. Her hips thrust lightly against the mat. You grow just a touch concerned at that, and decide to finally let her go. She’s still laying on the mat, drooling and babbling to herself. You might have just broken her. Well, might as well finish her off![/i]

10-11-2017 00:21:02.9 [PRIV] Bot to MaryJane Nichols:
[icon]Bot Announcer[/icon][color=gray]Milly The Succubot passed their turn![/color]
[color=gray]═════════════════ ⭐ [color=purple]Sexfight ring[/color] ⭐ ═════════════════
 [color=purple]▓▓▓▓▓▓▓▓▓▓▓▓▓▓▓▓▓▓▓▓[/color] ⭐ [color=purple]VS[/color] ⭐ [color=purple]▓▓▓▓▓▓▓▓▓▓▓▓▓▓▓▓▓▓░░[/color]
► [icon]MaryJane Nichols[/icon]                                                                  [icon]Milly The Succubot[/icon]
It's MaryJane Nichols's turn![/color]

10-11-2017 00:21:02.9 [PRIV] MaryJane Nichols: !attack sex to tail
10-11-2017 00:21:09.1 [PRIV] Bot to MaryJane Nichols:
[icon]Bot Announcer[/icon][color=gray]MaryJane Nichols used their sex to tease Milly The Succubot's tail, dealing 13 lust points![/color]
[color=gray]═════════════════ ⭐ [color=purple]Sexfight ring[/color] ⭐ ═════════════════
 [color=purple]░░░░░▓▓▓▓▓▓▓▓▓▓▓▓▓▓▓[/color] ⭐ [color=purple]VS[/color] ⭐ [color=purple]▓▓▓▓▓▓▓▓▓▓▓▓▓▓▓▓▓▓▓▓[/color]
► [icon]Milly The Succubot[/icon]                                                                  [icon]MaryJane Nichols[/icon]
It's Milly The Succubot's turn![/color]
[i]You confidently saunter your way around her. Milly watches you as you step in a circle around her. She couldn’t help but feel like she was being stalked by a predator with the way you circled her. “Wh-what are you planning to do?” She asked. You would answer with question with action rather than words. You move up behind her, and press your foot against her back before shoving forward! Milly yelps as she falls to her hands and knees. “Oww!! Th-that hurt!” She whines. You pay no mind to her complaint. Instead, you plant the sole of your foot down on the back of her head, so that her little butt is pointing straight up in the air. You were gonna make her your bitch. Milly squeals and struggles as her face is ground down against the mat. You snag her by the tail with one hand. No doubt by now you had seen the effect messing with her tail had on her. You had to experiment with her. How else would she react? The succubus squeaks when you grab her by the tail. “Haahh~! Ooohh.. Pl-please don’t…” She whimpers, her little body trembling as you held her with a single hand by her long leathery tail. You were set on teaching the succubus a lesson in underestimating you. You position the tail between your sex lips, and you began to rock your hips against her tail, slickening her tail with your honey. Milly’s pupils dilated to pinholes as she could feel your warmth grinding on her tail, and trickling down to the base. “Hyaaahhnhh~! Oh goooood~! N-not that! Stooop~!” She howls as she feels all control leaving her body. Her body collapses against the mat as you pulled the tail up between your petals and continued to grind the leather of her tail against your cunny. She’s just barely holding on, when your hand slid to the spade of her tail, gripping it with one hand. Milly knew immediately what you were thinking, and tries to plead with the last bit of control she had on her brain. “N-no! P-please! I-I’ll give you double the money! I’ll buy an item for you! I’ll do anything, just stoop~!” She cries out. You couldn’t help but laugh at her desperate pleas, and push the spade tip of her tail into your cunny. Milly squeals loudly, before her eyes roll into the back of her head, collapsing and convulsing against the mat. “hump hump hump hump…” She babbles drunkenly. Her hips thrust lightly against the mat. You grow just a touch concerned at that, and decide to finally let her go. She’s still laying on the mat, drooling and babbling to herself. You might have just broken her. Well, might as well finish her off![/i]

10-11-2017 00:21:09.1 [PRIV] Bot to MaryJane Nichols:
[icon]Bot Announcer[/icon][color=gray]Milly The Succubot passed their turn![/color]
[color=gray]═════════════════ ⭐ [color=purple]Sexfight ring[/color] ⭐ ═════════════════
 [color=purple]▓▓▓▓▓▓▓▓▓▓▓▓▓▓▓▓▓▓▓▓[/color] ⭐ [color=purple]VS[/color] ⭐ [color=purple]▓▓▓▓▓▓▓▓▓▓▓▓▓▓▓░░░░░[/color]
► [icon]MaryJane Nichols[/icon]                                                                  [icon]Milly The Succubot[/icon]
It's MaryJane Nichols's turn![/color]

10-11-2017 00:21:09.1 [PRIV] MaryJane Nichols: !attack sex to tail
10-11-2017 00:21:09.5 [PRIV] Bot to MaryJane Nichols:
[icon]Bot Announcer[/icon][color=gray]MaryJane Nichols used their sex to tease Milly The Succubot's tail, dealing 17 lust points![/color]
[color=gray]═════════════════ ⭐ [color=purple]Sexfight ring[/color] ⭐ ═════════════════
 [color=purple]░░░░░░░░▓▓▓▓▓▓▓▓▓▓▓▓[/color] ⭐ [color=purple]VS[/color] ⭐ [color=purple]▓▓▓▓▓▓▓▓▓▓▓▓▓▓▓▓▓▓▓▓[/color]
► [icon]Milly The Succubot[/icon]                                                                  [icon]MaryJane Nichols[/icon]
It's Milly The Succubot's turn![/color]
[i]You confidently saunter your way around her. Milly watches you as you step in a circle around her. She couldn’t help but feel like she was being stalked by a predator with the way you circled her. “Wh-what are you planning to do?” She asked. You would answer with question with action rather than words. You move up behind her, and press your foot against her back before shoving forward! Milly yelps as she falls to her hands and knees. “Oww!! Th-that hurt!” She whines. You pay no mind to her complaint. Instead, you plant the sole of your foot down on the back of her head, so that her little butt is pointing straight up in the air. You were gonna make her your bitch. Milly squeals and struggles as her face is ground down against the mat. You snag her by the tail with one hand. No doubt by now you had seen the effect messing with her tail had on her. You had to experiment with her. How else would she react? The succubus squeaks when you grab her by the tail. “Haahh~! Ooohh.. Pl-please don’t…” She whimpers, her little body trembling as you held her with a single hand by her long leathery tail. You were set on teaching the succubus a lesson in underestimating you. You position the tail between your sex lips, and you began to rock your hips against her tail, slickening her tail with your honey. Milly’s pupils dilated to pinholes as she could feel your warmth grinding on her tail, and trickling down to the base. “Hyaaahhnhh~! Oh goooood~! N-not that! Stooop~!” She howls as she feels all control leaving her body. Her body collapses against the mat as you pulled the tail up between your petals and continued to grind the leather of her tail against your cunny. She’s just barely holding on, when your hand slid to the spade of her tail, gripping it with one hand. Milly knew immediately what you were thinking, and tries to plead with the last bit of control she had on her brain. “N-no! P-please! I-I’ll give you double the money! I’ll buy an item for you! I’ll do anything, just stoop~!” She cries out. You couldn’t help but laugh at her desperate pleas, and push the spade tip of her tail into your cunny. Milly squeals loudly, before her eyes roll into the back of her head, collapsing and convulsing against the mat. “hump hump hump hump…” She babbles drunkenly. Her hips thrust lightly against the mat. You grow just a touch concerned at that, and decide to finally let her go. She’s still laying on the mat, drooling and babbling to herself. You might have just broken her. Well, might as well finish her off![/i]

10-11-2017 00:21:09.5 [PRIV] Bot to MaryJane Nichols:
[icon]Bot Announcer[/icon][color=gray]Milly The Succubot passed their turn![/color]
[color=gray]═════════════════ ⭐ [color=purple]Sexfight ring[/color] ⭐ ═════════════════
 [color=purple]▓▓▓▓▓▓▓▓▓▓▓▓▓▓▓▓▓▓▓▓[/color] ⭐ [color=purple]VS[/color] ⭐ [color=purple]▓▓▓▓▓▓▓▓▓▓▓▓░░░░░░░░[/color]
► [icon]MaryJane Nichols[/icon]                                                                  [icon]Milly The Succubot[/icon]
It's MaryJane Nichols's turn![/color]

10-11-2017 00:21:09.5 [PRIV] MaryJane Nichols: !attack sex to tail
10-11-2017 00:21:09.9 [PRIV] Bot to MaryJane Nichols:
[icon]Bot Announcer[/icon][color=gray]MaryJane Nichols used their sex to tease Milly The Succubot's tail, dealing 13 lust points![/color]
[color=gray]═════════════════ ⭐ [color=purple]Sexfight ring[/color] ⭐ ═════════════════
 [color=red]░░░░░░░░░░░▓▓▓▓▓▓▓▓▓[/color] ⭐ [color=purple]VS[/color] ⭐ [color=purple]▓▓▓▓▓▓▓▓▓▓▓▓▓▓▓▓▓▓▓▓[/color]
► [icon]Milly The Succubot[/icon]                                                                  [icon]MaryJane Nichols[/icon]
It's Milly The Succubot's turn![/color]
[i]You confidently saunter your way around her. Milly watches you as you step in a circle around her. She couldn’t help but feel like she was being stalked by a predator with the way you circled her. “Wh-what are you planning to do?” She asked. You would answer with question with action rather than words. You move up behind her, and press your foot against her back before shoving forward! Milly yelps as she falls to her hands and knees. “Oww!! Th-that hurt!” She whines. You pay no mind to her complaint. Instead, you plant the sole of your foot down on the back of her head, so that her little butt is pointing straight up in the air. You were gonna make her your bitch. Milly squeals and struggles as her face is ground down against the mat. You snag her by the tail with one hand. No doubt by now you had seen the effect messing with her tail had on her. You had to experiment with her. How else would she react? The succubus squeaks when you grab her by the tail. “Haahh~! Ooohh.. Pl-please don’t…” She whimpers, her little body trembling as you held her with a single hand by her long leathery tail. You were set on teaching the succubus a lesson in underestimating you. You position the tail between your sex lips, and you began to rock your hips against her tail, slickening her tail with your honey. Milly’s pupils dilated to pinholes as she could feel your warmth grinding on her tail, and trickling down to the base. “Hyaaahhnhh~! Oh goooood~! N-not that! Stooop~!” She howls as she feels all control leaving her body. Her body collapses against the mat as you pulled the tail up between your petals and continued to grind the leather of her tail against your cunny. She’s just barely holding on, when your hand slid to the spade of her tail, gripping it with one hand. Milly knew immediately what you were thinking, and tries to plead with the last bit of control she had on her brain. “N-no! P-please! I-I’ll give you double the money! I’ll buy an item for you! I’ll do anything, just stoop~!” She cries out. You couldn’t help but laugh at her desperate pleas, and push the spade tip of her tail into your cunny. Milly squeals loudly, before her eyes roll into the back of her head, collapsing and convulsing against the mat. “hump hump hump hump…” She babbles drunkenly. Her hips thrust lightly against the mat. You grow just a touch concerned at that, and decide to finally let her go. She’s still laying on the mat, drooling and babbling to herself. You might have just broken her. Well, might as well finish her off![/i]

10-11-2017 00:21:09.9 [PRIV] Bot to MaryJane Nichols:
[icon]Bot Announcer[/icon][color=gray]Milly The Succubot passed their turn![/color]
[color=gray]═════════════════ ⭐ [color=purple]Sexfight ring[/color] ⭐ ═════════════════
 [color=purple]▓▓▓▓▓▓▓▓▓▓▓▓▓▓▓▓▓▓▓▓[/color] ⭐ [color=purple]VS[/color] ⭐ [color=red]▓▓▓▓▓▓▓▓▓░░░░░░░░░░░[/color]
► [icon]MaryJane Nichols[/icon]                                                                  [icon]Milly The Succubot[/icon]
It's MaryJane Nichols's turn![/color]

10-11-2017 00:21:09.9 [PRIV] MaryJane Nichols: !attack sex to tail
10-11-2017 00:21:26.2 [PRIV] Bot to MaryJane Nichols:
[icon]Bot Announcer[/icon][color=gray]MaryJane Nichols used their sex to tease Milly The Succubot's tail, dealing 9 lust points![/color]
[color=gray]═════════════════ ⭐ [color=purple]Sexfight ring[/color] ⭐ ═════════════════
 [color=red]░░░░░░░░░░░░▓▓▓▓▓▓▓▓[/color] ⭐ [color=purple]VS[/color] ⭐ [color=purple]▓▓▓▓▓▓▓▓▓▓▓▓▓▓▓▓▓▓▓▓[/color]
► [icon]Milly The Succubot[/icon]                                                                  [icon]MaryJane Nichols[/icon]
It's Milly The Succubot's turn![/color]
[i]You confidently saunter your way around her. Milly watches you as you step in a circle around her. She couldn’t help but feel like she was being stalked by a predator with the way you circled her. “Wh-what are you planning to do?” She asked. You would answer with question with action rather than words. You move up behind her, and press your foot against her back before shoving forward! Milly yelps as she falls to her hands and knees. “Oww!! Th-that hurt!” She whines. You pay no mind to her complaint. Instead, you plant the sole of your foot down on the back of her head, so that her little butt is pointing straight up in the air. You were gonna make her your bitch. Milly squeals and struggles as her face is ground down against the mat. You snag her by the tail with one hand. No doubt by now you had seen the effect messing with her tail had on her. You had to experiment with her. How else would she react? The succubus squeaks when you grab her by the tail. “Haahh~! Ooohh.. Pl-please don’t…” She whimpers, her little body trembling as you held her with a single hand by her long leathery tail. You were set on teaching the succubus a lesson in underestimating you. You position the tail between your sex lips, and you began to rock your hips against her tail, slickening her tail with your honey. Milly’s pupils dilated to pinholes as she could feel your warmth grinding on her tail, and trickling down to the base. “Hyaaahhnhh~! Oh goooood~! N-not that! Stooop~!” She howls as she feels all control leaving her body. Her body collapses against the mat as you pulled the tail up between your petals and continued to grind the leather of her tail against your cunny. She’s just barely holding on, when your hand slid to the spade of her tail, gripping it with one hand. Milly knew immediately what you were thinking, and tries to plead with the last bit of control she had on her brain. “N-no! P-please! I-I’ll give you double the money! I’ll buy an item for you! I’ll do anything, just stoop~!” She cries out. You couldn’t help but laugh at her desperate pleas, and push the spade tip of her tail into your cunny. Milly squeals loudly, before her eyes roll into the back of her head, collapsing and convulsing against the mat. “hump hump hump hump…” She babbles drunkenly. Her hips thrust lightly against the mat. You grow just a touch concerned at that, and decide to finally let her go. She’s still laying on the mat, drooling and babbling to herself. You might have just broken her. Well, might as well finish her off![/i]

10-11-2017 00:21:26.2 [PRIV] Bot to MaryJane Nichols:
[icon]Bot Announcer[/icon][color=gray]Milly The Succubot passed their turn![/color]
[color=gray]═════════════════ ⭐ [color=purple]Sexfight ring[/color] ⭐ ═════════════════
 [color=purple]▓▓▓▓▓▓▓▓▓▓▓▓▓▓▓▓▓▓▓▓[/color] ⭐ [color=purple]VS[/color] ⭐ [color=red]▓▓▓▓▓▓▓▓░░░░░░░░░░░░[/color]
► [icon]MaryJane Nichols[/icon]                                                                  [icon]Milly The Succubot[/icon]
It's MaryJane Nichols's turn![/color]

10-11-2017 00:21:26.2 [PRIV] MaryJane Nichols: !attack sex to tail
10-11-2017 00:21:26.8 [PRIV] Bot to MaryJane Nichols:
[icon]Bot Announcer[/icon][color=gray]MaryJane Nichols used their sex to tease Milly The Succubot's tail, dealing 15 lust points![/color]
[color=gray]═════════════════ ⭐ [color=purple]Sexfight ring[/color] ⭐ ═════════════════
 [color=red]░░░░░░░░░░░░░░░▓▓▓▓▓[/color] ⭐ [color=purple]VS[/color] ⭐ [color=purple]▓▓▓▓▓▓▓▓▓▓▓▓▓▓▓▓▓▓▓▓[/color]
► [icon]Milly The Succubot[/icon]                                                                  [icon]MaryJane Nichols[/icon]
It's Milly The Succubot's turn![/color]
[i]You confidently saunter your way around her. Milly watches you as you step in a circle around her. She couldn’t help but feel like she was being stalked by a predator with the way you circled her. “Wh-what are you planning to do?” She asked. You would answer with question with action rather than words. You move up behind her, and press your foot against her back before shoving forward! Milly yelps as she falls to her hands and knees. “Oww!! Th-that hurt!” She whines. You pay no mind to her complaint. Instead, you plant the sole of your foot down on the back of her head, so that her little butt is pointing straight up in the air. You were gonna make her your bitch. Milly squeals and struggles as her face is ground down against the mat. You snag her by the tail with one hand. No doubt by now you had seen the effect messing with her tail had on her. You had to experiment with her. How else would she react? The succubus squeaks when you grab her by the tail. “Haahh~! Ooohh.. Pl-please don’t…” She whimpers, her little body trembling as you held her with a single hand by her long leathery tail. You were set on teaching the succubus a lesson in underestimating you. You position the tail between your sex lips, and you began to rock your hips against her tail, slickening her tail with your honey. Milly’s pupils dilated to pinholes as she could feel your warmth grinding on her tail, and trickling down to the base. “Hyaaahhnhh~! Oh goooood~! N-not that! Stooop~!” She howls as she feels all control leaving her body. Her body collapses against the mat as you pulled the tail up between your petals and continued to grind the leather of her tail against your cunny. She’s just barely holding on, when your hand slid to the spade of her tail, gripping it with one hand. Milly knew immediately what you were thinking, and tries to plead with the last bit of control she had on her brain. “N-no! P-please! I-I’ll give you double the money! I’ll buy an item for you! I’ll do anything, just stoop~!” She cries out. You couldn’t help but laugh at her desperate pleas, and push the spade tip of her tail into your cunny. Milly squeals loudly, before her eyes roll into the back of her head, collapsing and convulsing against the mat. “hump hump hump hump…” She babbles drunkenly. Her hips thrust lightly against the mat. You grow just a touch concerned at that, and decide to finally let her go. She’s still laying on the mat, drooling and babbling to herself. You might have just broken her. Well, might as well finish her off![/i]

10-11-2017 00:21:26.8 [PRIV] Bot to MaryJane Nichols:
[icon]Bot Announcer[/icon][color=gray]Milly The Succubot passed their turn![/color]
[color=gray]═════════════════ ⭐ [color=purple]Sexfight ring[/color] ⭐ ═════════════════
 [color=purple]▓▓▓▓▓▓▓▓▓▓▓▓▓▓▓▓▓▓▓▓[/color] ⭐ [color=purple]VS[/color] ⭐ [color=red]▓▓▓▓▓░░░░░░░░░░░░░░░[/color]
► [icon]MaryJane Nichols[/icon]                                                                  [icon]Milly The Succubot[/icon]
It's MaryJane Nichols's turn![/color]

10-11-2017 00:21:26.8 [PRIV] MaryJane Nichols: !attack sex to tail
10-11-2017 00:21:27.4 [PRIV] Bot to MaryJane Nichols:
[icon]Bot Announcer[/icon][color=gray]MaryJane Nichols used their sex to tease Milly The Succubot's tail, dealing 12 lust points![/color]
[color=gray]═════════════════ ⭐ [color=purple]Sexfight ring[/color] ⭐ ═════════════════
 [color=red]░░░░░░░░░░░░░░░░░░▓▓[/color] ⭐ [color=purple]VS[/color] ⭐ [color=purple]▓▓▓▓▓▓▓▓▓▓▓▓▓▓▓▓▓▓▓▓[/color]
► [icon]Milly The Succubot[/icon]                                                                  [icon]MaryJane Nichols[/icon]
It's Milly The Succubot's turn![/color]
[i]You confidently saunter your way around her. Milly watches you as you step in a circle around her. She couldn’t help but feel like she was being stalked by a predator with the way you circled her. “Wh-what are you planning to do?” She asked. You would answer with question with action rather than words. You move up behind her, and press your foot against her back before shoving forward! Milly yelps as she falls to her hands and knees. “Oww!! Th-that hurt!” She whines. You pay no mind to her complaint. Instead, you plant the sole of your foot down on the back of her head, so that her little butt is pointing straight up in the air. You were gonna make her your bitch. Milly squeals and struggles as her face is ground down against the mat. You snag her by the tail with one hand. No doubt by now you had seen the effect messing with her tail had on her. You had to experiment with her. How else would she react? The succubus squeaks when you grab her by the tail. “Haahh~! Ooohh.. Pl-please don’t…” She whimpers, her little body trembling as you held her with a single hand by her long leathery tail. You were set on teaching the succubus a lesson in underestimating you. You position the tail between your sex lips, and you began to rock your hips against her tail, slickening her tail with your honey. Milly’s pupils dilated to pinholes as she could feel your warmth grinding on her tail, and trickling down to the base. “Hyaaahhnhh~! Oh goooood~! N-not that! Stooop~!” She howls as she feels all control leaving her body. Her body collapses against the mat as you pulled the tail up between your petals and continued to grind the leather of her tail against your cunny. She’s just barely holding on, when your hand slid to the spade of her tail, gripping it with one hand. Milly knew immediately what you were thinking, and tries to plead with the last bit of control she had on her brain. “N-no! P-please! I-I’ll give you double the money! I’ll buy an item for you! I’ll do anything, just stoop~!” She cries out. You couldn’t help but laugh at her desperate pleas, and push the spade tip of her tail into your cunny. Milly squeals loudly, before her eyes roll into the back of her head, collapsing and convulsing against the mat. “hump hump hump hump…” She babbles drunkenly. Her hips thrust lightly against the mat. You grow just a touch concerned at that, and decide to finally let her go. She’s still laying on the mat, drooling and babbling to herself. You might have just broken her. Well, might as well finish her off![/i]

10-11-2017 00:21:27.4 [PRIV] Bot to MaryJane Nichols:
[icon]Bot Announcer[/icon][color=gray]Milly The Succubot passed their turn![/color]
[color=gray]═════════════════ ⭐ [color=purple]Sexfight ring[/color] ⭐ ═════════════════
 [color=purple]▓▓▓▓▓▓▓▓▓▓▓▓▓▓▓▓▓▓▓▓[/color] ⭐ [color=purple]VS[/color] ⭐ [color=red]▓▓░░░░░░░░░░░░░░░░░░[/color]
► [icon]MaryJane Nichols[/icon]                                                                  [icon]Milly The Succubot[/icon]
It's MaryJane Nichols's turn![/color]

10-11-2017 00:21:27.4 [PRIV] MaryJane Nichols: !attack sex to tail
10-11-2017 00:21:40.8 [PRIV] Bot to MaryJane Nichols:
[icon]Bot Announcer[/icon][color=gray]MaryJane Nichols used their sex to tease Milly The Succubot's tail, dealing 14 lust points![/color]
[color=gray]MaryJane Nichols made Milly The Succubot cum! The winner gets $2.00 and the loser gets $1.00, thank you for participating.[/color]
[color=gray]═════════════════ ⭐ [color=purple]Sexfight ring[/color] ⭐ ═════════════════
 [color=red]░░░░░░░░░░░░░░░░░░░░[/color] ⭐ [color=purple]VS[/color] ⭐ [color=purple]▓▓▓▓▓▓▓▓▓▓▓▓▓▓▓▓▓▓▓▓[/color]
► [icon]Milly The Succubot[/icon]                                                                  [icon]MaryJane Nichols[/icon]
It's Milly The Succubot's turn![/color]

[color=gray]════════════════ ⭐ [color=purple]Combat ended[/color] ⭐ ════════════════[/color]
[i]You confidently saunter your way around her. Milly watches you as you step in a circle around her. She couldn’t help but feel like she was being stalked by a predator with the way you circled her. “Wh-what are you planning to do?” She asked. You would answer with question with action rather than words. You move up behind her, and press your foot against her back before shoving forward! Milly yelps as she falls to her hands and knees. “Oww!! Th-that hurt!” She whines. You pay no mind to her complaint. Instead, you plant the sole of your foot down on the back of her head, so that her little butt is pointing straight up in the air. You were gonna make her your bitch. Milly squeals and struggles as her face is ground down against the mat. You snag her by the tail with one hand. No doubt by now you had seen the effect messing with her tail had on her. You had to experiment with her. How else would she react? The succubus squeaks when you grab her by the tail. “Haahh~! Ooohh.. Pl-please don’t…” She whimpers, her little body trembling as you held her with a single hand by her long leathery tail. You were set on teaching the succubus a lesson in underestimating you. You position the tail between your sex lips, and you began to rock your hips against her tail, slickening her tail with your honey. Milly’s pupils dilated to pinholes as she could feel your warmth grinding on her tail, and trickling down to the base. “Hyaaahhnhh~! Oh goooood~! N-not that! Stooop~!” She howls as she feels all control leaving her body. Her body collapses against the mat as you pulled the tail up between your petals and continued to grind the leather of her tail against your cunny. She’s just barely holding on, when your hand slid to the spade of her tail, gripping it with one hand. Milly knew immediately what you were thinking, and tries to plead with the last bit of control she had on her brain. “N-no! P-please! I-I’ll give you double the money! I’ll buy an item for you! I’ll do anything, just stoop~!” She cries out. You couldn’t help but laugh at her desperate pleas, and push the spade tip of her tail into your cunny. Milly squeals loudly, before her eyes roll into the back of her head, collapsing and convulsing against the mat. “hump hump hump hump…” She babbles drunkenly. Her hips thrust lightly against the mat. You grow just a touch concerned at that, and decide to finally let her go. She’s still laying on the mat, drooling and babbling to herself. You might have just broken her. Well, might as well finish her off![/i]

10-11-2017 00:21:40.8 [PRIV] Bot to MaryJane Nichols:
“Hyaaahnhh~!” Milly wails as you force her to climax. Her body convulses as she falls to the mat, and looks up at you, panting heavily. “Y-you won… Heee… I hope it was good for you as it was good for me. If you ever want a bout against the real thing though, I’m usually floating around somewhere. We can have even more fun together.” She says, winking at you before her body vanishes from the ring.
You get $4.00 extra for defeating the boss!
10-11-2017 00:21:40.8 [PRIV] MaryJane Nichols: !attack sex to tail
10-11-2017 00:22:48.9 [ROOM] Lyanna Pelon: whatever floats your body, its here in some form
10-11-2017 00:23:28.4 [ROOM] MaryJane Nichols: heh
10-11-2017 00:23:36.7 [PRIV] MaryJane Nichols: !succuboss female
10-11-2017 00:23:36.7 [PRIV] Bot to MaryJane Nichols:
[icon]Bot Announcer[/icon][color=gray] Welcome to the boss fight! Today we have MaryJane Nichols vs Milly The Succubot! Let the match begin![/color]
[color=gray]═════════════════ ⭐ [color=purple]Sexfight ring[/color] ⭐ ═════════════════
 [color=purple]▓▓▓▓▓▓▓▓▓▓▓▓▓▓▓▓▓▓▓▓[/color] ⭐ [color=purple]VS[/color] ⭐ [color=purple]▓▓▓▓▓▓▓▓▓▓▓▓▓▓▓▓▓▓▓▓[/color]
► [icon]MaryJane Nichols[/icon]                                                                  [icon]Milly The Succubot[/icon]
It's MaryJane Nichols's turn![/color]
The purple succubus appears in the ring with a cloud of violet mist. She stares across the ring to look at you. She’s wearing naught but a pair of lace purple panties, and purple and black stockings that reaches up to her thighs. She smiles slyly, and runs her tongue along her lips. “Oooh.. I get a girl this time. Heee… We’re gonna have a lot of fun together. I may be small, but I’ll make you feel sooo good, that you’ll forget about the money.” She said. She runs her hands over her body seductively, then motions you on with a curl of her fingers. “Come get me, cutie!”
10-11-2017 00:23:40.3 [PRIV] Bot to MaryJane Nichols:
[icon]Bot Announcer[/icon][color=gray]MaryJane Nichols used their sex to tease Milly The Succubot's tail, dealing 17 lust points![/color]
[color=gray]═════════════════ ⭐ [color=purple]Sexfight ring[/color] ⭐ ═════════════════
 [color=purple]░░░▓▓▓▓▓▓▓▓▓▓▓▓▓▓▓▓▓[/color] ⭐ [color=purple]VS[/color] ⭐ [color=purple]▓▓▓▓▓▓▓▓▓▓▓▓▓▓▓▓▓▓▓▓[/color]
► [icon]Milly The Succubot[/icon]                                                                  [icon]MaryJane Nichols[/icon]
It's Milly The Succubot's turn![/color]
[i]You confidently saunter your way around her. Milly watches you as you step in a circle around her. She couldn’t help but feel like she was being stalked by a predator with the way you circled her. “Wh-what are you planning to do?” She asked. You would answer with question with action rather than words. You move up behind her, and press your foot against her back before shoving forward! Milly yelps as she falls to her hands and knees. “Oww!! Th-that hurt!” She whines. You pay no mind to her complaint. Instead, you plant the sole of your foot down on the back of her head, so that her little butt is pointing straight up in the air. You were gonna make her your bitch. Milly squeals and struggles as her face is ground down against the mat. You snag her by the tail with one hand. No doubt by now you had seen the effect messing with her tail had on her. You had to experiment with her. How else would she react? The succubus squeaks when you grab her by the tail. “Haahh~! Ooohh.. Pl-please don’t…” She whimpers, her little body trembling as you held her with a single hand by her long leathery tail. You were set on teaching the succubus a lesson in underestimating you. You position the tail between your sex lips, and you began to rock your hips against her tail, slickening her tail with your honey. Milly’s pupils dilated to pinholes as she could feel your warmth grinding on her tail, and trickling down to the base. “Hyaaahhnhh~! Oh goooood~! N-not that! Stooop~!” She howls as she feels all control leaving her body. Her body collapses against the mat as you pulled the tail up between your petals and continued to grind the leather of her tail against your cunny. She’s just barely holding on, when your hand slid to the spade of her tail, gripping it with one hand. Milly knew immediately what you were thinking, and tries to plead with the last bit of control she had on her brain. “N-no! P-please! I-I’ll give you double the money! I’ll buy an item for you! I’ll do anything, just stoop~!” She cries out. You couldn’t help but laugh at her desperate pleas, and push the spade tip of her tail into your cunny. Milly squeals loudly, before her eyes roll into the back of her head, collapsing and convulsing against the mat. “hump hump hump hump…” She babbles drunkenly. Her hips thrust lightly against the mat. You grow just a touch concerned at that, and decide to finally let her go. She’s still laying on the mat, drooling and babbling to herself. You might have just broken her. Well, might as well finish her off![/i]

10-11-2017 00:23:40.3 [PRIV] Bot to MaryJane Nichols:
[icon]Bot Announcer[/icon][color=gray]Milly The Succubot passed their turn![/color]
[color=gray]═════════════════ ⭐ [color=purple]Sexfight ring[/color] ⭐ ═════════════════
 [color=purple]▓▓▓▓▓▓▓▓▓▓▓▓▓▓▓▓▓▓▓▓[/color] ⭐ [color=purple]VS[/color] ⭐ [color=purple]▓▓▓▓▓▓▓▓▓▓▓▓▓▓▓▓▓░░░[/color]
► [icon]MaryJane Nichols[/icon]                                                                  [icon]Milly The Succubot[/icon]
It's MaryJane Nichols's turn![/color]

10-11-2017 00:23:40.3 [PRIV] MaryJane Nichols: !attack sex to tail
10-11-2017 00:23:41.5 [PRIV] Bot to MaryJane Nichols:
[icon]Bot Announcer[/icon][color=gray]MaryJane Nichols used their sex to tease Milly The Succubot's tail, dealing 13 lust points![/color]
[color=gray]═════════════════ ⭐ [color=purple]Sexfight ring[/color] ⭐ ═════════════════
 [color=purple]░░░░░░▓▓▓▓▓▓▓▓▓▓▓▓▓▓[/color] ⭐ [color=purple]VS[/color] ⭐ [color=purple]▓▓▓▓▓▓▓▓▓▓▓▓▓▓▓▓▓▓▓▓[/color]
► [icon]Milly The Succubot[/icon]                                                                  [icon]MaryJane Nichols[/icon]
It's Milly The Succubot's turn![/color]
[i]You confidently saunter your way around her. Milly watches you as you step in a circle around her. She couldn’t help but feel like she was being stalked by a predator with the way you circled her. “Wh-what are you planning to do?” She asked. You would answer with question with action rather than words. You move up behind her, and press your foot against her back before shoving forward! Milly yelps as she falls to her hands and knees. “Oww!! Th-that hurt!” She whines. You pay no mind to her complaint. Instead, you plant the sole of your foot down on the back of her head, so that her little butt is pointing straight up in the air. You were gonna make her your bitch. Milly squeals and struggles as her face is ground down against the mat. You snag her by the tail with one hand. No doubt by now you had seen the effect messing with her tail had on her. You had to experiment with her. How else would she react? The succubus squeaks when you grab her by the tail. “Haahh~! Ooohh.. Pl-please don’t…” She whimpers, her little body trembling as you held her with a single hand by her long leathery tail. You were set on teaching the succubus a lesson in underestimating you. You position the tail between your sex lips, and you began to rock your hips against her tail, slickening her tail with your honey. Milly’s pupils dilated to pinholes as she could feel your warmth grinding on her tail, and trickling down to the base. “Hyaaahhnhh~! Oh goooood~! N-not that! Stooop~!” She howls as she feels all control leaving her body. Her body collapses against the mat as you pulled the tail up between your petals and continued to grind the leather of her tail against your cunny. She’s just barely holding on, when your hand slid to the spade of her tail, gripping it with one hand. Milly knew immediately what you were thinking, and tries to plead with the last bit of control she had on her brain. “N-no! P-please! I-I’ll give you double the money! I’ll buy an item for you! I’ll do anything, just stoop~!” She cries out. You couldn’t help but laugh at her desperate pleas, and push the spade tip of her tail into your cunny. Milly squeals loudly, before her eyes roll into the back of her head, collapsing and convulsing against the mat. “hump hump hump hump…” She babbles drunkenly. Her hips thrust lightly against the mat. You grow just a touch concerned at that, and decide to finally let her go. She’s still laying on the mat, drooling and babbling to herself. You might have just broken her. Well, might as well finish her off![/i]

10-11-2017 00:23:41.5 [PRIV] Bot to MaryJane Nichols:
[icon]Bot Announcer[/icon][color=gray]Milly The Succubot passed their turn![/color]
[color=gray]═════════════════ ⭐ [color=purple]Sexfight ring[/color] ⭐ ═════════════════
 [color=purple]▓▓▓▓▓▓▓▓▓▓▓▓▓▓▓▓▓▓▓▓[/color] ⭐ [color=purple]VS[/color] ⭐ [color=purple]▓▓▓▓▓▓▓▓▓▓▓▓▓▓░░░░░░[/color]
► [icon]MaryJane Nichols[/icon]                                                                  [icon]Milly The Succubot[/icon]
It's MaryJane Nichols's turn![/color]

10-11-2017 00:23:41.5 [PRIV] MaryJane Nichols: !attack sex to tail
10-11-2017 00:23:42.4 [PRIV] Bot to MaryJane Nichols:
[icon]Bot Announcer[/icon][color=gray]MaryJane Nichols used their sex to tease Milly The Succubot's tail, dealing 14 lust points![/color]
[color=gray]═════════════════ ⭐ [color=purple]Sexfight ring[/color] ⭐ ═════════════════
 [color=purple]░░░░░░░░▓▓▓▓▓▓▓▓▓▓▓▓[/color] ⭐ [color=purple]VS[/color] ⭐ [color=purple]▓▓▓▓▓▓▓▓▓▓▓▓▓▓▓▓▓▓▓▓[/color]
► [icon]Milly The Succubot[/icon]                                                                  [icon]MaryJane Nichols[/icon]
It's Milly The Succubot's turn![/color]
[i]You confidently saunter your way around her. Milly watches you as you step in a circle around her. She couldn’t help but feel like she was being stalked by a predator with the way you circled her. “Wh-what are you planning to do?” She asked. You would answer with question with action rather than words. You move up behind her, and press your foot against her back before shoving forward! Milly yelps as she falls to her hands and knees. “Oww!! Th-that hurt!” She whines. You pay no mind to her complaint. Instead, you plant the sole of your foot down on the back of her head, so that her little butt is pointing straight up in the air. You were gonna make her your bitch. Milly squeals and struggles as her face is ground down against the mat. You snag her by the tail with one hand. No doubt by now you had seen the effect messing with her tail had on her. You had to experiment with her. How else would she react? The succubus squeaks when you grab her by the tail. “Haahh~! Ooohh.. Pl-please don’t…” She whimpers, her little body trembling as you held her with a single hand by her long leathery tail. You were set on teaching the succubus a lesson in underestimating you. You position the tail between your sex lips, and you began to rock your hips against her tail, slickening her tail with your honey. Milly’s pupils dilated to pinholes as she could feel your warmth grinding on her tail, and trickling down to the base. “Hyaaahhnhh~! Oh goooood~! N-not that! Stooop~!” She howls as she feels all control leaving her body. Her body collapses against the mat as you pulled the tail up between your petals and continued to grind the leather of her tail against your cunny. She’s just barely holding on, when your hand slid to the spade of her tail, gripping it with one hand. Milly knew immediately what you were thinking, and tries to plead with the last bit of control she had on her brain. “N-no! P-please! I-I’ll give you double the money! I’ll buy an item for you! I’ll do anything, just stoop~!” She cries out. You couldn’t help but laugh at her desperate pleas, and push the spade tip of her tail into your cunny. Milly squeals loudly, before her eyes roll into the back of her head, collapsing and convulsing against the mat. “hump hump hump hump…” She babbles drunkenly. Her hips thrust lightly against the mat. You grow just a touch concerned at that, and decide to finally let her go. She’s still laying on the mat, drooling and babbling to herself. You might have just broken her. Well, might as well finish her off![/i]

10-11-2017 00:23:42.4 [PRIV] Bot to MaryJane Nichols:
[icon]Bot Announcer[/icon][color=gray]Milly The Succubot passed their turn![/color]
[color=gray]═════════════════ ⭐ [color=purple]Sexfight ring[/color] ⭐ ═════════════════
 [color=purple]▓▓▓▓▓▓▓▓▓▓▓▓▓▓▓▓▓▓▓▓[/color] ⭐ [color=purple]VS[/color] ⭐ [color=purple]▓▓▓▓▓▓▓▓▓▓▓▓░░░░░░░░[/color]
► [icon]MaryJane Nichols[/icon]                                                                  [icon]Milly The Succubot[/icon]
It's MaryJane Nichols's turn![/color]

10-11-2017 00:23:42.4 [PRIV] MaryJane Nichols: !attack sex to tail
10-11-2017 00:24:19.2 [PRIV] Bot to MaryJane Nichols:
[icon]Bot Announcer[/icon][color=gray]MaryJane Nichols used their sex to tease Milly The Succubot's tail, dealing 15 lust points![/color]
[color=gray]═════════════════ ⭐ [color=purple]Sexfight ring[/color] ⭐ ═════════════════
 [color=red]░░░░░░░░░░░▓▓▓▓▓▓▓▓▓[/color] ⭐ [color=purple]VS[/color] ⭐ [color=purple]▓▓▓▓▓▓▓▓▓▓▓▓▓▓▓▓▓▓▓▓[/color]
► [icon]Milly The Succubot[/icon]                                                                  [icon]MaryJane Nichols[/icon]
It's Milly The Succubot's turn![/color]
[i]You confidently saunter your way around her. Milly watches you as you step in a circle around her. She couldn’t help but feel like she was being stalked by a predator with the way you circled her. “Wh-what are you planning to do?” She asked. You would answer with question with action rather than words. You move up behind her, and press your foot against her back before shoving forward! Milly yelps as she falls to her hands and knees. “Oww!! Th-that hurt!” She whines. You pay no mind to her complaint. Instead, you plant the sole of your foot down on the back of her head, so that her little butt is pointing straight up in the air. You were gonna make her your bitch. Milly squeals and struggles as her face is ground down against the mat. You snag her by the tail with one hand. No doubt by now you had seen the effect messing with her tail had on her. You had to experiment with her. How else would she react? The succubus squeaks when you grab her by the tail. “Haahh~! Ooohh.. Pl-please don’t…” She whimpers, her little body trembling as you held her with a single hand by her long leathery tail. You were set on teaching the succubus a lesson in underestimating you. You position the tail between your sex lips, and you began to rock your hips against her tail, slickening her tail with your honey. Milly’s pupils dilated to pinholes as she could feel your warmth grinding on her tail, and trickling down to the base. “Hyaaahhnhh~! Oh goooood~! N-not that! Stooop~!” She howls as she feels all control leaving her body. Her body collapses against the mat as you pulled the tail up between your petals and continued to grind the leather of her tail against your cunny. She’s just barely holding on, when your hand slid to the spade of her tail, gripping it with one hand. Milly knew immediately what you were thinking, and tries to plead with the last bit of control she had on her brain. “N-no! P-please! I-I’ll give you double the money! I’ll buy an item for you! I’ll do anything, just stoop~!” She cries out. You couldn’t help but laugh at her desperate pleas, and push the spade tip of her tail into your cunny. Milly squeals loudly, before her eyes roll into the back of her head, collapsing and convulsing against the mat. “hump hump hump hump…” She babbles drunkenly. Her hips thrust lightly against the mat. You grow just a touch concerned at that, and decide to finally let her go. She’s still laying on the mat, drooling and babbling to herself. You might have just broken her. Well, might as well finish her off![/i]

10-11-2017 00:24:19.2 [PRIV] Bot to MaryJane Nichols:
[icon]Bot Announcer[/icon][color=gray]Milly The Succubot passed their turn![/color]
[color=gray]═════════════════ ⭐ [color=purple]Sexfight ring[/color] ⭐ ═════════════════
 [color=purple]▓▓▓▓▓▓▓▓▓▓▓▓▓▓▓▓▓▓▓▓[/color] ⭐ [color=purple]VS[/color] ⭐ [color=red]▓▓▓▓▓▓▓▓▓░░░░░░░░░░░[/color]
► [icon]MaryJane Nichols[/icon]                                                                  [icon]Milly The Succubot[/icon]
It's MaryJane Nichols's turn![/color]

10-11-2017 00:24:19.3 [PRIV] MaryJane Nichols: !attack sex to tail
10-11-2017 00:24:19.6 [PRIV] Bot to MaryJane Nichols:
[icon]Bot Announcer[/icon][color=gray]MaryJane Nichols used their sex to tease Milly The Succubot's tail, dealing 11 lust points![/color]
[color=gray]═════════════════ ⭐ [color=purple]Sexfight ring[/color] ⭐ ═════════════════
 [color=red]░░░░░░░░░░░░░░▓▓▓▓▓▓[/color] ⭐ [color=purple]VS[/color] ⭐ [color=purple]▓▓▓▓▓▓▓▓▓▓▓▓▓▓▓▓▓▓▓▓[/color]
► [icon]Milly The Succubot[/icon]                                                                  [icon]MaryJane Nichols[/icon]
It's Milly The Succubot's turn![/color]
[i]You confidently saunter your way around her. Milly watches you as you step in a circle around her. She couldn’t help but feel like she was being stalked by a predator with the way you circled her. “Wh-what are you planning to do?” She asked. You would answer with question with action rather than words. You move up behind her, and press your foot against her back before shoving forward! Milly yelps as she falls to her hands and knees. “Oww!! Th-that hurt!” She whines. You pay no mind to her complaint. Instead, you plant the sole of your foot down on the back of her head, so that her little butt is pointing straight up in the air. You were gonna make her your bitch. Milly squeals and struggles as her face is ground down against the mat. You snag her by the tail with one hand. No doubt by now you had seen the effect messing with her tail had on her. You had to experiment with her. How else would she react? The succubus squeaks when you grab her by the tail. “Haahh~! Ooohh.. Pl-please don’t…” She whimpers, her little body trembling as you held her with a single hand by her long leathery tail. You were set on teaching the succubus a lesson in underestimating you. You position the tail between your sex lips, and you began to rock your hips against her tail, slickening her tail with your honey. Milly’s pupils dilated to pinholes as she could feel your warmth grinding on her tail, and trickling down to the base. “Hyaaahhnhh~! Oh goooood~! N-not that! Stooop~!” She howls as she feels all control leaving her body. Her body collapses against the mat as you pulled the tail up between your petals and continued to grind the leather of her tail against your cunny. She’s just barely holding on, when your hand slid to the spade of her tail, gripping it with one hand. Milly knew immediately what you were thinking, and tries to plead with the last bit of control she had on her brain. “N-no! P-please! I-I’ll give you double the money! I’ll buy an item for you! I’ll do anything, just stoop~!” She cries out. You couldn’t help but laugh at her desperate pleas, and push the spade tip of her tail into your cunny. Milly squeals loudly, before her eyes roll into the back of her head, collapsing and convulsing against the mat. “hump hump hump hump…” She babbles drunkenly. Her hips thrust lightly against the mat. You grow just a touch concerned at that, and decide to finally let her go. She’s still laying on the mat, drooling and babbling to herself. You might have just broken her. Well, might as well finish her off![/i]

10-11-2017 00:24:19.6 [PRIV] Bot to MaryJane Nichols:
[icon]Bot Announcer[/icon][color=gray]Milly The Succubot passed their turn![/color]
[color=gray]═════════════════ ⭐ [color=purple]Sexfight ring[/color] ⭐ ═════════════════
 [color=purple]▓▓▓▓▓▓▓▓▓▓▓▓▓▓▓▓▓▓▓▓[/color] ⭐ [color=purple]VS[/color] ⭐ [color=red]▓▓▓▓▓▓░░░░░░░░░░░░░░[/color]
► [icon]MaryJane Nichols[/icon]                                                                  [icon]Milly The Succubot[/icon]
It's MaryJane Nichols's turn![/color]

10-11-2017 00:24:19.6 [PRIV] MaryJane Nichols: !attack sex to tail
10-11-2017 00:24:20.4 [PRIV] Bot to MaryJane Nichols:
[icon]Bot Announcer[/icon][color=gray]MaryJane Nichols used their sex to tease Milly The Succubot's tail, dealing 15 lust points![/color]
[color=gray]═════════════════ ⭐ [color=purple]Sexfight ring[/color] ⭐ ═════════════════
 [color=red]░░░░░░░░░░░░░░░░░▓▓▓[/color] ⭐ [color=purple]VS[/color] ⭐ [color=purple]▓▓▓▓▓▓▓▓▓▓▓▓▓▓▓▓▓▓▓▓[/color]
► [icon]Milly The Succubot[/icon]                                                                  [icon]MaryJane Nichols[/icon]
It's Milly The Succubot's turn![/color]
[i]You confidently saunter your way around her. Milly watches you as you step in a circle around her. She couldn’t help but feel like she was being stalked by a predator with the way you circled her. “Wh-what are you planning to do?” She asked. You would answer with question with action rather than words. You move up behind her, and press your foot against her back before shoving forward! Milly yelps as she falls to her hands and knees. “Oww!! Th-that hurt!” She whines. You pay no mind to her complaint. Instead, you plant the sole of your foot down on the back of her head, so that her little butt is pointing straight up in the air. You were gonna make her your bitch. Milly squeals and struggles as her face is ground down against the mat. You snag her by the tail with one hand. No doubt by now you had seen the effect messing with her tail had on her. You had to experiment with her. How else would she react? The succubus squeaks when you grab her by the tail. “Haahh~! Ooohh.. Pl-please don’t…” She whimpers, her little body trembling as you held her with a single hand by her long leathery tail. You were set on teaching the succubus a lesson in underestimating you. You position the tail between your sex lips, and you began to rock your hips against her tail, slickening her tail with your honey. Milly’s pupils dilated to pinholes as she could feel your warmth grinding on her tail, and trickling down to the base. “Hyaaahhnhh~! Oh goooood~! N-not that! Stooop~!” She howls as she feels all control leaving her body. Her body collapses against the mat as you pulled the tail up between your petals and continued to grind the leather of her tail against your cunny. She’s just barely holding on, when your hand slid to the spade of her tail, gripping it with one hand. Milly knew immediately what you were thinking, and tries to plead with the last bit of control she had on her brain. “N-no! P-please! I-I’ll give you double the money! I’ll buy an item for you! I’ll do anything, just stoop~!” She cries out. You couldn’t help but laugh at her desperate pleas, and push the spade tip of her tail into your cunny. Milly squeals loudly, before her eyes roll into the back of her head, collapsing and convulsing against the mat. “hump hump hump hump…” She babbles drunkenly. Her hips thrust lightly against the mat. You grow just a touch concerned at that, and decide to finally let her go. She’s still laying on the mat, drooling and babbling to herself. You might have just broken her. Well, might as well finish her off![/i]

10-11-2017 00:24:20.4 [PRIV] Bot to MaryJane Nichols:
[icon]Bot Announcer[/icon][color=gray]Milly The Succubot passed their turn![/color]
[color=gray]═════════════════ ⭐ [color=purple]Sexfight ring[/color] ⭐ ═════════════════
 [color=purple]▓▓▓▓▓▓▓▓▓▓▓▓▓▓▓▓▓▓▓▓[/color] ⭐ [color=purple]VS[/color] ⭐ [color=red]▓▓▓░░░░░░░░░░░░░░░░░[/color]
► [icon]MaryJane Nichols[/icon]                                                                  [icon]Milly The Succubot[/icon]
It's MaryJane Nichols's turn![/color]

10-11-2017 00:24:20.4 [PRIV] MaryJane Nichols: !attack sex to tail
10-11-2017 00:24:34.8 [PRIV] Bot to MaryJane Nichols:
[icon]Bot Announcer[/icon][color=gray]MaryJane Nichols used their sex to tease Milly The Succubot's tail, dealing 14 lust points![/color]
[color=gray]═════════════════ ⭐ [color=purple]Sexfight ring[/color] ⭐ ═════════════════
 [color=red]░░░░░░░░░░░░░░░░░░░▓[/color] ⭐ [color=purple]VS[/color] ⭐ [color=purple]▓▓▓▓▓▓▓▓▓▓▓▓▓▓▓▓▓▓▓▓[/color]
► [icon]Milly The Succubot[/icon]                                                                  [icon]MaryJane Nichols[/icon]
It's Milly The Succubot's turn![/color]
[i]You confidently saunter your way around her. Milly watches you as you step in a circle around her. She couldn’t help but feel like she was being stalked by a predator with the way you circled her. “Wh-what are you planning to do?” She asked. You would answer with question with action rather than words. You move up behind her, and press your foot against her back before shoving forward! Milly yelps as she falls to her hands and knees. “Oww!! Th-that hurt!” She whines. You pay no mind to her complaint. Instead, you plant the sole of your foot down on the back of her head, so that her little butt is pointing straight up in the air. You were gonna make her your bitch. Milly squeals and struggles as her face is ground down against the mat. You snag her by the tail with one hand. No doubt by now you had seen the effect messing with her tail had on her. You had to experiment with her. How else would she react? The succubus squeaks when you grab her by the tail. “Haahh~! Ooohh.. Pl-please don’t…” She whimpers, her little body trembling as you held her with a single hand by her long leathery tail. You were set on teaching the succubus a lesson in underestimating you. You position the tail between your sex lips, and you began to rock your hips against her tail, slickening her tail with your honey. Milly’s pupils dilated to pinholes as she could feel your warmth grinding on her tail, and trickling down to the base. “Hyaaahhnhh~! Oh goooood~! N-not that! Stooop~!” She howls as she feels all control leaving her body. Her body collapses against the mat as you pulled the tail up between your petals and continued to grind the leather of her tail against your cunny. She’s just barely holding on, when your hand slid to the spade of her tail, gripping it with one hand. Milly knew immediately what you were thinking, and tries to plead with the last bit of control she had on her brain. “N-no! P-please! I-I’ll give you double the money! I’ll buy an item for you! I’ll do anything, just stoop~!” She cries out. You couldn’t help but laugh at her desperate pleas, and push the spade tip of her tail into your cunny. Milly squeals loudly, before her eyes roll into the back of her head, collapsing and convulsing against the mat. “hump hump hump hump…” She babbles drunkenly. Her hips thrust lightly against the mat. You grow just a touch concerned at that, and decide to finally let her go. She’s still laying on the mat, drooling and babbling to herself. You might have just broken her. Well, might as well finish her off![/i]

10-11-2017 00:24:34.8 [PRIV] Bot to MaryJane Nichols:
[icon]Bot Announcer[/icon][color=gray]Milly The Succubot passed their turn![/color]
[color=gray]═════════════════ ⭐ [color=purple]Sexfight ring[/color] ⭐ ═════════════════
 [color=purple]▓▓▓▓▓▓▓▓▓▓▓▓▓▓▓▓▓▓▓▓[/color] ⭐ [color=purple]VS[/color] ⭐ [color=red]▓░░░░░░░░░░░░░░░░░░░[/color]
► [icon]MaryJane Nichols[/icon]                                                                  [icon]Milly The Succubot[/icon]
It's MaryJane Nichols's turn![/color]

10-11-2017 00:24:34.8 [PRIV] MaryJane Nichols: !attack sex to tail
10-11-2017 00:24:40.4 [PRIV] Bot to MaryJane Nichols:
[icon]Bot Announcer[/icon][color=gray]MaryJane Nichols used their sex to tease Milly The Succubot's tail, dealing 10 lust points![/color]
[color=gray]MaryJane Nichols made Milly The Succubot cum! The winner gets $2.00 and the loser gets $1.00, thank you for participating.[/color]
[color=gray]═════════════════ ⭐ [color=purple]Sexfight ring[/color] ⭐ ═════════════════
 [color=red]░░░░░░░░░░░░░░░░░░░░[/color] ⭐ [color=purple]VS[/color] ⭐ [color=purple]▓▓▓▓▓▓▓▓▓▓▓▓▓▓▓▓▓▓▓▓[/color]
► [icon]Milly The Succubot[/icon]                                                                  [icon]MaryJane Nichols[/icon]
It's Milly The Succubot's turn![/color]

[color=gray]════════════════ ⭐ [color=purple]Combat ended[/color] ⭐ ════════════════[/color]
[i]You confidently saunter your way around her. Milly watches you as you step in a circle around her. She couldn’t help but feel like she was being stalked by a predator with the way you circled her. “Wh-what are you planning to do?” She asked. You would answer with question with action rather than words. You move up behind her, and press your foot against her back before shoving forward! Milly yelps as she falls to her hands and knees. “Oww!! Th-that hurt!” She whines. You pay no mind to her complaint. Instead, you plant the sole of your foot down on the back of her head, so that her little butt is pointing straight up in the air. You were gonna make her your bitch. Milly squeals and struggles as her face is ground down against the mat. You snag her by the tail with one hand. No doubt by now you had seen the effect messing with her tail had on her. You had to experiment with her. How else would she react? The succubus squeaks when you grab her by the tail. “Haahh~! Ooohh.. Pl-please don’t…” She whimpers, her little body trembling as you held her with a single hand by her long leathery tail. You were set on teaching the succubus a lesson in underestimating you. You position the tail between your sex lips, and you began to rock your hips against her tail, slickening her tail with your honey. Milly’s pupils dilated to pinholes as she could feel your warmth grinding on her tail, and trickling down to the base. “Hyaaahhnhh~! Oh goooood~! N-not that! Stooop~!” She howls as she feels all control leaving her body. Her body collapses against the mat as you pulled the tail up between your petals and continued to grind the leather of her tail against your cunny. She’s just barely holding on, when your hand slid to the spade of her tail, gripping it with one hand. Milly knew immediately what you were thinking, and tries to plead with the last bit of control she had on her brain. “N-no! P-please! I-I’ll give you double the money! I’ll buy an item for you! I’ll do anything, just stoop~!” She cries out. You couldn’t help but laugh at her desperate pleas, and push the spade tip of her tail into your cunny. Milly squeals loudly, before her eyes roll into the back of her head, collapsing and convulsing against the mat. “hump hump hump hump…” She babbles drunkenly. Her hips thrust lightly against the mat. You grow just a touch concerned at that, and decide to finally let her go. She’s still laying on the mat, drooling and babbling to herself. You might have just broken her. Well, might as well finish her off![/i]

10-11-2017 00:24:40.4 [PRIV] Bot to MaryJane Nichols:
“Hyaaahnhh~!” Milly wails as you force her to climax. Her body convulses as she falls to the mat, and looks up at you, panting heavily. “Y-you won… Heee… I hope it was good for you as it was good for me. If you ever want a bout against the real thing though, I’m usually floating around somewhere. We can have even more fun together.” She says, winking at you before her body vanishes from the ring.
You get $4.00 extra for defeating the boss!
10-11-2017 00:24:40.4 [PRIV] MaryJane Nichols: !attack sex to tail
10-11-2017 00:25:34.9 [PRIV] Tommie Kiddman: !trainingdummy female
10-11-2017 00:25:34.9 [PRIV] Bot to Tommie Kiddman:
[icon]Bot Announcer[/icon][color=gray] Welcome to the training ring! Today we have Tommie Kiddman vs Yuni Hermit! Let the match begin![/color]
[color=gray]═════════════════ ⭐ [color=purple]Sexfight ring[/color] ⭐ ═════════════════
 [color=purple]▓▓▓▓▓▓▓▓▓▓▓▓▓▓▓▓▓▓▓▓[/color] ⭐ [color=purple]VS[/color] ⭐ [color=purple]▓▓▓▓▓▓▓▓▓▓▓▓▓▓▓▓▓▓▓▓[/color]
► [icon]Tommie Kiddman[/icon]                                                                  [icon]Yuni Hermit[/icon]
It's Tommie Kiddman's turn![/color]

10-11-2017 00:25:40.9 [PRIV] Bot to Tommie Kiddman:
[icon]Bot Announcer[/icon][color=gray]Tommie Kiddman used their lips to tease Yuni Hermit's sex, dealing 14 lust points![/color]
[color=gray]═════════════════ ⭐ [color=purple]Sexfight ring[/color] ⭐ ═════════════════
 [color=purple]░░▓▓▓▓▓▓▓▓▓▓▓▓▓▓▓▓▓▓[/color] ⭐ [color=purple]VS[/color] ⭐ [color=purple]▓▓▓▓▓▓▓▓▓▓▓▓▓▓▓▓▓▓▓▓[/color]
► [icon]Yuni Hermit[/icon]                                                                  [icon]Tommie Kiddman[/icon]
It's Yuni Hermit's turn![/color]
[i]'Y-you want what? Uhm... mmf.' She leans backwards against the ropes of the ring, spreading her legs. Her nethers are revealed, black, flush, wet... She closes her legs once you get close, the entire world vanishing in the darkness of her thick thighs. The warmth and wetness of her pussy are inescapable at this range, but a squeaking, wobbling, blushing mess is up above once she's done letting you eat her snatch. Her clitty's all hard now![/i]

10-11-2017 00:25:40.9 [PRIV] Bot to Tommie Kiddman:
[i]Yuni embraces you and drops to the mat alongside you... her legs held up. A foot pushes its way to your mouth, her hind paw stuffing a couple of toes past your lips. Pushing and pumping, she strokes your tongue with her toe, before grinding her soft sole over your lips and nose.[/i]
[icon]Bot Announcer[/icon][color=gray]Yuni Hermit used their feet to tease Tommie Kiddman's lips, dealing 12 lust points![/color]
[color=gray]═════════════════ ⭐ [color=purple]Sexfight ring[/color] ⭐ ═════════════════
 [color=purple]░░▓▓▓▓▓▓▓▓▓▓▓▓▓▓▓▓▓▓[/color] ⭐ [color=purple]VS[/color] ⭐ [color=purple]▓▓▓▓▓▓▓▓▓▓▓▓▓▓▓▓▓▓░░[/color]
► [icon]Tommie Kiddman[/icon]                                                                  [icon]Yuni Hermit[/icon]
It's Tommie Kiddman's turn![/color]

10-11-2017 00:25:40.9 [PRIV] Tommie Kiddman: !attack lips to sex
10-11-2017 00:26:02.6 [PRIV] Bot to Tommie Kiddman:
[icon]Bot Announcer[/icon][color=gray]Tommie Kiddman used their lips to tease Yuni Hermit's sex, dealing 16 lust points![/color]
[color=gray]═════════════════ ⭐ [color=purple]Sexfight ring[/color] ⭐ ═════════════════
 [color=purple]░░░░░░▓▓▓▓▓▓▓▓▓▓▓▓▓▓[/color] ⭐ [color=purple]VS[/color] ⭐ [color=purple]▓▓▓▓▓▓▓▓▓▓▓▓▓▓▓▓▓▓░░[/color]
► [icon]Yuni Hermit[/icon]                                                                  [icon]Tommie Kiddman[/icon]
It's Yuni Hermit's turn![/color]
[i]'Y-you want what? Uhm... mmf.' She leans backwards against the ropes of the ring, spreading her legs. Her nethers are revealed, black, flush, wet... She closes her legs once you get close, the entire world vanishing in the darkness of her thick thighs. The warmth and wetness of her pussy are inescapable at this range, but a squeaking, wobbling, blushing mess is up above once she's done letting you eat her snatch. Her clitty's all hard now![/i]

10-11-2017 00:26:02.6 [PRIV] Bot to Tommie Kiddman:
[i]Yuni giggles, pouncing you onto her back. She makes your groin disappear with her jugs, and her nipples are juuust big enough to give a good stretching to a gal's cunt... it's a bit milky in there afterwards, though.[/i]
[icon]Bot Announcer[/icon][color=gray]Yuni Hermit used their tits to tease Tommie Kiddman's vagina, dealing 11 lust points![/color]
[color=gray]═════════════════ ⭐ [color=purple]Sexfight ring[/color] ⭐ ═════════════════
 [color=purple]░░░░▓▓▓▓▓▓▓▓▓▓▓▓▓▓▓▓[/color] ⭐ [color=purple]VS[/color] ⭐ [color=purple]▓▓▓▓▓▓▓▓▓▓▓▓▓▓░░░░░░[/color]
► [icon]Tommie Kiddman[/icon]                                                                  [icon]Yuni Hermit[/icon]
It's Tommie Kiddman's turn![/color]

10-11-2017 00:26:02.6 [PRIV] Tommie Kiddman: !attack lips to sex
10-11-2017 00:26:13.1 [PRIV] Bot to Tommie Kiddman:
[icon]Bot Announcer[/icon][color=gray]Tommie Kiddman passed their turn![/color]
[i]Yuni giggles to herself. 'You want more, Sugar? Okay... come here, Cutie.' She beckons with one paw, staring hungrily at your body and licking her lips.[/i]
[i]Yuni wraps her arms around you and squashes her chest against you from the front. Her breasts pillow and goosh out against your own. '... Mine are bigger, Slut.' she taunts, before hopping back.[/i]
[icon]Bot Announcer[/icon][color=gray]Yuni Hermit used their tits to tease Tommie Kiddman's tits, dealing 10 lust points![/color]
[color=gray]═════════════════ ⭐ [color=purple]Sexfight ring[/color] ⭐ ═════════════════
 [color=purple]░░░░░░▓▓▓▓▓▓▓▓▓▓▓▓▓▓[/color] ⭐ [color=purple]VS[/color] ⭐ [color=purple]▓▓▓▓▓▓▓▓▓▓▓▓▓▓░░░░░░[/color]
► [icon]Tommie Kiddman[/icon]                                                                  [icon]Yuni Hermit[/icon]
It's Tommie Kiddman's turn![/color]

10-11-2017 00:26:13.1 [PRIV] Tommie Kiddman: !pass
10-11-2017 00:26:20.9 [ROOM] Boxing Sasha: /me walks in to sit down somewhere
10-11-2017 00:26:24.8 [PRIV] Bot to Tommie Kiddman:
[icon]Bot Announcer[/icon][color=gray]Tommie Kiddman used their tits to tease Yuni Hermit's tits, dealing 12 lust points![/color]
[color=gray]═════════════════ ⭐ [color=purple]Sexfight ring[/color] ⭐ ═════════════════
 [color=purple]░░░░░░░░▓▓▓▓▓▓▓▓▓▓▓▓[/color] ⭐ [color=purple]VS[/color] ⭐ [color=purple]▓▓▓▓▓▓▓▓▓▓▓▓▓▓░░░░░░[/color]
► [icon]Yuni Hermit[/icon]                                                                  [icon]Tommie Kiddman[/icon]
It's Yuni Hermit's turn![/color]
[i]Yuni grunts. She accepts this challenge, letting her mammaries squish out against your own as you come forwards. Her nipples hard, she does her best in this four-balloon sumo match to try and push you over, but her breasts are just so sensitive at that size! She ends up squeaking and twitching her tail, eyes shut, as her nipples catch against your own time and time again... 'Mmmf...'[/i]

10-11-2017 00:26:24.8 [PRIV] Bot to Tommie Kiddman:
[i]Yuni turns around and hip-drops you, using the significant girth of her baby-making hips to knock you to the mat. She booty-stomps onto your chest, making the mat reverberate... and squishing whatever cleavage you have with her posterior's cleavage! Grinding and rocking her hips, she giggles madly, all the flesh wobbly and warm... before hopping back into a fighting pose.[/i]
[icon]Bot Announcer[/icon][color=gray]Yuni Hermit used their ass to tease Tommie Kiddman's tits, dealing 6 lust points![/color]
[color=gray]═════════════════ ⭐ [color=purple]Sexfight ring[/color] ⭐ ═════════════════
 [color=purple]░░░░░░░▓▓▓▓▓▓▓▓▓▓▓▓▓[/color] ⭐ [color=purple]VS[/color] ⭐ [color=purple]▓▓▓▓▓▓▓▓▓▓▓▓░░░░░░░░[/color]
► [icon]Tommie Kiddman[/icon]                                                                  [icon]Yuni Hermit[/icon]
It's Tommie Kiddman's turn![/color]

10-11-2017 00:26:24.8 [PRIV] Tommie Kiddman: !attack tits to tits
10-11-2017 00:26:42.4 [PRIV] Bot to Tommie Kiddman:
[icon]Bot Announcer[/icon][color=gray]Tommie Kiddman passed their turn![/color]
[i]Yuni giggles to herself. 'You want more, Sugar? Okay... come here, Cutie.' She beckons with one paw, staring hungrily at your body and licking her lips.[/i]
[i]Yuni drops to her knees and spreads your legs with her paws, pushing her face against your cunt. Rolling her tongue from end-to-end of your slit, she flicks your clit with a slurp of her tongue at the top of each stroke, drooling all over your puss as she eats that muff~[/i]
[icon]Bot Announcer[/icon][color=gray]Yuni Hermit used their lips to tease Tommie Kiddman's vagina, dealing 11 lust points![/color]
[color=gray]═════════════════ ⭐ [color=purple]Sexfight ring[/color] ⭐ ═════════════════
 [color=purple]░░░░░░░░░░▓▓▓▓▓▓▓▓▓▓[/color] ⭐ [color=purple]VS[/color] ⭐ [color=purple]▓▓▓▓▓▓▓▓▓▓▓▓░░░░░░░░[/color]
► [icon]Tommie Kiddman[/icon]                                                                  [icon]Yuni Hermit[/icon]
It's Tommie Kiddman's turn![/color]

10-11-2017 00:26:42.4 [PRIV] Tommie Kiddman: !pass
10-11-2017 00:26:56.1 [PRIV] Bot to Tommie Kiddman:
[icon]Bot Announcer[/icon][color=gray]Tommie Kiddman passed their turn![/color]
[i]Yuni giggles to herself. 'You want more, Sugar? Okay... come here, Cutie.' She beckons with one paw, staring hungrily at your body and licking her lips.[/i]
[i]Yuni looks at her crotch, then your rear, then yanks a double-ended dildo out of her cleavage. With a chest-bump to the face to knock you over, she sticks one end of the toy in her cunt, and the other end in your tush... rocking and rolling to fuck both orifices with those strong hips of hers~[/i]
[icon]Bot Announcer[/icon][color=gray]Yuni Hermit used their sex to tease Tommie Kiddman's ass, dealing 7 lust points![/color]
[color=gray]═════════════════ ⭐ [color=purple]Sexfight ring[/color] ⭐ ═════════════════
 [color=red]░░░░░░░░░░░▓▓▓▓▓▓▓▓▓[/color] ⭐ [color=purple]VS[/color] ⭐ [color=purple]▓▓▓▓▓▓▓▓▓▓▓▓░░░░░░░░[/color]
► [icon]Tommie Kiddman[/icon]                                                                  [icon]Yuni Hermit[/icon]
It's Tommie Kiddman's turn![/color]

10-11-2017 00:26:56.1 [PRIV] Tommie Kiddman: !pass
10-11-2017 00:27:02.6 [ROOM] Lyanna Pelon: hey Sasha, don't worry we have plenty of seats
10-11-2017 00:27:12.9 [ROOM] Lyanna Pelon: like, an infinite amount somehow
10-11-2017 00:27:49.5 [ROOM] MaryJane Nichols: It's a Room of Requirement
10-11-2017 00:27:57.5 [ROOM] Lyanna Pelon: exactly
10-11-2017 00:28:09.6 [ROOM] Lyanna Pelon: laws of time and space be damned
10-11-2017 00:28:09.9 [ROOM] Boxing Sasha: /me nods, waving at Lyanna as she looks at Mary, askig her self if this was a fellow boxer
10-11-2017 00:30:17.9 [ROOM] MaryJane Nichols: [sub]MJ does boxing and wrestling.[/sub]
10-11-2017 05:12:26.5 [ROOM] Boxing Sasha: /me walks in, looing a bit impressed at Linda
10-11-2017 06:38:42.2 [ROOM] Amazon Linda: /me is pretty impressive; flex-poses.
10-11-2017 09:05:21.1 [ROOM] Bot: 
[color=gray]The ring is empty![/color]
10-11-2017 09:05:21.3 [ROOM] Ryician: !status
10-11-2017 09:06:01.9 [ROOM] Ryician: /me waves to the room, wondering who was awake
10-11-2017 23:09:08.2 [ROOM] Kenia Nya: woops!
10-11-2017 23:09:32.5 [ROOM] Kenia Nya: I changed the internet modem and forgot to set up the bot server XD
