04-12-2018 00:00:09.8 [PRIV] Bot to Kenia Nya:Type a short description of your character's personality...
04-12-2018 00:00:09.8 [PRIV] Kenia Nya: She wants to see the world and make songs about it
04-12-2018 00:00:26.6 [PRIV] Kenia Nya: She's very friendly but a bit shy
04-12-2018 00:00:26.7 [PRIV] Bot to Kenia Nya:You're done!
04-12-2018 00:00:32.9 [ROOM] Kenia Nya: !card
04-12-2018 00:00:32.9 [ROOM] Bot: 
══════════════════════════════════════════════════
                                 ⭐ ⭐ [color=cyan][b]Character card[/b][/color] ⭐ ⭐
══════════════════════════════════════════════════
[color=white]          [icon]Kenia Nya[/icon] [b]Name:[/b] Kenia Nya | [b]HP:[/b] 8 | [b]LVL:[/b] 1
          [b]GOLD:[/b] $1000 | [b]XP:[/b] 0 | [b]STR:[/b] 4 [b]DEX:[/b] 6 [b]INT:[/b] 8 [b]SPI:[/b] 6
          [b]Color and Looks:[/b]
None yet, None yet
          [b]Home and Reason:[/b]
None yet, None yet
[/color]
04-12-2018 00:02:54.5 [ROOM] Bot: [color=yellow]Katie Bluewing slowly sits on the couch and...[/color]
04-12-2018 00:02:54.5 [ROOM] Bot: [color=red]The airbag goes off! Katie Bluewing flies up in the air![/color] [eicon]explosion[/eicon]
04-12-2018 00:02:54.5 [ROOM] Katie Bluewing: !couch
04-12-2018 00:03:02.3 [ROOM] Katie Bluewing: Waaaaaa!
04-12-2018 00:03:20.0 [ROOM] Randall Miles: /me sets out a landing cushion for the bird
04-12-2018 00:03:35.8 [ROOM] Katie Bluewing: /me 's nakie body lands softly on the cushion. Her blanket falls down after, covering her up.
04-12-2018 00:03:38.5 [ROOM] Katie Bluewing: "Thaaaaanks~"
04-12-2018 00:03:59.5 [PRIV] Kenia Nya: Sophie
04-12-2018 00:03:59.5 [PRIV] Bot to Kenia Nya:Pick your age...
04-12-2018 00:04:03.6 [PRIV] Kenia Nya: 21
04-12-2018 00:04:03.6 [PRIV] Bot to Kenia Nya:Choose a sex...
04-12-2018 00:04:08.1 [PRIV] Kenia Nya: Female
04-12-2018 00:04:08.1 [PRIV] Bot to Kenia Nya:Choose your favorite color...
04-12-2018 00:04:17.1 [PRIV] Kenia Nya: green
04-12-2018 00:04:17.2 [PRIV] Bot to Kenia Nya:Type a short description of your character's look...
04-12-2018 00:04:25.5 [PRIV] Kenia Nya: Chubby but cute
04-12-2018 00:04:25.5 [PRIV] Bot to Kenia Nya:Type a short description of your character's home...
04-12-2018 00:04:33.6 [PRIV] Kenia Nya: A quiet town near a forest
04-12-2018 00:04:33.7 [PRIV] Bot to Kenia Nya:What's the reason your character wants to travel?
04-12-2018 00:04:39.5 [PRIV] Kenia Nya: She wants to see the world and make songs about it
04-12-2018 00:04:39.5 [PRIV] Bot to Kenia Nya:Type a short description of your character's personality...
04-12-2018 00:04:46.7 [PRIV] Kenia Nya: She's very friendly but a bit shy
04-12-2018 00:04:46.7 [PRIV] Bot to Kenia Nya:You're done!
04-12-2018 00:04:52.0 [ROOM] Kenia Nya: !card
04-12-2018 00:04:52.0 [ROOM] Bot: 
══════════════════════════════════════════════════
                                 ⭐ ⭐ [color=cyan][b]Character card[/b][/color] ⭐ ⭐
══════════════════════════════════════════════════
[color=white]          [icon]Kenia Nya[/icon] [b]Name:[/b] Kenia Nya | [b]HP:[/b] 8 | [b]LVL:[/b] 1
          [b]GOLD:[/b] $1000 | [b]XP:[/b] 0 | [b]STR:[/b] 4 [b]DEX:[/b] 6 [b]INT:[/b] 8 [b]SPI:[/b] 6
          [b]Color and Looks:[/b]
None yet, None yet
          [b]Home and Reason:[/b]
None yet, None yet
[/color]
04-12-2018 00:05:35.8 [PRIV] Kenia Nya: Shopie
04-12-2018 00:05:35.8 [PRIV] Bot to Kenia Nya:Pick your age...
04-12-2018 00:05:40.2 [PRIV] Kenia Nya: 21
04-12-2018 00:05:40.2 [PRIV] Bot to Kenia Nya:Choose a sex...
04-12-2018 00:05:45.0 [PRIV] Kenia Nya: Female
04-12-2018 00:05:45.0 [PRIV] Bot to Kenia Nya:Choose your favorite color...
04-12-2018 00:06:08.7 [PRIV] Kenia Nya: Green
04-12-2018 00:06:08.7 [PRIV] Bot to Kenia Nya:Type a short description of your character's look...
04-12-2018 00:06:16.3 [PRIV] Kenia Nya: Chubby but cute
04-12-2018 00:06:16.3 [PRIV] Bot to Kenia Nya:Type a short description of your character's home...
04-12-2018 00:06:26.2 [PRIV] Kenia Nya: A quiet town near a forest
04-12-2018 00:06:26.2 [PRIV] Bot to Kenia Nya:What's the reason your character wants to travel?
04-12-2018 00:06:30.8 [PRIV] Kenia Nya: She wants to see the world and make songs about it
04-12-2018 00:06:30.8 [PRIV] Bot to Kenia Nya:Type a short description of your character's personality...
04-12-2018 00:06:40.5 [PRIV] Kenia Nya: She's very friendly but a bit shy
04-12-2018 00:06:40.5 [PRIV] Bot to Kenia Nya:You're done!
04-12-2018 00:06:45.7 [ROOM] Kenia Nya: !card
04-12-2018 00:06:45.7 [ROOM] Bot: 
══════════════════════════════════════════════════
                                 ⭐ ⭐ [color=cyan][b]Character card[/b][/color] ⭐ ⭐
══════════════════════════════════════════════════
[color=green]          [icon]Kenia Nya[/icon] [b]Name:[/b] Shopie | [b]HP:[/b] 8 | [b]LVL:[/b] 1
          [b]GOLD:[/b] $1000 | [b]XP:[/b] 0 | [b]STR:[/b] 4 [b]DEX:[/b] 6 [b]INT:[/b] 8 [b]SPI:[/b] 6
          [b]Color and Looks:[/b]
Green, None yet
          [b]Home and Reason:[/b]
A quiet town near a forest, She wants to see the world and make songs about it
[/color]
04-12-2018 00:11:13.5 [ROOM] Kenia Nya: !edit Looks to Chubby but cute
04-12-2018 00:11:13.5 [ROOM] Bot: [color=green][b]Info[/b][/color] Information changed!
04-12-2018 00:11:21.0 [ROOM] Taylor Hawkins: "Hows it going everyone?"
04-12-2018 00:11:54.0 [ROOM] Kenia Nya: !edit favoriteObject to Small guitar
04-12-2018 00:11:54.0 [ROOM] Bot: [color=green][b]Info[/b][/color] Information changed!
04-12-2018 00:12:16.7 [ROOM] Kenia Nya: I'm fine thanks and you? ^^
04-12-2018 00:12:35.2 [ROOM] Randall Miles: I'm good here
04-12-2018 00:12:38.5 [ROOM] Taylor Hawkins: "Finished up some dungeons and dragons fun"
04-12-2018 00:12:46.5 [ROOM] Kenia Nya: nice
04-12-2018 00:13:00.0 [ROOM] Kenia Nya: !card
04-12-2018 00:13:00.0 [ROOM] Bot: 
══════════════════════════════════════════════════
                                 ⭐ ⭐ [color=cyan][b]Character card[/b][/color] ⭐ ⭐
══════════════════════════════════════════════════
[color=green]          [icon]Kenia Nya[/icon] [b]Name:[/b] Shopie | [b]HP:[/b] 8 | [b]LVL:[/b] 1
          [b]GOLD:[/b] $1000 | [b]XP:[/b] 0 | [b]STR:[/b] 4 [b]DEX:[/b] 6 [b]INT:[/b] 8 [b]SPI:[/b] 6
          [b]Color and Looks:[/b]
Green, Chubby but cute
          [b]Home and Reason:[/b]
A quiet town near a forest, She wants to see the world and make songs about it
[/color]
04-12-2018 00:13:04.2 [ROOM] Ryician: /me pokes a head in with a smile.
04-12-2018 00:15:31.2 [ROOM] Katie Bluewing: /me is currently DOING dungeons and dragons fun. Small world!
04-12-2018 00:16:36.1 [ROOM] Kenia Nya: I'm working on my adventure online game
04-12-2018 00:16:40.9 [ROOM] Kenia Nya: it'll be ready soon!
04-12-2018 00:16:45.1 [ROOM] Scruffy Puppy: /me plucks a feather off Katie's butt and sticks it in his hat like a plume.
04-12-2018 00:16:45.2 [ROOM] Kenia Nya: like, very very soon XD
04-12-2018 00:17:27.8 [ROOM] Randall Miles: Really!?
04-12-2018 00:18:31.7 [ROOM] Katie Bluewing: /me squeals as her big booty is plucked!
04-12-2018 00:18:33.6 [ROOM] Lyanna Pelon: i wonder what sort of adventures it will have
04-12-2018 00:18:49.3 [ROOM] Scruffy Puppy: Lots of nyas.
04-12-2018 00:18:53.3 [ROOM] Kenia Nya: of course
04-12-2018 00:19:10.5 [ROOM] Randall Miles: I think its mostly up to Noshy, she asked for it
04-12-2018 00:19:42.0 [ROOM] Kenia Nya: they are called Nekogoblins
04-12-2018 00:20:05.5 [ROOM] Scruffy Puppy: Nekogobbos... Science has gone too far.
04-12-2018 00:20:17.0 [ROOM] Kenia Nya: Noshy asked for a game, I'm making a game, well, more like... Implementing a tabletop game
04-12-2018 00:20:41.6 [ROOM] Kenia Nya: I saw this cute and fun japanese tabletop rpg
04-12-2018 00:20:58.5 [ROOM] Kenia Nya: so I'm going to use it
04-12-2018 00:21:38.1 [ROOM] Kenia Nya: it's very story and player interaction focused
04-12-2018 00:22:39.1 [ROOM] Kenia Nya: it has combat, yeah, but... it's more like... secondary XD
04-12-2018 00:22:55.7 [ROOM] Kenia Nya: feels like ragnarok online
04-12-2018 00:23:11.2 [ROOM] Kenia Nya: but without grinding, lol
04-12-2018 00:23:48.9 [ROOM] Randall Miles: Nice!
04-12-2018 00:24:09.7 [ROOM] Scruffy Puppy: /me was busy chewing his butt. Say that again?
04-12-2018 00:25:46.5 [ROOM] Sid: !register
04-12-2018 00:25:46.6 [ROOM] Bot: [color=green][b]Info[/b][/color] The character [color=cyan][b]Sid[/b][/color] was created by [color=cyan][b]Sid[/b][/color]!
04-12-2018 00:25:46.6 [PRIV] Bot to Sid:Choose a class... (Bard)
04-12-2018 00:26:11.5 [ROOM] Kenia Nya: I did some basic stuff, mostly as a prof of concept for a future update for LSW
04-12-2018 00:26:25.8 [ROOM] Kenia Nya: it's called... Character Creation!
04-12-2018 00:26:57.3 [ROOM] Scruffy Puppy: vgudyrwyf ogugchgvuvfrydfuf Sorry, I was cleaning the jizz off my keyboard.
04-12-2018 00:27:11.6 [PRIV] Sid: How do I do that?
04-12-2018 00:27:11.7 [PRIV] Bot to Sid:Wrong class... options are...
