22-12-2017 02:19:43.9 [PRIV] MaryJane Nichols: !trainingdummy female
22-12-2017 02:19:43.9 [PRIV] Bot to MaryJane Nichols:
[icon]Bot Announcer[/icon][color=gray] Welcome to the training ring! Today we have MaryJane Nichols vs Yuni Hermit! Let the match begin![/color]
[color=gray]═════════════════ ⭐ [color=purple]Sexfight ring[/color] ⭐ ═════════════════
 [color=purple]▓▓▓▓▓▓▓▓▓▓▓▓▓▓▓▓▓▓▓▓[/color] ⭐ [color=purple]VS[/color] ⭐ [color=purple]▓▓▓▓▓▓▓▓▓▓▓▓▓▓▓▓▓▓▓▓[/color]
► [icon]MaryJane Nichols[/icon]                                                                  [icon]Yuni Hermit[/icon]
It's MaryJane Nichols's turn![/color]

22-12-2017 02:20:01.0 [PRIV] Bot to MaryJane Nichols:
[icon]Bot Announcer[/icon][color=gray]MaryJane Nichols used their lips to tease Yuni Hermit's sex, dealing 16 lust points![/color]
[color=gray]═════════════════ ⭐ [color=purple]Sexfight ring[/color] ⭐ ═════════════════
 [color=purple]░░░▓▓▓▓▓▓▓▓▓▓▓▓▓▓▓▓▓[/color] ⭐ [color=purple]VS[/color] ⭐ [color=purple]▓▓▓▓▓▓▓▓▓▓▓▓▓▓▓▓▓▓▓▓[/color]
► [icon]Yuni Hermit[/icon]                                                                  [icon]MaryJane Nichols[/icon]
It's Yuni Hermit's turn![/color]
[i]'Y-you want what? Uhm... mmf.' She leans backwards against the ropes of the ring, spreading her legs. Her nethers are revealed, black, flush, wet... She closes her legs once you get close, the entire world vanishing in the darkness of her thick thighs. The warmth and wetness of her pussy are inescapable at this range, but a squeaking, wobbling, blushing mess is up above once she's done letting you eat her snatch. Her clitty's all hard now![/i]

22-12-2017 02:20:01.1 [PRIV] Bot to MaryJane Nichols:
[i]Yuni does a leg-sweep to get you on your ass, then plasters her heel on your cunt. Grinding and rubbing, she tries to grind your clitty with her soft heel, moving to roll her entire sole over your cunt back and forth... in a sawing motion culminating in pushing her big toe into your pussy for a brief moment.[/i]
[icon]Bot Announcer[/icon][color=gray]Yuni Hermit used their feet to tease MaryJane Nichols's vagina, dealing 17 lust points![/color]
[color=gray]═════════════════ ⭐ [color=purple]Sexfight ring[/color] ⭐ ═════════════════
 [color=purple]░░░▓▓▓▓▓▓▓▓▓▓▓▓▓▓▓▓▓[/color] ⭐ [color=purple]VS[/color] ⭐ [color=purple]▓▓▓▓▓▓▓▓▓▓▓▓▓▓▓▓▓░░░[/color]
► [icon]MaryJane Nichols[/icon]                                                                  [icon]Yuni Hermit[/icon]
It's MaryJane Nichols's turn![/color]

22-12-2017 02:20:01.1 [PRIV] MaryJane Nichols: !attack lips to sex
22-12-2017 02:20:27.1 [PRIV] Bot to MaryJane Nichols:
[icon]Bot Announcer[/icon][color=gray]MaryJane Nichols passed their turn![/color]
[i]Yuni giggles to herself. 'You want more, Sugar? Okay... come here, Cutie.' She beckons with one paw, staring hungrily at your body and licking her lips.[/i]
[i]Yuni drops to her knees and spreads your legs with her paws, pushing her face against your cunt. Rolling her tongue from end-to-end of your slit, she flicks your clit with a slurp of her tongue at the top of each stroke, drooling all over your puss as she eats that muff~[/i]
[icon]Bot Announcer[/icon][color=gray]Yuni Hermit used their lips to tease MaryJane Nichols's vagina, dealing 11 lust points![/color]
[color=gray]═════════════════ ⭐ [color=purple]Sexfight ring[/color] ⭐ ═════════════════
 [color=purple]░░░░░▓▓▓▓▓▓▓▓▓▓▓▓▓▓▓[/color] ⭐ [color=purple]VS[/color] ⭐ [color=purple]▓▓▓▓▓▓▓▓▓▓▓▓▓▓▓▓▓░░░[/color]
► [icon]MaryJane Nichols[/icon]                                                                  [icon]Yuni Hermit[/icon]
It's MaryJane Nichols's turn![/color]

22-12-2017 02:20:27.1 [PRIV] MaryJane Nichols: !pass
22-12-2017 02:21:11.6 [PRIV] Bot to MaryJane Nichols:
[icon]Bot Announcer[/icon][color=gray]MaryJane Nichols passed their turn![/color]
[i]Yuni giggles to herself. 'You want more, Sugar? Okay... come here, Cutie.' She beckons with one paw, staring hungrily at your body and licking her lips.[/i]
[i]Yuni goes for your ass, rolling her fingers around inside your pucker, pumping and thrusting them in your ass to get you worked up.[/i]
[icon]Bot Announcer[/icon][color=gray]Yuni Hermit used their fingers to tease MaryJane Nichols's ass, dealing 6 lust points![/color]
[color=gray]═════════════════ ⭐ [color=purple]Sexfight ring[/color] ⭐ ═════════════════
 [color=purple]░░░░░░▓▓▓▓▓▓▓▓▓▓▓▓▓▓[/color] ⭐ [color=purple]VS[/color] ⭐ [color=purple]▓▓▓▓▓▓▓▓▓▓▓▓▓▓▓▓▓░░░[/color]
► [icon]MaryJane Nichols[/icon]                                                                  [icon]Yuni Hermit[/icon]
It's MaryJane Nichols's turn![/color]

22-12-2017 02:21:11.9 [PRIV] MaryJane Nichols: !pass
22-12-2017 02:21:18.8 [PRIV] MaryJane Nichols: !oass
22-12-2017 02:21:24.5 [PRIV] Bot to MaryJane Nichols:
[icon]Bot Announcer[/icon][color=gray]MaryJane Nichols passed their turn![/color]
[i]Yuni giggles to herself. 'You want more, Sugar? Okay... come here, Cutie.' She beckons with one paw, staring hungrily at your body and licking her lips.[/i]
[i]Yuni pounces you, but you end up with front-end against the floor. She shrugs, and squishes her tits up against your booty, managing to slip a nipple up into your rear end... grinding it around a little with a feminine giggle.[/i]
[icon]Bot Announcer[/icon][color=gray]Yuni Hermit used their tits to tease MaryJane Nichols's ass, dealing 13 lust points![/color]
[color=gray]═════════════════ ⭐ [color=purple]Sexfight ring[/color] ⭐ ═════════════════
 [color=purple]░░░░░░░░░▓▓▓▓▓▓▓▓▓▓▓[/color] ⭐ [color=purple]VS[/color] ⭐ [color=purple]▓▓▓▓▓▓▓▓▓▓▓▓▓▓▓▓▓░░░[/color]
► [icon]MaryJane Nichols[/icon]                                                                  [icon]Yuni Hermit[/icon]
It's MaryJane Nichols's turn![/color]

22-12-2017 02:21:24.6 [PRIV] MaryJane Nichols: !pass
22-12-2017 02:21:36.3 [PRIV] Bot to MaryJane Nichols:
[icon]Bot Announcer[/icon][color=gray]MaryJane Nichols used their ass to tease Yuni Hermit's lips, dealing 14 lust points![/color]
[color=gray]═════════════════ ⭐ [color=purple]Sexfight ring[/color] ⭐ ═════════════════
 [color=purple]░░░░░░▓▓▓▓▓▓▓▓▓▓▓▓▓▓[/color] ⭐ [color=purple]VS[/color] ⭐ [color=purple]▓▓▓▓▓▓▓▓▓▓▓░░░░░░░░░[/color]
► [icon]Yuni Hermit[/icon]                                                                  [icon]MaryJane Nichols[/icon]
It's Yuni Hermit's turn![/color]
[i]'May I? May I!?!' she groans. She drops to a kneeling pose and puts her hands on her knees like a slave, panting. With a butt soon in her face, she dives her nose between your rumpcheeks and smells your pucker with a deep snort, like a social dog at a dog park. The licking begins, the wolf going from stroking the whole length of your ass-crack with her tongue, to kissing your ass full and proper... nursing and smooching your asshole, shoving her tongue inside and exploring whatever she finds, licking around in there like she's trying to wash it. One heady suck on your anus later and she comes away, face musky. '... thank you SO much...' she moans.[/i]

22-12-2017 02:21:36.3 [PRIV] Bot to MaryJane Nichols:
[i]Yuni does a leg-sweep to get you on your ass, then plasters her heel on your cunt. Grinding and rubbing, she tries to grind your clitty with her soft heel, moving to roll her entire sole over your cunt back and forth... in a sawing motion culminating in pushing her big toe into your pussy for a brief moment.[/i]
[icon]Bot Announcer[/icon][color=gray]Yuni Hermit used their feet to tease MaryJane Nichols's vagina, dealing 14 lust points![/color]
[color=gray]═════════════════ ⭐ [color=purple]Sexfight ring[/color] ⭐ ═════════════════
 [color=red]░░░░░░░░░░░░▓▓▓▓▓▓▓▓[/color] ⭐ [color=purple]VS[/color] ⭐ [color=purple]▓▓▓▓▓▓▓▓▓▓▓▓▓▓░░░░░░[/color]
► [icon]MaryJane Nichols[/icon]                                                                  [icon]Yuni Hermit[/icon]
It's MaryJane Nichols's turn![/color]

22-12-2017 02:21:36.4 [PRIV] MaryJane Nichols: !attack ass to lips
22-12-2017 02:21:45.5 [PRIV] Bot to MaryJane Nichols:
[icon]Bot Announcer[/icon][color=gray]MaryJane Nichols passed their turn![/color]
[i]Yuni giggles to herself. 'You want more, Sugar? Okay... come here, Cutie.' She beckons with one paw, staring hungrily at your body and licking her lips.[/i]
[i]Yuni looks at your rear for a moment... then drags a double-ended dildo out of her cleavage somehow, shoving one end up her booty... She hops forwards, bouncing her breasts off of your face to knock you to the mat, then grabs your legs as handles. Pointing your legs skywards, she faces away from you and sits down... letting the other end of that toy slip into YOUR ass. A bounce-fest begins, the harlot using her own ass to fuck yours with the toy... as she gets plenty of stuffing along the way. 'More!'[/i]
[icon]Bot Announcer[/icon][color=gray]Yuni Hermit used their ass to tease MaryJane Nichols's ass, dealing 8 lust points![/color]
[color=gray]═════════════════ ⭐ [color=purple]Sexfight ring[/color] ⭐ ═════════════════
 [color=red]░░░░░░░░░░░░░▓▓▓▓▓▓▓[/color] ⭐ [color=purple]VS[/color] ⭐ [color=purple]▓▓▓▓▓▓▓▓▓▓▓▓▓▓░░░░░░[/color]
► [icon]MaryJane Nichols[/icon]                                                                  [icon]Yuni Hermit[/icon]
It's MaryJane Nichols's turn![/color]

22-12-2017 02:21:45.5 [PRIV] MaryJane Nichols: !pass
22-12-2017 02:21:54.9 [PRIV] Bot to MaryJane Nichols:
[icon]Bot Announcer[/icon][color=gray]MaryJane Nichols passed their turn![/color]
[i]Yuni giggles to herself. 'You want more, Sugar? Okay... come here, Cutie.' She beckons with one paw, staring hungrily at your body and licking her lips.[/i]
[i]Yuni pounces you, but you end up with front-end against the floor. She shrugs, and squishes her tits up against your booty, managing to slip a nipple up into your rear end... grinding it around a little with a feminine giggle.[/i]
[icon]Bot Announcer[/icon][color=gray]Yuni Hermit used their tits to tease MaryJane Nichols's ass, dealing 7 lust points![/color]
[color=gray]═════════════════ ⭐ [color=purple]Sexfight ring[/color] ⭐ ═════════════════
 [color=red]░░░░░░░░░░░░░░░▓▓▓▓▓[/color] ⭐ [color=purple]VS[/color] ⭐ [color=purple]▓▓▓▓▓▓▓▓▓▓▓▓▓▓░░░░░░[/color]
► [icon]MaryJane Nichols[/icon]                                                                  [icon]Yuni Hermit[/icon]
It's MaryJane Nichols's turn![/color]

22-12-2017 02:21:55.0 [PRIV] MaryJane Nichols: !pass
22-12-2017 02:22:05.5 [PRIV] Bot to MaryJane Nichols:
[icon]Bot Announcer[/icon][color=gray]MaryJane Nichols used their ass to tease Yuni Hermit's lips, dealing 16 lust points![/color]
[color=gray]═════════════════ ⭐ [color=purple]Sexfight ring[/color] ⭐ ═════════════════
 [color=purple]░░░░░░░░░▓▓▓▓▓▓▓▓▓▓▓[/color] ⭐ [color=purple]VS[/color] ⭐ [color=red]▓▓▓▓▓░░░░░░░░░░░░░░░[/color]
► [icon]Yuni Hermit[/icon]                                                                  [icon]MaryJane Nichols[/icon]
It's Yuni Hermit's turn![/color]
[i]'May I? May I!?!' she groans. She drops to a kneeling pose and puts her hands on her knees like a slave, panting. With a butt soon in her face, she dives her nose between your rumpcheeks and smells your pucker with a deep snort, like a social dog at a dog park. The licking begins, the wolf going from stroking the whole length of your ass-crack with her tongue, to kissing your ass full and proper... nursing and smooching your asshole, shoving her tongue inside and exploring whatever she finds, licking around in there like she's trying to wash it. One heady suck on your anus later and she comes away, face musky. '... thank you SO much...' she moans.[/i]

22-12-2017 02:22:05.6 [PRIV] Bot to MaryJane Nichols:
[i]Yuni drops to her knees and spreads your legs with her paws, pushing her face against your cunt. Rolling her tongue from end-to-end of your slit, she flicks your clit with a slurp of her tongue at the top of each stroke, drooling all over your puss as she eats that muff~[/i]
[icon]Bot Announcer[/icon][color=gray]Yuni Hermit used their lips to tease MaryJane Nichols's vagina, dealing 10 lust points![/color]
[color=gray]═════════════════ ⭐ [color=purple]Sexfight ring[/color] ⭐ ═════════════════
 [color=red]░░░░░░░░░░░░░░░░░▓▓▓[/color] ⭐ [color=purple]VS[/color] ⭐ [color=purple]▓▓▓▓▓▓▓▓▓▓▓░░░░░░░░░[/color]
► [icon]MaryJane Nichols[/icon]                                                                  [icon]Yuni Hermit[/icon]
It's MaryJane Nichols's turn![/color]

22-12-2017 02:22:48.9 [PRIV] Bot to MaryJane Nichols:Invalid body parts. Example of valid ones: lips, fingers, tits, sex, ass, feet. Also remember to use 'to', example: !attack tits to lips. To see the full list, check the bot profile.
22-12-2017 02:22:49.0 [PRIV] MaryJane Nichols: !attack assto lips
22-12-2017 02:22:17.4 [PRIV] MaryJane Nichols: !pass
22-12-2017 02:22:17.4 [PRIV] Bot to MaryJane Nichols:
[icon]Bot Announcer[/icon][color=gray]MaryJane Nichols passed their turn![/color]
[i]Yuni giggles to herself. 'You want more, Sugar? Okay... come here, Cutie.' She beckons with one paw, staring hungrily at your body and licking her lips.[/i]
[i]Yuni giggles behind an open palm and pounces you... wrapping her legs around your chest. Somehow, she manages to squish one of your breasts up between her legs, grinding her pussy back and forth over your breast like she's trying to scissor with it... it's wet, tingly, and she hops off with a peck of a kiss to your forehead.[/i]
[icon]Bot Announcer[/icon][color=gray]Yuni Hermit used their sex to tease MaryJane Nichols's tits, dealing 9 lust points![/color]
[color=gray]═════════════════ ⭐ [color=purple]Sexfight ring[/color] ⭐ ═════════════════
 [color=red]░░░░░░░░░░░░░░░░░░░▓[/color] ⭐ [color=purple]VS[/color] ⭐ [color=purple]▓▓▓▓▓▓▓▓▓▓▓░░░░░░░░░[/color]
► [icon]MaryJane Nichols[/icon]                                                                  [icon]Yuni Hermit[/icon]
It's MaryJane Nichols's turn![/color]

22-12-2017 02:22:05.6 [PRIV] MaryJane Nichols: !attack ass to lips
22-12-2017 02:22:58.5 [PRIV] Bot to MaryJane Nichols:
[icon]Bot Announcer[/icon][color=gray]MaryJane Nichols used their ass to tease Yuni Hermit's lips, dealing 9 lust points![/color]
[color=gray]═════════════════ ⭐ [color=purple]Sexfight ring[/color] ⭐ ═════════════════
 [color=red]░░░░░░░░░░░▓▓▓▓▓▓▓▓▓[/color] ⭐ [color=purple]VS[/color] ⭐ [color=red]▓░░░░░░░░░░░░░░░░░░░[/color]
► [icon]Yuni Hermit[/icon]                                                                  [icon]MaryJane Nichols[/icon]
It's Yuni Hermit's turn![/color]
[i]'May I? May I!?!' she groans. She drops to a kneeling pose and puts her hands on her knees like a slave, panting. With a butt soon in her face, she dives her nose between your rumpcheeks and smells your pucker with a deep snort, like a social dog at a dog park. The licking begins, the wolf going from stroking the whole length of your ass-crack with her tongue, to kissing your ass full and proper... nursing and smooching your asshole, shoving her tongue inside and exploring whatever she finds, licking around in there like she's trying to wash it. One heady suck on your anus later and she comes away, face musky. '... thank you SO much...' she moans.[/i]

22-12-2017 02:23:00.8 [PRIV] Bot to MaryJane Nichols:
[i]Yuni goes for your ass, rolling her fingers around inside your pucker, pumping and thrusting them in your ass to get you worked up.[/i]
[icon]Bot Announcer[/icon][color=gray]Yuni Hermit used their fingers to tease MaryJane Nichols's ass, dealing 8 lust points![/color]
[color=gray]Yuni Hermit made MaryJane Nichols cum! The winner gets $2.00 and the loser gets $1.00, thank you for participating.[/color]
[color=gray]═════════════════ ⭐ [color=purple]Sexfight ring[/color] ⭐ ═════════════════
 [color=red]░░░░░░░░░░░░░░░░░░░░[/color] ⭐ [color=purple]VS[/color] ⭐ [color=red]▓▓▓▓▓▓▓▓▓░░░░░░░░░░░[/color]
► [icon]MaryJane Nichols[/icon]                                                                  [icon]Yuni Hermit[/icon]
It's MaryJane Nichols's turn![/color]

[color=gray]════════════════ ⭐ [color=purple]Combat ended[/color] ⭐ ════════════════[/color]

22-12-2017 02:23:00.9 [PRIV] MaryJane Nichols: !attack ass to lips
22-12-2017 02:33:46.1 [PRIV] Blakred: !sheet
22-12-2017 02:33:46.2 [PRIV] Bot to Blakred:
[color=gray]══════════════════════════════════════════════════
                                 ⭐ ⭐ [color=purple][b]General details[/b][/color] ⭐ ⭐
══════════════════════════════════════════════════
[color=pink]                     [icon]Blakred[/icon]
          [b]Name:[/b] Blakred | [b]Money:[/b] $10.00
[/color]══════════════════════════════════════════════════
                                 ⭐ ⭐ [color=purple][b]Attack / Defense[/b][/color] ⭐ ⭐
══════════════════════════════════════════════════
[color=pink]          [b]Lips:[/b] 6 / -2
          [b]Fingers:[/b] 2
          [b]Tits:[/b] 4 / -2
          [b]Sex:[/b] 1 / 0
          [b]Ass:[/b] 3 / -3
          [b]Feet:[/b] 3[/color]
══════════════════════════════════════════════════
                                 ⭐ ⭐ [color=purple][b]Equipment[/b][/color] ⭐ ⭐
══════════════════════════════════════════════════
[color=pink]          [b]Sextoy:[/b] Hand
                    Starter weapon.
          [b]Outfit:[/b] Bondage suit
                    -1 defense to tits, -1 defense to sex, -1 defense to ass, +1 attack to lips, +2 attack to fingers, +2 attack to feet.
          [b]Accessory:[/b] Nipple piercing
                    -1 defense to tits, +2 attack to tits.
          [b]Flavor item:[/b] Leash and collar
                    -1 defense to lips, -1 defense to sex, -1 defense to ass.
[/color]══════════════════════════════════════════════════
                                 ⭐ ⭐ [color=purple][b]Inventory[/b][/color] ⭐ ⭐
══════════════════════════════════════════════════
[color=pink]          Nude. Just you and your body.
          Hand. Starter weapon.
          Wristbands. Standard uniform.
          None. Nothing equiped.
          Nipple piercing. -1 defense to tits, +2 attack to tits.
          Bondage suit. -1 defense to tits, -1 defense to sex, -1 defense to ass, +1 attack to lips, +2 attack to fingers, +2 attack to feet.
          Leash and collar. -1 defense to lips, -1 defense to sex, -1 defense to ass.
[/color][/color]
22-12-2017 03:44:03.2 [ROOM] Evant Star: /me yawns, stretching a little as she looks around "Hmmph, how are we all?"
22-12-2017 12:41:41.3 [ROOM] charmofflame: Skips into the arena
22-12-2017 12:41:59.9 [PRIV] charmofflame: !trainingdummy female
22-12-2017 12:42:00.3 [PRIV] Bot to charmofflame:
[icon]Bot Announcer[/icon][color=gray] Welcome to the training ring! Today we have charmofflame vs Yuni Hermit! Let the match begin![/color]
[color=gray]═════════════════ ⭐ [color=purple]Sexfight ring[/color] ⭐ ═════════════════
 [color=purple]▓▓▓▓▓▓▓▓▓▓▓▓▓▓▓▓▓▓▓▓[/color] ⭐ [color=purple]VS[/color] ⭐ [color=purple]▓▓▓▓▓▓▓▓▓▓▓▓▓▓▓▓▓▓▓▓[/color]
► [icon]charmofflame[/icon]                                                                  [icon]Yuni Hermit[/icon]
It's charmofflame's turn![/color]

22-12-2017 12:42:04.8 [PRIV] Bot to charmofflame:
[icon]Bot Announcer[/icon][color=gray]charmofflame used their lips to tease Yuni Hermit's ass, dealing 24 lust points![/color]
[color=gray]═════════════════ ⭐ [color=purple]Sexfight ring[/color] ⭐ ═════════════════
 [color=purple]░░░░▓▓▓▓▓▓▓▓▓▓▓▓▓▓▓▓[/color] ⭐ [color=purple]VS[/color] ⭐ [color=purple]▓▓▓▓▓▓▓▓▓▓▓▓▓▓▓▓▓▓▓▓[/color]
► [icon]Yuni Hermit[/icon]                                                                  [icon]charmofflame[/icon]
It's Yuni Hermit's turn![/color]
[i]'You want what? ... Yes, please.' She turns around and drops to all fours, reaching behind to spread her buttcheeks with both paws, letting her pucker 'wink' at you with a flex of her anus. She keeps those cheeks spread until you're up close, letting them make your head disappear. Throughout the booty make-out, she's flexing, squeezing your tongue, 'kissing' right back, and groaning like a whore up front... your face musky with her rear's scent by the time you pull away.[/i]

22-12-2017 12:42:04.9 [PRIV] Bot to charmofflame:
[i]Yuni goes for your ass, rolling her fingers around inside your pucker, pumping and thrusting them in your ass to get you worked up.[/i]
[icon]Bot Announcer[/icon][color=gray]Yuni Hermit used their fingers to tease charmofflame's ass, dealing 3 lust points![/color]
[color=gray]═════════════════ ⭐ [color=purple]Sexfight ring[/color] ⭐ ═════════════════
 [color=purple]▓▓▓▓▓▓▓▓▓▓▓▓▓▓▓▓▓▓▓▓[/color] ⭐ [color=purple]VS[/color] ⭐ [color=purple]▓▓▓▓▓▓▓▓▓▓▓▓▓▓▓▓░░░░[/color]
► [icon]charmofflame[/icon]                                                                  [icon]Yuni Hermit[/icon]
It's charmofflame's turn![/color]

22-12-2017 12:42:04.9 [PRIV] charmofflame: !attack lips to ass
22-12-2017 12:42:05.7 [PRIV] Bot to charmofflame:
[icon]Bot Announcer[/icon][color=gray]charmofflame used their lips to tease Yuni Hermit's ass, dealing 24 lust points![/color]
[color=gray]═════════════════ ⭐ [color=purple]Sexfight ring[/color] ⭐ ═════════════════
 [color=purple]░░░░░░░░░▓▓▓▓▓▓▓▓▓▓▓[/color] ⭐ [color=purple]VS[/color] ⭐ [color=purple]▓▓▓▓▓▓▓▓▓▓▓▓▓▓▓▓▓▓▓▓[/color]
► [icon]Yuni Hermit[/icon]                                                                  [icon]charmofflame[/icon]
It's Yuni Hermit's turn![/color]
[i]'You want what? ... Yes, please.' She turns around and drops to all fours, reaching behind to spread her buttcheeks with both paws, letting her pucker 'wink' at you with a flex of her anus. She keeps those cheeks spread until you're up close, letting them make your head disappear. Throughout the booty make-out, she's flexing, squeezing your tongue, 'kissing' right back, and groaning like a whore up front... your face musky with her rear's scent by the time you pull away.[/i]

22-12-2017 12:42:05.8 [PRIV] Bot to charmofflame:
[i]Yuni drops to her knees and spreads your legs with her paws, pushing her face against your cunt. Rolling her tongue from end-to-end of your slit, she flicks your clit with a slurp of her tongue at the top of each stroke, drooling all over your puss as she eats that muff~[/i]
[icon]Bot Announcer[/icon][color=gray]Yuni Hermit used their lips to tease charmofflame's vagina, dealing 7 lust points![/color]
[color=gray]═════════════════ ⭐ [color=purple]Sexfight ring[/color] ⭐ ═════════════════
 [color=purple]░░▓▓▓▓▓▓▓▓▓▓▓▓▓▓▓▓▓▓[/color] ⭐ [color=purple]VS[/color] ⭐ [color=purple]▓▓▓▓▓▓▓▓▓▓▓░░░░░░░░░[/color]
► [icon]charmofflame[/icon]                                                                  [icon]Yuni Hermit[/icon]
It's charmofflame's turn![/color]

22-12-2017 12:42:05.8 [PRIV] charmofflame: !attack lips to ass
22-12-2017 12:42:06.9 [PRIV] Bot to charmofflame:
[icon]Bot Announcer[/icon][color=gray]charmofflame used their lips to tease Yuni Hermit's ass, dealing 22 lust points![/color]
[color=gray]═════════════════ ⭐ [color=purple]Sexfight ring[/color] ⭐ ═════════════════
 [color=red]░░░░░░░░░░░░░░▓▓▓▓▓▓[/color] ⭐ [color=purple]VS[/color] ⭐ [color=purple]▓▓▓▓▓▓▓▓▓▓▓▓▓▓▓▓▓▓░░[/color]
► [icon]Yuni Hermit[/icon]                                                                  [icon]charmofflame[/icon]
It's Yuni Hermit's turn![/color]
[i]'You want what? ... Yes, please.' She turns around and drops to all fours, reaching behind to spread her buttcheeks with both paws, letting her pucker 'wink' at you with a flex of her anus. She keeps those cheeks spread until you're up close, letting them make your head disappear. Throughout the booty make-out, she's flexing, squeezing your tongue, 'kissing' right back, and groaning like a whore up front... your face musky with her rear's scent by the time you pull away.[/i]

22-12-2017 12:42:07.0 [PRIV] Bot to charmofflame:
[i]Yuni  darts in and shoves her paw between your legs to get her paws on your pussy. She rubs your clitty with her thumb in circles while three fingers explore your vagina. She pulls away, fingers wet, and licks her digits clean.[/i]
[icon]Bot Announcer[/icon][color=gray]Yuni Hermit used their fingers to tease charmofflame's vagina, dealing 4 lust points![/color]
[color=gray]═════════════════ ⭐ [color=purple]Sexfight ring[/color] ⭐ ═════════════════
 [color=purple]░░▓▓▓▓▓▓▓▓▓▓▓▓▓▓▓▓▓▓[/color] ⭐ [color=purple]VS[/color] ⭐ [color=red]▓▓▓▓▓▓░░░░░░░░░░░░░░[/color]
► [icon]charmofflame[/icon]                                                                  [icon]Yuni Hermit[/icon]
It's charmofflame's turn![/color]

22-12-2017 12:42:07.0 [PRIV] charmofflame: !attack lips to ass
22-12-2017 12:42:07.6 [PRIV] Bot to charmofflame:
[icon]Bot Announcer[/icon][color=gray]charmofflame used their lips to tease Yuni Hermit's ass, dealing 18 lust points![/color]
[color=gray]═════════════════ ⭐ [color=purple]Sexfight ring[/color] ⭐ ═════════════════
 [color=red]░░░░░░░░░░░░░░░░░▓▓▓[/color] ⭐ [color=purple]VS[/color] ⭐ [color=purple]▓▓▓▓▓▓▓▓▓▓▓▓▓▓▓▓▓▓░░[/color]
► [icon]Yuni Hermit[/icon]                                                                  [icon]charmofflame[/icon]
It's Yuni Hermit's turn![/color]
[i]'You want what? ... Yes, please.' She turns around and drops to all fours, reaching behind to spread her buttcheeks with both paws, letting her pucker 'wink' at you with a flex of her anus. She keeps those cheeks spread until you're up close, letting them make your head disappear. Throughout the booty make-out, she's flexing, squeezing your tongue, 'kissing' right back, and groaning like a whore up front... your face musky with her rear's scent by the time you pull away.[/i]

22-12-2017 12:42:07.7 [PRIV] Bot to charmofflame:
[i]Yuni wraps her arms around you and squashes her chest against you from the front. Her breasts pillow and goosh out against your own. '... Mine are bigger, Slut.' she taunts, before hopping back.[/i]
[icon]Bot Announcer[/icon][color=gray]Yuni Hermit used their tits to tease charmofflame's tits, dealing 6 lust points![/color]
[color=gray]═════════════════ ⭐ [color=purple]Sexfight ring[/color] ⭐ ═════════════════
 [color=purple]░░░░▓▓▓▓▓▓▓▓▓▓▓▓▓▓▓▓[/color] ⭐ [color=purple]VS[/color] ⭐ [color=red]▓▓▓░░░░░░░░░░░░░░░░░[/color]
► [icon]charmofflame[/icon]                                                                  [icon]Yuni Hermit[/icon]
It's charmofflame's turn![/color]

22-12-2017 12:42:07.7 [PRIV] charmofflame: !attack lips to ass
22-12-2017 12:42:08.5 [PRIV] Bot to charmofflame:
[icon]Bot Announcer[/icon][color=gray]charmofflame used their lips to tease Yuni Hermit's ass, dealing 19 lust points![/color]
[color=gray]charmofflame made Yuni Hermit cum! The winner gets $2.00 and the loser gets $1.00, thank you for participating.[/color]
[color=gray]═════════════════ ⭐ [color=purple]Sexfight ring[/color] ⭐ ═════════════════
 [color=red]░░░░░░░░░░░░░░░░░░░░[/color] ⭐ [color=purple]VS[/color] ⭐ [color=purple]▓▓▓▓▓▓▓▓▓▓▓▓▓▓▓▓░░░░[/color]
► [icon]Yuni Hermit[/icon]                                                                  [icon]charmofflame[/icon]
It's Yuni Hermit's turn![/color]

[color=gray]════════════════ ⭐ [color=purple]Combat ended[/color] ⭐ ════════════════[/color]
[i]'You want what? ... Yes, please.' She turns around and drops to all fours, reaching behind to spread her buttcheeks with both paws, letting her pucker 'wink' at you with a flex of her anus. She keeps those cheeks spread until you're up close, letting them make your head disappear. Throughout the booty make-out, she's flexing, squeezing your tongue, 'kissing' right back, and groaning like a whore up front... your face musky with her rear's scent by the time you pull away.[/i]

22-12-2017 12:42:08.9 [PRIV] Bot to charmofflame:

22-12-2017 12:42:09.0 [PRIV] charmofflame: !attack lips to ass
22-12-2017 12:42:30.2 [PRIV] charmofflame: !trainingdummy female
22-12-2017 12:42:30.2 [PRIV] Bot to charmofflame:
[icon]Bot Announcer[/icon][color=gray] Welcome to the training ring! Today we have charmofflame vs Yuni Hermit! Let the match begin![/color]
[color=gray]═════════════════ ⭐ [color=purple]Sexfight ring[/color] ⭐ ═════════════════
 [color=purple]▓▓▓▓▓▓▓▓▓▓▓▓▓▓▓▓▓▓▓▓[/color] ⭐ [color=purple]VS[/color] ⭐ [color=purple]▓▓▓▓▓▓▓▓▓▓▓▓▓▓▓▓▓▓▓▓[/color]
► [icon]charmofflame[/icon]                                                                  [icon]Yuni Hermit[/icon]
It's charmofflame's turn![/color]

22-12-2017 12:42:34.0 [PRIV] Bot to charmofflame:
[icon]Bot Announcer[/icon][color=gray]charmofflame used their lips to tease Yuni Hermit's ass, dealing 20 lust points![/color]
[color=gray]═════════════════ ⭐ [color=purple]Sexfight ring[/color] ⭐ ═════════════════
 [color=purple]░░░░▓▓▓▓▓▓▓▓▓▓▓▓▓▓▓▓[/color] ⭐ [color=purple]VS[/color] ⭐ [color=purple]▓▓▓▓▓▓▓▓▓▓▓▓▓▓▓▓▓▓▓▓[/color]
► [icon]Yuni Hermit[/icon]                                                                  [icon]charmofflame[/icon]
It's Yuni Hermit's turn![/color]
[i]'You want what? ... Yes, please.' She turns around and drops to all fours, reaching behind to spread her buttcheeks with both paws, letting her pucker 'wink' at you with a flex of her anus. She keeps those cheeks spread until you're up close, letting them make your head disappear. Throughout the booty make-out, she's flexing, squeezing your tongue, 'kissing' right back, and groaning like a whore up front... your face musky with her rear's scent by the time you pull away.[/i]

22-12-2017 12:42:34.0 [PRIV] Bot to charmofflame:
[i]Yuni goes for your ass, rolling her fingers around inside your pucker, pumping and thrusting them in your ass to get you worked up.[/i]
[icon]Bot Announcer[/icon][color=gray]Yuni Hermit used their fingers to tease charmofflame's ass, dealing 2 lust points![/color]
[color=gray]═════════════════ ⭐ [color=purple]Sexfight ring[/color] ⭐ ═════════════════
 [color=purple]▓▓▓▓▓▓▓▓▓▓▓▓▓▓▓▓▓▓▓▓[/color] ⭐ [color=purple]VS[/color] ⭐ [color=purple]▓▓▓▓▓▓▓▓▓▓▓▓▓▓▓▓░░░░[/color]
► [icon]charmofflame[/icon]                                                                  [icon]Yuni Hermit[/icon]
It's charmofflame's turn![/color]

22-12-2017 12:42:34.0 [PRIV] charmofflame: !attack lips to ass
22-12-2017 12:42:35.1 [PRIV] Bot to charmofflame:
[icon]Bot Announcer[/icon][color=gray]charmofflame used their lips to tease Yuni Hermit's ass, dealing 17 lust points![/color]
[color=gray]═════════════════ ⭐ [color=purple]Sexfight ring[/color] ⭐ ═════════════════
 [color=purple]░░░░░░░▓▓▓▓▓▓▓▓▓▓▓▓▓[/color] ⭐ [color=purple]VS[/color] ⭐ [color=purple]▓▓▓▓▓▓▓▓▓▓▓▓▓▓▓▓▓▓▓▓[/color]
► [icon]Yuni Hermit[/icon]                                                                  [icon]charmofflame[/icon]
It's Yuni Hermit's turn![/color]
[i]'You want what? ... Yes, please.' She turns around and drops to all fours, reaching behind to spread her buttcheeks with both paws, letting her pucker 'wink' at you with a flex of her anus. She keeps those cheeks spread until you're up close, letting them make your head disappear. Throughout the booty make-out, she's flexing, squeezing your tongue, 'kissing' right back, and groaning like a whore up front... your face musky with her rear's scent by the time you pull away.[/i]

22-12-2017 12:42:35.2 [PRIV] Bot to charmofflame:
[i]Yuni spins you around with a spank, and drops to her knees behind you. Lips touch pucker moments later, the wolf licking your ass like she's at a dog park with you. Lips suckling on your pucker, her tongue shoves inside and explores before pulling out with a loud, vulgar *SLURP*.[/i]
[icon]Bot Announcer[/icon][color=gray]Yuni Hermit used their lips to tease charmofflame's ass, dealing 3 lust points![/color]
[color=gray]═════════════════ ⭐ [color=purple]Sexfight ring[/color] ⭐ ═════════════════
 [color=purple]░▓▓▓▓▓▓▓▓▓▓▓▓▓▓▓▓▓▓▓[/color] ⭐ [color=purple]VS[/color] ⭐ [color=purple]▓▓▓▓▓▓▓▓▓▓▓▓▓░░░░░░░[/color]
► [icon]charmofflame[/icon]                                                                  [icon]Yuni Hermit[/icon]
It's charmofflame's turn![/color]

22-12-2017 12:42:35.2 [PRIV] charmofflame: !attack lips to ass
22-12-2017 12:42:36.5 [PRIV] Bot to charmofflame:
[icon]Bot Announcer[/icon][color=gray]charmofflame used their lips to tease Yuni Hermit's ass, dealing 25 lust points![/color]
[color=gray]═════════════════ ⭐ [color=purple]Sexfight ring[/color] ⭐ ═════════════════
 [color=red]░░░░░░░░░░░░▓▓▓▓▓▓▓▓[/color] ⭐ [color=purple]VS[/color] ⭐ [color=purple]▓▓▓▓▓▓▓▓▓▓▓▓▓▓▓▓▓▓▓░[/color]
► [icon]Yuni Hermit[/icon]                                                                  [icon]charmofflame[/icon]
It's Yuni Hermit's turn![/color]
[i]'You want what? ... Yes, please.' She turns around and drops to all fours, reaching behind to spread her buttcheeks with both paws, letting her pucker 'wink' at you with a flex of her anus. She keeps those cheeks spread until you're up close, letting them make your head disappear. Throughout the booty make-out, she's flexing, squeezing your tongue, 'kissing' right back, and groaning like a whore up front... your face musky with her rear's scent by the time you pull away.[/i]

22-12-2017 12:42:36.5 [PRIV] Bot to charmofflame:
[i]Yuni does a flip, knocking you to the padded mat. Her toes go for your breasts... Soft soled digits, toes pinching your nipples and giving a little tug, a few to each... rolling as much of the flesh of your breast as she can grasp with her hind paws.[/i]
[icon]Bot Announcer[/icon][color=gray]Yuni Hermit used their feet to tease charmofflame's tits, dealing 12 lust points![/color]
[color=gray]═════════════════ ⭐ [color=purple]Sexfight ring[/color] ⭐ ═════════════════
 [color=purple]░░░▓▓▓▓▓▓▓▓▓▓▓▓▓▓▓▓▓[/color] ⭐ [color=purple]VS[/color] ⭐ [color=red]▓▓▓▓▓▓▓▓░░░░░░░░░░░░[/color]
► [icon]charmofflame[/icon]                                                                  [icon]Yuni Hermit[/icon]
It's charmofflame's turn![/color]

22-12-2017 12:42:36.6 [PRIV] charmofflame: !attack lips to ass
22-12-2017 12:42:37.4 [PRIV] Bot to charmofflame:
[icon]Bot Announcer[/icon][color=gray]charmofflame used their lips to tease Yuni Hermit's ass, dealing 20 lust points![/color]
[color=gray]═════════════════ ⭐ [color=purple]Sexfight ring[/color] ⭐ ═════════════════
 [color=red]░░░░░░░░░░░░░░░░▓▓▓▓[/color] ⭐ [color=purple]VS[/color] ⭐ [color=purple]▓▓▓▓▓▓▓▓▓▓▓▓▓▓▓▓▓░░░[/color]
► [icon]Yuni Hermit[/icon]                                                                  [icon]charmofflame[/icon]
It's Yuni Hermit's turn![/color]
[i]'You want what? ... Yes, please.' She turns around and drops to all fours, reaching behind to spread her buttcheeks with both paws, letting her pucker 'wink' at you with a flex of her anus. She keeps those cheeks spread until you're up close, letting them make your head disappear. Throughout the booty make-out, she's flexing, squeezing your tongue, 'kissing' right back, and groaning like a whore up front... your face musky with her rear's scent by the time you pull away.[/i]

22-12-2017 12:42:37.4 [PRIV] Bot to charmofflame:
[i]Yuni grabs your breasts for a thorough groping, making sure to rub your nipples with her thumbs.[/i]
[icon]Bot Announcer[/icon][color=gray]Yuni Hermit used their fingers to tease charmofflame's tits, dealing 8 lust points![/color]
[color=gray]═════════════════ ⭐ [color=purple]Sexfight ring[/color] ⭐ ═════════════════
 [color=purple]░░░░░▓▓▓▓▓▓▓▓▓▓▓▓▓▓▓[/color] ⭐ [color=purple]VS[/color] ⭐ [color=red]▓▓▓▓░░░░░░░░░░░░░░░░[/color]
► [icon]charmofflame[/icon]                                                                  [icon]Yuni Hermit[/icon]
It's charmofflame's turn![/color]

22-12-2017 12:42:37.5 [PRIV] charmofflame: !attack lips to ass
22-12-2017 12:42:38.4 [PRIV] Bot to charmofflame:
[icon]Bot Announcer[/icon][color=gray]charmofflame used their lips to tease Yuni Hermit's ass, dealing 20 lust points![/color]
[color=gray]charmofflame made Yuni Hermit cum! The winner gets $2.00 and the loser gets $1.00, thank you for participating.[/color]
[color=gray]═════════════════ ⭐ [color=purple]Sexfight ring[/color] ⭐ ═════════════════
 [color=red]░░░░░░░░░░░░░░░░░░░░[/color] ⭐ [color=purple]VS[/color] ⭐ [color=purple]▓▓▓▓▓▓▓▓▓▓▓▓▓▓▓░░░░░[/color]
► [icon]Yuni Hermit[/icon]                                                                  [icon]charmofflame[/icon]
It's Yuni Hermit's turn![/color]

[color=gray]════════════════ ⭐ [color=purple]Combat ended[/color] ⭐ ════════════════[/color]
[i]'You want what? ... Yes, please.' She turns around and drops to all fours, reaching behind to spread her buttcheeks with both paws, letting her pucker 'wink' at you with a flex of her anus. She keeps those cheeks spread until you're up close, letting them make your head disappear. Throughout the booty make-out, she's flexing, squeezing your tongue, 'kissing' right back, and groaning like a whore up front... your face musky with her rear's scent by the time you pull away.[/i]

22-12-2017 12:42:38.6 [PRIV] Bot to charmofflame:

22-12-2017 12:42:38.6 [PRIV] charmofflame: !attack lips to ass
22-12-2017 12:43:20.3 [PRIV] charmofflame: !trainingdummy female
22-12-2017 12:43:20.4 [PRIV] Bot to charmofflame:
[icon]Bot Announcer[/icon][color=gray] Welcome to the training ring! Today we have charmofflame vs Yuni Hermit! Let the match begin![/color]
[color=gray]═════════════════ ⭐ [color=purple]Sexfight ring[/color] ⭐ ═════════════════
 [color=purple]▓▓▓▓▓▓▓▓▓▓▓▓▓▓▓▓▓▓▓▓[/color] ⭐ [color=purple]VS[/color] ⭐ [color=purple]▓▓▓▓▓▓▓▓▓▓▓▓▓▓▓▓▓▓▓▓[/color]
► [icon]charmofflame[/icon]                                                                  [icon]Yuni Hermit[/icon]
It's charmofflame's turn![/color]

22-12-2017 12:43:24.0 [PRIV] Bot to charmofflame:
[icon]Bot Announcer[/icon][color=gray]charmofflame used their lips to tease Yuni Hermit's ass, dealing 24 lust points![/color]
[color=gray]═════════════════ ⭐ [color=purple]Sexfight ring[/color] ⭐ ═════════════════
 [color=purple]░░░░▓▓▓▓▓▓▓▓▓▓▓▓▓▓▓▓[/color] ⭐ [color=purple]VS[/color] ⭐ [color=purple]▓▓▓▓▓▓▓▓▓▓▓▓▓▓▓▓▓▓▓▓[/color]
► [icon]Yuni Hermit[/icon]                                                                  [icon]charmofflame[/icon]
It's Yuni Hermit's turn![/color]
[i]'You want what? ... Yes, please.' She turns around and drops to all fours, reaching behind to spread her buttcheeks with both paws, letting her pucker 'wink' at you with a flex of her anus. She keeps those cheeks spread until you're up close, letting them make your head disappear. Throughout the booty make-out, she's flexing, squeezing your tongue, 'kissing' right back, and groaning like a whore up front... your face musky with her rear's scent by the time you pull away.[/i]

22-12-2017 12:43:24.1 [PRIV] Bot to charmofflame:
[i]Yuni bends you backwards for a dip-kiss like a gentleman on a ballroom floor... she pushes her tongue into your mouth as she locks lips with you, exploring your mouth with her licker while she suckles on your own tongue.[/i]
[icon]Bot Announcer[/icon][color=gray]Yuni Hermit used their lips to tease charmofflame's lips, dealing 6 lust points![/color]
[color=gray]═════════════════ ⭐ [color=purple]Sexfight ring[/color] ⭐ ═════════════════
 [color=purple]░▓▓▓▓▓▓▓▓▓▓▓▓▓▓▓▓▓▓▓[/color] ⭐ [color=purple]VS[/color] ⭐ [color=purple]▓▓▓▓▓▓▓▓▓▓▓▓▓▓▓▓░░░░[/color]
► [icon]charmofflame[/icon]                                                                  [icon]Yuni Hermit[/icon]
It's charmofflame's turn![/color]

22-12-2017 12:43:24.1 [PRIV] charmofflame: !attack lips to ass
22-12-2017 12:43:25.0 [PRIV] Bot to charmofflame:
[icon]Bot Announcer[/icon][color=gray]charmofflame used their lips to tease Yuni Hermit's ass, dealing 17 lust points![/color]
[color=gray]═════════════════ ⭐ [color=purple]Sexfight ring[/color] ⭐ ═════════════════
 [color=purple]░░░░░░░░▓▓▓▓▓▓▓▓▓▓▓▓[/color] ⭐ [color=purple]VS[/color] ⭐ [color=purple]▓▓▓▓▓▓▓▓▓▓▓▓▓▓▓▓▓▓▓░[/color]
► [icon]Yuni Hermit[/icon]                                                                  [icon]charmofflame[/icon]
It's Yuni Hermit's turn![/color]
[i]'You want what? ... Yes, please.' She turns around and drops to all fours, reaching behind to spread her buttcheeks with both paws, letting her pucker 'wink' at you with a flex of her anus. She keeps those cheeks spread until you're up close, letting them make your head disappear. Throughout the booty make-out, she's flexing, squeezing your tongue, 'kissing' right back, and groaning like a whore up front... your face musky with her rear's scent by the time you pull away.[/i]

22-12-2017 12:43:25.1 [PRIV] Bot to charmofflame:
[i]Yuni giggles behind an open palm and pounces you... wrapping her legs around your chest. Somehow, she manages to squish one of your breasts up between her legs, grinding her pussy back and forth over your breast like she's trying to scissor with it... it's wet, tingly, and she hops off with a peck of a kiss to your forehead.[/i]
[icon]Bot Announcer[/icon][color=gray]Yuni Hermit used their sex to tease charmofflame's tits, dealing 9 lust points![/color]
[color=gray]═════════════════ ⭐ [color=purple]Sexfight ring[/color] ⭐ ═════════════════
 [color=purple]░░░▓▓▓▓▓▓▓▓▓▓▓▓▓▓▓▓▓[/color] ⭐ [color=purple]VS[/color] ⭐ [color=purple]▓▓▓▓▓▓▓▓▓▓▓▓░░░░░░░░[/color]
► [icon]charmofflame[/icon]                                                                  [icon]Yuni Hermit[/icon]
It's charmofflame's turn![/color]

22-12-2017 12:43:25.1 [PRIV] charmofflame: !attack lips to ass
22-12-2017 12:43:26.0 [PRIV] Bot to charmofflame:
[icon]Bot Announcer[/icon][color=gray]charmofflame used their lips to tease Yuni Hermit's ass, dealing 16 lust points![/color]
[color=gray]═════════════════ ⭐ [color=purple]Sexfight ring[/color] ⭐ ═════════════════
 [color=red]░░░░░░░░░░░▓▓▓▓▓▓▓▓▓[/color] ⭐ [color=purple]VS[/color] ⭐ [color=purple]▓▓▓▓▓▓▓▓▓▓▓▓▓▓▓▓▓░░░[/color]
► [icon]Yuni Hermit[/icon]                                                                  [icon]charmofflame[/icon]
It's Yuni Hermit's turn![/color]
[i]'You want what? ... Yes, please.' She turns around and drops to all fours, reaching behind to spread her buttcheeks with both paws, letting her pucker 'wink' at you with a flex of her anus. She keeps those cheeks spread until you're up close, letting them make your head disappear. Throughout the booty make-out, she's flexing, squeezing your tongue, 'kissing' right back, and groaning like a whore up front... your face musky with her rear's scent by the time you pull away.[/i]

22-12-2017 12:43:26.1 [PRIV] Bot to charmofflame:
[i]Yuni spins you around with a spank, and drops to her knees behind you. Lips touch pucker moments later, the wolf licking your ass like she's at a dog park with you. Lips suckling on your pucker, her tongue shoves inside and explores before pulling out with a loud, vulgar *SLURP*.[/i]
[icon]Bot Announcer[/icon][color=gray]Yuni Hermit used their lips to tease charmofflame's ass, dealing 2 lust points![/color]
[color=gray]═════════════════ ⭐ [color=purple]Sexfight ring[/color] ⭐ ═════════════════
 [color=purple]░░░▓▓▓▓▓▓▓▓▓▓▓▓▓▓▓▓▓[/color] ⭐ [color=purple]VS[/color] ⭐ [color=red]▓▓▓▓▓▓▓▓▓░░░░░░░░░░░[/color]
► [icon]charmofflame[/icon]                                                                  [icon]Yuni Hermit[/icon]
It's charmofflame's turn![/color]

22-12-2017 12:43:26.1 [PRIV] charmofflame: !attack lips to ass
22-12-2017 12:43:27.0 [PRIV] Bot to charmofflame:
[icon]Bot Announcer[/icon][color=gray]charmofflame used their lips to tease Yuni Hermit's ass, dealing 20 lust points![/color]
[color=gray]═════════════════ ⭐ [color=purple]Sexfight ring[/color] ⭐ ═════════════════
 [color=red]░░░░░░░░░░░░░░░▓▓▓▓▓[/color] ⭐ [color=purple]VS[/color] ⭐ [color=purple]▓▓▓▓▓▓▓▓▓▓▓▓▓▓▓▓▓░░░[/color]
► [icon]Yuni Hermit[/icon]                                                                  [icon]charmofflame[/icon]
It's Yuni Hermit's turn![/color]
[i]'You want what? ... Yes, please.' She turns around and drops to all fours, reaching behind to spread her buttcheeks with both paws, letting her pucker 'wink' at you with a flex of her anus. She keeps those cheeks spread until you're up close, letting them make your head disappear. Throughout the booty make-out, she's flexing, squeezing your tongue, 'kissing' right back, and groaning like a whore up front... your face musky with her rear's scent by the time you pull away.[/i]

22-12-2017 12:43:27.1 [PRIV] Bot to charmofflame:
[i]Yuni wraps her arms around you and squashes her chest against you from the front. Her breasts pillow and goosh out against your own. '... Mine are bigger, Slut.' she taunts, before hopping back.[/i]
[icon]Bot Announcer[/icon][color=gray]Yuni Hermit used their tits to tease charmofflame's tits, dealing 2 lust points![/color]
[color=gray]═════════════════ ⭐ [color=purple]Sexfight ring[/color] ⭐ ═════════════════
 [color=purple]░░░▓▓▓▓▓▓▓▓▓▓▓▓▓▓▓▓▓[/color] ⭐ [color=purple]VS[/color] ⭐ [color=red]▓▓▓▓▓░░░░░░░░░░░░░░░[/color]
► [icon]charmofflame[/icon]                                                                  [icon]Yuni Hermit[/icon]
It's charmofflame's turn![/color]

22-12-2017 12:43:27.1 [PRIV] charmofflame: !attack lips to ass
22-12-2017 12:43:27.9 [PRIV] Bot to charmofflame:
[icon]Bot Announcer[/icon][color=gray]charmofflame used their lips to tease Yuni Hermit's ass, dealing 25 lust points![/color]
[color=gray]charmofflame made Yuni Hermit cum! The winner gets $2.00 and the loser gets $1.00, thank you for participating.[/color]
[color=gray]═════════════════ ⭐ [color=purple]Sexfight ring[/color] ⭐ ═════════════════
 [color=red]░░░░░░░░░░░░░░░░░░░░[/color] ⭐ [color=purple]VS[/color] ⭐ [color=purple]▓▓▓▓▓▓▓▓▓▓▓▓▓▓▓▓▓░░░[/color]
► [icon]Yuni Hermit[/icon]                                                                  [icon]charmofflame[/icon]
It's Yuni Hermit's turn![/color]

[color=gray]════════════════ ⭐ [color=purple]Combat ended[/color] ⭐ ════════════════[/color]
[i]'You want what? ... Yes, please.' She turns around and drops to all fours, reaching behind to spread her buttcheeks with both paws, letting her pucker 'wink' at you with a flex of her anus. She keeps those cheeks spread until you're up close, letting them make your head disappear. Throughout the booty make-out, she's flexing, squeezing your tongue, 'kissing' right back, and groaning like a whore up front... your face musky with her rear's scent by the time you pull away.[/i]

22-12-2017 12:43:27.9 [PRIV] Bot to charmofflame:

22-12-2017 12:43:27.9 [PRIV] charmofflame: !attack lips to ass
22-12-2017 12:43:48.4 [PRIV] charmofflame: !sheet
22-12-2017 12:43:48.5 [PRIV] Bot to charmofflame:
[color=gray]══════════════════════════════════════════════════
                                 ⭐ ⭐ [color=purple][b]General details[/b][/color] ⭐ ⭐
══════════════════════════════════════════════════
[color=pink]                     [icon]charmofflame[/icon]
          [b]Name:[/b] charmofflame | [b]Money:[/b] $43.00
[/color]══════════════════════════════════════════════════
                                 ⭐ ⭐ [color=purple][b]Attack / Defense[/b][/color] ⭐ ⭐
══════════════════════════════════════════════════
[color=pink]          [b]Lips:[/b] 7 / 4
          [b]Fingers:[/b] 6
          [b]Tits:[/b] 5 / 7
          [b]Sex:[/b] 5 / 7
          [b]Ass:[/b] 5 / 7
          [b]Feet:[/b] -3[/color]
══════════════════════════════════════════════════
                                 ⭐ ⭐ [color=purple][b]Equipment[/b][/color] ⭐ ⭐
══════════════════════════════════════════════════
[color=pink]          [b]Sextoy:[/b] Egg vibrator
                    +1 attack to fingers.
          [b]Outfit:[/b] Mistress suit
                    +2 defense to tits, +2 defense to sex, +2 defense to ass.
          [b]Accessory:[/b] Tongue piercing
                    -1 defense to lips, +2 attack to lips.
          [b]Flavor item:[/b] None
                    Nothing equiped.
[/color]══════════════════════════════════════════════════
                                 ⭐ ⭐ [color=purple][b]Inventory[/b][/color] ⭐ ⭐
══════════════════════════════════════════════════
[color=pink]          Nude. Just you and your body.
          Hand. Starter weapon.
          Wristbands. Standard uniform.
          Small bikini. +1 defense to tits, +2 defense to sex, +1 defense to ass.
          Tongue piercing. -1 defense to lips, +2 attack to lips.
          Egg vibrator. +1 attack to fingers.
          Mistress suit. +2 defense to tits, +2 defense to sex, +2 defense to ass.
[/color][/color]
22-12-2017 12:44:52.9 [ROOM] charmofflame: Looks around to see if anyone is in the seemingly empty locale
22-12-2017 13:48:04.0 [ROOM] Palalski Darkpaw: crashes on the sofa
22-12-2017 14:31:04.5 [ROOM] Darent: Hello everyone! How's it going?
22-12-2017 15:44:42.9 [ROOM] Ryician: /me pokes his head in, waving.
22-12-2017 15:45:11.7 [ROOM] Darent: /me pokes Ryician
22-12-2017 15:45:25.1 [ROOM] Ryician: Hey now....be nice
22-12-2017 16:51:14.7 [PRIV] Evan Clark: !trainingdummy2 male
22-12-2017 16:51:15.3 [PRIV] Bot to Evan Clark:
[icon]Bot Announcer[/icon][color=gray] Welcome to the training ring! Today we have Evan Clark vs Sissy Robert Bot! Let the match begin![/color]
[color=gray]═════════════════ ⭐ [color=purple]Sexfight ring[/color] ⭐ ═════════════════
 [color=purple]▓▓▓▓▓▓▓▓▓▓▓▓▓▓▓▓▓▓▓▓[/color] ⭐ [color=purple]VS[/color] ⭐ [color=purple]▓▓▓▓▓▓▓▓▓▓▓▓▓▓▓▓▓▓▓▓[/color]
► [icon]Evan Clark[/icon]                                                                  [icon]Sissy Robert Bot[/icon]
It's Evan Clark's turn![/color]

22-12-2017 16:51:18.9 [PRIV] Bot to Evan Clark:
[icon]Bot Announcer[/icon][color=gray]Evan Clark used their tits to tease Sissy Robert Bot's tits, dealing 14 lust points![/color]
[color=gray]═════════════════ ⭐ [color=purple]Sexfight ring[/color] ⭐ ═════════════════
 [color=purple]░░▓▓▓▓▓▓▓▓▓▓▓▓▓▓▓▓▓▓[/color] ⭐ [color=purple]VS[/color] ⭐ [color=purple]▓▓▓▓▓▓▓▓▓▓▓▓▓▓▓▓▓▓▓▓[/color]
► [icon]Sissy Robert Bot[/icon]                                                                  [icon]Evan Clark[/icon]
It's Sissy Robert Bot's turn![/color]
[i]Sissy Robert moans as you tease him![/i]

22-12-2017 16:51:19.0 [PRIV] Bot to Evan Clark:
[i]But then, Sissy Robert sends a sex attack at you![/i]
[icon]Bot Announcer[/icon][color=gray]Sissy Robert Bot used their tits to tease Evan Clark's tits, dealing 4 lust points![/color]
[color=gray]═════════════════ ⭐ [color=purple]Sexfight ring[/color] ⭐ ═════════════════
 [color=purple]▓▓▓▓▓▓▓▓▓▓▓▓▓▓▓▓▓▓▓▓[/color] ⭐ [color=purple]VS[/color] ⭐ [color=purple]▓▓▓▓▓▓▓▓▓▓▓▓▓▓▓▓▓▓░░[/color]
► [icon]Evan Clark[/icon]                                                                  [icon]Sissy Robert Bot[/icon]
It's Evan Clark's turn![/color]

22-12-2017 16:51:19.0 [PRIV] Evan Clark: !attack tits to tits
22-12-2017 16:51:24.4 [PRIV] Bot to Evan Clark:
[icon]Bot Announcer[/icon][color=gray]Evan Clark used their lips to tease Sissy Robert Bot's tits, dealing 18 lust points![/color]
[color=gray]═════════════════ ⭐ [color=purple]Sexfight ring[/color] ⭐ ═════════════════
 [color=purple]░░░░░░▓▓▓▓▓▓▓▓▓▓▓▓▓▓[/color] ⭐ [color=purple]VS[/color] ⭐ [color=purple]▓▓▓▓▓▓▓▓▓▓▓▓▓▓▓▓▓▓▓▓[/color]
► [icon]Sissy Robert Bot[/icon]                                                                  [icon]Evan Clark[/icon]
It's Sissy Robert Bot's turn![/color]
[i]Sissy Robert moans as you tease him![/i]

22-12-2017 16:51:24.4 [PRIV] Bot to Evan Clark:
[i]But then, Sissy Robert sends a sex attack at you![/i]
[icon]Bot Announcer[/icon][color=gray]Sissy Robert Bot used their fingers to tease Evan Clark's tits, dealing 4 lust points![/color]
[color=gray]═════════════════ ⭐ [color=purple]Sexfight ring[/color] ⭐ ═════════════════
 [color=purple]░▓▓▓▓▓▓▓▓▓▓▓▓▓▓▓▓▓▓▓[/color] ⭐ [color=purple]VS[/color] ⭐ [color=purple]▓▓▓▓▓▓▓▓▓▓▓▓▓▓░░░░░░[/color]
► [icon]Evan Clark[/icon]                                                                  [icon]Sissy Robert Bot[/icon]
It's Evan Clark's turn![/color]

22-12-2017 16:51:24.5 [PRIV] Evan Clark: !attack lips to tits
22-12-2017 16:51:31.0 [PRIV] Bot to Evan Clark:
[icon]Bot Announcer[/icon][color=gray]Evan Clark used their fingers to tease Sissy Robert Bot's sex, dealing 21 lust points![/color]
[color=gray]═════════════════ ⭐ [color=purple]Sexfight ring[/color] ⭐ ═════════════════
 [color=red]░░░░░░░░░░▓▓▓▓▓▓▓▓▓▓[/color] ⭐ [color=purple]VS[/color] ⭐ [color=purple]▓▓▓▓▓▓▓▓▓▓▓▓▓▓▓▓▓▓▓░[/color]
► [icon]Sissy Robert Bot[/icon]                                                                  [icon]Evan Clark[/icon]
It's Sissy Robert Bot's turn![/color]
[i]Sissy Robert moans as you tease him![/i]

22-12-2017 16:51:31.0 [PRIV] Bot to Evan Clark:
[i]But then, Sissy Robert sends a sex attack at you![/i]
[icon]Bot Announcer[/icon][color=gray]Sissy Robert Bot used their feet to tease Evan Clark's sex, dealing 7 lust points![/color]
[color=gray]═════════════════ ⭐ [color=purple]Sexfight ring[/color] ⭐ ═════════════════
 [color=purple]░░░▓▓▓▓▓▓▓▓▓▓▓▓▓▓▓▓▓[/color] ⭐ [color=purple]VS[/color] ⭐ [color=red]▓▓▓▓▓▓▓▓▓▓░░░░░░░░░░[/color]
► [icon]Evan Clark[/icon]                                                                  [icon]Sissy Robert Bot[/icon]
It's Evan Clark's turn![/color]

22-12-2017 16:51:31.0 [PRIV] Evan Clark: !attack fingers to sex
22-12-2017 16:51:40.0 [PRIV] Bot to Evan Clark:
[icon]Bot Announcer[/icon][color=gray]Evan Clark passed their turn![/color]
[i]Robert laughs to himself. 'You want more? Okay... come here, Cutie.' He beckons with one hand, staring hungrily at your body and licking his lips.[/i]
[i]But then, Sissy Robert sends a sex attack at you![/i]
[icon]Bot Announcer[/icon][color=gray]Sissy Robert Bot used their sex to tease Evan Clark's ass, dealing 3 lust points![/color]
[color=gray]═════════════════ ⭐ [color=purple]Sexfight ring[/color] ⭐ ═════════════════
 [color=purple]░░░▓▓▓▓▓▓▓▓▓▓▓▓▓▓▓▓▓[/color] ⭐ [color=purple]VS[/color] ⭐ [color=red]▓▓▓▓▓▓▓▓▓▓░░░░░░░░░░[/color]
► [icon]Evan Clark[/icon]                                                                  [icon]Sissy Robert Bot[/icon]
It's Evan Clark's turn![/color]

22-12-2017 16:51:40.0 [PRIV] Evan Clark: !pass
22-12-2017 16:51:48.1 [PRIV] Bot to Evan Clark:
[icon]Bot Announcer[/icon][color=gray]Evan Clark used their sex to tease Sissy Robert Bot's sex, dealing 22 lust points![/color]
[color=gray]═════════════════ ⭐ [color=purple]Sexfight ring[/color] ⭐ ═════════════════
 [color=red]░░░░░░░░░░░░░░░▓▓▓▓▓[/color] ⭐ [color=purple]VS[/color] ⭐ [color=purple]▓▓▓▓▓▓▓▓▓▓▓▓▓▓▓▓▓░░░[/color]
► [icon]Sissy Robert Bot[/icon]                                                                  [icon]Evan Clark[/icon]
It's Sissy Robert Bot's turn![/color]
[i]Sissy Robert moans as you tease him![/i]

22-12-2017 16:51:48.1 [PRIV] Bot to Evan Clark:
[i]But then, Sissy Robert sends a sex attack at you![/i]
[icon]Bot Announcer[/icon][color=gray]Sissy Robert Bot used their feet to tease Evan Clark's ass, dealing 6 lust points![/color]
[color=gray]═════════════════ ⭐ [color=purple]Sexfight ring[/color] ⭐ ═════════════════
 [color=purple]░░░░▓▓▓▓▓▓▓▓▓▓▓▓▓▓▓▓[/color] ⭐ [color=purple]VS[/color] ⭐ [color=red]▓▓▓▓▓░░░░░░░░░░░░░░░[/color]
► [icon]Evan Clark[/icon]                                                                  [icon]Sissy Robert Bot[/icon]
It's Evan Clark's turn![/color]

22-12-2017 16:51:48.2 [PRIV] Evan Clark: !attack sex to sex
22-12-2017 16:51:56.0 [PRIV] Bot to Evan Clark:
[icon]Bot Announcer[/icon][color=gray]Evan Clark passed their turn![/color]
[i]Robert laughs to himself. 'You want more? Okay... come here, Cutie.' He beckons with one hand, staring hungrily at your body and licking his lips.[/i]
[i]But then, Sissy Robert sends a sex attack at you![/i]
[icon]Bot Announcer[/icon][color=gray]Sissy Robert Bot used their lips to tease Evan Clark's lips, dealing 6 lust points![/color]
[color=gray]═════════════════ ⭐ [color=purple]Sexfight ring[/color] ⭐ ═════════════════
 [color=purple]░░░░░░▓▓▓▓▓▓▓▓▓▓▓▓▓▓[/color] ⭐ [color=purple]VS[/color] ⭐ [color=red]▓▓▓▓▓░░░░░░░░░░░░░░░[/color]
► [icon]Evan Clark[/icon]                                                                  [icon]Sissy Robert Bot[/icon]
It's Evan Clark's turn![/color]

22-12-2017 16:51:56.0 [PRIV] Evan Clark: !pass
22-12-2017 16:52:03.1 [PRIV] Bot to Evan Clark:
[icon]Bot Announcer[/icon][color=gray]Evan Clark used their lips to tease Sissy Robert Bot's tits, dealing 18 lust points![/color]
[color=gray]═════════════════ ⭐ [color=purple]Sexfight ring[/color] ⭐ ═════════════════
 [color=red]░░░░░░░░░░░░░░░░░░▓▓[/color] ⭐ [color=purple]VS[/color] ⭐ [color=purple]▓▓▓▓▓▓▓▓▓▓▓▓▓▓░░░░░░[/color]
► [icon]Sissy Robert Bot[/icon]                                                                  [icon]Evan Clark[/icon]
It's Sissy Robert Bot's turn![/color]
[i]Sissy Robert moans as you tease him![/i]

22-12-2017 16:52:03.1 [PRIV] Bot to Evan Clark:
[i]But then, Sissy Robert sends a sex attack at you![/i]
[icon]Bot Announcer[/icon][color=gray]Sissy Robert Bot used their ass to tease Evan Clark's tits, dealing 1 lust points![/color]
[color=gray]═════════════════ ⭐ [color=purple]Sexfight ring[/color] ⭐ ═════════════════
 [color=purple]░░░░░░▓▓▓▓▓▓▓▓▓▓▓▓▓▓[/color] ⭐ [color=purple]VS[/color] ⭐ [color=red]▓▓░░░░░░░░░░░░░░░░░░[/color]
► [icon]Evan Clark[/icon]                                                                  [icon]Sissy Robert Bot[/icon]
It's Evan Clark's turn![/color]

22-12-2017 16:52:03.2 [PRIV] Evan Clark: !attack lips to tits
22-12-2017 16:52:11.6 [PRIV] Bot to Evan Clark:
[icon]Bot Announcer[/icon][color=gray]Evan Clark used their ass to tease Sissy Robert Bot's ass, dealing 19 lust points![/color]
[color=gray]Evan Clark made Sissy Robert Bot cum! The winner gets $2.00 and the loser gets $1.00, thank you for participating.[/color]
[color=gray]═════════════════ ⭐ [color=purple]Sexfight ring[/color] ⭐ ═════════════════
 [color=red]░░░░░░░░░░░░░░░░░░░░[/color] ⭐ [color=purple]VS[/color] ⭐ [color=purple]▓▓▓▓▓▓▓▓▓▓▓▓▓▓░░░░░░[/color]
► [icon]Sissy Robert Bot[/icon]                                                                  [icon]Evan Clark[/icon]
It's Sissy Robert Bot's turn![/color]

[color=gray]════════════════ ⭐ [color=purple]Combat ended[/color] ⭐ ════════════════[/color]
[i]Sissy Robert moans as you tease him![/i]

22-12-2017 16:52:11.7 [PRIV] Bot to Evan Clark:

22-12-2017 16:52:11.7 [PRIV] Evan Clark: !attack ass to ass
22-12-2017 16:52:17.2 [PRIV] Evan Clark: !card
22-12-2017 16:52:17.2 [PRIV] Bot to Evan Clark:
[color=gray]══════════════════════════════════════════════════
                                 ⭐ ⭐ [color=green][b]Character card[/b][/color] ⭐ ⭐
══════════════════════════════════════════════════
[color=gray]                     [icon]Evan Clark[/icon]
          [b]Name:[/b] Evan Clark | [b]Money:[/b] $11.00
          [b]Attack:[/b] 1 Lips, 4 Fingers, 1 Tits, 3 Sex, 4 Ass, 3 Feet.
          [b]Defense:[/b] -1 Lips, 4 Tits, 2 Sex, 4 Ass.
          [b]Sextoy:[/b] Socks. +1 attack to feet.
          [b]Outfit:[/b] Spats. +2 defense to sex, +2 defense to ass.
          [b]Accessory:[/b] Wristbands. Standard uniform.
          [b]Flavor item:[/b] None. Nothing equiped.
[/color][/color]
22-12-2017 16:52:47.9 [PRIV] Evan Clark: !train defense on tits
22-12-2017 16:52:47.9 [PRIV] Bot to Evan Clark:[eicon]training[/eicon] Training successful! You now have 5 points in defense on tits.
22-12-2017 18:21:48.8 [ROOM] Palalski Darkpaw: brings in a large tray of christmas themed choco cookies and milk
22-12-2017 19:11:13.4 [PRIV] Kyle A Darkheart: !trainingdummy male
22-12-2017 19:11:13.4 [PRIV] Bot to Kyle A Darkheart:
[icon]Bot Announcer[/icon][color=gray] Welcome to the training ring! Today we have Kyle A Darkheart vs Yuni Hermit! Let the match begin![/color]
[color=gray]═════════════════ ⭐ [color=purple]Sexfight ring[/color] ⭐ ═════════════════
 [color=purple]▓▓▓▓▓▓▓▓▓▓▓▓▓▓▓▓▓▓▓▓[/color] ⭐ [color=purple]VS[/color] ⭐ [color=purple]▓▓▓▓▓▓▓▓▓▓▓▓▓▓▓▓▓▓▓▓[/color]
► [icon]Kyle A Darkheart[/icon]                                                                  [icon]Yuni Hermit[/icon]
It's Kyle A Darkheart's turn![/color]

22-12-2017 19:11:26.9 [PRIV] Kyle A Darkheart: Mouth to tits
22-12-2017 19:11:46.9 [PRIV] Kyle A Darkheart: Lips to tits
22-12-2017 19:12:49.8 [PRIV] Kyle A Darkheart: Hips to hips
22-12-2017 19:14:55.4 [PRIV] Bot to Kyle A Darkheart:Invalid body parts. Example of valid ones: lips, fingers, tits, sex, ass, feet. Also remember to use 'to', example: !attack tits to lips. To see the full list, check the bot profile.
22-12-2017 19:14:55.4 [PRIV] Kyle A Darkheart: !attack Lips to tits
22-12-2017 19:15:25.3 [PRIV] Bot to Kyle A Darkheart:Invalid body parts. Example of valid ones: lips, fingers, tits, sex, ass, feet. Also remember to use 'to', example: !attack tits to lips. To see the full list, check the bot profile.
22-12-2017 19:15:25.3 [PRIV] Kyle A Darkheart: !attack Lips to tits
22-12-2017 19:15:42.2 [PRIV] Bot to Kyle A Darkheart:Invalid body parts. Example of valid ones: lips, fingers, tits, sex, ass, feet. Also remember to use 'to', example: !attack tits to lips. To see the full list, check the bot profile.
22-12-2017 19:15:42.2 [PRIV] Kyle A Darkheart: !attack hips to hips
22-12-2017 19:15:57.5 [PRIV] Bot to Kyle A Darkheart:
[icon]Bot Announcer[/icon][color=gray]Kyle A Darkheart used their sex to tease Yuni Hermit's sex, dealing 16 lust points![/color]
[color=gray]═════════════════ ⭐ [color=purple]Sexfight ring[/color] ⭐ ═════════════════
 [color=purple]░░░▓▓▓▓▓▓▓▓▓▓▓▓▓▓▓▓▓[/color] ⭐ [color=purple]VS[/color] ⭐ [color=purple]▓▓▓▓▓▓▓▓▓▓▓▓▓▓▓▓▓▓▓▓[/color]
► [icon]Yuni Hermit[/icon]                                                                  [icon]Kyle A Darkheart[/icon]
It's Yuni Hermit's turn![/color]
[i]Yuni can't resist a cock. She drops to her back, spreading her legs then rolling them back in an exaggerated missionary position. 'Fuck meeee!' she groans. Her nethers are warm, wet, and squish around your cock like a velvet vicegrip when you insert, her blushing, breasts bouncing, eyes crossed with mindless lust as she accepts every thrust you have. She gasps and groans, tongue drooling, pussy soaking your groin with arousal as you fuck her silly. 'M... more... don't stop!'[/i]

22-12-2017 19:15:57.5 [PRIV] Bot to Kyle A Darkheart:
[i]Yuni stares at your groin like a greedy harlot. '... Mine.' She does a double-footed leg-sweep, holding herself up with her paws to do so... Once your cock is properly pointed skywards, she drops onto it like she's trying to squish a Goomba. Your cock vanishes first into her anal cleavage, second into her pucker... warmth, pressure, and friction engulfing your member. She grabs your legs for leverage, and gives a bouncy, noisy, ball-slapping ride in her rear end before hopping off your bedraggled form.[/i]
[icon]Bot Announcer[/icon][color=gray]Yuni Hermit used their ass to tease Kyle A Darkheart's penis, dealing 6 lust points![/color]
[color=gray]═════════════════ ⭐ [color=purple]Sexfight ring[/color] ⭐ ═════════════════
 [color=purple]░▓▓▓▓▓▓▓▓▓▓▓▓▓▓▓▓▓▓▓[/color] ⭐ [color=purple]VS[/color] ⭐ [color=purple]▓▓▓▓▓▓▓▓▓▓▓▓▓▓▓▓▓░░░[/color]
► [icon]Kyle A Darkheart[/icon]                                                                  [icon]Yuni Hermit[/icon]
It's Kyle A Darkheart's turn![/color]

22-12-2017 19:15:57.6 [PRIV] Kyle A Darkheart: !attack sex to sex
22-12-2017 19:16:26.8 [PRIV] Kyle A Darkheart:  !attack sex to sex
22-12-2017 19:16:49.5 [PRIV] Bot to Kyle A Darkheart:
[icon]Bot Announcer[/icon][color=gray]Kyle A Darkheart used their sex to tease Yuni Hermit's sex, dealing 16 lust points![/color]
[color=gray]═════════════════ ⭐ [color=purple]Sexfight ring[/color] ⭐ ═════════════════
 [color=purple]░░░░░░▓▓▓▓▓▓▓▓▓▓▓▓▓▓[/color] ⭐ [color=purple]VS[/color] ⭐ [color=purple]▓▓▓▓▓▓▓▓▓▓▓▓▓▓▓▓▓▓▓░[/color]
► [icon]Yuni Hermit[/icon]                                                                  [icon]Kyle A Darkheart[/icon]
It's Yuni Hermit's turn![/color]
[i]Yuni can't resist a cock. She drops to her back, spreading her legs then rolling them back in an exaggerated missionary position. 'Fuck meeee!' she groans. Her nethers are warm, wet, and squish around your cock like a velvet vicegrip when you insert, her blushing, breasts bouncing, eyes crossed with mindless lust as she accepts every thrust you have. She gasps and groans, tongue drooling, pussy soaking your groin with arousal as you fuck her silly. 'M... more... don't stop!'[/i]

22-12-2017 19:16:49.5 [PRIV] Bot to Kyle A Darkheart:
[i]Yuni smirks. 'Hungry? No? Too bad.' she teases. She turns around and hip-drops, slamming you to the mat with her rear end... with her naked behind on your face, she makes the world vanish into darkness. 'Eat.' she taunts. She starts grinding her pucker on your mouth, anus rubbing, smearing her scent, trying to force you to tongue her tush if she can get away with it... getting up only when you are desperate for breath.[/i]
[icon]Bot Announcer[/icon][color=gray]Yuni Hermit used their ass to tease Kyle A Darkheart's lips, dealing 13 lust points![/color]
[color=gray]═════════════════ ⭐ [color=purple]Sexfight ring[/color] ⭐ ═════════════════
 [color=purple]░░░▓▓▓▓▓▓▓▓▓▓▓▓▓▓▓▓▓[/color] ⭐ [color=purple]VS[/color] ⭐ [color=purple]▓▓▓▓▓▓▓▓▓▓▓▓▓▓░░░░░░[/color]
► [icon]Kyle A Darkheart[/icon]                                                                  [icon]Yuni Hermit[/icon]
It's Kyle A Darkheart's turn![/color]

22-12-2017 19:16:49.6 [PRIV] Kyle A Darkheart: !attack sex to sex
22-12-2017 19:17:13.1 [PRIV] Bot to Kyle A Darkheart:
[icon]Bot Announcer[/icon][color=gray]Kyle A Darkheart used their sex to tease Yuni Hermit's sex, dealing 19 lust points![/color]
[color=gray]═════════════════ ⭐ [color=purple]Sexfight ring[/color] ⭐ ═════════════════
 [color=red]░░░░░░░░░░▓▓▓▓▓▓▓▓▓▓[/color] ⭐ [color=purple]VS[/color] ⭐ [color=purple]▓▓▓▓▓▓▓▓▓▓▓▓▓▓▓▓▓░░░[/color]
► [icon]Yuni Hermit[/icon]                                                                  [icon]Kyle A Darkheart[/icon]
It's Yuni Hermit's turn![/color]
[i]Yuni can't resist a cock. She drops to her back, spreading her legs then rolling them back in an exaggerated missionary position. 'Fuck meeee!' she groans. Her nethers are warm, wet, and squish around your cock like a velvet vicegrip when you insert, her blushing, breasts bouncing, eyes crossed with mindless lust as she accepts every thrust you have. She gasps and groans, tongue drooling, pussy soaking your groin with arousal as you fuck her silly. 'M... more... don't stop!'[/i]

22-12-2017 19:17:13.1 [PRIV] Bot to Kyle A Darkheart:
[i]Yuni looks at your rear for a moment... then drags a double-ended dildo out of her cleavage somehow, shoving one end up her booty... She hops forwards, bouncing her breasts off of your face to knock you to the mat, then grabs your legs as handles. Pointing your legs skywards, she faces away from you and sits down... letting the other end of that toy slip into YOUR ass. A bounce-fest begins, the harlot using her own ass to fuck yours with the toy... as she gets plenty of stuffing along the way. 'More!'[/i]
[icon]Bot Announcer[/icon][color=gray]Yuni Hermit used their ass to tease Kyle A Darkheart's ass, dealing 11 lust points![/color]
[color=gray]═════════════════ ⭐ [color=purple]Sexfight ring[/color] ⭐ ═════════════════
 [color=purple]░░░░░░▓▓▓▓▓▓▓▓▓▓▓▓▓▓[/color] ⭐ [color=purple]VS[/color] ⭐ [color=red]▓▓▓▓▓▓▓▓▓▓░░░░░░░░░░[/color]
► [icon]Kyle A Darkheart[/icon]                                                                  [icon]Yuni Hermit[/icon]
It's Kyle A Darkheart's turn![/color]

22-12-2017 19:17:13.2 [PRIV] Kyle A Darkheart: !attack sex to sex
22-12-2017 19:17:24.9 [PRIV] Bot to Kyle A Darkheart:
[icon]Bot Announcer[/icon][color=gray]Kyle A Darkheart used their sex to tease Yuni Hermit's sex, dealing 18 lust points![/color]
[color=gray]═════════════════ ⭐ [color=purple]Sexfight ring[/color] ⭐ ═════════════════
 [color=red]░░░░░░░░░░░░░▓▓▓▓▓▓▓[/color] ⭐ [color=purple]VS[/color] ⭐ [color=purple]▓▓▓▓▓▓▓▓▓▓▓▓▓▓░░░░░░[/color]
► [icon]Yuni Hermit[/icon]                                                                  [icon]Kyle A Darkheart[/icon]
It's Yuni Hermit's turn![/color]
[i]Yuni can't resist a cock. She drops to her back, spreading her legs then rolling them back in an exaggerated missionary position. 'Fuck meeee!' she groans. Her nethers are warm, wet, and squish around your cock like a velvet vicegrip when you insert, her blushing, breasts bouncing, eyes crossed with mindless lust as she accepts every thrust you have. She gasps and groans, tongue drooling, pussy soaking your groin with arousal as you fuck her silly. 'M... more... don't stop!'[/i]

22-12-2017 19:17:24.9 [PRIV] Bot to Kyle A Darkheart:
[i]Yuni smirks. 'Hungry? No? Too bad.' she teases. She turns around and hip-drops, slamming you to the mat with her rear end... with her naked behind on your face, she makes the world vanish into darkness. 'Eat.' she taunts. She starts grinding her pucker on your mouth, anus rubbing, smearing her scent, trying to force you to tongue her tush if she can get away with it... getting up only when you are desperate for breath.[/i]
[icon]Bot Announcer[/icon][color=gray]Yuni Hermit used their ass to tease Kyle A Darkheart's lips, dealing 15 lust points![/color]
[color=gray]═════════════════ ⭐ [color=purple]Sexfight ring[/color] ⭐ ═════════════════
 [color=purple]░░░░░░░░░▓▓▓▓▓▓▓▓▓▓▓[/color] ⭐ [color=purple]VS[/color] ⭐ [color=red]▓▓▓▓▓▓▓░░░░░░░░░░░░░[/color]
► [icon]Kyle A Darkheart[/icon]                                                                  [icon]Yuni Hermit[/icon]
It's Kyle A Darkheart's turn![/color]

22-12-2017 19:17:25.0 [PRIV] Kyle A Darkheart: !attack sex to sex
22-12-2017 19:17:32.9 [PRIV] Bot to Kyle A Darkheart:
[icon]Bot Announcer[/icon][color=gray]Kyle A Darkheart used their sex to tease Yuni Hermit's sex, dealing 16 lust points![/color]
[color=gray]═════════════════ ⭐ [color=purple]Sexfight ring[/color] ⭐ ═════════════════
 [color=red]░░░░░░░░░░░░░░░░░▓▓▓[/color] ⭐ [color=purple]VS[/color] ⭐ [color=purple]▓▓▓▓▓▓▓▓▓▓▓░░░░░░░░░[/color]
► [icon]Yuni Hermit[/icon]                                                                  [icon]Kyle A Darkheart[/icon]
It's Yuni Hermit's turn![/color]
[i]Yuni can't resist a cock. She drops to her back, spreading her legs then rolling them back in an exaggerated missionary position. 'Fuck meeee!' she groans. Her nethers are warm, wet, and squish around your cock like a velvet vicegrip when you insert, her blushing, breasts bouncing, eyes crossed with mindless lust as she accepts every thrust you have. She gasps and groans, tongue drooling, pussy soaking your groin with arousal as you fuck her silly. 'M... more... don't stop!'[/i]

22-12-2017 19:17:32.9 [PRIV] Bot to Kyle A Darkheart:
[i]Yuni drops to her knees without warning, shoving her face into your groin for a suckle~ Her lips wrap around your prick, and she begins to suck. Bobbing her head, she sucks your dick as long as she can get away with, a thin strand of drool connecting her lips to your prick as she finally pulls away.[/i]
[icon]Bot Announcer[/icon][color=gray]Yuni Hermit used their lips to tease Kyle A Darkheart's penis, dealing 9 lust points![/color]
[color=gray]═════════════════ ⭐ [color=purple]Sexfight ring[/color] ⭐ ═════════════════
 [color=red]░░░░░░░░░░▓▓▓▓▓▓▓▓▓▓[/color] ⭐ [color=purple]VS[/color] ⭐ [color=red]▓▓▓░░░░░░░░░░░░░░░░░[/color]
► [icon]Kyle A Darkheart[/icon]                                                                  [icon]Yuni Hermit[/icon]
It's Kyle A Darkheart's turn![/color]

22-12-2017 19:17:33.0 [PRIV] Kyle A Darkheart: !attack sex to sex
22-12-2017 19:17:43.4 [PRIV] Bot to Kyle A Darkheart:
[icon]Bot Announcer[/icon][color=gray]Kyle A Darkheart used their sex to tease Yuni Hermit's sex, dealing 12 lust points![/color]
[color=gray]═════════════════ ⭐ [color=purple]Sexfight ring[/color] ⭐ ═════════════════
 [color=red]░░░░░░░░░░░░░░░░░░░▓[/color] ⭐ [color=purple]VS[/color] ⭐ [color=red]▓▓▓▓▓▓▓▓▓▓░░░░░░░░░░[/color]
► [icon]Yuni Hermit[/icon]                                                                  [icon]Kyle A Darkheart[/icon]
It's Yuni Hermit's turn![/color]
[i]Yuni can't resist a cock. She drops to her back, spreading her legs then rolling them back in an exaggerated missionary position. 'Fuck meeee!' she groans. Her nethers are warm, wet, and squish around your cock like a velvet vicegrip when you insert, her blushing, breasts bouncing, eyes crossed with mindless lust as she accepts every thrust you have. She gasps and groans, tongue drooling, pussy soaking your groin with arousal as you fuck her silly. 'M... more... don't stop!'[/i]

22-12-2017 19:17:43.5 [PRIV] Bot to Kyle A Darkheart:
[i]Yuni spins you around with a spank, and drops to her knees behind you. Lips touch pucker moments later, the wolf licking your ass like she's at a dog park with you. Lips suckling on your pucker, her tongue shoves inside and explores before pulling out with a loud, vulgar *SLURP*.[/i]
[icon]Bot Announcer[/icon][color=gray]Yuni Hermit used their lips to tease Kyle A Darkheart's ass, dealing 10 lust points![/color]
[color=gray]═════════════════ ⭐ [color=purple]Sexfight ring[/color] ⭐ ═════════════════
 [color=red]░░░░░░░░░░░░▓▓▓▓▓▓▓▓[/color] ⭐ [color=purple]VS[/color] ⭐ [color=red]▓░░░░░░░░░░░░░░░░░░░[/color]
► [icon]Kyle A Darkheart[/icon]                                                                  [icon]Yuni Hermit[/icon]
It's Kyle A Darkheart's turn![/color]

22-12-2017 19:17:43.5 [PRIV] Kyle A Darkheart: !attack sex to sex
22-12-2017 19:17:51.8 [PRIV] Bot to Kyle A Darkheart:
[icon]Bot Announcer[/icon][color=gray]Kyle A Darkheart used their sex to tease Yuni Hermit's sex, dealing 16 lust points![/color]
[color=gray]Kyle A Darkheart made Yuni Hermit cum! The winner gets $2.00 and the loser gets $1.00, thank you for participating.[/color]
[color=gray]═════════════════ ⭐ [color=purple]Sexfight ring[/color] ⭐ ═════════════════
 [color=red]░░░░░░░░░░░░░░░░░░░░[/color] ⭐ [color=purple]VS[/color] ⭐ [color=red]▓▓▓▓▓▓▓▓░░░░░░░░░░░░[/color]
► [icon]Yuni Hermit[/icon]                                                                  [icon]Kyle A Darkheart[/icon]
It's Yuni Hermit's turn![/color]

[color=gray]════════════════ ⭐ [color=purple]Combat ended[/color] ⭐ ════════════════[/color]
[i]Yuni can't resist a cock. She drops to her back, spreading her legs then rolling them back in an exaggerated missionary position. 'Fuck meeee!' she groans. Her nethers are warm, wet, and squish around your cock like a velvet vicegrip when you insert, her blushing, breasts bouncing, eyes crossed with mindless lust as she accepts every thrust you have. She gasps and groans, tongue drooling, pussy soaking your groin with arousal as you fuck her silly. 'M... more... don't stop!'[/i]

22-12-2017 19:17:51.9 [PRIV] Bot to Kyle A Darkheart:

22-12-2017 19:17:51.9 [PRIV] Kyle A Darkheart: !attack sex to sex
22-12-2017 19:18:19.2 [PRIV] Kyle A Darkheart: .
22-12-2017 20:12:47.9 [ROOM] Ryician: /me saunters in, looking around
22-12-2017 23:21:30.6 [PRIV] Evan Clark: !trainingdummy2 male
22-12-2017 23:21:31.4 [PRIV] Bot to Evan Clark:
[icon]Bot Announcer[/icon][color=gray] Welcome to the training ring! Today we have Evan Clark vs Sissy Robert Bot! Let the match begin![/color]
[color=gray]═════════════════ ⭐ [color=purple]Sexfight ring[/color] ⭐ ═════════════════
 [color=purple]▓▓▓▓▓▓▓▓▓▓▓▓▓▓▓▓▓▓▓▓[/color] ⭐ [color=purple]VS[/color] ⭐ [color=purple]▓▓▓▓▓▓▓▓▓▓▓▓▓▓▓▓▓▓▓▓[/color]
► [icon]Evan Clark[/icon]                                                                  [icon]Sissy Robert Bot[/icon]
It's Evan Clark's turn![/color]

22-12-2017 23:21:49.4 [PRIV] Bot to Evan Clark:
[icon]Bot Announcer[/icon][color=gray]Evan Clark used their tits to tease Sissy Robert Bot's tits, dealing 13 lust points![/color]
[color=gray]═════════════════ ⭐ [color=purple]Sexfight ring[/color] ⭐ ═════════════════
 [color=purple]░░▓▓▓▓▓▓▓▓▓▓▓▓▓▓▓▓▓▓[/color] ⭐ [color=purple]VS[/color] ⭐ [color=purple]▓▓▓▓▓▓▓▓▓▓▓▓▓▓▓▓▓▓▓▓[/color]
► [icon]Sissy Robert Bot[/icon]                                                                  [icon]Evan Clark[/icon]
It's Sissy Robert Bot's turn![/color]
[i]Sissy Robert moans as you tease him![/i]

22-12-2017 23:21:49.4 [PRIV] Bot to Evan Clark:
[i]But then, Sissy Robert sends a sex attack at you![/i]
[icon]Bot Announcer[/icon][color=gray]Sissy Robert Bot used their tits to tease Evan Clark's tits, dealing 1 lust points![/color]
[color=gray]═════════════════ ⭐ [color=purple]Sexfight ring[/color] ⭐ ═════════════════
 [color=purple]▓▓▓▓▓▓▓▓▓▓▓▓▓▓▓▓▓▓▓▓[/color] ⭐ [color=purple]VS[/color] ⭐ [color=purple]▓▓▓▓▓▓▓▓▓▓▓▓▓▓▓▓▓▓░░[/color]
► [icon]Evan Clark[/icon]                                                                  [icon]Sissy Robert Bot[/icon]
It's Evan Clark's turn![/color]

22-12-2017 23:21:49.4 [PRIV] Evan Clark: !attack tits to tits
22-12-2017 23:21:54.9 [PRIV] Bot to Evan Clark:
[icon]Bot Announcer[/icon][color=gray]Evan Clark used their lips to tease Sissy Robert Bot's lips, dealing 18 lust points![/color]
[color=gray]═════════════════ ⭐ [color=purple]Sexfight ring[/color] ⭐ ═════════════════
 [color=purple]░░░░░░▓▓▓▓▓▓▓▓▓▓▓▓▓▓[/color] ⭐ [color=purple]VS[/color] ⭐ [color=purple]▓▓▓▓▓▓▓▓▓▓▓▓▓▓▓▓▓▓▓▓[/color]
► [icon]Sissy Robert Bot[/icon]                                                                  [icon]Evan Clark[/icon]
It's Sissy Robert Bot's turn![/color]
[i]Sissy Robert moans as you tease him![/i]

22-12-2017 23:21:54.9 [PRIV] Bot to Evan Clark:
[i]But then, Sissy Robert sends a sex attack at you![/i]
[icon]Bot Announcer[/icon][color=gray]Sissy Robert Bot used their lips to tease Evan Clark's sex, dealing 4 lust points![/color]
[color=gray]═════════════════ ⭐ [color=purple]Sexfight ring[/color] ⭐ ═════════════════
 [color=purple]░▓▓▓▓▓▓▓▓▓▓▓▓▓▓▓▓▓▓▓[/color] ⭐ [color=purple]VS[/color] ⭐ [color=purple]▓▓▓▓▓▓▓▓▓▓▓▓▓▓░░░░░░[/color]
► [icon]Evan Clark[/icon]                                                                  [icon]Sissy Robert Bot[/icon]
It's Evan Clark's turn![/color]

22-12-2017 23:21:54.9 [PRIV] Evan Clark: !attack lips to lips
22-12-2017 23:22:00.7 [PRIV] Bot to Evan Clark:
[icon]Bot Announcer[/icon][color=gray]Evan Clark used their sex to tease Sissy Robert Bot's sex, dealing 15 lust points![/color]
[color=gray]═════════════════ ⭐ [color=purple]Sexfight ring[/color] ⭐ ═════════════════
 [color=purple]░░░░░░░░░▓▓▓▓▓▓▓▓▓▓▓[/color] ⭐ [color=purple]VS[/color] ⭐ [color=purple]▓▓▓▓▓▓▓▓▓▓▓▓▓▓▓▓▓▓▓░[/color]
► [icon]Sissy Robert Bot[/icon]                                                                  [icon]Evan Clark[/icon]
It's Sissy Robert Bot's turn![/color]
[i]Sissy Robert moans as you tease him![/i]

22-12-2017 23:22:00.7 [PRIV] Bot to Evan Clark:
[i]But then, Sissy Robert sends a sex attack at you![/i]
[icon]Bot Announcer[/icon][color=gray]Sissy Robert Bot used their lips to tease Evan Clark's sex, dealing 9 lust points![/color]
[color=gray]═════════════════ ⭐ [color=purple]Sexfight ring[/color] ⭐ ═════════════════
 [color=purple]░░▓▓▓▓▓▓▓▓▓▓▓▓▓▓▓▓▓▓[/color] ⭐ [color=purple]VS[/color] ⭐ [color=purple]▓▓▓▓▓▓▓▓▓▓▓░░░░░░░░░[/color]
► [icon]Evan Clark[/icon]                                                                  [icon]Sissy Robert Bot[/icon]
It's Evan Clark's turn![/color]

22-12-2017 23:22:00.7 [PRIV] Evan Clark: !attack sex to sex
22-12-2017 23:22:07.1 [PRIV] Bot to Evan Clark:
[icon]Bot Announcer[/icon][color=gray]Evan Clark used their fingers to tease Sissy Robert Bot's sex, dealing 20 lust points![/color]
[color=gray]═════════════════ ⭐ [color=purple]Sexfight ring[/color] ⭐ ═════════════════
 [color=red]░░░░░░░░░░░░░▓▓▓▓▓▓▓[/color] ⭐ [color=purple]VS[/color] ⭐ [color=purple]▓▓▓▓▓▓▓▓▓▓▓▓▓▓▓▓▓▓░░[/color]
► [icon]Sissy Robert Bot[/icon]                                                                  [icon]Evan Clark[/icon]
It's Sissy Robert Bot's turn![/color]
[i]Sissy Robert moans as you tease him![/i]

22-12-2017 23:22:07.1 [PRIV] Bot to Evan Clark:
[i]But then, Sissy Robert sends a sex attack at you![/i]
[icon]Bot Announcer[/icon][color=gray]Sissy Robert Bot used their ass to tease Evan Clark's lips, dealing 8 lust points![/color]
[color=gray]═════════════════ ⭐ [color=purple]Sexfight ring[/color] ⭐ ═════════════════
 [color=purple]░░░░▓▓▓▓▓▓▓▓▓▓▓▓▓▓▓▓[/color] ⭐ [color=purple]VS[/color] ⭐ [color=red]▓▓▓▓▓▓▓░░░░░░░░░░░░░[/color]
► [icon]Evan Clark[/icon]                                                                  [icon]Sissy Robert Bot[/icon]
It's Evan Clark's turn![/color]

22-12-2017 23:22:07.1 [PRIV] Evan Clark: !attack fingers to sex
22-12-2017 23:22:16.0 [PRIV] Bot to Evan Clark:
[icon]Bot Announcer[/icon][color=gray]Evan Clark passed their turn![/color]
[i]Robert laughs to himself. 'You want more? Okay... come here, Cutie.' He beckons with one hand, staring hungrily at your body and licking his lips.[/i]
[i]But then, Sissy Robert sends a sex attack at you![/i]
[icon]Bot Announcer[/icon][color=gray]Sissy Robert Bot used their sex to tease Evan Clark's tits, dealing 1 lust points![/color]
[color=gray]═════════════════ ⭐ [color=purple]Sexfight ring[/color] ⭐ ═════════════════
 [color=purple]░░░░▓▓▓▓▓▓▓▓▓▓▓▓▓▓▓▓[/color] ⭐ [color=purple]VS[/color] ⭐ [color=red]▓▓▓▓▓▓▓░░░░░░░░░░░░░[/color]
► [icon]Evan Clark[/icon]                                                                  [icon]Sissy Robert Bot[/icon]
It's Evan Clark's turn![/color]

22-12-2017 23:22:16.0 [PRIV] Evan Clark: !pass
22-12-2017 23:22:25.2 [PRIV] Bot to Evan Clark:
[icon]Bot Announcer[/icon][color=gray]Evan Clark used their ass to tease Sissy Robert Bot's sex, dealing 17 lust points![/color]
[color=gray]═════════════════ ⭐ [color=purple]Sexfight ring[/color] ⭐ ═════════════════
 [color=red]░░░░░░░░░░░░░░░░▓▓▓▓[/color] ⭐ [color=purple]VS[/color] ⭐ [color=purple]▓▓▓▓▓▓▓▓▓▓▓▓▓▓▓▓░░░░[/color]
► [icon]Sissy Robert Bot[/icon]                                                                  [icon]Evan Clark[/icon]
It's Sissy Robert Bot's turn![/color]
[i]Sissy Robert moans as you tease him![/i]

22-12-2017 23:22:25.2 [PRIV] Bot to Evan Clark:
[i]But then, Sissy Robert sends a sex attack at you![/i]
[icon]Bot Announcer[/icon][color=gray]Sissy Robert Bot used their sex to tease Evan Clark's sex, dealing 3 lust points![/color]
[color=gray]═════════════════ ⭐ [color=purple]Sexfight ring[/color] ⭐ ═════════════════
 [color=purple]░░░░░▓▓▓▓▓▓▓▓▓▓▓▓▓▓▓[/color] ⭐ [color=purple]VS[/color] ⭐ [color=red]▓▓▓▓░░░░░░░░░░░░░░░░[/color]
► [icon]Evan Clark[/icon]                                                                  [icon]Sissy Robert Bot[/icon]
It's Evan Clark's turn![/color]

22-12-2017 23:22:25.3 [PRIV] Evan Clark: !attack ass to sex
22-12-2017 23:22:35.7 [PRIV] Bot to Evan Clark:
[icon]Bot Announcer[/icon][color=gray]Evan Clark used their tits to tease Sissy Robert Bot's lips, dealing 18 lust points![/color]
[color=gray]Evan Clark made Sissy Robert Bot cum! The winner gets $2.00 and the loser gets $1.00, thank you for participating.[/color]
[color=gray]═════════════════ ⭐ [color=purple]Sexfight ring[/color] ⭐ ═════════════════
 [color=red]░░░░░░░░░░░░░░░░░░░░[/color] ⭐ [color=purple]VS[/color] ⭐ [color=purple]▓▓▓▓▓▓▓▓▓▓▓▓▓▓▓░░░░░[/color]
► [icon]Sissy Robert Bot[/icon]                                                                  [icon]Evan Clark[/icon]
It's Sissy Robert Bot's turn![/color]

[color=gray]════════════════ ⭐ [color=purple]Combat ended[/color] ⭐ ════════════════[/color]
[i]Sissy Robert moans as you tease him![/i]

22-12-2017 23:22:35.8 [PRIV] Bot to Evan Clark:

22-12-2017 23:22:35.8 [PRIV] Evan Clark: !attack tits to lips
