24-12-2017 00:02:47.3 [ROOM] Raven: /me squirmed slightly as Rix locked on the hold around her head but she was too distracted to put a lot of effort toward escaping it. The poor thing wasn't going to be able to escape the deep kiss. The poor Kitsune has no choice but to take the  vast majority of that slick black ooze thanks to how expertly the demon was maneuvering her tongue in ways that massaged her throat in all the right ways to force her body to swallow. Periodic audible, wet gulps caused her throat muscles to roll around the tongue violating her face. The tit gropes made her moan and create vibrations around the thick lengthy appendage. The attention as a whole soon had her poor panties growing dampened. Raven also made the mistake of not challenging Rix within the ring, there was no tapping out for her, the only submission available was true submission to Rix and that seemed inevitable if the demon continued.
24-12-2017 00:06:00.6 [ROOM] Lyanna Pelon: ((ive got a weakness for hot blondes in skin tight leotards, sue me :P ))
24-12-2017 00:08:57.7 [ROOM] Rix: /me traps Raven in that kiss for a few long, sweltering moments more, feeding a little off the kitsune... before extracting that long, thick muscle, pulling out it of her maw with a wet little pop. Rix snickered softly, wiping saliva off her chin. [sub]"Tasty."[/sub]
24-12-2017 00:12:32.8 [ROOM] Raven: /me once that tongue was removed the poor thing was left panting and drooling a mixture of both of their saliva. The Kitsune's heart was racing and pounding in her chest due to her extreme arousal. She couldn't even speak for the time being and was only able to stand there silently with her legs trembling and a few droplets of slick nectar running down her thighs while her hips gyrated in the air.
24-12-2017 00:13:11.9 [ROOM] Rix: /me licks her lips again, looking Raven up and down and grinning. "You called me weak, earlier, yes? Let's... go a round in the ring later."
24-12-2017 00:13:33.9 [ROOM] Baely: /me closed her eyes and just gave in to the wonderful sensations of Lyanna's hands massaging her breasts and teasing her nipples, at the very least it tamed her to stop mouthing off long enough for the woman to be able to freely indulge with touching Pandora. The larger Baphomet's nipples also stiffened in response to the sucking and obviously her's were much thicker than Baely's. She then took hold of Lyanna's head and leaned downward so she could give her mouth much the same treatment she had given her sister. The human would feel that massive muscle flexing and wriggling within her mouth and of course trying to plunge down her throat. The kiss didn't last long before she withdrew and grinned at her. "And that's nothing compared to the thing you're getting  handsy with. It might disappoint you but we unfortunately have other matters to attend to. I assure you however that this is a blessing because under other circumstance I would [b]decimate[/b] you."
24-12-2017 00:15:21.4 [ROOM] Lyanna Pelon: /me gives Pandora's lips a quick lick, just smirking up at her with a confidence that would not be shaken. "Oh leaving so soon? I have this deep love for proving those who say such silliness wrong. I would bring you, and your sister too if she desired, untold pleasures."
24-12-2017 00:24:43.8 [ROOM] Baely: /me nodded in unison with her larger counterpart. "Yeah, maybe some time but we truly do not have time for such engagements right this moment!"
24-12-2017 00:26:55.6 [ROOM] Lyanna Pelon: "What a shame, a rain check then you two!"
24-12-2017 00:33:20.0 [ROOM] Darent: Hello everyone! How's it going?
24-12-2017 00:33:51.2 [ROOM] Lyanna Pelon: quite well
24-12-2017 00:34:10.2 [ROOM] Darent: Cool~ how are you Lyanna?
24-12-2017 00:34:40.3 [ROOM] Lyanna Pelon: oh not too bad, i was playing around with baely here but they are too busy 
24-12-2017 00:34:49.4 [ROOM] Lyanna Pelon: /me sticks her tongue out at baely and her sister
24-12-2017 00:35:02.7 [ROOM] Baely: Unfortunately.
24-12-2017 00:35:25.4 [ROOM] Darent: damm
24-12-2017 00:35:30.7 [ROOM] Darent: she looks so hot
24-12-2017 00:35:51.7 [ROOM] Lyanna Pelon: so yummy
24-12-2017 00:40:38.9 [ROOM] Darent: so, any action tonight Lyanna?
24-12-2017 00:42:47.7 [ROOM] Lyanna Pelon: sadly no
24-12-2017 00:43:18.0 [ROOM] Lyanna Pelon: dont suppose you want to play a game :P
24-12-2017 00:53:07.3 [ROOM] Darent: maybe, but today I'm feeling in a male mood
24-12-2017 01:25:42.8 [ROOM] Kid Jackal: anyone interested in fighting?
24-12-2017 01:26:48.1 [ROOM] Darent: I'm interested, but not really in the mood to fight males today XD
24-12-2017 01:27:18.1 [ROOM] Kid Jackal: ah
24-12-2017 01:27:44.7 [ROOM] Kid Jackal: Ah well &gt;.&lt;
24-12-2017 01:27:58.8 [ROOM] Darent: sorry &gt;.&lt;
24-12-2017 03:29:06.0 [ROOM] Boxing Sasha: /me walks in and looks at the ring
24-12-2017 14:30:57.0 [PRIV] Evan Clark: !trainingdummy2 male
24-12-2017 14:30:57.2 [PRIV] Bot to Evan Clark:
[icon]Bot Announcer[/icon][color=gray] Welcome to the training ring! Today we have Evan Clark vs Sissy Robert Bot! Let the match begin![/color]
[color=gray]═════════════════ ⭐ [color=purple]Sexfight ring[/color] ⭐ ═════════════════
 [color=purple]▓▓▓▓▓▓▓▓▓▓▓▓▓▓▓▓▓▓▓▓[/color] ⭐ [color=purple]VS[/color] ⭐ [color=purple]▓▓▓▓▓▓▓▓▓▓▓▓▓▓▓▓▓▓▓▓[/color]
► [icon]Evan Clark[/icon]                                                                  [icon]Sissy Robert Bot[/icon]
It's Evan Clark's turn![/color]

24-12-2017 14:31:02.0 [PRIV] Bot to Evan Clark:
[icon]Bot Announcer[/icon][color=gray]Evan Clark used their lips to tease Sissy Robert Bot's lips, dealing 11 lust points![/color]
[color=gray]═════════════════ ⭐ [color=purple]Sexfight ring[/color] ⭐ ═════════════════
 [color=purple]░░▓▓▓▓▓▓▓▓▓▓▓▓▓▓▓▓▓▓[/color] ⭐ [color=purple]VS[/color] ⭐ [color=purple]▓▓▓▓▓▓▓▓▓▓▓▓▓▓▓▓▓▓▓▓[/color]
► [icon]Sissy Robert Bot[/icon]                                                                  [icon]Evan Clark[/icon]
It's Sissy Robert Bot's turn![/color]
[i]Sissy Robert moans as you tease him![/i]

24-12-2017 14:31:02.0 [PRIV] Bot to Evan Clark:
[i]But then, Sissy Robert sends a sex attack at you![/i]
[icon]Bot Announcer[/icon][color=gray]Sissy Robert Bot used their lips to tease Evan Clark's sex, dealing 6 lust points![/color]
[color=gray]═════════════════ ⭐ [color=purple]Sexfight ring[/color] ⭐ ═════════════════
 [color=purple]░▓▓▓▓▓▓▓▓▓▓▓▓▓▓▓▓▓▓▓[/color] ⭐ [color=purple]VS[/color] ⭐ [color=purple]▓▓▓▓▓▓▓▓▓▓▓▓▓▓▓▓▓▓░░[/color]
► [icon]Evan Clark[/icon]                                                                  [icon]Sissy Robert Bot[/icon]
It's Evan Clark's turn![/color]

24-12-2017 14:31:02.0 [PRIV] Evan Clark: !attack lips to lips
24-12-2017 14:31:08.4 [PRIV] Bot to Evan Clark:
[icon]Bot Announcer[/icon][color=gray]Evan Clark used their tits to tease Sissy Robert Bot's tits, dealing 11 lust points![/color]
[color=gray]═════════════════ ⭐ [color=purple]Sexfight ring[/color] ⭐ ═════════════════
 [color=purple]░░░░▓▓▓▓▓▓▓▓▓▓▓▓▓▓▓▓[/color] ⭐ [color=purple]VS[/color] ⭐ [color=purple]▓▓▓▓▓▓▓▓▓▓▓▓▓▓▓▓▓▓▓░[/color]
► [icon]Sissy Robert Bot[/icon]                                                                  [icon]Evan Clark[/icon]
It's Sissy Robert Bot's turn![/color]
[i]Sissy Robert moans as you tease him![/i]

24-12-2017 14:31:08.5 [PRIV] Bot to Evan Clark:
[i]But then, Sissy Robert sends a sex attack at you![/i]
[icon]Bot Announcer[/icon][color=gray]Sissy Robert Bot used their ass to tease Evan Clark's ass, dealing 6 lust points![/color]
[color=gray]═════════════════ ⭐ [color=purple]Sexfight ring[/color] ⭐ ═════════════════
 [color=purple]░░▓▓▓▓▓▓▓▓▓▓▓▓▓▓▓▓▓▓[/color] ⭐ [color=purple]VS[/color] ⭐ [color=purple]▓▓▓▓▓▓▓▓▓▓▓▓▓▓▓▓░░░░[/color]
► [icon]Evan Clark[/icon]                                                                  [icon]Sissy Robert Bot[/icon]
It's Evan Clark's turn![/color]

24-12-2017 14:31:08.5 [PRIV] Evan Clark: !attack tits to tits
24-12-2017 14:31:14.4 [PRIV] Bot to Evan Clark:
[icon]Bot Announcer[/icon][color=gray]Evan Clark used their sex to tease Sissy Robert Bot's sex, dealing 23 lust points![/color]
[color=gray]═════════════════ ⭐ [color=purple]Sexfight ring[/color] ⭐ ═════════════════
 [color=purple]░░░░░░░░░▓▓▓▓▓▓▓▓▓▓▓[/color] ⭐ [color=purple]VS[/color] ⭐ [color=purple]▓▓▓▓▓▓▓▓▓▓▓▓▓▓▓▓▓▓░░[/color]
► [icon]Sissy Robert Bot[/icon]                                                                  [icon]Evan Clark[/icon]
It's Sissy Robert Bot's turn![/color]
[i]Sissy Robert moans as you tease him![/i]

24-12-2017 14:31:14.5 [PRIV] Bot to Evan Clark:
[i]But then, Sissy Robert sends a sex attack at you![/i]
[icon]Bot Announcer[/icon][color=gray]Sissy Robert Bot used their lips to tease Evan Clark's lips, dealing 12 lust points![/color]
[color=gray]═════════════════ ⭐ [color=purple]Sexfight ring[/color] ⭐ ═════════════════
 [color=purple]░░░░▓▓▓▓▓▓▓▓▓▓▓▓▓▓▓▓[/color] ⭐ [color=purple]VS[/color] ⭐ [color=purple]▓▓▓▓▓▓▓▓▓▓▓░░░░░░░░░[/color]
► [icon]Evan Clark[/icon]                                                                  [icon]Sissy Robert Bot[/icon]
It's Evan Clark's turn![/color]

24-12-2017 14:31:14.5 [PRIV] Evan Clark: !attack sex to sex
24-12-2017 14:31:20.7 [PRIV] Bot to Evan Clark:
[icon]Bot Announcer[/icon][color=gray]Evan Clark used their lips to tease Sissy Robert Bot's tits, dealing 14 lust points![/color]
[color=gray]═════════════════ ⭐ [color=purple]Sexfight ring[/color] ⭐ ═════════════════
 [color=red]░░░░░░░░░░░▓▓▓▓▓▓▓▓▓[/color] ⭐ [color=purple]VS[/color] ⭐ [color=purple]▓▓▓▓▓▓▓▓▓▓▓▓▓▓▓▓░░░░[/color]
► [icon]Sissy Robert Bot[/icon]                                                                  [icon]Evan Clark[/icon]
It's Sissy Robert Bot's turn![/color]
[i]Sissy Robert moans as you tease him![/i]

24-12-2017 14:31:20.8 [PRIV] Bot to Evan Clark:
[i]But then, Sissy Robert sends a sex attack at you![/i]
[icon]Bot Announcer[/icon][color=gray]Sissy Robert Bot used their feet to tease Evan Clark's lips, dealing 6 lust points![/color]
[color=gray]═════════════════ ⭐ [color=purple]Sexfight ring[/color] ⭐ ═════════════════
 [color=purple]░░░░░░▓▓▓▓▓▓▓▓▓▓▓▓▓▓[/color] ⭐ [color=purple]VS[/color] ⭐ [color=red]▓▓▓▓▓▓▓▓▓░░░░░░░░░░░[/color]
► [icon]Evan Clark[/icon]                                                                  [icon]Sissy Robert Bot[/icon]
It's Evan Clark's turn![/color]

24-12-2017 14:31:20.8 [PRIV] Evan Clark: !attack lips to tits
24-12-2017 14:31:29.6 [PRIV] Bot to Evan Clark:
[icon]Bot Announcer[/icon][color=gray]Evan Clark passed their turn![/color]
[i]Robert laughs to himself. 'You want more? Okay... come here, Cutie.' He beckons with one hand, staring hungrily at your body and licking his lips.[/i]
[i]But then, Sissy Robert sends a sex attack at you![/i]
[icon]Bot Announcer[/icon][color=gray]Sissy Robert Bot used their sex to tease Evan Clark's sex, dealing 1 lust points![/color]
[color=gray]═════════════════ ⭐ [color=purple]Sexfight ring[/color] ⭐ ═════════════════
 [color=purple]░░░░░░▓▓▓▓▓▓▓▓▓▓▓▓▓▓[/color] ⭐ [color=purple]VS[/color] ⭐ [color=red]▓▓▓▓▓▓▓▓▓░░░░░░░░░░░[/color]
► [icon]Evan Clark[/icon]                                                                  [icon]Sissy Robert Bot[/icon]
It's Evan Clark's turn![/color]

24-12-2017 14:31:29.7 [PRIV] Evan Clark: !pass
24-12-2017 14:31:36.5 [PRIV] Bot to Evan Clark:
[icon]Bot Announcer[/icon][color=gray]Evan Clark used their fingers to tease Sissy Robert Bot's tits, dealing 18 lust points![/color]
[color=gray]═════════════════ ⭐ [color=purple]Sexfight ring[/color] ⭐ ═════════════════
 [color=red]░░░░░░░░░░░░░░░▓▓▓▓▓[/color] ⭐ [color=purple]VS[/color] ⭐ [color=purple]▓▓▓▓▓▓▓▓▓▓▓▓▓▓░░░░░░[/color]
► [icon]Sissy Robert Bot[/icon]                                                                  [icon]Evan Clark[/icon]
It's Sissy Robert Bot's turn![/color]
[i]Sissy Robert moans as you tease him![/i]

24-12-2017 14:31:36.5 [PRIV] Bot to Evan Clark:
[i]But then, Sissy Robert sends a sex attack at you![/i]
[icon]Bot Announcer[/icon][color=gray]Sissy Robert Bot used their lips to tease Evan Clark's lips, dealing 11 lust points![/color]
[color=gray]═════════════════ ⭐ [color=purple]Sexfight ring[/color] ⭐ ═════════════════
 [color=purple]░░░░░░░░▓▓▓▓▓▓▓▓▓▓▓▓[/color] ⭐ [color=purple]VS[/color] ⭐ [color=red]▓▓▓▓▓░░░░░░░░░░░░░░░[/color]
► [icon]Evan Clark[/icon]                                                                  [icon]Sissy Robert Bot[/icon]
It's Evan Clark's turn![/color]

24-12-2017 14:31:36.5 [PRIV] Evan Clark: !attack fingers to tits
24-12-2017 14:31:45.1 [PRIV] Bot to Evan Clark:
[icon]Bot Announcer[/icon][color=gray]Evan Clark used their fingers to tease Sissy Robert Bot's sex, dealing 17 lust points![/color]
[color=gray]═════════════════ ⭐ [color=purple]Sexfight ring[/color] ⭐ ═════════════════
 [color=red]░░░░░░░░░░░░░░░░░░▓▓[/color] ⭐ [color=purple]VS[/color] ⭐ [color=purple]▓▓▓▓▓▓▓▓▓▓▓▓░░░░░░░░[/color]
► [icon]Sissy Robert Bot[/icon]                                                                  [icon]Evan Clark[/icon]
It's Sissy Robert Bot's turn![/color]
[i]Sissy Robert moans as you tease him![/i]

24-12-2017 14:31:45.2 [PRIV] Bot to Evan Clark:
[i]But then, Sissy Robert sends a sex attack at you![/i]
[icon]Bot Announcer[/icon][color=gray]Sissy Robert Bot used their feet to tease Evan Clark's ass, dealing 3 lust points![/color]
[color=gray]═════════════════ ⭐ [color=purple]Sexfight ring[/color] ⭐ ═════════════════
 [color=purple]░░░░░░░░░▓▓▓▓▓▓▓▓▓▓▓[/color] ⭐ [color=purple]VS[/color] ⭐ [color=red]▓▓░░░░░░░░░░░░░░░░░░[/color]
► [icon]Evan Clark[/icon]                                                                  [icon]Sissy Robert Bot[/icon]
It's Evan Clark's turn![/color]

24-12-2017 14:31:45.2 [PRIV] Evan Clark: !attack fingers to sex
24-12-2017 14:31:52.3 [PRIV] Bot to Evan Clark:
[icon]Bot Announcer[/icon][color=gray]Evan Clark passed their turn![/color]
[i]Robert laughs to himself. 'You want more? Okay... come here, Cutie.' He beckons with one hand, staring hungrily at your body and licking his lips.[/i]
[i]But then, Sissy Robert sends a sex attack at you![/i]
[icon]Bot Announcer[/icon][color=gray]Sissy Robert Bot used their feet to tease Evan Clark's lips, dealing 6 lust points![/color]
[color=gray]═════════════════ ⭐ [color=purple]Sexfight ring[/color] ⭐ ═════════════════
 [color=red]░░░░░░░░░░▓▓▓▓▓▓▓▓▓▓[/color] ⭐ [color=purple]VS[/color] ⭐ [color=red]▓▓░░░░░░░░░░░░░░░░░░[/color]
► [icon]Evan Clark[/icon]                                                                  [icon]Sissy Robert Bot[/icon]
It's Evan Clark's turn![/color]

24-12-2017 14:31:52.4 [PRIV] Evan Clark: !pass
24-12-2017 14:31:57.1 [PRIV] Bot to Evan Clark:
[icon]Bot Announcer[/icon][color=gray]Evan Clark passed their turn![/color]
[i]Robert laughs to himself. 'You want more? Okay... come here, Cutie.' He beckons with one hand, staring hungrily at your body and licking his lips.[/i]
[i]But then, Sissy Robert sends a sex attack at you![/i]
[icon]Bot Announcer[/icon][color=gray]Sissy Robert Bot used their feet to tease Evan Clark's tits, dealing 6 lust points![/color]
[color=gray]═════════════════ ⭐ [color=purple]Sexfight ring[/color] ⭐ ═════════════════
 [color=red]░░░░░░░░░░░▓▓▓▓▓▓▓▓▓[/color] ⭐ [color=purple]VS[/color] ⭐ [color=red]▓▓░░░░░░░░░░░░░░░░░░[/color]
► [icon]Evan Clark[/icon]                                                                  [icon]Sissy Robert Bot[/icon]
It's Evan Clark's turn![/color]

24-12-2017 14:31:57.1 [PRIV] Evan Clark: !pass
24-12-2017 14:32:01.7 [PRIV] Bot to Evan Clark:
[icon]Bot Announcer[/icon][color=gray]Evan Clark passed their turn![/color]
[i]Robert laughs to himself. 'You want more? Okay... come here, Cutie.' He beckons with one hand, staring hungrily at your body and licking his lips.[/i]
[i]But then, Sissy Robert sends a sex attack at you![/i]
[icon]Bot Announcer[/icon][color=gray]Sissy Robert Bot used their lips to tease Evan Clark's sex, dealing 6 lust points![/color]
[color=gray]═════════════════ ⭐ [color=purple]Sexfight ring[/color] ⭐ ═════════════════
 [color=red]░░░░░░░░░░░░▓▓▓▓▓▓▓▓[/color] ⭐ [color=purple]VS[/color] ⭐ [color=red]▓▓░░░░░░░░░░░░░░░░░░[/color]
► [icon]Evan Clark[/icon]                                                                  [icon]Sissy Robert Bot[/icon]
It's Evan Clark's turn![/color]

24-12-2017 14:32:01.7 [PRIV] Evan Clark: !pass
24-12-2017 14:32:09.3 [PRIV] Bot to Evan Clark:
[icon]Bot Announcer[/icon][color=gray]Evan Clark used their tits to tease Sissy Robert Bot's ass, dealing 18 lust points![/color]
[color=gray]Evan Clark made Sissy Robert Bot cum! The winner gets $2.00 and the loser gets $1.00, thank you for participating.[/color]
[color=gray]═════════════════ ⭐ [color=purple]Sexfight ring[/color] ⭐ ═════════════════
 [color=red]░░░░░░░░░░░░░░░░░░░░[/color] ⭐ [color=purple]VS[/color] ⭐ [color=red]▓▓▓▓▓▓▓▓░░░░░░░░░░░░[/color]
► [icon]Sissy Robert Bot[/icon]                                                                  [icon]Evan Clark[/icon]
It's Sissy Robert Bot's turn![/color]

[color=gray]════════════════ ⭐ [color=purple]Combat ended[/color] ⭐ ════════════════[/color]
[i]Sissy Robert moans as you tease him![/i]

24-12-2017 14:32:09.4 [PRIV] Bot to Evan Clark:

24-12-2017 14:32:09.4 [PRIV] Evan Clark: !attack tits to ass
24-12-2017 14:32:16.0 [PRIV] Evan Clark: !card
24-12-2017 14:32:16.0 [PRIV] Bot to Evan Clark:
[color=gray]══════════════════════════════════════════════════
                                 ⭐ ⭐ [color=green][b]Character card[/b][/color] ⭐ ⭐
══════════════════════════════════════════════════
[color=gray]                     [icon]Evan Clark[/icon]
          [b]Name:[/b] Evan Clark | [b]Money:[/b] $5.00
          [b]Attack:[/b] 1 Lips, 4 Fingers, 1 Tits, 3 Sex, 4 Ass, 3 Feet.
          [b]Defense:[/b] -1 Lips, 5 Tits, 2 Sex, 4 Ass.
          [b]Sextoy:[/b] Socks. +1 attack to feet.
          [b]Outfit:[/b] Spats. +2 defense to sex, +2 defense to ass.
          [b]Accessory:[/b] Wristbands. Standard uniform.
          [b]Flavor item:[/b] None. Nothing equiped.
[/color][/color]
24-12-2017 14:56:37.0 [ROOM] Sissy Robert: How is everyone?
24-12-2017 15:20:25.3 [ROOM] Sissy Robert: /me walked into the arena, still a bit soar from what Rix did to him to him the day before.
24-12-2017 15:28:51.7 [ROOM] Jun Akihiko: /me looks in and waves to those there.  "Hello everyone again."
24-12-2017 15:30:24.0 [ROOM] Sissy Robert: /me looked over at Jun... "hey there yourself. How are you?"
24-12-2017 15:31:02.3 [ROOM] Jun Akihiko: not bad, been a while and had to come in and say Happy Holidays to everyone.
24-12-2017 15:35:25.2 [ROOM] Sissy Robert: /me looked over, acting a bit cocky with him... "Thanks."
24-12-2017 15:37:50.4 [ROOM] Jun Akihiko: !ready
24-12-2017 15:37:50.4 [ROOM] Bot: 
[color=gray]═════════════ ⭐ [color=purple]Sexfight ring[/color] ⭐ ═════════════
          [icon]Jun Akihiko[/icon] Has entered the ring![/color]

24-12-2017 15:38:28.5 [ROOM] Sissy Robert: !ready
24-12-2017 15:38:28.5 [ROOM] Bot: 
[color=gray]═════════════ ⭐ [color=purple]Sexfight ring[/color] ⭐ ═════════════
          [icon]Sissy Robert[/icon] Has entered the ring![/color]

24-12-2017 15:38:28.5 [ROOM] Bot: 
[icon]Bot Announcer[/icon][color=gray] Welcome to the sexfight ring! Today we have Jun Akihiko vs Sissy Robert! Let the match begin![/color]
[color=gray]═════════════════ ⭐ [color=purple]Sexfight ring[/color] ⭐ ═════════════════
 [color=purple]▓▓▓▓▓▓▓▓▓▓▓▓▓▓▓▓▓▓▓▓[/color] ⭐ [color=purple]VS[/color] ⭐ [color=purple]▓▓▓▓▓▓▓▓▓▓▓▓▓▓▓▓▓▓▓▓[/color]
► [icon]Jun Akihiko[/icon]                                                                  [icon]Sissy Robert[/icon]
It's Jun Akihiko's turn![/color]

24-12-2017 15:40:15.0 [ROOM] Jun Akihiko: /me smiles and chuckles as he walks to the ring as he proceeds to feel like a Christmas fight and climbs into the ring with next to nothing on with his outfit. Then stretches and watches his opponent with a smirk "So this is going to be a Holiday Beatdown it seems?" and smirks as he starts to stretch his legs. "But being the holidays I will give you the first move there to give you a sporting chance." 
24-12-2017 15:40:16.9 [ROOM] Bot: 
[icon]Bot Announcer[/icon][color=gray]Jun Akihiko passed their turn![/color]
[color=gray]═════════════════ ⭐ [color=purple]Sexfight ring[/color] ⭐ ═════════════════
 [color=purple]▓▓▓▓▓▓▓▓▓▓▓▓▓▓▓▓▓▓▓▓[/color] ⭐ [color=purple]VS[/color] ⭐ [color=purple]▓▓▓▓▓▓▓▓▓▓▓▓▓▓▓▓▓▓▓▓[/color]
► [icon]Sissy Robert[/icon]                                                                  [icon]Jun Akihiko[/icon]
It's Sissy Robert's turn![/color]

24-12-2017 15:40:16.9 [ROOM] Jun Akihiko: !pass
24-12-2017 15:44:40.8 [ROOM] Sissy Robert: /me was wearing his usual thin spandex one piece wrestling suit, the black one. did not hesitate, knowing it was his opening. "Your funeral." He rushed over, jumping high up to land on the horse, elbow first on his head. "That will teach you not to mess with me and not to underestimate me jerk." He went far as to pinch the horses nipples, making him feel a bit. "You are gonna regret giving me that first shot."
24-12-2017 15:44:42.1 [ROOM] Bot: 
[icon]Bot Announcer[/icon][color=gray]Sissy Robert used their fingers to tease Jun Akihiko's tits, dealing 13 lust points![/color]
[color=gray]═════════════════ ⭐ [color=purple]Sexfight ring[/color] ⭐ ═════════════════
 [color=purple]░░▓▓▓▓▓▓▓▓▓▓▓▓▓▓▓▓▓▓[/color] ⭐ [color=purple]VS[/color] ⭐ [color=purple]▓▓▓▓▓▓▓▓▓▓▓▓▓▓▓▓▓▓▓▓[/color]
► [icon]Jun Akihiko[/icon]                                                                  [icon]Sissy Robert[/icon]
It's Jun Akihiko's turn![/color]

24-12-2017 15:44:42.1 [ROOM] Sissy Robert: !attack fingers to tits

24-12-2017 15:56:16.4 [PRIV] Bot to Jun Akihiko:
[color=purple][b]For the full info, check my profile: [user]Bot Announcer[/user].[/b][/color]
[color=gray]══════════════════════════════════════════════════════════════════════════════════════════
                                                                 ⭐ ⭐ [color=purple][b]List of Commands[/b][/color] ⭐ ⭐
══════════════════════════════════════════════════════════════════════════════════════════
[color=purple]          [b]► Character related[/b][/color]
[color=pink]                    [b]!register[/b][/color]: Register to the database.
[color=pink]                    [b]!card[/b][/color]: Prints your Character Card in public.
[color=pink]                    [b]!cardcode[/b][/color]: Prints the code so you can copy and paste it to your profile.
[color=pink]                    [b]!sheet[/b][/color]: Prints your Character Sheet (the complete info) in a private message.
[color=pink]                    [b]!sheetcode[/b][/color]: Prints the code so you can copy and paste it to your profile.
[color=pink]                    [b]!sheetcolors[/b][/color]: Sets custom colors for your card and sheet. Example: [b]!sheetcolors green and yellow[/b]
[color=pink]                    [b]!train {ATK/DEF} on {STAT}[/b][/color]: Increases by 1 the selected stat. Costs $10.00 and max 5 on a stat without items.
[color=pink]                    [b]!indulge {ATK/DEF} on {STAT}[/b][/color]: Decreases by 1 the selected stat. You get $10.00 back and max -3 on a stat without items.
                    Options: attack/defense to lips/fingers/tits/sex/ass/feet. Example: [b]!train defense on ass[/b]
[color=pink]                    [b]!sendmoney # to {PERSON}[/b][/color]: Sends # money to the specified person. Example: [b]!sendmoney 1 to Kenia Nya[/b]
[color=pink]                    [b]!resetcharacter[/b][/color]: Deletes all your items and stats but gives you the starting money, leaving you like if you just registered.

[color=purple]          [b]► Buy Equipment[/b][/color]
[color=pink]                    [b]!outfits[/b][/color]: Open the clothes and outfits shop.
[color=pink]                    [b]!sextoys[/b][/color]: Open the sex-shop catalog.
[color=pink]                    [b]!accessories[/b][/color]: Open the general items shop.
[color=pink]                    [b]!yunishop[/b][/color]: A shop owned by a friend that sells lots of submissive flavor items.
                    They can be equipped independently as the other 3 categories.
[color=pink]                    [b]!buy {ITEM}[/b][/color]: Buys the item named {ITEM}, if you have enough money.
[color=pink]                    [b]!sell {ITEM}[/b][/color]: Sells the item named {ITEM}, and gives you half the original cost back.
[color=pink]                    [b]!equip {ITEM}[/b][/color]: Equips the item named {ITEM}, if you have it in your inventory.
                    Examples: [b]!buy Ballgag[/b] / [b]!equip Small bikini[/b]

[color=purple]          [b]► Combat[/b][/color]
[color=pink]                    [b]!ready[/b][/color]: Get inside the ring.
[color=pink]                    [b]!readyshort[/b][/color]: Get inside the ring but at only half lust (useful for short or handicap fights).
[color=pink]                    [b]!attack {BODYPART} to {BODYPART}[/b][/color]: Attack your opponent with the appropiate bodypart (lips/fingers/tits/sex/ass/feet).
                    Example: [b]!attack fingers to sex[/b] (pussy fingering or handjob)
[color=pink]                    [b]!pass[/b][/color]: Pass your turn.
[color=pink]                    [b]!endfight[/b][/color]: Finishes the combat.
[color=pink]                    [b]!savefight[/b][/color]: Saves the current combat.
[color=pink]                    [b]!savedfights[/b][/color]: Shows a list of the saved combats.
[color=pink]                    [b]!loadfight #[/b][/color]: Loads a selected combat. (use [b]!savedfights[/b] to get the number of your saved combat first)

[color=purple]          [b]► Training dummy[/b][/color]
[color=pink]                    [b]!trainingdummy[/b][/color]: Lets you fight an automated female opponent in private messages, you earn money as usual but can only fight 3 times a day.
[color=pink]                    [b]!trainingdummy2[/b][/color]: Male version. (doesn't have emotes)
[color=pink]                    [b]!succuboss[/b][/color]: Boss fight! Costs $2.00 to fight but if you win you get $6.00! Very hard opponent and has a few tricks...
[color=pink]                    [b]!time2dummy[/b][/color]: Lets you know the time left before you can fight the training dummy again.
                    The same commands that are used in normal combat are used to fight the training dummy, and they only work in private messages. (!attack, !pass, !endfight)

[color=pink]                    [b]The bot can read the commands either from the main room or from private messages.[/b][/color][/color]
24-12-2017 15:56:16.6 [PRIV] Jun Akihiko: !help
24-12-2017 15:56:47.0 [ROOM] Jun Akihiko: /me grins and chuckles at his opponent and proceeds to keep an eye on him as he takes the rush and grunts as he takes the elbow to the head. The moment of the stun as he proceeds to grab onto his opponent and then spins around to try to fling him off. But instead decides to fall forward and bring him onto the mat first as they both slam onto it. A shock from his nipples being tender a bit after the attack. Then rolling his opponent over as he sits on his opponents hips. Then putting one hand on the back of his head as he grabs at the uniform and pulls it tight and works to rip it free to expose his ass. Then taking his cock and working already on trying to fuck his opponent in the ass.
24-12-2017 15:56:57.0 [ROOM] Bot: 
[icon]Bot Announcer[/icon][color=gray]Jun Akihiko used their sex to tease Sissy Robert's ass, dealing 20 lust points![/color]
[color=gray]═════════════════ ⭐ [color=purple]Sexfight ring[/color] ⭐ ═════════════════
 [color=purple]░░░░▓▓▓▓▓▓▓▓▓▓▓▓▓▓▓▓[/color] ⭐ [color=purple]VS[/color] ⭐ [color=purple]▓▓▓▓▓▓▓▓▓▓▓▓▓▓▓▓▓▓░░[/color]
► [icon]Sissy Robert[/icon]                                                                  [icon]Jun Akihiko[/icon]
It's Sissy Robert's turn![/color]

24-12-2017 15:56:57.0 [ROOM] Jun Akihiko: !attack sex to ass
24-12-2017 16:04:41.1 [ROOM] Sissy Robert: /me Robert, was shocked at how easy it was to manhandle him. He felt weak next to his opponent at the horse grabbed him tough, rolled him over and forced him down on all fours. He screamed, not sure what was going on. "WHAT THE HELL ARE YOU DOING?" but the answer came fast as his outfit was ripped off. A chill went up his spine as the cool air hit his exposed body, making his cock semi hard. He could not deny he was aroused but he... "AAAAAAAAAAAAAA!" The pain/pleasure of that huge 15 inch cock thrusting hard into his ass made him moan and squeal like a bitch. He bit his lower lip, trying to endure it, he had to find an opening and now. He was overwhelmed and tried to lean back. to kiss the horse, maybe he could through him off his game.
24-12-2017 16:04:42.4 [ROOM] Bot: 
[icon]Bot Announcer[/icon][color=gray]Sissy Robert used their lips to tease Jun Akihiko's lips, dealing 12 lust points![/color]
[color=gray]═════════════════ ⭐ [color=purple]Sexfight ring[/color] ⭐ ═════════════════
 [color=purple]░░░░░▓▓▓▓▓▓▓▓▓▓▓▓▓▓▓[/color] ⭐ [color=purple]VS[/color] ⭐ [color=purple]▓▓▓▓▓▓▓▓▓▓▓▓▓▓▓▓░░░░[/color]
► [icon]Jun Akihiko[/icon]                                                                  [icon]Sissy Robert[/icon]
It's Jun Akihiko's turn![/color]

24-12-2017 16:04:42.4 [ROOM] Sissy Robert: !attack lips to lips

24-12-2017 16:17:58.6 [ROOM] Sissy Robert: !pause 
24-12-2017 16:18:16.5 [ROOM] Sissy Robert: !pause Jun v Robert
24-12-2017 16:18:26.5 [ROOM] Sissy Robert: ?
24-12-2017 16:19:06.0 [ROOM] Sissy Robert: !pause Jun Akihiko vs Sissy Robert
24-12-2017 16:19:24.4 [PRIV] Bot to Sissy Robert:
[color=purple][b]For the full info, check my profile: [user]Bot Announcer[/user].[/b][/color]
[color=gray]══════════════════════════════════════════════════════════════════════════════════════════
                                                                 ⭐ ⭐ [color=purple][b]List of Commands[/b][/color] ⭐ ⭐
══════════════════════════════════════════════════════════════════════════════════════════
[color=purple]          [b]► Character related[/b][/color]
[color=pink]                    [b]!register[/b][/color]: Register to the database.
[color=pink]                    [b]!card[/b][/color]: Prints your Character Card in public.
[color=pink]                    [b]!cardcode[/b][/color]: Prints the code so you can copy and paste it to your profile.
[color=pink]                    [b]!sheet[/b][/color]: Prints your Character Sheet (the complete info) in a private message.
[color=pink]                    [b]!sheetcode[/b][/color]: Prints the code so you can copy and paste it to your profile.
[color=pink]                    [b]!sheetcolors[/b][/color]: Sets custom colors for your card and sheet. Example: [b]!sheetcolors green and yellow[/b]
[color=pink]                    [b]!train {ATK/DEF} on {STAT}[/b][/color]: Increases by 1 the selected stat. Costs $10.00 and max 5 on a stat without items.
[color=pink]                    [b]!indulge {ATK/DEF} on {STAT}[/b][/color]: Decreases by 1 the selected stat. You get $10.00 back and max -3 on a stat without items.
                    Options: attack/defense to lips/fingers/tits/sex/ass/feet. Example: [b]!train defense on ass[/b]
[color=pink]                    [b]!sendmoney # to {PERSON}[/b][/color]: Sends # money to the specified person. Example: [b]!sendmoney 1 to Kenia Nya[/b]
[color=pink]                    [b]!resetcharacter[/b][/color]: Deletes all your items and stats but gives you the starting money, leaving you like if you just registered.

[color=purple]          [b]► Buy Equipment[/b][/color]
[color=pink]                    [b]!outfits[/b][/color]: Open the clothes and outfits shop.
[color=pink]                    [b]!sextoys[/b][/color]: Open the sex-shop catalog.
[color=pink]                    [b]!accessories[/b][/color]: Open the general items shop.
[color=pink]                    [b]!yunishop[/b][/color]: A shop owned by a friend that sells lots of submissive flavor items.
                    They can be equipped independently as the other 3 categories.
[color=pink]                    [b]!buy {ITEM}[/b][/color]: Buys the item named {ITEM}, if you have enough money.
[color=pink]                    [b]!sell {ITEM}[/b][/color]: Sells the item named {ITEM}, and gives you half the original cost back.
[color=pink]                    [b]!equip {ITEM}[/b][/color]: Equips the item named {ITEM}, if you have it in your inventory.
                    Examples: [b]!buy Ballgag[/b] / [b]!equip Small bikini[/b]

[color=purple]          [b]► Combat[/b][/color]
[color=pink]                    [b]!ready[/b][/color]: Get inside the ring.
[color=pink]                    [b]!readyshort[/b][/color]: Get inside the ring but at only half lust (useful for short or handicap fights).
[color=pink]                    [b]!attack {BODYPART} to {BODYPART}[/b][/color]: Attack your opponent with the appropiate bodypart (lips/fingers/tits/sex/ass/feet).
                    Example: [b]!attack fingers to sex[/b] (pussy fingering or handjob)
[color=pink]                    [b]!pass[/b][/color]: Pass your turn.
[color=pink]                    [b]!endfight[/b][/color]: Finishes the combat.
[color=pink]                    [b]!savefight[/b][/color]: Saves the current combat.
[color=pink]                    [b]!savedfights[/b][/color]: Shows a list of the saved combats.
[color=pink]                    [b]!loadfight #[/b][/color]: Loads a selected combat. (use [b]!savedfights[/b] to get the number of your saved combat first)

[color=purple]          [b]► Training dummy[/b][/color]
[color=pink]                    [b]!trainingdummy[/b][/color]: Lets you fight an automated female opponent in private messages, you earn money as usual but can only fight 3 times a day.
[color=pink]                    [b]!trainingdummy2[/b][/color]: Male version. (doesn't have emotes)
[color=pink]                    [b]!succuboss[/b][/color]: Boss fight! Costs $2.00 to fight but if you win you get $6.00! Very hard opponent and has a few tricks...
[color=pink]                    [b]!time2dummy[/b][/color]: Lets you know the time left before you can fight the training dummy again.
                    The same commands that are used in normal combat are used to fight the training dummy, and they only work in private messages. (!attack, !pass, !endfight)

[color=pink]                    [b]The bot can read the commands either from the main room or from private messages.[/b][/color][/color]
24-12-2017 16:19:24.6 [PRIV] Sissy Robert: !help
24-12-2017 16:19:50.1 [ROOM] Bot: Match saved! To get a list of saved matches, use !savedfights
24-12-2017 16:19:50.1 [ROOM] Sissy Robert: !savefight Jun v Sissy
24-12-2017 16:21:44.2 [ROOM] Bot: 
List of saved fights:
          ► 1: charmofflame VS Ryician on Sunday, October 15th 2017, 4:43 pm (GMT -6)
          ► 2: Jun Akihiko VS Sissy Robert on Thursday, November 2nd 2017, 9:13 pm (GMT -6)
          ► 3: Jun Akihiko VS Evan Clark on Sunday, November 5th 2017, 6:03 pm (GMT -6)
          ► 4: charmofflame VS Ryician on Wednesday, November 15th 2017, 3:47 pm (GMT -6)
          ► 5: Proud Mary VS Boxing Sasha on Thursday, November 23rd 2017, 11:10 am (GMT -6)
          ► 6: Lyanna Pelon VS charmofflame on Tuesday, December 5th 2017, 1:32 pm (GMT -6)
          ► 7: Agent Juniper VS Ryician on Thursday, December 14th 2017, 4:54 pm (GMT -6)
          ► 8: Jun Akihiko VS Sissy Robert on Sunday, December 24th 2017, 4:19 pm (GMT -6)
To load a fight, use the command !loadfight followed by the number of the fight you want to load. Example: !loadfight 3
24-12-2017 16:21:44.2 [ROOM] Sissy Robert: !savedfights
24-12-2017 16:22:19.0 [ROOM] Ben Steele: Hmm.. seems like those should expire after a certain period of time.. I mean.. october?
24-12-2017 16:22:38.2 [ROOM] Sissy Robert: !loadfight 2
24-12-2017 16:22:38.2 [ROOM] Bot: Resuming match!

[color=gray]═════════════════ ⭐ [color=purple]Sexfight ring[/color] ⭐ ═════════════════
 [color=red]░░░░░░░░░░░▓▓▓▓▓▓▓▓▓[/color] ⭐ [color=purple]VS[/color] ⭐ [color=red]▓▓▓▓▓░░░░░░░░░░░░░░░[/color]
► [icon]Jun Akihiko[/icon]                                                                  [icon]Sissy Robert[/icon]
It's Jun Akihiko's turn![/color]

24-12-2017 16:22:50.7 [ROOM] Sissy Robert: That is an old one
24-12-2017 16:22:56.5 [ROOM] Bot: Combat ended!
24-12-2017 16:22:56.5 [ROOM] Sissy Robert: !endfight
24-12-2017 16:23:04.6 [ROOM] Bot: Invalid save slot number.
24-12-2017 16:23:04.6 [ROOM] Sissy Robert: !loadfight
24-12-2017 16:23:15.5 [ROOM] Sissy Robert: !loadfights
24-12-2017 16:23:31.4 [ROOM] Bot: 
List of saved fights:
          ► 1: charmofflame VS Ryician on Sunday, October 15th 2017, 4:43 pm (GMT -6)
          ► 2: Jun Akihiko VS Evan Clark on Sunday, November 5th 2017, 6:03 pm (GMT -6)
          ► 3: charmofflame VS Ryician on Wednesday, November 15th 2017, 3:47 pm (GMT -6)
          ► 4: Proud Mary VS Boxing Sasha on Thursday, November 23rd 2017, 11:10 am (GMT -6)
          ► 5: Lyanna Pelon VS charmofflame on Tuesday, December 5th 2017, 1:32 pm (GMT -6)
          ► 6: Agent Juniper VS Ryician on Thursday, December 14th 2017, 4:54 pm (GMT -6)
          ► 7: Jun Akihiko VS Sissy Robert on Sunday, December 24th 2017, 4:19 pm (GMT -6)
To load a fight, use the command !loadfight followed by the number of the fight you want to load. Example: !loadfight 3
24-12-2017 16:23:31.4 [ROOM] Sissy Robert: !savedfights
24-12-2017 16:23:53.3 [ROOM] Sissy Robert: well got one deleted
24-12-2017 16:24:46.8 [ROOM] Ben Steele: it'a a start...
24-12-2017 16:26:58.0 [ROOM] Sissy Robert: Hey Mary... You want me to delete that old match of yours from last month?
24-12-2017 17:20:58.9 [ROOM] Jun Akihiko: /me grumbles and kicks his connection tonight
24-12-2017 17:36:34.4 [ROOM] Raven: /me flexes.
24-12-2017 17:38:17.3 [ROOM] Raven: /me reinternets and re-flexes
24-12-2017 23:34:32.4 [ROOM] Ryician: /me waves to everyone
24-12-2017 23:34:46.2 [ROOM] Bot: 
[color=gray]The ring is empty![/color]
24-12-2017 23:34:46.2 [ROOM] Ryician: !status
24-12-2017 23:34:46.2 [ROOM] Zenhasu Stormclaw: /me waves back
24-12-2017 23:35:21.5 [ROOM] Ryician: How are you, Zenhasu?
24-12-2017 23:36:33.7 [ROOM] Zenhasu Stormclaw: !register
24-12-2017 23:36:33.7 [ROOM] Bot: Zenhasu Stormclaw has joined!
24-12-2017 23:36:51.7 [ROOM] Zenhasu Stormclaw: I'm alright i suppose
24-12-2017 23:37:01.6 [ROOM] Ryician: Anything good going on?
24-12-2017 23:37:24.8 [ROOM] Zenhasu Stormclaw: No not really
24-12-2017 23:37:51.7 [ROOM] Ryician: Well that is no fun
24-12-2017 23:38:06.6 [ROOM] Zenhasu Stormclaw: !sheet
24-12-2017 23:38:06.6 [PRIV] Bot to Zenhasu Stormclaw:
[color=gray]══════════════════════════════════════════════════
                                 ⭐ ⭐ [color=purple][b]General details[/b][/color] ⭐ ⭐
══════════════════════════════════════════════════
[color=pink]                     [icon]Zenhasu Stormclaw[/icon]
          [b]Name:[/b] Zenhasu Stormclaw | [b]Money:[/b] $50.00
[/color]══════════════════════════════════════════════════
                                 ⭐ ⭐ [color=purple][b]Attack / Defense[/b][/color] ⭐ ⭐
══════════════════════════════════════════════════
[color=pink]          [b]Lips:[/b] 1 / 1
          [b]Fingers:[/b] 1
          [b]Tits:[/b] 1 / 1
          [b]Sex:[/b] 1 / 1
          [b]Ass:[/b] 1 / 1
          [b]Feet:[/b] 1[/color]
══════════════════════════════════════════════════
                                 ⭐ ⭐ [color=purple][b]Equipment[/b][/color] ⭐ ⭐
══════════════════════════════════════════════════
[color=pink]          [b]Sextoy:[/b] Hand
                    Starter weapon.
          [b]Outfit:[/b] Nude
                    Just you and your body.
          [b]Accessory:[/b] Wristbands
                    Standard uniform.
          [b]Flavor item:[/b] None
                    Nothing equiped.
[/color]══════════════════════════════════════════════════
                                 ⭐ ⭐ [color=purple][b]Inventory[/b][/color] ⭐ ⭐
══════════════════════════════════════════════════
[color=pink]          Nude. Just you and your body.
          Hand. Starter weapon.
          Wristbands. Standard uniform.
          None. Nothing equiped.
[/color][/color]
24-12-2017 23:46:41.6 [ROOM] Zenhasu Stormclaw: no it's not
24-12-2017 23:46:52.4 [ROOM] Ryician: I didn't realize you weren't registered
24-12-2017 23:47:28.4 [PRIV] Bot to Zenhasu Stormclaw:Wrong spelling of body parts or attack/defense. Use one of the following: lips, fingers, tits, sex, ass, feet. Example: !train attack on fingers
24-12-2017 23:47:28.4 [PRIV] Zenhasu Stormclaw: !train atk sex
24-12-2017 23:47:55.0 [PRIV] Bot to Zenhasu Stormclaw:Wrong spelling of body parts or attack/defense. Use one of the following: lips, fingers, tits, sex, ass, feet. Example: !train attack on fingers
24-12-2017 23:47:55.0 [PRIV] Zenhasu Stormclaw: !train attack
24-12-2017 23:48:33.3 [PRIV] Zenhasu Stormclaw: !train attack on lips
24-12-2017 23:48:33.3 [PRIV] Bot to Zenhasu Stormclaw:[eicon]training[/eicon] Training successful! You now have 2 points in attack on lips.
24-12-2017 23:49:16.9 [PRIV] Zenhasu Stormclaw: !trian defense on sex
24-12-2017 23:49:49.1 [PRIV] Zenhasu Stormclaw: !train defense on sex 
24-12-2017 23:49:49.1 [PRIV] Bot to Zenhasu Stormclaw:[eicon]training[/eicon] Training successful! You now have 2 points in defense on sex.
24-12-2017 23:50:19.3 [PRIV] Zenhasu Stormclaw: !train attack on sex 
24-12-2017 23:50:19.3 [PRIV] Bot to Zenhasu Stormclaw:[eicon]training[/eicon] Training successful! You now have 2 points in attack on sex.
24-12-2017 23:50:31.2 [PRIV] Zenhasu Stormclaw: !sheet
24-12-2017 23:50:31.2 [PRIV] Bot to Zenhasu Stormclaw:
[color=gray]══════════════════════════════════════════════════
                                 ⭐ ⭐ [color=purple][b]General details[/b][/color] ⭐ ⭐
══════════════════════════════════════════════════
[color=pink]                     [icon]Zenhasu Stormclaw[/icon]
          [b]Name:[/b] Zenhasu Stormclaw | [b]Money:[/b] $20.00
[/color]══════════════════════════════════════════════════
                                 ⭐ ⭐ [color=purple][b]Attack / Defense[/b][/color] ⭐ ⭐
══════════════════════════════════════════════════
[color=pink]          [b]Lips:[/b] 2 / 1
          [b]Fingers:[/b] 1
          [b]Tits:[/b] 1 / 1
          [b]Sex:[/b] 2 / 2
          [b]Ass:[/b] 1 / 1
          [b]Feet:[/b] 1[/color]
══════════════════════════════════════════════════
                                 ⭐ ⭐ [color=purple][b]Equipment[/b][/color] ⭐ ⭐
══════════════════════════════════════════════════
[color=pink]          [b]Sextoy:[/b] Hand
                    Starter weapon.
          [b]Outfit:[/b] Nude
                    Just you and your body.
          [b]Accessory:[/b] Wristbands
                    Standard uniform.
          [b]Flavor item:[/b] None
                    Nothing equiped.
[/color]══════════════════════════════════════════════════
                                 ⭐ ⭐ [color=purple][b]Inventory[/b][/color] ⭐ ⭐
══════════════════════════════════════════════════
[color=pink]          Nude. Just you and your body.
          Hand. Starter weapon.
          Wristbands. Standard uniform.
          None. Nothing equiped.
[/color][/color]
24-12-2017 23:50:56.1 [PRIV] Zenhasu Stormclaw: !weapon
24-12-2017 23:51:05.9 [PRIV] Zenhasu Stormclaw: !sextoy
24-12-2017 23:51:37.3 [ROOM] Zenhasu Stormclaw: I wasn't until a few moments ago.
24-12-2017 23:52:07.7 [PRIV] Bot to Zenhasu Stormclaw:
[color=gray]══════════════════════════════════════════════════
[color=purple]                                 ⚒️ ⚒️ [b]Sex Shop[/b] ⚒️ ⚒️[/color]
══════════════════════════════════════════════════
[color=pink]          ► $10.00 - Tennis shoes (+1 attack to feet.)
          ► $10.00 - Egg vibrator (+1 attack to fingers.)
          ► $10.00 - Socks (+1 attack to feet.)
          ► $20.00 - Strap-on (+2 attack to sex.)
          ► $20.00 - Cock ring (+2 attack to sex.)
          ► $30.00 - Dildo (+3 attack to fingers.)
          ► $40.00 - Long stockings (+4 attack to feet.)
[/color][/color]
24-12-2017 23:52:07.7 [PRIV] Zenhasu Stormclaw: !sextoys
24-12-2017 23:53:11.0 [PRIV] Bot to Zenhasu Stormclaw:
[color=gray]══════════════════════════════════════════════════
[color=purple]                                 👘 👘 [b]Outfit store[/b] 👘 👘[/color]
══════════════════════════════════════════════════
[color=pink]          ► $0.00 - Skirt (If you don't want to enter the ring nude. Intended for females.)
          ► $0.00 - Tank top (If you don't want to enter the ring nude. Intended for males.)
          ► $10.00 - Boxers (+1 defense to sex, +1 defense to ass.)
          ► $10.00 - Crotchless lingerie (+1 defense to tits, +1 defense to ass.)
          ► $10.00 - Behindless lingerie (+1 defense to tits, +1 defense to sex.)
          ► $10.00 - Unisex thong (+1 defense to sex, +1 defense to ass.)
          ► $10.00 - Bondage suit (-1 defense to tits, -1 defense to sex, -1 defense to ass, +1 attack to lips, +2 attack to fingers, +2 attack to feet.)
          ► $10.00 - Shibari harness (-1 defense to tits, -1 defense to sex, -1 defense to ass.)
          ► $15.00 - Leotard (+1 defense to tits, +1 defense to sex, +1 defense to ass.)
          ► $15.00 - Yoga outfit (+1 defense to tits, +1 defense to sex, +1 defense to ass.)
          ► $15.00 - School uniform (+1 defense to tits, +1 defense to sex, +1 defense to ass.)
          ► $20.00 - Small bikini (+1 defense to tits, +2 defense to sex, +1 defense to ass.)
          ► $20.00 - Thin spandex unitard (+2 defense to sex, +2 defense to ass.)
          ► $20.00 - Spats (+2 defense to sex, +2 defense to ass.)
          ► $30.00 - Mistress suit (+2 defense to tits, +2 defense to sex, +2 defense to ass.)
          ► $30.00 - Luchador mask and speedos (+2 defense to lips, +2 defense to sex, +2 defense to ass.)
          ► $40.00 - Full-body bondage suit (-3 defense to lips, -3 defense to tits, -3 defense to sex, -3 defense to ass, -3 attack to lips, -3 attack to fingers, -3 attack to tits, -3 attack to sex, -3 attack to ass, -3 attack to feet.)
[/color][/color]
24-12-2017 23:53:11.0 [PRIV] Zenhasu Stormclaw: !outfits
24-12-2017 23:57:57.4 [PRIV] Zenhasu Stormclaw: !buy egg vibrator
24-12-2017 23:57:57.4 [PRIV] Bot to Zenhasu Stormclaw:The item egg vibrator has been added to your item list. You now have $10.00 left.
24-12-2017 23:59:16.1 [PRIV] Zenhasu Stormclaw: !equip egg vibrator
24-12-2017 23:59:16.1 [PRIV] Bot to Zenhasu Stormclaw:The item egg vibrator has been equipped.
24-12-2017 23:59:35.0 [PRIV] Zenhasu Stormclaw: !sheet
24-12-2017 23:59:35.1 [PRIV] Bot to Zenhasu Stormclaw:
[color=gray]══════════════════════════════════════════════════
                                 ⭐ ⭐ [color=purple][b]General details[/b][/color] ⭐ ⭐
══════════════════════════════════════════════════
[color=pink]                     [icon]Zenhasu Stormclaw[/icon]
          [b]Name:[/b] Zenhasu Stormclaw | [b]Money:[/b] $10.00
[/color]══════════════════════════════════════════════════
                                 ⭐ ⭐ [color=purple][b]Attack / Defense[/b][/color] ⭐ ⭐
══════════════════════════════════════════════════
[color=pink]          [b]Lips:[/b] 2 / 1
          [b]Fingers:[/b] 2
          [b]Tits:[/b] 1 / 1
          [b]Sex:[/b] 2 / 2
          [b]Ass:[/b] 1 / 1
          [b]Feet:[/b] 1[/color]
══════════════════════════════════════════════════
                                 ⭐ ⭐ [color=purple][b]Equipment[/b][/color] ⭐ ⭐
══════════════════════════════════════════════════
[color=pink]          [b]Sextoy:[/b] Egg vibrator
                    +1 attack to fingers.
          [b]Outfit:[/b] Nude
                    Just you and your body.
          [b]Accessory:[/b] Wristbands
                    Standard uniform.
          [b]Flavor item:[/b] None
                    Nothing equiped.
[/color]══════════════════════════════════════════════════
                                 ⭐ ⭐ [color=purple][b]Inventory[/b][/color] ⭐ ⭐
══════════════════════════════════════════════════
[color=pink]          Nude. Just you and your body.
          Hand. Starter weapon.
          Wristbands. Standard uniform.
          None. Nothing equiped.
          Egg vibrator. +1 attack to fingers.
[/color][/color]
