12-12-2017 00:57:46.6 [PRIV] Jaxton Wheeler: !time2dummy
12-12-2017 00:57:46.8 [PRIV] Bot to Jaxton Wheeler:You can fight the bot again in 3h 38m 16s.
12-12-2017 01:15:09.7 [PRIV] Jaxton Wheeler: !trainingdummy2 male
12-12-2017 01:15:09.7 [PRIV] Bot to Jaxton Wheeler:You reached the maximum ammount of times you can fight the bot per day, come back tomorrow~
12-12-2017 01:15:29.7 [PRIV] Evan Clark: !trainingdummy2 male
12-12-2017 01:15:29.8 [PRIV] Bot to Evan Clark:
[icon]Bot Announcer[/icon][color=gray] Welcome to the training ring! Today we have Evan Clark vs Sissy Robert Bot! Let the match begin![/color]
[color=gray]═════════════════ ⭐ [color=purple]Sexfight ring[/color] ⭐ ═════════════════
 [color=purple]▓▓▓▓▓▓▓▓▓▓▓▓▓▓▓▓▓▓▓▓[/color] ⭐ [color=purple]VS[/color] ⭐ [color=purple]▓▓▓▓▓▓▓▓▓▓▓▓▓▓▓▓▓▓▓▓[/color]
► [icon]Evan Clark[/icon]                                                                  [icon]Sissy Robert Bot[/icon]
It's Evan Clark's turn![/color]

12-12-2017 01:15:36.7 [PRIV] Bot to Evan Clark:
[icon]Bot Announcer[/icon][color=gray]Evan Clark used their lips to tease Sissy Robert Bot's tits, dealing 10 lust points![/color]
[color=gray]═════════════════ ⭐ [color=purple]Sexfight ring[/color] ⭐ ═════════════════
 [color=purple]░░▓▓▓▓▓▓▓▓▓▓▓▓▓▓▓▓▓▓[/color] ⭐ [color=purple]VS[/color] ⭐ [color=purple]▓▓▓▓▓▓▓▓▓▓▓▓▓▓▓▓▓▓▓▓[/color]
► [icon]Sissy Robert Bot[/icon]                                                                  [icon]Evan Clark[/icon]
It's Sissy Robert Bot's turn![/color]
[i]Sissy Robert moans as you tease him![/i]

12-12-2017 01:15:36.7 [PRIV] Bot to Evan Clark:
[i]But then, Sissy Robert sends a sex attack at you![/i]
[icon]Bot Announcer[/icon][color=gray]Sissy Robert Bot used their fingers to tease Evan Clark's sex, dealing 11 lust points![/color]
[color=gray]═════════════════ ⭐ [color=purple]Sexfight ring[/color] ⭐ ═════════════════
 [color=purple]░░▓▓▓▓▓▓▓▓▓▓▓▓▓▓▓▓▓▓[/color] ⭐ [color=purple]VS[/color] ⭐ [color=purple]▓▓▓▓▓▓▓▓▓▓▓▓▓▓▓▓▓▓░░[/color]
► [icon]Evan Clark[/icon]                                                                  [icon]Sissy Robert Bot[/icon]
It's Evan Clark's turn![/color]

12-12-2017 01:15:36.8 [PRIV] Evan Clark: !attack lips to tits
12-12-2017 01:15:43.7 [PRIV] Bot to Evan Clark:
[icon]Bot Announcer[/icon][color=gray]Evan Clark used their tits to tease Sissy Robert Bot's tits, dealing 14 lust points![/color]
[color=gray]═════════════════ ⭐ [color=purple]Sexfight ring[/color] ⭐ ═════════════════
 [color=purple]░░░░▓▓▓▓▓▓▓▓▓▓▓▓▓▓▓▓[/color] ⭐ [color=purple]VS[/color] ⭐ [color=purple]▓▓▓▓▓▓▓▓▓▓▓▓▓▓▓▓▓▓░░[/color]
► [icon]Sissy Robert Bot[/icon]                                                                  [icon]Evan Clark[/icon]
It's Sissy Robert Bot's turn![/color]
[i]Sissy Robert moans as you tease him![/i]

12-12-2017 01:15:43.7 [PRIV] Bot to Evan Clark:
[i]But then, Sissy Robert sends a sex attack at you![/i]
[icon]Bot Announcer[/icon][color=gray]Sissy Robert Bot used their feet to tease Evan Clark's ass, dealing 2 lust points![/color]
[color=gray]═════════════════ ⭐ [color=purple]Sexfight ring[/color] ⭐ ═════════════════
 [color=purple]░░▓▓▓▓▓▓▓▓▓▓▓▓▓▓▓▓▓▓[/color] ⭐ [color=purple]VS[/color] ⭐ [color=purple]▓▓▓▓▓▓▓▓▓▓▓▓▓▓▓▓░░░░[/color]
► [icon]Evan Clark[/icon]                                                                  [icon]Sissy Robert Bot[/icon]
It's Evan Clark's turn![/color]

12-12-2017 01:15:43.8 [PRIV] Evan Clark: !attack tits to tits
12-12-2017 01:15:51.3 [PRIV] Bot to Evan Clark:
[icon]Bot Announcer[/icon][color=gray]Evan Clark used their sex to tease Sissy Robert Bot's tits, dealing 13 lust points![/color]
[color=gray]═════════════════ ⭐ [color=purple]Sexfight ring[/color] ⭐ ═════════════════
 [color=purple]░░░░░░░▓▓▓▓▓▓▓▓▓▓▓▓▓[/color] ⭐ [color=purple]VS[/color] ⭐ [color=purple]▓▓▓▓▓▓▓▓▓▓▓▓▓▓▓▓▓▓░░[/color]
► [icon]Sissy Robert Bot[/icon]                                                                  [icon]Evan Clark[/icon]
It's Sissy Robert Bot's turn![/color]
[i]Sissy Robert moans as you tease him![/i]

12-12-2017 01:15:51.3 [PRIV] Bot to Evan Clark:
[i]But then, Sissy Robert sends a sex attack at you![/i]
[icon]Bot Announcer[/icon][color=gray]Sissy Robert Bot used their feet to tease Evan Clark's lips, dealing 6 lust points![/color]
[color=gray]═════════════════ ⭐ [color=purple]Sexfight ring[/color] ⭐ ═════════════════
 [color=purple]░░░▓▓▓▓▓▓▓▓▓▓▓▓▓▓▓▓▓[/color] ⭐ [color=purple]VS[/color] ⭐ [color=purple]▓▓▓▓▓▓▓▓▓▓▓▓▓░░░░░░░[/color]
► [icon]Evan Clark[/icon]                                                                  [icon]Sissy Robert Bot[/icon]
It's Evan Clark's turn![/color]

12-12-2017 01:15:51.3 [PRIV] Evan Clark: !attack sex to tits
12-12-2017 01:15:58.8 [PRIV] Bot to Evan Clark:
[icon]Bot Announcer[/icon][color=gray]Evan Clark passed their turn![/color]
[i]Robert laughs to himself. 'You want more? Okay... come here, Cutie.' He beckons with one hand, staring hungrily at your body and licking his lips.[/i]
[i]But then, Sissy Robert sends a sex attack at you![/i]
[icon]Bot Announcer[/icon][color=gray]Sissy Robert Bot used their sex to tease Evan Clark's ass, dealing 1 lust points![/color]
[color=gray]═════════════════ ⭐ [color=purple]Sexfight ring[/color] ⭐ ═════════════════
 [color=purple]░░░░▓▓▓▓▓▓▓▓▓▓▓▓▓▓▓▓[/color] ⭐ [color=purple]VS[/color] ⭐ [color=purple]▓▓▓▓▓▓▓▓▓▓▓▓▓░░░░░░░[/color]
► [icon]Evan Clark[/icon]                                                                  [icon]Sissy Robert Bot[/icon]
It's Evan Clark's turn![/color]

12-12-2017 01:15:58.8 [PRIV] Evan Clark: !pass
12-12-2017 01:16:05.4 [PRIV] Bot to Evan Clark:
[icon]Bot Announcer[/icon][color=gray]Evan Clark used their ass to tease Sissy Robert Bot's tits, dealing 18 lust points![/color]
[color=gray]═════════════════ ⭐ [color=purple]Sexfight ring[/color] ⭐ ═════════════════
 [color=red]░░░░░░░░░░░▓▓▓▓▓▓▓▓▓[/color] ⭐ [color=purple]VS[/color] ⭐ [color=purple]▓▓▓▓▓▓▓▓▓▓▓▓▓▓▓▓░░░░[/color]
► [icon]Sissy Robert Bot[/icon]                                                                  [icon]Evan Clark[/icon]
It's Sissy Robert Bot's turn![/color]
[i]Sissy Robert moans as you tease him![/i]

12-12-2017 01:16:05.4 [PRIV] Bot to Evan Clark:
[i]But then, Sissy Robert sends a sex attack at you![/i]
[icon]Bot Announcer[/icon][color=gray]Sissy Robert Bot used their fingers to tease Evan Clark's sex, dealing 2 lust points![/color]
[color=gray]═════════════════ ⭐ [color=purple]Sexfight ring[/color] ⭐ ═════════════════
 [color=purple]░░░░▓▓▓▓▓▓▓▓▓▓▓▓▓▓▓▓[/color] ⭐ [color=purple]VS[/color] ⭐ [color=red]▓▓▓▓▓▓▓▓▓░░░░░░░░░░░[/color]
► [icon]Evan Clark[/icon]                                                                  [icon]Sissy Robert Bot[/icon]
It's Evan Clark's turn![/color]

12-12-2017 01:16:05.4 [PRIV] Evan Clark: !attack ass to tits
12-12-2017 01:16:14.1 [PRIV] Bot to Evan Clark:
[icon]Bot Announcer[/icon][color=gray]Evan Clark used their lips to tease Sissy Robert Bot's lips, dealing 14 lust points![/color]
[color=gray]═════════════════ ⭐ [color=purple]Sexfight ring[/color] ⭐ ═════════════════
 [color=red]░░░░░░░░░░░░░▓▓▓▓▓▓▓[/color] ⭐ [color=purple]VS[/color] ⭐ [color=purple]▓▓▓▓▓▓▓▓▓▓▓▓▓▓▓▓░░░░[/color]
► [icon]Sissy Robert Bot[/icon]                                                                  [icon]Evan Clark[/icon]
It's Sissy Robert Bot's turn![/color]
[i]Sissy Robert moans as you tease him![/i]

12-12-2017 01:16:14.1 [PRIV] Bot to Evan Clark:
[i]But then, Sissy Robert sends a sex attack at you![/i]
[icon]Bot Announcer[/icon][color=gray]Sissy Robert Bot used their feet to tease Evan Clark's sex, dealing 4 lust points![/color]
[color=gray]═════════════════ ⭐ [color=purple]Sexfight ring[/color] ⭐ ═════════════════
 [color=purple]░░░░░▓▓▓▓▓▓▓▓▓▓▓▓▓▓▓[/color] ⭐ [color=purple]VS[/color] ⭐ [color=red]▓▓▓▓▓▓▓░░░░░░░░░░░░░[/color]
► [icon]Evan Clark[/icon]                                                                  [icon]Sissy Robert Bot[/icon]
It's Evan Clark's turn![/color]

12-12-2017 01:16:14.1 [PRIV] Evan Clark: !attack lips to lips
12-12-2017 01:16:22.4 [PRIV] Bot to Evan Clark:
[icon]Bot Announcer[/icon][color=gray]Evan Clark passed their turn![/color]
[i]Robert laughs to himself. 'You want more? Okay... come here, Cutie.' He beckons with one hand, staring hungrily at your body and licking his lips.[/i]
[i]But then, Sissy Robert sends a sex attack at you![/i]
[icon]Bot Announcer[/icon][color=gray]Sissy Robert Bot used their lips to tease Evan Clark's tits, dealing 3 lust points![/color]
[color=gray]═════════════════ ⭐ [color=purple]Sexfight ring[/color] ⭐ ═════════════════
 [color=purple]░░░░░▓▓▓▓▓▓▓▓▓▓▓▓▓▓▓[/color] ⭐ [color=purple]VS[/color] ⭐ [color=red]▓▓▓▓▓▓▓░░░░░░░░░░░░░[/color]
► [icon]Evan Clark[/icon]                                                                  [icon]Sissy Robert Bot[/icon]
It's Evan Clark's turn![/color]

12-12-2017 01:16:22.4 [PRIV] Evan Clark: !pass
12-12-2017 01:16:29.9 [PRIV] Bot to Evan Clark:
[icon]Bot Announcer[/icon][color=gray]Evan Clark used their sex to tease Sissy Robert Bot's lips, dealing 12 lust points![/color]
[color=gray]═════════════════ ⭐ [color=purple]Sexfight ring[/color] ⭐ ═════════════════
 [color=red]░░░░░░░░░░░░░░░░▓▓▓▓[/color] ⭐ [color=purple]VS[/color] ⭐ [color=purple]▓▓▓▓▓▓▓▓▓▓▓▓▓▓▓░░░░░[/color]
► [icon]Sissy Robert Bot[/icon]                                                                  [icon]Evan Clark[/icon]
It's Sissy Robert Bot's turn![/color]
[i]Sissy Robert moans as you tease him![/i]

12-12-2017 01:16:29.9 [PRIV] Bot to Evan Clark:
[i]But then, Sissy Robert sends a sex attack at you![/i]
[icon]Bot Announcer[/icon][color=gray]Sissy Robert Bot used their fingers to tease Evan Clark's ass, dealing 4 lust points![/color]
[color=gray]═════════════════ ⭐ [color=purple]Sexfight ring[/color] ⭐ ═════════════════
 [color=purple]░░░░░░▓▓▓▓▓▓▓▓▓▓▓▓▓▓[/color] ⭐ [color=purple]VS[/color] ⭐ [color=red]▓▓▓▓░░░░░░░░░░░░░░░░[/color]
► [icon]Evan Clark[/icon]                                                                  [icon]Sissy Robert Bot[/icon]
It's Evan Clark's turn![/color]

12-12-2017 01:16:29.9 [PRIV] Evan Clark: !attack sex to lips
12-12-2017 01:16:35.1 [PRIV] Bot to Evan Clark:
[icon]Bot Announcer[/icon][color=gray]Evan Clark used their tits to tease Sissy Robert Bot's lips, dealing 11 lust points![/color]
[color=gray]═════════════════ ⭐ [color=purple]Sexfight ring[/color] ⭐ ═════════════════
 [color=red]░░░░░░░░░░░░░░░░░░▓▓[/color] ⭐ [color=purple]VS[/color] ⭐ [color=purple]▓▓▓▓▓▓▓▓▓▓▓▓▓▓░░░░░░[/color]
► [icon]Sissy Robert Bot[/icon]                                                                  [icon]Evan Clark[/icon]
It's Sissy Robert Bot's turn![/color]
[i]Sissy Robert moans as you tease him![/i]

12-12-2017 01:16:35.1 [PRIV] Bot to Evan Clark:
[i]But then, Sissy Robert sends a sex attack at you![/i]
[icon]Bot Announcer[/icon][color=gray]Sissy Robert Bot used their feet to tease Evan Clark's sex, dealing 1 lust points![/color]
[color=gray]═════════════════ ⭐ [color=purple]Sexfight ring[/color] ⭐ ═════════════════
 [color=purple]░░░░░░▓▓▓▓▓▓▓▓▓▓▓▓▓▓[/color] ⭐ [color=purple]VS[/color] ⭐ [color=red]▓▓░░░░░░░░░░░░░░░░░░[/color]
► [icon]Evan Clark[/icon]                                                                  [icon]Sissy Robert Bot[/icon]
It's Evan Clark's turn![/color]

12-12-2017 01:16:35.2 [PRIV] Evan Clark: !attack tits to lips
12-12-2017 01:16:44.1 [PRIV] Bot to Evan Clark:
[icon]Bot Announcer[/icon][color=gray]Evan Clark passed their turn![/color]
[i]Robert laughs to himself. 'You want more? Okay... come here, Cutie.' He beckons with one hand, staring hungrily at your body and licking his lips.[/i]
[i]But then, Sissy Robert sends a sex attack at you![/i]
[icon]Bot Announcer[/icon][color=gray]Sissy Robert Bot used their lips to tease Evan Clark's sex, dealing 4 lust points![/color]
[color=gray]═════════════════ ⭐ [color=purple]Sexfight ring[/color] ⭐ ═════════════════
 [color=purple]░░░░░░░▓▓▓▓▓▓▓▓▓▓▓▓▓[/color] ⭐ [color=purple]VS[/color] ⭐ [color=red]▓▓░░░░░░░░░░░░░░░░░░[/color]
► [icon]Evan Clark[/icon]                                                                  [icon]Sissy Robert Bot[/icon]
It's Evan Clark's turn![/color]

12-12-2017 01:16:44.1 [PRIV] Evan Clark: !pass
12-12-2017 01:16:50.6 [PRIV] Bot to Evan Clark:
[icon]Bot Announcer[/icon][color=gray]Evan Clark used their ass to tease Sissy Robert Bot's ass, dealing 18 lust points![/color]
[color=gray]Evan Clark made Sissy Robert Bot cum! The winner gets $2.00 and the loser gets $1.00, thank you for participating.[/color]
[color=gray]═════════════════ ⭐ [color=purple]Sexfight ring[/color] ⭐ ═════════════════
 [color=red]░░░░░░░░░░░░░░░░░░░░[/color] ⭐ [color=purple]VS[/color] ⭐ [color=purple]▓▓▓▓▓▓▓▓▓▓▓▓▓░░░░░░░[/color]
► [icon]Sissy Robert Bot[/icon]                                                                  [icon]Evan Clark[/icon]
It's Sissy Robert Bot's turn![/color]

[color=gray]════════════════ ⭐ [color=purple]Combat ended[/color] ⭐ ════════════════[/color]
[i]Sissy Robert moans as you tease him![/i]

12-12-2017 01:16:50.6 [PRIV] Bot to Evan Clark:

12-12-2017 01:16:50.6 [PRIV] Evan Clark: !attack ass to ass
12-12-2017 01:19:58.5 [PRIV] Jaxton Wheeler: !card
12-12-2017 01:19:58.5 [PRIV] Bot to Jaxton Wheeler:
[color=gray]══════════════════════════════════════════════════
                                 ⭐ ⭐ [color=red][b]Character card[/b][/color] ⭐ ⭐
══════════════════════════════════════════════════
[color=black]                     [icon]Jaxton Wheeler[/icon]
          [b]Name:[/b] Jaxton Wheeler | [b]Money:[/b] $6.00
          [b]Attack:[/b] 3 Lips, -1 Fingers, -3 Tits, 4 Sex, -3 Ass, 12 Feet.
          [b]Defense:[/b] 0 Lips, -1 Tits, 1 Sex, 4 Ass.
          [b]Sextoy:[/b] Long stockings. +4 attack to feet.
          [b]Outfit:[/b] Bondage suit. -1 defense to tits, -1 defense to sex, -1 defense to ass, +1 attack to lips, +2 attack to fingers, +2 attack to feet.
          [b]Accessory:[/b] Ankle jewelry. +1 attack to feet.
          [b]Flavor item:[/b] None. Nothing equiped.
[/color][/color]
12-12-2017 04:14:52.4 [PRIV] Jaxton Wheeler: !time2dummy
12-12-2017 04:14:52.6 [PRIV] Bot to Jaxton Wheeler:You can fight the bot again in 0h 21m 11s.
12-12-2017 04:41:36.9 [PRIV] Jaxton Wheeler: !trainingdummy2 male
12-12-2017 04:41:37.7 [PRIV] Bot to Jaxton Wheeler:
[icon]Bot Announcer[/icon][color=gray] Welcome to the training ring! Today we have Jaxton Wheeler vs Sissy Robert Bot! Let the match begin![/color]
[color=gray]═════════════════ ⭐ [color=purple]Sexfight ring[/color] ⭐ ═════════════════
 [color=purple]▓▓▓▓▓▓▓▓▓▓▓▓▓▓▓▓▓▓▓▓[/color] ⭐ [color=purple]VS[/color] ⭐ [color=purple]▓▓▓▓▓▓▓▓▓▓▓▓▓▓▓▓▓▓▓▓[/color]
► [icon]Jaxton Wheeler[/icon]                                                                  [icon]Sissy Robert Bot[/icon]
It's Jaxton Wheeler's turn![/color]

12-12-2017 04:41:44.9 [PRIV] Bot to Jaxton Wheeler:
[icon]Bot Announcer[/icon][color=gray]Jaxton Wheeler used their feet to tease Sissy Robert Bot's lips, dealing 22 lust points![/color]
[color=gray]═════════════════ ⭐ [color=purple]Sexfight ring[/color] ⭐ ═════════════════
 [color=purple]░░░░▓▓▓▓▓▓▓▓▓▓▓▓▓▓▓▓[/color] ⭐ [color=purple]VS[/color] ⭐ [color=purple]▓▓▓▓▓▓▓▓▓▓▓▓▓▓▓▓▓▓▓▓[/color]
► [icon]Sissy Robert Bot[/icon]                                                                  [icon]Jaxton Wheeler[/icon]
It's Sissy Robert Bot's turn![/color]
[i]Sissy Robert moans as you tease him![/i]

12-12-2017 04:41:44.9 [PRIV] Bot to Jaxton Wheeler:
[i]But then, Sissy Robert sends a sex attack at you![/i]
[icon]Bot Announcer[/icon][color=gray]Sissy Robert Bot used their fingers to tease Jaxton Wheeler's sex, dealing 12 lust points![/color]
[color=gray]═════════════════ ⭐ [color=purple]Sexfight ring[/color] ⭐ ═════════════════
 [color=purple]░░▓▓▓▓▓▓▓▓▓▓▓▓▓▓▓▓▓▓[/color] ⭐ [color=purple]VS[/color] ⭐ [color=purple]▓▓▓▓▓▓▓▓▓▓▓▓▓▓▓▓░░░░[/color]
► [icon]Jaxton Wheeler[/icon]                                                                  [icon]Sissy Robert Bot[/icon]
It's Jaxton Wheeler's turn![/color]

12-12-2017 04:41:44.9 [PRIV] Jaxton Wheeler: !attack feet to lips
12-12-2017 04:41:52.9 [PRIV] Bot to Jaxton Wheeler:
[icon]Bot Announcer[/icon][color=gray]Jaxton Wheeler used their feet to tease Sissy Robert Bot's tits, dealing 27 lust points![/color]
[color=gray]═════════════════ ⭐ [color=purple]Sexfight ring[/color] ⭐ ═════════════════
 [color=purple]░░░░░░░░░▓▓▓▓▓▓▓▓▓▓▓[/color] ⭐ [color=purple]VS[/color] ⭐ [color=purple]▓▓▓▓▓▓▓▓▓▓▓▓▓▓▓▓▓▓░░[/color]
► [icon]Sissy Robert Bot[/icon]                                                                  [icon]Jaxton Wheeler[/icon]
It's Sissy Robert Bot's turn![/color]
[i]Sissy Robert moans as you tease him![/i]

12-12-2017 04:41:52.9 [PRIV] Bot to Jaxton Wheeler:
[i]But then, Sissy Robert sends a sex attack at you![/i]
[icon]Bot Announcer[/icon][color=gray]Sissy Robert Bot used their feet to tease Jaxton Wheeler's tits, dealing 5 lust points![/color]
[color=gray]═════════════════ ⭐ [color=purple]Sexfight ring[/color] ⭐ ═════════════════
 [color=purple]░░░▓▓▓▓▓▓▓▓▓▓▓▓▓▓▓▓▓[/color] ⭐ [color=purple]VS[/color] ⭐ [color=purple]▓▓▓▓▓▓▓▓▓▓▓░░░░░░░░░[/color]
► [icon]Jaxton Wheeler[/icon]                                                                  [icon]Sissy Robert Bot[/icon]
It's Jaxton Wheeler's turn![/color]

12-12-2017 04:41:52.9 [PRIV] Jaxton Wheeler: !attack feet to tits
12-12-2017 04:42:00.8 [PRIV] Bot to Jaxton Wheeler:
[icon]Bot Announcer[/icon][color=gray]Jaxton Wheeler used their feet to tease Sissy Robert Bot's sex, dealing 25 lust points![/color]
[color=gray]═════════════════ ⭐ [color=purple]Sexfight ring[/color] ⭐ ═════════════════
 [color=red]░░░░░░░░░░░░░░▓▓▓▓▓▓[/color] ⭐ [color=purple]VS[/color] ⭐ [color=purple]▓▓▓▓▓▓▓▓▓▓▓▓▓▓▓▓▓░░░[/color]
► [icon]Sissy Robert Bot[/icon]                                                                  [icon]Jaxton Wheeler[/icon]
It's Sissy Robert Bot's turn![/color]
[i]Sissy Robert moans as you tease him![/i]

12-12-2017 04:42:00.8 [PRIV] Bot to Jaxton Wheeler:
[i]But then, Sissy Robert sends a sex attack at you![/i]
[icon]Bot Announcer[/icon][color=gray]Sissy Robert Bot used their fingers to tease Jaxton Wheeler's lips, dealing 12 lust points![/color]
[color=gray]═════════════════ ⭐ [color=purple]Sexfight ring[/color] ⭐ ═════════════════
 [color=purple]░░░░░▓▓▓▓▓▓▓▓▓▓▓▓▓▓▓[/color] ⭐ [color=purple]VS[/color] ⭐ [color=red]▓▓▓▓▓▓░░░░░░░░░░░░░░[/color]
► [icon]Jaxton Wheeler[/icon]                                                                  [icon]Sissy Robert Bot[/icon]
It's Jaxton Wheeler's turn![/color]

12-12-2017 04:42:00.8 [PRIV] Jaxton Wheeler: !attack feet to sex
12-12-2017 04:42:09.8 [PRIV] Bot to Jaxton Wheeler:
[icon]Bot Announcer[/icon][color=gray]Jaxton Wheeler used their feet to tease Sissy Robert Bot's ass, dealing 26 lust points![/color]
[color=gray]Jaxton Wheeler made Sissy Robert Bot cum! The winner gets $2.00 and the loser gets $1.00, thank you for participating.[/color]
[color=gray]═════════════════ ⭐ [color=purple]Sexfight ring[/color] ⭐ ═════════════════
 [color=red]░░░░░░░░░░░░░░░░░░░░[/color] ⭐ [color=purple]VS[/color] ⭐ [color=purple]▓▓▓▓▓▓▓▓▓▓▓▓▓▓▓░░░░░[/color]
► [icon]Sissy Robert Bot[/icon]                                                                  [icon]Jaxton Wheeler[/icon]
It's Sissy Robert Bot's turn![/color]

[color=gray]════════════════ ⭐ [color=purple]Combat ended[/color] ⭐ ════════════════[/color]
[i]Sissy Robert moans as you tease him![/i]

12-12-2017 04:42:09.9 [PRIV] Bot to Jaxton Wheeler:

12-12-2017 04:42:09.9 [PRIV] Jaxton Wheeler: !attack feet to ass
12-12-2017 04:46:16.5 [PRIV] Jaxton Wheeler: !succuboss male
12-12-2017 04:46:16.5 [PRIV] Bot to Jaxton Wheeler:
[icon]Bot Announcer[/icon][color=gray] Welcome to the boss fight! Today we have Jaxton Wheeler vs Milly The Succubot! Let the match begin![/color]
[color=gray]═════════════════ ⭐ [color=purple]Sexfight ring[/color] ⭐ ═════════════════
 [color=purple]▓▓▓▓▓▓▓▓▓▓▓▓▓▓▓▓▓▓▓▓[/color] ⭐ [color=purple]VS[/color] ⭐ [color=purple]▓▓▓▓▓▓▓▓▓▓▓▓▓▓▓▓▓▓▓▓[/color]
► [icon]Jaxton Wheeler[/icon]                                                                  [icon]Milly The Succubot[/icon]
It's Jaxton Wheeler's turn![/color]
Milly hops into the ring, vaulting over the top ropes, and lands her feet on the canvas. She’s wearing naught but a pair of lace purple panties, and purple and black stockings that reaches up to her thighs. She looks up at you, and her violet eyes flash. “Ooh! I get to play with a boy! You and I are gonna have a loot of fun! Just lay back and I’ll bully your penis till you can’t take anymore. That’s what you REALLY want. You don’t want the money, right?” Milly beams at you as she lets you have first attack. “Hee.. lets see what you’ve got.”
12-12-2017 04:46:23.4 [PRIV] Bot to Jaxton Wheeler:
[icon]Bot Announcer[/icon][color=gray]Jaxton Wheeler used their feet to tease Milly The Succubot's sex, dealing 17 lust points![/color]
[color=gray]═════════════════ ⭐ [color=purple]Sexfight ring[/color] ⭐ ═════════════════
 [color=purple]░░░▓▓▓▓▓▓▓▓▓▓▓▓▓▓▓▓▓[/color] ⭐ [color=purple]VS[/color] ⭐ [color=purple]▓▓▓▓▓▓▓▓▓▓▓▓▓▓▓▓▓▓▓▓[/color]
► [icon]Milly The Succubot[/icon]                                                                  [icon]Jaxton Wheeler[/icon]
It's Milly The Succubot's turn![/color]
[i]”Mnnh.. S-stop using your dumb feet!” She protests. She squirms under you as you rub the sole of your foot against her cunny. Her hips rise up just a little, helping you with the grinding. She moans quietly as her hips roll against your sole. “I-I don’t like your stupid feet! You like MY feet! I’m not turned on at all!” She lies. You take it a step further, and slide your big toe into her little honeypot. She responds with an excited, quivering gasp. “Y-your toe?? Nnhh!!” She moans out. You wriggle your big toe in her folds, sliding it in and out of her, and watch the little succubus writhe as she takes your toe inside her. After a good minute, you take it back out of her, and step back. Milly looks up at you, her cheeks pink. “S-see? My cunny can always endure your stupid feet!” She declared, resting her fists on her hips in a boisterous pose. “Now it’s my turn to return the favor. I-I mean pay you back!!” She exclaims.[/i]

12-12-2017 04:46:23.4 [PRIV] Bot to Jaxton Wheeler:

[i]Milly’s eyes flash mischievously as she stares you down. Without warning, she rushes towards you, and slides behind you. In a rare act of acrobatics from the succubus, she falls to her hands, throwing her feet up in the air, and springs backward! She slams her body into you, legs spread as she slams her hips into your lower back. You collapse to your belly with the ‘cubi sitting on top of your lower back and facing your legs. She had one target in mind. Your sexy ass. “You’ve been naughty!” She giggles before she brings her hand up, and starts to spank you right in the middle of the ring. Over and over, she swats your right cheek, then your left cheek. She keeps slapping until both cheeks are red as cherries. Once she seems satisfied with her work, she’ll slide a finger into her mouth, and pop it out. Her finger, slick with her saliva, lowers towards your butt, and pushes past your cheeks until she’s pressing her finger against your pucker. She runs her tongue along her lips as her finger traces around the rim, teasing your prostate before her finger gently pushes inside! “Heeee.. Do you like this? I wonder which is more exciting to you. The feeling itself, or the fact I’m the one doing this to you?” She teases. Her finger moves a little faster, pumping in and out of your prostate. When she feels you really starting to struggle, she lets up off you, and hops away, bouncing in place. “Which did you like more? The spanking or the fingering? Go on, you can tell me” She urges you on.[/i]
[icon]Bot Announcer[/icon][color=gray]Milly The Succubot used their fingers to tease Jaxton Wheeler's ass, dealing 15 lust points![/color]
[color=gray]═════════════════ ⭐ [color=purple]Sexfight ring[/color] ⭐ ═════════════════
 [color=purple]░░░▓▓▓▓▓▓▓▓▓▓▓▓▓▓▓▓▓[/color] ⭐ [color=purple]VS[/color] ⭐ [color=purple]▓▓▓▓▓▓▓▓▓▓▓▓▓▓▓▓▓░░░[/color]
► [icon]Jaxton Wheeler[/icon]                                                                  [icon]Milly The Succubot[/icon]
It's Jaxton Wheeler's turn![/color]

12-12-2017 04:46:23.5 [PRIV] Jaxton Wheeler: !attack feet to sex
12-12-2017 04:46:45.6 [PRIV] Bot to Jaxton Wheeler:
[icon]Bot Announcer[/icon][color=gray]Jaxton Wheeler used their feet to tease Milly The Succubot's tits, dealing 15 lust points![/color]
[color=gray]═════════════════ ⭐ [color=purple]Sexfight ring[/color] ⭐ ═════════════════
 [color=purple]░░░░░░▓▓▓▓▓▓▓▓▓▓▓▓▓▓[/color] ⭐ [color=purple]VS[/color] ⭐ [color=purple]▓▓▓▓▓▓▓▓▓▓▓▓▓▓▓▓▓░░░[/color]
► [icon]Milly The Succubot[/icon]                                                                  [icon]Jaxton Wheeler[/icon]
It's Milly The Succubot's turn![/color]
[i]Mmnn!!” Milly moans as you play with her breasts with your foot. Her body squirms under you as you rub your toes over her nipples. “Gh.. s-stop thinking you can win this..” She tries to protest. She didn’t much like the position she was in, but she couldn’t deny how nice your foot felt when it played with her chest. “Nh.. b-but that’s MY position!” She whimpers. “G-give it back!” You step back from her after a bit of teasing, and let her up. It was kind of cute seeing how conflicted the ‘cubi was just a moment ago. “Y-you’re done already?” She asked. Initially her voice sounded disappointed, but then she sprung back to her feet with bravado. “G-good! Now it’s my turn to play with you!”[/i]

12-12-2017 04:46:45.6 [PRIV] Bot to Jaxton Wheeler:

[i]Milly eyes your shaft pointed up in the air. Her tongue slowly slides along her upper lip. The small ‘cubi was hungry for your cock. She approaches you, and seems undeterred when you take a couple steps back. “Aww… don’t be like that! My blowjobs feel gooood~!” Not taking ‘no’ for an answer, her long, whiplike tail snaps out and catches your ankle as you take another step back. Losing balance, you fall to your butt with a rattle of the canvas. Milly’s smile widens when you fall, and she springs on top of you! “Hold still, cutie. ‘Else I might suck more than your penis.” She smiles. Her words had a vague, ominous threat to them that causes you to lie still. “Hee… good boy.” She lowers her head, and opens her mouth. “Aaaaahh-mmb!” She swallows your cock whole, closing her eyes as she begins to suck on your shaft. Your toes curl from the sensual stimulation of her lips sliding down and sucking on you. She starts to bob her head up and down the length of your shaft, with a little muffled grunt with each thrust downward. “Shlk.. gubb… bmg…” The sensation is heavenly, yet hellacious as you’re forced to endure the small succubus’s pleasurable torment. Just when it felt like her attack would never end, her lips finally release from your shaft, and pulls away. She sits back on her knees, and giggles at you. “Tasty!” Her eyes trail back down to your hips. “Aww… your cock is twitching for me! Ehe… you want to cum soo bad, don’t you?” She taunts. Smiling knowingly at you, she rocks back to her feet and leaps away, waiting for you to stand up.[/i]
[icon]Bot Announcer[/icon][color=gray]Milly The Succubot used their lips to tease Jaxton Wheeler's penis, dealing 20 lust points![/color]
[color=gray]═════════════════ ⭐ [color=purple]Sexfight ring[/color] ⭐ ═════════════════
 [color=purple]░░░░░░░▓▓▓▓▓▓▓▓▓▓▓▓▓[/color] ⭐ [color=purple]VS[/color] ⭐ [color=purple]▓▓▓▓▓▓▓▓▓▓▓▓▓▓░░░░░░[/color]
► [icon]Jaxton Wheeler[/icon]                                                                  [icon]Milly The Succubot[/icon]
It's Jaxton Wheeler's turn![/color]

12-12-2017 04:46:45.7 [PRIV] Jaxton Wheeler: !attack feet to tits
12-12-2017 04:46:56.6 [PRIV] Bot to Jaxton Wheeler:
[icon]Bot Announcer[/icon][color=gray]Jaxton Wheeler used their feet to tease Milly The Succubot's lips, dealing 21 lust points![/color]
[color=gray]═════════════════ ⭐ [color=purple]Sexfight ring[/color] ⭐ ═════════════════
 [color=red]░░░░░░░░░░▓▓▓▓▓▓▓▓▓▓[/color] ⭐ [color=purple]VS[/color] ⭐ [color=purple]▓▓▓▓▓▓▓▓▓▓▓▓▓░░░░░░░[/color]
► [icon]Milly The Succubot[/icon]                                                                  [icon]Jaxton Wheeler[/icon]
It's Milly The Succubot's turn![/color]
[i]The succubus is on her knees as you approach her. Milly grunts softly as you rub her face with your foot. She pulls away from you, just a little bit. You pursue her with your foot, and you stick your toes into her mouth. “Mmp!!” You wedge your foot further into her mouth. Milly’s face turns red as she’s forced to taste your toes. It was clear she didn’t like the taste, but she didn’t pull away either. After a couple seconds, you could feel her tongue licking at your toes. She glares up at you when she sees the changed expression on your face. “D-don’t think you’ve won! It’s just.. Your feet need cleaned.” She said, and starts to lick at your toes, and your sole. You keep your foot there, and let her finish. You step back from her with a small smile while Milly turns her head and spit on the mat. “Th-there! Your foot is clean! Now I can have my turn!” She declared. It was clearly a bit of a fetish she took shame of.[/i]

12-12-2017 04:46:56.6 [PRIV] Bot to Jaxton Wheeler:

[i]Oooh! I get to do this now! Ehee… one of my favvies!” She giggles. As you wonder what she could be talking about, she rushes towards the ropes to get some extra speed. As she rushes towards you, she leaps up high, spreading her legs out. You’re surprised as her violet-covered hips fly for your face! She leapt onto your shoulders, and threw her momentum forward. She may be small, but when someone had your head, you went with wherever they were taking you, and in this case that direction was down. Your back slams against the canvas, and you look up at the hungry succubus as she straddles your throat. Her hues glow vibrantly as she stares down at you. “Lick me..” She demands, sitting up, mouth agape in a wide smile. She was eager to feel this, one hand on her right breast in anticipation. With an expression like that, it was hard to say no. You raise your head, and drag your along the lace texture of her panties. “Ahmm~!” She moans with delight, and starts to rock her petite hips against your head. You’re pinned down by her, and your head bounces lightly against the canvas again and again. The scent of her arousal is strong, and it’s causing your head to swim in a pink haze of lust. Your hands start to reach up to hold her by the hips, drunk with lust. She feels your hands on her hips, and giggles a little. “Mmm.. that’s it cutie… worship me.. Forget about the fight. Your place is here, beneath me.” She purrs seductively. Her words are sobering, cutting through the thick pink fog Milly swarmed you with. You start to struggle, and bowl her over to the side! “Hey! S-stop struggling! Aah!!~” She squeals, and falls off you. “Aww.. I was having so much fun too..” She whines, and starts to pick herself back up the same time you start to stand up. “Still wanna fight? Okay. Whaddya got for me?” She asks, licking her pointer finger as she waits for you.[/i]
[icon]Bot Announcer[/icon][color=gray]Milly The Succubot used their sex to tease Jaxton Wheeler's lips, dealing 21 lust points![/color]
[color=gray]═════════════════ ⭐ [color=purple]Sexfight ring[/color] ⭐ ═════════════════
 [color=red]░░░░░░░░░░░▓▓▓▓▓▓▓▓▓[/color] ⭐ [color=purple]VS[/color] ⭐ [color=red]▓▓▓▓▓▓▓▓▓▓░░░░░░░░░░[/color]
► [icon]Jaxton Wheeler[/icon]                                                                  [icon]Milly The Succubot[/icon]
It's Jaxton Wheeler's turn![/color]

12-12-2017 04:46:56.7 [PRIV] Jaxton Wheeler: !attack feet to lips
12-12-2017 04:47:09.4 [PRIV] Bot to Jaxton Wheeler:
[icon]Bot Announcer[/icon][color=gray]Jaxton Wheeler used their feet to tease Milly The Succubot's lips, dealing 12 lust points![/color]
[color=gray]═════════════════ ⭐ [color=purple]Sexfight ring[/color] ⭐ ═════════════════
 [color=red]░░░░░░░░░░░░░▓▓▓▓▓▓▓[/color] ⭐ [color=purple]VS[/color] ⭐ [color=red]▓▓▓▓▓▓▓▓▓░░░░░░░░░░░[/color]
► [icon]Milly The Succubot[/icon]                                                                  [icon]Jaxton Wheeler[/icon]
It's Milly The Succubot's turn![/color]
[i]The succubus is on her knees as you approach her. Milly grunts softly as you rub her face with your foot. She pulls away from you, just a little bit. You pursue her with your foot, and you stick your toes into her mouth. “Mmp!!” You wedge your foot further into her mouth. Milly’s face turns red as she’s forced to taste your toes. It was clear she didn’t like the taste, but she didn’t pull away either. After a couple seconds, you could feel her tongue licking at your toes. She glares up at you when she sees the changed expression on your face. “D-don’t think you’ve won! It’s just.. Your feet need cleaned.” She said, and starts to lick at your toes, and your sole. You keep your foot there, and let her finish. You step back from her with a small smile while Milly turns her head and spit on the mat. “Th-there! Your foot is clean! Now I can have my turn!” She declared. It was clearly a bit of a fetish she took shame of.[/i]

12-12-2017 04:47:09.5 [PRIV] Bot to Jaxton Wheeler:

[i]Milly stares at your body with a small frown, and starts to hop away from you. She steps close to a turnbuckle before turning towards you, and folds her hands behind the back of her head. “Cutie, we both know this fight is pointless. I control your cock, and you know it as well as I do!” She said with a wink. Fueled by her taunt, you rush at her, trying to catch her and prove her wrong. Her strong approach seemed to be exactly what she was looking for, as she suddenly leaps up, planting her hands on your shoulders and leapfrogs over you! You’re left to crash your body into the turnbuckle. You realize taking your eyes off this crafty demon was the worst thing to do. You ignore the pain in your ribs for a brief moment to turn around to face her while you catch your breath, glaring down at her. “Hey! Thanks for turning around for me! I wouldn’t have been able to do this otherwise!” She smiles at you. You just couldn’t win. The small ‘cubi hops and twists in the air before landing on her feet on the bottom ropes. She clasps the top ropes with her hands, keeping herself up on the ropes, and she looks back at you with a knowing smile. She presses her heart shaped ‘cubi ass against your cock, pinning it between her cheeks and your belly, before she starts to grind against your shaft. The sensation causes you to groan with pleasure as you endure the slow, sensual rolling of her hips. “Seeee~? Look how much your cock is twitching.. It’s happy to be pressed against me. It’s like a happy little puppy, excited at the return of its master.” She declares. She then takes it a step further, and hooks one arm around the back of your neck, and looks up into your eyes. She opens her mouth slowly, as if expecting a kiss as she continues to bully your cock with her petite rump. You’re left panting through your mouth, losing your thoughts, and slowly start to lean down to accept her offer. Just before your lips touch, she hops off you, and abandons you in the corner. “Ehehehe~! You were totally gonna do it! Just admiiit it~! You WANT to lose to me!” She said, bending over as she talked, and rubs her rump in front of you before giving herself a good swat, then turns to face you. You’re red in the face from how much she’s playing with you, not to mention how bad your balls ached after being teased like that. You had to make her pay. You couldn’t let her be right about you![/i]
[icon]Bot Announcer[/icon][color=gray]Milly The Succubot used their ass to tease Jaxton Wheeler's penis, dealing 16 lust points![/color]
[color=gray]═════════════════ ⭐ [color=purple]Sexfight ring[/color] ⭐ ═════════════════
 [color=red]░░░░░░░░░░░░░░▓▓▓▓▓▓[/color] ⭐ [color=purple]VS[/color] ⭐ [color=red]▓▓▓▓▓▓▓░░░░░░░░░░░░░[/color]
► [icon]Jaxton Wheeler[/icon]                                                                  [icon]Milly The Succubot[/icon]
It's Jaxton Wheeler's turn![/color]

12-12-2017 04:47:09.5 [PRIV] Jaxton Wheeler: !attack feet to lips
12-12-2017 04:47:37.6 [PRIV] Bot to Jaxton Wheeler:
[icon]Bot Announcer[/icon][color=gray]Jaxton Wheeler used their feet to tease Milly The Succubot's ass, dealing 26 lust points![/color]
[color=gray]═════════════════ ⭐ [color=purple]Sexfight ring[/color] ⭐ ═════════════════
 [color=red]░░░░░░░░░░░░░░░░░░▓▓[/color] ⭐ [color=purple]VS[/color] ⭐ [color=red]▓▓▓▓▓▓░░░░░░░░░░░░░░[/color]
► [icon]Milly The Succubot[/icon]                                                                  [icon]Jaxton Wheeler[/icon]
It's Milly The Succubot's turn![/color]
[i]'H-hey!! What are you doing?” Your foot presses down against her butt, rubbing her cheeks and pinning her down with your foot. She whimpers, trying to crawl away, despite how nice the massage felt. “Nmm… y-you… you’re really good with your feet. If you wanna do this a bit more.. I guess I wouldn’t mind.” She said, and lays her head against her arms, like she was being treated to a massage session. You decide to wake her back up by sticking your big toe in her pucker! “Hyaaa-aaaah!!” Milly yelps, suddenly springing to life, and scrambles away from you! She turns around, rubbing her butt and glaring at you from a sitting position. “You just had to ruin it!” She huffs, and starts to get back up. “I’ll make you pay for that.'[/i]

12-12-2017 04:47:37.6 [PRIV] Bot to Jaxton Wheeler:

[i]Milly sways slowly as she looks at you. Folding one hand behind her back, she raises her other hand, and slides two fingers into her mouth. She approaches you, swirling her fingers around in her mouth. She pops her fingers out of her mouth as she draws close. “Say aah~” She instructs. Regardless if you do, she’ll push her slender, saliva covered fingers into your mouth, and swirls her two fingers around. After a couple of seconds, she’ll pop her fingers back out, and beams at you. “It’s almost like we kissed.” She winks at you. “Are you gonna spit me out, or swallow my love?” She smiles knowingly at you before she takes her fingers back in her mouth, and swallows her mouthful. “Mmm~!”[/i]
[icon]Bot Announcer[/icon][color=gray]Milly The Succubot used their fingers to tease Jaxton Wheeler's lips, dealing 25 lust points![/color]
[color=gray]═════════════════ ⭐ [color=purple]Sexfight ring[/color] ⭐ ═════════════════
 [color=red]░░░░░░░░░░░░░░░░░░░▓[/color] ⭐ [color=purple]VS[/color] ⭐ [color=red]▓▓░░░░░░░░░░░░░░░░░░[/color]
► [icon]Jaxton Wheeler[/icon]                                                                  [icon]Milly The Succubot[/icon]
It's Jaxton Wheeler's turn![/color]

12-12-2017 04:47:37.6 [PRIV] Jaxton Wheeler: !attack feet to ass
12-12-2017 04:47:44.0 [PRIV] Bot to Jaxton Wheeler:
[icon]Bot Announcer[/icon][color=gray]Jaxton Wheeler used their feet to tease Milly The Succubot's ass, dealing 23 lust points![/color]
[color=gray]Jaxton Wheeler made Milly The Succubot cum! The winner gets $2.00 and the loser gets $1.00, thank you for participating.[/color]
[color=gray]═════════════════ ⭐ [color=purple]Sexfight ring[/color] ⭐ ═════════════════
 [color=red]░░░░░░░░░░░░░░░░░░░░[/color] ⭐ [color=purple]VS[/color] ⭐ [color=red]▓░░░░░░░░░░░░░░░░░░░[/color]
► [icon]Milly The Succubot[/icon]                                                                  [icon]Jaxton Wheeler[/icon]
It's Milly The Succubot's turn![/color]

[color=gray]════════════════ ⭐ [color=purple]Combat ended[/color] ⭐ ════════════════[/color]
[i]'H-hey!! What are you doing?” Your foot presses down against her butt, rubbing her cheeks and pinning her down with your foot. She whimpers, trying to crawl away, despite how nice the massage felt. “Nmm… y-you… you’re really good with your feet. If you wanna do this a bit more.. I guess I wouldn’t mind.” She said, and lays her head against her arms, like she was being treated to a massage session. You decide to wake her back up by sticking your big toe in her pucker! “Hyaaa-aaaah!!” Milly yelps, suddenly springing to life, and scrambles away from you! She turns around, rubbing her butt and glaring at you from a sitting position. “You just had to ruin it!” She huffs, and starts to get back up. “I’ll make you pay for that.'[/i]

12-12-2017 04:47:44.0 [PRIV] Bot to Jaxton Wheeler:
“A-aaahhhnnh~!” Milly cums hard, her hips shaking as she makes a mess on the mat. She looks up at you, surprised. “W-wow… you’re really good… hee.. It’s no easy feat beating a succubus. Even if it’s just a copy of the real thing. If you ever wanna play with me again, call me. I’ll be waiting~!” She smiles, and blows a kiss to you before vanishing from the ring.
You get $4.00 extra for defeating the boss!
12-12-2017 04:47:44.0 [PRIV] Jaxton Wheeler: !attack feet to ass
12-12-2017 05:03:34.5 [PRIV] Jaxton Wheeler: !card
12-12-2017 05:03:34.6 [PRIV] Bot to Jaxton Wheeler:
[color=gray]══════════════════════════════════════════════════
                                 ⭐ ⭐ [color=red][b]Character card[/b][/color] ⭐ ⭐
══════════════════════════════════════════════════
[color=black]                     [icon]Jaxton Wheeler[/icon]
          [b]Name:[/b] Jaxton Wheeler | [b]Money:[/b] $12.00
          [b]Attack:[/b] 3 Lips, -1 Fingers, -3 Tits, 4 Sex, -3 Ass, 12 Feet.
          [b]Defense:[/b] 0 Lips, -1 Tits, 1 Sex, 4 Ass.
          [b]Sextoy:[/b] Long stockings. +4 attack to feet.
          [b]Outfit:[/b] Bondage suit. -1 defense to tits, -1 defense to sex, -1 defense to ass, +1 attack to lips, +2 attack to fingers, +2 attack to feet.
          [b]Accessory:[/b] Ankle jewelry. +1 attack to feet.
          [b]Flavor item:[/b] None. Nothing equiped.
[/color][/color]
12-12-2017 05:03:55.6 [PRIV] Jaxton Wheeler: !train defense on sex
12-12-2017 05:03:55.6 [PRIV] Bot to Jaxton Wheeler:[eicon]training[/eicon] Training successful! You now have 3 points in defense on sex.
12-12-2017 09:23:17.2 [ROOM] Boxing Sasha: /me walks in
12-12-2017 09:23:29.5 [ROOM] Rix: Yo, lady.
12-12-2017 09:23:56.9 [ROOM] Boxing Sasha: /me waves at Rix, saying :"Hey"
12-12-2017 09:24:34.6 [ROOM] Rix: What's good?
12-12-2017 09:25:08.0 [ROOM] Boxing Sasha: /me looked at her, saying:"All fine, was hoping for a bout. And you? I am Sasha"
12-12-2017 11:23:42.9 [PRIV] Evan Clark: !card
12-12-2017 11:23:43.8 [PRIV] Bot to Evan Clark:
[color=gray]══════════════════════════════════════════════════
                                 ⭐ ⭐ [color=red][b]Character card[/b][/color] ⭐ ⭐
══════════════════════════════════════════════════
[color=green]                     [icon]Evan Clark[/icon]
          [b]Name:[/b] Evan Clark | [b]Money:[/b] $13.00
          [b]Attack:[/b] 1 Lips, 4 Fingers, 1 Tits, 2 Sex, 4 Ass, 3 Feet.
          [b]Defense:[/b] -1 Lips, 2 Tits, 2 Sex, 4 Ass.
          [b]Sextoy:[/b] Socks. +1 attack to feet.
          [b]Outfit:[/b] Spats. +2 defense to sex, +2 defense to ass.
          [b]Accessory:[/b] Wristbands. Standard uniform.
          [b]Flavor item:[/b] None. Nothing equiped.
[/color][/color]
12-12-2017 11:24:00.2 [PRIV] Evan Clark: !train attack on sex
12-12-2017 11:24:00.2 [PRIV] Bot to Evan Clark:[eicon]training[/eicon] Training successful! You now have 3 points in attack on sex.
12-12-2017 11:24:14.7 [PRIV] Evan Clark: !trainingdummy2 male
12-12-2017 11:24:14.7 [PRIV] Bot to Evan Clark:
[icon]Bot Announcer[/icon][color=gray] Welcome to the training ring! Today we have Evan Clark vs Sissy Robert Bot! Let the match begin![/color]
[color=gray]═════════════════ ⭐ [color=purple]Sexfight ring[/color] ⭐ ═════════════════
 [color=purple]▓▓▓▓▓▓▓▓▓▓▓▓▓▓▓▓▓▓▓▓[/color] ⭐ [color=purple]VS[/color] ⭐ [color=purple]▓▓▓▓▓▓▓▓▓▓▓▓▓▓▓▓▓▓▓▓[/color]
► [icon]Evan Clark[/icon]                                                                  [icon]Sissy Robert Bot[/icon]
It's Evan Clark's turn![/color]

12-12-2017 11:24:24.0 [PRIV] Bot to Evan Clark:
[icon]Bot Announcer[/icon][color=gray]Evan Clark used their sex to tease Sissy Robert Bot's sex, dealing 23 lust points![/color]
[color=gray]═════════════════ ⭐ [color=purple]Sexfight ring[/color] ⭐ ═════════════════
 [color=purple]░░░░▓▓▓▓▓▓▓▓▓▓▓▓▓▓▓▓[/color] ⭐ [color=purple]VS[/color] ⭐ [color=purple]▓▓▓▓▓▓▓▓▓▓▓▓▓▓▓▓▓▓▓▓[/color]
► [icon]Sissy Robert Bot[/icon]                                                                  [icon]Evan Clark[/icon]
It's Sissy Robert Bot's turn![/color]
[i]Sissy Robert moans as you tease him![/i]

12-12-2017 11:24:24.0 [PRIV] Bot to Evan Clark:
[i]But then, Sissy Robert sends a sex attack at you![/i]
[icon]Bot Announcer[/icon][color=gray]Sissy Robert Bot used their ass to tease Evan Clark's tits, dealing 3 lust points![/color]
[color=gray]═════════════════ ⭐ [color=purple]Sexfight ring[/color] ⭐ ═════════════════
 [color=purple]▓▓▓▓▓▓▓▓▓▓▓▓▓▓▓▓▓▓▓▓[/color] ⭐ [color=purple]VS[/color] ⭐ [color=purple]▓▓▓▓▓▓▓▓▓▓▓▓▓▓▓▓░░░░[/color]
► [icon]Evan Clark[/icon]                                                                  [icon]Sissy Robert Bot[/icon]
It's Evan Clark's turn![/color]

12-12-2017 11:24:24.0 [PRIV] Evan Clark: !attack sex to sex
12-12-2017 11:24:32.0 [PRIV] Bot to Evan Clark:
[icon]Bot Announcer[/icon][color=gray]Evan Clark used their sex to tease Sissy Robert Bot's ass, dealing 16 lust points![/color]
[color=gray]═════════════════ ⭐ [color=purple]Sexfight ring[/color] ⭐ ═════════════════
 [color=purple]░░░░░░░▓▓▓▓▓▓▓▓▓▓▓▓▓[/color] ⭐ [color=purple]VS[/color] ⭐ [color=purple]▓▓▓▓▓▓▓▓▓▓▓▓▓▓▓▓▓▓▓▓[/color]
► [icon]Sissy Robert Bot[/icon]                                                                  [icon]Evan Clark[/icon]
It's Sissy Robert Bot's turn![/color]
[i]Sissy Robert moans as you tease him![/i]

12-12-2017 11:24:32.0 [PRIV] Bot to Evan Clark:
[i]But then, Sissy Robert sends a sex attack at you![/i]
[icon]Bot Announcer[/icon][color=gray]Sissy Robert Bot used their sex to tease Evan Clark's tits, dealing 7 lust points![/color]
[color=gray]═════════════════ ⭐ [color=purple]Sexfight ring[/color] ⭐ ═════════════════
 [color=purple]░░▓▓▓▓▓▓▓▓▓▓▓▓▓▓▓▓▓▓[/color] ⭐ [color=purple]VS[/color] ⭐ [color=purple]▓▓▓▓▓▓▓▓▓▓▓▓▓░░░░░░░[/color]
► [icon]Evan Clark[/icon]                                                                  [icon]Sissy Robert Bot[/icon]
It's Evan Clark's turn![/color]

12-12-2017 11:24:32.0 [PRIV] Evan Clark: !attack sex to ass
12-12-2017 11:24:39.1 [PRIV] Bot to Evan Clark:
[icon]Bot Announcer[/icon][color=gray]Evan Clark used their feet to tease Sissy Robert Bot's sex, dealing 22 lust points![/color]
[color=gray]═════════════════ ⭐ [color=purple]Sexfight ring[/color] ⭐ ═════════════════
 [color=red]░░░░░░░░░░░░▓▓▓▓▓▓▓▓[/color] ⭐ [color=purple]VS[/color] ⭐ [color=purple]▓▓▓▓▓▓▓▓▓▓▓▓▓▓▓▓▓▓░░[/color]
► [icon]Sissy Robert Bot[/icon]                                                                  [icon]Evan Clark[/icon]
It's Sissy Robert Bot's turn![/color]
[i]Sissy Robert moans as you tease him![/i]

12-12-2017 11:24:39.1 [PRIV] Bot to Evan Clark:
[i]But then, Sissy Robert sends a sex attack at you![/i]
[icon]Bot Announcer[/icon][color=gray]Sissy Robert Bot used their lips to tease Evan Clark's lips, dealing 11 lust points![/color]
[color=gray]═════════════════ ⭐ [color=purple]Sexfight ring[/color] ⭐ ═════════════════
 [color=purple]░░░░▓▓▓▓▓▓▓▓▓▓▓▓▓▓▓▓[/color] ⭐ [color=purple]VS[/color] ⭐ [color=red]▓▓▓▓▓▓▓▓░░░░░░░░░░░░[/color]
► [icon]Evan Clark[/icon]                                                                  [icon]Sissy Robert Bot[/icon]
It's Evan Clark's turn![/color]

12-12-2017 11:24:39.1 [PRIV] Evan Clark: !attack feet to sex
12-12-2017 11:24:46.4 [PRIV] Bot to Evan Clark:
[icon]Bot Announcer[/icon][color=gray]Evan Clark used their lips to tease Sissy Robert Bot's sex, dealing 12 lust points![/color]
[color=gray]═════════════════ ⭐ [color=purple]Sexfight ring[/color] ⭐ ═════════════════
 [color=red]░░░░░░░░░░░░░░▓▓▓▓▓▓[/color] ⭐ [color=purple]VS[/color] ⭐ [color=purple]▓▓▓▓▓▓▓▓▓▓▓▓▓▓▓▓░░░░[/color]
► [icon]Sissy Robert Bot[/icon]                                                                  [icon]Evan Clark[/icon]
It's Sissy Robert Bot's turn![/color]
[i]Sissy Robert moans as you tease him![/i]

12-12-2017 11:24:46.5 [PRIV] Bot to Evan Clark:
[i]But then, Sissy Robert sends a sex attack at you![/i]
[icon]Bot Announcer[/icon][color=gray]Sissy Robert Bot used their sex to tease Evan Clark's lips, dealing 3 lust points![/color]
[color=gray]═════════════════ ⭐ [color=purple]Sexfight ring[/color] ⭐ ═════════════════
 [color=purple]░░░░▓▓▓▓▓▓▓▓▓▓▓▓▓▓▓▓[/color] ⭐ [color=purple]VS[/color] ⭐ [color=red]▓▓▓▓▓▓░░░░░░░░░░░░░░[/color]
► [icon]Evan Clark[/icon]                                                                  [icon]Sissy Robert Bot[/icon]
It's Evan Clark's turn![/color]

12-12-2017 11:24:46.5 [PRIV] Evan Clark: !attack lips to sex
12-12-2017 11:24:55.8 [PRIV] Bot to Evan Clark:
[icon]Bot Announcer[/icon][color=gray]Evan Clark used their sex to tease Sissy Robert Bot's tits, dealing 20 lust points![/color]
[color=gray]═════════════════ ⭐ [color=purple]Sexfight ring[/color] ⭐ ═════════════════
 [color=red]░░░░░░░░░░░░░░░░░░▓▓[/color] ⭐ [color=purple]VS[/color] ⭐ [color=purple]▓▓▓▓▓▓▓▓▓▓▓▓▓▓▓▓░░░░[/color]
► [icon]Sissy Robert Bot[/icon]                                                                  [icon]Evan Clark[/icon]
It's Sissy Robert Bot's turn![/color]
[i]Sissy Robert moans as you tease him![/i]

12-12-2017 11:24:55.8 [PRIV] Bot to Evan Clark:
[i]But then, Sissy Robert sends a sex attack at you![/i]
[icon]Bot Announcer[/icon][color=gray]Sissy Robert Bot used their lips to tease Evan Clark's ass, dealing 7 lust points![/color]
[color=gray]═════════════════ ⭐ [color=purple]Sexfight ring[/color] ⭐ ═════════════════
 [color=purple]░░░░░░▓▓▓▓▓▓▓▓▓▓▓▓▓▓[/color] ⭐ [color=purple]VS[/color] ⭐ [color=red]▓▓░░░░░░░░░░░░░░░░░░[/color]
► [icon]Evan Clark[/icon]                                                                  [icon]Sissy Robert Bot[/icon]
It's Evan Clark's turn![/color]

12-12-2017 11:24:55.8 [PRIV] Evan Clark: !attack sex to tits
12-12-2017 11:25:05.1 [PRIV] Bot to Evan Clark:
[icon]Bot Announcer[/icon][color=gray]Evan Clark used their ass to tease Sissy Robert Bot's sex, dealing 22 lust points![/color]
[color=gray]Evan Clark made Sissy Robert Bot cum! The winner gets $2.00 and the loser gets $1.00, thank you for participating.[/color]
[color=gray]═════════════════ ⭐ [color=purple]Sexfight ring[/color] ⭐ ═════════════════
 [color=red]░░░░░░░░░░░░░░░░░░░░[/color] ⭐ [color=purple]VS[/color] ⭐ [color=purple]▓▓▓▓▓▓▓▓▓▓▓▓▓▓░░░░░░[/color]
► [icon]Sissy Robert Bot[/icon]                                                                  [icon]Evan Clark[/icon]
It's Sissy Robert Bot's turn![/color]

[color=gray]════════════════ ⭐ [color=purple]Combat ended[/color] ⭐ ════════════════[/color]
[i]Sissy Robert moans as you tease him![/i]

12-12-2017 11:25:05.1 [PRIV] Bot to Evan Clark:

12-12-2017 11:25:05.2 [PRIV] Evan Clark: !attack ass to sex
12-12-2017 12:58:14.5 [ROOM] Bot: 
[color=gray]The ring is empty![/color]
12-12-2017 12:58:15.1 [ROOM] Ryician: !status
12-12-2017 12:58:25.3 [ROOM] Ryician: /me pokes a head in, waving to everyone he knows.
12-12-2017 13:08:01.5 [ROOM] Ryician: /me waves to Sasha as well.
12-12-2017 13:08:15.8 [ROOM] Sasha Imai: /me waves back
12-12-2017 13:08:25.1 [ROOM] Ryician: How are you doing?
12-12-2017 13:10:14.4 [ROOM] Sasha Imai: Meh
12-12-2017 13:10:23.7 [ROOM] Ryician: Ooaaf, I am sorry
12-12-2017 13:10:49.5 [ROOM] Ryician: Anything I can do to help?
12-12-2017 13:12:14.1 [ROOM] Sasha Imai: Nah its alright
12-12-2017 13:12:37.7 [ROOM] Ryician: I have fireworks...
12-12-2017 13:37:24.1 [PRIV] charmofflame: !trainingdummy female
12-12-2017 13:37:24.3 [PRIV] Bot to charmofflame:
[icon]Bot Announcer[/icon][color=gray] Welcome to the training ring! Today we have charmofflame vs Yuni Hermit! Let the match begin![/color]
[color=gray]═════════════════ ⭐ [color=purple]Sexfight ring[/color] ⭐ ═════════════════
 [color=purple]▓▓▓▓▓▓▓▓▓▓▓▓▓▓▓▓▓▓▓▓[/color] ⭐ [color=purple]VS[/color] ⭐ [color=purple]▓▓▓▓▓▓▓▓▓▓▓▓▓▓▓▓▓▓▓▓[/color]
► [icon]charmofflame[/icon]                                                                  [icon]Yuni Hermit[/icon]
It's charmofflame's turn![/color]

12-12-2017 13:37:29.9 [PRIV] Bot to charmofflame:
[icon]Bot Announcer[/icon][color=gray]charmofflame used their lips to tease Yuni Hermit's ass, dealing 20 lust points![/color]
[color=gray]═════════════════ ⭐ [color=purple]Sexfight ring[/color] ⭐ ═════════════════
 [color=purple]░░░░▓▓▓▓▓▓▓▓▓▓▓▓▓▓▓▓[/color] ⭐ [color=purple]VS[/color] ⭐ [color=purple]▓▓▓▓▓▓▓▓▓▓▓▓▓▓▓▓▓▓▓▓[/color]
► [icon]Yuni Hermit[/icon]                                                                  [icon]charmofflame[/icon]
It's Yuni Hermit's turn![/color]
[i]'You want what? ... Yes, please.' She turns around and drops to all fours, reaching behind to spread her buttcheeks with both paws, letting her pucker 'wink' at you with a flex of her anus. She keeps those cheeks spread until you're up close, letting them make your head disappear. Throughout the booty make-out, she's flexing, squeezing your tongue, 'kissing' right back, and groaning like a whore up front... your face musky with her rear's scent by the time you pull away.[/i]

12-12-2017 13:37:29.9 [PRIV] Bot to charmofflame:
[i]Yuni  darts in and shoves her paw between your legs to get her paws on your pussy. She rubs your clitty with her thumb in circles while three fingers explore your vagina. She pulls away, fingers wet, and licks her digits clean.[/i]
[icon]Bot Announcer[/icon][color=gray]Yuni Hermit used their fingers to tease charmofflame's vagina, dealing 10 lust points![/color]
[color=gray]═════════════════ ⭐ [color=purple]Sexfight ring[/color] ⭐ ═════════════════
 [color=purple]░░▓▓▓▓▓▓▓▓▓▓▓▓▓▓▓▓▓▓[/color] ⭐ [color=purple]VS[/color] ⭐ [color=purple]▓▓▓▓▓▓▓▓▓▓▓▓▓▓▓▓░░░░[/color]
► [icon]charmofflame[/icon]                                                                  [icon]Yuni Hermit[/icon]
It's charmofflame's turn![/color]

12-12-2017 13:37:29.9 [PRIV] charmofflame: !attack lips to ass
12-12-2017 13:37:30.8 [PRIV] Bot to charmofflame:
[icon]Bot Announcer[/icon][color=gray]charmofflame used their lips to tease Yuni Hermit's ass, dealing 16 lust points![/color]
[color=gray]═════════════════ ⭐ [color=purple]Sexfight ring[/color] ⭐ ═════════════════
 [color=purple]░░░░░░░▓▓▓▓▓▓▓▓▓▓▓▓▓[/color] ⭐ [color=purple]VS[/color] ⭐ [color=purple]▓▓▓▓▓▓▓▓▓▓▓▓▓▓▓▓▓▓░░[/color]
► [icon]Yuni Hermit[/icon]                                                                  [icon]charmofflame[/icon]
It's Yuni Hermit's turn![/color]
[i]'You want what? ... Yes, please.' She turns around and drops to all fours, reaching behind to spread her buttcheeks with both paws, letting her pucker 'wink' at you with a flex of her anus. She keeps those cheeks spread until you're up close, letting them make your head disappear. Throughout the booty make-out, she's flexing, squeezing your tongue, 'kissing' right back, and groaning like a whore up front... your face musky with her rear's scent by the time you pull away.[/i]

12-12-2017 13:37:30.9 [PRIV] Bot to charmofflame:
[i]Yuni wraps her arms around you and squashes her chest against you from the front. Her breasts pillow and goosh out against your own. '... Mine are bigger, Slut.' she taunts, before hopping back.[/i]
[icon]Bot Announcer[/icon][color=gray]Yuni Hermit used their tits to tease charmofflame's tits, dealing 2 lust points![/color]
[color=gray]═════════════════ ⭐ [color=purple]Sexfight ring[/color] ⭐ ═════════════════
 [color=purple]░░▓▓▓▓▓▓▓▓▓▓▓▓▓▓▓▓▓▓[/color] ⭐ [color=purple]VS[/color] ⭐ [color=purple]▓▓▓▓▓▓▓▓▓▓▓▓▓░░░░░░░[/color]
► [icon]charmofflame[/icon]                                                                  [icon]Yuni Hermit[/icon]
It's charmofflame's turn![/color]

12-12-2017 13:37:30.9 [PRIV] charmofflame: !attack lips to ass
12-12-2017 13:37:32.0 [PRIV] Bot to charmofflame:
[icon]Bot Announcer[/icon][color=gray]charmofflame used their lips to tease Yuni Hermit's ass, dealing 16 lust points![/color]
[color=gray]═════════════════ ⭐ [color=purple]Sexfight ring[/color] ⭐ ═════════════════
 [color=red]░░░░░░░░░░▓▓▓▓▓▓▓▓▓▓[/color] ⭐ [color=purple]VS[/color] ⭐ [color=purple]▓▓▓▓▓▓▓▓▓▓▓▓▓▓▓▓▓▓░░[/color]
► [icon]Yuni Hermit[/icon]                                                                  [icon]charmofflame[/icon]
It's Yuni Hermit's turn![/color]
[i]'You want what? ... Yes, please.' She turns around and drops to all fours, reaching behind to spread her buttcheeks with both paws, letting her pucker 'wink' at you with a flex of her anus. She keeps those cheeks spread until you're up close, letting them make your head disappear. Throughout the booty make-out, she's flexing, squeezing your tongue, 'kissing' right back, and groaning like a whore up front... your face musky with her rear's scent by the time you pull away.[/i]

12-12-2017 13:37:32.1 [PRIV] Bot to charmofflame:
[i]Yuni quirks an eyebrow, then looks at your cunt... then at her crotch. She whips a purple double-ended dildo out of her cleavage, shoving one end up her ass. With a leg-sweep, she gets you on your own tush, and sits on your crotch... shoving the other end of that toy into your cunt. A bouncy-ride later, she uses that dildo like a pogo stick in your snatch, until the whole thing is nice and wet. 'Whee!' she teases, hopping back into a fighting pose.[/i]
[icon]Bot Announcer[/icon][color=gray]Yuni Hermit used their ass to tease charmofflame's vagina, dealing 4 lust points![/color]
[color=gray]═════════════════ ⭐ [color=purple]Sexfight ring[/color] ⭐ ═════════════════
 [color=purple]░░░▓▓▓▓▓▓▓▓▓▓▓▓▓▓▓▓▓[/color] ⭐ [color=purple]VS[/color] ⭐ [color=red]▓▓▓▓▓▓▓▓▓▓░░░░░░░░░░[/color]
► [icon]charmofflame[/icon]                                                                  [icon]Yuni Hermit[/icon]
It's charmofflame's turn![/color]

12-12-2017 13:37:32.1 [PRIV] charmofflame: !attack lips to ass
12-12-2017 13:37:32.6 [PRIV] Bot to charmofflame:
[icon]Bot Announcer[/icon][color=gray]charmofflame used their lips to tease Yuni Hermit's ass, dealing 17 lust points![/color]
[color=gray]═════════════════ ⭐ [color=purple]Sexfight ring[/color] ⭐ ═════════════════
 [color=red]░░░░░░░░░░░░░▓▓▓▓▓▓▓[/color] ⭐ [color=purple]VS[/color] ⭐ [color=purple]▓▓▓▓▓▓▓▓▓▓▓▓▓▓▓▓▓░░░[/color]
► [icon]Yuni Hermit[/icon]                                                                  [icon]charmofflame[/icon]
It's Yuni Hermit's turn![/color]
[i]'You want what? ... Yes, please.' She turns around and drops to all fours, reaching behind to spread her buttcheeks with both paws, letting her pucker 'wink' at you with a flex of her anus. She keeps those cheeks spread until you're up close, letting them make your head disappear. Throughout the booty make-out, she's flexing, squeezing your tongue, 'kissing' right back, and groaning like a whore up front... your face musky with her rear's scent by the time you pull away.[/i]

12-12-2017 13:37:33.0 [PRIV] Bot to charmofflame:
[i]Yuni shoves her nipple into your mouth, trying to hold you in place by the back of your head with one paw. The other squeezes her oversized milk-maker, and she floods your mouth with milk.[/i]
[icon]Bot Announcer[/icon][color=gray]Yuni Hermit used their tits to tease charmofflame's lips, dealing 13 lust points![/color]
[color=gray]═════════════════ ⭐ [color=purple]Sexfight ring[/color] ⭐ ═════════════════
 [color=purple]░░░░░▓▓▓▓▓▓▓▓▓▓▓▓▓▓▓[/color] ⭐ [color=purple]VS[/color] ⭐ [color=red]▓▓▓▓▓▓▓░░░░░░░░░░░░░[/color]
► [icon]charmofflame[/icon]                                                                  [icon]Yuni Hermit[/icon]
It's charmofflame's turn![/color]

12-12-2017 13:37:33.0 [PRIV] charmofflame: !attack lips to ass
12-12-2017 13:37:33.5 [PRIV] Bot to charmofflame:
[icon]Bot Announcer[/icon][color=gray]charmofflame used their lips to tease Yuni Hermit's ass, dealing 23 lust points![/color]
[color=gray]═════════════════ ⭐ [color=purple]Sexfight ring[/color] ⭐ ═════════════════
 [color=red]░░░░░░░░░░░░░░░░░░▓▓[/color] ⭐ [color=purple]VS[/color] ⭐ [color=purple]▓▓▓▓▓▓▓▓▓▓▓▓▓▓▓░░░░░[/color]
► [icon]Yuni Hermit[/icon]                                                                  [icon]charmofflame[/icon]
It's Yuni Hermit's turn![/color]
[i]'You want what? ... Yes, please.' She turns around and drops to all fours, reaching behind to spread her buttcheeks with both paws, letting her pucker 'wink' at you with a flex of her anus. She keeps those cheeks spread until you're up close, letting them make your head disappear. Throughout the booty make-out, she's flexing, squeezing your tongue, 'kissing' right back, and groaning like a whore up front... your face musky with her rear's scent by the time you pull away.[/i]

12-12-2017 13:37:33.6 [PRIV] Bot to charmofflame:
[i]Yuni shoves her nipple into your mouth, trying to hold you in place by the back of your head with one paw. The other squeezes her oversized milk-maker, and she floods your mouth with milk.[/i]
[icon]Bot Announcer[/icon][color=gray]Yuni Hermit used their tits to tease charmofflame's lips, dealing 12 lust points![/color]
[color=gray]═════════════════ ⭐ [color=purple]Sexfight ring[/color] ⭐ ═════════════════
 [color=purple]░░░░░░░░▓▓▓▓▓▓▓▓▓▓▓▓[/color] ⭐ [color=purple]VS[/color] ⭐ [color=red]▓▓░░░░░░░░░░░░░░░░░░[/color]
► [icon]charmofflame[/icon]                                                                  [icon]Yuni Hermit[/icon]
It's charmofflame's turn![/color]

12-12-2017 13:37:33.6 [PRIV] charmofflame: !attack lips to ass
12-12-2017 13:38:21.0 [PRIV] Bot to charmofflame:
[icon]Bot Announcer[/icon][color=gray]charmofflame used their lips to tease Yuni Hermit's ass, dealing 19 lust points![/color]
[color=gray]charmofflame made Yuni Hermit cum! The winner gets $2.00 and the loser gets $1.00, thank you for participating.[/color]
[color=gray]═════════════════ ⭐ [color=purple]Sexfight ring[/color] ⭐ ═════════════════
 [color=red]░░░░░░░░░░░░░░░░░░░░[/color] ⭐ [color=purple]VS[/color] ⭐ [color=purple]▓▓▓▓▓▓▓▓▓▓▓▓░░░░░░░░[/color]
► [icon]Yuni Hermit[/icon]                                                                  [icon]charmofflame[/icon]
It's Yuni Hermit's turn![/color]

[color=gray]════════════════ ⭐ [color=purple]Combat ended[/color] ⭐ ════════════════[/color]
[i]'You want what? ... Yes, please.' She turns around and drops to all fours, reaching behind to spread her buttcheeks with both paws, letting her pucker 'wink' at you with a flex of her anus. She keeps those cheeks spread until you're up close, letting them make your head disappear. Throughout the booty make-out, she's flexing, squeezing your tongue, 'kissing' right back, and groaning like a whore up front... your face musky with her rear's scent by the time you pull away.[/i]

12-12-2017 13:38:21.1 [PRIV] Bot to charmofflame:

12-12-2017 13:38:21.1 [PRIV] charmofflame: !attack lips to ass
12-12-2017 13:38:28.2 [PRIV] charmofflame: !trainingdummy female
12-12-2017 13:38:28.2 [PRIV] Bot to charmofflame:
[icon]Bot Announcer[/icon][color=gray] Welcome to the training ring! Today we have charmofflame vs Yuni Hermit! Let the match begin![/color]
[color=gray]═════════════════ ⭐ [color=purple]Sexfight ring[/color] ⭐ ═════════════════
 [color=purple]▓▓▓▓▓▓▓▓▓▓▓▓▓▓▓▓▓▓▓▓[/color] ⭐ [color=purple]VS[/color] ⭐ [color=purple]▓▓▓▓▓▓▓▓▓▓▓▓▓▓▓▓▓▓▓▓[/color]
► [icon]charmofflame[/icon]                                                                  [icon]Yuni Hermit[/icon]
It's charmofflame's turn![/color]

12-12-2017 13:38:31.6 [PRIV] Bot to charmofflame:
[icon]Bot Announcer[/icon][color=gray]charmofflame used their lips to tease Yuni Hermit's ass, dealing 20 lust points![/color]
[color=gray]═════════════════ ⭐ [color=purple]Sexfight ring[/color] ⭐ ═════════════════
 [color=purple]░░░░▓▓▓▓▓▓▓▓▓▓▓▓▓▓▓▓[/color] ⭐ [color=purple]VS[/color] ⭐ [color=purple]▓▓▓▓▓▓▓▓▓▓▓▓▓▓▓▓▓▓▓▓[/color]
► [icon]Yuni Hermit[/icon]                                                                  [icon]charmofflame[/icon]
It's Yuni Hermit's turn![/color]
[i]'You want what? ... Yes, please.' She turns around and drops to all fours, reaching behind to spread her buttcheeks with both paws, letting her pucker 'wink' at you with a flex of her anus. She keeps those cheeks spread until you're up close, letting them make your head disappear. Throughout the booty make-out, she's flexing, squeezing your tongue, 'kissing' right back, and groaning like a whore up front... your face musky with her rear's scent by the time you pull away.[/i]

12-12-2017 13:38:31.7 [PRIV] Bot to charmofflame:
[i]Yuni fondles your mouth, pushing her digits past your lips and rolling them around... they taste like the other parts of your body she's been groping![/i]
[icon]Bot Announcer[/icon][color=gray]Yuni Hermit used their fingers to tease charmofflame's lips, dealing 6 lust points![/color]
[color=gray]═════════════════ ⭐ [color=purple]Sexfight ring[/color] ⭐ ═════════════════
 [color=purple]░▓▓▓▓▓▓▓▓▓▓▓▓▓▓▓▓▓▓▓[/color] ⭐ [color=purple]VS[/color] ⭐ [color=purple]▓▓▓▓▓▓▓▓▓▓▓▓▓▓▓▓░░░░[/color]
► [icon]charmofflame[/icon]                                                                  [icon]Yuni Hermit[/icon]
It's charmofflame's turn![/color]

12-12-2017 13:38:31.7 [PRIV] charmofflame: !attack lips to ass
12-12-2017 13:38:34.0 [PRIV] Bot to charmofflame:
[icon]Bot Announcer[/icon][color=gray]charmofflame used their lips to tease Yuni Hermit's ass, dealing 16 lust points![/color]
[color=gray]═════════════════ ⭐ [color=purple]Sexfight ring[/color] ⭐ ═════════════════
 [color=purple]░░░░░░░▓▓▓▓▓▓▓▓▓▓▓▓▓[/color] ⭐ [color=purple]VS[/color] ⭐ [color=purple]▓▓▓▓▓▓▓▓▓▓▓▓▓▓▓▓▓▓▓░[/color]
► [icon]Yuni Hermit[/icon]                                                                  [icon]charmofflame[/icon]
It's Yuni Hermit's turn![/color]
[i]'You want what? ... Yes, please.' She turns around and drops to all fours, reaching behind to spread her buttcheeks with both paws, letting her pucker 'wink' at you with a flex of her anus. She keeps those cheeks spread until you're up close, letting them make your head disappear. Throughout the booty make-out, she's flexing, squeezing your tongue, 'kissing' right back, and groaning like a whore up front... your face musky with her rear's scent by the time you pull away.[/i]

12-12-2017 13:38:34.0 [PRIV] Bot to charmofflame:
[i]Yuni shoves her nipple into your mouth, trying to hold you in place by the back of your head with one paw. The other squeezes her oversized milk-maker, and she floods your mouth with milk.[/i]
[icon]Bot Announcer[/icon][color=gray]Yuni Hermit used their tits to tease charmofflame's lips, dealing 10 lust points![/color]
[color=gray]═════════════════ ⭐ [color=purple]Sexfight ring[/color] ⭐ ═════════════════
 [color=purple]░░░▓▓▓▓▓▓▓▓▓▓▓▓▓▓▓▓▓[/color] ⭐ [color=purple]VS[/color] ⭐ [color=purple]▓▓▓▓▓▓▓▓▓▓▓▓▓░░░░░░░[/color]
► [icon]charmofflame[/icon]                                                                  [icon]Yuni Hermit[/icon]
It's charmofflame's turn![/color]

12-12-2017 13:38:34.0 [PRIV] charmofflame: !attack lips to ass
12-12-2017 13:38:35.1 [PRIV] Bot to charmofflame:
[icon]Bot Announcer[/icon][color=gray]charmofflame used their lips to tease Yuni Hermit's ass, dealing 23 lust points![/color]
[color=gray]═════════════════ ⭐ [color=purple]Sexfight ring[/color] ⭐ ═════════════════
 [color=red]░░░░░░░░░░░▓▓▓▓▓▓▓▓▓[/color] ⭐ [color=purple]VS[/color] ⭐ [color=purple]▓▓▓▓▓▓▓▓▓▓▓▓▓▓▓▓▓░░░[/color]
► [icon]Yuni Hermit[/icon]                                                                  [icon]charmofflame[/icon]
It's Yuni Hermit's turn![/color]
[i]'You want what? ... Yes, please.' She turns around and drops to all fours, reaching behind to spread her buttcheeks with both paws, letting her pucker 'wink' at you with a flex of her anus. She keeps those cheeks spread until you're up close, letting them make your head disappear. Throughout the booty make-out, she's flexing, squeezing your tongue, 'kissing' right back, and groaning like a whore up front... your face musky with her rear's scent by the time you pull away.[/i]

12-12-2017 13:38:35.2 [PRIV] Bot to charmofflame:
[i]Yuni does a leg-sweep to get you on your ass, then plasters her heel on your cunt. Grinding and rubbing, she tries to grind your clitty with her soft heel, moving to roll her entire sole over your cunt back and forth... in a sawing motion culminating in pushing her big toe into your pussy for a brief moment.[/i]
[icon]Bot Announcer[/icon][color=gray]Yuni Hermit used their feet to tease charmofflame's vagina, dealing 3 lust points![/color]
[color=gray]═════════════════ ⭐ [color=purple]Sexfight ring[/color] ⭐ ═════════════════
 [color=purple]░░░▓▓▓▓▓▓▓▓▓▓▓▓▓▓▓▓▓[/color] ⭐ [color=purple]VS[/color] ⭐ [color=red]▓▓▓▓▓▓▓▓▓░░░░░░░░░░░[/color]
► [icon]charmofflame[/icon]                                                                  [icon]Yuni Hermit[/icon]
It's charmofflame's turn![/color]

12-12-2017 13:38:35.2 [PRIV] charmofflame: !attack lips to ass
12-12-2017 13:38:36.0 [PRIV] Bot to charmofflame:
[icon]Bot Announcer[/icon][color=gray]charmofflame used their lips to tease Yuni Hermit's ass, dealing 16 lust points![/color]
[color=gray]═════════════════ ⭐ [color=purple]Sexfight ring[/color] ⭐ ═════════════════
 [color=red]░░░░░░░░░░░░░░░▓▓▓▓▓[/color] ⭐ [color=purple]VS[/color] ⭐ [color=purple]▓▓▓▓▓▓▓▓▓▓▓▓▓▓▓▓▓░░░[/color]
► [icon]Yuni Hermit[/icon]                                                                  [icon]charmofflame[/icon]
It's Yuni Hermit's turn![/color]
[i]'You want what? ... Yes, please.' She turns around and drops to all fours, reaching behind to spread her buttcheeks with both paws, letting her pucker 'wink' at you with a flex of her anus. She keeps those cheeks spread until you're up close, letting them make your head disappear. Throughout the booty make-out, she's flexing, squeezing your tongue, 'kissing' right back, and groaning like a whore up front... your face musky with her rear's scent by the time you pull away.[/i]

12-12-2017 13:38:36.1 [PRIV] Bot to charmofflame:
[i]Yuni teases you. 'Did you bring scissors? Hopefully not the safety kind.' Without any more of an explanation, she drops you to the mat with a leg sweep, grabbing both your ankles and pointing your crotch skywards. She sits on your upturned crotch like a throne, smushing her pussy against yours... and rocking her hips like a saw. Rolling her cunt against yours, fluids are swapped, lips and clits catch against each other, and your crotch is soaked in her juices before she lets you up~[/i]
[icon]Bot Announcer[/icon][color=gray]Yuni Hermit used their sex to tease charmofflame's vagina, dealing 8 lust points![/color]
[color=gray]═════════════════ ⭐ [color=purple]Sexfight ring[/color] ⭐ ═════════════════
 [color=purple]░░░░░▓▓▓▓▓▓▓▓▓▓▓▓▓▓▓[/color] ⭐ [color=purple]VS[/color] ⭐ [color=red]▓▓▓▓▓░░░░░░░░░░░░░░░[/color]
► [icon]charmofflame[/icon]                                                                  [icon]Yuni Hermit[/icon]
It's charmofflame's turn![/color]

12-12-2017 13:38:36.1 [PRIV] charmofflame: !attack lips to ass
12-12-2017 13:38:36.9 [PRIV] Bot to charmofflame:
[icon]Bot Announcer[/icon][color=gray]charmofflame used their lips to tease Yuni Hermit's ass, dealing 22 lust points![/color]
[color=gray]═════════════════ ⭐ [color=purple]Sexfight ring[/color] ⭐ ═════════════════
 [color=red]░░░░░░░░░░░░░░░░░░░▓[/color] ⭐ [color=purple]VS[/color] ⭐ [color=purple]▓▓▓▓▓▓▓▓▓▓▓▓▓▓▓░░░░░[/color]
► [icon]Yuni Hermit[/icon]                                                                  [icon]charmofflame[/icon]
It's Yuni Hermit's turn![/color]
[i]'You want what? ... Yes, please.' She turns around and drops to all fours, reaching behind to spread her buttcheeks with both paws, letting her pucker 'wink' at you with a flex of her anus. She keeps those cheeks spread until you're up close, letting them make your head disappear. Throughout the booty make-out, she's flexing, squeezing your tongue, 'kissing' right back, and groaning like a whore up front... your face musky with her rear's scent by the time you pull away.[/i]

12-12-2017 13:38:37.0 [PRIV] Bot to charmofflame:
[i]Yuni giggles, pouncing you onto her back. She makes your groin disappear with her jugs, and her nipples are juuust big enough to give a good stretching to a gal's cunt... it's a bit milky in there afterwards, though.[/i]
[icon]Bot Announcer[/icon][color=gray]Yuni Hermit used their tits to tease charmofflame's vagina, dealing 6 lust points![/color]
[color=gray]═════════════════ ⭐ [color=purple]Sexfight ring[/color] ⭐ ═════════════════
 [color=purple]░░░░░░▓▓▓▓▓▓▓▓▓▓▓▓▓▓[/color] ⭐ [color=purple]VS[/color] ⭐ [color=red]▓░░░░░░░░░░░░░░░░░░░[/color]
► [icon]charmofflame[/icon]                                                                  [icon]Yuni Hermit[/icon]
It's charmofflame's turn![/color]

12-12-2017 13:38:37.0 [PRIV] charmofflame: !attack lips to ass
12-12-2017 13:38:37.5 [PRIV] Bot to charmofflame:
[icon]Bot Announcer[/icon][color=gray]charmofflame used their lips to tease Yuni Hermit's ass, dealing 19 lust points![/color]
[color=gray]charmofflame made Yuni Hermit cum! The winner gets $2.00 and the loser gets $1.00, thank you for participating.[/color]
[color=gray]═════════════════ ⭐ [color=purple]Sexfight ring[/color] ⭐ ═════════════════
 [color=red]░░░░░░░░░░░░░░░░░░░░[/color] ⭐ [color=purple]VS[/color] ⭐ [color=purple]▓▓▓▓▓▓▓▓▓▓▓▓▓▓░░░░░░[/color]
► [icon]Yuni Hermit[/icon]                                                                  [icon]charmofflame[/icon]
It's Yuni Hermit's turn![/color]

[color=gray]════════════════ ⭐ [color=purple]Combat ended[/color] ⭐ ════════════════[/color]
[i]'You want what? ... Yes, please.' She turns around and drops to all fours, reaching behind to spread her buttcheeks with both paws, letting her pucker 'wink' at you with a flex of her anus. She keeps those cheeks spread until you're up close, letting them make your head disappear. Throughout the booty make-out, she's flexing, squeezing your tongue, 'kissing' right back, and groaning like a whore up front... your face musky with her rear's scent by the time you pull away.[/i]

12-12-2017 13:38:37.6 [PRIV] Bot to charmofflame:

12-12-2017 13:38:37.6 [PRIV] charmofflame: !attack lips to ass
12-12-2017 13:39:09.0 [PRIV] charmofflame: !trainingdummy male
12-12-2017 13:39:09.0 [PRIV] Bot to charmofflame:
[icon]Bot Announcer[/icon][color=gray] Welcome to the training ring! Today we have charmofflame vs Yuni Hermit! Let the match begin![/color]
[color=gray]═════════════════ ⭐ [color=purple]Sexfight ring[/color] ⭐ ═════════════════
 [color=purple]▓▓▓▓▓▓▓▓▓▓▓▓▓▓▓▓▓▓▓▓[/color] ⭐ [color=purple]VS[/color] ⭐ [color=purple]▓▓▓▓▓▓▓▓▓▓▓▓▓▓▓▓▓▓▓▓[/color]
► [icon]charmofflame[/icon]                                                                  [icon]Yuni Hermit[/icon]
It's charmofflame's turn![/color]

12-12-2017 13:39:14.6 [PRIV] Bot to charmofflame:
[icon]Bot Announcer[/icon][color=gray]charmofflame used their lips to tease Yuni Hermit's ass, dealing 20 lust points![/color]
[color=gray]═════════════════ ⭐ [color=purple]Sexfight ring[/color] ⭐ ═════════════════
 [color=purple]░░░░▓▓▓▓▓▓▓▓▓▓▓▓▓▓▓▓[/color] ⭐ [color=purple]VS[/color] ⭐ [color=purple]▓▓▓▓▓▓▓▓▓▓▓▓▓▓▓▓▓▓▓▓[/color]
► [icon]Yuni Hermit[/icon]                                                                  [icon]charmofflame[/icon]
It's Yuni Hermit's turn![/color]
[i]'You want what? ... Yes, please.' She turns around and drops to all fours, reaching behind to spread her buttcheeks with both paws, letting her pucker 'wink' at you with a flex of her anus. She keeps those cheeks spread until you're up close, letting them make your head disappear. Throughout the booty make-out, she's flexing, squeezing your tongue, 'kissing' right back, and groaning like a whore up front... your face musky with her rear's scent by the time you pull away.[/i]

12-12-2017 13:39:14.7 [PRIV] Bot to charmofflame:
[i]Yuni pulls a cowboy hat from between her cleavage and puts it on, hip-bumping you to knock you down. Up on top of you, she mounts her girly parts onto the 'pommel' of that saddle between your legs, and with a wet squelch her cunt engulfs you. A short, bouncy ride ensues, Yuni shaking her hat around with a 'Yee-hah!' as she works your member with her cunt, the squelching of her juices loud and vulgar.[/i]
[icon]Bot Announcer[/icon][color=gray]Yuni Hermit used their sex to tease charmofflame's penis, dealing 10 lust points![/color]
[color=gray]═════════════════ ⭐ [color=purple]Sexfight ring[/color] ⭐ ═════════════════
 [color=purple]░░▓▓▓▓▓▓▓▓▓▓▓▓▓▓▓▓▓▓[/color] ⭐ [color=purple]VS[/color] ⭐ [color=purple]▓▓▓▓▓▓▓▓▓▓▓▓▓▓▓▓░░░░[/color]
► [icon]charmofflame[/icon]                                                                  [icon]Yuni Hermit[/icon]
It's charmofflame's turn![/color]

12-12-2017 13:39:14.7 [PRIV] charmofflame: !attack lips to ass
12-12-2017 13:39:20.3 [PRIV] Bot to charmofflame:
[icon]Bot Announcer[/icon][color=gray]charmofflame used their lips to tease Yuni Hermit's ass, dealing 21 lust points![/color]
[color=gray]═════════════════ ⭐ [color=purple]Sexfight ring[/color] ⭐ ═════════════════
 [color=purple]░░░░░░░░▓▓▓▓▓▓▓▓▓▓▓▓[/color] ⭐ [color=purple]VS[/color] ⭐ [color=purple]▓▓▓▓▓▓▓▓▓▓▓▓▓▓▓▓▓▓░░[/color]
► [icon]Yuni Hermit[/icon]                                                                  [icon]charmofflame[/icon]
It's Yuni Hermit's turn![/color]
[i]'You want what? ... Yes, please.' She turns around and drops to all fours, reaching behind to spread her buttcheeks with both paws, letting her pucker 'wink' at you with a flex of her anus. She keeps those cheeks spread until you're up close, letting them make your head disappear. Throughout the booty make-out, she's flexing, squeezing your tongue, 'kissing' right back, and groaning like a whore up front... your face musky with her rear's scent by the time you pull away.[/i]

12-12-2017 13:39:20.4 [PRIV] Bot to charmofflame:
[i]Yuni looks at your rear for a moment... then drags a double-ended dildo out of her cleavage somehow, shoving one end up her booty... She hops forwards, bouncing her breasts off of your face to knock you to the mat, then grabs your legs as handles. Pointing your legs skywards, she faces away from you and sits down... letting the other end of that toy slip into YOUR ass. A bounce-fest begins, the harlot using her own ass to fuck yours with the toy... as she gets plenty of stuffing along the way. 'More!'[/i]
[icon]Bot Announcer[/icon][color=gray]Yuni Hermit used their ass to tease charmofflame's ass, dealing 2 lust points![/color]
[color=gray]═════════════════ ⭐ [color=purple]Sexfight ring[/color] ⭐ ═════════════════
 [color=purple]░░▓▓▓▓▓▓▓▓▓▓▓▓▓▓▓▓▓▓[/color] ⭐ [color=purple]VS[/color] ⭐ [color=purple]▓▓▓▓▓▓▓▓▓▓▓▓░░░░░░░░[/color]
► [icon]charmofflame[/icon]                                                                  [icon]Yuni Hermit[/icon]
It's charmofflame's turn![/color]

12-12-2017 13:39:20.4 [PRIV] charmofflame: !attack lips to ass
12-12-2017 13:39:21.1 [PRIV] Bot to charmofflame:
[icon]Bot Announcer[/icon][color=gray]charmofflame used their lips to tease Yuni Hermit's ass, dealing 21 lust points![/color]
[color=gray]═════════════════ ⭐ [color=purple]Sexfight ring[/color] ⭐ ═════════════════
 [color=red]░░░░░░░░░░░░▓▓▓▓▓▓▓▓[/color] ⭐ [color=purple]VS[/color] ⭐ [color=purple]▓▓▓▓▓▓▓▓▓▓▓▓▓▓▓▓▓▓░░[/color]
► [icon]Yuni Hermit[/icon]                                                                  [icon]charmofflame[/icon]
It's Yuni Hermit's turn![/color]
[i]'You want what? ... Yes, please.' She turns around and drops to all fours, reaching behind to spread her buttcheeks with both paws, letting her pucker 'wink' at you with a flex of her anus. She keeps those cheeks spread until you're up close, letting them make your head disappear. Throughout the booty make-out, she's flexing, squeezing your tongue, 'kissing' right back, and groaning like a whore up front... your face musky with her rear's scent by the time you pull away.[/i]

12-12-2017 13:39:21.1 [PRIV] Bot to charmofflame:
[i]Yuni looks at her crotch, then your rear, then yanks a double-ended dildo out of her cleavage. With a chest-bump to the face to knock you over, she sticks one end of the toy in her cunt, and the other end in your tush... rocking and rolling to fuck both orifices with those strong hips of hers~[/i]
[icon]Bot Announcer[/icon][color=gray]Yuni Hermit used their sex to tease charmofflame's ass, dealing 2 lust points![/color]
[color=gray]═════════════════ ⭐ [color=purple]Sexfight ring[/color] ⭐ ═════════════════
 [color=purple]░░▓▓▓▓▓▓▓▓▓▓▓▓▓▓▓▓▓▓[/color] ⭐ [color=purple]VS[/color] ⭐ [color=red]▓▓▓▓▓▓▓▓░░░░░░░░░░░░[/color]
► [icon]charmofflame[/icon]                                                                  [icon]Yuni Hermit[/icon]
It's charmofflame's turn![/color]

12-12-2017 13:39:21.1 [PRIV] charmofflame: !attack lips to ass
12-12-2017 13:39:22.4 [PRIV] Bot to charmofflame:
[icon]Bot Announcer[/icon][color=gray]charmofflame used their lips to tease Yuni Hermit's ass, dealing 16 lust points![/color]
[color=gray]═════════════════ ⭐ [color=purple]Sexfight ring[/color] ⭐ ═════════════════
 [color=red]░░░░░░░░░░░░░░░▓▓▓▓▓[/color] ⭐ [color=purple]VS[/color] ⭐ [color=purple]▓▓▓▓▓▓▓▓▓▓▓▓▓▓▓▓▓▓░░[/color]
► [icon]Yuni Hermit[/icon]                                                                  [icon]charmofflame[/icon]
It's Yuni Hermit's turn![/color]
[i]'You want what? ... Yes, please.' She turns around and drops to all fours, reaching behind to spread her buttcheeks with both paws, letting her pucker 'wink' at you with a flex of her anus. She keeps those cheeks spread until you're up close, letting them make your head disappear. Throughout the booty make-out, she's flexing, squeezing your tongue, 'kissing' right back, and groaning like a whore up front... your face musky with her rear's scent by the time you pull away.[/i]

12-12-2017 13:39:22.5 [PRIV] Bot to charmofflame:
[i]Yuni does a leg-sweep to get you on your face, then plasters her foot on your rear end. Shoving the tip of her hindpaw into your rear crack, she finds your pucker and squishes her big toe into it... flexing and pumping it a bit to stretch out your rear with her big, soft toe~[/i]
[icon]Bot Announcer[/icon][color=gray]Yuni Hermit used their feet to tease charmofflame's ass, dealing 4 lust points![/color]
[color=gray]═════════════════ ⭐ [color=purple]Sexfight ring[/color] ⭐ ═════════════════
 [color=purple]░░░▓▓▓▓▓▓▓▓▓▓▓▓▓▓▓▓▓[/color] ⭐ [color=purple]VS[/color] ⭐ [color=red]▓▓▓▓▓░░░░░░░░░░░░░░░[/color]
► [icon]charmofflame[/icon]                                                                  [icon]Yuni Hermit[/icon]
It's charmofflame's turn![/color]

12-12-2017 13:39:22.5 [PRIV] charmofflame: !attack lips to ass
12-12-2017 13:39:22.8 [PRIV] Bot to charmofflame:
[icon]Bot Announcer[/icon][color=gray]charmofflame used their lips to tease Yuni Hermit's ass, dealing 24 lust points![/color]
[color=gray]charmofflame made Yuni Hermit cum! The winner gets $2.00 and the loser gets $1.00, thank you for participating.[/color]
[color=gray]═════════════════ ⭐ [color=purple]Sexfight ring[/color] ⭐ ═════════════════
 [color=red]░░░░░░░░░░░░░░░░░░░░[/color] ⭐ [color=purple]VS[/color] ⭐ [color=purple]▓▓▓▓▓▓▓▓▓▓▓▓▓▓▓▓▓░░░[/color]
► [icon]Yuni Hermit[/icon]                                                                  [icon]charmofflame[/icon]
It's Yuni Hermit's turn![/color]

[color=gray]════════════════ ⭐ [color=purple]Combat ended[/color] ⭐ ════════════════[/color]
[i]'You want what? ... Yes, please.' She turns around and drops to all fours, reaching behind to spread her buttcheeks with both paws, letting her pucker 'wink' at you with a flex of her anus. She keeps those cheeks spread until you're up close, letting them make your head disappear. Throughout the booty make-out, she's flexing, squeezing your tongue, 'kissing' right back, and groaning like a whore up front... your face musky with her rear's scent by the time you pull away.[/i]

12-12-2017 13:39:22.8 [PRIV] Bot to charmofflame:

12-12-2017 13:39:22.8 [PRIV] charmofflame: !attack lips to ass
12-12-2017 13:39:27.2 [PRIV] charmofflame: !attack lips to ass
12-12-2017 13:41:13.7 [PRIV] charmofflame: !trainingdummy female
12-12-2017 13:41:13.7 [PRIV] Bot to charmofflame:You reached the maximum ammount of times you can fight the bot per day, come back tomorrow~
12-12-2017 13:41:20.9 [PRIV] charmofflame: !sheet
12-12-2017 13:41:20.9 [PRIV] Bot to charmofflame:
[color=gray]══════════════════════════════════════════════════
                                 ⭐ ⭐ [color=purple][b]General details[/b][/color] ⭐ ⭐
══════════════════════════════════════════════════
[color=pink]                     [icon]charmofflame[/icon]
          [b]Name:[/b] charmofflame | [b]Money:[/b] $31.00
[/color]══════════════════════════════════════════════════
                                 ⭐ ⭐ [color=purple][b]Attack / Defense[/b][/color] ⭐ ⭐
══════════════════════════════════════════════════
[color=pink]          [b]Lips:[/b] 7 / 4
          [b]Fingers:[/b] 6
          [b]Tits:[/b] 5 / 7
          [b]Sex:[/b] 5 / 7
          [b]Ass:[/b] 5 / 7
          [b]Feet:[/b] -3[/color]
══════════════════════════════════════════════════
                                 ⭐ ⭐ [color=purple][b]Equipment[/b][/color] ⭐ ⭐
══════════════════════════════════════════════════
[color=pink]          [b]Sextoy:[/b] Egg vibrator
                    +1 attack to fingers.
          [b]Outfit:[/b] Mistress suit
                    +2 defense to tits, +2 defense to sex, +2 defense to ass.
          [b]Accessory:[/b] Tongue piercing
                    -1 defense to lips, +2 attack to lips.
          [b]Flavor item:[/b] None
                    Nothing equiped.
[/color]══════════════════════════════════════════════════
                                 ⭐ ⭐ [color=purple][b]Inventory[/b][/color] ⭐ ⭐
══════════════════════════════════════════════════
[color=pink]          Nude. Just you and your body.
          Hand. Starter weapon.
          Wristbands. Standard uniform.
          Small bikini. +1 defense to tits, +2 defense to sex, +1 defense to ass.
          Tongue piercing. -1 defense to lips, +2 attack to lips.
          Egg vibrator. +1 attack to fingers.
          Mistress suit. +2 defense to tits, +2 defense to sex, +2 defense to ass.
[/color][/color]
12-12-2017 14:00:39.8 [PRIV] Bot to charmofflame:
[color=gray]══════════════════════════════════════════════════
[color=purple]                                 📿 📿 [b]General store[/b] 📿 📿[/color]
══════════════════════════════════════════════════
[color=pink]          ► $10.00 - Ring gag (-1 defense to lips, +2 attack to lips.)
          ► $10.00 - Fresh mints (+1 attack to lips.)
          ► $10.00 - Ankle jewelry (+1 attack to feet.)
          ► $10.00 - Nipple piercing (-1 defense to tits, +2 attack to tits.)
          ► $10.00 - Tongue piercing (-1 defense to lips, +2 attack to lips.)
          ► $20.00 - Cock piercing (-1 defense to sex, +3 attack to sex.)
          ► $20.00 - Clit piercing (-1 defense to sex, +3 attack to sex.)
          ► $20.00 - Butt lubricant (-1 defense to ass, +3 attack to ass.)
[/color][/color]
12-12-2017 14:00:39.8 [PRIV] charmofflame: !accessories
12-12-2017 19:42:57.0 [ROOM] Boxing Sasha: /me walks in
