03-01-2018 00:13:59.4 [ROOM] Raven: Scree
03-01-2018 00:17:35.1 [ROOM] Tweenie Sheepy: Baaa!!
03-01-2018 00:54:54.6 [ROOM] Bot: 
[color=gray]The ring is empty![/color]
03-01-2018 00:54:54.6 [ROOM] Ryician: !status
03-01-2018 00:55:25.9 [ROOM] Ryician: /me slips into the club, smiling as he stretched a little, waving to anyone around.
03-01-2018 05:52:12.2 [PRIV] 8addest 8itch: !trainingdummy herm
03-01-2018 05:52:12.9 [PRIV] Bot to 8addest 8itch:
[icon]Bot Announcer[/icon][color=gray] Welcome to the training ring! Today we have 8addest 8itch vs Yuni Hermit! Let the match begin![/color]
[color=gray]═════════════════ ⭐ [color=purple]Sexfight ring[/color] ⭐ ═════════════════
 [color=purple]▓▓▓▓▓▓▓▓▓▓▓▓▓▓▓▓▓▓▓▓[/color] ⭐ [color=purple]VS[/color] ⭐ [color=purple]▓▓▓▓▓▓▓▓▓▓▓▓▓▓▓▓▓▓▓▓[/color]
► [icon]8addest 8itch[/icon]                                                                  [icon]Yuni Hermit[/icon]
It's 8addest 8itch's turn![/color]

03-01-2018 05:52:29.6 [PRIV] Bot to 8addest 8itch:
[icon]Bot Announcer[/icon][color=gray]8addest 8itch used their feet to tease Yuni Hermit's tits, dealing 16 lust points![/color]
[color=gray]═════════════════ ⭐ [color=purple]Sexfight ring[/color] ⭐ ═════════════════
 [color=purple]░░░▓▓▓▓▓▓▓▓▓▓▓▓▓▓▓▓▓[/color] ⭐ [color=purple]VS[/color] ⭐ [color=purple]▓▓▓▓▓▓▓▓▓▓▓▓▓▓▓▓▓▓▓▓[/color]
► [icon]Yuni Hermit[/icon]                                                                  [icon]8addest 8itch[/icon]
It's Yuni Hermit's turn![/color]
[i]Yuni lays down with a frustrated, stimulated grunt. She pushes her tits together with her paws to make them squish out... Easy balloons to walk on. Her nipples throb between your toes, leaking a little bit of milky lubrication. They squish, but are strong enough to even support your body if you stand on her chest. 'Mmmf... guh.' she teases cutely.[/i]

03-01-2018 05:52:29.6 [PRIV] Bot to 8addest 8itch:
[i]Yuni teases you. 'Did you bring scissors? Hopefully not the safety kind.' Without any more of an explanation, she drops you to the mat with a leg sweep, grabbing both your ankles and pointing your crotch skywards. She sits on your upturned crotch like a throne, smushing her pussy against yours... and rocking her hips like a saw. Rolling her cunt against yours, fluids are swapped, lips and clits catch against each other, and your crotch is soaked in her juices before she lets you up~[/i]
[icon]Bot Announcer[/icon][color=gray]Yuni Hermit used their sex to tease 8addest 8itch's vagina, dealing 14 lust points![/color]
[color=gray]═════════════════ ⭐ [color=purple]Sexfight ring[/color] ⭐ ═════════════════
 [color=purple]░░▓▓▓▓▓▓▓▓▓▓▓▓▓▓▓▓▓▓[/color] ⭐ [color=purple]VS[/color] ⭐ [color=purple]▓▓▓▓▓▓▓▓▓▓▓▓▓▓▓▓▓░░░[/color]
► [icon]8addest 8itch[/icon]                                                                  [icon]Yuni Hermit[/icon]
It's 8addest 8itch's turn![/color]

03-01-2018 05:52:29.6 [PRIV] 8addest 8itch: !attack feet to tits
03-01-2018 05:52:55.6 [PRIV] Bot to 8addest 8itch:
[icon]Bot Announcer[/icon][color=gray]8addest 8itch used their feet to tease Yuni Hermit's ass, dealing 20 lust points![/color]
[color=gray]═════════════════ ⭐ [color=purple]Sexfight ring[/color] ⭐ ═════════════════
 [color=purple]░░░░░░░▓▓▓▓▓▓▓▓▓▓▓▓▓[/color] ⭐ [color=purple]VS[/color] ⭐ [color=purple]▓▓▓▓▓▓▓▓▓▓▓▓▓▓▓▓▓▓░░[/color]
► [icon]Yuni Hermit[/icon]                                                                  [icon]8addest 8itch[/icon]
It's Yuni Hermit's turn![/color]
[i]'Wait, what?' she squeaks. She turns around and offers her anus, curiously... down on all fours, spreading her cheeks vulgarly. It's easy to get your foot in there, grinding and rubbing around her anus... she tries to open her pucker in a 'winking' motion with her muscles, and sees if she can get your big toe inside of her... gripping it tightly and blushing. '... Can I suck on your toes now? Please?'[/i]

03-01-2018 05:52:55.7 [PRIV] Bot to 8addest 8itch:
[i]Yuni goes for your ass, rolling her fingers around inside your pucker, pumping and thrusting them in your ass to get you worked up.[/i]
[icon]Bot Announcer[/icon][color=gray]Yuni Hermit used their fingers to tease 8addest 8itch's ass, dealing 14 lust points![/color]
[color=gray]═════════════════ ⭐ [color=purple]Sexfight ring[/color] ⭐ ═════════════════
 [color=purple]░░░░░▓▓▓▓▓▓▓▓▓▓▓▓▓▓▓[/color] ⭐ [color=purple]VS[/color] ⭐ [color=purple]▓▓▓▓▓▓▓▓▓▓▓▓▓░░░░░░░[/color]
► [icon]8addest 8itch[/icon]                                                                  [icon]Yuni Hermit[/icon]
It's 8addest 8itch's turn![/color]

03-01-2018 05:52:55.8 [PRIV] 8addest 8itch: !attack feet to ass
03-01-2018 05:53:05.6 [PRIV] Bot to 8addest 8itch:
[icon]Bot Announcer[/icon][color=gray]8addest 8itch used their feet to tease Yuni Hermit's ass, dealing 21 lust points![/color]
[color=gray]═════════════════ ⭐ [color=purple]Sexfight ring[/color] ⭐ ═════════════════
 [color=red]░░░░░░░░░░░▓▓▓▓▓▓▓▓▓[/color] ⭐ [color=purple]VS[/color] ⭐ [color=purple]▓▓▓▓▓▓▓▓▓▓▓▓▓▓▓░░░░░[/color]
► [icon]Yuni Hermit[/icon]                                                                  [icon]8addest 8itch[/icon]
It's Yuni Hermit's turn![/color]
[i]'Wait, what?' she squeaks. She turns around and offers her anus, curiously... down on all fours, spreading her cheeks vulgarly. It's easy to get your foot in there, grinding and rubbing around her anus... she tries to open her pucker in a 'winking' motion with her muscles, and sees if she can get your big toe inside of her... gripping it tightly and blushing. '... Can I suck on your toes now? Please?'[/i]

03-01-2018 05:53:05.6 [PRIV] Bot to 8addest 8itch:
[i]Yuni stares at your groin like a greedy harlot. '... Mine.' She does a double-footed leg-sweep, holding herself up with her paws to do so... Once your cock is properly pointed skywards, she drops onto it like she's trying to squish a Goomba. Your cock vanishes first into her anal cleavage, second into her pucker... warmth, pressure, and friction engulfing your member. She grabs your legs for leverage, and gives a bouncy, noisy, ball-slapping ride in her rear end before hopping off your bedraggled form.[/i]
[icon]Bot Announcer[/icon][color=gray]Yuni Hermit used their ass to tease 8addest 8itch's penis, dealing 9 lust points![/color]
[color=gray]═════════════════ ⭐ [color=purple]Sexfight ring[/color] ⭐ ═════════════════
 [color=purple]░░░░░░░▓▓▓▓▓▓▓▓▓▓▓▓▓[/color] ⭐ [color=purple]VS[/color] ⭐ [color=red]▓▓▓▓▓▓▓▓▓░░░░░░░░░░░[/color]
► [icon]8addest 8itch[/icon]                                                                  [icon]Yuni Hermit[/icon]
It's 8addest 8itch's turn![/color]

03-01-2018 05:53:05.7 [PRIV] 8addest 8itch: !attack feet to ass
03-01-2018 05:53:20.0 [PRIV] Bot to 8addest 8itch:
[icon]Bot Announcer[/icon][color=gray]8addest 8itch used their feet to tease Yuni Hermit's ass, dealing 15 lust points![/color]
[color=gray]═════════════════ ⭐ [color=purple]Sexfight ring[/color] ⭐ ═════════════════
 [color=red]░░░░░░░░░░░░░░▓▓▓▓▓▓[/color] ⭐ [color=purple]VS[/color] ⭐ [color=purple]▓▓▓▓▓▓▓▓▓▓▓▓▓░░░░░░░[/color]
► [icon]Yuni Hermit[/icon]                                                                  [icon]8addest 8itch[/icon]
It's Yuni Hermit's turn![/color]
[i]'Wait, what?' she squeaks. She turns around and offers her anus, curiously... down on all fours, spreading her cheeks vulgarly. It's easy to get your foot in there, grinding and rubbing around her anus... she tries to open her pucker in a 'winking' motion with her muscles, and sees if she can get your big toe inside of her... gripping it tightly and blushing. '... Can I suck on your toes now? Please?'[/i]

03-01-2018 05:53:20.0 [PRIV] Bot to 8addest 8itch:
[i]Yuni looks at her crotch, then your rear, then yanks a double-ended dildo out of her cleavage. With a chest-bump to the face to knock you over, she sticks one end of the toy in her cunt, and the other end in your tush... rocking and rolling to fuck both orifices with those strong hips of hers~[/i]
[icon]Bot Announcer[/icon][color=gray]Yuni Hermit used their sex to tease 8addest 8itch's ass, dealing 12 lust points![/color]
[color=gray]═════════════════ ⭐ [color=purple]Sexfight ring[/color] ⭐ ═════════════════
 [color=purple]░░░░░░░░░▓▓▓▓▓▓▓▓▓▓▓[/color] ⭐ [color=purple]VS[/color] ⭐ [color=red]▓▓▓▓▓▓░░░░░░░░░░░░░░[/color]
► [icon]8addest 8itch[/icon]                                                                  [icon]Yuni Hermit[/icon]
It's 8addest 8itch's turn![/color]

03-01-2018 05:53:20.1 [PRIV] 8addest 8itch: !attack feet to ass
03-01-2018 05:53:29.6 [PRIV] Bot to 8addest 8itch:
[icon]Bot Announcer[/icon][color=gray]8addest 8itch used their feet to tease Yuni Hermit's ass, dealing 16 lust points![/color]
[color=gray]═════════════════ ⭐ [color=purple]Sexfight ring[/color] ⭐ ═════════════════
 [color=red]░░░░░░░░░░░░░░░░░▓▓▓[/color] ⭐ [color=purple]VS[/color] ⭐ [color=purple]▓▓▓▓▓▓▓▓▓▓▓░░░░░░░░░[/color]
► [icon]Yuni Hermit[/icon]                                                                  [icon]8addest 8itch[/icon]
It's Yuni Hermit's turn![/color]
[i]'Wait, what?' she squeaks. She turns around and offers her anus, curiously... down on all fours, spreading her cheeks vulgarly. It's easy to get your foot in there, grinding and rubbing around her anus... she tries to open her pucker in a 'winking' motion with her muscles, and sees if she can get your big toe inside of her... gripping it tightly and blushing. '... Can I suck on your toes now? Please?'[/i]

03-01-2018 05:53:29.6 [PRIV] Bot to 8addest 8itch:
[i]Yuni fondles your mouth, pushing her digits past your lips and rolling them around... they taste like the other parts of your body she's been groping![/i]
[icon]Bot Announcer[/icon][color=gray]Yuni Hermit used their fingers to tease 8addest 8itch's lips, dealing 15 lust points![/color]
[color=gray]═════════════════ ⭐ [color=purple]Sexfight ring[/color] ⭐ ═════════════════
 [color=red]░░░░░░░░░░░░▓▓▓▓▓▓▓▓[/color] ⭐ [color=purple]VS[/color] ⭐ [color=red]▓▓▓░░░░░░░░░░░░░░░░░[/color]
► [icon]8addest 8itch[/icon]                                                                  [icon]Yuni Hermit[/icon]
It's 8addest 8itch's turn![/color]

03-01-2018 05:53:29.7 [PRIV] 8addest 8itch: !attack feet to ass
03-01-2018 05:53:37.6 [PRIV] Bot to 8addest 8itch:
[icon]Bot Announcer[/icon][color=gray]8addest 8itch used their feet to tease Yuni Hermit's ass, dealing 16 lust points![/color]
[color=gray]8addest 8itch made Yuni Hermit cum! The winner gets $2.00 and the loser gets $1.00, thank you for participating.[/color]
[color=gray]═════════════════ ⭐ [color=purple]Sexfight ring[/color] ⭐ ═════════════════
 [color=red]░░░░░░░░░░░░░░░░░░░░[/color] ⭐ [color=purple]VS[/color] ⭐ [color=red]▓▓▓▓▓▓▓▓░░░░░░░░░░░░[/color]
► [icon]Yuni Hermit[/icon]                                                                  [icon]8addest 8itch[/icon]
It's Yuni Hermit's turn![/color]

[color=gray]════════════════ ⭐ [color=purple]Combat ended[/color] ⭐ ════════════════[/color]
[i]'Wait, what?' she squeaks. She turns around and offers her anus, curiously... down on all fours, spreading her cheeks vulgarly. It's easy to get your foot in there, grinding and rubbing around her anus... she tries to open her pucker in a 'winking' motion with her muscles, and sees if she can get your big toe inside of her... gripping it tightly and blushing. '... Can I suck on your toes now? Please?'[/i]

03-01-2018 05:53:37.7 [PRIV] Bot to 8addest 8itch:

03-01-2018 05:53:37.7 [PRIV] 8addest 8itch: !attack feet to ass
03-01-2018 05:54:00.7 [PRIV] 8addest 8itch: !trainingdummy female
03-01-2018 05:54:00.7 [PRIV] Bot to 8addest 8itch:
[icon]Bot Announcer[/icon][color=gray] Welcome to the training ring! Today we have 8addest 8itch vs Yuni Hermit! Let the match begin![/color]
[color=gray]═════════════════ ⭐ [color=purple]Sexfight ring[/color] ⭐ ═════════════════
 [color=purple]▓▓▓▓▓▓▓▓▓▓▓▓▓▓▓▓▓▓▓▓[/color] ⭐ [color=purple]VS[/color] ⭐ [color=purple]▓▓▓▓▓▓▓▓▓▓▓▓▓▓▓▓▓▓▓▓[/color]
► [icon]8addest 8itch[/icon]                                                                  [icon]Yuni Hermit[/icon]
It's 8addest 8itch's turn![/color]

03-01-2018 05:54:12.5 [PRIV] Bot to 8addest 8itch:
[icon]Bot Announcer[/icon][color=gray]8addest 8itch used their pussy to tease Yuni Hermit's pussy, dealing 12 lust points![/color]
[color=gray]═════════════════ ⭐ [color=purple]Sexfight ring[/color] ⭐ ═════════════════
 [color=purple]░░▓▓▓▓▓▓▓▓▓▓▓▓▓▓▓▓▓▓[/color] ⭐ [color=purple]VS[/color] ⭐ [color=purple]▓▓▓▓▓▓▓▓▓▓▓▓▓▓▓▓▓▓▓▓[/color]
► [icon]Yuni Hermit[/icon]                                                                  [icon]8addest 8itch[/icon]
It's Yuni Hermit's turn![/color]
[i]Yuni gulps. She finds herself with her legs apart in a traditional scissoring pose, but she's the one with her side against the floor, not upright. She tries to maintain dominance over the pose, but finds HER pussy as the one getting fucked, twitching and leaking her juices as you grind on her over and over, face a bit dizzy, panting for breath. 'F... fuck.' she grunts cutely.[/i]

03-01-2018 05:54:12.6 [PRIV] Bot to 8addest 8itch:
[i]Yuni shoves her nipple into your mouth, trying to hold you in place by the back of your head with one paw. The other squeezes her oversized milk-maker, and she floods your mouth with milk.[/i]
[icon]Bot Announcer[/icon][color=gray]Yuni Hermit used their tits to tease 8addest 8itch's lips, dealing 11 lust points![/color]
[color=gray]═════════════════ ⭐ [color=purple]Sexfight ring[/color] ⭐ ═════════════════
 [color=purple]░░▓▓▓▓▓▓▓▓▓▓▓▓▓▓▓▓▓▓[/color] ⭐ [color=purple]VS[/color] ⭐ [color=purple]▓▓▓▓▓▓▓▓▓▓▓▓▓▓▓▓▓▓░░[/color]
► [icon]8addest 8itch[/icon]                                                                  [icon]Yuni Hermit[/icon]
It's 8addest 8itch's turn![/color]

03-01-2018 05:54:12.6 [PRIV] 8addest 8itch: !attack pussy to pussy
03-01-2018 05:54:19.7 [PRIV] Bot to 8addest 8itch:
[icon]Bot Announcer[/icon][color=gray]8addest 8itch used their pussy to tease Yuni Hermit's pussy, dealing 16 lust points![/color]
[color=gray]═════════════════ ⭐ [color=purple]Sexfight ring[/color] ⭐ ═════════════════
 [color=purple]░░░░░▓▓▓▓▓▓▓▓▓▓▓▓▓▓▓[/color] ⭐ [color=purple]VS[/color] ⭐ [color=purple]▓▓▓▓▓▓▓▓▓▓▓▓▓▓▓▓▓▓░░[/color]
► [icon]Yuni Hermit[/icon]                                                                  [icon]8addest 8itch[/icon]
It's Yuni Hermit's turn![/color]
[i]Yuni gulps. She finds herself with her legs apart in a traditional scissoring pose, but she's the one with her side against the floor, not upright. She tries to maintain dominance over the pose, but finds HER pussy as the one getting fucked, twitching and leaking her juices as you grind on her over and over, face a bit dizzy, panting for breath. 'F... fuck.' she grunts cutely.[/i]

03-01-2018 05:54:19.8 [PRIV] Bot to 8addest 8itch:
[i]Yuni shoves her nipple into your mouth, trying to hold you in place by the back of your head with one paw. The other squeezes her oversized milk-maker, and she floods your mouth with milk.[/i]
[icon]Bot Announcer[/icon][color=gray]Yuni Hermit used their tits to tease 8addest 8itch's lips, dealing 8 lust points![/color]
[color=gray]═════════════════ ⭐ [color=purple]Sexfight ring[/color] ⭐ ═════════════════
 [color=purple]░░░▓▓▓▓▓▓▓▓▓▓▓▓▓▓▓▓▓[/color] ⭐ [color=purple]VS[/color] ⭐ [color=purple]▓▓▓▓▓▓▓▓▓▓▓▓▓▓▓░░░░░[/color]
► [icon]8addest 8itch[/icon]                                                                  [icon]Yuni Hermit[/icon]
It's 8addest 8itch's turn![/color]

03-01-2018 05:54:19.8 [PRIV] 8addest 8itch: !attack pussy to pussy
03-01-2018 05:54:26.9 [PRIV] Bot to 8addest 8itch:
[icon]Bot Announcer[/icon][color=gray]8addest 8itch used their pussy to tease Yuni Hermit's pussy, dealing 11 lust points![/color]
[color=gray]═════════════════ ⭐ [color=purple]Sexfight ring[/color] ⭐ ═════════════════
 [color=purple]░░░░░░░▓▓▓▓▓▓▓▓▓▓▓▓▓[/color] ⭐ [color=purple]VS[/color] ⭐ [color=purple]▓▓▓▓▓▓▓▓▓▓▓▓▓▓▓▓▓░░░[/color]
► [icon]Yuni Hermit[/icon]                                                                  [icon]8addest 8itch[/icon]
It's Yuni Hermit's turn![/color]
[i]Yuni gulps. She finds herself with her legs apart in a traditional scissoring pose, but she's the one with her side against the floor, not upright. She tries to maintain dominance over the pose, but finds HER pussy as the one getting fucked, twitching and leaking her juices as you grind on her over and over, face a bit dizzy, panting for breath. 'F... fuck.' she grunts cutely.[/i]

03-01-2018 05:54:26.9 [PRIV] Bot to 8addest 8itch:
[i]Yuni makes a derisive snort and smirks... 'Eat.' she demands, grabbing the back of your head. Shoving you between her thighs, she forces her cunt against your mouth and starts grinding on your face. Clit shoved into your mouth, she humps your mouth like she had a significantly less female piece between her legs... smearing pussyjuice everywhere.[/i]
[icon]Bot Announcer[/icon][color=gray]Yuni Hermit used their sex to tease 8addest 8itch's lips, dealing 9 lust points![/color]
[color=gray]═════════════════ ⭐ [color=purple]Sexfight ring[/color] ⭐ ═════════════════
 [color=purple]░░░░░▓▓▓▓▓▓▓▓▓▓▓▓▓▓▓[/color] ⭐ [color=purple]VS[/color] ⭐ [color=purple]▓▓▓▓▓▓▓▓▓▓▓▓▓░░░░░░░[/color]
► [icon]8addest 8itch[/icon]                                                                  [icon]Yuni Hermit[/icon]
It's 8addest 8itch's turn![/color]

03-01-2018 05:54:27.0 [PRIV] 8addest 8itch: !attack pussy to pussy
03-01-2018 05:54:35.2 [PRIV] Bot to 8addest 8itch:
[icon]Bot Announcer[/icon][color=gray]8addest 8itch used their pussy to tease Yuni Hermit's pussy, dealing 16 lust points![/color]
[color=gray]═════════════════ ⭐ [color=purple]Sexfight ring[/color] ⭐ ═════════════════
 [color=red]░░░░░░░░░░░▓▓▓▓▓▓▓▓▓[/color] ⭐ [color=purple]VS[/color] ⭐ [color=purple]▓▓▓▓▓▓▓▓▓▓▓▓▓▓▓░░░░░[/color]
► [icon]Yuni Hermit[/icon]                                                                  [icon]8addest 8itch[/icon]
It's Yuni Hermit's turn![/color]
[i]Yuni gulps. She finds herself with her legs apart in a traditional scissoring pose, but she's the one with her side against the floor, not upright. She tries to maintain dominance over the pose, but finds HER pussy as the one getting fucked, twitching and leaking her juices as you grind on her over and over, face a bit dizzy, panting for breath. 'F... fuck.' she grunts cutely.[/i]

03-01-2018 05:54:35.3 [PRIV] Bot to 8addest 8itch:
[i]Yuni makes a derisive snort and smirks... 'Eat.' she demands, grabbing the back of your head. Shoving you between her thighs, she forces her cunt against your mouth and starts grinding on your face. Clit shoved into your mouth, she humps your mouth like she had a significantly less female piece between her legs... smearing pussyjuice everywhere.[/i]
[icon]Bot Announcer[/icon][color=gray]Yuni Hermit used their sex to tease 8addest 8itch's lips, dealing 12 lust points![/color]
[color=gray]═════════════════ ⭐ [color=purple]Sexfight ring[/color] ⭐ ═════════════════
 [color=purple]░░░░░░░░▓▓▓▓▓▓▓▓▓▓▓▓[/color] ⭐ [color=purple]VS[/color] ⭐ [color=red]▓▓▓▓▓▓▓▓▓░░░░░░░░░░░[/color]
► [icon]8addest 8itch[/icon]                                                                  [icon]Yuni Hermit[/icon]
It's 8addest 8itch's turn![/color]

03-01-2018 05:54:35.3 [PRIV] 8addest 8itch: !attack pussy to pussy
03-01-2018 05:54:42.2 [PRIV] Bot to 8addest 8itch:
[icon]Bot Announcer[/icon][color=gray]8addest 8itch used their pussy to tease Yuni Hermit's pussy, dealing 14 lust points![/color]
[color=gray]═════════════════ ⭐ [color=purple]Sexfight ring[/color] ⭐ ═════════════════
 [color=red]░░░░░░░░░░░░░▓▓▓▓▓▓▓[/color] ⭐ [color=purple]VS[/color] ⭐ [color=purple]▓▓▓▓▓▓▓▓▓▓▓▓░░░░░░░░[/color]
► [icon]Yuni Hermit[/icon]                                                                  [icon]8addest 8itch[/icon]
It's Yuni Hermit's turn![/color]
[i]Yuni gulps. She finds herself with her legs apart in a traditional scissoring pose, but she's the one with her side against the floor, not upright. She tries to maintain dominance over the pose, but finds HER pussy as the one getting fucked, twitching and leaking her juices as you grind on her over and over, face a bit dizzy, panting for breath. 'F... fuck.' she grunts cutely.[/i]

03-01-2018 05:54:42.3 [PRIV] Bot to 8addest 8itch:
[i]Yuni bends forwards, and goes for the chest! Her lips wrap around your sensitive nipple, and she begins to suckle like a nursing infant. Lapping at your nub, circles it with her tongue while her lips pull, again and again and again.[/i]
[icon]Bot Announcer[/icon][color=gray]Yuni Hermit used their lips to tease 8addest 8itch's tits, dealing 8 lust points![/color]
[color=gray]═════════════════ ⭐ [color=purple]Sexfight ring[/color] ⭐ ═════════════════
 [color=purple]░░░░░░░░░▓▓▓▓▓▓▓▓▓▓▓[/color] ⭐ [color=purple]VS[/color] ⭐ [color=red]▓▓▓▓▓▓▓░░░░░░░░░░░░░[/color]
► [icon]8addest 8itch[/icon]                                                                  [icon]Yuni Hermit[/icon]
It's 8addest 8itch's turn![/color]

03-01-2018 05:54:42.3 [PRIV] 8addest 8itch: !attack pussy to pussy
03-01-2018 05:54:51.3 [PRIV] Bot to 8addest 8itch:
[icon]Bot Announcer[/icon][color=gray]8addest 8itch used their pussy to tease Yuni Hermit's pussy, dealing 12 lust points![/color]
[color=gray]═════════════════ ⭐ [color=purple]Sexfight ring[/color] ⭐ ═════════════════
 [color=red]░░░░░░░░░░░░░░░░▓▓▓▓[/color] ⭐ [color=purple]VS[/color] ⭐ [color=purple]▓▓▓▓▓▓▓▓▓▓▓░░░░░░░░░[/color]
► [icon]Yuni Hermit[/icon]                                                                  [icon]8addest 8itch[/icon]
It's Yuni Hermit's turn![/color]
[i]Yuni gulps. She finds herself with her legs apart in a traditional scissoring pose, but she's the one with her side against the floor, not upright. She tries to maintain dominance over the pose, but finds HER pussy as the one getting fucked, twitching and leaking her juices as you grind on her over and over, face a bit dizzy, panting for breath. 'F... fuck.' she grunts cutely.[/i]

03-01-2018 05:54:51.4 [PRIV] Bot to 8addest 8itch:
[i]Yuni giggles, pouncing you onto her back. She makes your groin disappear with her jugs, and her nipples are juuust big enough to give a good stretching to a gal's cunt... it's a bit milky in there afterwards, though.[/i]
[icon]Bot Announcer[/icon][color=gray]Yuni Hermit used their tits to tease 8addest 8itch's vagina, dealing 6 lust points![/color]
[color=gray]═════════════════ ⭐ [color=purple]Sexfight ring[/color] ⭐ ═════════════════
 [color=red]░░░░░░░░░░▓▓▓▓▓▓▓▓▓▓[/color] ⭐ [color=purple]VS[/color] ⭐ [color=red]▓▓▓▓░░░░░░░░░░░░░░░░[/color]
► [icon]8addest 8itch[/icon]                                                                  [icon]Yuni Hermit[/icon]
It's 8addest 8itch's turn![/color]

03-01-2018 05:54:51.4 [PRIV] 8addest 8itch: !attack pussy to pussy
03-01-2018 05:54:59.4 [PRIV] Bot to 8addest 8itch:
[icon]Bot Announcer[/icon][color=gray]8addest 8itch used their pussy to tease Yuni Hermit's pussy, dealing 11 lust points![/color]
[color=gray]═════════════════ ⭐ [color=purple]Sexfight ring[/color] ⭐ ═════════════════
 [color=red]░░░░░░░░░░░░░░░░░░▓▓[/color] ⭐ [color=purple]VS[/color] ⭐ [color=red]▓▓▓▓▓▓▓▓▓▓░░░░░░░░░░[/color]
► [icon]Yuni Hermit[/icon]                                                                  [icon]8addest 8itch[/icon]
It's Yuni Hermit's turn![/color]
[i]Yuni gulps. She finds herself with her legs apart in a traditional scissoring pose, but she's the one with her side against the floor, not upright. She tries to maintain dominance over the pose, but finds HER pussy as the one getting fucked, twitching and leaking her juices as you grind on her over and over, face a bit dizzy, panting for breath. 'F... fuck.' she grunts cutely.[/i]

03-01-2018 05:54:59.4 [PRIV] Bot to 8addest 8itch:
[i]Yuni fondles your mouth, pushing her digits past your lips and rolling them around... they taste like the other parts of your body she's been groping![/i]
[icon]Bot Announcer[/icon][color=gray]Yuni Hermit used their fingers to tease 8addest 8itch's lips, dealing 8 lust points![/color]
[color=gray]═════════════════ ⭐ [color=purple]Sexfight ring[/color] ⭐ ═════════════════
 [color=red]░░░░░░░░░░░░▓▓▓▓▓▓▓▓[/color] ⭐ [color=purple]VS[/color] ⭐ [color=red]▓▓░░░░░░░░░░░░░░░░░░[/color]
► [icon]8addest 8itch[/icon]                                                                  [icon]Yuni Hermit[/icon]
It's 8addest 8itch's turn![/color]

03-01-2018 05:54:59.5 [PRIV] 8addest 8itch: !attack pussy to pussy
03-01-2018 05:55:06.3 [PRIV] Bot to 8addest 8itch:
[icon]Bot Announcer[/icon][color=gray]8addest 8itch used their pussy to tease Yuni Hermit's pussy, dealing 19 lust points![/color]
[color=gray]8addest 8itch made Yuni Hermit cum! The winner gets $2.00 and the loser gets $1.00, thank you for participating.[/color]
[color=gray]═════════════════ ⭐ [color=purple]Sexfight ring[/color] ⭐ ═════════════════
 [color=red]░░░░░░░░░░░░░░░░░░░░[/color] ⭐ [color=purple]VS[/color] ⭐ [color=red]▓▓▓▓▓▓▓▓░░░░░░░░░░░░[/color]
► [icon]Yuni Hermit[/icon]                                                                  [icon]8addest 8itch[/icon]
It's Yuni Hermit's turn![/color]

[color=gray]════════════════ ⭐ [color=purple]Combat ended[/color] ⭐ ════════════════[/color]
[i]Yuni gulps. She finds herself with her legs apart in a traditional scissoring pose, but she's the one with her side against the floor, not upright. She tries to maintain dominance over the pose, but finds HER pussy as the one getting fucked, twitching and leaking her juices as you grind on her over and over, face a bit dizzy, panting for breath. 'F... fuck.' she grunts cutely.[/i]

03-01-2018 05:55:06.4 [PRIV] Bot to 8addest 8itch:

03-01-2018 05:55:06.4 [PRIV] 8addest 8itch: !attack pussy to pussy
03-01-2018 05:55:28.5 [PRIV] 8addest 8itch: !trainingdummy female
03-01-2018 05:55:28.5 [PRIV] Bot to 8addest 8itch:
[icon]Bot Announcer[/icon][color=gray] Welcome to the training ring! Today we have 8addest 8itch vs Yuni Hermit! Let the match begin![/color]
[color=gray]═════════════════ ⭐ [color=purple]Sexfight ring[/color] ⭐ ═════════════════
 [color=purple]▓▓▓▓▓▓▓▓▓▓▓▓▓▓▓▓▓▓▓▓[/color] ⭐ [color=purple]VS[/color] ⭐ [color=purple]▓▓▓▓▓▓▓▓▓▓▓▓▓▓▓▓▓▓▓▓[/color]
► [icon]8addest 8itch[/icon]                                                                  [icon]Yuni Hermit[/icon]
It's 8addest 8itch's turn![/color]

03-01-2018 05:55:50.4 [PRIV] Bot to 8addest 8itch:
[icon]Bot Announcer[/icon][color=gray]8addest 8itch used their feet to tease Yuni Hermit's pussy, dealing 19 lust points![/color]
[color=gray]═════════════════ ⭐ [color=purple]Sexfight ring[/color] ⭐ ═════════════════
 [color=purple]░░░▓▓▓▓▓▓▓▓▓▓▓▓▓▓▓▓▓[/color] ⭐ [color=purple]VS[/color] ⭐ [color=purple]▓▓▓▓▓▓▓▓▓▓▓▓▓▓▓▓▓▓▓▓[/color]
► [icon]Yuni Hermit[/icon]                                                                  [icon]8addest 8itch[/icon]
It's Yuni Hermit's turn![/color]
[i]Yuni struggles a bit, but ends up on her tush with her legs spread, breasts weighing her down. 'Not fair!' she squawks cutely. Her pussy squelches under your heel, her juices already worked up from all the fighting. Her clit's a tickly point against your sole as you squish and rub with your feet, a cute, defeated look on her face throughout. 'Mmmmf!'[/i]

03-01-2018 05:55:50.4 [PRIV] Bot to 8addest 8itch:
[i]Yuni does a flip, knocking you to the padded mat. Her toes go for your breasts... Soft soled digits, toes pinching your nipples and giving a little tug, a few to each... rolling as much of the flesh of your breast as she can grasp with her hind paws.[/i]
[icon]Bot Announcer[/icon][color=gray]Yuni Hermit used their feet to tease 8addest 8itch's tits, dealing 12 lust points![/color]
[color=gray]═════════════════ ⭐ [color=purple]Sexfight ring[/color] ⭐ ═════════════════
 [color=purple]░░▓▓▓▓▓▓▓▓▓▓▓▓▓▓▓▓▓▓[/color] ⭐ [color=purple]VS[/color] ⭐ [color=purple]▓▓▓▓▓▓▓▓▓▓▓▓▓▓▓▓▓░░░[/color]
► [icon]8addest 8itch[/icon]                                                                  [icon]Yuni Hermit[/icon]
It's 8addest 8itch's turn![/color]

03-01-2018 05:55:50.4 [PRIV] 8addest 8itch: !attack feet to pussy
03-01-2018 05:56:01.8 [PRIV] Bot to 8addest 8itch:
[icon]Bot Announcer[/icon][color=gray]8addest 8itch used their feet to tease Yuni Hermit's pussy, dealing 19 lust points![/color]
[color=gray]═════════════════ ⭐ [color=purple]Sexfight ring[/color] ⭐ ═════════════════
 [color=purple]░░░░░░░▓▓▓▓▓▓▓▓▓▓▓▓▓[/color] ⭐ [color=purple]VS[/color] ⭐ [color=purple]▓▓▓▓▓▓▓▓▓▓▓▓▓▓▓▓▓▓░░[/color]
► [icon]Yuni Hermit[/icon]                                                                  [icon]8addest 8itch[/icon]
It's Yuni Hermit's turn![/color]
[i]Yuni struggles a bit, but ends up on her tush with her legs spread, breasts weighing her down. 'Not fair!' she squawks cutely. Her pussy squelches under your heel, her juices already worked up from all the fighting. Her clit's a tickly point against your sole as you squish and rub with your feet, a cute, defeated look on her face throughout. 'Mmmmf!'[/i]

03-01-2018 05:56:01.8 [PRIV] Bot to 8addest 8itch:
[i]Yuni shoves her nipple into your mouth, trying to hold you in place by the back of your head with one paw. The other squeezes her oversized milk-maker, and she floods your mouth with milk.[/i]
[icon]Bot Announcer[/icon][color=gray]Yuni Hermit used their tits to tease 8addest 8itch's lips, dealing 13 lust points![/color]
[color=gray]═════════════════ ⭐ [color=purple]Sexfight ring[/color] ⭐ ═════════════════
 [color=purple]░░░░░▓▓▓▓▓▓▓▓▓▓▓▓▓▓▓[/color] ⭐ [color=purple]VS[/color] ⭐ [color=purple]▓▓▓▓▓▓▓▓▓▓▓▓▓░░░░░░░[/color]
► [icon]8addest 8itch[/icon]                                                                  [icon]Yuni Hermit[/icon]
It's 8addest 8itch's turn![/color]

03-01-2018 05:56:01.9 [PRIV] 8addest 8itch: !attack feet to pussy
03-01-2018 05:56:08.9 [PRIV] Bot to 8addest 8itch:
[icon]Bot Announcer[/icon][color=gray]8addest 8itch used their feet to tease Yuni Hermit's pussy, dealing 18 lust points![/color]
[color=gray]═════════════════ ⭐ [color=purple]Sexfight ring[/color] ⭐ ═════════════════
 [color=red]░░░░░░░░░░░▓▓▓▓▓▓▓▓▓[/color] ⭐ [color=purple]VS[/color] ⭐ [color=purple]▓▓▓▓▓▓▓▓▓▓▓▓▓▓▓░░░░░[/color]
► [icon]Yuni Hermit[/icon]                                                                  [icon]8addest 8itch[/icon]
It's Yuni Hermit's turn![/color]
[i]Yuni struggles a bit, but ends up on her tush with her legs spread, breasts weighing her down. 'Not fair!' she squawks cutely. Her pussy squelches under your heel, her juices already worked up from all the fighting. Her clit's a tickly point against your sole as you squish and rub with your feet, a cute, defeated look on her face throughout. 'Mmmmf!'[/i]

03-01-2018 05:56:08.9 [PRIV] Bot to 8addest 8itch:
[i]Yuni wraps her arms around you and squashes her chest against you from the front. Her breasts pillow and goosh out against your own. '... Mine are bigger, Slut.' she taunts, before hopping back.[/i]
[icon]Bot Announcer[/icon][color=gray]Yuni Hermit used their tits to tease 8addest 8itch's tits, dealing 10 lust points![/color]
[color=gray]═════════════════ ⭐ [color=purple]Sexfight ring[/color] ⭐ ═════════════════
 [color=purple]░░░░░░░▓▓▓▓▓▓▓▓▓▓▓▓▓[/color] ⭐ [color=purple]VS[/color] ⭐ [color=red]▓▓▓▓▓▓▓▓▓░░░░░░░░░░░[/color]
► [icon]8addest 8itch[/icon]                                                                  [icon]Yuni Hermit[/icon]
It's 8addest 8itch's turn![/color]

03-01-2018 05:56:09.0 [PRIV] 8addest 8itch: !attack feet to pussy
03-01-2018 05:56:16.0 [PRIV] Bot to 8addest 8itch:
[icon]Bot Announcer[/icon][color=gray]8addest 8itch used their feet to tease Yuni Hermit's pussy, dealing 11 lust points![/color]
[color=gray]═════════════════ ⭐ [color=purple]Sexfight ring[/color] ⭐ ═════════════════
 [color=red]░░░░░░░░░░░░░▓▓▓▓▓▓▓[/color] ⭐ [color=purple]VS[/color] ⭐ [color=purple]▓▓▓▓▓▓▓▓▓▓▓▓▓░░░░░░░[/color]
► [icon]Yuni Hermit[/icon]                                                                  [icon]8addest 8itch[/icon]
It's Yuni Hermit's turn![/color]
[i]Yuni struggles a bit, but ends up on her tush with her legs spread, breasts weighing her down. 'Not fair!' she squawks cutely. Her pussy squelches under your heel, her juices already worked up from all the fighting. Her clit's a tickly point against your sole as you squish and rub with your feet, a cute, defeated look on her face throughout. 'Mmmmf!'[/i]

03-01-2018 05:56:16.1 [PRIV] Bot to 8addest 8itch:
[i]Yuni does a leg-sweep to get you on your ass, then plasters her heel on your cunt. Grinding and rubbing, she tries to grind your clitty with her soft heel, moving to roll her entire sole over your cunt back and forth... in a sawing motion culminating in pushing her big toe into your pussy for a brief moment.[/i]
[icon]Bot Announcer[/icon][color=gray]Yuni Hermit used their feet to tease 8addest 8itch's vagina, dealing 7 lust points![/color]
[color=gray]═════════════════ ⭐ [color=purple]Sexfight ring[/color] ⭐ ═════════════════
 [color=purple]░░░░░░░░▓▓▓▓▓▓▓▓▓▓▓▓[/color] ⭐ [color=purple]VS[/color] ⭐ [color=red]▓▓▓▓▓▓▓░░░░░░░░░░░░░[/color]
► [icon]8addest 8itch[/icon]                                                                  [icon]Yuni Hermit[/icon]
It's 8addest 8itch's turn![/color]

03-01-2018 05:56:16.1 [PRIV] 8addest 8itch: !attack feet to pussy
03-01-2018 05:56:30.0 [PRIV] Bot to 8addest 8itch:
[icon]Bot Announcer[/icon][color=gray]8addest 8itch used their feet to tease Yuni Hermit's pussy, dealing 12 lust points![/color]
[color=gray]═════════════════ ⭐ [color=purple]Sexfight ring[/color] ⭐ ═════════════════
 [color=red]░░░░░░░░░░░░░░░▓▓▓▓▓[/color] ⭐ [color=purple]VS[/color] ⭐ [color=purple]▓▓▓▓▓▓▓▓▓▓▓▓░░░░░░░░[/color]
► [icon]Yuni Hermit[/icon]                                                                  [icon]8addest 8itch[/icon]
It's Yuni Hermit's turn![/color]
[i]Yuni struggles a bit, but ends up on her tush with her legs spread, breasts weighing her down. 'Not fair!' she squawks cutely. Her pussy squelches under your heel, her juices already worked up from all the fighting. Her clit's a tickly point against your sole as you squish and rub with your feet, a cute, defeated look on her face throughout. 'Mmmmf!'[/i]

03-01-2018 05:56:30.1 [PRIV] Bot to 8addest 8itch:
[i]Yuni does a leg-sweep to get you on your face, then plasters her foot on your rear end. Shoving the tip of her hindpaw into your rear crack, she finds your pucker and squishes her big toe into it... flexing and pumping it a bit to stretch out your rear with her big, soft toe~[/i]
[icon]Bot Announcer[/icon][color=gray]Yuni Hermit used their feet to tease 8addest 8itch's ass, dealing 13 lust points![/color]
[color=gray]═════════════════ ⭐ [color=purple]Sexfight ring[/color] ⭐ ═════════════════
 [color=red]░░░░░░░░░░░▓▓▓▓▓▓▓▓▓[/color] ⭐ [color=purple]VS[/color] ⭐ [color=red]▓▓▓▓▓░░░░░░░░░░░░░░░[/color]
► [icon]8addest 8itch[/icon]                                                                  [icon]Yuni Hermit[/icon]
It's 8addest 8itch's turn![/color]

03-01-2018 05:56:30.1 [PRIV] 8addest 8itch: !attack feet to pussy
03-01-2018 05:56:37.2 [PRIV] Bot to 8addest 8itch:
[icon]Bot Announcer[/icon][color=gray]8addest 8itch used their feet to tease Yuni Hermit's pussy, dealing 14 lust points![/color]
[color=gray]═════════════════ ⭐ [color=purple]Sexfight ring[/color] ⭐ ═════════════════
 [color=red]░░░░░░░░░░░░░░░░░░▓▓[/color] ⭐ [color=purple]VS[/color] ⭐ [color=red]▓▓▓▓▓▓▓▓▓░░░░░░░░░░░[/color]
► [icon]Yuni Hermit[/icon]                                                                  [icon]8addest 8itch[/icon]
It's Yuni Hermit's turn![/color]
[i]Yuni struggles a bit, but ends up on her tush with her legs spread, breasts weighing her down. 'Not fair!' she squawks cutely. Her pussy squelches under your heel, her juices already worked up from all the fighting. Her clit's a tickly point against your sole as you squish and rub with your feet, a cute, defeated look on her face throughout. 'Mmmmf!'[/i]

03-01-2018 05:56:37.3 [PRIV] Bot to 8addest 8itch:
[i]Yuni pounces you, but you end up with front-end against the floor. She shrugs, and squishes her tits up against your booty, managing to slip a nipple up into your rear end... grinding it around a little with a feminine giggle.[/i]
[icon]Bot Announcer[/icon][color=gray]Yuni Hermit used their tits to tease 8addest 8itch's ass, dealing 14 lust points![/color]
[color=gray]═════════════════ ⭐ [color=purple]Sexfight ring[/color] ⭐ ═════════════════
 [color=red]░░░░░░░░░░░░░▓▓▓▓▓▓▓[/color] ⭐ [color=purple]VS[/color] ⭐ [color=red]▓▓░░░░░░░░░░░░░░░░░░[/color]
► [icon]8addest 8itch[/icon]                                                                  [icon]Yuni Hermit[/icon]
It's 8addest 8itch's turn![/color]

03-01-2018 05:56:37.3 [PRIV] 8addest 8itch: !attack feet to pussy
03-01-2018 05:56:43.4 [PRIV] Bot to 8addest 8itch:
[icon]Bot Announcer[/icon][color=gray]8addest 8itch used their feet to tease Yuni Hermit's pussy, dealing 11 lust points![/color]
[color=gray]8addest 8itch made Yuni Hermit cum! The winner gets $2.00 and the loser gets $1.00, thank you for participating.[/color]
[color=gray]═════════════════ ⭐ [color=purple]Sexfight ring[/color] ⭐ ═════════════════
 [color=red]░░░░░░░░░░░░░░░░░░░░[/color] ⭐ [color=purple]VS[/color] ⭐ [color=red]▓▓▓▓▓▓▓░░░░░░░░░░░░░[/color]
► [icon]Yuni Hermit[/icon]                                                                  [icon]8addest 8itch[/icon]
It's Yuni Hermit's turn![/color]

[color=gray]════════════════ ⭐ [color=purple]Combat ended[/color] ⭐ ════════════════[/color]
[i]Yuni struggles a bit, but ends up on her tush with her legs spread, breasts weighing her down. 'Not fair!' she squawks cutely. Her pussy squelches under your heel, her juices already worked up from all the fighting. Her clit's a tickly point against your sole as you squish and rub with your feet, a cute, defeated look on her face throughout. 'Mmmmf!'[/i]

03-01-2018 05:56:43.4 [PRIV] Bot to 8addest 8itch:

03-01-2018 05:56:43.4 [PRIV] 8addest 8itch: !attack feet to pussy
03-01-2018 05:56:58.2 [PRIV] 8addest 8itch: !sheet
03-01-2018 05:56:58.3 [PRIV] Bot to 8addest 8itch:
[color=gray]══════════════════════════════════════════════════
                                 ⭐ ⭐ [color=purple][b]General details[/b][/color] ⭐ ⭐
══════════════════════════════════════════════════
[color=pink]                     [icon]8addest 8itch[/icon]
          [b]Name:[/b] 8addest 8itch | [b]Money:[/b] $9.00
[/color]══════════════════════════════════════════════════
                                 ⭐ ⭐ [color=purple][b]Attack / Defense[/b][/color] ⭐ ⭐
══════════════════════════════════════════════════
[color=pink]          [b]Lips:[/b] 2 / 1
          [b]Fingers:[/b] 1
          [b]Tits:[/b] 1 / 3
          [b]Sex:[/b] 3 / 3
          [b]Ass:[/b] 1 / 3
          [b]Feet:[/b] 4[/color]
══════════════════════════════════════════════════
                                 ⭐ ⭐ [color=purple][b]Equipment[/b][/color] ⭐ ⭐
══════════════════════════════════════════════════
[color=pink]          [b]Sextoy:[/b] Hand
                    Starter weapon.
          [b]Outfit:[/b] Mistress suit
                    +2 defense to tits, +2 defense to sex, +2 defense to ass.
          [b]Accessory:[/b] Wristbands
                    Standard uniform.
          [b]Flavor item:[/b] None
                    Nothing equiped.
[/color]══════════════════════════════════════════════════
                                 ⭐ ⭐ [color=purple][b]Inventory[/b][/color] ⭐ ⭐
══════════════════════════════════════════════════
[color=pink]          Nude. Just you and your body.
          Hand. Starter weapon.
          Wristbands. Standard uniform.
          None. Nothing equiped.
          Mistress suit. +2 defense to tits, +2 defense to sex, +2 defense to ass.
[/color][/color]
03-01-2018 05:57:36.4 [PRIV] 8addest 8itch: !succuboss herm
03-01-2018 05:57:36.4 [PRIV] Bot to 8addest 8itch:You reached the maximum ammount of times you can fight the bot per day, come back tomorrow~
03-01-2018 07:57:45.2 [ROOM] Chihiro Fujisaki: /me snoops!
03-01-2018 11:15:07.3 [ROOM] Sissy Robert: /me walked into the arena, scooping out the completion he might face...
03-01-2018 11:17:53.3 [ROOM] Sissy Robert: /me "Hi there Trevor."
03-01-2018 11:20:44.8 [ROOM] Sissy Robert: /me ''Hi Mikata."
03-01-2018 11:21:15.0 [PRIV] Sissy Robert: !trainingdummy male
03-01-2018 11:21:15.5 [PRIV] Bot to Sissy Robert:
[icon]Bot Announcer[/icon][color=gray] Welcome to the training ring! Today we have Sissy Robert vs Yuni Hermit! Let the match begin![/color]
[color=gray]═════════════════ ⭐ [color=purple]Sexfight ring[/color] ⭐ ═════════════════
 [color=purple]▓▓▓▓▓▓▓▓▓▓▓▓▓▓▓▓▓▓▓▓[/color] ⭐ [color=purple]VS[/color] ⭐ [color=purple]▓▓▓▓▓▓▓▓▓▓▓▓▓▓▓▓▓▓▓▓[/color]
► [icon]Sissy Robert[/icon]                                                                  [icon]Yuni Hermit[/icon]
It's Sissy Robert's turn![/color]

03-01-2018 11:21:38.0 [PRIV] Bot to Sissy Robert:
[icon]Bot Announcer[/icon][color=gray]Sissy Robert used their feet to tease Yuni Hermit's sex, dealing 9 lust points![/color]
[color=gray]═════════════════ ⭐ [color=purple]Sexfight ring[/color] ⭐ ═════════════════
 [color=purple]░▓▓▓▓▓▓▓▓▓▓▓▓▓▓▓▓▓▓▓[/color] ⭐ [color=purple]VS[/color] ⭐ [color=purple]▓▓▓▓▓▓▓▓▓▓▓▓▓▓▓▓▓▓▓▓[/color]
► [icon]Yuni Hermit[/icon]                                                                  [icon]Sissy Robert[/icon]
It's Yuni Hermit's turn![/color]
[i]Yuni struggles a bit, but ends up on her tush with her legs spread, breasts weighing her down. 'Not fair!' she squawks cutely. Her pussy squelches under your heel, her juices already worked up from all the fighting. Her clit's a tickly point against your sole as you squish and rub with your feet, a cute, defeated look on her face throughout. 'Mmmmf!'[/i]

03-01-2018 11:21:38.0 [PRIV] Bot to Sissy Robert:
[i]Yuni embraces you and drops you to the mat with her, only to scooch back a little and plaster both of her feet on your groin. Tenting her feet around your cock like she's giving it a hat, she grinds the crook of her toes around your cocktip... stroking and rolling, moving to then jerk off your prick with both of her soles.[/i]
[icon]Bot Announcer[/icon][color=gray]Yuni Hermit used their feet to tease Sissy Robert's penis, dealing 10 lust points![/color]
[color=gray]═════════════════ ⭐ [color=purple]Sexfight ring[/color] ⭐ ═════════════════
 [color=purple]░░▓▓▓▓▓▓▓▓▓▓▓▓▓▓▓▓▓▓[/color] ⭐ [color=purple]VS[/color] ⭐ [color=purple]▓▓▓▓▓▓▓▓▓▓▓▓▓▓▓▓▓▓▓░[/color]
► [icon]Sissy Robert[/icon]                                                                  [icon]Yuni Hermit[/icon]
It's Sissy Robert's turn![/color]

03-01-2018 11:21:38.0 [PRIV] Sissy Robert: !attack feet to sex

03-01-2018 11:21:45.1 [PRIV] Bot to Sissy Robert:
[icon]Bot Announcer[/icon][color=gray]Sissy Robert used their feet to tease Yuni Hermit's sex, dealing 14 lust points![/color]
[color=gray]═════════════════ ⭐ [color=purple]Sexfight ring[/color] ⭐ ═════════════════
 [color=purple]░░░░▓▓▓▓▓▓▓▓▓▓▓▓▓▓▓▓[/color] ⭐ [color=purple]VS[/color] ⭐ [color=purple]▓▓▓▓▓▓▓▓▓▓▓▓▓▓▓▓▓▓░░[/color]
► [icon]Yuni Hermit[/icon]                                                                  [icon]Sissy Robert[/icon]
It's Yuni Hermit's turn![/color]
[i]Yuni struggles a bit, but ends up on her tush with her legs spread, breasts weighing her down. 'Not fair!' she squawks cutely. Her pussy squelches under your heel, her juices already worked up from all the fighting. Her clit's a tickly point against your sole as you squish and rub with your feet, a cute, defeated look on her face throughout. 'Mmmmf!'[/i]

03-01-2018 11:21:45.1 [PRIV] Bot to Sissy Robert:
[i]Yuni looks at her crotch, then your rear, then yanks a double-ended dildo out of her cleavage. With a chest-bump to the face to knock you over, she sticks one end of the toy in her cunt, and the other end in your tush... rocking and rolling to fuck both orifices with those strong hips of hers~[/i]
[icon]Bot Announcer[/icon][color=gray]Yuni Hermit used their sex to tease Sissy Robert's ass, dealing 13 lust points![/color]
[color=gray]═════════════════ ⭐ [color=purple]Sexfight ring[/color] ⭐ ═════════════════
 [color=purple]░░░░▓▓▓▓▓▓▓▓▓▓▓▓▓▓▓▓[/color] ⭐ [color=purple]VS[/color] ⭐ [color=purple]▓▓▓▓▓▓▓▓▓▓▓▓▓▓▓▓░░░░[/color]
► [icon]Sissy Robert[/icon]                                                                  [icon]Yuni Hermit[/icon]
It's Sissy Robert's turn![/color]

03-01-2018 11:21:45.1 [PRIV] Sissy Robert: !attack feet to sex

03-01-2018 11:21:52.4 [PRIV] Bot to Sissy Robert:
[icon]Bot Announcer[/icon][color=gray]Sissy Robert used their feet to tease Yuni Hermit's sex, dealing 9 lust points![/color]
[color=gray]═════════════════ ⭐ [color=purple]Sexfight ring[/color] ⭐ ═════════════════
 [color=purple]░░░░░░▓▓▓▓▓▓▓▓▓▓▓▓▓▓[/color] ⭐ [color=purple]VS[/color] ⭐ [color=purple]▓▓▓▓▓▓▓▓▓▓▓▓▓▓▓▓░░░░[/color]
► [icon]Yuni Hermit[/icon]                                                                  [icon]Sissy Robert[/icon]
It's Yuni Hermit's turn![/color]
[i]Yuni struggles a bit, but ends up on her tush with her legs spread, breasts weighing her down. 'Not fair!' she squawks cutely. Her pussy squelches under your heel, her juices already worked up from all the fighting. Her clit's a tickly point against your sole as you squish and rub with your feet, a cute, defeated look on her face throughout. 'Mmmmf!'[/i]

03-01-2018 11:21:52.4 [PRIV] Bot to Sissy Robert:
[i]Yuni spins you around with a spank, and drops to her knees behind you. Lips touch pucker moments later, the wolf licking your ass like she's at a dog park with you. Lips suckling on your pucker, her tongue shoves inside and explores before pulling out with a loud, vulgar *SLURP*.[/i]
[icon]Bot Announcer[/icon][color=gray]Yuni Hermit used their lips to tease Sissy Robert's ass, dealing 16 lust points![/color]
[color=gray]═════════════════ ⭐ [color=purple]Sexfight ring[/color] ⭐ ═════════════════
 [color=purple]░░░░░░░▓▓▓▓▓▓▓▓▓▓▓▓▓[/color] ⭐ [color=purple]VS[/color] ⭐ [color=purple]▓▓▓▓▓▓▓▓▓▓▓▓▓▓░░░░░░[/color]
► [icon]Sissy Robert[/icon]                                                                  [icon]Yuni Hermit[/icon]
It's Sissy Robert's turn![/color]

03-01-2018 11:21:52.4 [PRIV] Sissy Robert: !attack feet to sex

03-01-2018 11:22:11.6 [PRIV] Bot to Sissy Robert:
[icon]Bot Announcer[/icon][color=gray]Sissy Robert used their fingers to tease Yuni Hermit's sex, dealing 16 lust points![/color]
[color=gray]═════════════════ ⭐ [color=purple]Sexfight ring[/color] ⭐ ═════════════════
 [color=purple]░░░░░░░░░▓▓▓▓▓▓▓▓▓▓▓[/color] ⭐ [color=purple]VS[/color] ⭐ [color=purple]▓▓▓▓▓▓▓▓▓▓▓▓▓░░░░░░░[/color]
► [icon]Yuni Hermit[/icon]                                                                  [icon]Sissy Robert[/icon]
It's Yuni Hermit's turn![/color]
[i]A grab from behind is all it takes to get your hand where it needs to go, her cunt wet and warm to the touch. Her clit's already hard, and she crosses her eyes upwards... clit throbbing underneath exploratory digits, passage squelching and leaving traces of girl-juice behind on probing fingers. 'Ah... ahh-uhhh... whuuuff...' she groans, ears pinning back.[/i]

03-01-2018 11:22:11.6 [PRIV] Bot to Sissy Robert:
[i]Yuni pulls a cowboy hat from between her cleavage and puts it on, hip-bumping you to knock you down. Up on top of you, she mounts her girly parts onto the 'pommel' of that saddle between your legs, and with a wet squelch her cunt engulfs you. A short, bouncy ride ensues, Yuni shaking her hat around with a 'Yee-hah!' as she works your member with her cunt, the squelching of her juices loud and vulgar.[/i]
[icon]Bot Announcer[/icon][color=gray]Yuni Hermit used their sex to tease Sissy Robert's penis, dealing 11 lust points![/color]
[color=gray]═════════════════ ⭐ [color=purple]Sexfight ring[/color] ⭐ ═════════════════
 [color=purple]░░░░░░░░░░▓▓▓▓▓▓▓▓▓▓[/color] ⭐ [color=purple]VS[/color] ⭐ [color=purple]▓▓▓▓▓▓▓▓▓▓▓░░░░░░░░░[/color]
► [icon]Sissy Robert[/icon]                                                                  [icon]Yuni Hermit[/icon]
It's Sissy Robert's turn![/color]

03-01-2018 11:22:11.6 [PRIV] Sissy Robert: !attack fingers to sex

03-01-2018 11:22:18.0 [PRIV] Bot to Sissy Robert:
[icon]Bot Announcer[/icon][color=gray]Sissy Robert used their fingers to tease Yuni Hermit's sex, dealing 17 lust points![/color]
[color=gray]═════════════════ ⭐ [color=purple]Sexfight ring[/color] ⭐ ═════════════════
 [color=red]░░░░░░░░░░░░░▓▓▓▓▓▓▓[/color] ⭐ [color=purple]VS[/color] ⭐ [color=purple]▓▓▓▓▓▓▓▓▓▓░░░░░░░░░░[/color]
► [icon]Yuni Hermit[/icon]                                                                  [icon]Sissy Robert[/icon]
It's Yuni Hermit's turn![/color]
[i]A grab from behind is all it takes to get your hand where it needs to go, her cunt wet and warm to the touch. Her clit's already hard, and she crosses her eyes upwards... clit throbbing underneath exploratory digits, passage squelching and leaving traces of girl-juice behind on probing fingers. 'Ah... ahh-uhhh... whuuuff...' she groans, ears pinning back.[/i]

03-01-2018 11:22:18.1 [PRIV] Bot to Sissy Robert:
[i]Yuni looks at your rear for a moment... then drags a double-ended dildo out of her cleavage somehow, shoving one end up her booty... She hops forwards, bouncing her breasts off of your face to knock you to the mat, then grabs your legs as handles. Pointing your legs skywards, she faces away from you and sits down... letting the other end of that toy slip into YOUR ass. A bounce-fest begins, the harlot using her own ass to fuck yours with the toy... as she gets plenty of stuffing along the way. 'More!'[/i]
[icon]Bot Announcer[/icon][color=gray]Yuni Hermit used their ass to tease Sissy Robert's ass, dealing 14 lust points![/color]
[color=gray]═════════════════ ⭐ [color=purple]Sexfight ring[/color] ⭐ ═════════════════
 [color=red]░░░░░░░░░░░░▓▓▓▓▓▓▓▓[/color] ⭐ [color=purple]VS[/color] ⭐ [color=red]▓▓▓▓▓▓▓░░░░░░░░░░░░░[/color]
► [icon]Sissy Robert[/icon]                                                                  [icon]Yuni Hermit[/icon]
It's Sissy Robert's turn![/color]

03-01-2018 11:22:18.1 [PRIV] Sissy Robert: !attack fingers to sex

03-01-2018 11:22:31.4 [PRIV] Bot to Sissy Robert:
[icon]Bot Announcer[/icon][color=gray]Sissy Robert used their sex to tease Yuni Hermit's sex, dealing 12 lust points![/color]
[color=gray]═════════════════ ⭐ [color=purple]Sexfight ring[/color] ⭐ ═════════════════
 [color=red]░░░░░░░░░░░░░░░▓▓▓▓▓[/color] ⭐ [color=purple]VS[/color] ⭐ [color=red]▓▓▓▓▓▓▓▓░░░░░░░░░░░░[/color]
► [icon]Yuni Hermit[/icon]                                                                  [icon]Sissy Robert[/icon]
It's Yuni Hermit's turn![/color]
[i]Yuni can't resist a cock. She drops to her back, spreading her legs then rolling them back in an exaggerated missionary position. 'Fuck meeee!' she groans. Her nethers are warm, wet, and squish around your cock like a velvet vicegrip when you insert, her blushing, breasts bouncing, eyes crossed with mindless lust as she accepts every thrust you have. She gasps and groans, tongue drooling, pussy soaking your groin with arousal as you fuck her silly. 'M... more... don't stop!'[/i]

03-01-2018 11:22:31.4 [PRIV] Bot to Sissy Robert:
[i]Yuni goes for your ass, rolling her fingers around inside your pucker, pumping and thrusting them in your ass to get you worked up.[/i]
[icon]Bot Announcer[/icon][color=gray]Yuni Hermit used their fingers to tease Sissy Robert's ass, dealing 18 lust points![/color]
[color=gray]═════════════════ ⭐ [color=purple]Sexfight ring[/color] ⭐ ═════════════════
 [color=red]░░░░░░░░░░░░░░░░▓▓▓▓[/color] ⭐ [color=purple]VS[/color] ⭐ [color=red]▓▓▓▓▓░░░░░░░░░░░░░░░[/color]
► [icon]Sissy Robert[/icon]                                                                  [icon]Yuni Hermit[/icon]
It's Sissy Robert's turn![/color]

03-01-2018 11:22:31.4 [PRIV] Sissy Robert: !attack sex to sex

03-01-2018 11:22:38.0 [PRIV] Bot to Sissy Robert:
[icon]Bot Announcer[/icon][color=gray]Sissy Robert used their sex to tease Yuni Hermit's sex, dealing 21 lust points![/color]
[color=gray]═════════════════ ⭐ [color=purple]Sexfight ring[/color] ⭐ ═════════════════
 [color=red]░░░░░░░░░░░░░░░░░░░▓[/color] ⭐ [color=purple]VS[/color] ⭐ [color=red]▓▓▓▓░░░░░░░░░░░░░░░░[/color]
► [icon]Yuni Hermit[/icon]                                                                  [icon]Sissy Robert[/icon]
It's Yuni Hermit's turn![/color]
[i]Yuni can't resist a cock. She drops to her back, spreading her legs then rolling them back in an exaggerated missionary position. 'Fuck meeee!' she groans. Her nethers are warm, wet, and squish around your cock like a velvet vicegrip when you insert, her blushing, breasts bouncing, eyes crossed with mindless lust as she accepts every thrust you have. She gasps and groans, tongue drooling, pussy soaking your groin with arousal as you fuck her silly. 'M... more... don't stop!'[/i]

03-01-2018 11:22:38.0 [PRIV] Bot to Sissy Robert:
[i]Yuni drops to her knees without warning, shoving her face into your groin for a suckle~ Her lips wrap around your prick, and she begins to suck. Bobbing her head, she sucks your dick as long as she can get away with, a thin strand of drool connecting her lips to your prick as she finally pulls away.[/i]
[icon]Bot Announcer[/icon][color=gray]Yuni Hermit used their lips to tease Sissy Robert's penis, dealing 16 lust points![/color]
[color=gray]═════════════════ ⭐ [color=purple]Sexfight ring[/color] ⭐ ═════════════════
 [color=red]░░░░░░░░░░░░░░░░░░░▓[/color] ⭐ [color=purple]VS[/color] ⭐ [color=red]▓░░░░░░░░░░░░░░░░░░░[/color]
► [icon]Sissy Robert[/icon]                                                                  [icon]Yuni Hermit[/icon]
It's Sissy Robert's turn![/color]

03-01-2018 11:22:38.0 [PRIV] Sissy Robert: !attack sex to sex

03-01-2018 11:22:45.6 [PRIV] Bot to Sissy Robert:
[icon]Bot Announcer[/icon][color=gray]Sissy Robert used their sex to tease Yuni Hermit's sex, dealing 18 lust points![/color]
[color=gray]Sissy Robert made Yuni Hermit cum! The winner gets $2.00 and the loser gets $1.00, thank you for participating.[/color]
[color=gray]═════════════════ ⭐ [color=purple]Sexfight ring[/color] ⭐ ═════════════════
 [color=red]░░░░░░░░░░░░░░░░░░░░[/color] ⭐ [color=purple]VS[/color] ⭐ [color=red]▓░░░░░░░░░░░░░░░░░░░[/color]
► [icon]Yuni Hermit[/icon]                                                                  [icon]Sissy Robert[/icon]
It's Yuni Hermit's turn![/color]

[color=gray]════════════════ ⭐ [color=purple]Combat ended[/color] ⭐ ════════════════[/color]
[i]Yuni can't resist a cock. She drops to her back, spreading her legs then rolling them back in an exaggerated missionary position. 'Fuck meeee!' she groans. Her nethers are warm, wet, and squish around your cock like a velvet vicegrip when you insert, her blushing, breasts bouncing, eyes crossed with mindless lust as she accepts every thrust you have. She gasps and groans, tongue drooling, pussy soaking your groin with arousal as you fuck her silly. 'M... more... don't stop!'[/i]

03-01-2018 11:22:45.6 [PRIV] Bot to Sissy Robert:

03-01-2018 11:22:45.6 [PRIV] Sissy Robert: !attack sex to sex

03-01-2018 11:24:26.4 [ROOM] Trevor Sigs: !ready
03-01-2018 11:24:26.4 [ROOM] Bot: 
[color=gray]═════════════ ⭐ [color=purple]Sexfight ring[/color] ⭐ ═════════════
          [icon]Trevor Sigs[/icon] Has entered the ring![/color]

03-01-2018 11:24:48.1 [ROOM] Sissy Robert: !ready
03-01-2018 11:24:48.1 [ROOM] Bot: 
[color=gray]═════════════ ⭐ [color=purple]Sexfight ring[/color] ⭐ ═════════════
          [icon]Sissy Robert[/icon] Has entered the ring![/color]

03-01-2018 11:24:48.1 [ROOM] Bot: 
[icon]Bot Announcer[/icon][color=gray] Welcome to the sexfight ring! Today we have Sissy Robert vs Trevor Sigs! Let the match begin![/color]
[color=gray]═════════════════ ⭐ [color=purple]Sexfight ring[/color] ⭐ ═════════════════
 [color=purple]▓▓▓▓▓▓▓▓▓▓▓▓▓▓▓▓▓▓▓▓[/color] ⭐ [color=purple]VS[/color] ⭐ [color=purple]▓▓▓▓▓▓▓▓▓▓▓▓▓▓▓▓▓▓▓▓[/color]
► [icon]Sissy Robert[/icon]                                                                  [icon]Trevor Sigs[/icon]
It's Sissy Robert's turn![/color]

03-01-2018 11:26:39.1 [PRIV] Sissy Robert: !sheet
03-01-2018 11:26:39.2 [PRIV] Bot to Sissy Robert:
[color=gray]══════════════════════════════════════════════════
                                 ⭐ ⭐ [color=red][b]General details[/b][/color] ⭐ ⭐
══════════════════════════════════════════════════
[color=pink]                     [icon]Sissy Robert[/icon]
          [b]Name:[/b] Sissy Robert | [b]Money:[/b] $30.00
[/color]══════════════════════════════════════════════════
                                 ⭐ ⭐ [color=red][b]Attack / Defense[/b][/color] ⭐ ⭐
══════════════════════════════════════════════════
[color=pink]          [b]Lips:[/b] 1 / 1
          [b]Fingers:[/b] 1
          [b]Tits:[/b] 1 / 0
          [b]Sex:[/b] 5 / 1
          [b]Ass:[/b] 1 / -1
          [b]Feet:[/b] 2[/color]
══════════════════════════════════════════════════
                                 ⭐ ⭐ [color=red][b]Equipment[/b][/color] ⭐ ⭐
══════════════════════════════════════════════════
[color=pink]          [b]Sextoy:[/b] Hand
                    Starter weapon.
          [b]Outfit:[/b] Nude
                    Just you and your body.
          [b]Accessory:[/b] Nipple piercing
                    -1 defense to tits, +2 attack to tits.
          [b]Flavor item:[/b] Tramp stamp
                    -1 defense to ass, It says 'Butt Slut'.
[/color]══════════════════════════════════════════════════
                                 ⭐ ⭐ [color=red][b]Inventory[/b][/color] ⭐ ⭐
══════════════════════════════════════════════════
[color=pink]          Nude. Just you and your body.
          Hand. Starter weapon.
          Wristbands. Standard uniform.
          Crotchless lingerie. +1 defense to tits, +1 defense to ass.
          Thin spandex unitard. +2 defense to sex, +2 defense to ass.
          Nipple piercing. -1 defense to tits, +2 attack to tits.
          Cock milker. -3 defense to sex, -3 attack to sex, Intended for males/shemales/herms.
          Tramp stamp. -1 defense to ass, It says 'Butt Slut'.
          Full-body bondage suit. -3 defense to lips, -3 defense to tits, -3 defense to sex, -3 defense to ass, -3 attack to lips, -3 attack to fingers, -3 attack to tits, -3 attack to sex, -3 attack to ass, -3 attack to feet.
[/color][/color]
03-01-2018 11:28:56.8 [ROOM] Sissy Robert: /me walks into the ring, nude as usual, his cock already semi hard. He walks right up to the man, cocky and confident, maybe a bit to much. "Let's see what ya got bro." Without any warning he grabs Trevor, pushing him into the corner as he plants a kiss on the taller man.
03-01-2018 11:28:57.5 [ROOM] Bot: 
[icon]Bot Announcer[/icon][color=gray]Sissy Robert used their lips to tease Trevor Sigs's lips, dealing 6 lust points![/color]
[color=gray]═════════════════ ⭐ [color=purple]Sexfight ring[/color] ⭐ ═════════════════
 [color=purple]░▓▓▓▓▓▓▓▓▓▓▓▓▓▓▓▓▓▓▓[/color] ⭐ [color=purple]VS[/color] ⭐ [color=purple]▓▓▓▓▓▓▓▓▓▓▓▓▓▓▓▓▓▓▓▓[/color]
► [icon]Trevor Sigs[/icon]                                                                  [icon]Sissy Robert[/icon]
It's Trevor Sigs's turn![/color]

03-01-2018 11:28:57.6 [ROOM] Sissy Robert: !attack lips to lips

03-01-2018 11:30:18.6 [PRIV] Trevor Sigs: !card
03-01-2018 11:30:18.7 [PRIV] Bot to Trevor Sigs:
[color=gray]══════════════════════════════════════════════════
                                 ⭐ ⭐ [color=purple][b]Character card[/b][/color] ⭐ ⭐
══════════════════════════════════════════════════
[color=pink]                     [icon]Trevor Sigs[/icon]
          [b]Name:[/b] Trevor Sigs | [b]Money:[/b] $0.00
          [b]Attack:[/b] 2 Lips, 1 Fingers, 1 Tits, 1 Sex, 1 Ass, 4 Feet.
          [b]Defense:[/b] 1 Lips, 1 Tits, 2 Sex, 2 Ass.
          [b]Sextoy:[/b] Socks. +1 attack to feet.
          [b]Outfit:[/b] Boxers. +1 defense to sex, +1 defense to ass.
          [b]Accessory:[/b] Wristbands. Standard uniform.
          [b]Flavor item:[/b] None. Nothing equiped.
[/color][/color]
03-01-2018 11:35:43.4 [ROOM] Trevor Sigs: Is in the ring, new to this whole wrestling scene as he stands in Red boxers with socks and wristbands. He seems a familiar face slide into the ring before the man pushed him into the corner and locked lips with him. Trevor reached up gripping the back of Roberts hair and pulling him out of the kiss "Only because you asked" the model grinned before swapping positions shoving Robert into the corner and started going after his nipple.
03-01-2018 11:35:56.1 [ROOM] Bot: 
[icon]Bot Announcer[/icon][color=gray]Trevor Sigs used their lips to tease Sissy Robert's tits, dealing 16 lust points![/color]
[color=gray]═════════════════ ⭐ [color=purple]Sexfight ring[/color] ⭐ ═════════════════
 [color=purple]░░░▓▓▓▓▓▓▓▓▓▓▓▓▓▓▓▓▓[/color] ⭐ [color=purple]VS[/color] ⭐ [color=purple]▓▓▓▓▓▓▓▓▓▓▓▓▓▓▓▓▓▓▓░[/color]
► [icon]Sissy Robert[/icon]                                                                  [icon]Trevor Sigs[/icon]
It's Sissy Robert's turn![/color]

03-01-2018 11:35:56.1 [ROOM] Trevor Sigs: !attack lips to tits
03-01-2018 11:42:07.1 [ROOM] Sissy Robert: /me squeaked and huffed, more than a it suprised at Trevor's strength. As he turned the tables and got shoved in the corner he smiled a bit, the man's hands felt good. But when his head was pulled back by a fistful of his hair he got a bit worried and the next thing he knew his nipples were kissed and sucked on. He gasped, more than a bit suprised by the taller mans sensual wrestling. He decided to pay in kind. "Damn that's hot! Let's see if you can keep up though." He then raised a knee right into Trevor's crotch, not to hard, but hard enough. Then he rubbed a bit with that knee. "Nice bulge there."   
03-01-2018 11:42:10.1 [ROOM] Bot: 
[icon]Bot Announcer[/icon][color=gray]Sissy Robert used their knee to tease Trevor Sigs's sex, dealing 8 lust points![/color]
[color=gray]═════════════════ ⭐ [color=purple]Sexfight ring[/color] ⭐ ═════════════════
 [color=purple]░░▓▓▓▓▓▓▓▓▓▓▓▓▓▓▓▓▓▓[/color] ⭐ [color=purple]VS[/color] ⭐ [color=purple]▓▓▓▓▓▓▓▓▓▓▓▓▓▓▓▓▓░░░[/color]
► [icon]Trevor Sigs[/icon]                                                                  [icon]Sissy Robert[/icon]
It's Trevor Sigs's turn![/color]

03-01-2018 11:42:10.1 [ROOM] Sissy Robert: !attack knee to sex
03-01-2018 11:46:58.0 [ROOM] Trevor Sigs: Sucked in some breath being suprised with the knee rubbing his bulge. He thought the man was going for a low blow but remembered this match isnt about getting a pin but about getting your opponent to blow. Trevor reached out gripping Roberts muscled ass rubbing and pulling them. He missed this inviting ass. "Just let me know when I get too much for you Rob"
03-01-2018 11:47:06.8 [ROOM] Bot: 
[icon]Bot Announcer[/icon][color=gray]Trevor Sigs used their fingers to tease Sissy Robert's ass, dealing 13 lust points![/color]
[color=gray]═════════════════ ⭐ [color=purple]Sexfight ring[/color] ⭐ ═════════════════
 [color=purple]░░░░░▓▓▓▓▓▓▓▓▓▓▓▓▓▓▓[/color] ⭐ [color=purple]VS[/color] ⭐ [color=purple]▓▓▓▓▓▓▓▓▓▓▓▓▓▓▓▓▓▓░░[/color]
► [icon]Sissy Robert[/icon]                                                                  [icon]Trevor Sigs[/icon]
It's Sissy Robert's turn![/color]

03-01-2018 11:47:06.8 [ROOM] Trevor Sigs: !attack fingers to ass
03-01-2018 11:52:39.5 [ROOM] Sissy Robert: /me gasped from the smooth touch. He had beat Trevor in other arena's but those were wrestling matches, not sex fighting. He shoved Trevor back, then he jumped on him in a Lutheran's press, but instead of punching. "Well aren't you quiet the sexy fighter/lover." He then leaned in, kissing and nibbling softly on his nipples. The whole time he could not help but get more and more aroused, his cock twitching against Trevor's bulge. 
03-01-2018 11:52:41.0 [ROOM] Bot: 
[icon]Bot Announcer[/icon][color=gray]Sissy Robert used their lips to tease Trevor Sigs's tits, dealing 13 lust points![/color]
[color=gray]═════════════════ ⭐ [color=purple]Sexfight ring[/color] ⭐ ═════════════════
 [color=purple]░░░░░▓▓▓▓▓▓▓▓▓▓▓▓▓▓▓[/color] ⭐ [color=purple]VS[/color] ⭐ [color=purple]▓▓▓▓▓▓▓▓▓▓▓▓▓▓▓░░░░░[/color]
► [icon]Trevor Sigs[/icon]                                                                  [icon]Sissy Robert[/icon]
It's Trevor Sigs's turn![/color]

03-01-2018 11:52:41.1 [ROOM] Sissy Robert: !attack lips to tits

03-01-2018 12:00:51.6 [ROOM] Trevor Sigs: Grunted his back hitting the mat from the shove. He then felt the smaller mans weight on him as the naked man leaned in taking his nipple into his mouth. He couldn't hold back his moans as Robert kissed and softly nibbled on his brown nipples. Both cocks were grinding against each other even with Trevors cock hard and trapped in his boxers staining the tip of the bulge with precum. Trevors hands ran through Roberts hair playfully before latching on tight and pulling him face to face. The Models perfect smile on his face "Im always in it to win" he says before pulling Robert into another liplock.
03-01-2018 12:01:01.7 [ROOM] Bot: Invalid body parts. Example of valid ones: lips, fingers, tits, sex, ass, feet. Also remember to use 'to', example: !attack tits to lips. To see the full list, check the bot profile.
03-01-2018 12:01:01.7 [ROOM] Trevor Sigs: !attack lips on lips
03-01-2018 12:01:21.1 [ROOM] Sissy Robert: (to)
03-01-2018 12:01:24.2 [ROOM] Bot: 
[icon]Bot Announcer[/icon][color=gray]Trevor Sigs used their lips to tease Sissy Robert's lips, dealing 11 lust points![/color]
[color=gray]═════════════════ ⭐ [color=purple]Sexfight ring[/color] ⭐ ═════════════════
 [color=purple]░░░░░░░░▓▓▓▓▓▓▓▓▓▓▓▓[/color] ⭐ [color=purple]VS[/color] ⭐ [color=purple]▓▓▓▓▓▓▓▓▓▓▓▓▓▓▓░░░░░[/color]
► [icon]Sissy Robert[/icon]                                                                  [icon]Trevor Sigs[/icon]
It's Sissy Robert's turn![/color]

03-01-2018 12:01:24.2 [ROOM] Trevor Sigs: !attack lips to lips
03-01-2018 12:09:18.4 [ROOM] Sissy Robert: /me was enjoying this little role reversal, finally he was showing Trevor what real passion was. He smiled and gasped a little as he felt Trevor's red shorts, a little wet now where that tip would be under it. He was starting to get ideas, but before he could do anything his hair was grabbed, kinda rough too and he was pulled face to face then kissed in a very forceful and sex way. Robert squealed a bit the moaned. A bit of pre-cum leaked out the tip of his 10 inch cock. He was very horny at this point and needed some real contact. About to give in Robert decided to try again to gain an upper hand. Reaching down he pulled the man's trunks off, revealing a big 9 inch cock. It was just as thick as his own and pre-cumming as well. This gave Robert an idea. "Oh gee, seems like some one is as happy as me, I wonder how you would like a bit of frotting?" He rubbed his penis against the other man's, trying to get him to submit and cum.
03-01-2018 12:09:21.1 [ROOM] Bot: 
[icon]Bot Announcer[/icon][color=gray]Sissy Robert used their sex to tease Trevor Sigs's sex, dealing 15 lust points![/color]
[color=gray]═════════════════ ⭐ [color=purple]Sexfight ring[/color] ⭐ ═════════════════
 [color=purple]░░░░░░░░▓▓▓▓▓▓▓▓▓▓▓▓[/color] ⭐ [color=purple]VS[/color] ⭐ [color=purple]▓▓▓▓▓▓▓▓▓▓▓▓░░░░░░░░[/color]
► [icon]Trevor Sigs[/icon]                                                                  [icon]Sissy Robert[/icon]
It's Trevor Sigs's turn![/color]

03-01-2018 12:09:21.1 [ROOM] Sissy Robert: !attack sex to sex

03-01-2018 12:13:47.0 [ROOM] Trevor Sigs: It seemed like things were going his way as he dominated the kiss between him and Robert before the man suddenly lowered his shorts and revealed his hard 9"cock. Robert went back on the attack rubbing his larger cock against his. Trevors moans started to get louder as all the model could think to do under Robert was to grind back.
03-01-2018 12:13:57.0 [ROOM] Bot: 
[icon]Bot Announcer[/icon][color=gray]Trevor Sigs used their sex to tease Sissy Robert's sex, dealing 10 lust points![/color]
[color=gray]═════════════════ ⭐ [color=purple]Sexfight ring[/color] ⭐ ═════════════════
 [color=purple]░░░░░░░░░░▓▓▓▓▓▓▓▓▓▓[/color] ⭐ [color=purple]VS[/color] ⭐ [color=purple]▓▓▓▓▓▓▓▓▓▓▓▓░░░░░░░░[/color]
► [icon]Sissy Robert[/icon]                                                                  [icon]Trevor Sigs[/icon]
It's Sissy Robert's turn![/color]

03-01-2018 12:13:57.0 [ROOM] Trevor Sigs: !attack sex to sex
03-01-2018 12:17:22.2 [ROOM] Sissy Robert: /me he gasped, liking how it felt. "Well seems some one want to rub/fight back. Oh trust me, that is more than ok with me." He then leaned down, this time a bit more aggressive then before as he sucked on those bigger muscular pecks. At the same time he kept the rubbing, pushing down as the 2 cocks rubbed. He left out a small moan as he did so.
03-01-2018 12:17:24.9 [ROOM] Bot: 
[icon]Bot Announcer[/icon][color=gray]Sissy Robert used their sex to tease Trevor Sigs's sex, dealing 14 lust points![/color]
[color=gray]═════════════════ ⭐ [color=purple]Sexfight ring[/color] ⭐ ═════════════════
 [color=red]░░░░░░░░░░░▓▓▓▓▓▓▓▓▓[/color] ⭐ [color=purple]VS[/color] ⭐ [color=purple]▓▓▓▓▓▓▓▓▓▓░░░░░░░░░░[/color]
► [icon]Trevor Sigs[/icon]                                                                  [icon]Sissy Robert[/icon]
It's Trevor Sigs's turn![/color]

03-01-2018 12:17:24.9 [ROOM] Sissy Robert: !attack sex to sex

03-01-2018 12:21:39.0 [ROOM] Trevor Sigs: "Fuck..." Trevor moaned out under his breath. His cock was rock hard and leaking and he was being attacked in two places at once. He found himself grinding back harder into the bigger mans cock. Though not to sure if it was to get Robert of or himself off. 
03-01-2018 12:21:49.0 [ROOM] Bot: 
[icon]Bot Announcer[/icon][color=gray]Trevor Sigs used their sex to tease Sissy Robert's sex, dealing 15 lust points![/color]
[color=gray]═════════════════ ⭐ [color=purple]Sexfight ring[/color] ⭐ ═════════════════
 [color=red]░░░░░░░░░░░░░▓▓▓▓▓▓▓[/color] ⭐ [color=purple]VS[/color] ⭐ [color=red]▓▓▓▓▓▓▓▓▓░░░░░░░░░░░[/color]
► [icon]Sissy Robert[/icon]                                                                  [icon]Trevor Sigs[/icon]
It's Sissy Robert's turn![/color]

03-01-2018 12:21:49.0 [ROOM] Trevor Sigs: !attack sex to sex
03-01-2018 12:26:37.1 [ROOM] Sissy Robert: /me he gasped, nearly loosing it again prematurely. He pulled away from kissing those nipples and grit his teeth, getting a grip of his desires. He looked down at Trevor, he was both horny and so close, but he could not lose to the bigger man, not in Trevor's first match. He ytook a breath, then reached behind, inserting onre finger in Trevor's ass as he continued to grind cocks. "Your gonna cum for me big boy!"
03-01-2018 12:26:51.0 [ROOM] Bot: 
[icon]Bot Announcer[/icon][color=gray]Sissy Robert used their fingers to tease Trevor Sigs's ass, dealing 13 lust points![/color]
[color=gray]═════════════════ ⭐ [color=purple]Sexfight ring[/color] ⭐ ═════════════════
 [color=red]░░░░░░░░░░░░░▓▓▓▓▓▓▓[/color] ⭐ [color=purple]VS[/color] ⭐ [color=red]▓▓▓▓▓▓▓░░░░░░░░░░░░░[/color]
► [icon]Trevor Sigs[/icon]                                                                  [icon]Sissy Robert[/icon]
It's Trevor Sigs's turn![/color]

03-01-2018 12:26:51.0 [ROOM] Sissy Robert: !attack fingers to ass

03-01-2018 12:32:45.2 [ROOM] Trevor Sigs: "Mmmnn" Trevor let out feeling Roberts finger slide into his tight ass. He grips Roberts waist before flipping them so he was on top and Roberts back was on the mat. "Sure" The model responded before sitting on Roberts abs grabbing the mans pecs amd started squeezing and pulling them "Right after you blow first" The cocky model said his confidence still intact as he rubs his 9"leaking cock against Roberts nipples and and chest leaving precum over his muscled pecs.
03-01-2018 12:32:56.2 [ROOM] Bot: 
[icon]Bot Announcer[/icon][color=gray]Trevor Sigs used their sex to tease Sissy Robert's tits, dealing 16 lust points![/color]
[color=gray]═════════════════ ⭐ [color=purple]Sexfight ring[/color] ⭐ ═════════════════
 [color=red]░░░░░░░░░░░░░░░░▓▓▓▓[/color] ⭐ [color=purple]VS[/color] ⭐ [color=red]▓▓▓▓▓▓▓░░░░░░░░░░░░░[/color]
► [icon]Sissy Robert[/icon]                                                                  [icon]Trevor Sigs[/icon]
It's Sissy Robert's turn![/color]

03-01-2018 12:32:56.2 [ROOM] Trevor Sigs: !attack sex to tits
03-01-2018 12:40:21.4 [ROOM] Sissy Robert: /me he could not deny how good that ass felt, maybe it needed something in it, just to make Trevor feel oh so good, after all losing  can have its perks. However before he could flip Trevor over, he felt his waist gripped roughly, and with little effort he was flipped over himself and that cock on his nipples, smearing them. His cock twitched and he gasped. He could not belive what was going on. Then Trevor dominantly rubbed again. He moaned as his nipples shined with Trvor's precum. He could not help it any more, grabbing the big man's ass, pushing him forward so he could reach that cock with his mouth. 
03-01-2018 12:40:21.7 [ROOM] Bot: 
[icon]Bot Announcer[/icon][color=gray]Sissy Robert used their lips to tease Trevor Sigs's dick, dealing 14 lust points![/color]
[color=gray]═════════════════ ⭐ [color=purple]Sexfight ring[/color] ⭐ ═════════════════
 [color=red]░░░░░░░░░░░░░░░░▓▓▓▓[/color] ⭐ [color=purple]VS[/color] ⭐ [color=red]▓▓▓▓░░░░░░░░░░░░░░░░[/color]
► [icon]Trevor Sigs[/icon]                                                                  [icon]Sissy Robert[/icon]
It's Trevor Sigs's turn![/color]

03-01-2018 12:40:21.8 [ROOM] Sissy Robert: !attack lips to dick
03-01-2018 12:44:29.1 [ROOM] Trevor Sigs: "Fuck" Trevor cried out feeling that mouth wrap around his cock. He wanted to give in and let Robert suck him off but he was to competitive to let that happen. The model quickly pulled out standing up with Robert's spit falling off from his cock and hitting him in his own face. "Go ahead and Blow Rob. Go to your happy place"  Trevor said flexing his flawless body over his opponent before he lifted his foot placing it on the mans chest rubbing it over them.
03-01-2018 12:44:37.0 [ROOM] Bot: Invalid body parts. Example of valid ones: lips, fingers, tits, sex, ass, feet. Also remember to use 'to', example: !attack tits to lips. To see the full list, check the bot profile.
03-01-2018 12:44:37.0 [ROOM] Trevor Sigs: !attack foot to tits
03-01-2018 12:44:47.8 [ROOM] Sissy Robert: feet
03-01-2018 12:44:49.8 [ROOM] Bot: 
[icon]Bot Announcer[/icon][color=gray]Trevor Sigs used their feet to tease Sissy Robert's tits, dealing 16 lust points![/color]
[color=gray]═════════════════ ⭐ [color=purple]Sexfight ring[/color] ⭐ ═════════════════
 [color=red]░░░░░░░░░░░░░░░░░░░▓[/color] ⭐ [color=purple]VS[/color] ⭐ [color=red]▓▓▓▓░░░░░░░░░░░░░░░░[/color]
► [icon]Sissy Robert[/icon]                                                                  [icon]Trevor Sigs[/icon]
It's Sissy Robert's turn![/color]

03-01-2018 12:44:49.8 [ROOM] Trevor Sigs: !attack feet to tits
03-01-2018 12:51:56.6 [ROOM] Sissy Robert: /me moaned laud and hard, nearly losing it as that big sweaty foot came down on his pecks. He grit his teeth, some how holding his cum in. He would not give up that easy. He pushed that foot off before it was too late and he was pushed over the edge. As Trevor stumbled back he got to his knee, gasping and huffing. He had to try one last move, but what, he was tired, worn down and on the edge. "You are going down!" He then lunged at Trevor in what seemed to be a spear, but instead of a simple spear, he opened his mouth while he was at it, taking that big cock in his mouth as he took Trevor down and started to suck on it.
03-01-2018 12:51:59.2 [ROOM] Bot: 
[icon]Bot Announcer[/icon][color=gray]Sissy Robert used their lips to tease Trevor Sigs's sex, dealing 8 lust points![/color]
[color=gray]═════════════════ ⭐ [color=purple]Sexfight ring[/color] ⭐ ═════════════════
 [color=red]░░░░░░░░░░░░░░░░░░▓▓[/color] ⭐ [color=purple]VS[/color] ⭐ [color=red]▓░░░░░░░░░░░░░░░░░░░[/color]
► [icon]Trevor Sigs[/icon]                                                                  [icon]Sissy Robert[/icon]
It's Trevor Sigs's turn![/color]

03-01-2018 12:51:59.2 [ROOM] Sissy Robert: !attack lips to sex

03-01-2018 12:58:28.4 [ROOM] Trevor Sigs: Grinned seeing how weak Robert looked under his foot, the man was close but so was he. He didnt expect Robert to shove him off and before he knew it he was tackled down to the mat while his opponent got his mouth around his cock in one swift move. Trevor cried out from the mix of pain amd pleasure. Fuck he was going to blow soon if he didnt do anything. Robert was good but he wasnt going to win. Trevor reached out grabbing the back of Roberts head and slammed him down onto his cock taking everything. It was hard but he kept the man still making sure he couldnt move his head up and down his cock while his legs bent and his own sweaty feet found Roberts throbbing cock giving the man a footjob.
03-01-2018 12:58:37.5 [ROOM] Bot: 
[icon]Bot Announcer[/icon][color=gray]Trevor Sigs used their feet to tease Sissy Robert's sex, dealing 11 lust points![/color]
[color=gray]Trevor Sigs made Sissy Robert cum! The winner gets $2.00 and the loser gets $1.00, thank you for participating.[/color]
[color=gray]═════════════════ ⭐ [color=purple]Sexfight ring[/color] ⭐ ═════════════════
 [color=red]░░░░░░░░░░░░░░░░░░░░[/color] ⭐ [color=purple]VS[/color] ⭐ [color=red]▓▓░░░░░░░░░░░░░░░░░░[/color]
► [icon]Sissy Robert[/icon]                                                                  [icon]Trevor Sigs[/icon]
It's Sissy Robert's turn![/color]

[color=gray]════════════════ ⭐ [color=purple]Combat ended[/color] ⭐ ════════════════[/color]

03-01-2018 12:58:37.7 [ROOM] Trevor Sigs: !attack feet to sex
03-01-2018 13:01:35.2 [PRIV] Bot to Trevor Sigs:
[color=gray]════════════════════════════════════════════════════════════════════════════════════════════════════
[color=purple]                                                                                      🐺 🐺 [b]Yuni Hermit[/b] 🐺 🐺[/color]
════════════════════════════════════════════════════════════════════════════════════════════════════
[color=pink]          [icon]Yuni Hermit[/icon]
          [b]'Welcome to the Sub Shop! What? No, we sell submissive gear, not sandwiches. If you've got a favorite weak spot, and
want something to direct your dominants at your most sensitive bits, we probably have some gear for you here! If we don't
have what you want, feel free to shoot a suggestion at my manager, and we might add it to our catalogue.
          Now how can I service you? Er, help you. How can I help you?'[/b]
          ► $1.00 - Tramp stamp (-1 defense to ass, It says 'Butt Slut'.)
          ► $1.00 - Nasal hooks (-1 defense to lips.)
          ► $1.00 - Nipple clamps (-1 defense to tits.)
          ► $1.00 - Crotch tatoo female (-1 defense to sex, It says 'Cum Dump', female intended.)
          ► $1.00 - Crotch tatoo male (-1 defense to sex, It says 'Sissy', male intended.)
          ► $2.00 - Leash and collar (-1 defense to lips, -1 defense to sex, -1 defense to ass.)
          ► $2.00 - Anal spreader (-2 defense to ass.)
          ► $2.00 - Labial speculum (-2 defense to sex, Female intended.)
          ► $2.00 - Cock cage (-2 defense to sex, Male intended.)
          ► $2.00 - Spreader bar (-1 defense to sex, -1 defense to ass.)
          ► $3.00 - Sounding rod (-3 defense to sex.)
          ► $3.00 - Blindfold (-1 defense to lips, -1 defense to tits, -1 defense to sex, -1 defense to ass.)
          ► $3.00 - Bondage mittens (-3 attack to fingers.)
          ► $3.00 - Ballet Slave-Heels (-3 attack to feet.)
          ► $3.00 - Breast rope-ties (-3 defense to tits.)
          ► $4.00 - Breast milker (-3 defense to tits, -3 attack to tits, Intended for those that lactate.)
          ► $4.00 - Cock milker (-3 defense to sex, -3 attack to sex, Intended for males/shemales/herms.)
[/color][/color]
03-01-2018 13:01:35.2 [PRIV] Trevor Sigs: !yunishop
03-01-2018 13:06:25.8 [ROOM] Sissy Robert: /me he gaged a bit but he knew it was seconds before he would make his opponent lose. He grinned as she sucked, bobbing his head a bit, he did not want to take to much at once. He heard Trevor cry out and he got exited, finally he thought. He was shocked once again though as he felt 2 extremely string hands force him down violently on that cock. He instantly started to gag and tear. He tried to lift his head and bob but his head was kept in place. He started to leak more pre-cum, it dripped on the mat. He coughed hard and continued gaging. He was seconds away, his toes curled. But then his weakness, as soon as soon as his cock felt the touch, he shoot his load right infront of those feet as he moaned on that cock like a little sissy. He kept cumming and cumming, the feeling of those feet like electric running through his cock.
03-01-2018 14:06:48.0 [PRIV] Proud Mary: !equip Full-body bondage suit
03-01-2018 14:06:48.0 [PRIV] Bot to Proud Mary:The item Full-body bondage suit has been equipped.
03-01-2018 14:06:56.8 [PRIV] Proud Mary: !sheet
03-01-2018 14:06:56.8 [PRIV] Bot to Proud Mary:
[color=gray]══════════════════════════════════════════════════
                                 ⭐ ⭐ [color=purple][b]General details[/b][/color] ⭐ ⭐
══════════════════════════════════════════════════
[color=pink]                     [icon]Proud Mary[/icon]
          [b]Name:[/b] Proud Mary | [b]Money:[/b] $3.00
[/color]══════════════════════════════════════════════════
                                 ⭐ ⭐ [color=purple][b]Attack / Defense[/b][/color] ⭐ ⭐
══════════════════════════════════════════════════
[color=pink]          [b]Lips:[/b] -1 / -2
          [b]Fingers:[/b] -2
          [b]Tits:[/b] -1 / -2
          [b]Sex:[/b] 1 / -1
          [b]Ass:[/b] -2 / -2
          [b]Feet:[/b] -2[/color]
══════════════════════════════════════════════════
                                 ⭐ ⭐ [color=purple][b]Equipment[/b][/color] ⭐ ⭐
══════════════════════════════════════════════════
[color=pink]          [b]Sextoy:[/b] Strap-on
                    +2 attack to sex.
          [b]Outfit:[/b] Full-body bondage suit
                    -3 defense to lips, -3 defense to tits, -3 defense to sex, -3 defense to ass, -3 attack to lips, -3 attack to fingers, -3 attack to tits, -3 attack to sex, -3 attack to ass, -3 attack to feet.
          [b]Accessory:[/b] Fresh mints
                    +1 attack to lips.
          [b]Flavor item:[/b] None
                    Nothing equiped.
[/color]══════════════════════════════════════════════════
                                 ⭐ ⭐ [color=purple][b]Inventory[/b][/color] ⭐ ⭐
══════════════════════════════════════════════════
[color=pink]          Nude. Just you and your body.
          Hand. Starter weapon.
          Wristbands. Standard uniform.
          None. Nothing equiped.
          Crotchless lingerie. +1 defense to tits, +1 defense to ass.
          Strap-on. +2 attack to sex.
          Fresh mints. +1 attack to lips.
          Mistress suit. +2 defense to tits, +2 defense to sex, +2 defense to ass.
          Full-body bondage suit. -3 defense to lips, -3 defense to tits, -3 defense to sex, -3 defense to ass, -3 attack to lips, -3 attack to fingers, -3 attack to tits, -3 attack to sex, -3 attack to ass, -3 attack to feet.
[/color][/color]
03-01-2018 14:07:38.0 [ROOM] Proud Mary: D Va, ¿Nos pegamos? XD
03-01-2018 16:47:39.5 [ROOM] Darent: Hello everyone! How's it going?
03-01-2018 20:11:10.3 [ROOM] Kenia Nya: Hello everyone! How's it going? ^^
03-01-2018 20:11:20.4 [ROOM] Luna Flare: Good
03-01-2018 20:11:31.1 [ROOM] Luna Flare: :hex-razz:
03-01-2018 20:12:10.4 [ROOM] Luna Flare: Kenia would you like a :cake:
03-01-2018 20:12:35.1 [ROOM] Kenia Nya: yes ^^
03-01-2018 20:12:57.3 [ROOM] Luna Flare: /me picks up a cheecse cake and tosses it
03-01-2018 20:13:03.0 [ROOM] Luna Flare: :D
03-01-2018 20:13:08.0 [ROOM] Kenia Nya: /me jumps and catches it with her mouth
03-01-2018 20:14:17.1 [ROOM] Luna Flare: /me is not suprised, that her mouth stretches that much, but has to retreat to my phone now because cheap hardware keyboard is keeping people at house awake
03-01-2018 20:14:21.7 [ROOM] Luna Flare: so skype???
03-01-2018 20:16:01.2 [ROOM] Kenia Nya: sure
03-01-2018 22:47:03.1 [PRIV] Ken the Kaffir: [eicon]meow[/eicon]
