01-11-2017 03:14:56.8 [PRIV] Shira Vileague: !time2dummy
01-11-2017 03:14:56.9 [PRIV] Bot to Shira Vileague:You can fight the bot again in 9h 7m 23s.
01-11-2017 07:09:25.7 [PRIV] Mayank: !indulge defense on ass
01-11-2017 07:09:25.7 [PRIV] Bot to Mayank:Indulging successful! You now have 4 points in defense on ass.
01-11-2017 07:09:28.8 [PRIV] Mayank: !succuboss male
01-11-2017 07:09:28.9 [PRIV] Bot to Mayank:
[icon]Bot Announcer[/icon][color=gray] Welcome to the boss fight! Today we have Mayank vs Milly The Succubot! Let the match begin![/color]
[color=gray]═════════════════ ⭐ [color=purple]Sexfight ring[/color] ⭐ ═════════════════
 [color=purple]▓▓▓▓▓▓▓▓▓▓▓▓▓▓▓▓▓▓▓▓[/color] ⭐ [color=purple]VS[/color] ⭐ [color=purple]▓▓▓▓▓▓▓▓▓▓▓▓▓▓▓▓▓▓▓▓[/color]
► [icon]Mayank[/icon]                                                                  [icon]Milly The Succubot[/icon]
It's Mayank's turn![/color]
Milly hops into the ring, vaulting over the top ropes, and lands her feet on the canvas. She’s wearing naught but a pair of lace purple panties, and purple and black stockings that reaches up to her thighs. She looks up at you, and her violet eyes flash. “Ooh! I get to play with a boy! You and I are gonna have a loot of fun! Just lay back and I’ll bully your penis till you can’t take anymore. That’s what you REALLY want. You don’t want the money, right?” Milly beams at you as she lets you have first attack. “Hee.. lets see what you’ve got.”
01-11-2017 07:09:58.7 [PRIV] Bot to Mayank:
[icon]Bot Announcer[/icon][color=gray]Mayank used their fingers to tease Milly The Succubot's tail, dealing 15 lust points![/color]
[color=gray]═════════════════ ⭐ [color=purple]Sexfight ring[/color] ⭐ ═════════════════
 [color=purple]░░░▓▓▓▓▓▓▓▓▓▓▓▓▓▓▓▓▓[/color] ⭐ [color=purple]VS[/color] ⭐ [color=purple]▓▓▓▓▓▓▓▓▓▓▓▓▓▓▓▓▓▓▓▓[/color]
► [icon]Milly The Succubot[/icon]                                                                  [icon]Mayank[/icon]
It's Milly The Succubot's turn![/color]
[i]You watch that tail flicking around behind her. Seeing it twitch around during your fight with her, it made you just a touch curious. You decide to try a little experiment. You move in towards her, and manage to catch her by the tail! “Hyaa~!” Milly cries out. Her face turns red hot as you grasp the thin, leathery appendage. It.. seemed to be a sensitive spot for her! You smile wide, and start to stroke your hand along its length. “Haahhn~! N-no… quit! H-how did you-” She moans. Her legs falter under her, falling to her hands and knees. You trace little circles around the spade of her tail, which elicits another whimpering moan from the cocky ‘cubi. “Haa-aa-aanh~! Ch..cheater..” She whimpers. You chuckle to yourself, and decide to let go and step back. Milly didn’t seem to be standing up after that one though. She curled up in a ball, panting, her face red hot. Was she not going to fight back?[/i]

01-11-2017 07:09:58.8 [PRIV] Bot to Mayank:
[icon]Bot Announcer[/icon][color=gray]Milly The Succubot passed their turn![/color]
[color=gray]═════════════════ ⭐ [color=purple]Sexfight ring[/color] ⭐ ═════════════════
 [color=purple]▓▓▓▓▓▓▓▓▓▓▓▓▓▓▓▓▓▓▓▓[/color] ⭐ [color=purple]VS[/color] ⭐ [color=purple]▓▓▓▓▓▓▓▓▓▓▓▓▓▓▓▓▓░░░[/color]
► [icon]Mayank[/icon]                                                                  [icon]Milly The Succubot[/icon]
It's Mayank's turn![/color]

01-11-2017 07:09:58.8 [PRIV] Mayank: !attack fingers to tail
01-11-2017 07:10:00.9 [PRIV] Bot to Mayank:
[icon]Bot Announcer[/icon][color=gray]Mayank used their fingers to tease Milly The Succubot's tail, dealing 19 lust points![/color]
[color=gray]═════════════════ ⭐ [color=purple]Sexfight ring[/color] ⭐ ═════════════════
 [color=purple]░░░░░░▓▓▓▓▓▓▓▓▓▓▓▓▓▓[/color] ⭐ [color=purple]VS[/color] ⭐ [color=purple]▓▓▓▓▓▓▓▓▓▓▓▓▓▓▓▓▓▓▓▓[/color]
► [icon]Milly The Succubot[/icon]                                                                  [icon]Mayank[/icon]
It's Milly The Succubot's turn![/color]
[i]You watch that tail flicking around behind her. Seeing it twitch around during your fight with her, it made you just a touch curious. You decide to try a little experiment. You move in towards her, and manage to catch her by the tail! “Hyaa~!” Milly cries out. Her face turns red hot as you grasp the thin, leathery appendage. It.. seemed to be a sensitive spot for her! You smile wide, and start to stroke your hand along its length. “Haahhn~! N-no… quit! H-how did you-” She moans. Her legs falter under her, falling to her hands and knees. You trace little circles around the spade of her tail, which elicits another whimpering moan from the cocky ‘cubi. “Haa-aa-aanh~! Ch..cheater..” She whimpers. You chuckle to yourself, and decide to let go and step back. Milly didn’t seem to be standing up after that one though. She curled up in a ball, panting, her face red hot. Was she not going to fight back?[/i]

01-11-2017 07:10:00.9 [PRIV] Bot to Mayank:
[icon]Bot Announcer[/icon][color=gray]Milly The Succubot passed their turn![/color]
[color=gray]═════════════════ ⭐ [color=purple]Sexfight ring[/color] ⭐ ═════════════════
 [color=purple]▓▓▓▓▓▓▓▓▓▓▓▓▓▓▓▓▓▓▓▓[/color] ⭐ [color=purple]VS[/color] ⭐ [color=purple]▓▓▓▓▓▓▓▓▓▓▓▓▓▓░░░░░░[/color]
► [icon]Mayank[/icon]                                                                  [icon]Milly The Succubot[/icon]
It's Mayank's turn![/color]

01-11-2017 07:10:00.9 [PRIV] Mayank: !attack fingers to tail
01-11-2017 07:10:02.6 [PRIV] Bot to Mayank:
[icon]Bot Announcer[/icon][color=gray]Mayank used their fingers to tease Milly The Succubot's tail, dealing 22 lust points![/color]
[color=gray]═════════════════ ⭐ [color=purple]Sexfight ring[/color] ⭐ ═════════════════
 [color=red]░░░░░░░░░░░▓▓▓▓▓▓▓▓▓[/color] ⭐ [color=purple]VS[/color] ⭐ [color=purple]▓▓▓▓▓▓▓▓▓▓▓▓▓▓▓▓▓▓▓▓[/color]
► [icon]Milly The Succubot[/icon]                                                                  [icon]Mayank[/icon]
It's Milly The Succubot's turn![/color]
[i]You watch that tail flicking around behind her. Seeing it twitch around during your fight with her, it made you just a touch curious. You decide to try a little experiment. You move in towards her, and manage to catch her by the tail! “Hyaa~!” Milly cries out. Her face turns red hot as you grasp the thin, leathery appendage. It.. seemed to be a sensitive spot for her! You smile wide, and start to stroke your hand along its length. “Haahhn~! N-no… quit! H-how did you-” She moans. Her legs falter under her, falling to her hands and knees. You trace little circles around the spade of her tail, which elicits another whimpering moan from the cocky ‘cubi. “Haa-aa-aanh~! Ch..cheater..” She whimpers. You chuckle to yourself, and decide to let go and step back. Milly didn’t seem to be standing up after that one though. She curled up in a ball, panting, her face red hot. Was she not going to fight back?[/i]

01-11-2017 07:10:02.7 [PRIV] Bot to Mayank:
[icon]Bot Announcer[/icon][color=gray]Milly The Succubot passed their turn![/color]
[color=gray]═════════════════ ⭐ [color=purple]Sexfight ring[/color] ⭐ ═════════════════
 [color=purple]▓▓▓▓▓▓▓▓▓▓▓▓▓▓▓▓▓▓▓▓[/color] ⭐ [color=purple]VS[/color] ⭐ [color=red]▓▓▓▓▓▓▓▓▓░░░░░░░░░░░[/color]
► [icon]Mayank[/icon]                                                                  [icon]Milly The Succubot[/icon]
It's Mayank's turn![/color]

01-11-2017 07:10:02.7 [PRIV] Mayank: !attack fingers to tail
01-11-2017 07:10:03.5 [PRIV] Bot to Mayank:
[icon]Bot Announcer[/icon][color=gray]Mayank used their fingers to tease Milly The Succubot's tail, dealing 23 lust points![/color]
[color=gray]═════════════════ ⭐ [color=purple]Sexfight ring[/color] ⭐ ═════════════════
 [color=red]░░░░░░░░░░░░░░░▓▓▓▓▓[/color] ⭐ [color=purple]VS[/color] ⭐ [color=purple]▓▓▓▓▓▓▓▓▓▓▓▓▓▓▓▓▓▓▓▓[/color]
► [icon]Milly The Succubot[/icon]                                                                  [icon]Mayank[/icon]
It's Milly The Succubot's turn![/color]
[i]You watch that tail flicking around behind her. Seeing it twitch around during your fight with her, it made you just a touch curious. You decide to try a little experiment. You move in towards her, and manage to catch her by the tail! “Hyaa~!” Milly cries out. Her face turns red hot as you grasp the thin, leathery appendage. It.. seemed to be a sensitive spot for her! You smile wide, and start to stroke your hand along its length. “Haahhn~! N-no… quit! H-how did you-” She moans. Her legs falter under her, falling to her hands and knees. You trace little circles around the spade of her tail, which elicits another whimpering moan from the cocky ‘cubi. “Haa-aa-aanh~! Ch..cheater..” She whimpers. You chuckle to yourself, and decide to let go and step back. Milly didn’t seem to be standing up after that one though. She curled up in a ball, panting, her face red hot. Was she not going to fight back?[/i]

01-11-2017 07:10:03.6 [PRIV] Bot to Mayank:
[icon]Bot Announcer[/icon][color=gray]Milly The Succubot passed their turn![/color]
[color=gray]═════════════════ ⭐ [color=purple]Sexfight ring[/color] ⭐ ═════════════════
 [color=purple]▓▓▓▓▓▓▓▓▓▓▓▓▓▓▓▓▓▓▓▓[/color] ⭐ [color=purple]VS[/color] ⭐ [color=red]▓▓▓▓▓░░░░░░░░░░░░░░░[/color]
► [icon]Mayank[/icon]                                                                  [icon]Milly The Succubot[/icon]
It's Mayank's turn![/color]

01-11-2017 07:10:03.6 [PRIV] Mayank: !attack fingers to tail
01-11-2017 07:10:05.7 [PRIV] Bot to Mayank:
[icon]Bot Announcer[/icon][color=gray]Mayank used their fingers to tease Milly The Succubot's tail, dealing 22 lust points![/color]
[color=gray]Mayank made Milly The Succubot cum! The winner gets $2.00 and the loser gets $1.00, thank you for participating.[/color]
[color=gray]═════════════════ ⭐ [color=purple]Sexfight ring[/color] ⭐ ═════════════════
 [color=red]░░░░░░░░░░░░░░░░░░░░[/color] ⭐ [color=purple]VS[/color] ⭐ [color=purple]▓▓▓▓▓▓▓▓▓▓▓▓▓▓▓▓▓▓▓▓[/color]
► [icon]Milly The Succubot[/icon]                                                                  [icon]Mayank[/icon]
It's Milly The Succubot's turn![/color]

[color=gray]════════════════ ⭐ [color=purple]Combat ended[/color] ⭐ ════════════════[/color]
[i]You watch that tail flicking around behind her. Seeing it twitch around during your fight with her, it made you just a touch curious. You decide to try a little experiment. You move in towards her, and manage to catch her by the tail! “Hyaa~!” Milly cries out. Her face turns red hot as you grasp the thin, leathery appendage. It.. seemed to be a sensitive spot for her! You smile wide, and start to stroke your hand along its length. “Haahhn~! N-no… quit! H-how did you-” She moans. Her legs falter under her, falling to her hands and knees. You trace little circles around the spade of her tail, which elicits another whimpering moan from the cocky ‘cubi. “Haa-aa-aanh~! Ch..cheater..” She whimpers. You chuckle to yourself, and decide to let go and step back. Milly didn’t seem to be standing up after that one though. She curled up in a ball, panting, her face red hot. Was she not going to fight back?[/i]

01-11-2017 07:10:05.8 [PRIV] Bot to Mayank:
“A-aaahhhnnh~!” Milly cums hard, her hips shaking as she makes a mess on the mat. She looks up at you, surprised. “W-wow… you’re really good… hee.. It’s no easy feat beating a succubus. Even if it’s just a copy of the real thing. If you ever wanna play with me again, call me. I’ll be waiting~!” She smiles, and blows a kiss to you before vanishing from the ring.
You get $4.00 extra for defeating the boss!
01-11-2017 07:10:05.8 [PRIV] Mayank: !attack fingers to tail
01-11-2017 07:10:06.7 [PRIV] Mayank: !attack fingers to tail
01-11-2017 07:10:08.0 [PRIV] Mayank: !attack fingers to tail
01-11-2017 07:10:16.4 [PRIV] Mayank: !attack fingers to tail
01-11-2017 07:10:19.9 [PRIV] Mayank: !succuboss male
01-11-2017 07:10:19.9 [PRIV] Bot to Mayank:
[icon]Bot Announcer[/icon][color=gray] Welcome to the boss fight! Today we have Mayank vs Milly The Succubot! Let the match begin![/color]
[color=gray]═════════════════ ⭐ [color=purple]Sexfight ring[/color] ⭐ ═════════════════
 [color=purple]▓▓▓▓▓▓▓▓▓▓▓▓▓▓▓▓▓▓▓▓[/color] ⭐ [color=purple]VS[/color] ⭐ [color=purple]▓▓▓▓▓▓▓▓▓▓▓▓▓▓▓▓▓▓▓▓[/color]
► [icon]Mayank[/icon]                                                                  [icon]Milly The Succubot[/icon]
It's Mayank's turn![/color]
Milly hops into the ring, vaulting over the top ropes, and lands her feet on the canvas. She’s wearing naught but a pair of lace purple panties, and purple and black stockings that reaches up to her thighs. She looks up at you, and her violet eyes flash. “Ooh! I get to play with a boy! You and I are gonna have a loot of fun! Just lay back and I’ll bully your penis till you can’t take anymore. That’s what you REALLY want. You don’t want the money, right?” Milly beams at you as she lets you have first attack. “Hee.. lets see what you’ve got.”
01-11-2017 07:10:21.1 [PRIV] Bot to Mayank:
[icon]Bot Announcer[/icon][color=gray]Mayank used their fingers to tease Milly The Succubot's tail, dealing 17 lust points![/color]
[color=gray]═════════════════ ⭐ [color=purple]Sexfight ring[/color] ⭐ ═════════════════
 [color=purple]░░░▓▓▓▓▓▓▓▓▓▓▓▓▓▓▓▓▓[/color] ⭐ [color=purple]VS[/color] ⭐ [color=purple]▓▓▓▓▓▓▓▓▓▓▓▓▓▓▓▓▓▓▓▓[/color]
► [icon]Milly The Succubot[/icon]                                                                  [icon]Mayank[/icon]
It's Milly The Succubot's turn![/color]
[i]You watch that tail flicking around behind her. Seeing it twitch around during your fight with her, it made you just a touch curious. You decide to try a little experiment. You move in towards her, and manage to catch her by the tail! “Hyaa~!” Milly cries out. Her face turns red hot as you grasp the thin, leathery appendage. It.. seemed to be a sensitive spot for her! You smile wide, and start to stroke your hand along its length. “Haahhn~! N-no… quit! H-how did you-” She moans. Her legs falter under her, falling to her hands and knees. You trace little circles around the spade of her tail, which elicits another whimpering moan from the cocky ‘cubi. “Haa-aa-aanh~! Ch..cheater..” She whimpers. You chuckle to yourself, and decide to let go and step back. Milly didn’t seem to be standing up after that one though. She curled up in a ball, panting, her face red hot. Was she not going to fight back?[/i]

01-11-2017 07:10:21.1 [PRIV] Bot to Mayank:
[icon]Bot Announcer[/icon][color=gray]Milly The Succubot passed their turn![/color]
[color=gray]═════════════════ ⭐ [color=purple]Sexfight ring[/color] ⭐ ═════════════════
 [color=purple]▓▓▓▓▓▓▓▓▓▓▓▓▓▓▓▓▓▓▓▓[/color] ⭐ [color=purple]VS[/color] ⭐ [color=purple]▓▓▓▓▓▓▓▓▓▓▓▓▓▓▓▓▓░░░[/color]
► [icon]Mayank[/icon]                                                                  [icon]Milly The Succubot[/icon]
It's Mayank's turn![/color]

01-11-2017 07:10:21.2 [PRIV] Mayank: !attack fingers to tail
01-11-2017 07:10:23.0 [PRIV] Bot to Mayank:
[icon]Bot Announcer[/icon][color=gray]Mayank used their fingers to tease Milly The Succubot's tail, dealing 18 lust points![/color]
[color=gray]═════════════════ ⭐ [color=purple]Sexfight ring[/color] ⭐ ═════════════════
 [color=purple]░░░░░░░▓▓▓▓▓▓▓▓▓▓▓▓▓[/color] ⭐ [color=purple]VS[/color] ⭐ [color=purple]▓▓▓▓▓▓▓▓▓▓▓▓▓▓▓▓▓▓▓▓[/color]
► [icon]Milly The Succubot[/icon]                                                                  [icon]Mayank[/icon]
It's Milly The Succubot's turn![/color]
[i]You watch that tail flicking around behind her. Seeing it twitch around during your fight with her, it made you just a touch curious. You decide to try a little experiment. You move in towards her, and manage to catch her by the tail! “Hyaa~!” Milly cries out. Her face turns red hot as you grasp the thin, leathery appendage. It.. seemed to be a sensitive spot for her! You smile wide, and start to stroke your hand along its length. “Haahhn~! N-no… quit! H-how did you-” She moans. Her legs falter under her, falling to her hands and knees. You trace little circles around the spade of her tail, which elicits another whimpering moan from the cocky ‘cubi. “Haa-aa-aanh~! Ch..cheater..” She whimpers. You chuckle to yourself, and decide to let go and step back. Milly didn’t seem to be standing up after that one though. She curled up in a ball, panting, her face red hot. Was she not going to fight back?[/i]

01-11-2017 07:10:23.1 [PRIV] Bot to Mayank:
[icon]Bot Announcer[/icon][color=gray]Milly The Succubot passed their turn![/color]
[color=gray]═════════════════ ⭐ [color=purple]Sexfight ring[/color] ⭐ ═════════════════
 [color=purple]▓▓▓▓▓▓▓▓▓▓▓▓▓▓▓▓▓▓▓▓[/color] ⭐ [color=purple]VS[/color] ⭐ [color=purple]▓▓▓▓▓▓▓▓▓▓▓▓▓░░░░░░░[/color]
► [icon]Mayank[/icon]                                                                  [icon]Milly The Succubot[/icon]
It's Mayank's turn![/color]

01-11-2017 07:10:23.1 [PRIV] Mayank: !attack fingers to tail
01-11-2017 07:10:24.8 [PRIV] Bot to Mayank:
[icon]Bot Announcer[/icon][color=gray]Mayank used their fingers to tease Milly The Succubot's tail, dealing 18 lust points![/color]
[color=gray]═════════════════ ⭐ [color=purple]Sexfight ring[/color] ⭐ ═════════════════
 [color=red]░░░░░░░░░░▓▓▓▓▓▓▓▓▓▓[/color] ⭐ [color=purple]VS[/color] ⭐ [color=purple]▓▓▓▓▓▓▓▓▓▓▓▓▓▓▓▓▓▓▓▓[/color]
► [icon]Milly The Succubot[/icon]                                                                  [icon]Mayank[/icon]
It's Milly The Succubot's turn![/color]
[i]You watch that tail flicking around behind her. Seeing it twitch around during your fight with her, it made you just a touch curious. You decide to try a little experiment. You move in towards her, and manage to catch her by the tail! “Hyaa~!” Milly cries out. Her face turns red hot as you grasp the thin, leathery appendage. It.. seemed to be a sensitive spot for her! You smile wide, and start to stroke your hand along its length. “Haahhn~! N-no… quit! H-how did you-” She moans. Her legs falter under her, falling to her hands and knees. You trace little circles around the spade of her tail, which elicits another whimpering moan from the cocky ‘cubi. “Haa-aa-aanh~! Ch..cheater..” She whimpers. You chuckle to yourself, and decide to let go and step back. Milly didn’t seem to be standing up after that one though. She curled up in a ball, panting, her face red hot. Was she not going to fight back?[/i]

01-11-2017 07:10:24.8 [PRIV] Bot to Mayank:
[icon]Bot Announcer[/icon][color=gray]Milly The Succubot passed their turn![/color]
[color=gray]═════════════════ ⭐ [color=purple]Sexfight ring[/color] ⭐ ═════════════════
 [color=purple]▓▓▓▓▓▓▓▓▓▓▓▓▓▓▓▓▓▓▓▓[/color] ⭐ [color=purple]VS[/color] ⭐ [color=red]▓▓▓▓▓▓▓▓▓▓░░░░░░░░░░[/color]
► [icon]Mayank[/icon]                                                                  [icon]Milly The Succubot[/icon]
It's Mayank's turn![/color]

01-11-2017 07:10:24.9 [PRIV] Mayank: !attack fingers to tail
01-11-2017 07:10:26.8 [PRIV] Bot to Mayank:
[icon]Bot Announcer[/icon][color=gray]Mayank used their fingers to tease Milly The Succubot's tail, dealing 22 lust points![/color]
[color=gray]═════════════════ ⭐ [color=purple]Sexfight ring[/color] ⭐ ═════════════════
 [color=red]░░░░░░░░░░░░░░░▓▓▓▓▓[/color] ⭐ [color=purple]VS[/color] ⭐ [color=purple]▓▓▓▓▓▓▓▓▓▓▓▓▓▓▓▓▓▓▓▓[/color]
► [icon]Milly The Succubot[/icon]                                                                  [icon]Mayank[/icon]
It's Milly The Succubot's turn![/color]
[i]You watch that tail flicking around behind her. Seeing it twitch around during your fight with her, it made you just a touch curious. You decide to try a little experiment. You move in towards her, and manage to catch her by the tail! “Hyaa~!” Milly cries out. Her face turns red hot as you grasp the thin, leathery appendage. It.. seemed to be a sensitive spot for her! You smile wide, and start to stroke your hand along its length. “Haahhn~! N-no… quit! H-how did you-” She moans. Her legs falter under her, falling to her hands and knees. You trace little circles around the spade of her tail, which elicits another whimpering moan from the cocky ‘cubi. “Haa-aa-aanh~! Ch..cheater..” She whimpers. You chuckle to yourself, and decide to let go and step back. Milly didn’t seem to be standing up after that one though. She curled up in a ball, panting, her face red hot. Was she not going to fight back?[/i]

01-11-2017 07:10:26.8 [PRIV] Bot to Mayank:
[icon]Bot Announcer[/icon][color=gray]Milly The Succubot passed their turn![/color]
[color=gray]═════════════════ ⭐ [color=purple]Sexfight ring[/color] ⭐ ═════════════════
 [color=purple]▓▓▓▓▓▓▓▓▓▓▓▓▓▓▓▓▓▓▓▓[/color] ⭐ [color=purple]VS[/color] ⭐ [color=red]▓▓▓▓▓░░░░░░░░░░░░░░░[/color]
► [icon]Mayank[/icon]                                                                  [icon]Milly The Succubot[/icon]
It's Mayank's turn![/color]

01-11-2017 07:10:26.8 [PRIV] Mayank: !attack fingers to tail
01-11-2017 07:10:28.7 [PRIV] Bot to Mayank:
[icon]Bot Announcer[/icon][color=gray]Mayank used their fingers to tease Milly The Succubot's tail, dealing 15 lust points![/color]
[color=gray]═════════════════ ⭐ [color=purple]Sexfight ring[/color] ⭐ ═════════════════
 [color=red]░░░░░░░░░░░░░░░░░░▓▓[/color] ⭐ [color=purple]VS[/color] ⭐ [color=purple]▓▓▓▓▓▓▓▓▓▓▓▓▓▓▓▓▓▓▓▓[/color]
► [icon]Milly The Succubot[/icon]                                                                  [icon]Mayank[/icon]
It's Milly The Succubot's turn![/color]
[i]You watch that tail flicking around behind her. Seeing it twitch around during your fight with her, it made you just a touch curious. You decide to try a little experiment. You move in towards her, and manage to catch her by the tail! “Hyaa~!” Milly cries out. Her face turns red hot as you grasp the thin, leathery appendage. It.. seemed to be a sensitive spot for her! You smile wide, and start to stroke your hand along its length. “Haahhn~! N-no… quit! H-how did you-” She moans. Her legs falter under her, falling to her hands and knees. You trace little circles around the spade of her tail, which elicits another whimpering moan from the cocky ‘cubi. “Haa-aa-aanh~! Ch..cheater..” She whimpers. You chuckle to yourself, and decide to let go and step back. Milly didn’t seem to be standing up after that one though. She curled up in a ball, panting, her face red hot. Was she not going to fight back?[/i]

01-11-2017 07:10:28.7 [PRIV] Bot to Mayank:
[icon]Bot Announcer[/icon][color=gray]Milly The Succubot passed their turn![/color]
[color=gray]═════════════════ ⭐ [color=purple]Sexfight ring[/color] ⭐ ═════════════════
 [color=purple]▓▓▓▓▓▓▓▓▓▓▓▓▓▓▓▓▓▓▓▓[/color] ⭐ [color=purple]VS[/color] ⭐ [color=red]▓▓░░░░░░░░░░░░░░░░░░[/color]
► [icon]Mayank[/icon]                                                                  [icon]Milly The Succubot[/icon]
It's Mayank's turn![/color]

01-11-2017 07:10:28.8 [PRIV] Mayank: !attack fingers to tail
01-11-2017 07:10:30.6 [PRIV] Bot to Mayank:
[icon]Bot Announcer[/icon][color=gray]Mayank used their fingers to tease Milly The Succubot's tail, dealing 23 lust points![/color]
[color=gray]Mayank made Milly The Succubot cum! The winner gets $2.00 and the loser gets $1.00, thank you for participating.[/color]
[color=gray]═════════════════ ⭐ [color=purple]Sexfight ring[/color] ⭐ ═════════════════
 [color=red]░░░░░░░░░░░░░░░░░░░░[/color] ⭐ [color=purple]VS[/color] ⭐ [color=purple]▓▓▓▓▓▓▓▓▓▓▓▓▓▓▓▓▓▓▓▓[/color]
► [icon]Milly The Succubot[/icon]                                                                  [icon]Mayank[/icon]
It's Milly The Succubot's turn![/color]

[color=gray]════════════════ ⭐ [color=purple]Combat ended[/color] ⭐ ════════════════[/color]
[i]You watch that tail flicking around behind her. Seeing it twitch around during your fight with her, it made you just a touch curious. You decide to try a little experiment. You move in towards her, and manage to catch her by the tail! “Hyaa~!” Milly cries out. Her face turns red hot as you grasp the thin, leathery appendage. It.. seemed to be a sensitive spot for her! You smile wide, and start to stroke your hand along its length. “Haahhn~! N-no… quit! H-how did you-” She moans. Her legs falter under her, falling to her hands and knees. You trace little circles around the spade of her tail, which elicits another whimpering moan from the cocky ‘cubi. “Haa-aa-aanh~! Ch..cheater..” She whimpers. You chuckle to yourself, and decide to let go and step back. Milly didn’t seem to be standing up after that one though. She curled up in a ball, panting, her face red hot. Was she not going to fight back?[/i]

01-11-2017 07:10:30.6 [PRIV] Bot to Mayank:
“A-aaahhhnnh~!” Milly cums hard, her hips shaking as she makes a mess on the mat. She looks up at you, surprised. “W-wow… you’re really good… hee.. It’s no easy feat beating a succubus. Even if it’s just a copy of the real thing. If you ever wanna play with me again, call me. I’ll be waiting~!” She smiles, and blows a kiss to you before vanishing from the ring.
You get $4.00 extra for defeating the boss!
01-11-2017 07:10:30.6 [PRIV] Mayank: !attack fingers to tail
01-11-2017 07:10:32.7 [PRIV] Mayank: !attack fingers to tail
01-11-2017 07:10:35.0 [PRIV] Mayank: !attack fingers to tail
01-11-2017 07:10:37.9 [PRIV] Mayank: !succuboss male
01-11-2017 07:10:37.9 [PRIV] Bot to Mayank:
[icon]Bot Announcer[/icon][color=gray] Welcome to the boss fight! Today we have Mayank vs Milly The Succubot! Let the match begin![/color]
[color=gray]═════════════════ ⭐ [color=purple]Sexfight ring[/color] ⭐ ═════════════════
 [color=purple]▓▓▓▓▓▓▓▓▓▓▓▓▓▓▓▓▓▓▓▓[/color] ⭐ [color=purple]VS[/color] ⭐ [color=purple]▓▓▓▓▓▓▓▓▓▓▓▓▓▓▓▓▓▓▓▓[/color]
► [icon]Mayank[/icon]                                                                  [icon]Milly The Succubot[/icon]
It's Mayank's turn![/color]
Milly hops into the ring, vaulting over the top ropes, and lands her feet on the canvas. She’s wearing naught but a pair of lace purple panties, and purple and black stockings that reaches up to her thighs. She looks up at you, and her violet eyes flash. “Ooh! I get to play with a boy! You and I are gonna have a loot of fun! Just lay back and I’ll bully your penis till you can’t take anymore. That’s what you REALLY want. You don’t want the money, right?” Milly beams at you as she lets you have first attack. “Hee.. lets see what you’ve got.”
01-11-2017 07:10:38.9 [PRIV] Bot to Mayank:
[icon]Bot Announcer[/icon][color=gray]Mayank used their fingers to tease Milly The Succubot's tail, dealing 20 lust points![/color]
[color=gray]═════════════════ ⭐ [color=purple]Sexfight ring[/color] ⭐ ═════════════════
 [color=purple]░░░░▓▓▓▓▓▓▓▓▓▓▓▓▓▓▓▓[/color] ⭐ [color=purple]VS[/color] ⭐ [color=purple]▓▓▓▓▓▓▓▓▓▓▓▓▓▓▓▓▓▓▓▓[/color]
► [icon]Milly The Succubot[/icon]                                                                  [icon]Mayank[/icon]
It's Milly The Succubot's turn![/color]
[i]You watch that tail flicking around behind her. Seeing it twitch around during your fight with her, it made you just a touch curious. You decide to try a little experiment. You move in towards her, and manage to catch her by the tail! “Hyaa~!” Milly cries out. Her face turns red hot as you grasp the thin, leathery appendage. It.. seemed to be a sensitive spot for her! You smile wide, and start to stroke your hand along its length. “Haahhn~! N-no… quit! H-how did you-” She moans. Her legs falter under her, falling to her hands and knees. You trace little circles around the spade of her tail, which elicits another whimpering moan from the cocky ‘cubi. “Haa-aa-aanh~! Ch..cheater..” She whimpers. You chuckle to yourself, and decide to let go and step back. Milly didn’t seem to be standing up after that one though. She curled up in a ball, panting, her face red hot. Was she not going to fight back?[/i]

01-11-2017 07:10:38.9 [PRIV] Bot to Mayank:
[icon]Bot Announcer[/icon][color=gray]Milly The Succubot passed their turn![/color]
[color=gray]═════════════════ ⭐ [color=purple]Sexfight ring[/color] ⭐ ═════════════════
 [color=purple]▓▓▓▓▓▓▓▓▓▓▓▓▓▓▓▓▓▓▓▓[/color] ⭐ [color=purple]VS[/color] ⭐ [color=purple]▓▓▓▓▓▓▓▓▓▓▓▓▓▓▓▓░░░░[/color]
► [icon]Mayank[/icon]                                                                  [icon]Milly The Succubot[/icon]
It's Mayank's turn![/color]

01-11-2017 07:10:38.9 [PRIV] Mayank: !attack fingers to tail
01-11-2017 07:10:40.8 [PRIV] Bot to Mayank:
[icon]Bot Announcer[/icon][color=gray]Mayank used their fingers to tease Milly The Succubot's tail, dealing 23 lust points![/color]
[color=gray]═════════════════ ⭐ [color=purple]Sexfight ring[/color] ⭐ ═════════════════
 [color=purple]░░░░░░░░▓▓▓▓▓▓▓▓▓▓▓▓[/color] ⭐ [color=purple]VS[/color] ⭐ [color=purple]▓▓▓▓▓▓▓▓▓▓▓▓▓▓▓▓▓▓▓▓[/color]
► [icon]Milly The Succubot[/icon]                                                                  [icon]Mayank[/icon]
It's Milly The Succubot's turn![/color]
[i]You watch that tail flicking around behind her. Seeing it twitch around during your fight with her, it made you just a touch curious. You decide to try a little experiment. You move in towards her, and manage to catch her by the tail! “Hyaa~!” Milly cries out. Her face turns red hot as you grasp the thin, leathery appendage. It.. seemed to be a sensitive spot for her! You smile wide, and start to stroke your hand along its length. “Haahhn~! N-no… quit! H-how did you-” She moans. Her legs falter under her, falling to her hands and knees. You trace little circles around the spade of her tail, which elicits another whimpering moan from the cocky ‘cubi. “Haa-aa-aanh~! Ch..cheater..” She whimpers. You chuckle to yourself, and decide to let go and step back. Milly didn’t seem to be standing up after that one though. She curled up in a ball, panting, her face red hot. Was she not going to fight back?[/i]

01-11-2017 07:10:40.8 [PRIV] Bot to Mayank:
[icon]Bot Announcer[/icon][color=gray]Milly The Succubot passed their turn![/color]
[color=gray]═════════════════ ⭐ [color=purple]Sexfight ring[/color] ⭐ ═════════════════
 [color=purple]▓▓▓▓▓▓▓▓▓▓▓▓▓▓▓▓▓▓▓▓[/color] ⭐ [color=purple]VS[/color] ⭐ [color=purple]▓▓▓▓▓▓▓▓▓▓▓▓░░░░░░░░[/color]
► [icon]Mayank[/icon]                                                                  [icon]Milly The Succubot[/icon]
It's Mayank's turn![/color]

01-11-2017 07:10:40.9 [PRIV] Mayank: !attack fingers to tail
01-11-2017 07:10:42.8 [PRIV] Bot to Mayank:
[icon]Bot Announcer[/icon][color=gray]Mayank used their fingers to tease Milly The Succubot's tail, dealing 23 lust points![/color]
[color=gray]═════════════════ ⭐ [color=purple]Sexfight ring[/color] ⭐ ═════════════════
 [color=red]░░░░░░░░░░░░░▓▓▓▓▓▓▓[/color] ⭐ [color=purple]VS[/color] ⭐ [color=purple]▓▓▓▓▓▓▓▓▓▓▓▓▓▓▓▓▓▓▓▓[/color]
► [icon]Milly The Succubot[/icon]                                                                  [icon]Mayank[/icon]
It's Milly The Succubot's turn![/color]
[i]You watch that tail flicking around behind her. Seeing it twitch around during your fight with her, it made you just a touch curious. You decide to try a little experiment. You move in towards her, and manage to catch her by the tail! “Hyaa~!” Milly cries out. Her face turns red hot as you grasp the thin, leathery appendage. It.. seemed to be a sensitive spot for her! You smile wide, and start to stroke your hand along its length. “Haahhn~! N-no… quit! H-how did you-” She moans. Her legs falter under her, falling to her hands and knees. You trace little circles around the spade of her tail, which elicits another whimpering moan from the cocky ‘cubi. “Haa-aa-aanh~! Ch..cheater..” She whimpers. You chuckle to yourself, and decide to let go and step back. Milly didn’t seem to be standing up after that one though. She curled up in a ball, panting, her face red hot. Was she not going to fight back?[/i]

01-11-2017 07:10:42.9 [PRIV] Bot to Mayank:
[icon]Bot Announcer[/icon][color=gray]Milly The Succubot passed their turn![/color]
[color=gray]═════════════════ ⭐ [color=purple]Sexfight ring[/color] ⭐ ═════════════════
 [color=purple]▓▓▓▓▓▓▓▓▓▓▓▓▓▓▓▓▓▓▓▓[/color] ⭐ [color=purple]VS[/color] ⭐ [color=red]▓▓▓▓▓▓▓░░░░░░░░░░░░░[/color]
► [icon]Mayank[/icon]                                                                  [icon]Milly The Succubot[/icon]
It's Mayank's turn![/color]

01-11-2017 07:10:42.9 [PRIV] Mayank: !attack fingers to tail
01-11-2017 07:10:44.9 [PRIV] Bot to Mayank:
[icon]Bot Announcer[/icon][color=gray]Mayank used their fingers to tease Milly The Succubot's tail, dealing 15 lust points![/color]
[color=gray]═════════════════ ⭐ [color=purple]Sexfight ring[/color] ⭐ ═════════════════
 [color=red]░░░░░░░░░░░░░░░░▓▓▓▓[/color] ⭐ [color=purple]VS[/color] ⭐ [color=purple]▓▓▓▓▓▓▓▓▓▓▓▓▓▓▓▓▓▓▓▓[/color]
► [icon]Milly The Succubot[/icon]                                                                  [icon]Mayank[/icon]
It's Milly The Succubot's turn![/color]
[i]You watch that tail flicking around behind her. Seeing it twitch around during your fight with her, it made you just a touch curious. You decide to try a little experiment. You move in towards her, and manage to catch her by the tail! “Hyaa~!” Milly cries out. Her face turns red hot as you grasp the thin, leathery appendage. It.. seemed to be a sensitive spot for her! You smile wide, and start to stroke your hand along its length. “Haahhn~! N-no… quit! H-how did you-” She moans. Her legs falter under her, falling to her hands and knees. You trace little circles around the spade of her tail, which elicits another whimpering moan from the cocky ‘cubi. “Haa-aa-aanh~! Ch..cheater..” She whimpers. You chuckle to yourself, and decide to let go and step back. Milly didn’t seem to be standing up after that one though. She curled up in a ball, panting, her face red hot. Was she not going to fight back?[/i]

01-11-2017 07:10:44.9 [PRIV] Bot to Mayank:
[icon]Bot Announcer[/icon][color=gray]Milly The Succubot passed their turn![/color]
[color=gray]═════════════════ ⭐ [color=purple]Sexfight ring[/color] ⭐ ═════════════════
 [color=purple]▓▓▓▓▓▓▓▓▓▓▓▓▓▓▓▓▓▓▓▓[/color] ⭐ [color=purple]VS[/color] ⭐ [color=red]▓▓▓▓░░░░░░░░░░░░░░░░[/color]
► [icon]Mayank[/icon]                                                                  [icon]Milly The Succubot[/icon]
It's Mayank's turn![/color]

01-11-2017 07:10:44.9 [PRIV] Mayank: !attack fingers to tail
01-11-2017 07:10:46.9 [PRIV] Bot to Mayank:
[icon]Bot Announcer[/icon][color=gray]Mayank used their fingers to tease Milly The Succubot's tail, dealing 17 lust points![/color]
[color=gray]═════════════════ ⭐ [color=purple]Sexfight ring[/color] ⭐ ═════════════════
 [color=red]░░░░░░░░░░░░░░░░░░░▓[/color] ⭐ [color=purple]VS[/color] ⭐ [color=purple]▓▓▓▓▓▓▓▓▓▓▓▓▓▓▓▓▓▓▓▓[/color]
► [icon]Milly The Succubot[/icon]                                                                  [icon]Mayank[/icon]
It's Milly The Succubot's turn![/color]
[i]You watch that tail flicking around behind her. Seeing it twitch around during your fight with her, it made you just a touch curious. You decide to try a little experiment. You move in towards her, and manage to catch her by the tail! “Hyaa~!” Milly cries out. Her face turns red hot as you grasp the thin, leathery appendage. It.. seemed to be a sensitive spot for her! You smile wide, and start to stroke your hand along its length. “Haahhn~! N-no… quit! H-how did you-” She moans. Her legs falter under her, falling to her hands and knees. You trace little circles around the spade of her tail, which elicits another whimpering moan from the cocky ‘cubi. “Haa-aa-aanh~! Ch..cheater..” She whimpers. You chuckle to yourself, and decide to let go and step back. Milly didn’t seem to be standing up after that one though. She curled up in a ball, panting, her face red hot. Was she not going to fight back?[/i]

01-11-2017 07:10:46.9 [PRIV] Bot to Mayank:
[icon]Bot Announcer[/icon][color=gray]Milly The Succubot passed their turn![/color]
[color=gray]═════════════════ ⭐ [color=purple]Sexfight ring[/color] ⭐ ═════════════════
 [color=purple]▓▓▓▓▓▓▓▓▓▓▓▓▓▓▓▓▓▓▓▓[/color] ⭐ [color=purple]VS[/color] ⭐ [color=red]▓░░░░░░░░░░░░░░░░░░░[/color]
► [icon]Mayank[/icon]                                                                  [icon]Milly The Succubot[/icon]
It's Mayank's turn![/color]

01-11-2017 07:10:47.0 [PRIV] Mayank: !attack fingers to tail
01-11-2017 07:10:48.8 [PRIV] Bot to Mayank:
[icon]Bot Announcer[/icon][color=gray]Mayank used their fingers to tease Milly The Succubot's tail, dealing 16 lust points![/color]
[color=gray]Mayank made Milly The Succubot cum! The winner gets $2.00 and the loser gets $1.00, thank you for participating.[/color]
[color=gray]═════════════════ ⭐ [color=purple]Sexfight ring[/color] ⭐ ═════════════════
 [color=red]░░░░░░░░░░░░░░░░░░░░[/color] ⭐ [color=purple]VS[/color] ⭐ [color=purple]▓▓▓▓▓▓▓▓▓▓▓▓▓▓▓▓▓▓▓▓[/color]
► [icon]Milly The Succubot[/icon]                                                                  [icon]Mayank[/icon]
It's Milly The Succubot's turn![/color]

[color=gray]════════════════ ⭐ [color=purple]Combat ended[/color] ⭐ ════════════════[/color]
[i]You watch that tail flicking around behind her. Seeing it twitch around during your fight with her, it made you just a touch curious. You decide to try a little experiment. You move in towards her, and manage to catch her by the tail! “Hyaa~!” Milly cries out. Her face turns red hot as you grasp the thin, leathery appendage. It.. seemed to be a sensitive spot for her! You smile wide, and start to stroke your hand along its length. “Haahhn~! N-no… quit! H-how did you-” She moans. Her legs falter under her, falling to her hands and knees. You trace little circles around the spade of her tail, which elicits another whimpering moan from the cocky ‘cubi. “Haa-aa-aanh~! Ch..cheater..” She whimpers. You chuckle to yourself, and decide to let go and step back. Milly didn’t seem to be standing up after that one though. She curled up in a ball, panting, her face red hot. Was she not going to fight back?[/i]

01-11-2017 07:10:48.8 [PRIV] Bot to Mayank:
“A-aaahhhnnh~!” Milly cums hard, her hips shaking as she makes a mess on the mat. She looks up at you, surprised. “W-wow… you’re really good… hee.. It’s no easy feat beating a succubus. Even if it’s just a copy of the real thing. If you ever wanna play with me again, call me. I’ll be waiting~!” She smiles, and blows a kiss to you before vanishing from the ring.
You get $4.00 extra for defeating the boss!
01-11-2017 07:10:48.9 [PRIV] Mayank: !attack fingers to tail
01-11-2017 07:10:50.7 [PRIV] Mayank: !attack fingers to tail
01-11-2017 07:10:54.8 [PRIV] Mayank: !train defense on ass
01-11-2017 07:10:54.8 [PRIV] Bot to Mayank:[eicon]training[/eicon] Training successful! You now have 5 points in defense on ass.
01-11-2017 07:10:58.3 [PRIV] Mayank: !train attack on tits
01-11-2017 07:10:58.3 [PRIV] Bot to Mayank:[eicon]training[/eicon] Training successful! You now have -1 points in attack on tits.
01-11-2017 07:11:22.5 [PRIV] Mayank: !card
01-11-2017 07:11:22.5 [PRIV] Bot to Mayank:
[color=gray]══════════════════════════════════════════════════
                                 ⭐ ⭐ [color=purple][b]Character card[/b][/color] ⭐ ⭐
══════════════════════════════════════════════════
[color=pink]                     [icon]Mayank[/icon]
          [b]Name:[/b] Mayank | [b]Money:[/b] $3.00
          [b]Attack:[/b] 5 Lips, 8 Fingers, -1 Tits, 8 Sex, 5 Ass, 5 Feet.
          [b]Defense:[/b] 7 Lips, 5 Tits, 4 Sex, 7 Ass.
          [b]Sextoy:[/b] Dildo. +3 attack to fingers.
          [b]Outfit:[/b] Luchador mask and speedos. +2 defense to lips, +2 defense to sex, +2 defense to ass.
          [b]Accessory:[/b] Cock piercing. -1 defense to sex, +3 attack to sex.
          [b]Flavor item:[/b] Cock cage. -2 defense to sex, Male intended.
[/color][/color]
01-11-2017 07:46:42.3 [ROOM] Cool Trainer Douglas: /me idle wave to whoever might be about.
01-11-2017 12:04:05.0 [PRIV] Shira Vileague: !time2dummy
01-11-2017 12:04:05.0 [PRIV] Bot to Shira Vileague:You can fight the bot again in 0h 18m 15s.
01-11-2017 12:25:28.8 [PRIV] Shira Vileague: !trainingdummy male
01-11-2017 12:25:28.9 [PRIV] Bot to Shira Vileague:
[icon]Bot Announcer[/icon][color=gray] Welcome to the training ring! Today we have Shira Vileague vs Yuni Hermit! Let the match begin![/color]
[color=gray]═════════════════ ⭐ [color=purple]Sexfight ring[/color] ⭐ ═════════════════
 [color=purple]▓▓▓▓▓▓▓▓▓▓▓▓▓▓▓▓▓▓▓▓[/color] ⭐ [color=purple]VS[/color] ⭐ [color=purple]▓▓▓▓▓▓▓▓▓▓▓▓▓▓▓▓▓▓▓▓[/color]
► [icon]Shira Vileague[/icon]                                                                  [icon]Yuni Hermit[/icon]
It's Shira Vileague's turn![/color]

01-11-2017 12:25:37.9 [PRIV] Bot to Shira Vileague:
[icon]Bot Announcer[/icon][color=gray]Shira Vileague used their feet to tease Yuni Hermit's mouth, dealing 21 lust points![/color]
[color=gray]═════════════════ ⭐ [color=purple]Sexfight ring[/color] ⭐ ═════════════════
 [color=purple]░░░░▓▓▓▓▓▓▓▓▓▓▓▓▓▓▓▓[/color] ⭐ [color=purple]VS[/color] ⭐ [color=purple]▓▓▓▓▓▓▓▓▓▓▓▓▓▓▓▓▓▓▓▓[/color]
► [icon]Yuni Hermit[/icon]                                                                  [icon]Shira Vileague[/icon]
It's Yuni Hermit's turn![/color]
[i]Yuni drops to all fours in front of you, panting. 'May I worship your feet?' she groans. A proffered sole, proffered toes, she opens her mouth like the canine she is and starts tongue-bathing your feet. Clean or musky, smooth or strange, she licks and sucks on your sole, drooling vulgarly... If you have toes, she moves to those, licking between each digit and sucking on it briefly. She shoves her nose hard into your sole and snorts like she's doing a line of cocaine... sniffing everywhere she can get to. By the time she stands up she looks dizzy! 'F... feeeet.'[/i]

01-11-2017 12:25:37.9 [PRIV] Bot to Shira Vileague:
[i]Yuni goes for your ass, rolling her fingers around inside your pucker, pumping and thrusting them in your ass to get you worked up.[/i]
[icon]Bot Announcer[/icon][color=gray]Yuni Hermit used their fingers to tease Shira Vileague's ass, dealing 16 lust points![/color]
[color=gray]═════════════════ ⭐ [color=purple]Sexfight ring[/color] ⭐ ═════════════════
 [color=purple]░░░▓▓▓▓▓▓▓▓▓▓▓▓▓▓▓▓▓[/color] ⭐ [color=purple]VS[/color] ⭐ [color=purple]▓▓▓▓▓▓▓▓▓▓▓▓▓▓▓▓░░░░[/color]
► [icon]Shira Vileague[/icon]                                                                  [icon]Yuni Hermit[/icon]
It's Shira Vileague's turn![/color]

01-11-2017 12:25:38.0 [PRIV] Shira Vileague: !attack feet to mouth
01-11-2017 12:25:55.9 [PRIV] Bot to Shira Vileague:
[icon]Bot Announcer[/icon][color=gray]Shira Vileague used their feet to tease Yuni Hermit's mouth, dealing 19 lust points![/color]
[color=gray]═════════════════ ⭐ [color=purple]Sexfight ring[/color] ⭐ ═════════════════
 [color=purple]░░░░░░░░▓▓▓▓▓▓▓▓▓▓▓▓[/color] ⭐ [color=purple]VS[/color] ⭐ [color=purple]▓▓▓▓▓▓▓▓▓▓▓▓▓▓▓▓▓░░░[/color]
► [icon]Yuni Hermit[/icon]                                                                  [icon]Shira Vileague[/icon]
It's Yuni Hermit's turn![/color]
[i]Yuni drops to all fours in front of you, panting. 'May I worship your feet?' she groans. A proffered sole, proffered toes, she opens her mouth like the canine she is and starts tongue-bathing your feet. Clean or musky, smooth or strange, she licks and sucks on your sole, drooling vulgarly... If you have toes, she moves to those, licking between each digit and sucking on it briefly. She shoves her nose hard into your sole and snorts like she's doing a line of cocaine... sniffing everywhere she can get to. By the time she stands up she looks dizzy! 'F... feeeet.'[/i]

01-11-2017 12:25:55.9 [PRIV] Bot to Shira Vileague:
[i]Yuni darts in and shoves her paw between your legs to wrap her fingers around your cock. One vigorous, exhausting, dick-milking handjob later she hops back into a defensive pose.[/i]
[icon]Bot Announcer[/icon][color=gray]Yuni Hermit used their fingers to tease Shira Vileague's penis, dealing 12 lust points![/color]
[color=gray]═════════════════ ⭐ [color=purple]Sexfight ring[/color] ⭐ ═════════════════
 [color=purple]░░░░░▓▓▓▓▓▓▓▓▓▓▓▓▓▓▓[/color] ⭐ [color=purple]VS[/color] ⭐ [color=purple]▓▓▓▓▓▓▓▓▓▓▓▓░░░░░░░░[/color]
► [icon]Shira Vileague[/icon]                                                                  [icon]Yuni Hermit[/icon]
It's Shira Vileague's turn![/color]

01-11-2017 12:25:55.9 [PRIV] Shira Vileague: !attack feet to mouth
01-11-2017 12:26:20.6 [PRIV] Bot to Shira Vileague:
[icon]Bot Announcer[/icon][color=gray]Shira Vileague used their feet to tease Yuni Hermit's mouth, dealing 22 lust points![/color]
[color=gray]═════════════════ ⭐ [color=purple]Sexfight ring[/color] ⭐ ═════════════════
 [color=red]░░░░░░░░░░░░▓▓▓▓▓▓▓▓[/color] ⭐ [color=purple]VS[/color] ⭐ [color=purple]▓▓▓▓▓▓▓▓▓▓▓▓▓▓▓░░░░░[/color]
► [icon]Yuni Hermit[/icon]                                                                  [icon]Shira Vileague[/icon]
It's Yuni Hermit's turn![/color]
[i]Yuni drops to all fours in front of you, panting. 'May I worship your feet?' she groans. A proffered sole, proffered toes, she opens her mouth like the canine she is and starts tongue-bathing your feet. Clean or musky, smooth or strange, she licks and sucks on your sole, drooling vulgarly... If you have toes, she moves to those, licking between each digit and sucking on it briefly. She shoves her nose hard into your sole and snorts like she's doing a line of cocaine... sniffing everywhere she can get to. By the time she stands up she looks dizzy! 'F... feeeet.'[/i]

01-11-2017 12:26:20.6 [PRIV] Bot to Shira Vileague:
[i]Yuni looks at her crotch, then your rear, then yanks a double-ended dildo out of her cleavage. With a chest-bump to the face to knock you over, she sticks one end of the toy in her cunt, and the other end in your tush... rocking and rolling to fuck both orifices with those strong hips of hers~[/i]
[icon]Bot Announcer[/icon][color=gray]Yuni Hermit used their sex to tease Shira Vileague's ass, dealing 8 lust points![/color]
[color=gray]═════════════════ ⭐ [color=purple]Sexfight ring[/color] ⭐ ═════════════════
 [color=purple]░░░░░░░▓▓▓▓▓▓▓▓▓▓▓▓▓[/color] ⭐ [color=purple]VS[/color] ⭐ [color=red]▓▓▓▓▓▓▓▓░░░░░░░░░░░░[/color]
► [icon]Shira Vileague[/icon]                                                                  [icon]Yuni Hermit[/icon]
It's Shira Vileague's turn![/color]

01-11-2017 12:26:20.6 [PRIV] Shira Vileague: !attack feet to mouth
01-11-2017 12:26:42.2 [PRIV] Bot to Shira Vileague:
[icon]Bot Announcer[/icon][color=gray]Shira Vileague used their feet to tease Yuni Hermit's mouth, dealing 24 lust points![/color]
[color=gray]═════════════════ ⭐ [color=purple]Sexfight ring[/color] ⭐ ═════════════════
 [color=red]░░░░░░░░░░░░░░░░░▓▓▓[/color] ⭐ [color=purple]VS[/color] ⭐ [color=purple]▓▓▓▓▓▓▓▓▓▓▓▓▓░░░░░░░[/color]
► [icon]Yuni Hermit[/icon]                                                                  [icon]Shira Vileague[/icon]
It's Yuni Hermit's turn![/color]
[i]Yuni drops to all fours in front of you, panting. 'May I worship your feet?' she groans. A proffered sole, proffered toes, she opens her mouth like the canine she is and starts tongue-bathing your feet. Clean or musky, smooth or strange, she licks and sucks on your sole, drooling vulgarly... If you have toes, she moves to those, licking between each digit and sucking on it briefly. She shoves her nose hard into your sole and snorts like she's doing a line of cocaine... sniffing everywhere she can get to. By the time she stands up she looks dizzy! 'F... feeeet.'[/i]

01-11-2017 12:26:42.3 [PRIV] Bot to Shira Vileague:
[i]Yuni embraces you and drops you to the mat with her, only to scooch back a little and plaster both of her feet on your groin. Tenting her feet around your cock like she's giving it a hat, she grinds the crook of her toes around your cocktip... stroking and rolling, moving to then jerk off your prick with both of her soles.[/i]
[icon]Bot Announcer[/icon][color=gray]Yuni Hermit used their feet to tease Shira Vileague's penis, dealing 15 lust points![/color]
[color=gray]═════════════════ ⭐ [color=purple]Sexfight ring[/color] ⭐ ═════════════════
 [color=red]░░░░░░░░░░▓▓▓▓▓▓▓▓▓▓[/color] ⭐ [color=purple]VS[/color] ⭐ [color=red]▓▓▓░░░░░░░░░░░░░░░░░[/color]
► [icon]Shira Vileague[/icon]                                                                  [icon]Yuni Hermit[/icon]
It's Shira Vileague's turn![/color]

01-11-2017 12:26:42.3 [PRIV] Shira Vileague: !attack feet to mouth
01-11-2017 12:27:39.5 [PRIV] Bot to Shira Vileague:
[icon]Bot Announcer[/icon][color=gray]Shira Vileague passed their turn![/color]
[i]Yuni giggles to herself. 'You want more, Sugar? Okay... come here, Cutie.' She beckons with one paw, staring hungrily at your body and licking her lips.[/i]
[i]Yuni bends you backwards for a dip-kiss like a gentleman on a ballroom floor... she pushes her tongue into your mouth as she locks lips with you, exploring your mouth with her licker while she suckles on your own tongue.[/i]
[icon]Bot Announcer[/icon][color=gray]Yuni Hermit used their lips to tease Shira Vileague's lips, dealing 15 lust points![/color]
[color=gray]═════════════════ ⭐ [color=purple]Sexfight ring[/color] ⭐ ═════════════════
 [color=red]░░░░░░░░░░░░░▓▓▓▓▓▓▓[/color] ⭐ [color=purple]VS[/color] ⭐ [color=red]▓▓▓░░░░░░░░░░░░░░░░░[/color]
► [icon]Shira Vileague[/icon]                                                                  [icon]Yuni Hermit[/icon]
It's Shira Vileague's turn![/color]

01-11-2017 12:27:39.5 [PRIV] Shira Vileague: !pass
01-11-2017 12:27:50.6 [PRIV] Bot to Shira Vileague:
[icon]Bot Announcer[/icon][color=gray]Shira Vileague passed their turn![/color]
[i]Yuni giggles to herself. 'You want more, Sugar? Okay... come here, Cutie.' She beckons with one paw, staring hungrily at your body and licking her lips.[/i]
[i]Yuni bends you backwards for a dip-kiss like a gentleman on a ballroom floor... she pushes her tongue into your mouth as she locks lips with you, exploring your mouth with her licker while she suckles on your own tongue.[/i]
[icon]Bot Announcer[/icon][color=gray]Yuni Hermit used their lips to tease Shira Vileague's lips, dealing 10 lust points![/color]
[color=gray]═════════════════ ⭐ [color=purple]Sexfight ring[/color] ⭐ ═════════════════
 [color=red]░░░░░░░░░░░░░░░▓▓▓▓▓[/color] ⭐ [color=purple]VS[/color] ⭐ [color=red]▓▓▓░░░░░░░░░░░░░░░░░[/color]
► [icon]Shira Vileague[/icon]                                                                  [icon]Yuni Hermit[/icon]
It's Shira Vileague's turn![/color]

01-11-2017 12:27:50.6 [PRIV] Shira Vileague: !pass
01-11-2017 12:28:03.8 [PRIV] Bot to Shira Vileague:
[icon]Bot Announcer[/icon][color=gray]Shira Vileague used their feet to tease Yuni Hermit's mouth, dealing 21 lust points![/color]
[color=gray]Shira Vileague made Yuni Hermit cum! The winner gets $2.00 and the loser gets $1.00, thank you for participating.[/color]
[color=gray]═════════════════ ⭐ [color=purple]Sexfight ring[/color] ⭐ ═════════════════
 [color=red]░░░░░░░░░░░░░░░░░░░░[/color] ⭐ [color=purple]VS[/color] ⭐ [color=red]▓▓▓▓▓░░░░░░░░░░░░░░░[/color]
► [icon]Yuni Hermit[/icon]                                                                  [icon]Shira Vileague[/icon]
It's Yuni Hermit's turn![/color]

[color=gray]════════════════ ⭐ [color=purple]Combat ended[/color] ⭐ ════════════════[/color]
[i]Yuni drops to all fours in front of you, panting. 'May I worship your feet?' she groans. A proffered sole, proffered toes, she opens her mouth like the canine she is and starts tongue-bathing your feet. Clean or musky, smooth or strange, she licks and sucks on your sole, drooling vulgarly... If you have toes, she moves to those, licking between each digit and sucking on it briefly. She shoves her nose hard into your sole and snorts like she's doing a line of cocaine... sniffing everywhere she can get to. By the time she stands up she looks dizzy! 'F... feeeet.'[/i]

01-11-2017 12:28:03.8 [PRIV] Bot to Shira Vileague:

01-11-2017 12:28:03.8 [PRIV] Shira Vileague: !attack feet to mouth
01-11-2017 12:28:37.4 [PRIV] Shira Vileague: !trainingdummy female
01-11-2017 12:28:37.4 [PRIV] Bot to Shira Vileague:
[icon]Bot Announcer[/icon][color=gray] Welcome to the training ring! Today we have Shira Vileague vs Yuni Hermit! Let the match begin![/color]
[color=gray]═════════════════ ⭐ [color=purple]Sexfight ring[/color] ⭐ ═════════════════
 [color=purple]▓▓▓▓▓▓▓▓▓▓▓▓▓▓▓▓▓▓▓▓[/color] ⭐ [color=purple]VS[/color] ⭐ [color=purple]▓▓▓▓▓▓▓▓▓▓▓▓▓▓▓▓▓▓▓▓[/color]
► [icon]Shira Vileague[/icon]                                                                  [icon]Yuni Hermit[/icon]
It's Shira Vileague's turn![/color]

01-11-2017 12:28:45.5 [PRIV] Bot to Shira Vileague:
[icon]Bot Announcer[/icon][color=gray]Shira Vileague used their feet to tease Yuni Hermit's mouth, dealing 18 lust points![/color]
[color=gray]═════════════════ ⭐ [color=purple]Sexfight ring[/color] ⭐ ═════════════════
 [color=purple]░░░▓▓▓▓▓▓▓▓▓▓▓▓▓▓▓▓▓[/color] ⭐ [color=purple]VS[/color] ⭐ [color=purple]▓▓▓▓▓▓▓▓▓▓▓▓▓▓▓▓▓▓▓▓[/color]
► [icon]Yuni Hermit[/icon]                                                                  [icon]Shira Vileague[/icon]
It's Yuni Hermit's turn![/color]
[i]Yuni drops to all fours in front of you, panting. 'May I worship your feet?' she groans. A proffered sole, proffered toes, she opens her mouth like the canine she is and starts tongue-bathing your feet. Clean or musky, smooth or strange, she licks and sucks on your sole, drooling vulgarly... If you have toes, she moves to those, licking between each digit and sucking on it briefly. She shoves her nose hard into your sole and snorts like she's doing a line of cocaine... sniffing everywhere she can get to. By the time she stands up she looks dizzy! 'F... feeeet.'[/i]

01-11-2017 12:28:45.6 [PRIV] Bot to Shira Vileague:
[i]Yuni teases you. 'Did you bring scissors? Hopefully not the safety kind.' Without any more of an explanation, she drops you to the mat with a leg sweep, grabbing both your ankles and pointing your crotch skywards. She sits on your upturned crotch like a throne, smushing her pussy against yours... and rocking her hips like a saw. Rolling her cunt against yours, fluids are swapped, lips and clits catch against each other, and your crotch is soaked in her juices before she lets you up~[/i]
[icon]Bot Announcer[/icon][color=gray]Yuni Hermit used their sex to tease Shira Vileague's vagina, dealing 14 lust points![/color]
[color=gray]═════════════════ ⭐ [color=purple]Sexfight ring[/color] ⭐ ═════════════════
 [color=purple]░░▓▓▓▓▓▓▓▓▓▓▓▓▓▓▓▓▓▓[/color] ⭐ [color=purple]VS[/color] ⭐ [color=purple]▓▓▓▓▓▓▓▓▓▓▓▓▓▓▓▓▓░░░[/color]
► [icon]Shira Vileague[/icon]                                                                  [icon]Yuni Hermit[/icon]
It's Shira Vileague's turn![/color]

01-11-2017 12:28:45.6 [PRIV] Shira Vileague: !attack feet to mouth
01-11-2017 12:29:02.2 [PRIV] Bot to Shira Vileague:
[icon]Bot Announcer[/icon][color=gray]Shira Vileague used their feet to tease Yuni Hermit's mouth, dealing 24 lust points![/color]
[color=gray]═════════════════ ⭐ [color=purple]Sexfight ring[/color] ⭐ ═════════════════
 [color=purple]░░░░░░░░▓▓▓▓▓▓▓▓▓▓▓▓[/color] ⭐ [color=purple]VS[/color] ⭐ [color=purple]▓▓▓▓▓▓▓▓▓▓▓▓▓▓▓▓▓▓░░[/color]
► [icon]Yuni Hermit[/icon]                                                                  [icon]Shira Vileague[/icon]
It's Yuni Hermit's turn![/color]
[i]Yuni drops to all fours in front of you, panting. 'May I worship your feet?' she groans. A proffered sole, proffered toes, she opens her mouth like the canine she is and starts tongue-bathing your feet. Clean or musky, smooth or strange, she licks and sucks on your sole, drooling vulgarly... If you have toes, she moves to those, licking between each digit and sucking on it briefly. She shoves her nose hard into your sole and snorts like she's doing a line of cocaine... sniffing everywhere she can get to. By the time she stands up she looks dizzy! 'F... feeeet.'[/i]

01-11-2017 12:29:02.2 [PRIV] Bot to Shira Vileague:
[i]Yuni bends forwards, and goes for the chest! Her lips wrap around your sensitive nipple, and she begins to suckle like a nursing infant. Lapping at your nub, circles it with her tongue while her lips pull, again and again and again.[/i]
[icon]Bot Announcer[/icon][color=gray]Yuni Hermit used their lips to tease Shira Vileague's tits, dealing 14 lust points![/color]
[color=gray]═════════════════ ⭐ [color=purple]Sexfight ring[/color] ⭐ ═════════════════
 [color=purple]░░░░░▓▓▓▓▓▓▓▓▓▓▓▓▓▓▓[/color] ⭐ [color=purple]VS[/color] ⭐ [color=purple]▓▓▓▓▓▓▓▓▓▓▓▓░░░░░░░░[/color]
► [icon]Shira Vileague[/icon]                                                                  [icon]Yuni Hermit[/icon]
It's Shira Vileague's turn![/color]

01-11-2017 12:29:02.2 [PRIV] Shira Vileague: !attack feet to mouth
01-11-2017 12:29:24.8 [PRIV] Bot to Shira Vileague:
[icon]Bot Announcer[/icon][color=gray]Shira Vileague used their feet to tease Yuni Hermit's mouth, dealing 19 lust points![/color]
[color=gray]═════════════════ ⭐ [color=purple]Sexfight ring[/color] ⭐ ═════════════════
 [color=red]░░░░░░░░░░░░▓▓▓▓▓▓▓▓[/color] ⭐ [color=purple]VS[/color] ⭐ [color=purple]▓▓▓▓▓▓▓▓▓▓▓▓▓▓▓░░░░░[/color]
► [icon]Yuni Hermit[/icon]                                                                  [icon]Shira Vileague[/icon]
It's Yuni Hermit's turn![/color]
[i]Yuni drops to all fours in front of you, panting. 'May I worship your feet?' she groans. A proffered sole, proffered toes, she opens her mouth like the canine she is and starts tongue-bathing your feet. Clean or musky, smooth or strange, she licks and sucks on your sole, drooling vulgarly... If you have toes, she moves to those, licking between each digit and sucking on it briefly. She shoves her nose hard into your sole and snorts like she's doing a line of cocaine... sniffing everywhere she can get to. By the time she stands up she looks dizzy! 'F... feeeet.'[/i]

01-11-2017 12:29:24.8 [PRIV] Bot to Shira Vileague:
[i]Yuni pounces you, but you end up with front-end against the floor. She shrugs, and squishes her tits up against your booty, managing to slip a nipple up into your rear end... grinding it around a little with a feminine giggle.[/i]
[icon]Bot Announcer[/icon][color=gray]Yuni Hermit used their tits to tease Shira Vileague's ass, dealing 7 lust points![/color]
[color=gray]═════════════════ ⭐ [color=purple]Sexfight ring[/color] ⭐ ═════════════════
 [color=purple]░░░░░░░▓▓▓▓▓▓▓▓▓▓▓▓▓[/color] ⭐ [color=purple]VS[/color] ⭐ [color=red]▓▓▓▓▓▓▓▓░░░░░░░░░░░░[/color]
► [icon]Shira Vileague[/icon]                                                                  [icon]Yuni Hermit[/icon]
It's Shira Vileague's turn![/color]

01-11-2017 12:29:24.8 [PRIV] Shira Vileague: !attack feet to mouth
01-11-2017 12:29:38.3 [PRIV] Bot to Shira Vileague:
[icon]Bot Announcer[/icon][color=gray]Shira Vileague used their feet to tease Yuni Hermit's mouth, dealing 22 lust points![/color]
[color=gray]═════════════════ ⭐ [color=purple]Sexfight ring[/color] ⭐ ═════════════════
 [color=red]░░░░░░░░░░░░░░░░▓▓▓▓[/color] ⭐ [color=purple]VS[/color] ⭐ [color=purple]▓▓▓▓▓▓▓▓▓▓▓▓▓░░░░░░░[/color]
► [icon]Yuni Hermit[/icon]                                                                  [icon]Shira Vileague[/icon]
It's Yuni Hermit's turn![/color]
[i]Yuni drops to all fours in front of you, panting. 'May I worship your feet?' she groans. A proffered sole, proffered toes, she opens her mouth like the canine she is and starts tongue-bathing your feet. Clean or musky, smooth or strange, she licks and sucks on your sole, drooling vulgarly... If you have toes, she moves to those, licking between each digit and sucking on it briefly. She shoves her nose hard into your sole and snorts like she's doing a line of cocaine... sniffing everywhere she can get to. By the time she stands up she looks dizzy! 'F... feeeet.'[/i]

01-11-2017 12:29:38.3 [PRIV] Bot to Shira Vileague:
[i]Yuni spins you around with a spank, and drops to her knees behind you. Lips touch pucker moments later, the wolf licking your ass like she's at a dog park with you. Lips suckling on your pucker, her tongue shoves inside and explores before pulling out with a loud, vulgar *SLURP*.[/i]
[icon]Bot Announcer[/icon][color=gray]Yuni Hermit used their lips to tease Shira Vileague's ass, dealing 12 lust points![/color]
[color=gray]═════════════════ ⭐ [color=purple]Sexfight ring[/color] ⭐ ═════════════════
 [color=purple]░░░░░░░░░▓▓▓▓▓▓▓▓▓▓▓[/color] ⭐ [color=purple]VS[/color] ⭐ [color=red]▓▓▓▓░░░░░░░░░░░░░░░░[/color]
► [icon]Shira Vileague[/icon]                                                                  [icon]Yuni Hermit[/icon]
It's Shira Vileague's turn![/color]

01-11-2017 12:29:38.3 [PRIV] Shira Vileague: !attack feet to mouth
01-11-2017 12:30:00.4 [PRIV] Bot to Shira Vileague:
[icon]Bot Announcer[/icon][color=gray]Shira Vileague used their feet to tease Yuni Hermit's mouth, dealing 22 lust points![/color]
[color=gray]Shira Vileague made Yuni Hermit cum! The winner gets $2.00 and the loser gets $1.00, thank you for participating.[/color]
[color=gray]═════════════════ ⭐ [color=purple]Sexfight ring[/color] ⭐ ═════════════════
 [color=red]░░░░░░░░░░░░░░░░░░░░[/color] ⭐ [color=purple]VS[/color] ⭐ [color=purple]▓▓▓▓▓▓▓▓▓▓▓░░░░░░░░░[/color]
► [icon]Yuni Hermit[/icon]                                                                  [icon]Shira Vileague[/icon]
It's Yuni Hermit's turn![/color]

[color=gray]════════════════ ⭐ [color=purple]Combat ended[/color] ⭐ ════════════════[/color]
[i]Yuni drops to all fours in front of you, panting. 'May I worship your feet?' she groans. A proffered sole, proffered toes, she opens her mouth like the canine she is and starts tongue-bathing your feet. Clean or musky, smooth or strange, she licks and sucks on your sole, drooling vulgarly... If you have toes, she moves to those, licking between each digit and sucking on it briefly. She shoves her nose hard into your sole and snorts like she's doing a line of cocaine... sniffing everywhere she can get to. By the time she stands up she looks dizzy! 'F... feeeet.'[/i]

01-11-2017 12:30:00.4 [PRIV] Bot to Shira Vileague:

01-11-2017 12:30:00.4 [PRIV] Shira Vileague: !attack feet to mouth
01-11-2017 12:30:14.8 [PRIV] Shira Vileague: !trainingdummy female
01-11-2017 12:30:14.8 [PRIV] Bot to Shira Vileague:
[icon]Bot Announcer[/icon][color=gray] Welcome to the training ring! Today we have Shira Vileague vs Yuni Hermit! Let the match begin![/color]
[color=gray]═════════════════ ⭐ [color=purple]Sexfight ring[/color] ⭐ ═════════════════
 [color=purple]▓▓▓▓▓▓▓▓▓▓▓▓▓▓▓▓▓▓▓▓[/color] ⭐ [color=purple]VS[/color] ⭐ [color=purple]▓▓▓▓▓▓▓▓▓▓▓▓▓▓▓▓▓▓▓▓[/color]
► [icon]Shira Vileague[/icon]                                                                  [icon]Yuni Hermit[/icon]
It's Shira Vileague's turn![/color]

01-11-2017 12:30:22.1 [PRIV] Bot to Shira Vileague:
[icon]Bot Announcer[/icon][color=gray]Shira Vileague used their feet to tease Yuni Hermit's mouth, dealing 24 lust points![/color]
[color=gray]═════════════════ ⭐ [color=purple]Sexfight ring[/color] ⭐ ═════════════════
 [color=purple]░░░░▓▓▓▓▓▓▓▓▓▓▓▓▓▓▓▓[/color] ⭐ [color=purple]VS[/color] ⭐ [color=purple]▓▓▓▓▓▓▓▓▓▓▓▓▓▓▓▓▓▓▓▓[/color]
► [icon]Yuni Hermit[/icon]                                                                  [icon]Shira Vileague[/icon]
It's Yuni Hermit's turn![/color]
[i]Yuni drops to all fours in front of you, panting. 'May I worship your feet?' she groans. A proffered sole, proffered toes, she opens her mouth like the canine she is and starts tongue-bathing your feet. Clean or musky, smooth or strange, she licks and sucks on your sole, drooling vulgarly... If you have toes, she moves to those, licking between each digit and sucking on it briefly. She shoves her nose hard into your sole and snorts like she's doing a line of cocaine... sniffing everywhere she can get to. By the time she stands up she looks dizzy! 'F... feeeet.'[/i]

01-11-2017 12:30:22.1 [PRIV] Bot to Shira Vileague:
[i]Yuni embraces you and drops to the mat alongside you... her legs held up. A foot pushes its way to your mouth, her hind paw stuffing a couple of toes past your lips. Pushing and pumping, she strokes your tongue with her toe, before grinding her soft sole over your lips and nose.[/i]
[icon]Bot Announcer[/icon][color=gray]Yuni Hermit used their feet to tease Shira Vileague's lips, dealing 15 lust points![/color]
[color=gray]═════════════════ ⭐ [color=purple]Sexfight ring[/color] ⭐ ═════════════════
 [color=purple]░░░▓▓▓▓▓▓▓▓▓▓▓▓▓▓▓▓▓[/color] ⭐ [color=purple]VS[/color] ⭐ [color=purple]▓▓▓▓▓▓▓▓▓▓▓▓▓▓▓▓░░░░[/color]
► [icon]Shira Vileague[/icon]                                                                  [icon]Yuni Hermit[/icon]
It's Shira Vileague's turn![/color]

01-11-2017 12:30:22.1 [PRIV] Shira Vileague: !attack feet to mouth
01-11-2017 12:31:56.0 [PRIV] Bot to Shira Vileague:
[icon]Bot Announcer[/icon][color=gray]Shira Vileague used their feet to tease Yuni Hermit's mouth, dealing 24 lust points![/color]
[color=gray]═════════════════ ⭐ [color=purple]Sexfight ring[/color] ⭐ ═════════════════
 [color=purple]░░░░░░░░░▓▓▓▓▓▓▓▓▓▓▓[/color] ⭐ [color=purple]VS[/color] ⭐ [color=purple]▓▓▓▓▓▓▓▓▓▓▓▓▓▓▓▓▓░░░[/color]
► [icon]Yuni Hermit[/icon]                                                                  [icon]Shira Vileague[/icon]
It's Yuni Hermit's turn![/color]
[i]Yuni drops to all fours in front of you, panting. 'May I worship your feet?' she groans. A proffered sole, proffered toes, she opens her mouth like the canine she is and starts tongue-bathing your feet. Clean or musky, smooth or strange, she licks and sucks on your sole, drooling vulgarly... If you have toes, she moves to those, licking between each digit and sucking on it briefly. She shoves her nose hard into your sole and snorts like she's doing a line of cocaine... sniffing everywhere she can get to. By the time she stands up she looks dizzy! 'F... feeeet.'[/i]

01-11-2017 12:31:56.0 [PRIV] Bot to Shira Vileague:
[i]Yuni bends forwards, and goes for the chest! Her lips wrap around your sensitive nipple, and she begins to suckle like a nursing infant. Lapping at your nub, circles it with her tongue while her lips pull, again and again and again.[/i]
[icon]Bot Announcer[/icon][color=gray]Yuni Hermit used their lips to tease Shira Vileague's tits, dealing 12 lust points![/color]
[color=gray]═════════════════ ⭐ [color=purple]Sexfight ring[/color] ⭐ ═════════════════
 [color=purple]░░░░░▓▓▓▓▓▓▓▓▓▓▓▓▓▓▓[/color] ⭐ [color=purple]VS[/color] ⭐ [color=purple]▓▓▓▓▓▓▓▓▓▓▓░░░░░░░░░[/color]
► [icon]Shira Vileague[/icon]                                                                  [icon]Yuni Hermit[/icon]
It's Shira Vileague's turn![/color]

01-11-2017 12:31:56.0 [PRIV] Shira Vileague: !attack feet to mouth
01-11-2017 12:32:06.6 [PRIV] Bot to Shira Vileague:
[icon]Bot Announcer[/icon][color=gray]Shira Vileague used their feet to tease Yuni Hermit's mouth, dealing 19 lust points![/color]
[color=gray]═════════════════ ⭐ [color=purple]Sexfight ring[/color] ⭐ ═════════════════
 [color=red]░░░░░░░░░░░░░▓▓▓▓▓▓▓[/color] ⭐ [color=purple]VS[/color] ⭐ [color=purple]▓▓▓▓▓▓▓▓▓▓▓▓▓▓▓░░░░░[/color]
► [icon]Yuni Hermit[/icon]                                                                  [icon]Shira Vileague[/icon]
It's Yuni Hermit's turn![/color]
[i]Yuni drops to all fours in front of you, panting. 'May I worship your feet?' she groans. A proffered sole, proffered toes, she opens her mouth like the canine she is and starts tongue-bathing your feet. Clean or musky, smooth or strange, she licks and sucks on your sole, drooling vulgarly... If you have toes, she moves to those, licking between each digit and sucking on it briefly. She shoves her nose hard into your sole and snorts like she's doing a line of cocaine... sniffing everywhere she can get to. By the time she stands up she looks dizzy! 'F... feeeet.'[/i]

01-11-2017 12:32:06.6 [PRIV] Bot to Shira Vileague:
[i]Yuni bends forwards, and goes for the chest! Her lips wrap around your sensitive nipple, and she begins to suckle like a nursing infant. Lapping at your nub, circles it with her tongue while her lips pull, again and again and again.[/i]
[icon]Bot Announcer[/icon][color=gray]Yuni Hermit used their lips to tease Shira Vileague's tits, dealing 17 lust points![/color]
[color=gray]═════════════════ ⭐ [color=purple]Sexfight ring[/color] ⭐ ═════════════════
 [color=purple]░░░░░░░░▓▓▓▓▓▓▓▓▓▓▓▓[/color] ⭐ [color=purple]VS[/color] ⭐ [color=red]▓▓▓▓▓▓▓░░░░░░░░░░░░░[/color]
► [icon]Shira Vileague[/icon]                                                                  [icon]Yuni Hermit[/icon]
It's Shira Vileague's turn![/color]

01-11-2017 12:32:06.6 [PRIV] Shira Vileague: !attack feet to mouth
01-11-2017 12:32:15.3 [PRIV] Bot to Shira Vileague:
[icon]Bot Announcer[/icon][color=gray]Shira Vileague used their feet to tease Yuni Hermit's mouth, dealing 17 lust points![/color]
[color=gray]═════════════════ ⭐ [color=purple]Sexfight ring[/color] ⭐ ═════════════════
 [color=red]░░░░░░░░░░░░░░░░▓▓▓▓[/color] ⭐ [color=purple]VS[/color] ⭐ [color=purple]▓▓▓▓▓▓▓▓▓▓▓▓░░░░░░░░[/color]
► [icon]Yuni Hermit[/icon]                                                                  [icon]Shira Vileague[/icon]
It's Yuni Hermit's turn![/color]
[i]Yuni drops to all fours in front of you, panting. 'May I worship your feet?' she groans. A proffered sole, proffered toes, she opens her mouth like the canine she is and starts tongue-bathing your feet. Clean or musky, smooth or strange, she licks and sucks on your sole, drooling vulgarly... If you have toes, she moves to those, licking between each digit and sucking on it briefly. She shoves her nose hard into your sole and snorts like she's doing a line of cocaine... sniffing everywhere she can get to. By the time she stands up she looks dizzy! 'F... feeeet.'[/i]

01-11-2017 12:32:15.3 [PRIV] Bot to Shira Vileague:
[i]Yuni does a leg-sweep to get you on your ass, then plasters her heel on your cunt. Grinding and rubbing, she tries to grind your clitty with her soft heel, moving to roll her entire sole over your cunt back and forth... in a sawing motion culminating in pushing her big toe into your pussy for a brief moment.[/i]
[icon]Bot Announcer[/icon][color=gray]Yuni Hermit used their feet to tease Shira Vileague's vagina, dealing 13 lust points![/color]
[color=gray]═════════════════ ⭐ [color=purple]Sexfight ring[/color] ⭐ ═════════════════
 [color=red]░░░░░░░░░░░▓▓▓▓▓▓▓▓▓[/color] ⭐ [color=purple]VS[/color] ⭐ [color=red]▓▓▓▓░░░░░░░░░░░░░░░░[/color]
► [icon]Shira Vileague[/icon]                                                                  [icon]Yuni Hermit[/icon]
It's Shira Vileague's turn![/color]

01-11-2017 12:32:15.3 [PRIV] Shira Vileague: !attack feet to mouth
01-11-2017 12:32:27.9 [PRIV] Bot to Shira Vileague:
[icon]Bot Announcer[/icon][color=gray]Shira Vileague used their feet to tease Yuni Hermit's mouth, dealing 19 lust points![/color]
[color=gray]Shira Vileague made Yuni Hermit cum! The winner gets $2.00 and the loser gets $1.00, thank you for participating.[/color]
[color=gray]═════════════════ ⭐ [color=purple]Sexfight ring[/color] ⭐ ═════════════════
 [color=red]░░░░░░░░░░░░░░░░░░░░[/color] ⭐ [color=purple]VS[/color] ⭐ [color=red]▓▓▓▓▓▓▓▓▓░░░░░░░░░░░[/color]
► [icon]Yuni Hermit[/icon]                                                                  [icon]Shira Vileague[/icon]
It's Yuni Hermit's turn![/color]

[color=gray]════════════════ ⭐ [color=purple]Combat ended[/color] ⭐ ════════════════[/color]
[i]Yuni drops to all fours in front of you, panting. 'May I worship your feet?' she groans. A proffered sole, proffered toes, she opens her mouth like the canine she is and starts tongue-bathing your feet. Clean or musky, smooth or strange, she licks and sucks on your sole, drooling vulgarly... If you have toes, she moves to those, licking between each digit and sucking on it briefly. She shoves her nose hard into your sole and snorts like she's doing a line of cocaine... sniffing everywhere she can get to. By the time she stands up she looks dizzy! 'F... feeeet.'[/i]

01-11-2017 12:32:27.9 [PRIV] Bot to Shira Vileague:

01-11-2017 12:32:27.9 [PRIV] Shira Vileague: !attack feet to mouth
01-11-2017 12:32:34.7 [PRIV] Shira Vileague: !card
01-11-2017 12:32:34.7 [PRIV] Bot to Shira Vileague:
[color=gray]══════════════════════════════════════════════════
                                 ⭐ ⭐ [color=purple][b]Character card[/b][/color] ⭐ ⭐
══════════════════════════════════════════════════
[color=pink]                     [icon]Shira Vileague[/icon]
          [b]Name:[/b] Shira Vileague | [b]Money:[/b] $25.00
          [b]Attack:[/b] 1 Lips, 0 Fingers, 0 Tits, 0 Sex, 0 Ass, 9 Feet.
          [b]Defense:[/b] 1 Lips, 1 Tits, 1 Sex, 1 Ass.
          [b]Sextoy:[/b] Long stockings. +4 attack to feet.
          [b]Outfit:[/b] Tank top. If you don't want to enter the ring nude. Intended for males.
          [b]Accessory:[/b] Wristbands. Standard uniform.
          [b]Flavor item:[/b] None. Nothing equiped.
[/color][/color]
01-11-2017 14:46:18.7 [PRIV] Darent: [session=meow]ADH-4683e998a540267f5953[/session]
01-11-2017 16:37:11.3 [ROOM] Bot: 
[color=gray]The ring is empty![/color]
01-11-2017 16:37:11.3 [ROOM] Ryician: !status
01-11-2017 16:37:26.4 [ROOM] Ryician: /me pokes a head in, realizing he was the only diamond name.
01-11-2017 16:47:39.3 [ROOM] Ryician: /me wanders around, making sure everything is tidied up.
01-11-2017 17:01:06.3 [ROOM] Ryician: /me waved at the cameras that she has around as he started hiding anything of Kenia's he could find
01-11-2017 17:14:43.3 [ROOM] Ken the Kaffir: Hello everyone! How's it going?
01-11-2017 17:15:29.3 [ROOM] Ken the Kaffir: I see we have new people around~ welcome Goddess Hel, Lena Red, Link and Sen Okaya!
01-11-2017 17:15:32.5 [ROOM] Ryician: Not bad, pretty slow.  I just hid everything of Kenia's I could possibly find
01-11-2017 17:15:47.0 [ROOM] Ken the Kaffir: hid?
01-11-2017 17:16:11.5 [ROOM] Ryician: Just put everything somewhere she can't find it
01-11-2017 17:16:12.3 [ROOM] Ken the Kaffir: You hid her stuff? like what?
01-11-2017 17:16:22.2 [ROOM] Ryician: Whatever I could find...
01-11-2017 17:16:31.1 [ROOM] Ken the Kaffir: give me 1 example XD
01-11-2017 17:16:44.1 [ROOM] Ryician: Ummm, the broom....the broom is now gone
01-11-2017 17:17:07.1 [ROOM] Ken the Kaffir: hahahaha
01-11-2017 17:17:14.2 [ROOM] Ken the Kaffir: ohh what a devious prank
01-11-2017 17:17:24.4 [ROOM] Ryician: /me shrugs
01-11-2017 17:17:30.9 [ROOM] Ken the Kaffir: she's going to be sooo pissed
01-11-2017 17:18:59.1 [ROOM] Ken the Kaffir: /me shows Namiko the place "so, I'm so happy you finally decided to come and check this place out~"
01-11-2017 17:31:51.2 [ROOM] NamikoUra: /me "Yes it is pretty nice , Ill try to compete in here when im up to it ~"
01-11-2017 17:32:56.5 [ROOM] Ken the Kaffir: oh, meow, don't you want me to give you a quick round?
01-11-2017 17:35:19.3 [ROOM] Ken the Kaffir: /me pouts "fine, meow meow"
01-11-2017 17:36:07.5 [ROOM] NamikoUra: /me pets ken "Im sorry , dont worry Ill try to be up to a fight soon ~"
01-11-2017 17:37:34.7 [ROOM] Ken the Kaffir: awww meow
01-11-2017 17:47:01.0 [ROOM] Ryician: /me sits on a couch, deciding if he his going to go work out or not.
01-11-2017 18:32:26.0 [ROOM] Trevor Jakobs: :I
01-11-2017 18:42:44.2 [ROOM] Ryician: /me slips back to his chair after his workout [which is computer crashed during]
01-11-2017 19:21:36.9 [ROOM] Ryician: /me props his feet up as he reads a book titled, "How to Hypnotize the Weak Minded."
01-11-2017 19:29:42.5 [ROOM] Evan Clark: Step 1, right a book about hypnotizing the weak minded.
01-11-2017 19:29:54.7 [ROOM] Evan Clark: Write. Jesus H. Christ I have brought shame to myself.
01-11-2017 19:34:09.8 [ROOM] Shira Vileague: /me gives that joke a 8/10.
01-11-2017 19:34:27.3 [ROOM] Evan Clark: I'll take it.
01-11-2017 19:36:37.0 [ROOM] Ryician: B, respectable
01-11-2017 19:57:42.2 [ROOM] Cool Trainer Douglas: /me returns.
01-11-2017 20:06:56.3 [ROOM] Evan Clark: welcome back
01-11-2017 20:10:56.5 [ROOM] Cool Trainer Douglas: Thanks. So, no matches today?
01-11-2017 20:11:45.4 [ROOM] Evan Clark: Doesn't look like it. At least not recently? I might have missed a few earlier though
01-11-2017 20:12:32.6 [ROOM] Ryician: I haven't fought since last night
01-11-2017 20:15:37.6 [ROOM] Evan Clark: And I just haven't fought in general :]
01-11-2017 20:17:26.5 [ROOM] Ezekial Zamthera: But have you fought in specific?
01-11-2017 20:18:00.2 [ROOM] Evan Clark: Everyday of my life
01-11-2017 20:22:22.3 [ROOM] Cool Trainer Douglas: Someone should fix this.
01-11-2017 20:27:34.9 [ROOM] Shira Vileague: By calling Ezekial, Zeke.
01-11-2017 20:30:29.0 [ROOM] Cool Trainer Douglas: Not sure how that fixes anything
01-11-2017 20:31:33.0 [ROOM] Ezekial Zamthera: Whanow
01-11-2017 20:32:09.3 [ROOM] Ken the Kaffir: uh? what's going on?
01-11-2017 20:33:38.4 [ROOM] Evan Clark: A whole lotta nothing
01-11-2017 20:33:43.4 [ROOM] Kenia Nya: &gt;_&gt;
01-11-2017 20:33:59.4 [ROOM] Kenia Nya: &lt;_&lt;
01-11-2017 20:34:03.9 [ROOM] Ryician: I don't know, during all of this conversation, all I can think about is how happy I am that Zeke is suspended and that makes my fantasy football team have a chance.
01-11-2017 20:34:13.5 [ROOM] Kenia Nya: what?
01-11-2017 20:34:19.9 [ROOM] Kenia Nya: suspended?
01-11-2017 20:34:27.8 [ROOM] Kenia Nya: fantasy football?
01-11-2017 20:34:39.0 [ROOM] Evan Clark: is that like D&amp;D but with football?
01-11-2017 20:34:39.3 [ROOM] Ryician: Oh, I am not even gonna try to explain that one
01-11-2017 20:34:42.9 [ROOM] Kenia Nya: I'm not understanding
01-11-2017 20:34:46.9 [ROOM] Ryician: That is a rabbit hole
01-11-2017 20:35:11.3 [ROOM] Kenia Nya: zeke, why are you suspended? or what does ryician mean?
01-11-2017 20:35:24.9 [ROOM] Mayank: No no, zeke as in the football player
01-11-2017 20:35:38.3 [ROOM] Kenia Nya: o-O
01-11-2017 20:35:38.6 [ROOM] Ryician: I was making a joke about a professional American football player who got suspended who has the same name
01-11-2017 20:35:44.0 [ROOM] Kenia Nya: ahhhhh
01-11-2017 20:35:49.3 [ROOM] Kenia Nya: I don't watch football
01-11-2017 20:35:57.8 [ROOM] Ryician: /me looks at Kenia, horrified
01-11-2017 20:36:08.3 [ROOM] Kenia Nya: &gt;_&gt;
01-11-2017 20:37:23.2 [ROOM] Evan Clark: I wanna play fantasy football
01-11-2017 20:37:26.6 [ROOM] Evan Clark: do I roll for stats?
01-11-2017 20:37:31.3 [ROOM] Evan Clark: or is it a point buy in?
01-11-2017 20:37:56.2 [ROOM] Kenia Nya: point buy
01-11-2017 20:38:00.1 [ROOM] Kenia Nya: (and sell)
01-11-2017 20:38:10.9 [ROOM] Kenia Nya: oh, you meant the football
01-11-2017 20:38:26.7 [ROOM] Evan Clark: yeah I was make joke
01-11-2017 20:41:25.7 [ROOM] Kenia Nya: okay... XD
01-11-2017 20:41:43.9 [ROOM] Evan Clark: It wasn't a very good one, mind you
01-11-2017 20:41:48.5 [ROOM] Evan Clark: but I mean. Wine.
01-11-2017 20:42:27.1 [ROOM] Kenia Nya: do you play dnd, evan?
01-11-2017 20:42:37.9 [ROOM] Kenia Nya: pf?
01-11-2017 20:45:19.6 [ROOM] Trevor Jakobs: /me fucking LOVES DnD.
01-11-2017 20:47:08.5 [ROOM] Kenia Nya: hehehe I love it too
01-11-2017 20:48:26.4 [ROOM] Cool Trainer Douglas: /me leans against Kenia, for she is soft and warm, and he is lazy and tired.
01-11-2017 20:48:45.5 [ROOM] Kenia Nya: /me pets him
01-11-2017 20:49:06.7 [ROOM] Cool Trainer Douglas: /me murmurs softly, and nuzzles at her chest. This is fine.
01-11-2017 20:49:27.6 [ROOM] Kenia Nya: /me smiles and hugs the trainer
01-11-2017 20:49:50.7 [ROOM] Cool Trainer Douglas: /me hums softly, arms slipping about her middle and lightly brushing fingers over her back.
01-11-2017 20:51:06.4 [ROOM] Evan Clark: Yes, though I prefer pathfinder
01-11-2017 20:54:11.3 [ROOM] Kenia Nya: I've played path too
01-11-2017 20:54:16.3 [ROOM] Kenia Nya: it's cool
01-11-2017 20:54:33.4 [ROOM] Trevor Jakobs: Pathfinder, DnD.
01-11-2017 20:54:42.5 [ROOM] Trevor Jakobs: Potato potahto really.
01-11-2017 20:55:27.4 [ROOM] Cool Trainer Douglas: PF is superior to 3.x, which is inevitable, because it's 3.x updated
01-11-2017 20:55:35.1 [ROOM] Kenia Nya: mhm mhm
01-11-2017 20:55:42.5 [ROOM] Cool Trainer Douglas: But 5e is superior to PF
01-11-2017 20:56:02.1 [ROOM] Kenia Nya: really? my friends that have played 5e doesn't like it
01-11-2017 20:56:08.0 [ROOM] Cool Trainer Douglas: Which is not surprising, because while PF is 3.x updated... it's still 3.x
01-11-2017 20:56:18.4 [ROOM] Kenia Nya: didn't like it*
01-11-2017 20:56:32.6 [ROOM] Kenia Nya: why do you think is better?
01-11-2017 20:56:41.4 [ROOM] Kenia Nya: I've never played 5th
01-11-2017 20:56:48.9 [ROOM] Kenia Nya: only 4th XD and I liked it XD
01-11-2017 20:57:23.9 [ROOM] Cool Trainer Douglas: Because past a certain point in 3.x, the dice you are rolling don't matter, only the numbers that come after
01-11-2017 20:57:24.3 [ROOM] Evan Clark: honestly i don't care for 5e
01-11-2017 20:57:27.1 [ROOM] Evan Clark: I don't like inspiration
01-11-2017 20:58:10.4 [ROOM] Cool Trainer Douglas: AC doesn't even come close to scaling with attack bonuses, so attacks, especially monster attacks, become 'Don't roll a 1' checks.
01-11-2017 20:58:41.5 [ROOM] Kenia Nya: yeah, that happens a lot
01-11-2017 20:59:00.1 [ROOM] Kenia Nya: but we just add more ac to creatures XD
01-11-2017 20:59:11.0 [ROOM] Kenia Nya: or ramp up the difficulties
01-11-2017 20:59:19.5 [ROOM] Cool Trainer Douglas: And your efficacy as a character is so massively dependant on your gear past early game.
01-11-2017 21:00:14.2 [ROOM] Kenia Nya: and how is it on 5e?
01-11-2017 21:01:02.7 [ROOM] Cool Trainer Douglas: Magic items are significantly rarer, and do cooler things than just 'add numbers to this'
01-11-2017 21:01:18.2 [ROOM] Kenia Nya: ohhhh
01-11-2017 21:01:21.6 [ROOM] Kilo: personally, I just hate the D&amp;D system in general, and the setting is eh at best
01-11-2017 21:01:31.5 [ROOM] Kenia Nya: what do you like, Kilo?
01-11-2017 21:01:51.3 [ROOM] Kenia Nya: with my friends we began to play starfinder and I kind of liked it
01-11-2017 21:01:53.2 [ROOM] Kilo: I've been partial to Warhammer 40K and Fantasy lately
01-11-2017 21:02:00.6 [ROOM] Cool Trainer Douglas: I'm going to assume that by 'D&amp;D system in general' you actually mean the d20 system
01-11-2017 21:02:03.0 [ROOM] Kilo: especially how it does combat
01-11-2017 21:02:20.0 [ROOM] Kenia Nya: warhammer? but... you need tons of money to play that
01-11-2017 21:02:21.9 [ROOM] Kenia Nya: right?
01-11-2017 21:02:27.0 [ROOM] Kilo: that's the miniatures
01-11-2017 21:02:37.7 [ROOM] Kilo: of which I have 5 armies so.... &gt;.&gt;
01-11-2017 21:02:43.8 [ROOM] Kilo: but there's also a TTRPG
01-11-2017 21:02:50.3 [ROOM] Kenia Nya: I live in Mexico, we play with printed PDFs and bottle caps
01-11-2017 21:03:09.7 [ROOM] Kilo: I can send links to the books if ya like
01-11-2017 21:03:21.0 [ROOM] Kenia Nya: the only one I've seen is rouge trader
01-11-2017 21:03:35.8 [ROOM] Evan Clark: I also like that pathfinder has so much content
01-11-2017 21:03:41.2 [ROOM] Evan Clark: but that's because it's older
01-11-2017 21:04:42.3 [ROOM] Kilo: but combat works so nicely in the system IMO. to-hit you're rolling against your own stat (Weapon Skill or Ballistic Skill) to see if you hit, your opponent gets a reaction (Dodge/parry) and then you resolve damage if you still hit. damage first has to get through the Armour, then the character's personal Toughness, THEN it does actual damage
01-11-2017 21:05:04.3 [ROOM] Kenia Nya: that sounds complicated as f__ck
01-11-2017 21:05:06.3 [ROOM] Kenia Nya: XD
01-11-2017 21:05:41.4 [ROOM] Kilo: not really. say I have a Weapon Skill of 50 (d100 system) I first roll to-hit
01-11-2017 21:06:25.6 [ROOM] Kilo: so that misses as all fuck, but IF I'd hit, then the opponent would have a chance to see if they wanna dodge or parry the attack (you get ONE reaction without a special talent)
01-11-2017 21:06:42.1 [ROOM] Kenia Nya: hmmm
01-11-2017 21:06:49.8 [ROOM] Kilo: (you wanna roll UNDER the stat, not over. it's weird in that regard)
01-11-2017 21:06:51.0 [ROOM] Kenia Nya: but I fee that slows things a lot
01-11-2017 21:06:55.1 [ROOM] Kenia Nya: feel*
01-11-2017 21:07:10.2 [ROOM] Kilo: maybe, but it's a lot more logical than the nebulous idea of AC
01-11-2017 21:07:37.0 [ROOM] Kilo: where if you get hit, you take the same exact amount of damage if you're completely nude as if in full plate armour
01-11-2017 21:08:03.0 [ROOM] Kenia Nya: XD
01-11-2017 21:08:07.4 [ROOM] Kilo: versus Warhammer, where you can quite possibly completely soak the damage
01-11-2017 21:08:18.2 [ROOM] Kenia Nya: interesting
01-11-2017 21:08:27.8 [ROOM] Lyanna Pelon: i go with the HERO system
01-11-2017 21:08:32.2 [ROOM] Kenia Nya: can you send me in a note the links for the books?
01-11-2017 21:08:36.0 [ROOM] Lyanna Pelon: everything almost is d6's
01-11-2017 21:08:55.3 [ROOM] Kilo: literally there was a scene where I had a character with SO MUCH armour and Toughness that I didn't BOTHER parrying/dodging. I just tanked the hits and completely soaked the damage
01-11-2017 21:08:58.4 [ROOM] Kenia Nya: I have to go now so take care you all
01-11-2017 21:09:07.7 [ROOM] Kilo: I'll note the link then to you
01-11-2017 21:09:12.7 [ROOM] Kenia Nya: thank you Kilo
01-11-2017 21:10:04.3 [ROOM] Kenia Nya: see ya meow meow
01-11-2017 22:07:49.5 [ROOM] Lyanna Pelon: yawn!
01-11-2017 22:08:32.3 [ROOM] Ryician: /me tries to throw popcorn in the open mouth.
01-11-2017 22:10:15.9 [ROOM] Lyanna Pelon: /me snaps up the incoming popcorn
01-11-2017 22:10:51.4 [ROOM] Evan Clark: /me applauds.
01-11-2017 23:57:38.4 [PRIV] Trisha Jakobs: !trainingdummy female
01-11-2017 23:57:38.4 [PRIV] Bot to Trisha Jakobs:
[icon]Bot Announcer[/icon][color=gray] Welcome to the training ring! Today we have Trisha Jakobs vs Yuni Hermit! Let the match begin![/color]
[color=gray]═════════════════ ⭐ [color=purple]Sexfight ring[/color] ⭐ ═════════════════
 [color=purple]▓▓▓▓▓▓▓▓▓▓▓▓▓▓▓▓▓▓▓▓[/color] ⭐ [color=purple]VS[/color] ⭐ [color=purple]▓▓▓▓▓▓▓▓▓▓▓▓▓▓▓▓▓▓▓▓[/color]
► [icon]Trisha Jakobs[/icon]                                                                  [icon]Yuni Hermit[/icon]
It's Trisha Jakobs's turn![/color]

01-11-2017 23:57:44.5 [PRIV] Bot to Trisha Jakobs:
[icon]Bot Announcer[/icon][color=gray]Trisha Jakobs passed their turn![/color]
[i]Yuni giggles to herself. 'You want more, Sugar? Okay... come here, Cutie.' She beckons with one paw, staring hungrily at your body and licking her lips.[/i]
[i]Yuni pounces you, but you end up with front-end against the floor. She shrugs, and squishes her tits up against your booty, managing to slip a nipple up into your rear end... grinding it around a little with a feminine giggle.[/i]
[icon]Bot Announcer[/icon][color=gray]Yuni Hermit used their tits to tease Trisha Jakobs's ass, dealing 15 lust points![/color]
[color=gray]═════════════════ ⭐ [color=purple]Sexfight ring[/color] ⭐ ═════════════════
 [color=purple]░░░▓▓▓▓▓▓▓▓▓▓▓▓▓▓▓▓▓[/color] ⭐ [color=purple]VS[/color] ⭐ [color=purple]▓▓▓▓▓▓▓▓▓▓▓▓▓▓▓▓▓▓▓▓[/color]
► [icon]Trisha Jakobs[/icon]                                                                  [icon]Yuni Hermit[/icon]
It's Trisha Jakobs's turn![/color]

01-11-2017 23:57:44.5 [PRIV] Trisha Jakobs: !pass
01-11-2017 23:57:53.6 [PRIV] Bot to Trisha Jakobs:
[icon]Bot Announcer[/icon][color=gray]Trisha Jakobs passed their turn![/color]
[i]Yuni giggles to herself. 'You want more, Sugar? Okay... come here, Cutie.' She beckons with one paw, staring hungrily at your body and licking her lips.[/i]
[i]Yuni does a leg-sweep to get you on your ass, then plasters her heel on your cunt. Grinding and rubbing, she tries to grind your clitty with her soft heel, moving to roll her entire sole over your cunt back and forth... in a sawing motion culminating in pushing her big toe into your pussy for a brief moment.[/i]
[icon]Bot Announcer[/icon][color=gray]Yuni Hermit used their feet to tease Trisha Jakobs's vagina, dealing 15 lust points![/color]
[color=gray]═════════════════ ⭐ [color=purple]Sexfight ring[/color] ⭐ ═════════════════
 [color=purple]░░░░░░▓▓▓▓▓▓▓▓▓▓▓▓▓▓[/color] ⭐ [color=purple]VS[/color] ⭐ [color=purple]▓▓▓▓▓▓▓▓▓▓▓▓▓▓▓▓▓▓▓▓[/color]
► [icon]Trisha Jakobs[/icon]                                                                  [icon]Yuni Hermit[/icon]
It's Trisha Jakobs's turn![/color]

01-11-2017 23:57:53.6 [PRIV] Trisha Jakobs: !pass
01-11-2017 23:58:07.9 [PRIV] Bot to Trisha Jakobs:
[icon]Bot Announcer[/icon][color=gray]Trisha Jakobs passed their turn![/color]
[i]Yuni giggles to herself. 'You want more, Sugar? Okay... come here, Cutie.' She beckons with one paw, staring hungrily at your body and licking her lips.[/i]
[i]Yuni bends forwards, and goes for the chest! Her lips wrap around your sensitive nipple, and she begins to suckle like a nursing infant. Lapping at your nub, circles it with her tongue while her lips pull, again and again and again.[/i]
[icon]Bot Announcer[/icon][color=gray]Yuni Hermit used their lips to tease Trisha Jakobs's tits, dealing 16 lust points![/color]
[color=gray]═════════════════ ⭐ [color=purple]Sexfight ring[/color] ⭐ ═════════════════
 [color=purple]░░░░░░░░░▓▓▓▓▓▓▓▓▓▓▓[/color] ⭐ [color=purple]VS[/color] ⭐ [color=purple]▓▓▓▓▓▓▓▓▓▓▓▓▓▓▓▓▓▓▓▓[/color]
► [icon]Trisha Jakobs[/icon]                                                                  [icon]Yuni Hermit[/icon]
It's Trisha Jakobs's turn![/color]

01-11-2017 23:58:07.9 [PRIV] Trisha Jakobs: !pass
01-11-2017 23:58:19.4 [PRIV] Bot to Trisha Jakobs:
[icon]Bot Announcer[/icon][color=gray]Trisha Jakobs passed their turn![/color]
[i]Yuni giggles to herself. 'You want more, Sugar? Okay... come here, Cutie.' She beckons with one paw, staring hungrily at your body and licking her lips.[/i]
[i]Yuni shoves her nipple into your mouth, trying to hold you in place by the back of your head with one paw. The other squeezes her oversized milk-maker, and she floods your mouth with milk.[/i]
[icon]Bot Announcer[/icon][color=gray]Yuni Hermit used their tits to tease Trisha Jakobs's lips, dealing 13 lust points![/color]
[color=gray]═════════════════ ⭐ [color=purple]Sexfight ring[/color] ⭐ ═════════════════
 [color=red]░░░░░░░░░░░▓▓▓▓▓▓▓▓▓[/color] ⭐ [color=purple]VS[/color] ⭐ [color=purple]▓▓▓▓▓▓▓▓▓▓▓▓▓▓▓▓▓▓▓▓[/color]
► [icon]Trisha Jakobs[/icon]                                                                  [icon]Yuni Hermit[/icon]
It's Trisha Jakobs's turn![/color]

01-11-2017 23:58:19.4 [PRIV] Trisha Jakobs: !pass
