18-06-2020 18:45:31.9 [ROOM] Lady-Rectitude: /me parachutes into the room in her superheroine costume
18-06-2020 18:45:46.7 [ROOM] Bot: [color=green][b]Lady-Rectitude[/b][/color] opens the magic toxboy!
18-06-2020 18:45:46.7 [ROOM] Bot: And they find this: [color=yellow][b][url=https://imgur.com/wc3j9yI]CUFFS TO COLLAR[/url][/b][/color]!
18-06-2020 18:45:46.7 [ROOM] Lady-Rectitude: !toybox light
18-06-2020 18:47:04.0 [ROOM] Lady-Rectitude: oh my!
18-06-2020 18:47:36.5 [ROOM] Lady-Rectitude: /me buckles the collar around her neck, then uses her teeth to tighten the cuffs on her wrists.
18-06-2020 18:48:10.2 [ROOM] Valeria the Undying: How the heck is this room majority-pink?
18-06-2020 18:48:51.7 [ROOM] Rin Loveheart: Hehehe~ I dunno, but it's quite lovely!
18-06-2020 18:53:18.7 [ROOM] Valeria the Undying: Turns up those who want to beat up women are women themselves, lol
18-06-2020 18:54:17.0 [ROOM] Rin Loveheart: This is very true~ I can always enjoy both sides! Beating, and getting beaten ♡ I just adore playing rough!
18-06-2020 19:17:56.6 [ROOM] Jade Elliot: !daily
18-06-2020 19:17:56.6 [ROOM] Bot: You can claim your next daily reward in 0h 17m 52s.
18-06-2020 19:18:08.8 [ROOM] Jade Elliot: FUUUUUUUUUU
18-06-2020 19:20:51.9 [ROOM] Xavier Xavo Wolf: !riskydaily
18-06-2020 19:20:51.9 [ROOM] Bot: You decided to take a [b]risky[/b] daily reward! You get $10.00 (rewards go from $1 to $30)
18-06-2020 19:20:59.1 [ROOM] Maid Iroha: !riskydaily
18-06-2020 19:20:59.1 [ROOM] Bot: You decided to take a [b]risky[/b] daily reward! You get $10.00 (rewards go from $1 to $30)
18-06-2020 19:22:19.0 [PRIV] Maid Iroha: !sheetcode
18-06-2020 19:22:19.1 [PRIV] Bot to Maid Iroha:[noparse]
══════════════════════════════════════════════════
                                 ⭐ ⭐ [color=white][b]General details[/b][/color] ⭐ ⭐
══════════════════════════════════════════════════
[color=black]                     [icon]Maid Iroha[/icon]
          [b]Faction:[/b] None yet! [b]Dom/sub role:[/b] switch
          [b]Name:[/b] Maid Iroha | [b]Money:[/b] $25.00 | [b]Stat points:[/b] 0 | Wins/Losses: 1/0
          [b]Level:[/b] 4 | [b]Total XP:[/b] 100 | [b]XP for next level:[/b] 25 | [b]XP gain on next battle:[/b] 400 | [b]Used stat points:[/b] 48 / 100 max
          [b]Weight class:[/b] Super heavyweight | [b]Base LP:[/b] 80 | [b]Strip chance:[/b] 0%
          [b]Attack:[/b] 1 Lips, 2 Fingers, 7 Tits, 2 Sex, 2 Ass, 1 Feet.
          [b]Defense:[/b] 5 Lips, 5 Fingers, 6 Tits, 6 Sex, 6 Ass, 5 Feet.[/color]
══════════════════════════════════════════════════
                                 ⭐ ⭐ [color=white][b]Equipment[/b][/color] ⭐ ⭐
══════════════════════════════════════════════════
[color=black]          [b]Sextoy:[/b] [b][color=black]Natural[/color] [color=white]Endowments[/color]~[url=https://static.f-list.net/images/charimage/18510639.png]♥[/url][/b]. +3 atk on tits.
          [b]Outfit:[/b] [b][color=black]Maid[/color] [color=white]Dress[/color]~[url=https://static.f-list.net/images/charimage/18510666.jpg]♥[/url][/b]. +3 def on tits, +3 def on sex, +3 def on ass.
          [b]Accessory:[/b] [b][color=black]Butterfly[/color] [color=white]Blades[/color][color=black]~[url=https://vignette.wikia.nocookie.net/queensblade/images/3/3a/Iroha010.jpg/revision/latest?cb=20130530181819]♥[/url][/color][/b]. +2 def on lips, +2 def on fingers, +2 def on feet.
          [b]Flavor item:[/b] None. Nothing equiped.
          [b]Addictions:[/b]
          resistance lvl 2 to lips, resistance lvl 2 to fingers, resistance lvl 2 to tits, weakness lvl 10 to sex, resistance lvl 2 to ass, resistance lvl 2 to feet.[/color]
══════════════════════════════════════════════════
                                 ⭐ ⭐ [color=white][b]Inventory[/b][/color] ⭐ ⭐
══════════════════════════════════════════════════
[color=black]          Nude. All exposed.
          Hand. Starter weapon.
          Wristbands. Standard uniform.
          None. Nothing equiped.
          [b][color=black]Maid[/color] [color=white]Dress[/color]~[url=https://static.f-list.net/images/charimage/18510666.jpg]♥[/url][/b]. +3 def on tits, +3 def on sex, +3 def on ass.
          [b][color=black]Natural[/color] [color=white]Endowments[/color]~[url=https://static.f-list.net/images/charimage/18510639.png]♥[/url][/b]. +3 atk on tits.
          [b][color=black]Butterfly[/color] [color=white]Blades[/color][color=black]~[url=https://vignette.wikia.nocookie.net/queensblade/images/3/3a/Iroha010.jpg/revision/latest?cb=20130530181819]♥[/url][/color][/b]. +2 def on lips, +2 def on fingers, +2 def on feet.
[/color][/noparse]
18-06-2020 19:23:16.7 [PRIV] Maid Iroha: !sell [b][color=black]Butterfly[/color] [color=white]Blades[/color][color=black]~[url=https://vignette.wikia.nocookie.net/queensblade/images/3/3a/Iroha010.jpg/revision/latest?cb=20130530181819]♥[/url][/color][/b]
18-06-2020 19:23:16.7 [PRIV] Bot to Maid Iroha:The [b][color=black]Butterfly[/color] [color=white]Blades[/color][color=black]~[url=https://vignette.wikia.nocookie.net/queensblade/images/3/3a/Iroha010.jpg/revision/latest?cb=20130530181819]♥[/url][/color][/b] has been sold! Maid Iroha got $40.00 Back.
18-06-2020 19:23:21.9 [PRIV] Maid Iroha: !buy heavy lips and feet item
18-06-2020 19:23:21.9 [PRIV] Bot to Maid Iroha:The item heavy lips and feet item has been added to your item list. You now have $5.00 left.
18-06-2020 19:23:31.4 [PRIV] Maid Iroha: !rename heavy lips and feet item to [b][color=black]Butterfly[/color] [color=white]Blades[/color][color=black]~[url=https://vignette.wikia.nocookie.net/queensblade/images/3/3a/Iroha010.jpg/revision/latest?cb=20130530181819]♥[/url][/color][/b]
18-06-2020 19:23:31.5 [PRIV] Bot to Maid Iroha:Your item heavy lips and feet item was renamed to [b][color=black]Butterfly[/color] [color=white]Blades[/color][color=black]~[url=https://vignette.wikia.nocookie.net/queensblade/images/3/3a/Iroha010.jpg/revision/latest?cb=20130530181819]♥[/url][/color][/b]!
18-06-2020 19:23:36.3 [PRIV] Bot to Maid Iroha:The item [b][color=black]Butterfly[/color] [color=white]Blades[/color][color=black]~[url=https://vignette.wikia.nocookie.net/queensblade/images/3/3a/Iroha010.jpg/revision/latest?cb=20130530181819]♥[/url][/color][/b] has been equipped.
18-06-2020 19:23:36.3 [PRIV] Maid Iroha: !equip [b][color=black]Butterfly[/color] [color=white]Blades[/color][color=black]~[url=https://vignette.wikia.nocookie.net/queensblade/images/3/3a/Iroha010.jpg/revision/latest?cb=20130530181819]♥[/url][/color][/b]
18-06-2020 19:23:44.9 [PRIV] Maid Iroha: !card
18-06-2020 19:23:44.9 [PRIV] Bot to Maid Iroha:
══════════════════════════════════════════════════
                                 ⭐ ⭐ [color=white][b]Character card[/b][/color] ⭐ ⭐
══════════════════════════════════════════════════
[color=black]                     [icon]Maid Iroha[/icon] [b]Name:[/b] [b][color=black]The [/color][color=white]Crane[/color] [color=black]Maid[/color][/b] [eicon]b-rank[/eicon] [b]Level:[/b] 4
          [b]Faction:[/b] None yet! [b]Dom/sub role:[/b] switch
          [b]Wins/Losses:[/b] 1/0 | [b]Weight class:[/b] Super heavyweight
          [b]Sextoy:[/b] [b][color=black]Natural[/color] [color=white]Endowments[/color]~[url=https://static.f-list.net/images/charimage/18510639.png]♥[/url][/b]. +3 atk on tits.
          [b]Outfit:[/b] [b][color=black]Maid[/color] [color=white]Dress[/color]~[url=https://static.f-list.net/images/charimage/18510666.jpg]♥[/url][/b]. +3 def on tits, +3 def on sex, +3 def on ass.
          [b]Accessory:[/b] [b][color=black]Butterfly[/color] [color=white]Blades[/color][color=black]~[url=https://vignette.wikia.nocookie.net/queensblade/images/3/3a/Iroha010.jpg/revision/latest?cb=20130530181819]♥[/url][/color][/b]. +3 def on lips, +3 def on fingers, +3 def on feet.
          [b]Flavor item:[/b] None. Nothing equiped.[/color]
18-06-2020 19:24:46.5 [ROOM] Bot: 
[color=cyan]The ring is empty![/color]
18-06-2020 19:24:46.5 [ROOM] Anthony Rousseau: !status
18-06-2020 19:29:43.9 [ROOM] Doltin Shrap: !riskydaily
18-06-2020 19:29:43.9 [ROOM] Bot: You decided to take a [b]risky[/b] daily reward! You get $13.00 (rewards go from $1 to $30)
18-06-2020 19:29:53.4 [PRIV] Doltin Shrap: !sheet
18-06-2020 19:29:53.5 [PRIV] Bot to Doltin Shrap:
══════════════════════════════════════════════════
                                 ⭐ ⭐ [color=yellow][b]General details[/b][/color] ⭐ ⭐
══════════════════════════════════════════════════
[color=brown]                     [icon]Doltin Shrap[/icon]
          [b]Faction:[/b] Spotted Boy [b]Dom/sub role:[/b] switch
          [b]Name:[/b] Doltin Shrap | [b]Money:[/b] $41.00 | [b]Stat points:[/b] 1 | Wins/Losses: 2/7
          [b]Level:[/b] 7 | [b]Total XP:[/b] 500 | [b]XP for next level:[/b] 12 | [b]XP gain on next battle:[/b] 700 | [b]Used stat points:[/b] 66 / 100 max
          [b]Weight class:[/b] Super heavyweight | [b]Base LP:[/b] 80 | [b]Strip chance:[/b] 0%
          [b]Attack:[/b] 2 Lips, 1 Fingers, 2 Tits, 1 Sex, 2 Ass, 1 Feet.
          [b]Defense:[/b] 8 Lips, 11 Fingers, 7 Tits, 12 Sex, 12 Ass, 7 Feet.[/color]
══════════════════════════════════════════════════
                                 ⭐ ⭐ [color=yellow][b]Equipment[/b][/color] ⭐ ⭐
══════════════════════════════════════════════════
[color=brown]          [b]Sextoy:[/b] Hand. Starter weapon.
          [b]Outfit:[/b] Heavy full outfit. +3 def on tits, +3 def on sex, +3 def on ass.
          [b]Accessory:[/b] Heavy lips and feet item. +3 def on lips, +3 def on fingers, +3 def on feet.
          [b]Flavor item:[/b] None. Nothing equiped.
          [b]Addictions:[/b]
          None yet.[/color]
══════════════════════════════════════════════════
                                 ⭐ ⭐ [color=yellow][b]Inventory[/b][/color] ⭐ ⭐
══════════════════════════════════════════════════
[color=brown]          Nude. All exposed.
          Hand. Starter weapon.
          Wristbands. Standard uniform.
          None. Nothing equiped.
          Heavy full outfit. +3 def on tits, +3 def on sex, +3 def on ass.
          Heavy lips and feet item. +3 def on lips, +3 def on fingers, +3 def on feet.
[/color]
18-06-2020 19:53:21.7 [ROOM] Cidnarra: Hola.
18-06-2020 19:58:19.8 [ROOM] Terry the Animorph: !RiSkYdAiLy
18-06-2020 19:58:19.8 [ROOM] Bot: You decided to take a [b]risky[/b] daily reward! You get $11.00 (rewards go from $1 to $30)
18-06-2020 19:59:03.3 [PRIV] Gold and Silver: !riskydaily
18-06-2020 19:59:03.3 [PRIV] Bot to Gold and Silver:You decided to take a [b]risky[/b] daily reward! You get $12.00 (rewards go from $1 to $30)
18-06-2020 19:59:09.6 [PRIV] Gold and Silver: !cardplus
18-06-2020 19:59:09.6 [PRIV] Bot to Gold and Silver:
══════════════════════════════════════════════════
                                 ⭐ ⭐ [color=purple][b]Character card[/b][/color] ⭐ ⭐
══════════════════════════════════════════════════
[color=yellow]                     [icon]Gold and Silver[/icon] [b]Name:[/b] Gold and Silver [eicon]d-rank[/eicon] [b]Level:[/b] 1
          [b]Faction:[/b] None yet! [b]Dom/sub role:[/b] switch
          [b]Money:[/b] $67.00 | [b]Stat points:[/b] 0 | [b]Wins/Losses:[/b] 0/2
          [b]Weight class:[/b] Middleweight | [b]Base LP:[/b] 100 | [b]Strip chance:[/b] +10%
          [b]Attack:[/b] 1 Lips, 1 Fingers, 1 Tits, 11 Sex, 1 Ass, 1 Feet.
          [b]Defense:[/b] 1 Lips, 2 Fingers, 1 Tits, 0 Sex, 1 Ass, 2 Feet.
          [b]Sextoy:[/b] [url=https://static.f-list.net/images/charimage/13000425.png]Silver's tentacle[/url]. +3 atk on sex.
          [b]Outfit:[/b] Casual Clothes. +1 def on sex.
          [b]Accessory:[/b] Dynamic Duo. +1 def on fingers, +1 def on feet.
          [b]Flavor item:[/b] Long Invasive Tentacle~. -3 def on sex, +3 atk on sex.
          [b]Addictions:[/b] resistance lvl 1 to lips, weakness lvl 1 to sex.[/color]

18-06-2020 19:59:19.8 [PRIV] Gold and Silver: !sendmoney 20 to Tota
18-06-2020 19:59:19.8 [PRIV] Bot to Gold and Silver:Gold and Silver has sent $20.00 to Tota.
18-06-2020 19:59:47.2 [PRIV] Mushroom Witches: !riskydaily
18-06-2020 19:59:47.2 [PRIV] Bot to Mushroom Witches:You decided to take a [b]risky[/b] daily reward! You get $5.00 (rewards go from $1 to $30)
18-06-2020 20:00:14.2 [PRIV] Tota: !riskydaily
18-06-2020 20:00:14.2 [PRIV] Bot to Tota:You decided to take a [b]risky[/b] daily reward! You get $9.00 (rewards go from $1 to $30)
18-06-2020 20:00:19.7 [PRIV] Tota: !cardplus
18-06-2020 20:00:19.7 [PRIV] Bot to Tota:
══════════════════════════════════════════════════
                                 ⭐ ⭐ [color=green][b]Character card[/b][/color] ⭐ ⭐
══════════════════════════════════════════════════
[color=yellow]                     [icon]Tota[/icon] [b]Name:[/b] Tota [eicon]b-rank[/eicon] [b]Level:[/b] 20
          [b]Faction:[/b] None yet! [b]Dom/sub role:[/b] competitive
          [b]Money:[/b] $35.00 | [b]Stat points:[/b] 0 | [b]Wins/Losses:[/b] 8/12
          [b]Weight class:[/b] Middleweight | [b]Base LP:[/b] 100 | [b]Strip chance:[/b] +10%
          [b]Attack:[/b] 3 Lips, 2 Fingers, 6 Tits, 13 Sex, 2 Ass, 3 Feet.
          [b]Defense:[/b] 4 Lips, 4 Fingers, 4 Tits, 4 Sex, 4 Ass, 4 Feet.
          [b]Sextoy:[/b] [url=https://static.f-list.net/images/charimage/11511516.jpg]Super Saiyan 4[/url]. +3 atk on sex.
          [b]Outfit:[/b] [url=https://static.f-list.net/images/charimage/11435484.png]Fighting Gi[/url]. +3 def on tits, +3 def on sex, +3 def on ass.
          [b]Accessory:[/b] [url=https://static.f-list.net/images/charimage/10380630.png]Maximum Power[/url]. +3 def on lips, +3 def on fingers, +3 def on feet.
          [b]Flavor item:[/b] [url=https://static.f-list.net/images/charimage/10380633.png]"Let's go all out, okay!?"[/url]. -3 def on sex, +3 atk on sex.
          [b]Addictions:[/b] resistance lvl 2 to lips, resistance lvl 2 to fingers, weakness lvl 2 to tits, weakness lvl 2 to sex, weakness lvl 1 to ass.[/color]

18-06-2020 20:00:21.0 [ROOM] Lydia Cadell: !daily
18-06-2020 20:00:21.0 [ROOM] Bot: Here's your daily reward! You get $10.00
18-06-2020 20:00:43.2 [PRIV] Tota: !buystatpoint 3
18-06-2020 20:00:43.2 [PRIV] Bot to Tota:You bought 3 stat points! You now have $5.00 and 3 stat points left.
18-06-2020 20:00:53.3 [PRIV] Tota: !train attack on fingers
18-06-2020 20:00:53.3 [PRIV] Bot to Tota:Training successful! You now have 3 points in attack on fingers, and 1 stat points left.
18-06-2020 20:00:58.2 [PRIV] Tota: !train attack on ass
18-06-2020 20:00:58.3 [PRIV] Bot to Tota:Not enough stat points (You need: 2), you have maxed out that part (Max wihout items: 7).
18-06-2020 20:01:15.4 [PRIV] Tota: !train defense on sex
18-06-2020 20:01:15.4 [PRIV] Bot to Tota:Not enough stat points (You need: 3), you have maxed out that part (Max wihout items: 7).
18-06-2020 20:01:25.1 [PRIV] Tota: !train defense on tits
18-06-2020 20:01:25.1 [PRIV] Bot to Tota:Training successful! You now have 2 points in defense on tits, and 0 stat points left.
18-06-2020 20:01:32.7 [PRIV] Tota: !cardplus
18-06-2020 20:01:32.7 [PRIV] Bot to Tota:
══════════════════════════════════════════════════
                                 ⭐ ⭐ [color=green][b]Character card[/b][/color] ⭐ ⭐
══════════════════════════════════════════════════
[color=yellow]                     [icon]Tota[/icon] [b]Name:[/b] Tota [eicon]b-rank[/eicon] [b]Level:[/b] 20
          [b]Faction:[/b] None yet! [b]Dom/sub role:[/b] competitive
          [b]Money:[/b] $5.00 | [b]Stat points:[/b] 0 | [b]Wins/Losses:[/b] 8/12
          [b]Weight class:[/b] Middleweight | [b]Base LP:[/b] 100 | [b]Strip chance:[/b] +10%
          [b]Attack:[/b] 3 Lips, 3 Fingers, 6 Tits, 13 Sex, 2 Ass, 3 Feet.
          [b]Defense:[/b] 4 Lips, 4 Fingers, 5 Tits, 4 Sex, 4 Ass, 4 Feet.
          [b]Sextoy:[/b] [url=https://static.f-list.net/images/charimage/11511516.jpg]Super Saiyan 4[/url]. +3 atk on sex.
          [b]Outfit:[/b] [url=https://static.f-list.net/images/charimage/11435484.png]Fighting Gi[/url]. +3 def on tits, +3 def on sex, +3 def on ass.
          [b]Accessory:[/b] [url=https://static.f-list.net/images/charimage/10380630.png]Maximum Power[/url]. +3 def on lips, +3 def on fingers, +3 def on feet.
          [b]Flavor item:[/b] [url=https://static.f-list.net/images/charimage/10380633.png]"Let's go all out, okay!?"[/url]. -3 def on sex, +3 atk on sex.
          [b]Addictions:[/b] resistance lvl 2 to lips, resistance lvl 2 to fingers, weakness lvl 2 to tits, weakness lvl 2 to sex, weakness lvl 1 to ass.[/color]

18-06-2020 20:07:14.5 [ROOM] Shastah Ke-Alakoa: !riskydaily
18-06-2020 20:07:14.6 [ROOM] Bot: You decided to take a [b]risky[/b] daily reward! You get $5.00 (rewards go from $1 to $30)
18-06-2020 20:09:17.0 [ROOM] Loki Psioni: !riskydaily
18-06-2020 20:09:17.1 [ROOM] Bot: You decided to take a [b]risky[/b] daily reward! You get $17.00 (rewards go from $1 to $30)
18-06-2020 20:36:17.4 [ROOM] James_: Holas
18-06-2020 20:38:35.8 [ROOM] Lyanna Pelon: !riskydaily
18-06-2020 20:38:35.8 [ROOM] Bot: You decided to take a [b]risky[/b] daily reward! You get $19.00 (rewards go from $1 to $30)
18-06-2020 20:43:36.6 [PRIV] Bot to Rosey Vasquez:You decided to take a [b]risky[/b] daily reward! You get $11.00 (rewards go from $1 to $30)
18-06-2020 20:43:36.6 [PRIV] Rosey Vasquez: !riskydaily
18-06-2020 20:43:47.8 [PRIV] Rosey Vasquez: !cardplus
18-06-2020 20:43:47.8 [PRIV] Bot to Rosey Vasquez:
══════════════════════════════════════════════════
                                 ⭐ ⭐ [color=purple][b]Character card[/b][/color] ⭐ ⭐
══════════════════════════════════════════════════
[color=pink]                     [icon]Rosey Vasquez[/icon] [b]Name:[/b] Rosey Vasquez [eicon]d-rank[/eicon] [b]Level:[/b] 1
          [b]Faction:[/b] None yet! [b]Dom/sub role:[/b] sub
          [b]Money:[/b] $27.00 | [b]Stat points:[/b] 0 | [b]Wins/Losses:[/b] 0/0
          [b]Weight class:[/b] Middleweight | [b]Base LP:[/b] 100 | [b]Strip chance:[/b] +10%
          [b]Attack:[/b] 2 Lips, 2 Fingers, 1 Tits, 2 Sex, 1 Ass, 1 Feet.
          [b]Defense:[/b] 2 Lips, 1 Fingers, 2 Tits, 2 Sex, 1 Ass, 1 Feet.
          [b]Sextoy:[/b] Hand. Starter weapon.
          [b]Outfit:[/b] Light upper clothes. +1 def on tits.
          [b]Accessory:[/b] Wristbands. Standard uniform.
          [b]Flavor item:[/b] None. Nothing equiped.
          [b]Addictions:[/b] resistance lvl 3 to fingers, weakness lvl 3 to ass.[/color]

18-06-2020 20:44:11.3 [PRIV] Rosey Vasquez: !sendmoney 20 to setsuka hishiki
18-06-2020 20:44:11.3 [PRIV] Bot to Rosey Vasquez:setsuka hishiki wasn't found.
18-06-2020 20:44:50.5 [PRIV] Rosey Vasquez: !sendmoney 20 to setsuka hishiki
18-06-2020 20:44:50.6 [PRIV] Bot to Rosey Vasquez:Rosey Vasquez has sent $20.00 to Setsuka Hishiki.
18-06-2020 20:45:09.3 [PRIV] Setsuka Hishiki: !cardplus
18-06-2020 20:45:09.4 [PRIV] Bot to Setsuka Hishiki:
══════════════════════════════════════════════════
                                 ⭐ ⭐ [color=purple][b]Character card[/b][/color] ⭐ ⭐
══════════════════════════════════════════════════
[color=pink]                     [icon]Setsuka Hishiki[/icon] [b]Name:[/b] Setsuka Hishiki [eicon]d-rank[/eicon] [b]Level:[/b] 13
          [b]Faction:[/b] None yet! [b]Dom/sub role:[/b] switch
          [b]Money:[/b] $79.00 | [b]Stat points:[/b] 0 | [b]Wins/Losses:[/b] 4/1
          [b]Weight class:[/b] Middleweight | [b]Base LP:[/b] 100 | [b]Strip chance:[/b] +10%
          [b]Attack:[/b] 2 Lips, 2 Fingers, 2 Tits, 1 Sex, 3 Ass, 1 Feet.
          [b]Defense:[/b] 2 Lips, 2 Fingers, 3 Tits, 3 Sex, 2 Ass, 2 Feet.
          [b]Sextoy:[/b] Hand. Starter weapon.
          [b]Outfit:[/b] Light full outfit. +1 def on tits, +1 def on sex, +1 def on ass.
          [b]Accessory:[/b] Light lips and feet item. +1 def on lips, +1 def on fingers, +1 def on feet.
          [b]Flavor item:[/b] None. Nothing equiped.
          [b]Addictions:[/b] resistance lvl 2 to lips, resistance lvl 3 to fingers, weakness lvl 5 to feet.[/color]

18-06-2020 20:45:42.8 [ROOM] Rosey Vasquez: !status
18-06-2020 20:45:42.8 [ROOM] Bot: 
[color=cyan]The ring is empty![/color]
18-06-2020 20:48:06.1 [ROOM] Bot: [color=yellow]Robert Delight starts to awoo...[/color]
18-06-2020 20:48:06.1 [ROOM] Bot: [color=green]And they get away with it~[/color] (Awoos: 1)
18-06-2020 20:48:06.1 [ROOM] Robert Delight: !awoo
18-06-2020 20:48:36.8 [ROOM] Rosey Vasquez: !looking
18-06-2020 20:48:37.1 [ROOM] Bot: [b][color=green]Online users looking for a match:[/color][/b]
[user]Anthony Rousseau[/user], [user]Robert Conway[/user], [user]Tailwind[/user], [user]Tsuka the racoon[/user], [user]Galarian Glory[/user], [user]Randal Tassler[/user], [user]Lydia Cadell[/user], [user]Warrior Celestia[/user], [user]Jade Elliot[/user], [user]Maid Iroha[/user], [user]Blueyesthiccdragon[/user], [user]Bad End Bait[/user], [user]Rin Yukimura[/user], [user]Xavier Xavo Wolf[/user], [user]Terry the Animorph[/user], [user]Hiroki[/user], [user]John Walker[/user], [user]Rosey Vasquez[/user]
[color=yellow]You can set yourself as looking for a match using[/color] !look [color=yellow]or stop looking for a match using[/color] !stoplook
18-06-2020 20:49:36.8 [PRIV] Rosey Vasquez: !cardplus
18-06-2020 20:49:36.9 [PRIV] Bot to Rosey Vasquez:
══════════════════════════════════════════════════
                                 ⭐ ⭐ [color=purple][b]Character card[/b][/color] ⭐ ⭐
══════════════════════════════════════════════════
[color=pink]                     [icon]Rosey Vasquez[/icon] [b]Name:[/b] Rosey Vasquez [eicon]d-rank[/eicon] [b]Level:[/b] 1
          [b]Faction:[/b] None yet! [b]Dom/sub role:[/b] sub
          [b]Money:[/b] $7.00 | [b]Stat points:[/b] 0 | [b]Wins/Losses:[/b] 0/0
          [b]Weight class:[/b] Middleweight | [b]Base LP:[/b] 100 | [b]Strip chance:[/b] +10%
          [b]Attack:[/b] 2 Lips, 2 Fingers, 1 Tits, 2 Sex, 1 Ass, 1 Feet.
          [b]Defense:[/b] 2 Lips, 1 Fingers, 2 Tits, 2 Sex, 1 Ass, 1 Feet.
          [b]Sextoy:[/b] Hand. Starter weapon.
          [b]Outfit:[/b] Light upper clothes. +1 def on tits.
          [b]Accessory:[/b] Wristbands. Standard uniform.
          [b]Flavor item:[/b] None. Nothing equiped.
          [b]Addictions:[/b] resistance lvl 3 to fingers, weakness lvl 3 to ass.[/color]

18-06-2020 20:50:06.8 [ROOM] Xavier Xavo Wolf: /me yawns and looks around
18-06-2020 20:50:17.7 [PRIV] Kurt Rollins: !riskydaily
18-06-2020 20:50:17.7 [PRIV] Bot to Kurt Rollins:You decided to take a [b]risky[/b] daily reward! You get $19.00 (rewards go from $1 to $30)
18-06-2020 20:50:33.6 [PRIV] Kurt Rollins: !cardplus
18-06-2020 20:50:33.7 [PRIV] Bot to Kurt Rollins:
══════════════════════════════════════════════════
                                 ⭐ ⭐ [color=purple][b]Character card[/b][/color] ⭐ ⭐
══════════════════════════════════════════════════
[color=pink]                     [icon]Kurt Rollins[/icon] [b]Name:[/b] Kurt Rollins [eicon]d-rank[/eicon] [b]Level:[/b] 1
          [b]Faction:[/b] None yet! [b]Dom/sub role:[/b] switch
          [b]Money:[/b] $19.00 | [b]Stat points:[/b] 0 | [b]Wins/Losses:[/b] 0/0
          [b]Weight class:[/b] Middleweight | [b]Base LP:[/b] 100 | [b]Strip chance:[/b] +10%
          [b]Attack:[/b] 2 Lips, 1 Fingers, 2 Tits, 1 Sex, 3 Ass, 1 Feet.
          [b]Defense:[/b] 1 Lips, 1 Fingers, 1 Tits, 1 Sex, 1 Ass, 1 Feet.
          [b]Sextoy:[/b] Hand. Starter weapon.
          [b]Outfit:[/b] Nude. All exposed.
          [b]Accessory:[/b] Wristbands. Standard uniform.
          [b]Flavor item:[/b] None. Nothing equiped.
          [b]Addictions:[/b] None yet.[/color]

18-06-2020 20:50:59.4 [PRIV] Kurt Rollins: !sendmoney 19 to Rosey Vasquez
18-06-2020 20:50:59.4 [PRIV] Bot to Kurt Rollins:Kurt Rollins has sent $19.00 to Rosey Vasquez.
18-06-2020 20:51:12.7 [PRIV] Rosey Vasquez: !cardplus
18-06-2020 20:51:12.8 [PRIV] Bot to Rosey Vasquez:
══════════════════════════════════════════════════
                                 ⭐ ⭐ [color=purple][b]Character card[/b][/color] ⭐ ⭐
══════════════════════════════════════════════════
[color=pink]                     [icon]Rosey Vasquez[/icon] [b]Name:[/b] Rosey Vasquez [eicon]d-rank[/eicon] [b]Level:[/b] 1
          [b]Faction:[/b] None yet! [b]Dom/sub role:[/b] sub
          [b]Money:[/b] $26.00 | [b]Stat points:[/b] 0 | [b]Wins/Losses:[/b] 0/0
          [b]Weight class:[/b] Middleweight | [b]Base LP:[/b] 100 | [b]Strip chance:[/b] +10%
          [b]Attack:[/b] 2 Lips, 2 Fingers, 1 Tits, 2 Sex, 1 Ass, 1 Feet.
          [b]Defense:[/b] 2 Lips, 1 Fingers, 2 Tits, 2 Sex, 1 Ass, 1 Feet.
          [b]Sextoy:[/b] Hand. Starter weapon.
          [b]Outfit:[/b] Light upper clothes. +1 def on tits.
          [b]Accessory:[/b] Wristbands. Standard uniform.
          [b]Flavor item:[/b] None. Nothing equiped.
          [b]Addictions:[/b] resistance lvl 3 to fingers, weakness lvl 3 to ass.[/color]

18-06-2020 21:01:26.6 [ROOM] Rosey Vasquez: /me peeks around.
18-06-2020 21:03:00.2 [ROOM] Abby Alisson: /me shyly sticks her head up as well, having never been in here before, being much more of a lover than a fighter, but... curious.
18-06-2020 21:03:24.1 [ROOM] Rin Loveheart: Hiya~!
18-06-2020 21:03:29.9 [ROOM] Xavier Xavo Wolf: /me waves at the two observers, "Hey! How's it going?" 
18-06-2020 21:04:20.8 [ROOM] Neku Koneko: Hi!
18-06-2020 21:04:37.1 [ROOM] Rosey Vasquez: /me snaps the suspended on her jean shorts. Her tank top sat nicely on her upper body while suspenders made an X on the back. “Hello.”
18-06-2020 21:06:35.6 [ROOM] Rin Loveheart: /me grins as she prances about in [url=https://static.f-list.net/images/charimage/15731517.jpg]a white shirt, tied off to reveal her midriff, and some very short shorts![/url] "Hey, hey~ Nice to meet ya!"
18-06-2020 21:07:44.6 [ROOM] Rosey Vasquez: /me gives a stretch before looking around quizzically. She wasn’t sure how this differed from the other area, but figured it was as good as any to hang out. “Hope everyone is well.”
18-06-2020 21:09:19.9 [ROOM] Neku Koneko: /me shoots a rubber band at Rin's butt~ ... It falls a bit short and bops her thigh.
18-06-2020 21:09:54.9 [ROOM] Abby Alisson: /me waves to the wolf and the other girl and to her surprise a familiar feline. She adjusts her pink t-shirt and white shorts, giving a small kick with her long legs. "Nice to meet ya all as well!" she says. "Doing well here!"
18-06-2020 21:10:27.0 [ROOM] Rin Loveheart: /me gives a quick, enthusiastic nod~ "Yup yup, I'm doing wonderful, darling~ I can help out if ya need anything, I'm good with both loving and fighting- Eeeeeeeeeeeek!" She lets out a undignified squeal as the rubber band hits her!
18-06-2020 21:14:08.7 [ROOM] Abby Alisson: /me smiles. "Glad to hear!" she says, then blushes at feeling like her inner thoughts were read like a book. She was unable to hide a chuckle at the rubber band launch and the resulting squeal. "Naughty," she murmurs.
18-06-2020 21:14:37.9 [ROOM] Neku Koneko: /me has his hands held behind his back, all innocent like. [sub]He's totally guilty.[/sub]
18-06-2020 21:14:46.4 [PRIV] Neku Koneko: !riskydailyreward
18-06-2020 21:14:46.4 [PRIV] Bot to Neku Koneko:You decided to take a [b]risky[/b] daily reward! You get $16.00 (rewards go from $1 to $30)
18-06-2020 21:14:51.4 [PRIV] Paizuribus: !riskydailyreward
18-06-2020 21:14:51.4 [PRIV] Bot to Paizuribus:You decided to take a [b]risky[/b] daily reward! You get $30.00 (rewards go from $1 to $30)
18-06-2020 21:16:02.8 [ROOM] Rosey Vasquez: /me throws confetti around.
18-06-2020 21:16:19.5 [ROOM] Rin Loveheart: /me gives a curious hum, suddenly darting over into Abby's space, wrapping her arm around the other girl's waist and tugging Abby close. Gazing into those eyes in a loving, attentive manner. "Hey there, sweetheart. That blush looks really good on you. I'd love to see a bit more of that colour~"
18-06-2020 21:16:29.7 [ROOM] Blair Royce: !riskydaily
18-06-2020 21:16:29.7 [ROOM] Bot: You decided to take a [b]risky[/b] daily reward! You get $14.00 (rewards go from $1 to $30)
18-06-2020 21:18:35.2 [ROOM] Futa_Gardevoir: !riskydaily
18-06-2020 21:18:35.2 [ROOM] Bot: You decided to take a [b]risky[/b] daily reward! You get $4.00 (rewards go from $1 to $30)
18-06-2020 21:20:10.3 [ROOM] Rosey Vasquez: /me might have to wear her Misty cosplay more.
18-06-2020 21:21:24.1 [ROOM] Abby Alisson: /me watches the exchange, about to give a sassy, "Oh, snap!", which had barely come off her lips when she other girl darted over and caught her by the waist. Abby, caught off guard, was taken in tight, wriggling a bit, though her green eyes met the eye's, showing surprise, then a softness. "T.thank you," she said, lowering her eyes and clinging back, that comment enough to have its desired effect and deepen her blush.
18-06-2020 21:21:51.3 [ROOM] Futa_Gardevoir: /me giggles. ''hmm.. well dont think many would mind that at all~ Atleast I wont~''
18-06-2020 21:22:14.0 [ROOM] Xavier Xavo Wolf: /me raises an eyebrow and smirks, "Nice to see some new faces!"
18-06-2020 21:26:16.2 [ROOM] Rin Loveheart: /me absolutely delighted in this reaction, as the shy response to her affection only deepened her interest in the other girl. "You're welcome, darling~ I only say it because I mean it. If there's anything that I can do to help you, cutie? I'll do it in a heartbeat." With every word, she's slowly leaning in, looking like she's seconds away from outright kissing Abby! "I'd love to get to know you, a bit more intimately~"
18-06-2020 21:29:19.2 [ROOM] Blueyesthiccdragon: !riskydaily
18-06-2020 21:29:19.3 [ROOM] Bot: You can claim your next daily reward in 1h 43m 11s.
18-06-2020 21:29:55.5 [ROOM] Bot: !fuck to Terry the Animorph
18-06-2020 21:29:55.5 [ROOM] Bot: [color=yellow]Terry the Animorph notices a weird pink button and decides to press it... only to suddenly see how the bot suddenly strips and traps them in a hanging bondage harness! The bot then shows a pervert smile and starts to fuck the trapped one out of nowhere![/color]
18-06-2020 21:29:55.5 [ROOM] Terry the Animorph: !pinkbutton
18-06-2020 21:29:55.5 [ROOM] Bot: [icon]Bot Announcer[/icon] [color=pink][b]Bot Announcer[/b][/color] used their [color=pink][b]sex[/b][/color] to please [color=pink][b][color=red]The[/color] [color=white]Changeling[/color] [color=blue]King[/color]'s sex[/b][/color], building them up by [color=pink][b]21 lust points![/b][/color] What an erotic move!
18-06-2020 21:30:37.2 [ROOM] Abby Alisson: /me gives Xavier a warm smile, but her attention turns back to Rin, her cheeks a deep, rosy pink. "Just... trying to find out a bit more 'bout the room," she admitted. She flashed the girl a grin, sensing her words were heartfelt and honest. She leans in, and a bit more firmly, more comfortably, wraps her arms around the girl. "I'd like that," she says, then her lips quirk up a bit at the corners, a hint of mischief sparkling in her eyes. "Whatd'ya have in mind?"
18-06-2020 21:32:46.1 [ROOM] Bot: [color=yellow]Futa_Gardevoir walks up to the bondage equipment and pushes a button...[/color]
18-06-2020 21:32:46.1 [ROOM] Bot: [color=red]The machine activates! Futa_Gardevoir is now stripped nude and bound in heavy ropes![/color]
18-06-2020 21:32:46.1 [ROOM] Futa_Gardevoir: !bondagebutton
18-06-2020 21:33:16.3 [ROOM] Futa_Gardevoir: /me yelps out as she gets strupped and now trapped squirming. ''uhmff...''
18-06-2020 21:33:23.5 [ROOM] Rosey Vasquez: /me giggles at the button’s function. “Well that’s new.”
18-06-2020 21:33:48.3 [ROOM] Xavier Xavo Wolf: /me watches the exchange curiously, maybe with even a bit of jealously. His arms come up into a folded position as he huffs. 
18-06-2020 21:34:03.1 [ROOM] Futa_Gardevoir: [sub]the bondage button was the only one I knew I didnt knew about the pink one.[/sub]
18-06-2020 21:36:35.1 [ROOM] Rin Loveheart: /me lets out an eager, approving purr as Abby gets move comfortable, as their bodies fit together like a puzzle. "Well, I can teach you anything you need to know! I'd say that I'm a bit of an expert... I can promise, there's no pressure with me, you don't have to do anything you don't want, and I'll only hurt ya if you want me to." A playful grin lights up her face, as she leans in to whisper. "But if you [b]do[/b] want me to, I can be very good at that. 'Rough' doesn't necessarily mean 'not loving'. And, of course, we can also find somewhere just for the two of us, if you want to get really intimate~"
18-06-2020 21:39:15.4 [ROOM] Bot: [color=blue]Rosey Vasquez pushes a blue button and makes the bot ass fuck Terry the Animorph nice and deep![/color]
18-06-2020 21:39:15.4 [ROOM] Bot: !assfuck to Terry the Animorph
18-06-2020 21:39:15.5 [ROOM] Rosey Vasquez: !bluebutton
18-06-2020 21:39:15.5 [ROOM] Bot: [icon]Bot Announcer[/icon] [color=pink][b]Bot Announcer[/b][/color] used their [color=pink][b]sex[/b][/color] to please [color=pink][b][color=red]The[/color] [color=white]Changeling[/color] [color=blue]King[/color]'s ass[/b][/color], building them up by [color=pink][b]18 lust points![/b][/color] Woah, that looked hot!
18-06-2020 21:39:42.8 [ROOM] Rosey Vasquez: /me snorts and covers her face. “Wasn’t expecting that..”
18-06-2020 21:40:06.6 [ROOM] Xavier Xavo Wolf: /me growls lowly
18-06-2020 21:40:49.8 [ROOM] Futa_Gardevoir: /me seems to be snickering a bit even though shes trapped right now. ''well seems like the bot got a favorite target there''
18-06-2020 21:41:21.4 [ROOM] Bot: [color=red]Rosey Vasquez pushes a red button and makes the bot keep on fucking Terry the Animorph some more![/color]
18-06-2020 21:41:21.4 [ROOM] Bot: !fuck to Terry the Animorph
18-06-2020 21:41:21.4 [ROOM] Rosey Vasquez: !redbutton
18-06-2020 21:41:21.4 [ROOM] Bot: [icon]Bot Announcer[/icon] [color=pink][b]Bot Announcer[/b][/color] used their [color=pink][b]sex[/b][/color] to please [color=pink][b][color=red]The[/color] [color=white]Changeling[/color] [color=blue]King[/color]'s sex[/b][/color], building them up by [color=pink][b]21 lust points![/b][/color] What an erotic move!
18-06-2020 21:41:42.6 [ROOM] Kate Matsumoto: !riskydaily
18-06-2020 21:41:42.6 [ROOM] Bot: You decided to take a [b]risky[/b] daily reward! You get $2.00 (rewards go from $1 to $30)
18-06-2020 21:42:08.5 [ROOM] Terry the Animorph: /me moans in pleasure.
18-06-2020 21:42:16.0 [ROOM] Rosey Vasquez: /me scoffs and kneels down trying to stop the machine. “Terrrrry I’m so sorry!”
18-06-2020 21:42:41.5 [ROOM] Futa_Gardevoir: /me chuckles. ''hmm you say that but you do keep pressing them~''
18-06-2020 21:42:55.3 [ROOM] Rosey Vasquez: “I thought red would make it stop..”
18-06-2020 21:43:09.3 [ROOM] Neku Koneko: Pink, red, blue, white, green. Good luck~
18-06-2020 21:43:26.8 [ROOM] Kate Matsumoto: "I think you have to hit the pink one again to make it stop..."
18-06-2020 21:44:07.2 [ROOM] Rosey Vasquez: /me nervously tries the green button
18-06-2020 21:44:11.4 [ROOM] Bot: [color=green]Rosey Vasquez pushes a green button and Terry the Animorph is released from the fuck machine![/color]
18-06-2020 21:44:11.4 [ROOM] Rosey Vasquez: !greenbutton
18-06-2020 21:44:43.7 [ROOM] Rosey Vasquez: /me claps her hands together. “I feel like I just defused a bomb..”
18-06-2020 21:45:10.1 [ROOM] Terry the Animorph: /me falls out of the machine then, but he was now left with blue-balls.
18-06-2020 21:45:10.8 [ROOM] Abby Alisson: /me presses into Rin's body, her heart racing. She purses her lips as she hears that offer. She gives a warm smile, though there's a hint of pride in her voice as she speaks up. "I don't hurt very easily. I may not be strong, but I'm flexible," she whispers back, deliberately stretching her leg out behind her. While no gymnast, Abby was still limber given her time playing volleyball. "I think I'd like to see the ropes," she adds. She wasn't sure if she'd win, suspecting she likely wouldn't, but, she was here to try new things and this girl was so VERY charming. She shifted her shoulders, feeling the wolf's eyes on her, bowing her head and blushing, looking a bit uncertain, but she squeezed Rin back in their hug. "I don't mind getting rough and tumbly," she added.
18-06-2020 21:46:31.5 [ROOM] Futa_Gardevoir: /me claps as Terry gets freed. '' Well done hes free now Rosey. Though he doesnt seem to be to happy about it..''
18-06-2020 21:47:13.5 [ROOM] Rosey Vasquez: /me folds her arms over her chest. “He can get himself stuck again.. I’m just not accepting responsibility.”
18-06-2020 21:49:06.5 [ROOM] Futa_Gardevoir: /me squirms more in her bondings. ''Though would you mind helping me out.. Im quite suprised non took the oppertunity to strike when Im like this. But I also dont want to wait long enough for them to do.''
18-06-2020 21:49:56.9 [ROOM] Rosey Vasquez: /me looks around for a button or something.
18-06-2020 21:50:45.6 [ROOM] Abby Alisson: !register
18-06-2020 21:50:45.6 [ROOM] Bot: Abby Alisson has joined! [color=yellow]Please make sure to read the room's description and follow the rules and guidelines! Meow![/color]
18-06-2020 21:51:22.9 [ROOM] Futa_Gardevoir: /me groans as it feels like the ropes get tighter* Ngnn.. these are just ropes you should.. be able to get me free a bit more easily*
18-06-2020 21:51:48.9 [ROOM] Randal Tassler: /me shrugs. "Maybe hit the button again and see if it undoes it."
18-06-2020 21:52:42.3 [ROOM] Terry the Animorph: /me slowly gets up and presses his hand on the counter and presses the pink button then without even noticing.
18-06-2020 21:52:45.3 [ROOM] Bot: [color=yellow]Terry the Animorph notices a weird pink button and decides to press it... only to suddenly see how the bot suddenly strips and traps them in a hanging bondage harness! The bot then shows a pervert smile and starts to fuck the trapped one out of nowhere![/color]
18-06-2020 21:52:45.3 [ROOM] Bot: !fuck to Terry the Animorph
18-06-2020 21:52:45.4 [ROOM] Terry the Animorph: !pinkbutton
18-06-2020 21:52:45.4 [ROOM] Bot: [icon]Bot Announcer[/icon] [color=pink][b]Bot Announcer[/b][/color] used their [color=pink][b]sex[/b][/color] to please [color=pink][b][color=red]The[/color] [color=white]Changeling[/color] [color=blue]King[/color]'s sex[/b][/color], building them up by [color=pink][b]17 lust points![/b][/color] Woah, that looked hot!
18-06-2020 21:54:59.0 [ROOM] Bot: Rosey Vasquez pushes a white button and makes the bot facefuck Terry the Animorph all the way!
18-06-2020 21:54:59.0 [ROOM] Bot: !facefuck to Terry the Animorph
18-06-2020 21:54:59.0 [ROOM] Rosey Vasquez: !whitebutton
18-06-2020 21:54:59.0 [ROOM] Bot: [icon]Bot Announcer[/icon] [color=pink][b]Bot Announcer[/b][/color] used their [color=pink][b]sex[/b][/color] to please [color=pink][b][color=red]The[/color] [color=white]Changeling[/color] [color=blue]King[/color]'s mouth[/b][/color], building them up by [color=pink][b]16 lust points![/b][/color] Woah, that looked hot!
18-06-2020 21:55:29.8 [ROOM] Rosey Vasquez: “.... I’m a monster.”
18-06-2020 21:59:59.9 [ROOM] Abby Alisson: !sheet
18-06-2020 21:59:59.9 [PRIV] Bot to Abby Alisson:
══════════════════════════════════════════════════
                                 ⭐ ⭐ [color=purple][b]General details[/b][/color] ⭐ ⭐
══════════════════════════════════════════════════
[color=pink]                     [icon]Abby Alisson[/icon]
          [b]Faction:[/b] None yet! [b]Dom/sub role:[/b] switch
          [b]Name:[/b] Abby Alisson | [b]Money:[/b] $0.00 | [b]Stat points:[/b] 5 | Wins/Losses: 0/0
          [b]Level:[/b] 1 | [b]Total XP:[/b] 0 | [b]XP for next level:[/b] 8 | [b]XP gain on next battle:[/b] 100 | [b]Used stat points:[/b] 12 / 100 max
          [b]Weight class:[/b] Middleweight | [b]Base LP:[/b] 100 | [b]Strip chance:[/b] +10%
          [b]Attack:[/b] 1 Lips, 1 Fingers, 1 Tits, 1 Sex, 1 Ass, 1 Feet.
          [b]Defense:[/b] 1 Lips, 1 Fingers, 1 Tits, 1 Sex, 1 Ass, 1 Feet.[/color]
══════════════════════════════════════════════════
                                 ⭐ ⭐ [color=purple][b]Equipment[/b][/color] ⭐ ⭐
══════════════════════════════════════════════════
[color=pink]          [b]Sextoy:[/b] Hand. Starter weapon.
          [b]Outfit:[/b] Nude. All exposed.
          [b]Accessory:[/b] Wristbands. Standard uniform.
          [b]Flavor item:[/b] None. Nothing equiped.
          [b]Addictions:[/b]
          None yet.[/color]
══════════════════════════════════════════════════
                                 ⭐ ⭐ [color=purple][b]Inventory[/b][/color] ⭐ ⭐
══════════════════════════════════════════════════
[color=pink]          Nude. All exposed.
          Hand. Starter weapon.
          Wristbands. Standard uniform.
          None. Nothing equiped.
[/color]
18-06-2020 22:00:01.5 [ROOM] Bot: [color=blue]Maid Iroha pushes a blue button and makes the bot ass fuck Terry the Animorph nice and deep![/color]
18-06-2020 22:00:01.5 [ROOM] Bot: !assfuck to Terry the Animorph
18-06-2020 22:00:01.5 [ROOM] Maid Iroha: !bluebutton
18-06-2020 22:00:01.6 [ROOM] Bot: [icon]Bot Announcer[/icon] [color=pink][b]Bot Announcer[/b][/color] used their [color=pink][b]sex[/b][/color] to please [color=pink][b][color=red]The[/color] [color=white]Changeling[/color] [color=blue]King[/color]'s ass[/b][/color], building them up by [color=pink][b]18 lust points![/b][/color] Woah, that looked hot!
18-06-2020 22:01:54.9 [ROOM] Futa_Gardevoir: /me chuckles. ''seems like the bot only wants one thing here''
18-06-2020 22:02:13.5 [PRIV] Abby Alisson: !train defense on feet
18-06-2020 22:02:13.5 [PRIV] Bot to Abby Alisson:Training successful! You now have 2 points in defense on feet, and 4 stat points left.
18-06-2020 22:02:26.8 [PRIV] Abby Alisson: !train attack on feet
18-06-2020 22:02:26.8 [PRIV] Bot to Abby Alisson:Training successful! You now have 2 points in attack on feet, and 3 stat points left.
18-06-2020 22:02:42.6 [PRIV] Abby Alisson: !train attack on tits
18-06-2020 22:02:42.6 [PRIV] Bot to Abby Alisson:Training successful! You now have 2 points in attack on tits, and 2 stat points left.
18-06-2020 22:02:55.3 [PRIV] Abby Alisson: !train defense on tits
18-06-2020 22:02:55.4 [PRIV] Bot to Abby Alisson:Training successful! You now have 2 points in defense on tits, and 1 stat points left.
18-06-2020 22:03:04.0 [PRIV] Abby Alisson: !train attack on fingers
18-06-2020 22:03:04.0 [PRIV] Bot to Abby Alisson:Training successful! You now have 2 points in attack on fingers, and 0 stat points left.
18-06-2020 22:04:03.0 [ROOM] Abby Alisson: !ready
18-06-2020 22:04:03.0 [ROOM] Bot: 
[color=cyan]═════════════ ⭐ [color=purple]combat ring[/color] ⭐ ═════════════
          [icon]Abby Alisson[/icon][eicon]d-rank[/eicon] [b][color=pink]Abby Alisson[/color][/b] has entered the ring![/color]
          [color=cyan]Sextoy: Hand, Outfit: Nude, Accessory: Wristbands, Other: None.[/color]
18-06-2020 22:04:41.9 [ROOM] Malo: F-List me va a matar.
18-06-2020 22:05:09.9 [ROOM] Cidnarra: Se esta tardando.
18-06-2020 22:05:23.9 [ROOM] Kristoffer Cowell: ¿Te quieren violar?
18-06-2020 22:05:44.6 [ROOM] Cidnarra: Descubrieron su trasero.
18-06-2020 22:06:20.6 [PRIV] Rin Loveheart: !domsub toy
18-06-2020 22:06:20.6 [PRIV] Bot to Rin Loveheart:Role changed!
18-06-2020 22:06:33.2 [ROOM] Rin Loveheart: !ready
18-06-2020 22:06:33.2 [ROOM] Bot: 
[color=cyan]═════════════ ⭐ [color=purple]combat ring[/color] ⭐ ═════════════
          [icon]Rin Loveheart[/icon][eicon]a-rank[/eicon] [b][color=pink]Rin Loveheart [color=red]♡[/color][/color][/b] has entered the ring![/color]
          [color=cyan]Sextoy: Hand, Outfit: Cutest outfit, Accessory: Fashionable glasses, Other: None.[/color]
18-06-2020 22:06:33.2 [ROOM] Bot: 
[icon]Bot Announcer[/icon][color=cyan] Welcome to the combat ring! Tonight it's Abby Alisson vs Rin Loveheart [color=red]♡[/color], Who will hold out, and who will end up in a pool of their own spunk? Let's find out... now![/color]
[color=cyan]═════════════════ ⭐ [color=purple]combat ring[/color] ⭐ ═════════════════
 [color=black][/color][color=purple]████████████████████[/color] ⭐ [color=purple]VS[/color] ⭐ [color=purple]████████████████████[/color][color=black][/color]
► [icon]Abby Alisson[/icon]                                                                  [icon]Rin Loveheart[/icon]
It's Abby Alisson's turn![/color]

18-06-2020 22:07:08.7 [ROOM] Malo: Entro otras muchas otrs cosas.
18-06-2020 22:07:39.2 [ROOM] Bot: [icon]Bot Announcer[/icon] [color=pink][b]Abby Alisson[/b][/color] used their [color=pink][b]fingers[/b][/color] to hurt [color=pink][b]Rin Loveheart [color=red]♡[/color]'s tits[/b][/color], dealing [color=red][b]7 hit points![/b][/color] Looks like that warmed them up a little.
[color=cyan]═════════════════ ⭐ [color=purple]combat ring[/color] ⭐ ═════════════════
 [color=black]█[/color][color=purple]███████████████████[/color] ⭐ [color=purple]VS[/color] ⭐ [color=purple]████████████████████[/color][color=black][/color]
► [icon]Rin Loveheart[/icon]                                                                  [icon]Abby Alisson[/icon]
It's Rin Loveheart [color=red]♡[/color]'s turn![/color]

18-06-2020 22:07:39.2 [ROOM] Abby Alisson: !attack fingers to tits
18-06-2020 22:07:53.6 [ROOM] Malo: Hobby dañino este.
18-06-2020 22:08:01.6 [ROOM] Kristoffer Cowell: ¿Quieres decir que perdí la oportunidad de cogerte?
18-06-2020 22:08:09.0 [ROOM] Cidnarra: Usa almadura, o empiesa a usar pantalones por primeravez en tu vida.
18-06-2020 22:08:45.0 [ROOM] Bot: 
[color=cyan]The ring is empty![/color]
18-06-2020 22:08:45.0 [ROOM] Fariday: !status
18-06-2020 22:08:49.7 [ROOM] Fariday: !riskydaily
18-06-2020 22:08:49.7 [ROOM] Bot: You decided to take a [b]risky[/b] daily reward! You get $6.00 (rewards go from $1 to $30)
18-06-2020 22:09:09.3 [ROOM] Kristoffer Cowell: No tan dañino como creerle a ella.
18-06-2020 22:09:57.8 [ROOM] Rosey Vasquez: /me sits down and leans towards her toes to get a bit more flexibility.
18-06-2020 22:10:02.2 [ROOM] Malo: Real.
18-06-2020 22:14:24.9 [PRIV] Kate Matsumoto: !sheet
18-06-2020 22:14:24.9 [PRIV] Bot to Kate Matsumoto:
══════════════════════════════════════════════════
                                 ⭐ ⭐ [color=purple][b]General details[/b][/color] ⭐ ⭐
══════════════════════════════════════════════════
[color=pink]                     [icon]Kate Matsumoto[/icon]
          [b]Faction:[/b] undefined [b]Dom/sub role:[/b] competitive
          [b]Name:[/b] Kate Matsumoto | [b]Money:[/b] $10.00 | [b]Stat points:[/b] 1 | Wins/Losses: 10/5
          [b]Level:[/b] 23 | [b]Total XP:[/b] 12600 | [b]XP for next level:[/b] 1224 | [b]XP gain on next battle:[/b] 2300 | [b]Used stat points:[/b] 51 / 100 max
          [b]Weight class:[/b] Middleweight | [b]Base LP:[/b] 105 | [b]Strip chance:[/b] +10%
          [b]Attack:[/b] 6 Lips, 10 Fingers, 2 Tits, 2 Sex, 2 Ass, 1 Feet.
          [b]Defense:[/b] 5 Lips, 4 Fingers, 5 Tits, 5 Sex, 5 Ass, 4 Feet.[/color]
══════════════════════════════════════════════════
                                 ⭐ ⭐ [color=purple][b]Equipment[/b][/color] ⭐ ⭐
══════════════════════════════════════════════════
[color=pink]          [b]Sextoy:[/b] Massage Training. +3 atk on fingers.
          [b]Outfit:[/b] Kate's Casualwear. +3 def on tits, +3 def on sex, +3 def on ass.
          [b]Accessory:[/b] Glasses, Arm Warmers, and Cozy Socks. +3 def on lips, +3 def on fingers, +3 def on feet.
          [b]Flavor item:[/b] None. Nothing equiped.
          [b]Addictions:[/b]
          resistance lvl 2 to fingers, weakness lvl 5 to tits, weakness lvl 1 to sex, weakness lvl 1 to ass, resistance lvl 5 to feet.[/color]
══════════════════════════════════════════════════
                                 ⭐ ⭐ [color=purple][b]Inventory[/b][/color] ⭐ ⭐
══════════════════════════════════════════════════
[color=pink]          Nude. All exposed.
          Hand. Starter weapon.
          Wristbands. Standard uniform.
          None. Nothing equiped.
          Massage Training. +3 atk on fingers.
          Kate's Casualwear. +3 def on tits, +3 def on sex, +3 def on ass.
          Glasses, Arm Warmers, and Cozy Socks. +3 def on lips, +3 def on fingers, +3 def on feet.
[/color]
18-06-2020 22:14:47.7 [ROOM] Cidnarra: Sientate y tu culo estara asalvo... pero no tu boca.
18-06-2020 22:14:50.2 [ROOM] Cidnarra: XD
18-06-2020 22:16:01.9 [ROOM] Malo: Su
18-06-2020 22:16:20.9 [ROOM] Malo: Me tocara enterrrme en concreto.
18-06-2020 22:16:35.3 [ROOM] Cidnarra: ?
18-06-2020 22:21:26.4 [ROOM] Kristoffer Cowell: Que meterá su culo en cemento para que nadie lo viole.
18-06-2020 22:21:30.6 [ROOM] Kristoffer Cowell: O bueno...
18-06-2020 22:21:40.4 [ROOM] Kristoffer Cowell: Ponte un cinturón de castidad. Lo mismo, pero kinky.
18-06-2020 22:21:51.9 [ROOM] Abby Alisson: /me moved swiftly, her slender fingers, glittering with pink from her nails darting out. It was, she thought a sneak attack, reaching out, and grasping Rin's bosom, her fingers clamping down on them through the cute outfit. She tried not to hesitate or give pause as she squeezed, her fingers tightening around the nipples, giving a twist that was meant to be a mix of painful, pleasurable, and teasing all at once as she struck and tried to skip back out of range.
18-06-2020 22:21:53.4 [ROOM] Cidnarra: Y como va a cagar?
18-06-2020 22:21:56.6 [ROOM] Cidnarra: XD
18-06-2020 22:22:07.4 [ROOM] Cidnarra: Tendra que vomitar.
18-06-2020 22:22:31.4 [ROOM] Cidnarra: Mientras este en su estomago.
18-06-2020 22:25:41.3 [ROOM] Rin Loveheart:  /me tensed up at the very sudden shot of pain in her chest, the sharp pinching and twisting making her cry out!  "A-aahhhhh... Ow, ow, owwwwwwww! Aaaaahhnnn.... Oh, that stings... N-nnngh... Hah... Good start!" With a little shudder, and twitch, the beauty could already feel her heart beating faster, her breathing speeding up. She'd hardly done enough for it to be exertion. No, this feeling was... arousal! Attraction~ "I... I like you already~ And I hope you like this!" With a skip towards the other girl, she pulls her open hand back and swings a hard slap right across Abby's face!
18-06-2020 22:26:26.2 [ROOM] Rin Loveheart: (....Eeeek! Embarassing!)
18-06-2020 22:26:37.4 [ROOM] Rin Loveheart: /me tensed up at the very sudden shot of pain in her chest, the sharp pinching and twisting making her cry out!  "A-aahhhhh... Ow, ow, owwwwwwww! Aaaaahhnnn.... Oh, that stings... N-nnngh... Hah... Good start!" With a little shudder, and twitch, the beauty could already feel her heart beating faster, her breathing speeding up. She'd hardly done enough for it to be exertion. No, this feeling was... arousal! Attraction~ "I... I like you already~ And I hope you like this!" With a skip towards the other girl, she pulls her open hand back and swings a hard slap right across Abby's face!
18-06-2020 22:26:46.2 [ROOM] Bot: [icon]Bot Announcer[/icon] [color=pink][b]Rin Loveheart [color=red]♡[/color][/b][/color] used their [color=pink][b]slap[/b][/color] to hurt [color=pink][b]Abby Alisson's face[/b][/color], dealing [color=red][b]11 hit points![/b][/color] Ooh, they definitely felt that.
[color=cyan]═════════════════ ⭐ [color=purple]combat ring[/color] ⭐ ═════════════════
 [color=black]██[/color][color=purple]██████████████████[/color] ⭐ [color=purple]VS[/color] ⭐ [color=purple]███████████████████[/color][color=black]█[/color]
► [icon]Abby Alisson[/icon]                                                                  [icon]Rin Loveheart[/icon]
It's Abby Alisson's turn![/color]

18-06-2020 22:26:46.2 [ROOM] Rin Loveheart: !attack slap to face
18-06-2020 22:26:57.9 [ROOM] Lusty Bust: /me portals onto a couch
18-06-2020 22:30:35.9 [ROOM] Abby Alisson: /me was trying to remain light on her feet, feeling a surge of both satisfaction and a small tinge of guilt. Still, she wasn't going to tap out and Rin's encouragement suppressed that tinge. She saw something change as adrenalin was flowing through her opponent as well, and... more? Abby grimaced, trying to hide those feelings herself, her competitive side out. She heard the compliment about being liked already and getting cocky, started to blow a kiss, only to have her eyes widen as Rin moved in and her hand flew. Abby felt the stinging impact and let out a loud, resounding yelp,  her head flying back and to the side, eyes closing, and giving a half step in the direction she was struck. "Aaurghaowie!" she squealed in pain, immediately clenching her cheek. She shook her head and feeling a bit stunned, did her best to recover by launching, almost diving, into her next attack.
18-06-2020 22:31:06.9 [ROOM] Bot: [icon]Bot Announcer[/icon] [color=pink][b]Abby Alisson[/b][/color] used their [color=pink][b]fingers[/b][/color] to hurt [color=pink][b]Rin Loveheart [color=red]♡[/color]'s feet[/b][/color], dealing [color=red][b]8 hit points![/b][/color] Looks like that warmed them up a little.
[color=cyan]═════════════════ ⭐ [color=purple]combat ring[/color] ⭐ ═════════════════
 [color=black]██[/color][color=purple]██████████████████[/color] ⭐ [color=purple]VS[/color] ⭐ [color=purple]██████████████████[/color][color=black]██[/color]
► [icon]Rin Loveheart[/icon]                                                                  [icon]Abby Alisson[/icon]
It's Rin Loveheart [color=red]♡[/color]'s turn![/color]

18-06-2020 22:31:06.9 [ROOM] Abby Alisson: !attack fingers to feet
18-06-2020 22:31:44.8 [ROOM] Lyanna Pelon: /me looks up to see if there was a hole in the ceiling, relieved when she doesn't find another one. "Welcome~"
18-06-2020 22:32:50.2 [ROOM] Abby Alisson: /me fought dirty, half trying to knocks and push Rin off balance with a savage twist of her toes, even as Abby tested if her arguably biggest weakness could subdue Rin with a skittering swipe of her nails over the toes she grabbed.
18-06-2020 22:33:49.9 [ROOM] Kate Matsumoto: /me gives a sleepy wave!
18-06-2020 22:35:04.6 [ROOM] Chad Simpson: /me walks over to Kate to pet her hip.
18-06-2020 22:35:11.1 [ROOM] Kelly Hunters: /me waves slightly, looking around before pulling out a book to read
18-06-2020 22:35:55.1 [ROOM] Kate Matsumoto: /me nods to Chad, ruffling his hair, and smiles to Kelly.
18-06-2020 22:36:34.4 [ROOM] Lusty Bust: /me also pulls out a book, a rom com novl
18-06-2020 22:37:04.4 [ROOM] Chad Simpson: /me sits behind Kate, straddling her bum, as he wraps his arms around her waist.
18-06-2020 22:39:01.4 [PRIV] Sara Lovelock: !daily
18-06-2020 22:39:01.4 [PRIV] Bot to Sara Lovelock:Here's your daily reward! You get $10.00
18-06-2020 22:39:04.8 [PRIV] Sara Lovelock: !looking
18-06-2020 22:39:04.9 [PRIV] Bot to Sara Lovelock:[b][color=green]Online users looking for a match:[/color][/b]
[user]Fariday[/user], [user]Tailwind[/user], [user]Tsuka the racoon[/user], [user]Galarian Glory[/user], [user]Randal Tassler[/user], [user]Lydia Cadell[/user], [user]Warrior Celestia[/user], [user]Jade Elliot[/user], [user]Maid Iroha[/user], [user]Blueyesthiccdragon[/user], [user]Evelyn Baker[/user], [user]Kate Matsumoto[/user], [user]Toy Wonder[/user], [user]Chad Simpson[/user], [user]Rin Yukimura[/user], [user]Xavier Xavo Wolf[/user], [user]Hiroki[/user], [user]Doltin Shrap[/user], [user]John Walker[/user], [user]Blair Royce[/user]
[color=yellow]You can set yourself as looking for a match using[/color] !look [color=yellow]or stop looking for a match using[/color] !stoplook
18-06-2020 22:41:37.5 [ROOM] Kate Matsumoto: /me blinks several times and reaches back to scritch Chad's hair, just letting him cuddle up how he likes.
18-06-2020 22:41:45.9 [ROOM] Rin Loveheart: /me felt a rush of sadistic pleasure at that cry of pain, a bright pink colour spreading across her cheeks. "Hehehehe..." Her eagerness, however, was mixed with a small hint of hesitation. She hadn't known this girl for very long, but she liked Abby. She wanted to share all sorts of intimate moments with moments with the blonde, and those dreamy, romantic thoughts left her vulnerable, caught off guard as Abby dived down. "E-eeeeeeeeeeeyaaaaaaaaah! Ow, owwww! Ahhhhhhhhhh!" The pain was so intense that she could feel tears pooling in the corners of her eyes... And that's when the laughter overtook her. "A-ah... Ahahahahahaha~ Ehehehe... Hehe.. Heh... So, that's how you want to play, hmm?" With a catlike grin spreading across her cheeks, she would reach down, getting her fingers firmly tangled up in the blonde's hair and yanking! A vicious tug that would pull Abby right back up to her level, before beginning to run her fingertipss all over the other girl's stomach! Up, down, and all around, her fingers rapidly wriggling the whole time, playfully tickling the blonde right back!
18-06-2020 22:41:53.0 [ROOM] Lyanna Pelon: /me takes a peek at the title of the book and realizes she has a copy herself back home. "Oh don't tell me how it ends, its on my to read list~"
18-06-2020 22:41:56.7 [ROOM] Bot: [icon]Bot Announcer[/icon] [color=pink][b]Rin Loveheart [color=red]♡[/color][/b][/color] used their [color=pink][b]pull[/b][/color] to hurt [color=pink][b]Abby Alisson's hair[/b][/color], dealing [color=red][b]13 hit points![/b][/color] Ooh, they definitely felt that.
[color=cyan]═════════════════ ⭐ [color=purple]combat ring[/color] ⭐ ═════════════════
 [color=black]████[/color][color=purple]████████████████[/color] ⭐ [color=purple]VS[/color] ⭐ [color=purple]██████████████████[/color][color=black]██[/color]
► [icon]Abby Alisson[/icon]                                                                  [icon]Rin Loveheart[/icon]
It's Abby Alisson's turn![/color]

18-06-2020 22:41:56.7 [ROOM] Rin Loveheart: !attack pull to hair
18-06-2020 22:42:18.0 [PRIV] Rin Loveheart: !sheet
18-06-2020 22:42:18.0 [PRIV] Bot to Rin Loveheart:
══════════════════════════════════════════════════
                                 ⭐ ⭐ [color=purple][b]General details[/b][/color] ⭐ ⭐
══════════════════════════════════════════════════
[color=pink]                     [icon]Rin Loveheart[/icon]
          [b]Faction:[/b]  [b]Dom/sub role:[/b] toy
          [b]Name:[/b] Rin Loveheart | [b]Money:[/b] $125.00 | [b]Stat points:[/b] 0 | Wins/Losses: 17/0
          [b]Level:[/b] 31 | [b]Total XP:[/b] 31200 | [b]XP for next level:[/b] 1568 | [b]XP gain on next battle:[/b] 3100 | [b]Used stat points:[/b] 72 / 100 max
          [b]Weight class:[/b] Middleweight | [b]Base LP:[/b] 112 | [b]Strip chance:[/b] +10%
          [b]Attack:[/b] 1 Lips, 1 Fingers, 1 Tits, 1 Sex, 1 Ass, 1 Feet.
          [b]Defense:[/b] 11 Lips, 11 Fingers, 11 Tits, 11 Sex, 11 Ass, 11 Feet.[/color]
══════════════════════════════════════════════════
                                 ⭐ ⭐ [color=purple][b]Equipment[/b][/color] ⭐ ⭐
══════════════════════════════════════════════════
[color=pink]          [b]Sextoy:[/b] Hand. Starter weapon.
          [b]Outfit:[/b] Cutest outfit. +4 def on tits, +4 def on sex, +4 def on ass.
          [b]Accessory:[/b] Fashionable glasses. +4 def on lips, +4 def on fingers, +4 def on feet.
          [b]Flavor item:[/b] None. Nothing equiped.
          [b]Addictions:[/b]
          None yet.[/color]
══════════════════════════════════════════════════
                                 ⭐ ⭐ [color=purple][b]Inventory[/b][/color] ⭐ ⭐
══════════════════════════════════════════════════
[color=pink]          Nude. All exposed.
          Hand. Starter weapon.
          Wristbands. Standard uniform.
          None. Nothing equiped.
          High heels. +3 atk on feet.
          Lovetap. +3 atk on fingers.
          Cutest outfit. +4 def on tits, +4 def on sex, +4 def on ass.
          Fashionable glasses. +4 def on lips, +4 def on fingers, +4 def on feet.
[/color]
18-06-2020 22:45:05.4 [ROOM] Chad Simpson: /me shudders from the itching he got on his head as his bulge presses between Kate’s butt cheeks. Then he gives her belly a good caressing as he lightly gropes one of her boobs.
18-06-2020 22:49:36.0 [ROOM] Abby Alisson: /me was caught up in her attack, having heard Rin chuckle earlier after the attack and wondered if she could exploit this attack to subdue her, gracefully, and triumph without causing *too* much pain, Abby still being a softie, albeit a determined one. She heard the cries of pain as she twisted at those toes, then snickered, an almost maniac grin as she heard that laughter. "Ha! Yuuuuuup! It- AHyeeeeeeee! Not tha hai.hair AAAAAAHOWWIE!" she shrieked, feeling her hair pulled to where she was worried of losing her locks. Pulled up straight, almost at Rin's eye level, she started to twist forward when Rin returned the tickle attack. A moment of pure panic crossed her eyes as she burst out laughing, even squealing. "AeheAAAHEEEE Oooh! DaaHAHAH dang yo..youuAAAHEEEE!" She lurched forward, and half to be a bit of a brat, and half to use her "leverage" to push Rin away, Abby slammed her bosom into Rin's her C-cups squishing in, trying to win a "battle of the bulges".
18-06-2020 22:49:43.3 [ROOM] Bot: [icon]Bot Announcer[/icon] [color=pink][b]Abby Alisson[/b][/color] used their [color=pink][b]tits[/b][/color] to hurt [color=pink][b]Rin Loveheart [color=red]♡[/color]'s tits[/b][/color], dealing [color=red][b]11 hit points![/b][/color] Ooh, they definitely felt that.
[color=cyan]═════════════════ ⭐ [color=purple]combat ring[/color] ⭐ ═════════════════
 [color=black]████[/color][color=purple]████████████████[/color] ⭐ [color=purple]VS[/color] ⭐ [color=purple]████████████████[/color][color=black]████[/color]
► [icon]Rin Loveheart[/icon]                                                                  [icon]Abby Alisson[/icon]
It's Rin Loveheart [color=red]♡[/color]'s turn![/color]

18-06-2020 22:49:43.3 [ROOM] Abby Alisson: !attack tits to tits
18-06-2020 22:50:38.6 [ROOM] Abri: /me starts placing her bets on the blonde. 
18-06-2020 22:51:42.7 [ROOM] Jade Elliot: !daily
18-06-2020 22:51:42.7 [ROOM] Bot: Here's your daily reward! You get $10.00
18-06-2020 22:52:44.1 [PRIV] Holly White: !riskydaily
18-06-2020 22:52:44.1 [PRIV] Bot to Holly White:You decided to take a [b]risky[/b] daily reward! You get $13.00 (rewards go from $1 to $30)
18-06-2020 22:53:30.3 [PRIV] Crystal Prep Twi: !riskydialy
18-06-2020 22:53:41.4 [PRIV] Crystal Prep Twi: !riskydaily
18-06-2020 22:53:41.4 [PRIV] Bot to Crystal Prep Twi:You decided to take a [b]risky[/b] daily reward! You get $13.00 (rewards go from $1 to $30)
18-06-2020 23:01:03.0 [ROOM] Rin Loveheart: /me watched Abby's reaction to her tickling with obvious delight, shining in her eyes. "My, my~ You are really ticklish, aren't you? Gosh, you're the cutest thing ever! I... I want to keep you~" She was almost over eager as she voiced that thought, a possessive part of her wanting to claim the blonde - heart, and body - for herself. "H-hah... Trying to take it easy on me, darling? I can take more than a little bit of pain. But... Your gentle side is charming, too." Her words were whispered into Abby's ear, a sweet, adoring tone to her voice, although her volume rose when a sudden and shrill yelp as the other girl slammed into her, tits first! "Eeeeeeeeeeeeek! U-ummmmph! Ahhnnn..." She groaned as she toppled over from the collision, but she quickly grabbed a hold of Abby's waist and rolled! Trying to flip them over, pinning the blonde beneath her and pushing her chest down upon Abby's in return. "H-hhmmph~ You little brat! How about... This!" Once she had Abby pinned down, she would take one of those C-cups into the palm of her hand, giving a lewd little grope, before her nails dug in! Pinching and squeezing, inflicting a sharp, painful torture to Abby's chest~
18-06-2020 23:01:13.6 [ROOM] Bot: [icon]Bot Announcer[/icon] [color=pink][b]Rin Loveheart [color=red]♡[/color][/b][/color] used their [color=pink][b]fingers[/b][/color] to hurt [color=pink][b]Abby Alisson's tits[/b][/color], dealing [color=red][b]16 hit points![/b][/color] Woah, that looked hot!
[color=cyan]═════════════════ ⭐ [color=purple]combat ring[/color] ⭐ ═════════════════
 [color=black]████████[/color][color=purple]████████████[/color] ⭐ [color=purple]VS[/color] ⭐ [color=purple]████████████████[/color][color=black]████[/color]
► [icon]Abby Alisson[/icon]                                                                  [icon]Rin Loveheart[/icon]
It's Abby Alisson's turn![/color]

18-06-2020 23:01:13.6 [ROOM] Rin Loveheart: !attack fingers to tits
18-06-2020 23:15:14.6 [ROOM] Abby Alisson: /me blushed, shaking her head in a very obvious and weak denial. She did give something of a growl as she was accused of taking it easy, figuring that throwing her mass at Rin would be enough to push her back, though those whispered words made her hesitate somewhat, causing her face to turn red. The attack still seemed effective as Rin fell back, her groan being something between pained and it sounded... arousing? which made Abby's heart skip a beat. She gasped, feeling her adrenaline pass, sure she had a moment to breathe, only to give a squealing yelp as Rin pulled her by the waist. Abby fell in a very ungraceful heap, slamming onto her back with a pained, moaning grunt, looking a bit dazed. Abby's eyes widened as she then saw Rin all but collapsed onto her, giving a muffled, nearly breathless  "Uaaaeeeeeeeeehooogh... uh..  uh..." Caught off guard and feeling the wind knocked out of her as well as still dazed, she could only watch as those nails bit into her tender flesh. She could feel them sink in and Abby's eyes went their widest yet at the tight squeezes that she knew would leave a mark there in the morning. She gasped, trying to get air back into her lungs, and when she finally did, it was a panicked, piercing yelp of pain as she arched her back and tried to wriggle her chest. Desperate, and also sad to disappoint the girl who was betting on her, Abby started to tap the mat frantically.
18-06-2020 23:15:17.9 [ROOM] Bot: 
[icon]Bot Announcer[/icon][color=gray]Abby Alisson has given up and/or climaxed earlier! The winner gets $5.00 and the loser gets nothing, thank you for participating.[/color]
[color=gray]════════════════ ⭐ [color=purple]Combat ended[/color] ⭐ ════════════════[/color]

18-06-2020 23:15:17.9 [ROOM] Abby Alisson: !giveup
18-06-2020 23:18:17.3 [ROOM] Rin Loveheart: /me immediately released her hold, gently stroking her fingers across Abby's chest, before ducking her head down... And pressing a tender, apologetic set of kisses to the marks her nails had left. "I'm sorry I hurt you... But... This was really fun. I really like you, and..." She couldn't hold back anymore, she leaned in and kissed Abby, passionately pressing their lips together. "Um... That." She blushed, gently guiding the other girl out of the ring.
18-06-2020 23:21:05.8 [ROOM] Abby Alisson: /me gave a few soft grunts as she felt the gentle touches to her chest. She gasped and cooed as soon as she felt the kisses, calming down at once, and looking on with Rin with adoration. She felt no shame in her loss. "It's all... part of the game. Battle bruises I can wear with pride an-," she said, only to break off as Rin kisses her. Abby's response was intense and passionate, pressing her lips in, heart racing, despite how painfully short that kiss felt. "That, was wonderful," Abby said, following up with a soft kiss on the lips and a caress on her new friend's cheek. Smiling, she got up and offered a hand, shaking somewhat, to Rin as well, then exited. A nice long soak in the tub was going to be needed after this.((Need to turn in here! Nice meeting you all! ^_^))
18-06-2020 23:22:06.9 [ROOM] Abri: /me waves gnight.
18-06-2020 23:27:17.2 [ROOM] The Lugia Kitty: Hola 
18-06-2020 23:56:51.4 [ROOM] Shay Serix: !riskydaily
18-06-2020 23:56:51.4 [ROOM] Bot: You decided to take a [b]risky[/b] daily reward! You get $13.00 (rewards go from $1 to $30)
