14-12-2017 01:14:09.5 [PRIV] Bot to Skylla Taum:
[icon]Bot Announcer[/icon][color=gray] Welcome to the training ring! Today we have Skylla Taum vs Yuni Hermit! Let the match begin![/color]
[color=gray]═════════════════ ⭐ [color=purple]Sexfight ring[/color] ⭐ ═════════════════
 [color=purple]▓▓▓▓▓▓▓▓▓▓▓▓▓▓▓▓▓▓▓▓[/color] ⭐ [color=purple]VS[/color] ⭐ [color=purple]▓▓▓▓▓▓▓▓▓▓▓▓▓▓▓▓▓▓▓▓[/color]
► [icon]Skylla Taum[/icon]                                                                  [icon]Yuni Hermit[/icon]
It's Skylla Taum's turn![/color]

14-12-2017 01:14:09.5 [PRIV] Skylla Taum: !trainingdummy shemale
14-12-2017 01:14:16.5 [PRIV] Bot to Skylla Taum:
[icon]Bot Announcer[/icon][color=gray]Skylla Taum used their cock to tease Yuni Hermit's lips, dealing 18 lust points![/color]
[color=gray]═════════════════ ⭐ [color=purple]Sexfight ring[/color] ⭐ ═════════════════
 [color=purple]░░░▓▓▓▓▓▓▓▓▓▓▓▓▓▓▓▓▓[/color] ⭐ [color=purple]VS[/color] ⭐ [color=purple]▓▓▓▓▓▓▓▓▓▓▓▓▓▓▓▓▓▓▓▓[/color]
► [icon]Yuni Hermit[/icon]                                                                  [icon]Skylla Taum[/icon]
It's Yuni Hermit's turn![/color]
[i]Yuni runs a paw through her hair and drops to her knees. 'May I suck your cock... please?' she asks awkwardly. Opening her mouth and sticking out her tongue, her eyes half-shut as she gets her treat. She rests her hands on your thighs and bobs her head in your lap, drooling, sucking, clearly flustered and a bit mind-numbed... leaving a coating of her spittle from base to tip of your cock, and a lipstick mark split between your upper groin and balls... a deepthroat whore-print, as she bottoms out. Flustered, rubbing her pussy, she finishes. '... Thank you.'[/i]

14-12-2017 01:14:16.5 [PRIV] Bot to Skylla Taum:
[i]Yuni smirks. 'Hungry? No? Too bad.' she teases. She turns around and hip-drops, slamming you to the mat with her rear end... with her naked behind on your face, she makes the world vanish into darkness. 'Eat.' she taunts. She starts grinding her pucker on your mouth, anus rubbing, smearing her scent, trying to force you to tongue her tush if she can get away with it... getting up only when you are desperate for breath.[/i]
[icon]Bot Announcer[/icon][color=gray]Yuni Hermit used their ass to tease Skylla Taum's lips, dealing 16 lust points![/color]
[color=gray]═════════════════ ⭐ [color=purple]Sexfight ring[/color] ⭐ ═════════════════
 [color=purple]░░░▓▓▓▓▓▓▓▓▓▓▓▓▓▓▓▓▓[/color] ⭐ [color=purple]VS[/color] ⭐ [color=purple]▓▓▓▓▓▓▓▓▓▓▓▓▓▓▓▓▓░░░[/color]
► [icon]Skylla Taum[/icon]                                                                  [icon]Yuni Hermit[/icon]
It's Skylla Taum's turn![/color]

14-12-2017 01:14:16.5 [PRIV] Skylla Taum: !attack cock to lips
14-12-2017 01:14:30.6 [PRIV] Bot to Skylla Taum:
[icon]Bot Announcer[/icon][color=gray]Skylla Taum used their feet to tease Yuni Hermit's tits, dealing 12 lust points![/color]
[color=gray]═════════════════ ⭐ [color=purple]Sexfight ring[/color] ⭐ ═════════════════
 [color=purple]░░░░░░▓▓▓▓▓▓▓▓▓▓▓▓▓▓[/color] ⭐ [color=purple]VS[/color] ⭐ [color=purple]▓▓▓▓▓▓▓▓▓▓▓▓▓▓▓▓▓░░░[/color]
► [icon]Yuni Hermit[/icon]                                                                  [icon]Skylla Taum[/icon]
It's Yuni Hermit's turn![/color]
[i]Yuni lays down with a frustrated, stimulated grunt. She pushes her tits together with her paws to make them squish out... Easy balloons to walk on. Her nipples throb between your toes, leaking a little bit of milky lubrication. They squish, but are strong enough to even support your body if you stand on her chest. 'Mmmf... guh.' she teases cutely.[/i]

14-12-2017 01:14:30.6 [PRIV] Bot to Skylla Taum:
[i]Yuni bends you backwards for a dip-kiss like a gentleman on a ballroom floor... she pushes her tongue into your mouth as she locks lips with you, exploring your mouth with her licker while she suckles on your own tongue.[/i]
[icon]Bot Announcer[/icon][color=gray]Yuni Hermit used their lips to tease Skylla Taum's lips, dealing 10 lust points![/color]
[color=gray]═════════════════ ⭐ [color=purple]Sexfight ring[/color] ⭐ ═════════════════
 [color=purple]░░░░░▓▓▓▓▓▓▓▓▓▓▓▓▓▓▓[/color] ⭐ [color=purple]VS[/color] ⭐ [color=purple]▓▓▓▓▓▓▓▓▓▓▓▓▓▓░░░░░░[/color]
► [icon]Skylla Taum[/icon]                                                                  [icon]Yuni Hermit[/icon]
It's Skylla Taum's turn![/color]

14-12-2017 01:14:30.6 [PRIV] Skylla Taum: !attack feet to tits
14-12-2017 01:14:39.4 [PRIV] Bot to Skylla Taum:
[icon]Bot Announcer[/icon][color=gray]Skylla Taum used their cock to tease Yuni Hermit's lips, dealing 13 lust points![/color]
[color=gray]═════════════════ ⭐ [color=purple]Sexfight ring[/color] ⭐ ═════════════════
 [color=purple]░░░░░░░░▓▓▓▓▓▓▓▓▓▓▓▓[/color] ⭐ [color=purple]VS[/color] ⭐ [color=purple]▓▓▓▓▓▓▓▓▓▓▓▓▓▓▓░░░░░[/color]
► [icon]Yuni Hermit[/icon]                                                                  [icon]Skylla Taum[/icon]
It's Yuni Hermit's turn![/color]
[i]Yuni runs a paw through her hair and drops to her knees. 'May I suck your cock... please?' she asks awkwardly. Opening her mouth and sticking out her tongue, her eyes half-shut as she gets her treat. She rests her hands on your thighs and bobs her head in your lap, drooling, sucking, clearly flustered and a bit mind-numbed... leaving a coating of her spittle from base to tip of your cock, and a lipstick mark split between your upper groin and balls... a deepthroat whore-print, as she bottoms out. Flustered, rubbing her pussy, she finishes. '... Thank you.'[/i]

14-12-2017 01:14:39.4 [PRIV] Bot to Skylla Taum:
[i]Yuni does a leg-sweep to get you on your face, then plasters her foot on your rear end. Shoving the tip of her hindpaw into your rear crack, she finds your pucker and squishes her big toe into it... flexing and pumping it a bit to stretch out your rear with her big, soft toe~[/i]
[icon]Bot Announcer[/icon][color=gray]Yuni Hermit used their feet to tease Skylla Taum's ass, dealing 19 lust points![/color]
[color=gray]═════════════════ ⭐ [color=purple]Sexfight ring[/color] ⭐ ═════════════════
 [color=purple]░░░░░░░░░▓▓▓▓▓▓▓▓▓▓▓[/color] ⭐ [color=purple]VS[/color] ⭐ [color=purple]▓▓▓▓▓▓▓▓▓▓▓▓░░░░░░░░[/color]
► [icon]Skylla Taum[/icon]                                                                  [icon]Yuni Hermit[/icon]
It's Skylla Taum's turn![/color]

14-12-2017 01:14:39.4 [PRIV] Skylla Taum: !attack cock to lips
14-12-2017 01:14:53.1 [PRIV] Bot to Skylla Taum:
[icon]Bot Announcer[/icon][color=gray]Skylla Taum used their feet to tease Yuni Hermit's pussy, dealing 16 lust points![/color]
[color=gray]═════════════════ ⭐ [color=purple]Sexfight ring[/color] ⭐ ═════════════════
 [color=red]░░░░░░░░░░░▓▓▓▓▓▓▓▓▓[/color] ⭐ [color=purple]VS[/color] ⭐ [color=purple]▓▓▓▓▓▓▓▓▓▓▓░░░░░░░░░[/color]
► [icon]Yuni Hermit[/icon]                                                                  [icon]Skylla Taum[/icon]
It's Yuni Hermit's turn![/color]
[i]Yuni struggles a bit, but ends up on her tush with her legs spread, breasts weighing her down. 'Not fair!' she squawks cutely. Her pussy squelches under your heel, her juices already worked up from all the fighting. Her clit's a tickly point against your sole as you squish and rub with your feet, a cute, defeated look on her face throughout. 'Mmmmf!'[/i]

14-12-2017 01:14:53.1 [PRIV] Bot to Skylla Taum:
[i]Yuni embraces you and drops you to the mat with her, only to scooch back a little and plaster both of her feet on your groin. Tenting her feet around your cock like she's giving it a hat, she grinds the crook of her toes around your cocktip... stroking and rolling, moving to then jerk off your prick with both of her soles.[/i]
[icon]Bot Announcer[/icon][color=gray]Yuni Hermit used their feet to tease Skylla Taum's penis, dealing 9 lust points![/color]
[color=gray]═════════════════ ⭐ [color=purple]Sexfight ring[/color] ⭐ ═════════════════
 [color=red]░░░░░░░░░░▓▓▓▓▓▓▓▓▓▓[/color] ⭐ [color=purple]VS[/color] ⭐ [color=red]▓▓▓▓▓▓▓▓▓░░░░░░░░░░░[/color]
► [icon]Skylla Taum[/icon]                                                                  [icon]Yuni Hermit[/icon]
It's Skylla Taum's turn![/color]

14-12-2017 01:14:53.1 [PRIV] Skylla Taum: !attack feet to pussy
14-12-2017 01:15:02.0 [PRIV] Bot to Skylla Taum:
[icon]Bot Announcer[/icon][color=gray]Skylla Taum used their cock to tease Yuni Hermit's ass, dealing 19 lust points![/color]
[color=gray]═════════════════ ⭐ [color=purple]Sexfight ring[/color] ⭐ ═════════════════
 [color=red]░░░░░░░░░░░░░░░▓▓▓▓▓[/color] ⭐ [color=purple]VS[/color] ⭐ [color=red]▓▓▓▓▓▓▓▓▓▓░░░░░░░░░░[/color]
► [icon]Yuni Hermit[/icon]                                                                  [icon]Skylla Taum[/icon]
It's Yuni Hermit's turn![/color]
[i]'You want to.... yes, please, PLEASE!' she begs. She drops down into a submissive doggy-style, turning around and using her breasts as suspension so her paws can hold her ass-cheeks apart. 'Fuck my ass!!' Once her pucker is full and warm, she practically melts... face going vapid, tongue lolling out. 'Yeeesss... I love anal...' Her well-practiced hole accepts you to the hilt, a cute 'MMF!' coming from her mouth on every thrust, breath matching your timing perfectly. '... More, more, more!! Please?! I'm gonna cum...'[/i]

14-12-2017 01:15:02.0 [PRIV] Bot to Skylla Taum:
[i]Yuni spins you around with a spank, and drops to her knees behind you. Lips touch pucker moments later, the wolf licking your ass like she's at a dog park with you. Lips suckling on your pucker, her tongue shoves inside and explores before pulling out with a loud, vulgar *SLURP*.[/i]
[icon]Bot Announcer[/icon][color=gray]Yuni Hermit used their lips to tease Skylla Taum's ass, dealing 18 lust points![/color]
[color=gray]═════════════════ ⭐ [color=purple]Sexfight ring[/color] ⭐ ═════════════════
 [color=red]░░░░░░░░░░░░░░▓▓▓▓▓▓[/color] ⭐ [color=purple]VS[/color] ⭐ [color=red]▓▓▓▓▓░░░░░░░░░░░░░░░[/color]
► [icon]Skylla Taum[/icon]                                                                  [icon]Yuni Hermit[/icon]
It's Skylla Taum's turn![/color]

14-12-2017 01:15:02.0 [PRIV] Skylla Taum: !attack cock to ass
14-12-2017 01:15:10.4 [PRIV] Bot to Skylla Taum:
[icon]Bot Announcer[/icon][color=gray]Skylla Taum used their cock to tease Yuni Hermit's lips, dealing 16 lust points![/color]
[color=gray]═════════════════ ⭐ [color=purple]Sexfight ring[/color] ⭐ ═════════════════
 [color=red]░░░░░░░░░░░░░░░░░░▓▓[/color] ⭐ [color=purple]VS[/color] ⭐ [color=red]▓▓▓▓▓▓░░░░░░░░░░░░░░[/color]
► [icon]Yuni Hermit[/icon]                                                                  [icon]Skylla Taum[/icon]
It's Yuni Hermit's turn![/color]
[i]Yuni runs a paw through her hair and drops to her knees. 'May I suck your cock... please?' she asks awkwardly. Opening her mouth and sticking out her tongue, her eyes half-shut as she gets her treat. She rests her hands on your thighs and bobs her head in your lap, drooling, sucking, clearly flustered and a bit mind-numbed... leaving a coating of her spittle from base to tip of your cock, and a lipstick mark split between your upper groin and balls... a deepthroat whore-print, as she bottoms out. Flustered, rubbing her pussy, she finishes. '... Thank you.'[/i]

14-12-2017 01:15:10.4 [PRIV] Bot to Skylla Taum:
[i]Yuni bends you backwards for a dip-kiss like a gentleman on a ballroom floor... she pushes her tongue into your mouth as she locks lips with you, exploring your mouth with her licker while she suckles on your own tongue.[/i]
[icon]Bot Announcer[/icon][color=gray]Yuni Hermit used their lips to tease Skylla Taum's lips, dealing 12 lust points![/color]
[color=gray]═════════════════ ⭐ [color=purple]Sexfight ring[/color] ⭐ ═════════════════
 [color=red]░░░░░░░░░░░░░░░░▓▓▓▓[/color] ⭐ [color=purple]VS[/color] ⭐ [color=red]▓▓░░░░░░░░░░░░░░░░░░[/color]
► [icon]Skylla Taum[/icon]                                                                  [icon]Yuni Hermit[/icon]
It's Skylla Taum's turn![/color]

14-12-2017 01:15:10.4 [PRIV] Skylla Taum: !attack cock to lips
14-12-2017 01:15:17.8 [PRIV] Bot to Skylla Taum:
[icon]Bot Announcer[/icon][color=gray]Skylla Taum used their cock to tease Yuni Hermit's pussy, dealing 20 lust points![/color]
[color=gray]Skylla Taum made Yuni Hermit cum! The winner gets $2.00 and the loser gets $1.00, thank you for participating.[/color]
[color=gray]═════════════════ ⭐ [color=purple]Sexfight ring[/color] ⭐ ═════════════════
 [color=red]░░░░░░░░░░░░░░░░░░░░[/color] ⭐ [color=purple]VS[/color] ⭐ [color=red]▓▓▓▓░░░░░░░░░░░░░░░░[/color]
► [icon]Yuni Hermit[/icon]                                                                  [icon]Skylla Taum[/icon]
It's Yuni Hermit's turn![/color]

[color=gray]════════════════ ⭐ [color=purple]Combat ended[/color] ⭐ ════════════════[/color]
[i]Yuni can't resist a cock. She drops to her back, spreading her legs then rolling them back in an exaggerated missionary position. 'Fuck meeee!' she groans. Her nethers are warm, wet, and squish around your cock like a velvet vicegrip when you insert, her blushing, breasts bouncing, eyes crossed with mindless lust as she accepts every thrust you have. She gasps and groans, tongue drooling, pussy soaking your groin with arousal as you fuck her silly. 'M... more... don't stop!'[/i]

14-12-2017 01:15:17.8 [PRIV] Bot to Skylla Taum:

14-12-2017 01:15:17.8 [PRIV] Skylla Taum: !attack cock to pussy
14-12-2017 01:15:31.7 [PRIV] Skylla Taum: !succuboss shemale
14-12-2017 01:15:31.7 [PRIV] Bot to Skylla Taum:
[icon]Bot Announcer[/icon][color=gray] Welcome to the boss fight! Today we have Skylla Taum vs Milly The Succubot! Let the match begin![/color]
[color=gray]═════════════════ ⭐ [color=purple]Sexfight ring[/color] ⭐ ═════════════════
 [color=purple]▓▓▓▓▓▓▓▓▓▓▓▓▓▓▓▓▓▓▓▓[/color] ⭐ [color=purple]VS[/color] ⭐ [color=purple]▓▓▓▓▓▓▓▓▓▓▓▓▓▓▓▓▓▓▓▓[/color]
► [icon]Skylla Taum[/icon]                                                                  [icon]Milly The Succubot[/icon]
It's Skylla Taum's turn![/color]
Milly slowly floats down from above, and lands in the ring before opening her eyes to look at you. “Oh, wow, I get a rare one tonight.” She looks over your breasts and your cock, resting her hands on her hips. “You know.. You probably think since you’ve got the best of both worlds that I’ll be no match for you. I’m gonna teach you that it’s not about the assets you have, it’s what you do with them. To me, they’re both just giant liabilities.” She smiles. “But you’ll find out soon enough. Hit me with whatever you’ve got!”
14-12-2017 01:15:41.0 [PRIV] Bot to Skylla Taum:
[icon]Bot Announcer[/icon][color=gray]Skylla Taum used their feet to tease Milly The Succubot's tits, dealing 4 lust points![/color]
[color=gray]═════════════════ ⭐ [color=purple]Sexfight ring[/color] ⭐ ═════════════════
 [color=purple]▓▓▓▓▓▓▓▓▓▓▓▓▓▓▓▓▓▓▓▓[/color] ⭐ [color=purple]VS[/color] ⭐ [color=purple]▓▓▓▓▓▓▓▓▓▓▓▓▓▓▓▓▓▓▓▓[/color]
► [icon]Milly The Succubot[/icon]                                                                  [icon]Skylla Taum[/icon]
It's Milly The Succubot's turn![/color]
[i]Mmnn!!” Milly moans as you play with her breasts with your foot. Her body squirms under you as you rub your toes over her nipples. “Gh.. s-stop thinking you can win this..” She tries to protest. She didn’t much like the position she was in, but she couldn’t deny how nice your foot felt when it played with her chest. “Nh.. b-but that’s MY position!” She whimpers. “G-give it back!” You step back from her after a bit of teasing, and let her up. It was kind of cute seeing how conflicted the ‘cubi was just a moment ago. “Y-you’re done already?” She asked. Initially her voice sounded disappointed, but then she sprung back to her feet with bravado. “G-good! Now it’s my turn to play with you!”[/i]

14-12-2017 01:15:41.0 [PRIV] Bot to Skylla Taum:

[i]Milly looks at you for a moment, her playful smile fading as she stares at you. The succubus suddenly falls to her back, like she just took a strong blow! She lands ass over teakettle, legs on either side of her hips. Surprised by her action, you step over to see if she’s okay. As you step closer, she curls her body up, and plants her hands against the mat. She suddenly handsprings forward, feet first, slamming her stocking covered feet into your tits! You cough from the impact, and go down hard on your back. The small succubus stands on top of you, hands on her hips as she stands on your tits. “Big boobs just mean bigger targets!” She snorts, and starts to grind her feet down against your breasts. You groan and writhe as you take punishment to your boobs. When you try to grab her by the ankles, she hops off you, landing back on her feet. You made a mental note to hurt her back from the attack to your breasts. For some reason, she really seemed to hate that you had them![/i]
[icon]Bot Announcer[/icon][color=gray]Milly The Succubot used their feet to tease Skylla Taum's tits, dealing 18 lust points![/color]
[color=gray]═════════════════ ⭐ [color=purple]Sexfight ring[/color] ⭐ ═════════════════
 [color=purple]░░░▓▓▓▓▓▓▓▓▓▓▓▓▓▓▓▓▓[/color] ⭐ [color=purple]VS[/color] ⭐ [color=purple]▓▓▓▓▓▓▓▓▓▓▓▓▓▓▓▓▓▓▓▓[/color]
► [icon]Skylla Taum[/icon]                                                                  [icon]Milly The Succubot[/icon]
It's Skylla Taum's turn![/color]

14-12-2017 01:15:41.0 [PRIV] Skylla Taum: !attack feet to tits
14-12-2017 01:15:54.4 [PRIV] Bot to Skylla Taum:
[icon]Bot Announcer[/icon][color=gray]Skylla Taum used their tits to tease Milly The Succubot's tail, dealing 14 lust points![/color]
[color=gray]═════════════════ ⭐ [color=purple]Sexfight ring[/color] ⭐ ═════════════════
 [color=purple]░░░▓▓▓▓▓▓▓▓▓▓▓▓▓▓▓▓▓[/color] ⭐ [color=purple]VS[/color] ⭐ [color=purple]▓▓▓▓▓▓▓▓▓▓▓▓▓▓▓▓▓░░░[/color]
► [icon]Milly The Succubot[/icon]                                                                  [icon]Skylla Taum[/icon]
It's Milly The Succubot's turn![/color]
[i]You didn’t quite feel like you were getting the message across to the little demon. She kept bouncing back with every attack you threw at her. As you battled with her, you noticed that long, thin tail. You get a cheeky little idea in your head, and walk up to her. Effortlessly, you kick her legs out from under her, and with a yelp she falls to an all fours position. You position yourself behind her, and with a predatory grin, you clamp your breasts around her long, whiplike tail! “Iyaaa~!” She cries out. “You’re s-sandwiching my-?! W-with your?! Oohhhhhnnh~!!” You hit a sweet spot. You pump your breasts around her tail like it was a cock. Milly writhed and squirmed uncontrollably. “L-lemme go~! Stoop~!” Milly cries. You shook her head. You wouldn’t let her up until she admitted the truth. “What?! N-no! I won’t- Gyaaahaahnh~!” She howls. You continue you torment with your breasts. You insist on her again to admit it, unless she wanted to cum right here. “Y-your boobs are betteerrrr!!” She wails out, flopping against the mat. Satisfied, you let go of her tail, and give her a firm swat to her butt to rub it in just a little more. She lays there against the mat, her breath labored, her face red-hot, humiliated that you forced a verbal submission from her. It didn’t look like she was ready to attack just yet. You’d take care of that.[/i]

14-12-2017 01:15:54.4 [PRIV] Bot to Skylla Taum:
[icon]Bot Announcer[/icon][color=gray]Milly The Succubot passed their turn![/color]
[color=gray]═════════════════ ⭐ [color=purple]Sexfight ring[/color] ⭐ ═════════════════
 [color=purple]░░░▓▓▓▓▓▓▓▓▓▓▓▓▓▓▓▓▓[/color] ⭐ [color=purple]VS[/color] ⭐ [color=purple]▓▓▓▓▓▓▓▓▓▓▓▓▓▓▓▓▓░░░[/color]
► [icon]Skylla Taum[/icon]                                                                  [icon]Milly The Succubot[/icon]
It's Skylla Taum's turn![/color]

14-12-2017 01:15:54.4 [PRIV] Skylla Taum: !attack tits to tail
14-12-2017 01:16:07.5 [PRIV] Bot to Skylla Taum:
[icon]Bot Announcer[/icon][color=gray]Skylla Taum used their cock to tease Milly The Succubot's lips, dealing 12 lust points![/color]
[color=gray]═════════════════ ⭐ [color=purple]Sexfight ring[/color] ⭐ ═════════════════
 [color=purple]░░░░░░▓▓▓▓▓▓▓▓▓▓▓▓▓▓[/color] ⭐ [color=purple]VS[/color] ⭐ [color=purple]▓▓▓▓▓▓▓▓▓▓▓▓▓▓▓▓▓░░░[/color]
► [icon]Milly The Succubot[/icon]                                                                  [icon]Skylla Taum[/icon]
It's Milly The Succubot's turn![/color]
[i]”Ehee… you sure you wanna do that? -guowmph!” You ram your cock in her mouth, one hand holding her by her hair while you piston your cock in her mouth again and again. While this may have seemed like a suicide move, it was affecting her more than it was affecting you somehow. With the rough way you were fucking her mouth, she was having difficulty applying her gentle, sensual techniques with her tongue against your cock. It seemed rough was the only way to go against her! Milly pulls away when she sees it’s not working, and stumbles back to her feet, coughing lightly as you struck her uvula a couple times. “Gen-tlle!” She protests.[/i]

14-12-2017 01:16:07.5 [PRIV] Bot to Skylla Taum:

[i]Milly looks at your breasts with an annoyed expression on her face. The size of them seemed to be an affront to her. “I’m gonna flatten your milkbags till they’re MY size!” With that declaration, she turns heel and runs away from you towards the ropes. As you’re trying to figure out what she’s planning, she runs towards you, and leaps up, turning in the air, and slams her petite rump directly into your breasts! The impact causes your eyes to light up in pain. It was a sharp contrast to most of her attacks thus far and it caught you off guard. You lay on your back, coughing breathlessly, but it didn’t look like the cubi was done with your breasts. She had picked herself back up during your coughing fit, and stood over your chest, facing your legs. You could only squeak in breathless protest before she drops her hips down, slamming them hard against your bruised mammaries! As an added insult, she starts to rub and grind her butt down hard against your tits, and you can do nothing but writhe in agony, as she punishes what she felt was an affront to her slender, perky body. She stands back up after a few seconds of torment, and steps away from you. You start to pick yourself up with a couple of light coughs, and look over at her as you stand up, wondering just what came over her for that brief moment. Milly answers your wordless question with a crossing of her arms over her chest, and a head turn away from you. “Hmph!” [/i]
[icon]Bot Announcer[/icon][color=gray]Milly The Succubot used their ass to tease Skylla Taum's tits, dealing 20 lust points![/color]
[color=gray]═════════════════ ⭐ [color=purple]Sexfight ring[/color] ⭐ ═════════════════
 [color=purple]░░░░░░░▓▓▓▓▓▓▓▓▓▓▓▓▓[/color] ⭐ [color=purple]VS[/color] ⭐ [color=purple]▓▓▓▓▓▓▓▓▓▓▓▓▓▓░░░░░░[/color]
► [icon]Skylla Taum[/icon]                                                                  [icon]Milly The Succubot[/icon]
It's Skylla Taum's turn![/color]

14-12-2017 01:16:07.5 [PRIV] Skylla Taum: !attack cock to lips
14-12-2017 01:16:23.9 [PRIV] Bot to Skylla Taum:
[icon]Bot Announcer[/icon][color=gray]Skylla Taum used their tits to tease Milly The Succubot's tail, dealing 19 lust points![/color]
[color=gray]═════════════════ ⭐ [color=purple]Sexfight ring[/color] ⭐ ═════════════════
 [color=purple]░░░░░░░░░▓▓▓▓▓▓▓▓▓▓▓[/color] ⭐ [color=purple]VS[/color] ⭐ [color=purple]▓▓▓▓▓▓▓▓▓▓▓▓▓░░░░░░░[/color]
► [icon]Milly The Succubot[/icon]                                                                  [icon]Skylla Taum[/icon]
It's Milly The Succubot's turn![/color]
[i]You didn’t quite feel like you were getting the message across to the little demon. She kept bouncing back with every attack you threw at her. As you battled with her, you noticed that long, thin tail. You get a cheeky little idea in your head, and walk up to her. Effortlessly, you kick her legs out from under her, and with a yelp she falls to an all fours position. You position yourself behind her, and with a predatory grin, you clamp your breasts around her long, whiplike tail! “Iyaaa~!” She cries out. “You’re s-sandwiching my-?! W-with your?! Oohhhhhnnh~!!” You hit a sweet spot. You pump your breasts around her tail like it was a cock. Milly writhed and squirmed uncontrollably. “L-lemme go~! Stoop~!” Milly cries. You shook her head. You wouldn’t let her up until she admitted the truth. “What?! N-no! I won’t- Gyaaahaahnh~!” She howls. You continue you torment with your breasts. You insist on her again to admit it, unless she wanted to cum right here. “Y-your boobs are betteerrrr!!” She wails out, flopping against the mat. Satisfied, you let go of her tail, and give her a firm swat to her butt to rub it in just a little more. She lays there against the mat, her breath labored, her face red-hot, humiliated that you forced a verbal submission from her. It didn’t look like she was ready to attack just yet. You’d take care of that.[/i]

14-12-2017 01:16:23.9 [PRIV] Bot to Skylla Taum:
[icon]Bot Announcer[/icon][color=gray]Milly The Succubot passed their turn![/color]
[color=gray]═════════════════ ⭐ [color=purple]Sexfight ring[/color] ⭐ ═════════════════
 [color=purple]░░░░░░░▓▓▓▓▓▓▓▓▓▓▓▓▓[/color] ⭐ [color=purple]VS[/color] ⭐ [color=purple]▓▓▓▓▓▓▓▓▓▓▓░░░░░░░░░[/color]
► [icon]Skylla Taum[/icon]                                                                  [icon]Milly The Succubot[/icon]
It's Skylla Taum's turn![/color]

14-12-2017 01:16:23.9 [PRIV] Skylla Taum: !attack tits to tail
14-12-2017 01:16:32.1 [PRIV] Bot to Skylla Taum:
[icon]Bot Announcer[/icon][color=gray]Skylla Taum used their cock to tease Milly The Succubot's pussy, dealing 8 lust points![/color]
[color=gray]═════════════════ ⭐ [color=purple]Sexfight ring[/color] ⭐ ═════════════════
 [color=red]░░░░░░░░░░░▓▓▓▓▓▓▓▓▓[/color] ⭐ [color=purple]VS[/color] ⭐ [color=purple]▓▓▓▓▓▓▓▓▓▓▓▓▓░░░░░░░[/color]
► [icon]Milly The Succubot[/icon]                                                                  [icon]Skylla Taum[/icon]
It's Milly The Succubot's turn![/color]
[i]Oooh… cutie, you REALLY don’t wanna do that, ehee…” You ignore her warning, and slam your cock inside her small honeypot. Your mouth drops open as you feel the sensation of her cunny squeezing tight around your cock. Milly runs her tongue along her lips, smiling at you as you feed her your cock. “Mmmm~!” You start to bounce, causing small, pleasurable yelps from the cubi as you force her to ride you. Milly reaches up and gropes her breasts tightly as you were hitting her just right. Being inside of her felt incredible, however. You felt like you could burst inside her at any moment. “Heee.. you’re lucky, cutie. Were the rules here a bit more complex, this would be a double-edged attack that would’ve made you cum the moment you entered me.” She taunts you. You start slamming your hips harder against her, which causes her to cry in ecstasy! “Oooh!!! F-feels so goood~!” She moans. After a bit longer, she forces you off her with a firm kick to your chest. You cough lightly from the blow, rubbing where she kicked you, while she lands in front of you, the succubus now fired up. “Mmmn~.. My turn.”[/i]

14-12-2017 01:16:32.1 [PRIV] Bot to Skylla Taum:

[i]Milly looks at your breasts with an annoyed expression on her face. The size of them seemed to be an affront to her. “I’m gonna flatten your milkbags till they’re MY size!” With that declaration, she turns heel and runs away from you towards the ropes. As you’re trying to figure out what she’s planning, she runs towards you, and leaps up, turning in the air, and slams her petite rump directly into your breasts! The impact causes your eyes to light up in pain. It was a sharp contrast to most of her attacks thus far and it caught you off guard. You lay on your back, coughing breathlessly, but it didn’t look like the cubi was done with your breasts. She had picked herself back up during your coughing fit, and stood over your chest, facing your legs. You could only squeak in breathless protest before she drops her hips down, slamming them hard against your bruised mammaries! As an added insult, she starts to rub and grind her butt down hard against your tits, and you can do nothing but writhe in agony, as she punishes what she felt was an affront to her slender, perky body. She stands back up after a few seconds of torment, and steps away from you. You start to pick yourself up with a couple of light coughs, and look over at her as you stand up, wondering just what came over her for that brief moment. Milly answers your wordless question with a crossing of her arms over her chest, and a head turn away from you. “Hmph!” [/i]
[icon]Bot Announcer[/icon][color=gray]Milly The Succubot used their ass to tease Skylla Taum's tits, dealing 14 lust points![/color]
[color=gray]═════════════════ ⭐ [color=purple]Sexfight ring[/color] ⭐ ═════════════════
 [color=red]░░░░░░░░░░▓▓▓▓▓▓▓▓▓▓[/color] ⭐ [color=purple]VS[/color] ⭐ [color=red]▓▓▓▓▓▓▓▓▓░░░░░░░░░░░[/color]
► [icon]Skylla Taum[/icon]                                                                  [icon]Milly The Succubot[/icon]
It's Skylla Taum's turn![/color]

14-12-2017 01:16:32.1 [PRIV] Skylla Taum: !attack cock to pussy
14-12-2017 01:16:44.6 [PRIV] Bot to Skylla Taum:
[icon]Bot Announcer[/icon][color=gray]Skylla Taum used their feet to tease Milly The Succubot's tail, dealing 19 lust points![/color]
[color=gray]═════════════════ ⭐ [color=purple]Sexfight ring[/color] ⭐ ═════════════════
 [color=red]░░░░░░░░░░░░░░░▓▓▓▓▓[/color] ⭐ [color=purple]VS[/color] ⭐ [color=red]▓▓▓▓▓▓▓▓▓▓░░░░░░░░░░[/color]
► [icon]Milly The Succubot[/icon]                                                                  [icon]Skylla Taum[/icon]
It's Milly The Succubot's turn![/color]
[i]You couldn’t help but notice what Milly seemed a bit ashamed to admit. You decided to force the confession out of her. You move behind her, and drop to your butt. “Wh-what are you doing now??” She asked. You ignore her question, and let your actions speak for you. You rise your feet up, and catch the length of her thin tail between your toes. “Huuaaa-aaahhnh~!” Milly moans out. Her body trembles before her legs give out from under her and she falls to her knees. You tell her to admit she likes your feet. “Wh-what?! No! That’s a weak fetish that only YOU have!” She snaps. You stroke along the length of her tail with both feet, wedging the length of her tail between your big toes and the next toe over. “Hyaannh~~! S-Stooop~!” She moans out, her body writhing as she endures the torment to her tail. “I.. It’s not a fetish for me. I-I’m above that! I-I’m just playing along with the game.” Not good enough. You continue your interrogation with her tail, and start to stroke your toes faster. Milly’s eyes shut tight. “No no no noo!!” She protests. “Ahhhnhh… S-stop iiiit~!” She cries out. “O-okay! I like feet! Okay?? You’re good with your feet, a-and it’s hot! Now please stoop~!” She cries out. You felt that was satisfactory, and let her go. Milly collapsed to the mat, panting heavily while she tried to recover from your interrogation. Seems she wasn’t going to get her turn here.[/i]

14-12-2017 01:16:44.6 [PRIV] Bot to Skylla Taum:
[icon]Bot Announcer[/icon][color=gray]Milly The Succubot passed their turn![/color]
[color=gray]═════════════════ ⭐ [color=purple]Sexfight ring[/color] ⭐ ═════════════════
 [color=red]░░░░░░░░░░▓▓▓▓▓▓▓▓▓▓[/color] ⭐ [color=purple]VS[/color] ⭐ [color=red]▓▓▓▓▓░░░░░░░░░░░░░░░[/color]
► [icon]Skylla Taum[/icon]                                                                  [icon]Milly The Succubot[/icon]
It's Skylla Taum's turn![/color]

14-12-2017 01:16:44.6 [PRIV] Skylla Taum: !attack feet to tail
14-12-2017 01:16:51.3 [PRIV] Bot to Skylla Taum:
[icon]Bot Announcer[/icon][color=gray]Skylla Taum used their cock to tease Milly The Succubot's ass, dealing 13 lust points![/color]
[color=gray]═════════════════ ⭐ [color=purple]Sexfight ring[/color] ⭐ ═════════════════
 [color=red]░░░░░░░░░░░░░░░░░▓▓▓[/color] ⭐ [color=purple]VS[/color] ⭐ [color=red]▓▓▓▓▓▓▓▓▓▓░░░░░░░░░░[/color]
► [icon]Milly The Succubot[/icon]                                                                  [icon]Skylla Taum[/icon]
It's Milly The Succubot's turn![/color]
[i]H-hey.. What are you-?! Umm… listen cutie.. M-maybe we could just call this a truce? No? O-okay, you win. Keep the money. Just don’t- Aaahh~~!” Milly tries to protest as you bend her over and hold her by the hips. You ram your cock into her pucker, stretching it out. “Aaaahh~! Not my buuutt!!” She cries out as she takes your pistoning up her tailhole. Her body jostles helpless as you take her from behind. You give her a couple sharp slaps to her butt before you feel she had enough. You force her off your cock with a good shove, and she falls to the mat, butt pointed up in the air. “Owww…” She moans, slowly trying to pick her up. “Hate it when they go for the butt..” She mutters under her breath while she tries to stand up, and looks back at you. “Ooooh… I should break your mind for that one!” She snaps at you..'[/i]

14-12-2017 01:16:51.3 [PRIV] Bot to Skylla Taum:

[i]Ooh! Ooh! I know! Lets have a butt battle!” She says. You blink in surprise, but saying no to her just did not seem like an option. Awkwardly, you turn your back to the succubus, and she turns her back towards you. It didn’t seem to matter if you were a boy, girl, man, or woman. “I saw this in a show before, and it looked like a lotta fun! We go until one of us falls off our feet!” A smile crosses your lips when you hear the rules. Having the weight advantage over her, you surely couldn’t lose to her here. Just play her game and move on with your next attack. “Readyyy GO!” She says, and slams her small butt against her. You barely budge from the impact. Milly turns her head back when she sees you’ve barely moved an inch. “Grr!! Take this!” She takes a step forward, and slams her butt against yours. The impact caused you to stumble forward a moment, and you answer right back, slamming your butt against hers! With a surprised yelp, she stumbles forward a couple of steps before looking back at you. “Ooooh!! You won’t win this!!” She says, growing frustrated. A small smirk crosses your face, and decide to hold your ground against her next attack. Milly rushes back in, and slams against you once more. She keeps her butt pressed to yours, trying to push you over, but you easily hold your ground. Milly then swings between her legs, and slaps you in the groin! The sudden pain to your crotch surprised you and left you crying with a pained shout! “Now!” Milly shouts, and slams her butt forward as hard as she can. Left with your stance weakened, you take her slam, and stumble forward several steps. You try to stay up, but that sneaky slap to your groin really took the wind out of your sails, and you fall to your hands and knees. “Yaaay! I win~! Is this the first or second game I’ve won against you? I’ve lost count~!” She taunts. Frustrated, you stand back up to your feet, glaring at her. You weren’t going to let her get away with cheating like that![/i]
[icon]Bot Announcer[/icon][color=gray]Milly The Succubot used their ass to tease Skylla Taum's ass, dealing 25 lust points![/color]
[color=gray]═════════════════ ⭐ [color=purple]Sexfight ring[/color] ⭐ ═════════════════
 [color=red]░░░░░░░░░░░░░░░▓▓▓▓▓[/color] ⭐ [color=purple]VS[/color] ⭐ [color=red]▓▓▓░░░░░░░░░░░░░░░░░[/color]
► [icon]Skylla Taum[/icon]                                                                  [icon]Milly The Succubot[/icon]
It's Skylla Taum's turn![/color]

14-12-2017 01:16:51.3 [PRIV] Skylla Taum: !attack cock to ass
14-12-2017 01:17:28.9 [PRIV] Bot to Skylla Taum:
[icon]Bot Announcer[/icon][color=gray]Skylla Taum used their feet to tease Milly The Succubot's tail, dealing 18 lust points![/color]
[color=gray]Skylla Taum made Milly The Succubot cum! The winner gets $2.00 and the loser gets $1.00, thank you for participating.[/color]
[color=gray]═════════════════ ⭐ [color=purple]Sexfight ring[/color] ⭐ ═════════════════
 [color=red]░░░░░░░░░░░░░░░░░░░░[/color] ⭐ [color=purple]VS[/color] ⭐ [color=red]▓▓▓▓▓░░░░░░░░░░░░░░░[/color]
► [icon]Milly The Succubot[/icon]                                                                  [icon]Skylla Taum[/icon]
It's Milly The Succubot's turn![/color]

[color=gray]════════════════ ⭐ [color=purple]Combat ended[/color] ⭐ ════════════════[/color]
[i]You couldn’t help but notice what Milly seemed a bit ashamed to admit. You decided to force the confession out of her. You move behind her, and drop to your butt. “Wh-what are you doing now??” She asked. You ignore her question, and let your actions speak for you. You rise your feet up, and catch the length of her thin tail between your toes. “Huuaaa-aaahhnh~!” Milly moans out. Her body trembles before her legs give out from under her and she falls to her knees. You tell her to admit she likes your feet. “Wh-what?! No! That’s a weak fetish that only YOU have!” She snaps. You stroke along the length of her tail with both feet, wedging the length of her tail between your big toes and the next toe over. “Hyaannh~~! S-Stooop~!” She moans out, her body writhing as she endures the torment to her tail. “I.. It’s not a fetish for me. I-I’m above that! I-I’m just playing along with the game.” Not good enough. You continue your interrogation with her tail, and start to stroke your toes faster. Milly’s eyes shut tight. “No no no noo!!” She protests. “Ahhhnhh… S-stop iiiit~!” She cries out. “O-okay! I like feet! Okay?? You’re good with your feet, a-and it’s hot! Now please stoop~!” She cries out. You felt that was satisfactory, and let her go. Milly collapsed to the mat, panting heavily while she tried to recover from your interrogation. Seems she wasn’t going to get her turn here.[/i]

14-12-2017 01:17:28.9 [PRIV] Bot to Skylla Taum:
“Ooohhhnhh~!!” She cries out as she’s force to climax. She drops to her knees, panting heavily, and glares up at you. “You.. you cheated! You had to have! I bet you just spammed my stupid tail weakness over and over again so I couldn’t fight back! How about you throw yourself against the real thing? I’ll own your butt every time!” She said, and blows a big raspberry at you before she disappears.
You get $4.00 extra for defeating the boss!
14-12-2017 01:17:28.9 [PRIV] Skylla Taum: !attack feet to tail
14-12-2017 01:17:42.7 [PRIV] Skylla Taum: !trainingdummy2 shemale
14-12-2017 01:17:42.7 [PRIV] Bot to Skylla Taum:
[icon]Bot Announcer[/icon][color=gray] Welcome to the training ring! Today we have Skylla Taum vs Sissy Robert Bot! Let the match begin![/color]
[color=gray]═════════════════ ⭐ [color=purple]Sexfight ring[/color] ⭐ ═════════════════
 [color=purple]▓▓▓▓▓▓▓▓▓▓▓▓▓▓▓▓▓▓▓▓[/color] ⭐ [color=purple]VS[/color] ⭐ [color=purple]▓▓▓▓▓▓▓▓▓▓▓▓▓▓▓▓▓▓▓▓[/color]
► [icon]Skylla Taum[/icon]                                                                  [icon]Sissy Robert Bot[/icon]
It's Skylla Taum's turn![/color]

14-12-2017 01:17:49.9 [PRIV] Bot to Skylla Taum:
[icon]Bot Announcer[/icon][color=gray]Skylla Taum used their cock to tease Sissy Robert Bot's ass, dealing 19 lust points![/color]
[color=gray]═════════════════ ⭐ [color=purple]Sexfight ring[/color] ⭐ ═════════════════
 [color=purple]░░░▓▓▓▓▓▓▓▓▓▓▓▓▓▓▓▓▓[/color] ⭐ [color=purple]VS[/color] ⭐ [color=purple]▓▓▓▓▓▓▓▓▓▓▓▓▓▓▓▓▓▓▓▓[/color]
► [icon]Sissy Robert Bot[/icon]                                                                  [icon]Skylla Taum[/icon]
It's Sissy Robert Bot's turn![/color]
[i]Sissy Robert moans as you tease him![/i]

14-12-2017 01:17:49.9 [PRIV] Bot to Skylla Taum:
[i]But then, Sissy Robert sends a sex attack at you![/i]
[icon]Bot Announcer[/icon][color=gray]Sissy Robert Bot used their tits to tease Skylla Taum's ass, dealing 6 lust points![/color]
[color=gray]═════════════════ ⭐ [color=purple]Sexfight ring[/color] ⭐ ═════════════════
 [color=purple]░▓▓▓▓▓▓▓▓▓▓▓▓▓▓▓▓▓▓▓[/color] ⭐ [color=purple]VS[/color] ⭐ [color=purple]▓▓▓▓▓▓▓▓▓▓▓▓▓▓▓▓▓░░░[/color]
► [icon]Skylla Taum[/icon]                                                                  [icon]Sissy Robert Bot[/icon]
It's Skylla Taum's turn![/color]

14-12-2017 01:17:49.9 [PRIV] Skylla Taum: !attack cock to ass
14-12-2017 01:17:54.1 [PRIV] Bot to Skylla Taum:
[icon]Bot Announcer[/icon][color=gray]Skylla Taum used their cock to tease Sissy Robert Bot's ass, dealing 16 lust points![/color]
[color=gray]═════════════════ ⭐ [color=purple]Sexfight ring[/color] ⭐ ═════════════════
 [color=purple]░░░░░░░▓▓▓▓▓▓▓▓▓▓▓▓▓[/color] ⭐ [color=purple]VS[/color] ⭐ [color=purple]▓▓▓▓▓▓▓▓▓▓▓▓▓▓▓▓▓▓▓░[/color]
► [icon]Sissy Robert Bot[/icon]                                                                  [icon]Skylla Taum[/icon]
It's Sissy Robert Bot's turn![/color]
[i]Sissy Robert moans as you tease him![/i]

14-12-2017 01:17:54.1 [PRIV] Bot to Skylla Taum:
[i]But then, Sissy Robert sends a sex attack at you![/i]
[icon]Bot Announcer[/icon][color=gray]Sissy Robert Bot used their tits to tease Skylla Taum's lips, dealing 7 lust points![/color]
[color=gray]═════════════════ ⭐ [color=purple]Sexfight ring[/color] ⭐ ═════════════════
 [color=purple]░░▓▓▓▓▓▓▓▓▓▓▓▓▓▓▓▓▓▓[/color] ⭐ [color=purple]VS[/color] ⭐ [color=purple]▓▓▓▓▓▓▓▓▓▓▓▓▓░░░░░░░[/color]
► [icon]Skylla Taum[/icon]                                                                  [icon]Sissy Robert Bot[/icon]
It's Skylla Taum's turn![/color]

14-12-2017 01:17:54.1 [PRIV] Skylla Taum: !attack cock to ass
14-12-2017 01:17:57.6 [PRIV] Bot to Skylla Taum:
[icon]Bot Announcer[/icon][color=gray]Skylla Taum used their cock to tease Sissy Robert Bot's ass, dealing 16 lust points![/color]
[color=gray]═════════════════ ⭐ [color=purple]Sexfight ring[/color] ⭐ ═════════════════
 [color=red]░░░░░░░░░░▓▓▓▓▓▓▓▓▓▓[/color] ⭐ [color=purple]VS[/color] ⭐ [color=purple]▓▓▓▓▓▓▓▓▓▓▓▓▓▓▓▓▓▓░░[/color]
► [icon]Sissy Robert Bot[/icon]                                                                  [icon]Skylla Taum[/icon]
It's Sissy Robert Bot's turn![/color]
[i]Sissy Robert moans as you tease him![/i]

14-12-2017 01:17:57.6 [PRIV] Bot to Skylla Taum:
[i]But then, Sissy Robert sends a sex attack at you![/i]
[icon]Bot Announcer[/icon][color=gray]Sissy Robert Bot used their tits to tease Skylla Taum's ass, dealing 15 lust points![/color]
[color=gray]═════════════════ ⭐ [color=purple]Sexfight ring[/color] ⭐ ═════════════════
 [color=purple]░░░░░▓▓▓▓▓▓▓▓▓▓▓▓▓▓▓[/color] ⭐ [color=purple]VS[/color] ⭐ [color=red]▓▓▓▓▓▓▓▓▓▓░░░░░░░░░░[/color]
► [icon]Skylla Taum[/icon]                                                                  [icon]Sissy Robert Bot[/icon]
It's Skylla Taum's turn![/color]

14-12-2017 01:17:57.6 [PRIV] Skylla Taum: !attack cock to ass
14-12-2017 01:17:59.2 [PRIV] Bot to Skylla Taum:
[icon]Bot Announcer[/icon][color=gray]Skylla Taum used their cock to tease Sissy Robert Bot's ass, dealing 23 lust points![/color]
[color=gray]═════════════════ ⭐ [color=purple]Sexfight ring[/color] ⭐ ═════════════════
 [color=red]░░░░░░░░░░░░░░▓▓▓▓▓▓[/color] ⭐ [color=purple]VS[/color] ⭐ [color=purple]▓▓▓▓▓▓▓▓▓▓▓▓▓▓▓░░░░░[/color]
► [icon]Sissy Robert Bot[/icon]                                                                  [icon]Skylla Taum[/icon]
It's Sissy Robert Bot's turn![/color]
[i]Sissy Robert moans as you tease him![/i]

14-12-2017 01:17:59.2 [PRIV] Bot to Skylla Taum:
[i]But then, Sissy Robert sends a sex attack at you![/i]
[icon]Bot Announcer[/icon][color=gray]Sissy Robert Bot used their fingers to tease Skylla Taum's lips, dealing 13 lust points![/color]
[color=gray]═════════════════ ⭐ [color=purple]Sexfight ring[/color] ⭐ ═════════════════
 [color=purple]░░░░░░░░▓▓▓▓▓▓▓▓▓▓▓▓[/color] ⭐ [color=purple]VS[/color] ⭐ [color=red]▓▓▓▓▓▓░░░░░░░░░░░░░░[/color]
► [icon]Skylla Taum[/icon]                                                                  [icon]Sissy Robert Bot[/icon]
It's Skylla Taum's turn![/color]

14-12-2017 01:17:59.2 [PRIV] Skylla Taum: !attack cock to ass
14-12-2017 01:18:00.9 [PRIV] Bot to Skylla Taum:
[icon]Bot Announcer[/icon][color=gray]Skylla Taum used their cock to tease Sissy Robert Bot's ass, dealing 21 lust points![/color]
[color=gray]═════════════════ ⭐ [color=purple]Sexfight ring[/color] ⭐ ═════════════════
 [color=red]░░░░░░░░░░░░░░░░░░░▓[/color] ⭐ [color=purple]VS[/color] ⭐ [color=purple]▓▓▓▓▓▓▓▓▓▓▓▓░░░░░░░░[/color]
► [icon]Sissy Robert Bot[/icon]                                                                  [icon]Skylla Taum[/icon]
It's Sissy Robert Bot's turn![/color]
[i]Sissy Robert moans as you tease him![/i]

14-12-2017 01:18:00.9 [PRIV] Bot to Skylla Taum:
[i]But then, Sissy Robert sends a sex attack at you![/i]
[icon]Bot Announcer[/icon][color=gray]Sissy Robert Bot used their ass to tease Skylla Taum's lips, dealing 8 lust points![/color]
[color=gray]═════════════════ ⭐ [color=purple]Sexfight ring[/color] ⭐ ═════════════════
 [color=purple]░░░░░░░░░▓▓▓▓▓▓▓▓▓▓▓[/color] ⭐ [color=purple]VS[/color] ⭐ [color=red]▓░░░░░░░░░░░░░░░░░░░[/color]
► [icon]Skylla Taum[/icon]                                                                  [icon]Sissy Robert Bot[/icon]
It's Skylla Taum's turn![/color]

14-12-2017 01:18:00.9 [PRIV] Skylla Taum: !attack cock to ass
14-12-2017 01:18:03.0 [PRIV] Bot to Skylla Taum:
[icon]Bot Announcer[/icon][color=gray]Skylla Taum used their cock to tease Sissy Robert Bot's ass, dealing 23 lust points![/color]
[color=gray]Skylla Taum made Sissy Robert Bot cum! The winner gets $2.00 and the loser gets $1.00, thank you for participating.[/color]
[color=gray]═════════════════ ⭐ [color=purple]Sexfight ring[/color] ⭐ ═════════════════
 [color=red]░░░░░░░░░░░░░░░░░░░░[/color] ⭐ [color=purple]VS[/color] ⭐ [color=purple]▓▓▓▓▓▓▓▓▓▓▓░░░░░░░░░[/color]
► [icon]Sissy Robert Bot[/icon]                                                                  [icon]Skylla Taum[/icon]
It's Sissy Robert Bot's turn![/color]

[color=gray]════════════════ ⭐ [color=purple]Combat ended[/color] ⭐ ════════════════[/color]
[i]Sissy Robert moans as you tease him![/i]

14-12-2017 01:18:03.0 [PRIV] Bot to Skylla Taum:

14-12-2017 01:18:03.0 [PRIV] Skylla Taum: !attack cock to ass
14-12-2017 01:18:04.9 [PRIV] Skylla Taum: !attack cock to ass
14-12-2017 01:18:07.3 [PRIV] Skylla Taum: !attack cock to ass
14-12-2017 01:18:11.1 [PRIV] Skylla Taum: !attack cock to ass
14-12-2017 01:18:14.1 [PRIV] Skylla Taum: !card
14-12-2017 01:18:14.1 [PRIV] Bot to Skylla Taum:
[color=gray]══════════════════════════════════════════════════
                                 ⭐ ⭐ [color=purple][b]Character card[/b][/color] ⭐ ⭐
══════════════════════════════════════════════════
[color=white]                     [icon]Skylla Taum[/icon]
          [b]Name:[/b] Skylla Taum | [b]Money:[/b] $11.00
          [b]Attack:[/b] 2 Lips, 2 Fingers, 5 Tits, 5 Sex, 0 Ass, 4 Feet.
          [b]Defense:[/b] -1 Lips, 2 Tits, 1 Sex, -2 Ass.
          [b]Sextoy:[/b] Cock ring. +2 attack to sex.
          [b]Outfit:[/b] Crotchless lingerie. +1 defense to tits, +1 defense to ass.
          [b]Accessory:[/b] Ankle jewelry. +1 attack to feet.
          [b]Flavor item:[/b] Leash and collar. -1 defense to lips, -1 defense to sex, -1 defense to ass.
[/color][/color]
14-12-2017 01:18:24.2 [PRIV] Skylla Taum: !train attack on lips
14-12-2017 01:18:24.2 [PRIV] Bot to Skylla Taum:[eicon]training[/eicon] Training successful! You now have 3 points in attack on lips.
14-12-2017 08:17:25.9 [ROOM] Ken the Kaffir: You're even here~ Zenith White~
14-12-2017 08:19:06.6 [ROOM] Zenith White: It's true!
14-12-2017 08:20:31.9 [ROOM] Ken the Kaffir: to set things up is quite easy... at least that's what I think... you just need to type !register
14-12-2017 08:20:38.7 [ROOM] Ken the Kaffir: either in here or via PM to the bot
14-12-2017 08:20:46.6 [ROOM] Ken the Kaffir: then you can get a card like this...
14-12-2017 08:20:48.8 [ROOM] Ken the Kaffir: !card
14-12-2017 08:20:49.4 [ROOM] Bot: 
[color=gray]══════════════════════════════════════════════════
                                 ⭐ ⭐ [color=red][b]Character card[/b][/color] ⭐ ⭐
══════════════════════════════════════════════════
[color=pink]                     [icon]Ken the Kaffir[/icon]
          [b]Name:[/b] Ken the Kaffir | [b]Money:[/b] $6.00
          [b]Attack:[/b] 3 Lips, 3 Fingers, -3 Tits, 6 Sex, -3 Ass, 3 Feet.
          [b]Defense:[/b] 3 Lips, 1 Tits, 3 Sex, 4 Ass.
          [b]Sextoy:[/b] Cock ring. +2 attack to sex.
          [b]Outfit:[/b] Luchador mask and speedos. +2 defense to lips, +2 defense to sex, +2 defense to ass.
          [b]Accessory:[/b] Wristbands. Standard uniform.
          [b]Flavor item:[/b] None. Nothing equiped.
[/color][/color]
14-12-2017 08:22:09.5 [ROOM] Ken the Kaffir: the commands are (hopefully) well explained in the bot's page... but basically after registering, you get some 'credit' to customize your character... you can buy outfits/sextoys/accessories, or just train/indulge (rise or lower your stats)
14-12-2017 08:22:28.2 [ROOM] Zenith White: I see, I see~
14-12-2017 08:22:38.3 [ROOM] Zenith White: !register
14-12-2017 08:22:38.5 [ROOM] Bot: Zenith White has joined!
14-12-2017 08:22:53.6 [ROOM] Ken the Kaffir: now you can, for example, view the different shops...
14-12-2017 08:22:58.5 [ROOM] Bot: 
[color=gray]══════════════════════════════════════════════════
[color=purple]                                 👘 👘 [b]Outfit store[/b] 👘 👘[/color]
══════════════════════════════════════════════════
[color=pink]          ► $0.00 - Skirt (If you don't want to enter the ring nude. Intended for females.)
          ► $0.00 - Tank top (If you don't want to enter the ring nude. Intended for males.)
          ► $10.00 - Boxers (+1 defense to sex, +1 defense to ass.)
          ► $10.00 - Crotchless lingerie (+1 defense to tits, +1 defense to ass.)
          ► $10.00 - Behindless lingerie (+1 defense to tits, +1 defense to sex.)
          ► $10.00 - Unisex thong (+1 defense to sex, +1 defense to ass.)
          ► $10.00 - Bondage suit (-1 defense to tits, -1 defense to sex, -1 defense to ass, +1 attack to lips, +2 attack to fingers, +2 attack to feet.)
          ► $10.00 - Shibari harness (-1 defense to tits, -1 defense to sex, -1 defense to ass.)
          ► $15.00 - Leotard (+1 defense to tits, +1 defense to sex, +1 defense to ass.)
          ► $15.00 - Yoga outfit (+1 defense to tits, +1 defense to sex, +1 defense to ass.)
          ► $15.00 - School uniform (+1 defense to tits, +1 defense to sex, +1 defense to ass.)
          ► $20.00 - Small bikini (+1 defense to tits, +2 defense to sex, +1 defense to ass.)
          ► $20.00 - Thin spandex unitard (+2 defense to sex, +2 defense to ass.)
          ► $20.00 - Spats (+2 defense to sex, +2 defense to ass.)
          ► $30.00 - Mistress suit (+2 defense to tits, +2 defense to sex, +2 defense to ass.)
          ► $30.00 - Luchador mask and speedos (+2 defense to lips, +2 defense to sex, +2 defense to ass.)
          ► $40.00 - Full-body bondage suit (-3 defense to lips, -3 defense to tits, -3 defense to sex, -3 defense to ass, -3 attack to lips, -3 attack to fingers, -3 attack to tits, -3 attack to sex, -3 attack to ass, -3 attack to feet.)
[/color][/color]
14-12-2017 08:22:58.5 [ROOM] Ken the Kaffir: !outfits
14-12-2017 08:23:19.1 [ROOM] Ken the Kaffir: (it's better to do it via private message to the bot but this is an example for you to see XD)
14-12-2017 08:23:31.5 [ROOM] Ken the Kaffir: then you can buy stuff like...
14-12-2017 08:23:36.9 [ROOM] Ken the Kaffir: !buy tank top
14-12-2017 08:23:36.9 [ROOM] Bot: The item tank top has been added to your item list. You now have $6.00 left.
14-12-2017 08:23:41.8 [ROOM] Ken the Kaffir: and...
14-12-2017 08:23:44.3 [ROOM] Ken the Kaffir: !equip tank top
14-12-2017 08:23:44.4 [ROOM] Bot: The item tank top has been equipped.
14-12-2017 08:23:57.7 [ROOM] Ken the Kaffir: or just...
14-12-2017 08:24:00.8 [ROOM] Ken the Kaffir: !equip nude
14-12-2017 08:24:00.8 [ROOM] Bot: The item nude has been equipped.
14-12-2017 08:24:05.3 [ROOM] Ken the Kaffir: to unequip
14-12-2017 08:24:29.5 [PRIV] Ken the Kaffir: !equip Luchador mask and speedos
14-12-2017 08:24:29.5 [PRIV] Bot to Ken the Kaffir:The item Luchador mask and speedos has been equipped.
14-12-2017 08:26:13.6 [ROOM] Zenith White: I seee~
14-12-2017 08:26:26.9 [ROOM] Zenith White: I think I'll set this up another time for now.  I'm feeling pretty lazy this morning  :p
14-12-2017 08:28:21.7 [ROOM] Ken the Kaffir: haha I understand~
14-12-2017 08:28:34.9 [ROOM] Ken the Kaffir: I mean, we could just have a quick match right now, no need to set up anything
14-12-2017 08:28:42.3 [PRIV] Ken the Kaffir: !equip nude
14-12-2017 08:28:42.3 [PRIV] Bot to Ken the Kaffir:The item nude has been equipped.
14-12-2017 08:28:45.0 [PRIV] Ken the Kaffir: !card
14-12-2017 08:28:45.0 [PRIV] Bot to Ken the Kaffir:
[color=gray]══════════════════════════════════════════════════
                                 ⭐ ⭐ [color=red][b]Character card[/b][/color] ⭐ ⭐
══════════════════════════════════════════════════
[color=pink]                     [icon]Ken the Kaffir[/icon]
          [b]Name:[/b] Ken the Kaffir | [b]Money:[/b] $6.00
          [b]Attack:[/b] 3 Lips, 3 Fingers, -3 Tits, 6 Sex, -3 Ass, 3 Feet.
          [b]Defense:[/b] 1 Lips, 1 Tits, 1 Sex, 2 Ass.
          [b]Sextoy:[/b] Cock ring. +2 attack to sex.
          [b]Outfit:[/b] Nude. Just you and your body.
          [b]Accessory:[/b] Wristbands. Standard uniform.
          [b]Flavor item:[/b] None. Nothing equiped.
[/color][/color]
14-12-2017 08:28:56.2 [PRIV] Bot to Ken the Kaffir:The item 'hands' wasn't found.
14-12-2017 08:28:56.2 [PRIV] Ken the Kaffir: !equip hands
14-12-2017 08:29:01.2 [PRIV] Ken the Kaffir: !sheet
14-12-2017 08:29:01.2 [PRIV] Bot to Ken the Kaffir:
[color=gray]══════════════════════════════════════════════════
                                 ⭐ ⭐ [color=red][b]General details[/b][/color] ⭐ ⭐
══════════════════════════════════════════════════
[color=pink]                     [icon]Ken the Kaffir[/icon]
          [b]Name:[/b] Ken the Kaffir | [b]Money:[/b] $6.00
[/color]══════════════════════════════════════════════════
                                 ⭐ ⭐ [color=red][b]Attack / Defense[/b][/color] ⭐ ⭐
══════════════════════════════════════════════════
[color=pink]          [b]Lips:[/b] 3 / 1
          [b]Fingers:[/b] 3
          [b]Tits:[/b] -3 / 1
          [b]Sex:[/b] 6 / 1
          [b]Ass:[/b] -3 / 2
          [b]Feet:[/b] 3[/color]
══════════════════════════════════════════════════
                                 ⭐ ⭐ [color=red][b]Equipment[/b][/color] ⭐ ⭐
══════════════════════════════════════════════════
[color=pink]          [b]Sextoy:[/b] Cock ring
                    +2 attack to sex.
          [b]Outfit:[/b] Nude
                    Just you and your body.
          [b]Accessory:[/b] Wristbands
                    Standard uniform.
          [b]Flavor item:[/b] None
                    Nothing equiped.
[/color]══════════════════════════════════════════════════
                                 ⭐ ⭐ [color=red][b]Inventory[/b][/color] ⭐ ⭐
══════════════════════════════════════════════════
[color=pink]          Nude. Just you and your body.
          Hand. Starter weapon.
          Wristbands. Standard uniform.
          None. Nothing equiped.
          Luchador mask and speedos. +2 defense to lips, +2 defense to sex, +2 defense to ass.
          Cock ring. +2 attack to sex.
          Tank top. If you don't want to enter the ring nude. Intended for males.
[/color][/color]
14-12-2017 08:29:08.6 [PRIV] Ken the Kaffir: !equip none
14-12-2017 08:29:08.6 [PRIV] Bot to Ken the Kaffir:The item none has been equipped.
14-12-2017 08:29:15.3 [PRIV] Ken the Kaffir: !card
14-12-2017 08:29:15.3 [PRIV] Bot to Ken the Kaffir:
[color=gray]══════════════════════════════════════════════════
                                 ⭐ ⭐ [color=red][b]Character card[/b][/color] ⭐ ⭐
══════════════════════════════════════════════════
[color=pink]                     [icon]Ken the Kaffir[/icon]
          [b]Name:[/b] Ken the Kaffir | [b]Money:[/b] $6.00
          [b]Attack:[/b] 3 Lips, 3 Fingers, -3 Tits, 6 Sex, -3 Ass, 3 Feet.
          [b]Defense:[/b] 1 Lips, 1 Tits, 1 Sex, 2 Ass.
          [b]Sextoy:[/b] Cock ring. +2 attack to sex.
          [b]Outfit:[/b] Nude. Just you and your body.
          [b]Accessory:[/b] Wristbands. Standard uniform.
          [b]Flavor item:[/b] None. Nothing equiped.
[/color][/color]
14-12-2017 08:29:35.4 [PRIV] Ken the Kaffir: !equip hand
14-12-2017 08:29:35.4 [PRIV] Bot to Ken the Kaffir:The item hand has been equipped.
14-12-2017 08:29:40.4 [PRIV] Ken the Kaffir: !card
14-12-2017 08:29:40.4 [PRIV] Bot to Ken the Kaffir:
[color=gray]══════════════════════════════════════════════════
                                 ⭐ ⭐ [color=red][b]Character card[/b][/color] ⭐ ⭐
══════════════════════════════════════════════════
[color=pink]                     [icon]Ken the Kaffir[/icon]
          [b]Name:[/b] Ken the Kaffir | [b]Money:[/b] $6.00
          [b]Attack:[/b] 3 Lips, 3 Fingers, -3 Tits, 4 Sex, -3 Ass, 3 Feet.
          [b]Defense:[/b] 1 Lips, 1 Tits, 1 Sex, 2 Ass.
          [b]Sextoy:[/b] Hand. Starter weapon.
          [b]Outfit:[/b] Nude. Just you and your body.
          [b]Accessory:[/b] Wristbands. Standard uniform.
          [b]Flavor item:[/b] None. Nothing equiped.
[/color][/color]
14-12-2017 08:30:31.9 [ROOM] Ken the Kaffir: I'll just lower my stats a bit to make things fair XD
14-12-2017 08:32:22.0 [ROOM] Zenith White: Tempting~  But not riiiight now, I'm afraid.  :p
14-12-2017 08:33:40.2 [ROOM] Ken the Kaffir: it's ok~
14-12-2017 09:15:11.1 [PRIV] Ken the Kaffir: [session=Lewd Sexual Wrestling - The sexfight club! 2]ADH-2f1dd1606bf45b6338a9[/session]
14-12-2017 10:31:06.0 [PRIV] Evan Clark: !card
14-12-2017 10:31:07.0 [PRIV] Bot to Evan Clark:
[color=gray]══════════════════════════════════════════════════
                                 ⭐ ⭐ [color=red][b]Character card[/b][/color] ⭐ ⭐
══════════════════════════════════════════════════
[color=green]                     [icon]Evan Clark[/icon]
          [b]Name:[/b] Evan Clark | [b]Money:[/b] $11.00
          [b]Attack:[/b] 1 Lips, 4 Fingers, 1 Tits, 3 Sex, 4 Ass, 3 Feet.
          [b]Defense:[/b] -1 Lips, 2 Tits, 2 Sex, 4 Ass.
          [b]Sextoy:[/b] Socks. +1 attack to feet.
          [b]Outfit:[/b] Spats. +2 defense to sex, +2 defense to ass.
          [b]Accessory:[/b] Wristbands. Standard uniform.
          [b]Flavor item:[/b] None. Nothing equiped.
[/color][/color]
14-12-2017 10:31:18.1 [PRIV] Evan Clark: !trainingdummy2 male
14-12-2017 10:31:18.5 [PRIV] Bot to Evan Clark:
[icon]Bot Announcer[/icon][color=gray] Welcome to the training ring! Today we have Evan Clark vs Sissy Robert Bot! Let the match begin![/color]
[color=gray]═════════════════ ⭐ [color=purple]Sexfight ring[/color] ⭐ ═════════════════
 [color=purple]▓▓▓▓▓▓▓▓▓▓▓▓▓▓▓▓▓▓▓▓[/color] ⭐ [color=purple]VS[/color] ⭐ [color=purple]▓▓▓▓▓▓▓▓▓▓▓▓▓▓▓▓▓▓▓▓[/color]
► [icon]Evan Clark[/icon]                                                                  [icon]Sissy Robert Bot[/icon]
It's Evan Clark's turn![/color]

14-12-2017 10:31:33.3 [PRIV] Bot to Evan Clark:
[icon]Bot Announcer[/icon][color=gray]Evan Clark used their fingers to tease Sissy Robert Bot's tits, dealing 18 lust points![/color]
[color=gray]═════════════════ ⭐ [color=purple]Sexfight ring[/color] ⭐ ═════════════════
 [color=purple]░░░▓▓▓▓▓▓▓▓▓▓▓▓▓▓▓▓▓[/color] ⭐ [color=purple]VS[/color] ⭐ [color=purple]▓▓▓▓▓▓▓▓▓▓▓▓▓▓▓▓▓▓▓▓[/color]
► [icon]Sissy Robert Bot[/icon]                                                                  [icon]Evan Clark[/icon]
It's Sissy Robert Bot's turn![/color]
[i]Sissy Robert moans as you tease him![/i]

14-12-2017 10:31:33.3 [PRIV] Bot to Evan Clark:
[i]But then, Sissy Robert sends a sex attack at you![/i]
[icon]Bot Announcer[/icon][color=gray]Sissy Robert Bot used their tits to tease Evan Clark's ass, dealing 9 lust points![/color]
[color=gray]═════════════════ ⭐ [color=purple]Sexfight ring[/color] ⭐ ═════════════════
 [color=purple]░▓▓▓▓▓▓▓▓▓▓▓▓▓▓▓▓▓▓▓[/color] ⭐ [color=purple]VS[/color] ⭐ [color=purple]▓▓▓▓▓▓▓▓▓▓▓▓▓▓▓▓▓░░░[/color]
► [icon]Evan Clark[/icon]                                                                  [icon]Sissy Robert Bot[/icon]
It's Evan Clark's turn![/color]

14-12-2017 10:31:33.3 [PRIV] Evan Clark: !attack fingers to tits
14-12-2017 10:31:42.3 [PRIV] Bot to Evan Clark:
[icon]Bot Announcer[/icon][color=gray]Evan Clark used their fingers to tease Sissy Robert Bot's lips, dealing 20 lust points![/color]
[color=gray]═════════════════ ⭐ [color=purple]Sexfight ring[/color] ⭐ ═════════════════
 [color=purple]░░░░░░░▓▓▓▓▓▓▓▓▓▓▓▓▓[/color] ⭐ [color=purple]VS[/color] ⭐ [color=purple]▓▓▓▓▓▓▓▓▓▓▓▓▓▓▓▓▓▓▓░[/color]
► [icon]Sissy Robert Bot[/icon]                                                                  [icon]Evan Clark[/icon]
It's Sissy Robert Bot's turn![/color]
[i]Sissy Robert moans as you tease him![/i]

14-12-2017 10:31:42.3 [PRIV] Bot to Evan Clark:
[i]But then, Sissy Robert sends a sex attack at you![/i]
[icon]Bot Announcer[/icon][color=gray]Sissy Robert Bot used their tits to tease Evan Clark's sex, dealing 5 lust points![/color]
[color=gray]═════════════════ ⭐ [color=purple]Sexfight ring[/color] ⭐ ═════════════════
 [color=purple]░░▓▓▓▓▓▓▓▓▓▓▓▓▓▓▓▓▓▓[/color] ⭐ [color=purple]VS[/color] ⭐ [color=purple]▓▓▓▓▓▓▓▓▓▓▓▓▓░░░░░░░[/color]
► [icon]Evan Clark[/icon]                                                                  [icon]Sissy Robert Bot[/icon]
It's Evan Clark's turn![/color]

14-12-2017 10:31:42.4 [PRIV] Evan Clark: !attack fingers to lips
14-12-2017 10:31:52.6 [PRIV] Bot to Evan Clark:
[icon]Bot Announcer[/icon][color=gray]Evan Clark used their tits to tease Sissy Robert Bot's tits, dealing 12 lust points![/color]
[color=gray]═════════════════ ⭐ [color=purple]Sexfight ring[/color] ⭐ ═════════════════
 [color=purple]░░░░░░░░░░▓▓▓▓▓▓▓▓▓▓[/color] ⭐ [color=purple]VS[/color] ⭐ [color=purple]▓▓▓▓▓▓▓▓▓▓▓▓▓▓▓▓▓▓░░[/color]
► [icon]Sissy Robert Bot[/icon]                                                                  [icon]Evan Clark[/icon]
It's Sissy Robert Bot's turn![/color]
[i]Sissy Robert moans as you tease him![/i]

14-12-2017 10:31:52.6 [PRIV] Bot to Evan Clark:
[i]But then, Sissy Robert sends a sex attack at you![/i]
[icon]Bot Announcer[/icon][color=gray]Sissy Robert Bot used their ass to tease Evan Clark's lips, dealing 11 lust points![/color]
[color=gray]═════════════════ ⭐ [color=purple]Sexfight ring[/color] ⭐ ═════════════════
 [color=purple]░░░░░▓▓▓▓▓▓▓▓▓▓▓▓▓▓▓[/color] ⭐ [color=purple]VS[/color] ⭐ [color=purple]▓▓▓▓▓▓▓▓▓▓░░░░░░░░░░[/color]
► [icon]Evan Clark[/icon]                                                                  [icon]Sissy Robert Bot[/icon]
It's Evan Clark's turn![/color]

14-12-2017 10:31:52.7 [PRIV] Evan Clark: !attack tits to tits
14-12-2017 10:32:01.1 [PRIV] Bot to Evan Clark:
[icon]Bot Announcer[/icon][color=gray]Evan Clark passed their turn![/color]
[i]Robert laughs to himself. 'You want more? Okay... come here, Cutie.' He beckons with one hand, staring hungrily at your body and licking his lips.[/i]
[i]But then, Sissy Robert sends a sex attack at you![/i]
[icon]Bot Announcer[/icon][color=gray]Sissy Robert Bot used their sex to tease Evan Clark's lips, dealing 2 lust points![/color]
[color=gray]═════════════════ ⭐ [color=purple]Sexfight ring[/color] ⭐ ═════════════════
 [color=purple]░░░░░▓▓▓▓▓▓▓▓▓▓▓▓▓▓▓[/color] ⭐ [color=purple]VS[/color] ⭐ [color=purple]▓▓▓▓▓▓▓▓▓▓░░░░░░░░░░[/color]
► [icon]Evan Clark[/icon]                                                                  [icon]Sissy Robert Bot[/icon]
It's Evan Clark's turn![/color]

14-12-2017 10:32:01.2 [PRIV] Evan Clark: !pass
14-12-2017 10:32:07.1 [PRIV] Bot to Evan Clark:
[icon]Bot Announcer[/icon][color=gray]Evan Clark used their sex to tease Sissy Robert Bot's sex, dealing 20 lust points![/color]
[color=gray]═════════════════ ⭐ [color=purple]Sexfight ring[/color] ⭐ ═════════════════
 [color=red]░░░░░░░░░░░░░░▓▓▓▓▓▓[/color] ⭐ [color=purple]VS[/color] ⭐ [color=purple]▓▓▓▓▓▓▓▓▓▓▓▓▓▓▓░░░░░[/color]
► [icon]Sissy Robert Bot[/icon]                                                                  [icon]Evan Clark[/icon]
It's Sissy Robert Bot's turn![/color]
[i]Sissy Robert moans as you tease him![/i]

14-12-2017 10:32:07.1 [PRIV] Bot to Evan Clark:
[i]But then, Sissy Robert sends a sex attack at you![/i]
[icon]Bot Announcer[/icon][color=gray]Sissy Robert Bot used their fingers to tease Evan Clark's tits, dealing 3 lust points![/color]
[color=gray]═════════════════ ⭐ [color=purple]Sexfight ring[/color] ⭐ ═════════════════
 [color=purple]░░░░░░▓▓▓▓▓▓▓▓▓▓▓▓▓▓[/color] ⭐ [color=purple]VS[/color] ⭐ [color=red]▓▓▓▓▓▓░░░░░░░░░░░░░░[/color]
► [icon]Evan Clark[/icon]                                                                  [icon]Sissy Robert Bot[/icon]
It's Evan Clark's turn![/color]

14-12-2017 10:32:07.1 [PRIV] Evan Clark: !attack sex to sex
14-12-2017 10:32:13.4 [PRIV] Bot to Evan Clark:
[icon]Bot Announcer[/icon][color=gray]Evan Clark used their fingers to tease Sissy Robert Bot's sex, dealing 20 lust points![/color]
[color=gray]═════════════════ ⭐ [color=purple]Sexfight ring[/color] ⭐ ═════════════════
 [color=red]░░░░░░░░░░░░░░░░░░▓▓[/color] ⭐ [color=purple]VS[/color] ⭐ [color=purple]▓▓▓▓▓▓▓▓▓▓▓▓▓▓░░░░░░[/color]
► [icon]Sissy Robert Bot[/icon]                                                                  [icon]Evan Clark[/icon]
It's Sissy Robert Bot's turn![/color]
[i]Sissy Robert moans as you tease him![/i]

14-12-2017 10:32:13.5 [PRIV] Bot to Evan Clark:
[i]But then, Sissy Robert sends a sex attack at you![/i]
[icon]Bot Announcer[/icon][color=gray]Sissy Robert Bot used their lips to tease Evan Clark's lips, dealing 6 lust points![/color]
[color=gray]═════════════════ ⭐ [color=purple]Sexfight ring[/color] ⭐ ═════════════════
 [color=purple]░░░░░░░▓▓▓▓▓▓▓▓▓▓▓▓▓[/color] ⭐ [color=purple]VS[/color] ⭐ [color=red]▓▓░░░░░░░░░░░░░░░░░░[/color]
► [icon]Evan Clark[/icon]                                                                  [icon]Sissy Robert Bot[/icon]
It's Evan Clark's turn![/color]

14-12-2017 10:32:13.5 [PRIV] Evan Clark: !attack fingers to sex
14-12-2017 10:32:20.1 [PRIV] Bot to Evan Clark:
[icon]Bot Announcer[/icon][color=gray]Evan Clark used their sex to tease Sissy Robert Bot's lips, dealing 17 lust points![/color]
[color=gray]Evan Clark made Sissy Robert Bot cum! The winner gets $2.00 and the loser gets $1.00, thank you for participating.[/color]
[color=gray]═════════════════ ⭐ [color=purple]Sexfight ring[/color] ⭐ ═════════════════
 [color=red]░░░░░░░░░░░░░░░░░░░░[/color] ⭐ [color=purple]VS[/color] ⭐ [color=purple]▓▓▓▓▓▓▓▓▓▓▓▓▓░░░░░░░[/color]
► [icon]Sissy Robert Bot[/icon]                                                                  [icon]Evan Clark[/icon]
It's Sissy Robert Bot's turn![/color]

[color=gray]════════════════ ⭐ [color=purple]Combat ended[/color] ⭐ ════════════════[/color]
[i]Sissy Robert moans as you tease him![/i]

14-12-2017 10:32:20.1 [PRIV] Bot to Evan Clark:

14-12-2017 10:32:20.1 [PRIV] Evan Clark: !attack sex to lips
14-12-2017 15:32:18.7 [ROOM] Bot: 
[color=gray]The ring is empty![/color]
14-12-2017 15:32:18.7 [ROOM] Ryician: !status
14-12-2017 15:32:51.3 [ROOM] Ryician: /me pokes his head in, looking to see if there is anyone he knew, or anyone he didn't.
14-12-2017 15:43:30.1 [ROOM] Agent Juniper: /me raised a paw - or a hand depending on which form he preferred..
14-12-2017 15:44:58.5 [ROOM] Ryician: /me smiled, waving back to Annabelle, "Well hey there, how are you doing?" he asked, eyes slipping over the slender hand.
14-12-2017 15:47:09.7 [ROOM] Agent Juniper: /me waved back as she headed over towards the taller male, looking up slightly as she smiled. "Doing just fine thank you..and yourself?"
14-12-2017 15:48:36.0 [ROOM] Ryician: /me couldn't help but smirk as he looked down at her, lightly sizing her up.  "Not too bad, I have been getting by.  Have you been training?" he asked, remembering her wanting sometime before they met again.
14-12-2017 15:50:43.5 [ROOM] Agent Juniper: /me stretched slowly before Ryician before slowly crossing her arms as the smirked in response. "The same and yes but...I don't think I'm quite there yet.." she said with a slow shrug. She was pretty sure he could take her in the ring but...she still looked pretty eager...
14-12-2017 15:52:04.2 [ROOM] Ryician: /me hadn't had a fight in days and was extremely pent up....for a fight.  Trying to keep from looking too eager, he lightly took her hand to lead her over to the ring.  "Well, what if we just see where you are right now." he said, looking over his shoulder with a smirk.  "I never say no to helping out a redhead..."
14-12-2017 15:57:01.2 [ROOM] Agent Juniper: /me was taken by the hand and led along to the ring. She too hadn't had a match in a long while and was very interested to see where she was against some of the better fighters in this club. "Oh, I get the feeling you're going to be doing a lot of 'helping' tonight.."
14-12-2017 15:58:27.3 [ROOM] Ryician: /me looked back, raising an eyebrow as he slipped up into the ring.  "What can I say, I am a nice guy." he said with a laugh, his mouth almost watering at the thought of getting her in the ring.  "I could even spot you a turn or two if that would make you feel better."
14-12-2017 15:58:28.3 [ROOM] Ryician: !ready
14-12-2017 15:58:28.4 [ROOM] Bot: 
[color=gray]═════════════ ⭐ [color=purple]Sexfight ring[/color] ⭐ ═════════════
          [icon]Ryician[/icon] Has entered the ring![/color]

14-12-2017 16:00:29.0 [ROOM] Agent Juniper: !ready
14-12-2017 16:00:29.0 [ROOM] Bot: 
[color=gray]═════════════ ⭐ [color=purple]Sexfight ring[/color] ⭐ ═════════════
          [icon]Agent Juniper[/icon] Has entered the ring![/color]

14-12-2017 16:00:29.0 [ROOM] Bot: 
[icon]Bot Announcer[/icon][color=gray] Welcome to the sexfight ring! Today we have Ryician vs Agent Juniper! Let the match begin![/color]
[color=gray]═════════════════ ⭐ [color=purple]Sexfight ring[/color] ⭐ ═════════════════
 [color=purple]▓▓▓▓▓▓▓▓▓▓▓▓▓▓▓▓▓▓▓▓[/color] ⭐ [color=purple]VS[/color] ⭐ [color=purple]▓▓▓▓▓▓▓▓▓▓▓▓▓▓▓▓▓▓▓▓[/color]
► [icon]Ryician[/icon]                                                                  [icon]Agent Juniper[/icon]
It's Ryician's turn![/color]

14-12-2017 16:02:48.2 [ROOM] Ryician: /me smiled as she accepted the match, pulling off his hoodie to leave him in a tanktop and a pair of basketball shorts.  The baggy helped hide how eager he was to get with it to her.  Knowing she was new, he was a little more arrogant than he probably should have been as he looked at her.  "So....what is your opening?  Maybe we can start there to figure out how to make you better." he said, trying to tease her up.
14-12-2017 16:02:49.3 [ROOM] Bot: 
[icon]Bot Announcer[/icon][color=gray]Ryician passed their turn![/color]
[color=gray]═════════════════ ⭐ [color=purple]Sexfight ring[/color] ⭐ ═════════════════
 [color=purple]▓▓▓▓▓▓▓▓▓▓▓▓▓▓▓▓▓▓▓▓[/color] ⭐ [color=purple]VS[/color] ⭐ [color=purple]▓▓▓▓▓▓▓▓▓▓▓▓▓▓▓▓▓▓▓▓[/color]
► [icon]Agent Juniper[/icon]                                                                  [icon]Ryician[/icon]
It's Agent Juniper's turn![/color]

14-12-2017 16:02:49.3 [ROOM] Ryician: !pass
14-12-2017 16:03:35.4 [ROOM] Bot: Invalid body parts. Example of valid ones: lips, fingers, tits, sex, ass, feet. Also remember to use 'to', example: !attack tits to lips. To see the full list, check the bot profile.
14-12-2017 16:03:35.4 [ROOM] Agent Juniper: !attack lip to dick
14-12-2017 16:04:56.1 [ROOM] Agent Juniper: (Oops sorry wrong way around)
14-12-2017 16:07:11.0 [ROOM] Agent Juniper: /me slipped into the ring slowly and sexily. She eased her sweater off to reveal a tight looking t-shirt and her baggy shorts to show off a nice pair of black lace panties. Slowly, she turned and showed herself off to Ryician. "Well...hrm.." she mused softly as she stepped towards the male "..sometimes the quickest way to a guys heart is.." She looked up at him, biting her lower lip as her hand eased down under those shorts of his and started to play with that dick. Slowly stroking up and down in a teasing manner before gripping it as it firmed up. 
14-12-2017 16:07:19.7 [ROOM] Bot: 
[icon]Bot Announcer[/icon][color=gray]Agent Juniper used their fingers to tease Ryician's dick, dealing 10 lust points![/color]
[color=gray]═════════════════ ⭐ [color=purple]Sexfight ring[/color] ⭐ ═════════════════
 [color=purple]░░▓▓▓▓▓▓▓▓▓▓▓▓▓▓▓▓▓▓[/color] ⭐ [color=purple]VS[/color] ⭐ [color=purple]▓▓▓▓▓▓▓▓▓▓▓▓▓▓▓▓▓▓▓▓[/color]
► [icon]Ryician[/icon]                                                                  [icon]Agent Juniper[/icon]
It's Ryician's turn![/color]

14-12-2017 16:07:19.7 [ROOM] Agent Juniper: !attack fingers to dick
14-12-2017 16:10:59.4 [ROOM] Ryician: /me couldn't help himself from dragging his eyes hungrily over her fit body.  She could feel his eyes moving over her the entire time she sauntered over to him.  His eyes met hers and she could feel him want to groan as she bit her lip, letting her fondle his member.  There was little he could do to not firm up for the stunning redhead as he looked at her.  "Mmm, is my heart really what you want?" he asked with a smirk as he pulled her tight against him, pinning her hand between them.  Leaning down, he pressed his lips tightly against hers, running a hand through her hair as his tongue slipped past her lips.
14-12-2017 16:11:03.6 [ROOM] Bot: 
[icon]Bot Announcer[/icon][color=gray]Ryician used their lips to tease Agent Juniper's lips, dealing 17 lust points![/color]
[color=gray]═════════════════ ⭐ [color=purple]Sexfight ring[/color] ⭐ ═════════════════
 [color=purple]░░░▓▓▓▓▓▓▓▓▓▓▓▓▓▓▓▓▓[/color] ⭐ [color=purple]VS[/color] ⭐ [color=purple]▓▓▓▓▓▓▓▓▓▓▓▓▓▓▓▓▓▓░░[/color]
► [icon]Agent Juniper[/icon]                                                                  [icon]Ryician[/icon]
It's Agent Juniper's turn![/color]

14-12-2017 16:11:03.6 [ROOM] Ryician: !attack lips to lips
14-12-2017 16:15:27.3 [ROOM] Agent Juniper: /me may well have been working him over but she couldn't take her eyes off of him. Gasping softly as he pulled her tightly against him. "Perhaps.." she murmured, still staring up at him before she leant into him to kiss back softly but his tongue, his lips felt amazing. Muffling soft protests, she melted a little against him before she worked his hand free and started once more to play with that dick of his as the pair kissed passionately. 
14-12-2017 16:15:37.0 [ROOM] Bot: 
[icon]Bot Announcer[/icon][color=gray]Agent Juniper used their fingers to tease Ryician's dick, dealing 14 lust points![/color]
[color=gray]═════════════════ ⭐ [color=purple]Sexfight ring[/color] ⭐ ═════════════════
 [color=purple]░░░░▓▓▓▓▓▓▓▓▓▓▓▓▓▓▓▓[/color] ⭐ [color=purple]VS[/color] ⭐ [color=purple]▓▓▓▓▓▓▓▓▓▓▓▓▓▓▓▓▓░░░[/color]
► [icon]Ryician[/icon]                                                                  [icon]Agent Juniper[/icon]
It's Ryician's turn![/color]

14-12-2017 16:15:37.0 [ROOM] Agent Juniper: !attack fingers to dick
14-12-2017 16:18:43.7 [ROOM] Ryician: /me smiled as she gasped, letting his cock throb in her hands, letting her feel the size and heat of his member in her hand.  His lips moved over her ears, whispering slowly, "Mmmm, you know, you can have that in more than just your hands if you want."  Slowly, his hands slipped down to her hips, fingers teasing over her skin as he pulled her closer to his member, teasing her.  She would soon feel her shirt sliding up her torso as his fingers glided over her breasts.
14-12-2017 16:18:47.3 [ROOM] Bot: 
[icon]Bot Announcer[/icon][color=gray]Ryician used their fingers to tease Agent Juniper's tits, dealing 18 lust points![/color]
[color=gray]═════════════════ ⭐ [color=purple]Sexfight ring[/color] ⭐ ═════════════════
 [color=purple]░░░░░░░▓▓▓▓▓▓▓▓▓▓▓▓▓[/color] ⭐ [color=purple]VS[/color] ⭐ [color=purple]▓▓▓▓▓▓▓▓▓▓▓▓▓▓▓▓░░░░[/color]
► [icon]Agent Juniper[/icon]                                                                  [icon]Ryician[/icon]
It's Agent Juniper's turn![/color]

14-12-2017 16:18:47.3 [ROOM] Ryician: !attack fingers to tits
14-12-2017 16:23:05.2 [ROOM] Agent Juniper: /me couldn't help but giggle softly as she heard his words, hands continuing to play up and down that dick. But it was his hands over her breasts. They felt amazing. They made her shiver and let out a soft whimper of delight. "Mmmff...I can't wait.." she winked as she eased herself down to her knees, hands pulling his shorts down as she did so. "How about...this?" she winked, pointing to her lips before she took that dick between her lips. "MMmff..mmm..."
14-12-2017 16:23:13.1 [ROOM] Bot: 
[icon]Bot Announcer[/icon][color=gray]Agent Juniper used their lips to tease Ryician's dick, dealing 10 lust points![/color]
[color=gray]═════════════════ ⭐ [color=purple]Sexfight ring[/color] ⭐ ═════════════════
 [color=purple]░░░░░░▓▓▓▓▓▓▓▓▓▓▓▓▓▓[/color] ⭐ [color=purple]VS[/color] ⭐ [color=purple]▓▓▓▓▓▓▓▓▓▓▓▓▓░░░░░░░[/color]
► [icon]Ryician[/icon]                                                                  [icon]Agent Juniper[/icon]
It's Ryician's turn![/color]

14-12-2017 16:23:13.1 [ROOM] Agent Juniper: !attack lips to dick
14-12-2017 16:26:03.0 [ROOM] Ryician: /me ran his hands back through his hair as she took his member into her mouth, biting his lip lightly.  "Mmmm, that is an option." he said, rolling his hips against her face lightly.  For the most part, he let her go at her own pace for now, not seeing anything from her he hadn't planned for.  Looking back down at her, he smiled as his hands ran through her perfect red hair, lightly fucking her face back.  "But it isn't like you are the first one to suck my cock." he said, enjoying the moment.
14-12-2017 16:26:08.0 [ROOM] Bot: 
[icon]Bot Announcer[/icon][color=gray]Ryician used their cock to tease Agent Juniper's lips, dealing 18 lust points![/color]
[color=gray]═════════════════ ⭐ [color=purple]Sexfight ring[/color] ⭐ ═════════════════
 [color=red]░░░░░░░░░░▓▓▓▓▓▓▓▓▓▓[/color] ⭐ [color=purple]VS[/color] ⭐ [color=purple]▓▓▓▓▓▓▓▓▓▓▓▓▓▓░░░░░░[/color]
► [icon]Agent Juniper[/icon]                                                                  [icon]Ryician[/icon]
It's Agent Juniper's turn![/color]

14-12-2017 16:26:08.0 [ROOM] Ryician: !attack cock to lips
14-12-2017 16:29:18.6 [ROOM] Agent Juniper: /me felt that dick start to slide back and forth inside of her mouth, making her lean back a little and simply take it. Sometimes, its not those brutal or over the top roughness which could break a female but the tender subtle moves. And right now that light face fucking was turning her on no end. "Mmmmmff..mmmmmff..." she moaned softly around that dick. Slowly she sat up and pushed that dick between her tits. Sucking on it as she started to use the tight embrace of her breasts to excite that dick.
14-12-2017 16:29:22.4 [ROOM] Bot: 
[icon]Bot Announcer[/icon][color=gray]Agent Juniper used their tits to tease Ryician's dick, dealing 5 lust points![/color]
[color=gray]═════════════════ ⭐ [color=purple]Sexfight ring[/color] ⭐ ═════════════════
 [color=purple]░░░░░░░▓▓▓▓▓▓▓▓▓▓▓▓▓[/color] ⭐ [color=purple]VS[/color] ⭐ [color=red]▓▓▓▓▓▓▓▓▓▓░░░░░░░░░░[/color]
► [icon]Ryician[/icon]                                                                  [icon]Agent Juniper[/icon]
It's Ryician's turn![/color]

14-12-2017 16:29:22.4 [ROOM] Agent Juniper: !attack tits to dick
14-12-2017 16:31:35.2 [ROOM] Ryician: /me was surprised at how his cock handled her assault, barely throbbing in her mouth as he felt her tits wrap around his member.  His eyes looked down, meeting hers with a hungry gaze, but she could tell that he wasn't close to losing control.  Licking his lips, he smiled, not moving his cock an inch away from her body.  "Mmmmm, is this making you wet?" he asked, not even making a move to check as he stared her in the eye.
14-12-2017 16:31:36.6 [ROOM] Bot: 
[icon]Bot Announcer[/icon][color=gray]Ryician passed their turn![/color]
[color=gray]═════════════════ ⭐ [color=purple]Sexfight ring[/color] ⭐ ═════════════════
 [color=red]░░░░░░░░░░▓▓▓▓▓▓▓▓▓▓[/color] ⭐ [color=purple]VS[/color] ⭐ [color=purple]▓▓▓▓▓▓▓▓▓▓▓▓▓░░░░░░░[/color]
► [icon]Agent Juniper[/icon]                                                                  [icon]Ryician[/icon]
It's Agent Juniper's turn![/color]

14-12-2017 16:31:36.6 [ROOM] Ryician: !pass
14-12-2017 16:34:22.7 [ROOM] Agent Juniper: /me knew she had quite a way to go to bring Ryician to a boil so she decided to try and combine all three aspects. Looking up with a seductive gaze as now her hand started to stroke up and down that dick as her tits kept squeezing and her lips continued to play with his sensitive head and shaft. She had to find a way to break him down somehow...
14-12-2017 16:34:31.0 [ROOM] Bot: 
[icon]Bot Announcer[/icon][color=gray]Agent Juniper used their fingers to tease Ryician's dick, dealing 14 lust points![/color]
[color=gray]═════════════════ ⭐ [color=purple]Sexfight ring[/color] ⭐ ═════════════════
 [color=red]░░░░░░░░░░▓▓▓▓▓▓▓▓▓▓[/color] ⭐ [color=purple]VS[/color] ⭐ [color=red]▓▓▓▓▓▓▓▓▓▓░░░░░░░░░░[/color]
► [icon]Ryician[/icon]                                                                  [icon]Agent Juniper[/icon]
It's Ryician's turn![/color]

14-12-2017 16:34:31.0 [ROOM] Agent Juniper: !attack fingers to dick
14-12-2017 16:37:39.8 [ROOM] Ryician: /me looked away for a moment, surveying the gym as she worked his member.  As he looked back down, he was stunned to see that there was no worry or fear on her face.  The only emotion he saw was sultry hunger and it made him groan.  His cock gave his first twitch between her breasts as he took a deep breath.  Gently, he pushed her down on her back, trying not to look concerned as his member throbbed in the air.  "Let's see if you are wet..." he sighed as he dropped between her legs, pushing her panties to the side so the tip of his tongue could gently part her lips.
14-12-2017 16:37:47.2 [ROOM] Bot: 
[icon]Bot Announcer[/icon][color=gray]Ryician used their tongue to tease Agent Juniper's pussy, dealing 10 lust points![/color]
[color=gray]═════════════════ ⭐ [color=purple]Sexfight ring[/color] ⭐ ═════════════════
 [color=red]░░░░░░░░░░░░▓▓▓▓▓▓▓▓[/color] ⭐ [color=purple]VS[/color] ⭐ [color=red]▓▓▓▓▓▓▓▓▓▓░░░░░░░░░░[/color]
► [icon]Agent Juniper[/icon]                                                                  [icon]Ryician[/icon]
It's Agent Juniper's turn![/color]

14-12-2017 16:37:47.2 [ROOM] Ryician: !attack tongue to pussy
14-12-2017 16:43:21.9 [ROOM] Agent Juniper: /me smiled to herself once he groaned out loud. Finally! She was making some kind of progress now. Her head started to bob slowly as she got into her rhythm at last. "Mmm..mmmff..mmmn..." she murmured with that thick dick between her lips. "Mmmm..mmmff!" she gasped as he pushed her away and onto her back, propping herself up on her elbows to watch him spread her thighs and started to push her panties aside and lick up and over her lips. "Mmm..mmnn.." she moaned softly as he started to play with him. Moving around, she tried to turn this into a 69, hands reaching for that dick to jerk him off...
14-12-2017 16:43:27.5 [ROOM] Bot: 
[icon]Bot Announcer[/icon][color=gray]Agent Juniper used their fingers to tease Ryician's dick, dealing 9 lust points![/color]
[color=gray]═════════════════ ⭐ [color=purple]Sexfight ring[/color] ⭐ ═════════════════
 [color=red]░░░░░░░░░░░░▓▓▓▓▓▓▓▓[/color] ⭐ [color=purple]VS[/color] ⭐ [color=red]▓▓▓▓▓▓▓▓░░░░░░░░░░░░[/color]
► [icon]Ryician[/icon]                                                                  [icon]Agent Juniper[/icon]
It's Ryician's turn![/color]

14-12-2017 16:43:27.5 [ROOM] Agent Juniper: !attack fingers to dick
14-12-2017 16:46:23.0 [ROOM] Ryician: /me sighed as he felt her hand on his member, her sweet pussy in his face.  Quickly, he pulled her panties clean off, throwing them across the room.  Quickly, he pressed his face between her legs, his tongue eagerly lapping at her pussy.  Between her attention and her sweet taste, she got another moan out of him that made his lips vibrate against her pussy.  Taking another breath, he tried to taunt her again.  "You are gonna cum so hard for me unless you can stop me." he said with a smirk as he slipped his tongue deep inside of her.
14-12-2017 16:46:26.4 [ROOM] Bot: 
[icon]Bot Announcer[/icon][color=gray]Ryician used their lips to tease Agent Juniper's pussy, dealing 8 lust points![/color]
[color=gray]═════════════════ ⭐ [color=purple]Sexfight ring[/color] ⭐ ═════════════════
 [color=red]░░░░░░░░░░░░░░▓▓▓▓▓▓[/color] ⭐ [color=purple]VS[/color] ⭐ [color=red]▓▓▓▓▓▓▓▓░░░░░░░░░░░░[/color]
► [icon]Agent Juniper[/icon]                                                                  [icon]Ryician[/icon]
It's Agent Juniper's turn![/color]

14-12-2017 16:46:26.5 [ROOM] Ryician: !attack lips to pussy
14-12-2017 16:48:48.5 [ROOM] Satomi Hempstock: /me steps into the ring in only yoga pants covering his little pink cock cage
14-12-2017 16:49:51.4 [ROOM] Satomi Hempstock: /me steps back out blushing
14-12-2017 16:53:44.0 [ROOM] Ryician: !pausefight
14-12-2017 16:54:07.5 [ROOM] Bot: Match saved! To get a list of saved matches, use !savedfights
14-12-2017 16:54:07.5 [ROOM] Ryician: !savefight
14-12-2017 16:54:15.9 [ROOM] Ryician: [Ring free!]
14-12-2017 16:56:41.1 [ROOM] Satomi Hempstock: /me looks around, carrying his gym bag, wearing heels
14-12-2017 17:33:46.5 [ROOM] Satomi Hempstock: /me slips out of his heels, looking around for a partner
14-12-2017 17:40:05.4 [ROOM] Kenia Nya: Hello~ can I help you with something? ^^
14-12-2017 17:44:28.8 [ROOM] Satomi Hempstock: I'm looking for an introduction match, maybe
14-12-2017 17:44:55.5 [ROOM] Kenia Nya: I'm totally available, meow~
14-12-2017 17:47:22.0 [ROOM] Satomi Hempstock: Would it be any trouble tot each me the basics?
14-12-2017 17:47:39.1 [ROOM] Kenia Nya: no problem at all, meow~
14-12-2017 17:49:45.6 [ROOM] Satomi Hempstock: /me.nervously steps into the ring
14-12-2017 17:51:30.2 [ROOM] Kenia Nya: /me smiles and slowly enters the ring as well, she was wearing her usual pink two piece bikini only and gets on guard "hehe don't worry~ I'll be easy on you~" she says and circles him around
14-12-2017 17:52:49.3 [ROOM] Satomi Hempstock: /me blushes and squats a bit trying to guard, turning to face the cat girl
14-12-2017 17:53:31.8 [ROOM] Satomi Hempstock: "uhm... I guess I need to know the rules... Don't I?"
14-12-2017 17:54:48.4 [ROOM] Kenia Nya: /me giggles a bit and dashes towards the boy, going for a quick headlock hold! she gets one arm around the boy's neck to bring him close, squeezing him a bit and uses her free hand to spank his butt a few times~ "hehe well~ the rules are simple, first to sexually submit to the other, loses~"
14-12-2017 17:56:37.3 [ROOM] Satomi Hempstock: /me blushes as he moans at the spanking, his pale face turning pink in an instant as he tries to slip free, his long hair giving him enough slip to get free, but immediatley falls on his butt
14-12-2017 17:57:02.6 [ROOM] Satomi Hempstock: "I it's that simple huh? He says as he scrambles back to his feet
14-12-2017 17:59:02.8 [ROOM] Kenia Nya: (I'm sorry! I have to go &gt;.&lt; take care you all)
14-12-2017 20:54:25.3 [PRIV] Evan Clark: !trainingdummy2 male
14-12-2017 20:54:25.4 [PRIV] Bot to Evan Clark:
[icon]Bot Announcer[/icon][color=gray] Welcome to the training ring! Today we have Evan Clark vs Sissy Robert Bot! Let the match begin![/color]
[color=gray]═════════════════ ⭐ [color=purple]Sexfight ring[/color] ⭐ ═════════════════
 [color=purple]▓▓▓▓▓▓▓▓▓▓▓▓▓▓▓▓▓▓▓▓[/color] ⭐ [color=purple]VS[/color] ⭐ [color=purple]▓▓▓▓▓▓▓▓▓▓▓▓▓▓▓▓▓▓▓▓[/color]
► [icon]Evan Clark[/icon]                                                                  [icon]Sissy Robert Bot[/icon]
It's Evan Clark's turn![/color]

14-12-2017 20:54:31.9 [PRIV] Bot to Evan Clark:
[icon]Bot Announcer[/icon][color=gray]Evan Clark used their fingers to tease Sissy Robert Bot's tits, dealing 13 lust points![/color]
[color=gray]═════════════════ ⭐ [color=purple]Sexfight ring[/color] ⭐ ═════════════════
 [color=purple]░░▓▓▓▓▓▓▓▓▓▓▓▓▓▓▓▓▓▓[/color] ⭐ [color=purple]VS[/color] ⭐ [color=purple]▓▓▓▓▓▓▓▓▓▓▓▓▓▓▓▓▓▓▓▓[/color]
► [icon]Sissy Robert Bot[/icon]                                                                  [icon]Evan Clark[/icon]
It's Sissy Robert Bot's turn![/color]
[i]Sissy Robert moans as you tease him![/i]

14-12-2017 20:54:31.9 [PRIV] Bot to Evan Clark:
[i]But then, Sissy Robert sends a sex attack at you![/i]
[icon]Bot Announcer[/icon][color=gray]Sissy Robert Bot used their feet to tease Evan Clark's lips, dealing 11 lust points![/color]
[color=gray]═════════════════ ⭐ [color=purple]Sexfight ring[/color] ⭐ ═════════════════
 [color=purple]░░▓▓▓▓▓▓▓▓▓▓▓▓▓▓▓▓▓▓[/color] ⭐ [color=purple]VS[/color] ⭐ [color=purple]▓▓▓▓▓▓▓▓▓▓▓▓▓▓▓▓▓▓░░[/color]
► [icon]Evan Clark[/icon]                                                                  [icon]Sissy Robert Bot[/icon]
It's Evan Clark's turn![/color]

14-12-2017 20:54:31.9 [PRIV] Evan Clark: !attack fingers to tits
14-12-2017 20:54:40.4 [PRIV] Bot to Evan Clark:
[icon]Bot Announcer[/icon][color=gray]Evan Clark passed their turn![/color]
[i]Robert laughs to himself. 'You want more? Okay... come here, Cutie.' He beckons with one hand, staring hungrily at your body and licking his lips.[/i]
[i]But then, Sissy Robert sends a sex attack at you![/i]
[icon]Bot Announcer[/icon][color=gray]Sissy Robert Bot used their feet to tease Evan Clark's ass, dealing 7 lust points![/color]
[color=gray]═════════════════ ⭐ [color=purple]Sexfight ring[/color] ⭐ ═════════════════
 [color=purple]░░░▓▓▓▓▓▓▓▓▓▓▓▓▓▓▓▓▓[/color] ⭐ [color=purple]VS[/color] ⭐ [color=purple]▓▓▓▓▓▓▓▓▓▓▓▓▓▓▓▓▓▓░░[/color]
► [icon]Evan Clark[/icon]                                                                  [icon]Sissy Robert Bot[/icon]
It's Evan Clark's turn![/color]

14-12-2017 20:54:40.5 [PRIV] Evan Clark: !pass
14-12-2017 20:54:48.2 [PRIV] Bot to Evan Clark:
[icon]Bot Announcer[/icon][color=gray]Evan Clark used their tits to tease Sissy Robert Bot's tits, dealing 16 lust points![/color]
[color=gray]═════════════════ ⭐ [color=purple]Sexfight ring[/color] ⭐ ═════════════════
 [color=purple]░░░░░▓▓▓▓▓▓▓▓▓▓▓▓▓▓▓[/color] ⭐ [color=purple]VS[/color] ⭐ [color=purple]▓▓▓▓▓▓▓▓▓▓▓▓▓▓▓▓▓░░░[/color]
► [icon]Sissy Robert Bot[/icon]                                                                  [icon]Evan Clark[/icon]
It's Sissy Robert Bot's turn![/color]
[i]Sissy Robert moans as you tease him![/i]

14-12-2017 20:54:48.2 [PRIV] Bot to Evan Clark:
[i]But then, Sissy Robert sends a sex attack at you![/i]
[icon]Bot Announcer[/icon][color=gray]Sissy Robert Bot used their feet to tease Evan Clark's sex, dealing 4 lust points![/color]
[color=gray]═════════════════ ⭐ [color=purple]Sexfight ring[/color] ⭐ ═════════════════
 [color=purple]░░░░▓▓▓▓▓▓▓▓▓▓▓▓▓▓▓▓[/color] ⭐ [color=purple]VS[/color] ⭐ [color=purple]▓▓▓▓▓▓▓▓▓▓▓▓▓▓▓░░░░░[/color]
► [icon]Evan Clark[/icon]                                                                  [icon]Sissy Robert Bot[/icon]
It's Evan Clark's turn![/color]

14-12-2017 20:54:48.3 [PRIV] Evan Clark: !attack tits to tits
14-12-2017 20:54:55.3 [PRIV] Bot to Evan Clark:
[icon]Bot Announcer[/icon][color=gray]Evan Clark passed their turn![/color]
[i]Robert laughs to himself. 'You want more? Okay... come here, Cutie.' He beckons with one hand, staring hungrily at your body and licking his lips.[/i]
[i]But then, Sissy Robert sends a sex attack at you![/i]
[icon]Bot Announcer[/icon][color=gray]Sissy Robert Bot used their tits to tease Evan Clark's sex, dealing 10 lust points![/color]
[color=gray]═════════════════ ⭐ [color=purple]Sexfight ring[/color] ⭐ ═════════════════
 [color=purple]░░░░░░▓▓▓▓▓▓▓▓▓▓▓▓▓▓[/color] ⭐ [color=purple]VS[/color] ⭐ [color=purple]▓▓▓▓▓▓▓▓▓▓▓▓▓▓▓░░░░░[/color]
► [icon]Evan Clark[/icon]                                                                  [icon]Sissy Robert Bot[/icon]
It's Evan Clark's turn![/color]

14-12-2017 20:54:55.3 [PRIV] Evan Clark: !pass
14-12-2017 20:55:02.1 [PRIV] Bot to Evan Clark:
[icon]Bot Announcer[/icon][color=gray]Evan Clark used their sex to tease Sissy Robert Bot's sex, dealing 18 lust points![/color]
[color=gray]═════════════════ ⭐ [color=purple]Sexfight ring[/color] ⭐ ═════════════════
 [color=purple]░░░░░░░░░▓▓▓▓▓▓▓▓▓▓▓[/color] ⭐ [color=purple]VS[/color] ⭐ [color=purple]▓▓▓▓▓▓▓▓▓▓▓▓▓▓░░░░░░[/color]
► [icon]Sissy Robert Bot[/icon]                                                                  [icon]Evan Clark[/icon]
It's Sissy Robert Bot's turn![/color]
[i]Sissy Robert moans as you tease him![/i]

14-12-2017 20:55:02.1 [PRIV] Bot to Evan Clark:
[i]But then, Sissy Robert sends a sex attack at you![/i]
[icon]Bot Announcer[/icon][color=gray]Sissy Robert Bot used their sex to tease Evan Clark's lips, dealing 4 lust points![/color]
[color=gray]═════════════════ ⭐ [color=purple]Sexfight ring[/color] ⭐ ═════════════════
 [color=purple]░░░░░░░▓▓▓▓▓▓▓▓▓▓▓▓▓[/color] ⭐ [color=purple]VS[/color] ⭐ [color=purple]▓▓▓▓▓▓▓▓▓▓▓░░░░░░░░░[/color]
► [icon]Evan Clark[/icon]                                                                  [icon]Sissy Robert Bot[/icon]
It's Evan Clark's turn![/color]

14-12-2017 20:55:02.1 [PRIV] Evan Clark: !attack sex to sex
14-12-2017 20:55:13.1 [PRIV] Bot to Evan Clark:
[icon]Bot Announcer[/icon][color=gray]Evan Clark used their lips to tease Sissy Robert Bot's sex, dealing 15 lust points![/color]
[color=gray]═════════════════ ⭐ [color=purple]Sexfight ring[/color] ⭐ ═════════════════
 [color=red]░░░░░░░░░░░░▓▓▓▓▓▓▓▓[/color] ⭐ [color=purple]VS[/color] ⭐ [color=purple]▓▓▓▓▓▓▓▓▓▓▓▓▓░░░░░░░[/color]
► [icon]Sissy Robert Bot[/icon]                                                                  [icon]Evan Clark[/icon]
It's Sissy Robert Bot's turn![/color]
[i]Sissy Robert moans as you tease him![/i]

14-12-2017 20:55:13.2 [PRIV] Bot to Evan Clark:
[i]But then, Sissy Robert sends a sex attack at you![/i]
[icon]Bot Announcer[/icon][color=gray]Sissy Robert Bot used their tits to tease Evan Clark's sex, dealing 5 lust points![/color]
[color=gray]═════════════════ ⭐ [color=purple]Sexfight ring[/color] ⭐ ═════════════════
 [color=purple]░░░░░░░░▓▓▓▓▓▓▓▓▓▓▓▓[/color] ⭐ [color=purple]VS[/color] ⭐ [color=red]▓▓▓▓▓▓▓▓░░░░░░░░░░░░[/color]
► [icon]Evan Clark[/icon]                                                                  [icon]Sissy Robert Bot[/icon]
It's Evan Clark's turn![/color]

14-12-2017 20:55:13.2 [PRIV] Evan Clark: !attack lips to sex
14-12-2017 20:55:23.5 [PRIV] Bot to Evan Clark:
[icon]Bot Announcer[/icon][color=gray]Evan Clark used their ass to tease Sissy Robert Bot's sex, dealing 24 lust points![/color]
[color=gray]═════════════════ ⭐ [color=purple]Sexfight ring[/color] ⭐ ═════════════════
 [color=red]░░░░░░░░░░░░░░░░░▓▓▓[/color] ⭐ [color=purple]VS[/color] ⭐ [color=purple]▓▓▓▓▓▓▓▓▓▓▓▓░░░░░░░░[/color]
► [icon]Sissy Robert Bot[/icon]                                                                  [icon]Evan Clark[/icon]
It's Sissy Robert Bot's turn![/color]
[i]Sissy Robert moans as you tease him![/i]

14-12-2017 20:55:23.5 [PRIV] Bot to Evan Clark:
[i]But then, Sissy Robert sends a sex attack at you![/i]
[icon]Bot Announcer[/icon][color=gray]Sissy Robert Bot used their sex to tease Evan Clark's tits, dealing 5 lust points![/color]
[color=gray]═════════════════ ⭐ [color=purple]Sexfight ring[/color] ⭐ ═════════════════
 [color=purple]░░░░░░░░░▓▓▓▓▓▓▓▓▓▓▓[/color] ⭐ [color=purple]VS[/color] ⭐ [color=red]▓▓▓░░░░░░░░░░░░░░░░░[/color]
► [icon]Evan Clark[/icon]                                                                  [icon]Sissy Robert Bot[/icon]
It's Evan Clark's turn![/color]

14-12-2017 20:55:23.6 [PRIV] Evan Clark: !attack ass to sex
14-12-2017 20:55:32.8 [PRIV] Bot to Evan Clark:
[icon]Bot Announcer[/icon][color=gray]Evan Clark used their lips to tease Sissy Robert Bot's lips, dealing 12 lust points![/color]
[color=gray]═════════════════ ⭐ [color=purple]Sexfight ring[/color] ⭐ ═════════════════
 [color=red]░░░░░░░░░░░░░░░░░░░▓[/color] ⭐ [color=purple]VS[/color] ⭐ [color=purple]▓▓▓▓▓▓▓▓▓▓▓░░░░░░░░░[/color]
► [icon]Sissy Robert Bot[/icon]                                                                  [icon]Evan Clark[/icon]
It's Sissy Robert Bot's turn![/color]
[i]Sissy Robert moans as you tease him![/i]

14-12-2017 20:55:32.8 [PRIV] Bot to Evan Clark:
[i]But then, Sissy Robert sends a sex attack at you![/i]
[icon]Bot Announcer[/icon][color=gray]Sissy Robert Bot used their lips to tease Evan Clark's sex, dealing 7 lust points![/color]
[color=gray]═════════════════ ⭐ [color=purple]Sexfight ring[/color] ⭐ ═════════════════
 [color=red]░░░░░░░░░░▓▓▓▓▓▓▓▓▓▓[/color] ⭐ [color=purple]VS[/color] ⭐ [color=red]▓░░░░░░░░░░░░░░░░░░░[/color]
► [icon]Evan Clark[/icon]                                                                  [icon]Sissy Robert Bot[/icon]
It's Evan Clark's turn![/color]

14-12-2017 20:55:32.8 [PRIV] Evan Clark: !attack lips to lips
14-12-2017 20:55:41.7 [PRIV] Bot to Evan Clark:
[icon]Bot Announcer[/icon][color=gray]Evan Clark used their feet to tease Sissy Robert Bot's sex, dealing 21 lust points![/color]
[color=gray]Evan Clark made Sissy Robert Bot cum! The winner gets $2.00 and the loser gets $1.00, thank you for participating.[/color]
[color=gray]═════════════════ ⭐ [color=purple]Sexfight ring[/color] ⭐ ═════════════════
 [color=red]░░░░░░░░░░░░░░░░░░░░[/color] ⭐ [color=purple]VS[/color] ⭐ [color=red]▓▓▓▓▓▓▓▓▓▓░░░░░░░░░░[/color]
► [icon]Sissy Robert Bot[/icon]                                                                  [icon]Evan Clark[/icon]
It's Sissy Robert Bot's turn![/color]

[color=gray]════════════════ ⭐ [color=purple]Combat ended[/color] ⭐ ════════════════[/color]
[i]Sissy Robert moans as you tease him![/i]

14-12-2017 20:55:41.7 [PRIV] Bot to Evan Clark:

14-12-2017 20:55:41.7 [PRIV] Evan Clark: !attack feet to sex
14-12-2017 22:37:43.3 [ROOM] Darent: Hello everyone! How's it going? ^^
14-12-2017 22:38:33.0 [ROOM] Darent: oh, we have new people today (or at least I haven't seen them before...)
14-12-2017 22:39:51.0 [ROOM] Darent: so... welcome Arcade Shoto, Empress of Hell, canaris and Team Mom Mercy!
14-12-2017 23:08:40.3 [ROOM] Evan Clark: /me waves. Hey Darent, sorry about being rude and ignoring the room for so long
14-12-2017 23:09:29.3 [ROOM] Darent: Oh don't worry! I'm the one that's sorry, I haven't updated the bot &gt;.&lt;
14-12-2017 23:11:29.4 [ROOM] Evan Clark: LOL it's cool. I imagine it's a tedious process
14-12-2017 23:14:22.8 [ROOM] Darent: not really but... I haven't been feeling very well lately... between lots of work, no free time and now a cold... I'm a bit expended XD
14-12-2017 23:17:50.0 [ROOM] Evan Clark: Oh sorry to hear that!
14-12-2017 23:17:54.1 [ROOM] Evan Clark: Hope you get well soon
14-12-2017 23:19:57.3 [ROOM] Darent: thank you ^^
14-12-2017 23:20:13.4 [ROOM] Darent: I'm feeling quite better but still, I have tons of work ahead x.x
14-12-2017 23:21:32.4 [ROOM] Evan Clark: Oh I feel you. I just finished finals this week so I'm finally able to relax and work on some commissions 
14-12-2017 23:26:09.0 [ROOM] Darent: I have a TON of tests to grade and deliver for saturday XDDD
14-12-2017 23:27:47.0 [ROOM] Evan Clark: Oh gosh I do not envy that
