15-12-2017 01:43:16.3 [ROOM] Lyanna Pelon: good evening everyone :)
15-12-2017 01:48:55.5 [ROOM] Evan Clark: Evenin Lyanna
15-12-2017 01:49:53.1 [ROOM] Lyanna Pelon: just checking in
15-12-2017 01:55:38.3 [ROOM] Evan Clark: Ah, gotcha :]
15-12-2017 13:24:40.9 [ROOM] Bot: 
[color=gray]The ring is empty![/color]
15-12-2017 13:24:41.0 [ROOM] Ryician: !status
15-12-2017 13:25:07.4 [ROOM] Ryician: /me tries to sneak in with a bag of loud, annoying fireworks.
15-12-2017 16:02:49.6 [PRIV] Jaxton Wheeler: !trainingdummy2 male
15-12-2017 16:02:49.7 [PRIV] Bot to Jaxton Wheeler:
[icon]Bot Announcer[/icon][color=gray] Welcome to the training ring! Today we have Jaxton Wheeler vs Sissy Robert Bot! Let the match begin![/color]
[color=gray]═════════════════ ⭐ [color=purple]Sexfight ring[/color] ⭐ ═════════════════
 [color=purple]▓▓▓▓▓▓▓▓▓▓▓▓▓▓▓▓▓▓▓▓[/color] ⭐ [color=purple]VS[/color] ⭐ [color=purple]▓▓▓▓▓▓▓▓▓▓▓▓▓▓▓▓▓▓▓▓[/color]
► [icon]Jaxton Wheeler[/icon]                                                                  [icon]Sissy Robert Bot[/icon]
It's Jaxton Wheeler's turn![/color]

15-12-2017 16:02:53.3 [PRIV] Bot to Jaxton Wheeler:
[icon]Bot Announcer[/icon][color=gray]Jaxton Wheeler used their feet to tease Sissy Robert Bot's lips, dealing 26 lust points![/color]
[color=gray]═════════════════ ⭐ [color=purple]Sexfight ring[/color] ⭐ ═════════════════
 [color=purple]░░░░░▓▓▓▓▓▓▓▓▓▓▓▓▓▓▓[/color] ⭐ [color=purple]VS[/color] ⭐ [color=purple]▓▓▓▓▓▓▓▓▓▓▓▓▓▓▓▓▓▓▓▓[/color]
► [icon]Sissy Robert Bot[/icon]                                                                  [icon]Jaxton Wheeler[/icon]
It's Sissy Robert Bot's turn![/color]
[i]Sissy Robert moans as you tease him![/i]

15-12-2017 16:02:53.3 [PRIV] Bot to Jaxton Wheeler:
[i]But then, Sissy Robert sends a sex attack at you![/i]
[icon]Bot Announcer[/icon][color=gray]Sissy Robert Bot used their feet to tease Jaxton Wheeler's sex, dealing 9 lust points![/color]
[color=gray]═════════════════ ⭐ [color=purple]Sexfight ring[/color] ⭐ ═════════════════
 [color=purple]░▓▓▓▓▓▓▓▓▓▓▓▓▓▓▓▓▓▓▓[/color] ⭐ [color=purple]VS[/color] ⭐ [color=purple]▓▓▓▓▓▓▓▓▓▓▓▓▓▓▓░░░░░[/color]
► [icon]Jaxton Wheeler[/icon]                                                                  [icon]Sissy Robert Bot[/icon]
It's Jaxton Wheeler's turn![/color]

15-12-2017 16:02:53.3 [PRIV] Jaxton Wheeler: !attack feet to lips
15-12-2017 16:03:02.2 [PRIV] Bot to Jaxton Wheeler:
[icon]Bot Announcer[/icon][color=gray]Jaxton Wheeler used their feet to tease Sissy Robert Bot's sex, dealing 23 lust points![/color]
[color=gray]═════════════════ ⭐ [color=purple]Sexfight ring[/color] ⭐ ═════════════════
 [color=purple]░░░░░░░░░▓▓▓▓▓▓▓▓▓▓▓[/color] ⭐ [color=purple]VS[/color] ⭐ [color=purple]▓▓▓▓▓▓▓▓▓▓▓▓▓▓▓▓▓▓▓░[/color]
► [icon]Sissy Robert Bot[/icon]                                                                  [icon]Jaxton Wheeler[/icon]
It's Sissy Robert Bot's turn![/color]
[i]Sissy Robert moans as you tease him![/i]

15-12-2017 16:03:02.2 [PRIV] Bot to Jaxton Wheeler:
[i]But then, Sissy Robert sends a sex attack at you![/i]
[icon]Bot Announcer[/icon][color=gray]Sissy Robert Bot used their tits to tease Jaxton Wheeler's ass, dealing 2 lust points![/color]
[color=gray]═════════════════ ⭐ [color=purple]Sexfight ring[/color] ⭐ ═════════════════
 [color=purple]░░▓▓▓▓▓▓▓▓▓▓▓▓▓▓▓▓▓▓[/color] ⭐ [color=purple]VS[/color] ⭐ [color=purple]▓▓▓▓▓▓▓▓▓▓▓░░░░░░░░░[/color]
► [icon]Jaxton Wheeler[/icon]                                                                  [icon]Sissy Robert Bot[/icon]
It's Jaxton Wheeler's turn![/color]

15-12-2017 16:03:02.2 [PRIV] Jaxton Wheeler: !attack feet to sex
15-12-2017 16:03:10.9 [PRIV] Bot to Jaxton Wheeler:
[icon]Bot Announcer[/icon][color=gray]Jaxton Wheeler used their feet to tease Sissy Robert Bot's tits, dealing 25 lust points![/color]
[color=gray]═════════════════ ⭐ [color=purple]Sexfight ring[/color] ⭐ ═════════════════
 [color=red]░░░░░░░░░░░░░░▓▓▓▓▓▓[/color] ⭐ [color=purple]VS[/color] ⭐ [color=purple]▓▓▓▓▓▓▓▓▓▓▓▓▓▓▓▓▓▓░░[/color]
► [icon]Sissy Robert Bot[/icon]                                                                  [icon]Jaxton Wheeler[/icon]
It's Sissy Robert Bot's turn![/color]
[i]Sissy Robert moans as you tease him![/i]

15-12-2017 16:03:10.9 [PRIV] Bot to Jaxton Wheeler:
[i]But then, Sissy Robert sends a sex attack at you![/i]
[icon]Bot Announcer[/icon][color=gray]Sissy Robert Bot used their tits to tease Jaxton Wheeler's ass, dealing 9 lust points![/color]
[color=gray]═════════════════ ⭐ [color=purple]Sexfight ring[/color] ⭐ ═════════════════
 [color=purple]░░░░▓▓▓▓▓▓▓▓▓▓▓▓▓▓▓▓[/color] ⭐ [color=purple]VS[/color] ⭐ [color=red]▓▓▓▓▓▓░░░░░░░░░░░░░░[/color]
► [icon]Jaxton Wheeler[/icon]                                                                  [icon]Sissy Robert Bot[/icon]
It's Jaxton Wheeler's turn![/color]

15-12-2017 16:03:10.9 [PRIV] Jaxton Wheeler: !attack feet to tits
15-12-2017 16:03:16.8 [PRIV] Bot to Jaxton Wheeler:
[icon]Bot Announcer[/icon][color=gray]Jaxton Wheeler used their feet to tease Sissy Robert Bot's sex, dealing 27 lust points![/color]
[color=gray]Jaxton Wheeler made Sissy Robert Bot cum! The winner gets $2.00 and the loser gets $1.00, thank you for participating.[/color]
[color=gray]═════════════════ ⭐ [color=purple]Sexfight ring[/color] ⭐ ═════════════════
 [color=red]░░░░░░░░░░░░░░░░░░░░[/color] ⭐ [color=purple]VS[/color] ⭐ [color=purple]▓▓▓▓▓▓▓▓▓▓▓▓▓▓▓▓░░░░[/color]
► [icon]Sissy Robert Bot[/icon]                                                                  [icon]Jaxton Wheeler[/icon]
It's Sissy Robert Bot's turn![/color]

[color=gray]════════════════ ⭐ [color=purple]Combat ended[/color] ⭐ ════════════════[/color]
[i]Sissy Robert moans as you tease him![/i]

15-12-2017 16:03:16.8 [PRIV] Bot to Jaxton Wheeler:

15-12-2017 16:03:16.8 [PRIV] Jaxton Wheeler: !attack feet to sex
15-12-2017 16:03:28.0 [PRIV] Jaxton Wheeler: !trainingdummy2 male
15-12-2017 16:03:28.0 [PRIV] Bot to Jaxton Wheeler:
[icon]Bot Announcer[/icon][color=gray] Welcome to the training ring! Today we have Jaxton Wheeler vs Sissy Robert Bot! Let the match begin![/color]
[color=gray]═════════════════ ⭐ [color=purple]Sexfight ring[/color] ⭐ ═════════════════
 [color=purple]▓▓▓▓▓▓▓▓▓▓▓▓▓▓▓▓▓▓▓▓[/color] ⭐ [color=purple]VS[/color] ⭐ [color=purple]▓▓▓▓▓▓▓▓▓▓▓▓▓▓▓▓▓▓▓▓[/color]
► [icon]Jaxton Wheeler[/icon]                                                                  [icon]Sissy Robert Bot[/icon]
It's Jaxton Wheeler's turn![/color]

15-12-2017 16:03:42.7 [PRIV] Bot to Jaxton Wheeler:
[icon]Bot Announcer[/icon][color=gray]Jaxton Wheeler used their feet to tease Sissy Robert Bot's ass, dealing 29 lust points![/color]
[color=gray]═════════════════ ⭐ [color=purple]Sexfight ring[/color] ⭐ ═════════════════
 [color=purple]░░░░░▓▓▓▓▓▓▓▓▓▓▓▓▓▓▓[/color] ⭐ [color=purple]VS[/color] ⭐ [color=purple]▓▓▓▓▓▓▓▓▓▓▓▓▓▓▓▓▓▓▓▓[/color]
► [icon]Sissy Robert Bot[/icon]                                                                  [icon]Jaxton Wheeler[/icon]
It's Sissy Robert Bot's turn![/color]
[i]Sissy Robert moans as you tease him![/i]

15-12-2017 16:03:42.7 [PRIV] Bot to Jaxton Wheeler:
[i]But then, Sissy Robert sends a sex attack at you![/i]
[icon]Bot Announcer[/icon][color=gray]Sissy Robert Bot used their feet to tease Jaxton Wheeler's sex, dealing 3 lust points![/color]
[color=gray]═════════════════ ⭐ [color=purple]Sexfight ring[/color] ⭐ ═════════════════
 [color=purple]▓▓▓▓▓▓▓▓▓▓▓▓▓▓▓▓▓▓▓▓[/color] ⭐ [color=purple]VS[/color] ⭐ [color=purple]▓▓▓▓▓▓▓▓▓▓▓▓▓▓▓░░░░░[/color]
► [icon]Jaxton Wheeler[/icon]                                                                  [icon]Sissy Robert Bot[/icon]
It's Jaxton Wheeler's turn![/color]

15-12-2017 16:03:42.7 [PRIV] Jaxton Wheeler: !attack feet to ass
15-12-2017 16:04:05.0 [PRIV] Bot to Jaxton Wheeler:
[icon]Bot Announcer[/icon][color=gray]Jaxton Wheeler used their feet to tease Sissy Robert Bot's sex, dealing 25 lust points![/color]
[color=gray]═════════════════ ⭐ [color=purple]Sexfight ring[/color] ⭐ ═════════════════
 [color=red]░░░░░░░░░░▓▓▓▓▓▓▓▓▓▓[/color] ⭐ [color=purple]VS[/color] ⭐ [color=purple]▓▓▓▓▓▓▓▓▓▓▓▓▓▓▓▓▓▓▓▓[/color]
► [icon]Sissy Robert Bot[/icon]                                                                  [icon]Jaxton Wheeler[/icon]
It's Sissy Robert Bot's turn![/color]
[i]Sissy Robert moans as you tease him![/i]

15-12-2017 16:04:05.0 [PRIV] Bot to Jaxton Wheeler:
[i]But then, Sissy Robert sends a sex attack at you![/i]
[icon]Bot Announcer[/icon][color=gray]Sissy Robert Bot used their lips to tease Jaxton Wheeler's lips, dealing 6 lust points![/color]
[color=gray]═════════════════ ⭐ [color=purple]Sexfight ring[/color] ⭐ ═════════════════
 [color=purple]░▓▓▓▓▓▓▓▓▓▓▓▓▓▓▓▓▓▓▓[/color] ⭐ [color=purple]VS[/color] ⭐ [color=red]▓▓▓▓▓▓▓▓▓▓░░░░░░░░░░[/color]
► [icon]Jaxton Wheeler[/icon]                                                                  [icon]Sissy Robert Bot[/icon]
It's Jaxton Wheeler's turn![/color]

15-12-2017 16:04:05.0 [PRIV] Jaxton Wheeler: !attack feet to sex
15-12-2017 16:04:16.5 [PRIV] Bot to Jaxton Wheeler:
[icon]Bot Announcer[/icon][color=gray]Jaxton Wheeler used their feet to tease Sissy Robert Bot's lips, dealing 22 lust points![/color]
[color=gray]═════════════════ ⭐ [color=purple]Sexfight ring[/color] ⭐ ═════════════════
 [color=red]░░░░░░░░░░░░░░░▓▓▓▓▓[/color] ⭐ [color=purple]VS[/color] ⭐ [color=purple]▓▓▓▓▓▓▓▓▓▓▓▓▓▓▓▓▓▓▓░[/color]
► [icon]Sissy Robert Bot[/icon]                                                                  [icon]Jaxton Wheeler[/icon]
It's Sissy Robert Bot's turn![/color]
[i]Sissy Robert moans as you tease him![/i]

15-12-2017 16:04:16.5 [PRIV] Bot to Jaxton Wheeler:
[i]But then, Sissy Robert sends a sex attack at you![/i]
[icon]Bot Announcer[/icon][color=gray]Sissy Robert Bot used their ass to tease Jaxton Wheeler's ass, dealing 7 lust points![/color]
[color=gray]═════════════════ ⭐ [color=purple]Sexfight ring[/color] ⭐ ═════════════════
 [color=purple]░░░▓▓▓▓▓▓▓▓▓▓▓▓▓▓▓▓▓[/color] ⭐ [color=purple]VS[/color] ⭐ [color=red]▓▓▓▓▓░░░░░░░░░░░░░░░[/color]
► [icon]Jaxton Wheeler[/icon]                                                                  [icon]Sissy Robert Bot[/icon]
It's Jaxton Wheeler's turn![/color]

15-12-2017 16:04:16.5 [PRIV] Jaxton Wheeler: !attack feet to lips
15-12-2017 16:04:25.4 [PRIV] Bot to Jaxton Wheeler:
[icon]Bot Announcer[/icon][color=gray]Jaxton Wheeler used their feet to tease Sissy Robert Bot's tits, dealing 21 lust points![/color]
[color=gray]═════════════════ ⭐ [color=purple]Sexfight ring[/color] ⭐ ═════════════════
 [color=red]░░░░░░░░░░░░░░░░░░░▓[/color] ⭐ [color=purple]VS[/color] ⭐ [color=purple]▓▓▓▓▓▓▓▓▓▓▓▓▓▓▓▓▓░░░[/color]
► [icon]Sissy Robert Bot[/icon]                                                                  [icon]Jaxton Wheeler[/icon]
It's Sissy Robert Bot's turn![/color]
[i]Sissy Robert moans as you tease him![/i]

15-12-2017 16:04:25.4 [PRIV] Bot to Jaxton Wheeler:
[i]But then, Sissy Robert sends a sex attack at you![/i]
[icon]Bot Announcer[/icon][color=gray]Sissy Robert Bot used their feet to tease Jaxton Wheeler's sex, dealing 10 lust points![/color]
[color=gray]═════════════════ ⭐ [color=purple]Sexfight ring[/color] ⭐ ═════════════════
 [color=purple]░░░░░▓▓▓▓▓▓▓▓▓▓▓▓▓▓▓[/color] ⭐ [color=purple]VS[/color] ⭐ [color=red]▓░░░░░░░░░░░░░░░░░░░[/color]
► [icon]Jaxton Wheeler[/icon]                                                                  [icon]Sissy Robert Bot[/icon]
It's Jaxton Wheeler's turn![/color]

15-12-2017 16:04:25.4 [PRIV] Jaxton Wheeler: !attack feet to tits
15-12-2017 16:04:34.4 [PRIV] Bot to Jaxton Wheeler:
[icon]Bot Announcer[/icon][color=gray]Jaxton Wheeler used their feet to tease Sissy Robert Bot's ass, dealing 29 lust points![/color]
[color=gray]Jaxton Wheeler made Sissy Robert Bot cum! The winner gets $2.00 and the loser gets $1.00, thank you for participating.[/color]
[color=gray]═════════════════ ⭐ [color=purple]Sexfight ring[/color] ⭐ ═════════════════
 [color=red]░░░░░░░░░░░░░░░░░░░░[/color] ⭐ [color=purple]VS[/color] ⭐ [color=purple]▓▓▓▓▓▓▓▓▓▓▓▓▓▓▓░░░░░[/color]
► [icon]Sissy Robert Bot[/icon]                                                                  [icon]Jaxton Wheeler[/icon]
It's Sissy Robert Bot's turn![/color]

[color=gray]════════════════ ⭐ [color=purple]Combat ended[/color] ⭐ ════════════════[/color]
[i]Sissy Robert moans as you tease him![/i]

15-12-2017 16:04:34.4 [PRIV] Bot to Jaxton Wheeler:

15-12-2017 16:04:34.4 [PRIV] Jaxton Wheeler: !attack feet to ass
15-12-2017 16:04:46.4 [PRIV] Jaxton Wheeler: !succuboss male
15-12-2017 16:04:46.4 [PRIV] Bot to Jaxton Wheeler:
[icon]Bot Announcer[/icon][color=gray] Welcome to the boss fight! Today we have Jaxton Wheeler vs Milly The Succubot! Let the match begin![/color]
[color=gray]═════════════════ ⭐ [color=purple]Sexfight ring[/color] ⭐ ═════════════════
 [color=purple]▓▓▓▓▓▓▓▓▓▓▓▓▓▓▓▓▓▓▓▓[/color] ⭐ [color=purple]VS[/color] ⭐ [color=purple]▓▓▓▓▓▓▓▓▓▓▓▓▓▓▓▓▓▓▓▓[/color]
► [icon]Jaxton Wheeler[/icon]                                                                  [icon]Milly The Succubot[/icon]
It's Jaxton Wheeler's turn![/color]
Milly hops into the ring, vaulting over the top ropes, and lands her feet on the canvas. She’s wearing naught but a pair of lace purple panties, and purple and black stockings that reaches up to her thighs. She looks up at you, and her violet eyes flash. “Ooh! I get to play with a boy! You and I are gonna have a loot of fun! Just lay back and I’ll bully your penis till you can’t take anymore. That’s what you REALLY want. You don’t want the money, right?” Milly beams at you as she lets you have first attack. “Hee.. lets see what you’ve got.”
15-12-2017 16:04:52.5 [PRIV] Bot to Jaxton Wheeler:
[icon]Bot Announcer[/icon][color=gray]Jaxton Wheeler used their feet to tease Milly The Succubot's sex, dealing 12 lust points![/color]
[color=gray]═════════════════ ⭐ [color=purple]Sexfight ring[/color] ⭐ ═════════════════
 [color=purple]░░▓▓▓▓▓▓▓▓▓▓▓▓▓▓▓▓▓▓[/color] ⭐ [color=purple]VS[/color] ⭐ [color=purple]▓▓▓▓▓▓▓▓▓▓▓▓▓▓▓▓▓▓▓▓[/color]
► [icon]Milly The Succubot[/icon]                                                                  [icon]Jaxton Wheeler[/icon]
It's Milly The Succubot's turn![/color]
[i]”Mnnh.. S-stop using your dumb feet!” She protests. She squirms under you as you rub the sole of your foot against her cunny. Her hips rise up just a little, helping you with the grinding. She moans quietly as her hips roll against your sole. “I-I don’t like your stupid feet! You like MY feet! I’m not turned on at all!” She lies. You take it a step further, and slide your big toe into her little honeypot. She responds with an excited, quivering gasp. “Y-your toe?? Nnhh!!” She moans out. You wriggle your big toe in her folds, sliding it in and out of her, and watch the little succubus writhe as she takes your toe inside her. After a good minute, you take it back out of her, and step back. Milly looks up at you, her cheeks pink. “S-see? My cunny can always endure your stupid feet!” She declared, resting her fists on her hips in a boisterous pose. “Now it’s my turn to return the favor. I-I mean pay you back!!” She exclaims.[/i]

15-12-2017 16:04:52.5 [PRIV] Bot to Jaxton Wheeler:

[i]Milly’s eyes flash mischievously as she stares you down. Without warning, she rushes towards you, and slides behind you. In a rare act of acrobatics from the succubus, she falls to her hands, throwing her feet up in the air, and springs backward! She slams her body into you, legs spread as she slams her hips into your lower back. You collapse to your belly with the ‘cubi sitting on top of your lower back and facing your legs. She had one target in mind. Your sexy ass. “You’ve been naughty!” She giggles before she brings her hand up, and starts to spank you right in the middle of the ring. Over and over, she swats your right cheek, then your left cheek. She keeps slapping until both cheeks are red as cherries. Once she seems satisfied with her work, she’ll slide a finger into her mouth, and pop it out. Her finger, slick with her saliva, lowers towards your butt, and pushes past your cheeks until she’s pressing her finger against your pucker. She runs her tongue along her lips as her finger traces around the rim, teasing your prostate before her finger gently pushes inside! “Heeee.. Do you like this? I wonder which is more exciting to you. The feeling itself, or the fact I’m the one doing this to you?” She teases. Her finger moves a little faster, pumping in and out of your prostate. When she feels you really starting to struggle, she lets up off you, and hops away, bouncing in place. “Which did you like more? The spanking or the fingering? Go on, you can tell me” She urges you on.[/i]
[icon]Bot Announcer[/icon][color=gray]Milly The Succubot used their fingers to tease Jaxton Wheeler's ass, dealing 21 lust points![/color]
[color=gray]═════════════════ ⭐ [color=purple]Sexfight ring[/color] ⭐ ═════════════════
 [color=purple]░░░░▓▓▓▓▓▓▓▓▓▓▓▓▓▓▓▓[/color] ⭐ [color=purple]VS[/color] ⭐ [color=purple]▓▓▓▓▓▓▓▓▓▓▓▓▓▓▓▓▓▓░░[/color]
► [icon]Jaxton Wheeler[/icon]                                                                  [icon]Milly The Succubot[/icon]
It's Jaxton Wheeler's turn![/color]

15-12-2017 16:04:52.5 [PRIV] Jaxton Wheeler: !attack feet to sex
15-12-2017 16:05:02.5 [PRIV] Bot to Jaxton Wheeler:
[icon]Bot Announcer[/icon][color=gray]Jaxton Wheeler used their feet to tease Milly The Succubot's lips, dealing 20 lust points![/color]
[color=gray]═════════════════ ⭐ [color=purple]Sexfight ring[/color] ⭐ ═════════════════
 [color=purple]░░░░░░▓▓▓▓▓▓▓▓▓▓▓▓▓▓[/color] ⭐ [color=purple]VS[/color] ⭐ [color=purple]▓▓▓▓▓▓▓▓▓▓▓▓▓▓▓▓░░░░[/color]
► [icon]Milly The Succubot[/icon]                                                                  [icon]Jaxton Wheeler[/icon]
It's Milly The Succubot's turn![/color]
[i]The succubus is on her knees as you approach her. Milly grunts softly as you rub her face with your foot. She pulls away from you, just a little bit. You pursue her with your foot, and you stick your toes into her mouth. “Mmp!!” You wedge your foot further into her mouth. Milly’s face turns red as she’s forced to taste your toes. It was clear she didn’t like the taste, but she didn’t pull away either. After a couple seconds, you could feel her tongue licking at your toes. She glares up at you when she sees the changed expression on your face. “D-don’t think you’ve won! It’s just.. Your feet need cleaned.” She said, and starts to lick at your toes, and your sole. You keep your foot there, and let her finish. You step back from her with a small smile while Milly turns her head and spit on the mat. “Th-there! Your foot is clean! Now I can have my turn!” She declared. It was clearly a bit of a fetish she took shame of.[/i]

15-12-2017 16:05:02.5 [PRIV] Bot to Jaxton Wheeler:

[i]Milly’s eyes flash mischievously as she stares you down. Without warning, she rushes towards you, and slides behind you. In a rare act of acrobatics from the succubus, she falls to her hands, throwing her feet up in the air, and springs backward! She slams her body into you, legs spread as she slams her hips into your lower back. You collapse to your belly with the ‘cubi sitting on top of your lower back and facing your legs. She had one target in mind. Your sexy ass. “You’ve been naughty!” She giggles before she brings her hand up, and starts to spank you right in the middle of the ring. Over and over, she swats your right cheek, then your left cheek. She keeps slapping until both cheeks are red as cherries. Once she seems satisfied with her work, she’ll slide a finger into her mouth, and pop it out. Her finger, slick with her saliva, lowers towards your butt, and pushes past your cheeks until she’s pressing her finger against your pucker. She runs her tongue along her lips as her finger traces around the rim, teasing your prostate before her finger gently pushes inside! “Heeee.. Do you like this? I wonder which is more exciting to you. The feeling itself, or the fact I’m the one doing this to you?” She teases. Her finger moves a little faster, pumping in and out of your prostate. When she feels you really starting to struggle, she lets up off you, and hops away, bouncing in place. “Which did you like more? The spanking or the fingering? Go on, you can tell me” She urges you on.[/i]
[icon]Bot Announcer[/icon][color=gray]Milly The Succubot used their fingers to tease Jaxton Wheeler's ass, dealing 16 lust points![/color]
[color=gray]═════════════════ ⭐ [color=purple]Sexfight ring[/color] ⭐ ═════════════════
 [color=purple]░░░░░░░▓▓▓▓▓▓▓▓▓▓▓▓▓[/color] ⭐ [color=purple]VS[/color] ⭐ [color=purple]▓▓▓▓▓▓▓▓▓▓▓▓▓▓░░░░░░[/color]
► [icon]Jaxton Wheeler[/icon]                                                                  [icon]Milly The Succubot[/icon]
It's Jaxton Wheeler's turn![/color]

15-12-2017 16:05:02.5 [PRIV] Jaxton Wheeler: !attack feet to lips
15-12-2017 16:05:09.0 [PRIV] Bot to Jaxton Wheeler:
[icon]Bot Announcer[/icon][color=gray]Jaxton Wheeler used their feet to tease Milly The Succubot's tits, dealing 16 lust points![/color]
[color=gray]═════════════════ ⭐ [color=purple]Sexfight ring[/color] ⭐ ═════════════════
 [color=purple]░░░░░░░░░▓▓▓▓▓▓▓▓▓▓▓[/color] ⭐ [color=purple]VS[/color] ⭐ [color=purple]▓▓▓▓▓▓▓▓▓▓▓▓▓░░░░░░░[/color]
► [icon]Milly The Succubot[/icon]                                                                  [icon]Jaxton Wheeler[/icon]
It's Milly The Succubot's turn![/color]
[i]Mmnn!!” Milly moans as you play with her breasts with your foot. Her body squirms under you as you rub your toes over her nipples. “Gh.. s-stop thinking you can win this..” She tries to protest. She didn’t much like the position she was in, but she couldn’t deny how nice your foot felt when it played with her chest. “Nh.. b-but that’s MY position!” She whimpers. “G-give it back!” You step back from her after a bit of teasing, and let her up. It was kind of cute seeing how conflicted the ‘cubi was just a moment ago. “Y-you’re done already?” She asked. Initially her voice sounded disappointed, but then she sprung back to her feet with bravado. “G-good! Now it’s my turn to play with you!”[/i]

15-12-2017 16:05:09.0 [PRIV] Bot to Jaxton Wheeler:

[i]Ooh! Ooh! I know! Lets have a butt battle!” She says. You blink in surprise, but saying no to her just did not seem like an option. Awkwardly, you turn your back to the succubus, and she turns her back towards you. It didn’t seem to matter if you were a boy, girl, man, or woman. “I saw this in a show before, and it looked like a lotta fun! We go until one of us falls off our feet!” A smile crosses your lips when you hear the rules. Having the weight advantage over her, you surely couldn’t lose to her here. Just play her game and move on with your next attack. “Readyyy GO!” She says, and slams her small butt against her. You barely budge from the impact. Milly turns her head back when she sees you’ve barely moved an inch. “Grr!! Take this!” She takes a step forward, and slams her butt against yours. The impact caused you to stumble forward a moment, and you answer right back, slamming your butt against hers! With a surprised yelp, she stumbles forward a couple of steps before looking back at you. “Ooooh!! You won’t win this!!” She says, growing frustrated. A small smirk crosses your face, and decide to hold your ground against her next attack. Milly rushes back in, and slams against you once more. She keeps her butt pressed to yours, trying to push you over, but you easily hold your ground. Milly then swings between her legs, and slaps you in the groin! The sudden pain to your crotch surprised you and left you crying with a pained shout! “Now!” Milly shouts, and slams her butt forward as hard as she can. Left with your stance weakened, you take her slam, and stumble forward several steps. You try to stay up, but that sneaky slap to your groin really took the wind out of your sails, and you fall to your hands and knees. “Yaaay! I win~! Is this the first or second game I’ve won against you? I’ve lost count~!” She taunts. Frustrated, you stand back up to your feet, glaring at her. You weren’t going to let her get away with cheating like that![/i]
[icon]Bot Announcer[/icon][color=gray]Milly The Succubot used their ass to tease Jaxton Wheeler's ass, dealing 13 lust points![/color]
[color=gray]═════════════════ ⭐ [color=purple]Sexfight ring[/color] ⭐ ═════════════════
 [color=purple]░░░░░░░░░░▓▓▓▓▓▓▓▓▓▓[/color] ⭐ [color=purple]VS[/color] ⭐ [color=purple]▓▓▓▓▓▓▓▓▓▓▓░░░░░░░░░[/color]
► [icon]Jaxton Wheeler[/icon]                                                                  [icon]Milly The Succubot[/icon]
It's Jaxton Wheeler's turn![/color]

15-12-2017 16:05:09.0 [PRIV] Jaxton Wheeler: !attack feet to tits
15-12-2017 16:05:18.0 [PRIV] Bot to Jaxton Wheeler:
[icon]Bot Announcer[/icon][color=gray]Jaxton Wheeler used their feet to tease Milly The Succubot's ass, dealing 22 lust points![/color]
[color=gray]═════════════════ ⭐ [color=purple]Sexfight ring[/color] ⭐ ═════════════════
 [color=red]░░░░░░░░░░░░░░▓▓▓▓▓▓[/color] ⭐ [color=purple]VS[/color] ⭐ [color=purple]▓▓▓▓▓▓▓▓▓▓░░░░░░░░░░[/color]
► [icon]Milly The Succubot[/icon]                                                                  [icon]Jaxton Wheeler[/icon]
It's Milly The Succubot's turn![/color]
[i]'H-hey!! What are you doing?” Your foot presses down against her butt, rubbing her cheeks and pinning her down with your foot. She whimpers, trying to crawl away, despite how nice the massage felt. “Nmm… y-you… you’re really good with your feet. If you wanna do this a bit more.. I guess I wouldn’t mind.” She said, and lays her head against her arms, like she was being treated to a massage session. You decide to wake her back up by sticking your big toe in her pucker! “Hyaaa-aaaah!!” Milly yelps, suddenly springing to life, and scrambles away from you! She turns around, rubbing her butt and glaring at you from a sitting position. “You just had to ruin it!” She huffs, and starts to get back up. “I’ll make you pay for that.'[/i]

15-12-2017 16:05:18.0 [PRIV] Bot to Jaxton Wheeler:

[i]Milly runs her tongue along her lips. “I think you should be taken down a peg.” The way she emphasized that last word did not sit well with you. You take a couple of steps back, but there was no escaping the ‘cubi during her turn! Faster than you can follow, she zips behind you. She maneuvers her tail between her own legs, making a thin, whiplike cock for herself. “Bend over!” She shouts, grabbing you by the hips before she slams her hips against you and rams her tail into your pucker! You can’t help but squeal, your face red as she emasculates you. She slams her hips against you again and again. “Having a cock doesn’t automatically make you the winner. Hehehe.. It would be sooo embarrassing if you were to cum right now. You’d better hold on! You know, people can see this.. If you lose here, the real me would totally mock you for it.” She taunts. With a sharp, degrading slap of your ass, she shoves you away, and you fall to all fours, before you scramble and pick yourself back up, rubbing at your butt and glaring indignantly at her. Milly merely smiles, and gestures you on with a single curl of her pointer finger.[/i]
[icon]Bot Announcer[/icon][color=gray]Milly The Succubot used their tail to tease Jaxton Wheeler's ass, dealing 18 lust points![/color]
[color=gray]═════════════════ ⭐ [color=purple]Sexfight ring[/color] ⭐ ═════════════════
 [color=red]░░░░░░░░░░░░░▓▓▓▓▓▓▓[/color] ⭐ [color=purple]VS[/color] ⭐ [color=red]▓▓▓▓▓▓░░░░░░░░░░░░░░[/color]
► [icon]Jaxton Wheeler[/icon]                                                                  [icon]Milly The Succubot[/icon]
It's Jaxton Wheeler's turn![/color]

15-12-2017 16:05:18.0 [PRIV] Jaxton Wheeler: !attack feet to ass
15-12-2017 16:05:24.5 [PRIV] Bot to Jaxton Wheeler:
[icon]Bot Announcer[/icon][color=gray]Jaxton Wheeler used their feet to tease Milly The Succubot's ass, dealing 27 lust points![/color]
[color=gray]═════════════════ ⭐ [color=purple]Sexfight ring[/color] ⭐ ═════════════════
 [color=red]░░░░░░░░░░░░░░░░░░░▓[/color] ⭐ [color=purple]VS[/color] ⭐ [color=red]▓▓▓▓▓▓▓░░░░░░░░░░░░░[/color]
► [icon]Milly The Succubot[/icon]                                                                  [icon]Jaxton Wheeler[/icon]
It's Milly The Succubot's turn![/color]
[i]'H-hey!! What are you doing?” Your foot presses down against her butt, rubbing her cheeks and pinning her down with your foot. She whimpers, trying to crawl away, despite how nice the massage felt. “Nmm… y-you… you’re really good with your feet. If you wanna do this a bit more.. I guess I wouldn’t mind.” She said, and lays her head against her arms, like she was being treated to a massage session. You decide to wake her back up by sticking your big toe in her pucker! “Hyaaa-aaaah!!” Milly yelps, suddenly springing to life, and scrambles away from you! She turns around, rubbing her butt and glaring at you from a sitting position. “You just had to ruin it!” She huffs, and starts to get back up. “I’ll make you pay for that.'[/i]

15-12-2017 16:05:24.5 [PRIV] Bot to Jaxton Wheeler:

[i]Milly’s expression turns warm as she eyes you. “Hey.. want a little treat? She asks. She doesn’t take no for an answer as she steps closer. She takes your head with both hands, and gently guides your head to her small B cup breasts. She hugs your head with both arms, gently rubbing and grinding against her face. “You know… if you want to lick them, or give them a kiss, I wouldn’t mind” She offers, stroking at your head as she does her best to smother you with her small set. They may be small, but up close her body smells like lavender. It causes your head to swim just a little. She smiles down at you, and leans down to kiss your forehead before she slowly lets go of you and steps back, swaying innocently. She actually seems to be fidgeting a little, looking towards the mat, like maybe she had grown just a little self-conscious. “Nh… th-they may be small but I do my best with them, damn it!” She blurts out, her cheeks turning red after her outburst.[/i]
[icon]Bot Announcer[/icon][color=gray]Milly The Succubot used their tits to tease Jaxton Wheeler's lips, dealing 23 lust points![/color]
[color=gray]═════════════════ ⭐ [color=purple]Sexfight ring[/color] ⭐ ═════════════════
 [color=red]░░░░░░░░░░░░░░░░░░▓▓[/color] ⭐ [color=purple]VS[/color] ⭐ [color=red]▓░░░░░░░░░░░░░░░░░░░[/color]
► [icon]Jaxton Wheeler[/icon]                                                                  [icon]Milly The Succubot[/icon]
It's Jaxton Wheeler's turn![/color]

15-12-2017 16:05:24.5 [PRIV] Jaxton Wheeler: !attack feet to ass
15-12-2017 16:05:30.2 [PRIV] Bot to Jaxton Wheeler:
[icon]Bot Announcer[/icon][color=gray]Jaxton Wheeler used their feet to tease Milly The Succubot's ass, dealing 25 lust points![/color]
[color=gray]Jaxton Wheeler made Milly The Succubot cum! The winner gets $2.00 and the loser gets $1.00, thank you for participating.[/color]
[color=gray]═════════════════ ⭐ [color=purple]Sexfight ring[/color] ⭐ ═════════════════
 [color=red]░░░░░░░░░░░░░░░░░░░░[/color] ⭐ [color=purple]VS[/color] ⭐ [color=red]▓▓░░░░░░░░░░░░░░░░░░[/color]
► [icon]Milly The Succubot[/icon]                                                                  [icon]Jaxton Wheeler[/icon]
It's Milly The Succubot's turn![/color]

[color=gray]════════════════ ⭐ [color=purple]Combat ended[/color] ⭐ ════════════════[/color]
[i]'H-hey!! What are you doing?” Your foot presses down against her butt, rubbing her cheeks and pinning her down with your foot. She whimpers, trying to crawl away, despite how nice the massage felt. “Nmm… y-you… you’re really good with your feet. If you wanna do this a bit more.. I guess I wouldn’t mind.” She said, and lays her head against her arms, like she was being treated to a massage session. You decide to wake her back up by sticking your big toe in her pucker! “Hyaaa-aaaah!!” Milly yelps, suddenly springing to life, and scrambles away from you! She turns around, rubbing her butt and glaring at you from a sitting position. “You just had to ruin it!” She huffs, and starts to get back up. “I’ll make you pay for that.'[/i]

15-12-2017 16:05:30.2 [PRIV] Bot to Jaxton Wheeler:
“A-aaahhhnnh~!” Milly cums hard, her hips shaking as she makes a mess on the mat. She looks up at you, surprised. “W-wow… you’re really good… hee.. It’s no easy feat beating a succubus. Even if it’s just a copy of the real thing. If you ever wanna play with me again, call me. I’ll be waiting~!” She smiles, and blows a kiss to you before vanishing from the ring.
You get $4.00 extra for defeating the boss!
15-12-2017 16:05:30.2 [PRIV] Jaxton Wheeler: !attack feet to ass
15-12-2017 16:05:40.7 [PRIV] Jaxton Wheeler: !card
15-12-2017 16:05:40.7 [PRIV] Bot to Jaxton Wheeler:
[color=gray]══════════════════════════════════════════════════
                                 ⭐ ⭐ [color=red][b]Character card[/b][/color] ⭐ ⭐
══════════════════════════════════════════════════
[color=black]                     [icon]Jaxton Wheeler[/icon]
          [b]Name:[/b] Jaxton Wheeler | [b]Money:[/b] $10.00
          [b]Attack:[/b] 3 Lips, -1 Fingers, -3 Tits, 4 Sex, -3 Ass, 12 Feet.
          [b]Defense:[/b] 0 Lips, -1 Tits, 2 Sex, 4 Ass.
          [b]Sextoy:[/b] Long stockings. +4 attack to feet.
          [b]Outfit:[/b] Bondage suit. -1 defense to tits, -1 defense to sex, -1 defense to ass, +1 attack to lips, +2 attack to fingers, +2 attack to feet.
          [b]Accessory:[/b] Ankle jewelry. +1 attack to feet.
          [b]Flavor item:[/b] None. Nothing equiped.
[/color][/color]
15-12-2017 16:06:47.4 [PRIV] Jaxton Wheeler: !train defense on tits
15-12-2017 16:06:47.4 [PRIV] Bot to Jaxton Wheeler:[eicon]training[/eicon] Training successful! You now have 1 points in defense on tits.
