03-12-2017 00:03:13.7 [ROOM] Rebecca Stroll: /me screams out her moan as the first buck of the hips forces the cum from Rebecca's body, her cock shooting the bluentte full of her juices and her pussy starting to spray her essence on the matt. As each buck happened, she came more and more, the woman quickly draing Rebecca's body of both her cum and her essence.
03-12-2017 00:05:17.8 [ROOM] Bot: 
[color=gray]The ring is empty![/color]
03-12-2017 00:05:17.8 [ROOM] Ryician: !status
03-12-2017 00:08:19.1 [ROOM] Lyanna Pelon: /me rode out the other woman's orgasm, letting her cum fill her pussy several times over as it trickled down her thighs. But all good things had to come to an end and as Rebecca's orgasm subsided and the last drops of her cum were drained Lyanna gave her one last thrust inside of her before pulling herself off that cock and turning to face the blonde. "That was fun, we must do it again sometime." Lyanna said, leaning against Rebecca to grind their tits together, stealing a kiss before sliding out of the ring.
03-12-2017 00:09:14.6 [ROOM] Skylla Taum: /me clap-clap-claps.  Lewd.
03-12-2017 00:09:55.2 [ROOM] Ryician: /me slipping into the back of the gym right at the end of the match, stunned by the view as he watched Lyanna leave her competition in the ring.
03-12-2017 00:11:57.5 [ROOM] Rebecca Stroll: /me breathes out deeply as she starts to come down from her high, she groans from feeling their tits against each other and returns the kiss to the victor. She follows behind Lyanna shortly after, taking a seat near by and flopping onto a chair.
03-12-2017 00:16:20.9 [ROOM] Lyanna Pelon: /me raises her arms up high, stretching out after such a high action match. "Now THAT was good!"
03-12-2017 00:16:56.9 [ROOM] Ryician: /me watched Lyanna stretch, raising an eyebrow, "I missed a good match, didn't I?"
03-12-2017 00:17:16.5 [ROOM] Lyanna Pelon: Oh quite the good one.
03-12-2017 00:17:36.4 [ROOM] Ryician: I hate when work keeps me out
03-12-2017 00:17:57.9 [ROOM] Rebecca Stroll: rp wise it was pretty good. numbers, it was almost a complete blow out
03-12-2017 00:18:15.6 [ROOM] Ryician: AWww, I am sorry
03-12-2017 00:18:32.6 [ROOM] Rebecca Stroll: what do you mean i won ;) haha
03-12-2017 00:18:44.9 [ROOM] Lyanna Pelon: by won she means she got to cum
03-12-2017 00:18:48.1 [ROOM] Lyanna Pelon: hehe
03-12-2017 00:18:52.1 [ROOM] Rebecca Stroll: excatly haha
03-12-2017 00:19:35.4 [ROOM] Ryician: Good point, I haven't had a match in a week or two, so I am not sure how I compare to everyone anymore.
03-12-2017 03:16:54.2 [PRIV] Gael the Goat: !trainingdummy2 male
03-12-2017 03:16:54.3 [PRIV] Bot to Gael the Goat:
[icon]Bot Announcer[/icon][color=gray] Welcome to the training ring! Today we have Gael the Goat vs Sissy Robert Bot! Let the match begin![/color]
[color=gray]═════════════════ ⭐ [color=purple]Sexfight ring[/color] ⭐ ═════════════════
 [color=purple]▓▓▓▓▓▓▓▓▓▓▓▓▓▓▓▓▓▓▓▓[/color] ⭐ [color=purple]VS[/color] ⭐ [color=purple]▓▓▓▓▓▓▓▓▓▓▓▓▓▓▓▓▓▓▓▓[/color]
► [icon]Gael the Goat[/icon]                                                                  [icon]Sissy Robert Bot[/icon]
It's Gael the Goat's turn![/color]

03-12-2017 03:16:59.3 [PRIV] Bot to Gael the Goat:
[icon]Bot Announcer[/icon][color=gray]Gael the Goat used their feet to tease Sissy Robert Bot's sex, dealing 23 lust points![/color]
[color=gray]═════════════════ ⭐ [color=purple]Sexfight ring[/color] ⭐ ═════════════════
 [color=purple]░░░░▓▓▓▓▓▓▓▓▓▓▓▓▓▓▓▓[/color] ⭐ [color=purple]VS[/color] ⭐ [color=purple]▓▓▓▓▓▓▓▓▓▓▓▓▓▓▓▓▓▓▓▓[/color]
► [icon]Sissy Robert Bot[/icon]                                                                  [icon]Gael the Goat[/icon]
It's Sissy Robert Bot's turn![/color]
[i]Sissy Robert moans as you tease him![/i]

03-12-2017 03:16:59.3 [PRIV] Bot to Gael the Goat:
[i]But then, Sissy Robert sends a sex attack at you![/i]
[icon]Bot Announcer[/icon][color=gray]Sissy Robert Bot used their feet to tease Gael the Goat's tits, dealing 9 lust points![/color]
[color=gray]═════════════════ ⭐ [color=purple]Sexfight ring[/color] ⭐ ═════════════════
 [color=purple]░▓▓▓▓▓▓▓▓▓▓▓▓▓▓▓▓▓▓▓[/color] ⭐ [color=purple]VS[/color] ⭐ [color=purple]▓▓▓▓▓▓▓▓▓▓▓▓▓▓▓▓░░░░[/color]
► [icon]Gael the Goat[/icon]                                                                  [icon]Sissy Robert Bot[/icon]
It's Gael the Goat's turn![/color]

03-12-2017 03:16:59.3 [PRIV] Gael the Goat: !attack feet to sex
03-12-2017 03:17:07.2 [PRIV] Bot to Gael the Goat:
[icon]Bot Announcer[/icon][color=gray]Gael the Goat passed their turn![/color]
[i]Robert laughs to himself. 'You want more? Okay... come here, Cutie.' He beckons with one hand, staring hungrily at your body and licking his lips.[/i]
[i]But then, Sissy Robert sends a sex attack at you![/i]
[icon]Bot Announcer[/icon][color=gray]Sissy Robert Bot used their lips to tease Gael the Goat's tits, dealing 9 lust points![/color]
[color=gray]═════════════════ ⭐ [color=purple]Sexfight ring[/color] ⭐ ═════════════════
 [color=purple]░░░▓▓▓▓▓▓▓▓▓▓▓▓▓▓▓▓▓[/color] ⭐ [color=purple]VS[/color] ⭐ [color=purple]▓▓▓▓▓▓▓▓▓▓▓▓▓▓▓▓░░░░[/color]
► [icon]Gael the Goat[/icon]                                                                  [icon]Sissy Robert Bot[/icon]
It's Gael the Goat's turn![/color]

03-12-2017 03:17:07.2 [PRIV] Gael the Goat: !pass
03-12-2017 03:17:21.2 [PRIV] Bot to Gael the Goat:
[icon]Bot Announcer[/icon][color=gray]Gael the Goat used their feet to tease Sissy Robert Bot's lips, dealing 23 lust points![/color]
[color=gray]═════════════════ ⭐ [color=purple]Sexfight ring[/color] ⭐ ═════════════════
 [color=purple]░░░░░░░░░▓▓▓▓▓▓▓▓▓▓▓[/color] ⭐ [color=purple]VS[/color] ⭐ [color=purple]▓▓▓▓▓▓▓▓▓▓▓▓▓▓▓▓▓░░░[/color]
► [icon]Sissy Robert Bot[/icon]                                                                  [icon]Gael the Goat[/icon]
It's Sissy Robert Bot's turn![/color]
[i]Sissy Robert moans as you tease him![/i]

03-12-2017 03:17:21.2 [PRIV] Bot to Gael the Goat:
[i]But then, Sissy Robert sends a sex attack at you![/i]
[icon]Bot Announcer[/icon][color=gray]Sissy Robert Bot used their lips to tease Gael the Goat's sex, dealing 15 lust points![/color]
[color=gray]═════════════════ ⭐ [color=purple]Sexfight ring[/color] ⭐ ═════════════════
 [color=purple]░░░░░░▓▓▓▓▓▓▓▓▓▓▓▓▓▓[/color] ⭐ [color=purple]VS[/color] ⭐ [color=purple]▓▓▓▓▓▓▓▓▓▓▓░░░░░░░░░[/color]
► [icon]Gael the Goat[/icon]                                                                  [icon]Sissy Robert Bot[/icon]
It's Gael the Goat's turn![/color]

03-12-2017 03:17:21.2 [PRIV] Gael the Goat: !attack feet to lips
03-12-2017 03:17:31.4 [PRIV] Bot to Gael the Goat:
[icon]Bot Announcer[/icon][color=gray]Gael the Goat used their feet to tease Sissy Robert Bot's tits, dealing 29 lust points![/color]
[color=gray]═════════════════ ⭐ [color=purple]Sexfight ring[/color] ⭐ ═════════════════
 [color=red]░░░░░░░░░░░░░░░▓▓▓▓▓[/color] ⭐ [color=purple]VS[/color] ⭐ [color=purple]▓▓▓▓▓▓▓▓▓▓▓▓▓▓░░░░░░[/color]
► [icon]Sissy Robert Bot[/icon]                                                                  [icon]Gael the Goat[/icon]
It's Sissy Robert Bot's turn![/color]
[i]Sissy Robert moans as you tease him![/i]

03-12-2017 03:17:31.5 [PRIV] Bot to Gael the Goat:
[i]But then, Sissy Robert sends a sex attack at you![/i]
[icon]Bot Announcer[/icon][color=gray]Sissy Robert Bot used their sex to tease Gael the Goat's tits, dealing 7 lust points![/color]
[color=gray]═════════════════ ⭐ [color=purple]Sexfight ring[/color] ⭐ ═════════════════
 [color=purple]░░░░░░░░▓▓▓▓▓▓▓▓▓▓▓▓[/color] ⭐ [color=purple]VS[/color] ⭐ [color=red]▓▓▓▓▓░░░░░░░░░░░░░░░[/color]
► [icon]Gael the Goat[/icon]                                                                  [icon]Sissy Robert Bot[/icon]
It's Gael the Goat's turn![/color]

03-12-2017 03:17:31.5 [PRIV] Gael the Goat: !attack feet to tits
03-12-2017 03:17:45.3 [PRIV] Bot to Gael the Goat:
[icon]Bot Announcer[/icon][color=gray]Gael the Goat used their feet to tease Sissy Robert Bot's ass, dealing 29 lust points![/color]
[color=gray]Gael the Goat made Sissy Robert Bot cum! The winner gets $2.00 and the loser gets $1.00, thank you for participating.[/color]
[color=gray]═════════════════ ⭐ [color=purple]Sexfight ring[/color] ⭐ ═════════════════
 [color=red]░░░░░░░░░░░░░░░░░░░░[/color] ⭐ [color=purple]VS[/color] ⭐ [color=purple]▓▓▓▓▓▓▓▓▓▓▓▓░░░░░░░░[/color]
► [icon]Sissy Robert Bot[/icon]                                                                  [icon]Gael the Goat[/icon]
It's Sissy Robert Bot's turn![/color]

[color=gray]════════════════ ⭐ [color=purple]Combat ended[/color] ⭐ ════════════════[/color]
[i]Sissy Robert moans as you tease him![/i]

03-12-2017 03:17:45.3 [PRIV] Bot to Gael the Goat:

03-12-2017 03:17:45.3 [PRIV] Gael the Goat: !attack feet to ass
03-12-2017 14:06:03.0 [PRIV] charmofflame: !trainingdummy female
03-12-2017 14:06:03.8 [PRIV] Bot to charmofflame:
[icon]Bot Announcer[/icon][color=gray] Welcome to the training ring! Today we have charmofflame vs Yuni Hermit! Let the match begin![/color]
[color=gray]═════════════════ ⭐ [color=purple]Sexfight ring[/color] ⭐ ═════════════════
 [color=purple]▓▓▓▓▓▓▓▓▓▓▓▓▓▓▓▓▓▓▓▓[/color] ⭐ [color=purple]VS[/color] ⭐ [color=purple]▓▓▓▓▓▓▓▓▓▓▓▓▓▓▓▓▓▓▓▓[/color]
► [icon]charmofflame[/icon]                                                                  [icon]Yuni Hermit[/icon]
It's charmofflame's turn![/color]

03-12-2017 14:06:11.7 [PRIV] Bot to charmofflame:
[icon]Bot Announcer[/icon][color=gray]charmofflame used their lips to tease Yuni Hermit's ass, dealing 22 lust points![/color]
[color=gray]═════════════════ ⭐ [color=purple]Sexfight ring[/color] ⭐ ═════════════════
 [color=purple]░░░░▓▓▓▓▓▓▓▓▓▓▓▓▓▓▓▓[/color] ⭐ [color=purple]VS[/color] ⭐ [color=purple]▓▓▓▓▓▓▓▓▓▓▓▓▓▓▓▓▓▓▓▓[/color]
► [icon]Yuni Hermit[/icon]                                                                  [icon]charmofflame[/icon]
It's Yuni Hermit's turn![/color]
[i]'You want what? ... Yes, please.' She turns around and drops to all fours, reaching behind to spread her buttcheeks with both paws, letting her pucker 'wink' at you with a flex of her anus. She keeps those cheeks spread until you're up close, letting them make your head disappear. Throughout the booty make-out, she's flexing, squeezing your tongue, 'kissing' right back, and groaning like a whore up front... your face musky with her rear's scent by the time you pull away.[/i]

03-12-2017 14:06:11.7 [PRIV] Bot to charmofflame:
[i]Yuni bends forwards, and goes for the chest! Her lips wrap around your sensitive nipple, and she begins to suckle like a nursing infant. Lapping at your nub, circles it with her tongue while her lips pull, again and again and again.[/i]
[icon]Bot Announcer[/icon][color=gray]Yuni Hermit used their lips to tease charmofflame's tits, dealing 4 lust points![/color]
[color=gray]═════════════════ ⭐ [color=purple]Sexfight ring[/color] ⭐ ═════════════════
 [color=purple]▓▓▓▓▓▓▓▓▓▓▓▓▓▓▓▓▓▓▓▓[/color] ⭐ [color=purple]VS[/color] ⭐ [color=purple]▓▓▓▓▓▓▓▓▓▓▓▓▓▓▓▓░░░░[/color]
► [icon]charmofflame[/icon]                                                                  [icon]Yuni Hermit[/icon]
It's charmofflame's turn![/color]

03-12-2017 14:06:11.7 [PRIV] charmofflame: !attack lips to ass
03-12-2017 14:06:13.0 [PRIV] Bot to charmofflame:
[icon]Bot Announcer[/icon][color=gray]charmofflame used their lips to tease Yuni Hermit's ass, dealing 19 lust points![/color]
[color=gray]═════════════════ ⭐ [color=purple]Sexfight ring[/color] ⭐ ═════════════════
 [color=purple]░░░░░░░░▓▓▓▓▓▓▓▓▓▓▓▓[/color] ⭐ [color=purple]VS[/color] ⭐ [color=purple]▓▓▓▓▓▓▓▓▓▓▓▓▓▓▓▓▓▓▓▓[/color]
► [icon]Yuni Hermit[/icon]                                                                  [icon]charmofflame[/icon]
It's Yuni Hermit's turn![/color]
[i]'You want what? ... Yes, please.' She turns around and drops to all fours, reaching behind to spread her buttcheeks with both paws, letting her pucker 'wink' at you with a flex of her anus. She keeps those cheeks spread until you're up close, letting them make your head disappear. Throughout the booty make-out, she's flexing, squeezing your tongue, 'kissing' right back, and groaning like a whore up front... your face musky with her rear's scent by the time you pull away.[/i]

03-12-2017 14:06:13.1 [PRIV] Bot to charmofflame:
[i]Yuni drops to her knees and spreads your legs with her paws, pushing her face against your cunt. Rolling her tongue from end-to-end of your slit, she flicks your clit with a slurp of her tongue at the top of each stroke, drooling all over your puss as she eats that muff~[/i]
[icon]Bot Announcer[/icon][color=gray]Yuni Hermit used their lips to tease charmofflame's vagina, dealing 9 lust points![/color]
[color=gray]═════════════════ ⭐ [color=purple]Sexfight ring[/color] ⭐ ═════════════════
 [color=purple]░░▓▓▓▓▓▓▓▓▓▓▓▓▓▓▓▓▓▓[/color] ⭐ [color=purple]VS[/color] ⭐ [color=purple]▓▓▓▓▓▓▓▓▓▓▓▓░░░░░░░░[/color]
► [icon]charmofflame[/icon]                                                                  [icon]Yuni Hermit[/icon]
It's charmofflame's turn![/color]

03-12-2017 14:06:13.1 [PRIV] charmofflame: !attack lips to ass
03-12-2017 14:06:13.8 [PRIV] Bot to charmofflame:
[icon]Bot Announcer[/icon][color=gray]charmofflame used their lips to tease Yuni Hermit's ass, dealing 25 lust points![/color]
[color=gray]═════════════════ ⭐ [color=purple]Sexfight ring[/color] ⭐ ═════════════════
 [color=red]░░░░░░░░░░░░░▓▓▓▓▓▓▓[/color] ⭐ [color=purple]VS[/color] ⭐ [color=purple]▓▓▓▓▓▓▓▓▓▓▓▓▓▓▓▓▓▓░░[/color]
► [icon]Yuni Hermit[/icon]                                                                  [icon]charmofflame[/icon]
It's Yuni Hermit's turn![/color]
[i]'You want what? ... Yes, please.' She turns around and drops to all fours, reaching behind to spread her buttcheeks with both paws, letting her pucker 'wink' at you with a flex of her anus. She keeps those cheeks spread until you're up close, letting them make your head disappear. Throughout the booty make-out, she's flexing, squeezing your tongue, 'kissing' right back, and groaning like a whore up front... your face musky with her rear's scent by the time you pull away.[/i]

03-12-2017 14:06:13.8 [PRIV] Bot to charmofflame:
[i]Yuni smirks. 'Hungry? No? Too bad.' she teases. She turns around and hip-drops, slamming you to the mat with her rear end... with her naked behind on your face, she makes the world vanish into darkness. 'Eat.' she taunts. She starts grinding her pucker on your mouth, anus rubbing, smearing her scent, trying to force you to tongue her tush if she can get away with it... getting up only when you are desperate for breath.[/i]
[icon]Bot Announcer[/icon][color=gray]Yuni Hermit used their ass to tease charmofflame's lips, dealing 7 lust points![/color]
[color=gray]═════════════════ ⭐ [color=purple]Sexfight ring[/color] ⭐ ═════════════════
 [color=purple]░░░░▓▓▓▓▓▓▓▓▓▓▓▓▓▓▓▓[/color] ⭐ [color=purple]VS[/color] ⭐ [color=red]▓▓▓▓▓▓▓░░░░░░░░░░░░░[/color]
► [icon]charmofflame[/icon]                                                                  [icon]Yuni Hermit[/icon]
It's charmofflame's turn![/color]

03-12-2017 14:06:13.8 [PRIV] charmofflame: !attack lips to ass
03-12-2017 14:06:15.4 [PRIV] Bot to charmofflame:
[icon]Bot Announcer[/icon][color=gray]charmofflame used their lips to tease Yuni Hermit's ass, dealing 17 lust points![/color]
[color=gray]═════════════════ ⭐ [color=purple]Sexfight ring[/color] ⭐ ═════════════════
 [color=red]░░░░░░░░░░░░░░░░▓▓▓▓[/color] ⭐ [color=purple]VS[/color] ⭐ [color=purple]▓▓▓▓▓▓▓▓▓▓▓▓▓▓▓▓░░░░[/color]
► [icon]Yuni Hermit[/icon]                                                                  [icon]charmofflame[/icon]
It's Yuni Hermit's turn![/color]
[i]'You want what? ... Yes, please.' She turns around and drops to all fours, reaching behind to spread her buttcheeks with both paws, letting her pucker 'wink' at you with a flex of her anus. She keeps those cheeks spread until you're up close, letting them make your head disappear. Throughout the booty make-out, she's flexing, squeezing your tongue, 'kissing' right back, and groaning like a whore up front... your face musky with her rear's scent by the time you pull away.[/i]

03-12-2017 14:06:15.4 [PRIV] Bot to charmofflame:
[i]Yuni makes a derisive snort and smirks... 'Eat.' she demands, grabbing the back of your head. Shoving you between her thighs, she forces her cunt against your mouth and starts grinding on your face. Clit shoved into your mouth, she humps your mouth like she had a significantly less female piece between her legs... smearing pussyjuice everywhere.[/i]
[icon]Bot Announcer[/icon][color=gray]Yuni Hermit used their sex to tease charmofflame's lips, dealing 13 lust points![/color]
[color=gray]═════════════════ ⭐ [color=purple]Sexfight ring[/color] ⭐ ═════════════════
 [color=purple]░░░░░░▓▓▓▓▓▓▓▓▓▓▓▓▓▓[/color] ⭐ [color=purple]VS[/color] ⭐ [color=red]▓▓▓▓░░░░░░░░░░░░░░░░[/color]
► [icon]charmofflame[/icon]                                                                  [icon]Yuni Hermit[/icon]
It's charmofflame's turn![/color]

03-12-2017 14:06:15.4 [PRIV] charmofflame: !attack lips to ass
03-12-2017 14:06:18.1 [PRIV] Bot to charmofflame:
[icon]Bot Announcer[/icon][color=gray]charmofflame used their lips to tease Yuni Hermit's ass, dealing 16 lust points![/color]
[color=gray]═════════════════ ⭐ [color=purple]Sexfight ring[/color] ⭐ ═════════════════
 [color=red]░░░░░░░░░░░░░░░░░░░▓[/color] ⭐ [color=purple]VS[/color] ⭐ [color=purple]▓▓▓▓▓▓▓▓▓▓▓▓▓▓░░░░░░[/color]
► [icon]Yuni Hermit[/icon]                                                                  [icon]charmofflame[/icon]
It's Yuni Hermit's turn![/color]
[i]'You want what? ... Yes, please.' She turns around and drops to all fours, reaching behind to spread her buttcheeks with both paws, letting her pucker 'wink' at you with a flex of her anus. She keeps those cheeks spread until you're up close, letting them make your head disappear. Throughout the booty make-out, she's flexing, squeezing your tongue, 'kissing' right back, and groaning like a whore up front... your face musky with her rear's scent by the time you pull away.[/i]

03-12-2017 14:06:18.1 [PRIV] Bot to charmofflame:
[i]Yuni does a flip, knocking you to the padded mat. Her toes go for your breasts... Soft soled digits, toes pinching your nipples and giving a little tug, a few to each... rolling as much of the flesh of your breast as she can grasp with her hind paws.[/i]
[icon]Bot Announcer[/icon][color=gray]Yuni Hermit used their feet to tease charmofflame's tits, dealing 3 lust points![/color]
[color=gray]═════════════════ ⭐ [color=purple]Sexfight ring[/color] ⭐ ═════════════════
 [color=purple]░░░░░░░▓▓▓▓▓▓▓▓▓▓▓▓▓[/color] ⭐ [color=purple]VS[/color] ⭐ [color=red]▓░░░░░░░░░░░░░░░░░░░[/color]
► [icon]charmofflame[/icon]                                                                  [icon]Yuni Hermit[/icon]
It's charmofflame's turn![/color]

03-12-2017 14:06:18.1 [PRIV] charmofflame: !attack lips to ass
03-12-2017 14:06:38.0 [PRIV] Bot to charmofflame:
[icon]Bot Announcer[/icon][color=gray]charmofflame used their lips to tease Yuni Hermit's ass, dealing 20 lust points![/color]
[color=gray]charmofflame made Yuni Hermit cum! The winner gets $2.00 and the loser gets $1.00, thank you for participating.[/color]
[color=gray]═════════════════ ⭐ [color=purple]Sexfight ring[/color] ⭐ ═════════════════
 [color=red]░░░░░░░░░░░░░░░░░░░░[/color] ⭐ [color=purple]VS[/color] ⭐ [color=purple]▓▓▓▓▓▓▓▓▓▓▓▓▓░░░░░░░[/color]
► [icon]Yuni Hermit[/icon]                                                                  [icon]charmofflame[/icon]
It's Yuni Hermit's turn![/color]

[color=gray]════════════════ ⭐ [color=purple]Combat ended[/color] ⭐ ════════════════[/color]
[i]'You want what? ... Yes, please.' She turns around and drops to all fours, reaching behind to spread her buttcheeks with both paws, letting her pucker 'wink' at you with a flex of her anus. She keeps those cheeks spread until you're up close, letting them make your head disappear. Throughout the booty make-out, she's flexing, squeezing your tongue, 'kissing' right back, and groaning like a whore up front... your face musky with her rear's scent by the time you pull away.[/i]

03-12-2017 14:06:38.0 [PRIV] Bot to charmofflame:

03-12-2017 14:06:38.3 [PRIV] charmofflame: !attack lips to ass
03-12-2017 14:06:43.7 [PRIV] charmofflame: !trainingdummy female
03-12-2017 14:06:43.9 [PRIV] Bot to charmofflame:
[icon]Bot Announcer[/icon][color=gray] Welcome to the training ring! Today we have charmofflame vs Yuni Hermit! Let the match begin![/color]
[color=gray]═════════════════ ⭐ [color=purple]Sexfight ring[/color] ⭐ ═════════════════
 [color=purple]▓▓▓▓▓▓▓▓▓▓▓▓▓▓▓▓▓▓▓▓[/color] ⭐ [color=purple]VS[/color] ⭐ [color=purple]▓▓▓▓▓▓▓▓▓▓▓▓▓▓▓▓▓▓▓▓[/color]
► [icon]charmofflame[/icon]                                                                  [icon]Yuni Hermit[/icon]
It's charmofflame's turn![/color]

03-12-2017 14:06:47.1 [PRIV] Bot to charmofflame:
[icon]Bot Announcer[/icon][color=gray]charmofflame used their lips to tease Yuni Hermit's ass, dealing 17 lust points![/color]
[color=gray]═════════════════ ⭐ [color=purple]Sexfight ring[/color] ⭐ ═════════════════
 [color=purple]░░░▓▓▓▓▓▓▓▓▓▓▓▓▓▓▓▓▓[/color] ⭐ [color=purple]VS[/color] ⭐ [color=purple]▓▓▓▓▓▓▓▓▓▓▓▓▓▓▓▓▓▓▓▓[/color]
► [icon]Yuni Hermit[/icon]                                                                  [icon]charmofflame[/icon]
It's Yuni Hermit's turn![/color]
[i]'You want what? ... Yes, please.' She turns around and drops to all fours, reaching behind to spread her buttcheeks with both paws, letting her pucker 'wink' at you with a flex of her anus. She keeps those cheeks spread until you're up close, letting them make your head disappear. Throughout the booty make-out, she's flexing, squeezing your tongue, 'kissing' right back, and groaning like a whore up front... your face musky with her rear's scent by the time you pull away.[/i]

03-12-2017 14:06:47.1 [PRIV] Bot to charmofflame:
[i]Yuni does a leg-sweep to get you on your ass, then plasters her heel on your cunt. Grinding and rubbing, she tries to grind your clitty with her soft heel, moving to roll her entire sole over your cunt back and forth... in a sawing motion culminating in pushing her big toe into your pussy for a brief moment.[/i]
[icon]Bot Announcer[/icon][color=gray]Yuni Hermit used their feet to tease charmofflame's vagina, dealing 11 lust points![/color]
[color=gray]═════════════════ ⭐ [color=purple]Sexfight ring[/color] ⭐ ═════════════════
 [color=purple]░░▓▓▓▓▓▓▓▓▓▓▓▓▓▓▓▓▓▓[/color] ⭐ [color=purple]VS[/color] ⭐ [color=purple]▓▓▓▓▓▓▓▓▓▓▓▓▓▓▓▓▓░░░[/color]
► [icon]charmofflame[/icon]                                                                  [icon]Yuni Hermit[/icon]
It's charmofflame's turn![/color]

03-12-2017 14:06:47.1 [PRIV] charmofflame: !attack lips to ass
03-12-2017 14:06:48.3 [PRIV] Bot to charmofflame:
[icon]Bot Announcer[/icon][color=gray]charmofflame used their lips to tease Yuni Hermit's ass, dealing 22 lust points![/color]
[color=gray]═════════════════ ⭐ [color=purple]Sexfight ring[/color] ⭐ ═════════════════
 [color=purple]░░░░░░░▓▓▓▓▓▓▓▓▓▓▓▓▓[/color] ⭐ [color=purple]VS[/color] ⭐ [color=purple]▓▓▓▓▓▓▓▓▓▓▓▓▓▓▓▓▓▓░░[/color]
► [icon]Yuni Hermit[/icon]                                                                  [icon]charmofflame[/icon]
It's Yuni Hermit's turn![/color]
[i]'You want what? ... Yes, please.' She turns around and drops to all fours, reaching behind to spread her buttcheeks with both paws, letting her pucker 'wink' at you with a flex of her anus. She keeps those cheeks spread until you're up close, letting them make your head disappear. Throughout the booty make-out, she's flexing, squeezing your tongue, 'kissing' right back, and groaning like a whore up front... your face musky with her rear's scent by the time you pull away.[/i]

03-12-2017 14:06:48.4 [PRIV] Bot to charmofflame:
[i]Yuni giggles behind an open palm and pounces you... wrapping her legs around your chest. Somehow, she manages to squish one of your breasts up between her legs, grinding her pussy back and forth over your breast like she's trying to scissor with it... it's wet, tingly, and she hops off with a peck of a kiss to your forehead.[/i]
[icon]Bot Announcer[/icon][color=gray]Yuni Hermit used their sex to tease charmofflame's tits, dealing 5 lust points![/color]
[color=gray]═════════════════ ⭐ [color=purple]Sexfight ring[/color] ⭐ ═════════════════
 [color=purple]░░░▓▓▓▓▓▓▓▓▓▓▓▓▓▓▓▓▓[/color] ⭐ [color=purple]VS[/color] ⭐ [color=purple]▓▓▓▓▓▓▓▓▓▓▓▓▓░░░░░░░[/color]
► [icon]charmofflame[/icon]                                                                  [icon]Yuni Hermit[/icon]
It's charmofflame's turn![/color]

03-12-2017 14:06:48.4 [PRIV] charmofflame: !attack lips to ass
03-12-2017 14:06:49.4 [PRIV] Bot to charmofflame:
[icon]Bot Announcer[/icon][color=gray]charmofflame used their lips to tease Yuni Hermit's ass, dealing 18 lust points![/color]
[color=gray]═════════════════ ⭐ [color=purple]Sexfight ring[/color] ⭐ ═════════════════
 [color=red]░░░░░░░░░░░▓▓▓▓▓▓▓▓▓[/color] ⭐ [color=purple]VS[/color] ⭐ [color=purple]▓▓▓▓▓▓▓▓▓▓▓▓▓▓▓▓▓░░░[/color]
► [icon]Yuni Hermit[/icon]                                                                  [icon]charmofflame[/icon]
It's Yuni Hermit's turn![/color]
[i]'You want what? ... Yes, please.' She turns around and drops to all fours, reaching behind to spread her buttcheeks with both paws, letting her pucker 'wink' at you with a flex of her anus. She keeps those cheeks spread until you're up close, letting them make your head disappear. Throughout the booty make-out, she's flexing, squeezing your tongue, 'kissing' right back, and groaning like a whore up front... your face musky with her rear's scent by the time you pull away.[/i]

03-12-2017 14:06:49.4 [PRIV] Bot to charmofflame:
[i]Yuni spins you around with a spank, and drops to her knees behind you. Lips touch pucker moments later, the wolf licking your ass like she's at a dog park with you. Lips suckling on your pucker, her tongue shoves inside and explores before pulling out with a loud, vulgar *SLURP*.[/i]
[icon]Bot Announcer[/icon][color=gray]Yuni Hermit used their lips to tease charmofflame's ass, dealing 9 lust points![/color]
[color=gray]═════════════════ ⭐ [color=purple]Sexfight ring[/color] ⭐ ═════════════════
 [color=purple]░░░░░▓▓▓▓▓▓▓▓▓▓▓▓▓▓▓[/color] ⭐ [color=purple]VS[/color] ⭐ [color=red]▓▓▓▓▓▓▓▓▓░░░░░░░░░░░[/color]
► [icon]charmofflame[/icon]                                                                  [icon]Yuni Hermit[/icon]
It's charmofflame's turn![/color]

03-12-2017 14:06:49.4 [PRIV] charmofflame: !attack lips to ass
03-12-2017 14:06:50.3 [PRIV] Bot to charmofflame:
[icon]Bot Announcer[/icon][color=gray]charmofflame used their lips to tease Yuni Hermit's ass, dealing 21 lust points![/color]
[color=gray]═════════════════ ⭐ [color=purple]Sexfight ring[/color] ⭐ ═════════════════
 [color=red]░░░░░░░░░░░░░░░▓▓▓▓▓[/color] ⭐ [color=purple]VS[/color] ⭐ [color=purple]▓▓▓▓▓▓▓▓▓▓▓▓▓▓▓░░░░░[/color]
► [icon]Yuni Hermit[/icon]                                                                  [icon]charmofflame[/icon]
It's Yuni Hermit's turn![/color]
[i]'You want what? ... Yes, please.' She turns around and drops to all fours, reaching behind to spread her buttcheeks with both paws, letting her pucker 'wink' at you with a flex of her anus. She keeps those cheeks spread until you're up close, letting them make your head disappear. Throughout the booty make-out, she's flexing, squeezing your tongue, 'kissing' right back, and groaning like a whore up front... your face musky with her rear's scent by the time you pull away.[/i]

03-12-2017 14:06:50.3 [PRIV] Bot to charmofflame:
[i]Yuni spins you around with a spank, and drops to her knees behind you. Lips touch pucker moments later, the wolf licking your ass like she's at a dog park with you. Lips suckling on your pucker, her tongue shoves inside and explores before pulling out with a loud, vulgar *SLURP*.[/i]
[icon]Bot Announcer[/icon][color=gray]Yuni Hermit used their lips to tease charmofflame's ass, dealing 9 lust points![/color]
[color=gray]═════════════════ ⭐ [color=purple]Sexfight ring[/color] ⭐ ═════════════════
 [color=purple]░░░░░░▓▓▓▓▓▓▓▓▓▓▓▓▓▓[/color] ⭐ [color=purple]VS[/color] ⭐ [color=red]▓▓▓▓▓░░░░░░░░░░░░░░░[/color]
► [icon]charmofflame[/icon]                                                                  [icon]Yuni Hermit[/icon]
It's charmofflame's turn![/color]

03-12-2017 14:06:50.3 [PRIV] charmofflame: !attack lips to ass
03-12-2017 14:06:51.2 [PRIV] Bot to charmofflame:
[icon]Bot Announcer[/icon][color=gray]charmofflame used their lips to tease Yuni Hermit's ass, dealing 16 lust points![/color]
[color=gray]═════════════════ ⭐ [color=purple]Sexfight ring[/color] ⭐ ═════════════════
 [color=red]░░░░░░░░░░░░░░░░░░▓▓[/color] ⭐ [color=purple]VS[/color] ⭐ [color=purple]▓▓▓▓▓▓▓▓▓▓▓▓▓▓░░░░░░[/color]
► [icon]Yuni Hermit[/icon]                                                                  [icon]charmofflame[/icon]
It's Yuni Hermit's turn![/color]
[i]'You want what? ... Yes, please.' She turns around and drops to all fours, reaching behind to spread her buttcheeks with both paws, letting her pucker 'wink' at you with a flex of her anus. She keeps those cheeks spread until you're up close, letting them make your head disappear. Throughout the booty make-out, she's flexing, squeezing your tongue, 'kissing' right back, and groaning like a whore up front... your face musky with her rear's scent by the time you pull away.[/i]

03-12-2017 14:06:51.2 [PRIV] Bot to charmofflame:
[i]Yuni makes a derisive snort and smirks... 'Eat.' she demands, grabbing the back of your head. Shoving you between her thighs, she forces her cunt against your mouth and starts grinding on your face. Clit shoved into your mouth, she humps your mouth like she had a significantly less female piece between her legs... smearing pussyjuice everywhere.[/i]
[icon]Bot Announcer[/icon][color=gray]Yuni Hermit used their sex to tease charmofflame's lips, dealing 12 lust points![/color]
[color=gray]═════════════════ ⭐ [color=purple]Sexfight ring[/color] ⭐ ═════════════════
 [color=purple]░░░░░░░░░▓▓▓▓▓▓▓▓▓▓▓[/color] ⭐ [color=purple]VS[/color] ⭐ [color=red]▓▓░░░░░░░░░░░░░░░░░░[/color]
► [icon]charmofflame[/icon]                                                                  [icon]Yuni Hermit[/icon]
It's charmofflame's turn![/color]

03-12-2017 14:06:51.2 [PRIV] charmofflame: !attack lips to ass
03-12-2017 14:07:11.0 [PRIV] Bot to charmofflame:
[icon]Bot Announcer[/icon][color=gray]charmofflame used their lips to tease Yuni Hermit's ass, dealing 23 lust points![/color]
[color=gray]charmofflame made Yuni Hermit cum! The winner gets $2.00 and the loser gets $1.00, thank you for participating.[/color]
[color=gray]═════════════════ ⭐ [color=purple]Sexfight ring[/color] ⭐ ═════════════════
 [color=red]░░░░░░░░░░░░░░░░░░░░[/color] ⭐ [color=purple]VS[/color] ⭐ [color=purple]▓▓▓▓▓▓▓▓▓▓▓░░░░░░░░░[/color]
► [icon]Yuni Hermit[/icon]                                                                  [icon]charmofflame[/icon]
It's Yuni Hermit's turn![/color]

[color=gray]════════════════ ⭐ [color=purple]Combat ended[/color] ⭐ ════════════════[/color]
[i]'You want what? ... Yes, please.' She turns around and drops to all fours, reaching behind to spread her buttcheeks with both paws, letting her pucker 'wink' at you with a flex of her anus. She keeps those cheeks spread until you're up close, letting them make your head disappear. Throughout the booty make-out, she's flexing, squeezing your tongue, 'kissing' right back, and groaning like a whore up front... your face musky with her rear's scent by the time you pull away.[/i]

03-12-2017 14:07:11.1 [PRIV] Bot to charmofflame:

03-12-2017 14:07:11.1 [PRIV] charmofflame: !attack lips to ass
03-12-2017 14:07:19.3 [PRIV] charmofflame: !trainingdummy female
03-12-2017 14:07:19.3 [PRIV] Bot to charmofflame:
[icon]Bot Announcer[/icon][color=gray] Welcome to the training ring! Today we have charmofflame vs Yuni Hermit! Let the match begin![/color]
[color=gray]═════════════════ ⭐ [color=purple]Sexfight ring[/color] ⭐ ═════════════════
 [color=purple]▓▓▓▓▓▓▓▓▓▓▓▓▓▓▓▓▓▓▓▓[/color] ⭐ [color=purple]VS[/color] ⭐ [color=purple]▓▓▓▓▓▓▓▓▓▓▓▓▓▓▓▓▓▓▓▓[/color]
► [icon]charmofflame[/icon]                                                                  [icon]Yuni Hermit[/icon]
It's charmofflame's turn![/color]

03-12-2017 14:07:23.4 [PRIV] Bot to charmofflame:
[icon]Bot Announcer[/icon][color=gray]charmofflame used their lips to tease Yuni Hermit's ass, dealing 24 lust points![/color]
[color=gray]═════════════════ ⭐ [color=purple]Sexfight ring[/color] ⭐ ═════════════════
 [color=purple]░░░░▓▓▓▓▓▓▓▓▓▓▓▓▓▓▓▓[/color] ⭐ [color=purple]VS[/color] ⭐ [color=purple]▓▓▓▓▓▓▓▓▓▓▓▓▓▓▓▓▓▓▓▓[/color]
► [icon]Yuni Hermit[/icon]                                                                  [icon]charmofflame[/icon]
It's Yuni Hermit's turn![/color]
[i]'You want what? ... Yes, please.' She turns around and drops to all fours, reaching behind to spread her buttcheeks with both paws, letting her pucker 'wink' at you with a flex of her anus. She keeps those cheeks spread until you're up close, letting them make your head disappear. Throughout the booty make-out, she's flexing, squeezing your tongue, 'kissing' right back, and groaning like a whore up front... your face musky with her rear's scent by the time you pull away.[/i]

03-12-2017 14:07:23.4 [PRIV] Bot to charmofflame:
[i]Yuni spins you around with a spank, and drops to her knees behind you. Lips touch pucker moments later, the wolf licking your ass like she's at a dog park with you. Lips suckling on your pucker, her tongue shoves inside and explores before pulling out with a loud, vulgar *SLURP*.[/i]
[icon]Bot Announcer[/icon][color=gray]Yuni Hermit used their lips to tease charmofflame's ass, dealing 9 lust points![/color]
[color=gray]═════════════════ ⭐ [color=purple]Sexfight ring[/color] ⭐ ═════════════════
 [color=purple]░▓▓▓▓▓▓▓▓▓▓▓▓▓▓▓▓▓▓▓[/color] ⭐ [color=purple]VS[/color] ⭐ [color=purple]▓▓▓▓▓▓▓▓▓▓▓▓▓▓▓▓░░░░[/color]
► [icon]charmofflame[/icon]                                                                  [icon]Yuni Hermit[/icon]
It's charmofflame's turn![/color]

03-12-2017 14:07:23.4 [PRIV] charmofflame: !attack lips to ass
03-12-2017 14:07:24.6 [PRIV] Bot to charmofflame:
[icon]Bot Announcer[/icon][color=gray]charmofflame used their lips to tease Yuni Hermit's ass, dealing 19 lust points![/color]
[color=gray]═════════════════ ⭐ [color=purple]Sexfight ring[/color] ⭐ ═════════════════
 [color=purple]░░░░░░░░▓▓▓▓▓▓▓▓▓▓▓▓[/color] ⭐ [color=purple]VS[/color] ⭐ [color=purple]▓▓▓▓▓▓▓▓▓▓▓▓▓▓▓▓▓▓▓░[/color]
► [icon]Yuni Hermit[/icon]                                                                  [icon]charmofflame[/icon]
It's Yuni Hermit's turn![/color]
[i]'You want what? ... Yes, please.' She turns around and drops to all fours, reaching behind to spread her buttcheeks with both paws, letting her pucker 'wink' at you with a flex of her anus. She keeps those cheeks spread until you're up close, letting them make your head disappear. Throughout the booty make-out, she's flexing, squeezing your tongue, 'kissing' right back, and groaning like a whore up front... your face musky with her rear's scent by the time you pull away.[/i]

03-12-2017 14:07:24.6 [PRIV] Bot to charmofflame:
[i]Yuni teases you. 'Did you bring scissors? Hopefully not the safety kind.' Without any more of an explanation, she drops you to the mat with a leg sweep, grabbing both your ankles and pointing your crotch skywards. She sits on your upturned crotch like a throne, smushing her pussy against yours... and rocking her hips like a saw. Rolling her cunt against yours, fluids are swapped, lips and clits catch against each other, and your crotch is soaked in her juices before she lets you up~[/i]
[icon]Bot Announcer[/icon][color=gray]Yuni Hermit used their sex to tease charmofflame's vagina, dealing 7 lust points![/color]
[color=gray]═════════════════ ⭐ [color=purple]Sexfight ring[/color] ⭐ ═════════════════
 [color=purple]░░░▓▓▓▓▓▓▓▓▓▓▓▓▓▓▓▓▓[/color] ⭐ [color=purple]VS[/color] ⭐ [color=purple]▓▓▓▓▓▓▓▓▓▓▓▓░░░░░░░░[/color]
► [icon]charmofflame[/icon]                                                                  [icon]Yuni Hermit[/icon]
It's charmofflame's turn![/color]

03-12-2017 14:07:24.6 [PRIV] charmofflame: !attack lips to ass
03-12-2017 14:07:24.9 [PRIV] Bot to charmofflame:
[icon]Bot Announcer[/icon][color=gray]charmofflame used their lips to tease Yuni Hermit's ass, dealing 25 lust points![/color]
[color=gray]═════════════════ ⭐ [color=purple]Sexfight ring[/color] ⭐ ═════════════════
 [color=red]░░░░░░░░░░░░░▓▓▓▓▓▓▓[/color] ⭐ [color=purple]VS[/color] ⭐ [color=purple]▓▓▓▓▓▓▓▓▓▓▓▓▓▓▓▓▓░░░[/color]
► [icon]Yuni Hermit[/icon]                                                                  [icon]charmofflame[/icon]
It's Yuni Hermit's turn![/color]
[i]'You want what? ... Yes, please.' She turns around and drops to all fours, reaching behind to spread her buttcheeks with both paws, letting her pucker 'wink' at you with a flex of her anus. She keeps those cheeks spread until you're up close, letting them make your head disappear. Throughout the booty make-out, she's flexing, squeezing your tongue, 'kissing' right back, and groaning like a whore up front... your face musky with her rear's scent by the time you pull away.[/i]

03-12-2017 14:07:24.9 [PRIV] Bot to charmofflame:
[i]Yuni quirks an eyebrow, then looks at your cunt... then at her crotch. She whips a purple double-ended dildo out of her cleavage, shoving one end up her ass. With a leg-sweep, she gets you on your own tush, and sits on your crotch... shoving the other end of that toy into your cunt. A bouncy-ride later, she uses that dildo like a pogo stick in your snatch, until the whole thing is nice and wet. 'Whee!' she teases, hopping back into a fighting pose.[/i]
[icon]Bot Announcer[/icon][color=gray]Yuni Hermit used their ass to tease charmofflame's vagina, dealing 5 lust points![/color]
[color=gray]═════════════════ ⭐ [color=purple]Sexfight ring[/color] ⭐ ═════════════════
 [color=purple]░░░░▓▓▓▓▓▓▓▓▓▓▓▓▓▓▓▓[/color] ⭐ [color=purple]VS[/color] ⭐ [color=red]▓▓▓▓▓▓▓░░░░░░░░░░░░░[/color]
► [icon]charmofflame[/icon]                                                                  [icon]Yuni Hermit[/icon]
It's charmofflame's turn![/color]

03-12-2017 14:07:24.9 [PRIV] charmofflame: !attack lips to ass
03-12-2017 14:07:26.6 [PRIV] Bot to charmofflame:
[icon]Bot Announcer[/icon][color=gray]charmofflame used their lips to tease Yuni Hermit's ass, dealing 16 lust points![/color]
[color=gray]═════════════════ ⭐ [color=purple]Sexfight ring[/color] ⭐ ═════════════════
 [color=red]░░░░░░░░░░░░░░░░▓▓▓▓[/color] ⭐ [color=purple]VS[/color] ⭐ [color=purple]▓▓▓▓▓▓▓▓▓▓▓▓▓▓▓▓░░░░[/color]
► [icon]Yuni Hermit[/icon]                                                                  [icon]charmofflame[/icon]
It's Yuni Hermit's turn![/color]
[i]'You want what? ... Yes, please.' She turns around and drops to all fours, reaching behind to spread her buttcheeks with both paws, letting her pucker 'wink' at you with a flex of her anus. She keeps those cheeks spread until you're up close, letting them make your head disappear. Throughout the booty make-out, she's flexing, squeezing your tongue, 'kissing' right back, and groaning like a whore up front... your face musky with her rear's scent by the time you pull away.[/i]

03-12-2017 14:07:26.6 [PRIV] Bot to charmofflame:
[i]Yuni wraps her arms around you and squashes her chest against you from the front. Her breasts pillow and goosh out against your own. '... Mine are bigger, Slut.' she taunts, before hopping back.[/i]
[icon]Bot Announcer[/icon][color=gray]Yuni Hermit used their tits to tease charmofflame's tits, dealing 6 lust points![/color]
[color=gray]═════════════════ ⭐ [color=purple]Sexfight ring[/color] ⭐ ═════════════════
 [color=purple]░░░░░▓▓▓▓▓▓▓▓▓▓▓▓▓▓▓[/color] ⭐ [color=purple]VS[/color] ⭐ [color=red]▓▓▓▓░░░░░░░░░░░░░░░░[/color]
► [icon]charmofflame[/icon]                                                                  [icon]Yuni Hermit[/icon]
It's charmofflame's turn![/color]

03-12-2017 14:07:26.6 [PRIV] charmofflame: !attack lips to ass
03-12-2017 14:07:27.3 [PRIV] Bot to charmofflame:
[icon]Bot Announcer[/icon][color=gray]charmofflame used their lips to tease Yuni Hermit's ass, dealing 21 lust points![/color]
[color=gray]charmofflame made Yuni Hermit cum! The winner gets $2.00 and the loser gets $1.00, thank you for participating.[/color]
[color=gray]═════════════════ ⭐ [color=purple]Sexfight ring[/color] ⭐ ═════════════════
 [color=red]░░░░░░░░░░░░░░░░░░░░[/color] ⭐ [color=purple]VS[/color] ⭐ [color=purple]▓▓▓▓▓▓▓▓▓▓▓▓▓▓▓░░░░░[/color]
► [icon]Yuni Hermit[/icon]                                                                  [icon]charmofflame[/icon]
It's Yuni Hermit's turn![/color]

[color=gray]════════════════ ⭐ [color=purple]Combat ended[/color] ⭐ ════════════════[/color]
[i]'You want what? ... Yes, please.' She turns around and drops to all fours, reaching behind to spread her buttcheeks with both paws, letting her pucker 'wink' at you with a flex of her anus. She keeps those cheeks spread until you're up close, letting them make your head disappear. Throughout the booty make-out, she's flexing, squeezing your tongue, 'kissing' right back, and groaning like a whore up front... your face musky with her rear's scent by the time you pull away.[/i]

03-12-2017 14:07:27.3 [PRIV] Bot to charmofflame:

03-12-2017 14:07:27.3 [PRIV] charmofflame: !attack lips to ass
03-12-2017 14:07:55.1 [PRIV] charmofflame: !sheet
03-12-2017 14:07:55.1 [PRIV] Bot to charmofflame:
[color=gray]══════════════════════════════════════════════════
                                 ⭐ ⭐ [color=purple][b]General details[/b][/color] ⭐ ⭐
══════════════════════════════════════════════════
[color=pink]                     [icon]charmofflame[/icon]
          [b]Name:[/b] charmofflame | [b]Money:[/b] $40.00
[/color]══════════════════════════════════════════════════
                                 ⭐ ⭐ [color=purple][b]Attack / Defense[/b][/color] ⭐ ⭐
══════════════════════════════════════════════════
[color=pink]          [b]Lips:[/b] 7 / 4
          [b]Fingers:[/b] 6
          [b]Tits:[/b] 1 / 7
          [b]Sex:[/b] 5 / 7
          [b]Ass:[/b] 5 / 7
          [b]Feet:[/b] -3[/color]
══════════════════════════════════════════════════
                                 ⭐ ⭐ [color=purple][b]Equipment[/b][/color] ⭐ ⭐
══════════════════════════════════════════════════
[color=pink]          [b]Sextoy:[/b] Egg vibrator
                    +1 attack to fingers.
          [b]Outfit:[/b] Mistress suit
                    +2 defense to tits, +2 defense to sex, +2 defense to ass.
          [b]Accessory:[/b] Tongue piercing
                    -1 defense to lips, +2 attack to lips.
          [b]Flavor item:[/b] None
                    Nothing equiped.
[/color]══════════════════════════════════════════════════
                                 ⭐ ⭐ [color=purple][b]Inventory[/b][/color] ⭐ ⭐
══════════════════════════════════════════════════
[color=pink]          Nude. Just you and your body.
          Hand. Starter weapon.
          Wristbands. Standard uniform.
          Small bikini. +1 defense to tits, +2 defense to sex, +1 defense to ass.
          Tongue piercing. -1 defense to lips, +2 attack to lips.
          Egg vibrator. +1 attack to fingers.
          Mistress suit. +2 defense to tits, +2 defense to sex, +2 defense to ass.
[/color][/color]
03-12-2017 14:08:20.1 [PRIV] charmofflame: !train attack on tits
03-12-2017 14:08:20.1 [PRIV] Bot to charmofflame:[eicon]training[/eicon] Training successful! You now have 2 points in attack on tits.
03-12-2017 14:08:24.6 [PRIV] charmofflame: !train attack on tits
03-12-2017 14:08:24.6 [PRIV] Bot to charmofflame:[eicon]training[/eicon] Training successful! You now have 3 points in attack on tits.
03-12-2017 14:08:31.1 [PRIV] charmofflame: !train attack on tits
03-12-2017 14:08:31.1 [PRIV] Bot to charmofflame:[eicon]training[/eicon] Training successful! You now have 4 points in attack on tits.
03-12-2017 14:08:37.2 [PRIV] charmofflame: !train attack on tits
03-12-2017 14:08:37.2 [PRIV] Bot to charmofflame:[eicon]training[/eicon] Training successful! You now have 5 points in attack on tits.
03-12-2017 14:08:42.5 [PRIV] charmofflame: !sheet
03-12-2017 14:08:42.5 [PRIV] Bot to charmofflame:
[color=gray]══════════════════════════════════════════════════
                                 ⭐ ⭐ [color=purple][b]General details[/b][/color] ⭐ ⭐
══════════════════════════════════════════════════
[color=pink]                     [icon]charmofflame[/icon]
          [b]Name:[/b] charmofflame | [b]Money:[/b] $0.00
[/color]══════════════════════════════════════════════════
                                 ⭐ ⭐ [color=purple][b]Attack / Defense[/b][/color] ⭐ ⭐
══════════════════════════════════════════════════
[color=pink]          [b]Lips:[/b] 7 / 4
          [b]Fingers:[/b] 6
          [b]Tits:[/b] 5 / 7
          [b]Sex:[/b] 5 / 7
          [b]Ass:[/b] 5 / 7
          [b]Feet:[/b] -3[/color]
══════════════════════════════════════════════════
                                 ⭐ ⭐ [color=purple][b]Equipment[/b][/color] ⭐ ⭐
══════════════════════════════════════════════════
[color=pink]          [b]Sextoy:[/b] Egg vibrator
                    +1 attack to fingers.
          [b]Outfit:[/b] Mistress suit
                    +2 defense to tits, +2 defense to sex, +2 defense to ass.
          [b]Accessory:[/b] Tongue piercing
                    -1 defense to lips, +2 attack to lips.
          [b]Flavor item:[/b] None
                    Nothing equiped.
[/color]══════════════════════════════════════════════════
                                 ⭐ ⭐ [color=purple][b]Inventory[/b][/color] ⭐ ⭐
══════════════════════════════════════════════════
[color=pink]          Nude. Just you and your body.
          Hand. Starter weapon.
          Wristbands. Standard uniform.
          Small bikini. +1 defense to tits, +2 defense to sex, +1 defense to ass.
          Tongue piercing. -1 defense to lips, +2 attack to lips.
          Egg vibrator. +1 attack to fingers.
          Mistress suit. +2 defense to tits, +2 defense to sex, +2 defense to ass.
[/color][/color]
03-12-2017 19:05:05.0 [ROOM] Sissy Robert: How is everyone?
03-12-2017 20:26:53.3 [ROOM] Kenia Nya: Hello everyone!
03-12-2017 20:26:56.6 [ROOM] Kenia Nya: How's it going? ^^
03-12-2017 21:11:08.7 [ROOM] Victory87: Hi everyone
03-12-2017 21:12:53.8 [ROOM] Ryician: Hey, how are you?
03-12-2017 21:14:03.2 [ROOM] Ben Steele: Hi Victory
03-12-2017 21:14:19.9 [ROOM] Victory87: Hi Rycian
03-12-2017 21:14:19.9 [ROOM] Victory87: hi Ben
03-12-2017 21:14:29.5 [ROOM] Victory87: doing good yes thank you, how about yourself ?
03-12-2017 21:17:08.8 [PRIV] Gael the Goat: !trainingdummy2 male
03-12-2017 21:17:08.9 [PRIV] Bot to Gael the Goat:
[icon]Bot Announcer[/icon][color=gray] Welcome to the training ring! Today we have Gael the Goat vs Sissy Robert Bot! Let the match begin![/color]
[color=gray]═════════════════ ⭐ [color=purple]Sexfight ring[/color] ⭐ ═════════════════
 [color=purple]▓▓▓▓▓▓▓▓▓▓▓▓▓▓▓▓▓▓▓▓[/color] ⭐ [color=purple]VS[/color] ⭐ [color=purple]▓▓▓▓▓▓▓▓▓▓▓▓▓▓▓▓▓▓▓▓[/color]
► [icon]Gael the Goat[/icon]                                                                  [icon]Sissy Robert Bot[/icon]
It's Gael the Goat's turn![/color]

03-12-2017 21:17:22.9 [PRIV] Bot to Gael the Goat:
[icon]Bot Announcer[/icon][color=gray]Gael the Goat used their feet to tease Sissy Robert Bot's tits, dealing 30 lust points![/color]
[color=gray]═════════════════ ⭐ [color=purple]Sexfight ring[/color] ⭐ ═════════════════
 [color=purple]░░░░░░▓▓▓▓▓▓▓▓▓▓▓▓▓▓[/color] ⭐ [color=purple]VS[/color] ⭐ [color=purple]▓▓▓▓▓▓▓▓▓▓▓▓▓▓▓▓▓▓▓▓[/color]
► [icon]Sissy Robert Bot[/icon]                                                                  [icon]Gael the Goat[/icon]
It's Sissy Robert Bot's turn![/color]
[i]Sissy Robert moans as you tease him![/i]

03-12-2017 21:17:22.9 [PRIV] Bot to Gael the Goat:
[i]But then, Sissy Robert sends a sex attack at you![/i]
[icon]Bot Announcer[/icon][color=gray]Sissy Robert Bot used their ass to tease Gael the Goat's sex, dealing 8 lust points![/color]
[color=gray]═════════════════ ⭐ [color=purple]Sexfight ring[/color] ⭐ ═════════════════
 [color=purple]░▓▓▓▓▓▓▓▓▓▓▓▓▓▓▓▓▓▓▓[/color] ⭐ [color=purple]VS[/color] ⭐ [color=purple]▓▓▓▓▓▓▓▓▓▓▓▓▓▓░░░░░░[/color]
► [icon]Gael the Goat[/icon]                                                                  [icon]Sissy Robert Bot[/icon]
It's Gael the Goat's turn![/color]

03-12-2017 21:17:23.0 [PRIV] Gael the Goat: !attack feet to tits
03-12-2017 21:17:37.9 [PRIV] Bot to Gael the Goat:
[icon]Bot Announcer[/icon][color=gray]Gael the Goat used their feet to tease Sissy Robert Bot's sex, dealing 23 lust points![/color]
[color=gray]═════════════════ ⭐ [color=purple]Sexfight ring[/color] ⭐ ═════════════════
 [color=red]░░░░░░░░░░▓▓▓▓▓▓▓▓▓▓[/color] ⭐ [color=purple]VS[/color] ⭐ [color=purple]▓▓▓▓▓▓▓▓▓▓▓▓▓▓▓▓▓▓▓░[/color]
► [icon]Sissy Robert Bot[/icon]                                                                  [icon]Gael the Goat[/icon]
It's Sissy Robert Bot's turn![/color]
[i]Sissy Robert moans as you tease him![/i]

03-12-2017 21:17:38.0 [PRIV] Bot to Gael the Goat:
[i]But then, Sissy Robert sends a sex attack at you![/i]
[icon]Bot Announcer[/icon][color=gray]Sissy Robert Bot used their tits to tease Gael the Goat's tits, dealing 8 lust points![/color]
[color=gray]═════════════════ ⭐ [color=purple]Sexfight ring[/color] ⭐ ═════════════════
 [color=purple]░░░▓▓▓▓▓▓▓▓▓▓▓▓▓▓▓▓▓[/color] ⭐ [color=purple]VS[/color] ⭐ [color=red]▓▓▓▓▓▓▓▓▓▓░░░░░░░░░░[/color]
► [icon]Gael the Goat[/icon]                                                                  [icon]Sissy Robert Bot[/icon]
It's Gael the Goat's turn![/color]

03-12-2017 21:17:38.0 [PRIV] Gael the Goat: !attack feet to sex
03-12-2017 21:17:44.0 [ROOM] Ryician: Not too bad, unwinding from the week
03-12-2017 21:17:44.6 [PRIV] Bot to Gael the Goat:
[icon]Bot Announcer[/icon][color=gray]Gael the Goat used their feet to tease Sissy Robert Bot's ass, dealing 26 lust points![/color]
[color=gray]═════════════════ ⭐ [color=purple]Sexfight ring[/color] ⭐ ═════════════════
 [color=red]░░░░░░░░░░░░░░░▓▓▓▓▓[/color] ⭐ [color=purple]VS[/color] ⭐ [color=purple]▓▓▓▓▓▓▓▓▓▓▓▓▓▓▓▓▓░░░[/color]
► [icon]Sissy Robert Bot[/icon]                                                                  [icon]Gael the Goat[/icon]
It's Sissy Robert Bot's turn![/color]
[i]Sissy Robert moans as you tease him![/i]

03-12-2017 21:17:44.6 [PRIV] Bot to Gael the Goat:
[i]But then, Sissy Robert sends a sex attack at you![/i]
[icon]Bot Announcer[/icon][color=gray]Sissy Robert Bot used their ass to tease Gael the Goat's tits, dealing 5 lust points![/color]
[color=gray]═════════════════ ⭐ [color=purple]Sexfight ring[/color] ⭐ ═════════════════
 [color=purple]░░░░▓▓▓▓▓▓▓▓▓▓▓▓▓▓▓▓[/color] ⭐ [color=purple]VS[/color] ⭐ [color=red]▓▓▓▓▓░░░░░░░░░░░░░░░[/color]
► [icon]Gael the Goat[/icon]                                                                  [icon]Sissy Robert Bot[/icon]
It's Gael the Goat's turn![/color]

03-12-2017 21:17:44.6 [PRIV] Gael the Goat: !attack feet to ass
03-12-2017 21:17:49.4 [PRIV] Bot to Gael the Goat:
[icon]Bot Announcer[/icon][color=gray]Gael the Goat used their feet to tease Sissy Robert Bot's lips, dealing 23 lust points![/color]
[color=gray]Gael the Goat made Sissy Robert Bot cum! The winner gets $2.00 and the loser gets $1.00, thank you for participating.[/color]
[color=gray]═════════════════ ⭐ [color=purple]Sexfight ring[/color] ⭐ ═════════════════
 [color=red]░░░░░░░░░░░░░░░░░░░░[/color] ⭐ [color=purple]VS[/color] ⭐ [color=purple]▓▓▓▓▓▓▓▓▓▓▓▓▓▓▓▓░░░░[/color]
► [icon]Sissy Robert Bot[/icon]                                                                  [icon]Gael the Goat[/icon]
It's Sissy Robert Bot's turn![/color]

[color=gray]════════════════ ⭐ [color=purple]Combat ended[/color] ⭐ ════════════════[/color]
[i]Sissy Robert moans as you tease him![/i]

03-12-2017 21:17:49.5 [PRIV] Bot to Gael the Goat:

03-12-2017 21:17:49.5 [PRIV] Gael the Goat: !attack feet to lips
03-12-2017 21:19:00.1 [ROOM] Victory87: Party ?
03-12-2017 21:20:06.5 [ROOM] Ryician: Hmm?
03-12-2017 21:21:34.2 [ROOM] Victory87: Well, what happened ?
03-12-2017 21:22:24.2 [ROOM] Ryician: Ohh, tons of work all week
03-12-2017 21:23:02.2 [ROOM] Victory87: Ahnok, no party 😊 working , understand 
03-12-2017 21:23:02.2 [ROOM] Ryician: Yerp
03-12-2017 21:26:57.2 [ROOM] Victory87: Ok, well i relaxed some
03-12-2017 21:27:15.8 [ROOM] Ryician: Oh really? How do you relax?
03-12-2017 21:28:28.5 [ROOM] Victory87: Couch 😊 and a warm bath
03-12-2017 21:29:00.2 [ROOM] Ben Steele: doesn't that mess with the upholstery? 
03-12-2017 21:29:22.3 [ROOM] Victory87: Lol 
03-12-2017 21:29:28.0 [ROOM] Victory87: no 😅
03-12-2017 21:29:51.7 [ROOM] Ryician: Heheh
03-12-2017 22:00:41.1 [ROOM] Raven: Honk
03-12-2017 22:00:58.0 [ROOM] Ryician: /me hears the honk and looks for a clown
03-12-2017 22:54:07.9 [ROOM] Victory87: !sheet
03-12-2017 22:54:07.9 [PRIV] Bot to Victory87:
[color=gray]══════════════════════════════════════════════════
                                 ⭐ ⭐ [color=purple][b]General details[/b][/color] ⭐ ⭐
══════════════════════════════════════════════════
[color=pink]                     [icon]Victory87[/icon]
          [b]Name:[/b] Victory87 | [b]Money:[/b] $23.00
[/color]══════════════════════════════════════════════════
                                 ⭐ ⭐ [color=purple][b]Attack / Defense[/b][/color] ⭐ ⭐
══════════════════════════════════════════════════
[color=pink]          [b]Lips:[/b] 1 / 1
          [b]Fingers:[/b] 4
          [b]Tits:[/b] 1 / 1
          [b]Sex:[/b] 1 / 1
          [b]Ass:[/b] 1 / 1
          [b]Feet:[/b] 1[/color]
══════════════════════════════════════════════════
                                 ⭐ ⭐ [color=purple][b]Equipment[/b][/color] ⭐ ⭐
══════════════════════════════════════════════════
[color=pink]          [b]Sextoy:[/b] Dildo
                    +3 attack to fingers.
          [b]Outfit:[/b] Nude
                    Just you and your body.
          [b]Accessory:[/b] Wristbands
                    Standard uniform.
          [b]Flavor item:[/b] None
                    Nothing equiped.
[/color]══════════════════════════════════════════════════
                                 ⭐ ⭐ [color=purple][b]Inventory[/b][/color] ⭐ ⭐
══════════════════════════════════════════════════
[color=pink]          Nude. Just you and your body.
          Hand. Starter weapon.
          Wristbands. Standard uniform.
          None. Nothing equiped.
          Dildo. +3 attack to fingers.
[/color][/color]
03-12-2017 22:54:24.0 [PRIV] Victory87: !trainingdummy female
03-12-2017 22:54:24.0 [PRIV] Bot to Victory87:
[icon]Bot Announcer[/icon][color=gray] Welcome to the training ring! Today we have Victory87 vs Yuni Hermit! Let the match begin![/color]
[color=gray]═════════════════ ⭐ [color=purple]Sexfight ring[/color] ⭐ ═════════════════
 [color=purple]▓▓▓▓▓▓▓▓▓▓▓▓▓▓▓▓▓▓▓▓[/color] ⭐ [color=purple]VS[/color] ⭐ [color=purple]▓▓▓▓▓▓▓▓▓▓▓▓▓▓▓▓▓▓▓▓[/color]
► [icon]Victory87[/icon]                                                                  [icon]Yuni Hermit[/icon]
It's Victory87's turn![/color]

03-12-2017 22:56:53.2 [PRIV] Bot to Victory87:
[icon]Bot Announcer[/icon][color=gray]Victory87 passed their turn![/color]
[i]Yuni giggles to herself. 'You want more, Sugar? Okay... come here, Cutie.' She beckons with one paw, staring hungrily at your body and licking her lips.[/i]
[i]Yuni does a leg-sweep to get you on your ass, then plasters her heel on your cunt. Grinding and rubbing, she tries to grind your clitty with her soft heel, moving to roll her entire sole over your cunt back and forth... in a sawing motion culminating in pushing her big toe into your pussy for a brief moment.[/i]
[icon]Bot Announcer[/icon][color=gray]Yuni Hermit used their feet to tease Victory87's vagina, dealing 16 lust points![/color]
[color=gray]═════════════════ ⭐ [color=purple]Sexfight ring[/color] ⭐ ═════════════════
 [color=purple]░░░▓▓▓▓▓▓▓▓▓▓▓▓▓▓▓▓▓[/color] ⭐ [color=purple]VS[/color] ⭐ [color=purple]▓▓▓▓▓▓▓▓▓▓▓▓▓▓▓▓▓▓▓▓[/color]
► [icon]Victory87[/icon]                                                                  [icon]Yuni Hermit[/icon]
It's Victory87's turn![/color]

03-12-2017 22:56:53.2 [PRIV] Victory87: !pass
03-12-2017 22:57:36.3 [PRIV] Bot to Victory87:
[icon]Bot Announcer[/icon][color=gray]Victory87 passed their turn![/color]
[i]Yuni giggles to herself. 'You want more, Sugar? Okay... come here, Cutie.' She beckons with one paw, staring hungrily at your body and licking her lips.[/i]
[i]Yuni makes a derisive snort and smirks... 'Eat.' she demands, grabbing the back of your head. Shoving you between her thighs, she forces her cunt against your mouth and starts grinding on your face. Clit shoved into your mouth, she humps your mouth like she had a significantly less female piece between her legs... smearing pussyjuice everywhere.[/i]
[icon]Bot Announcer[/icon][color=gray]Yuni Hermit used their sex to tease Victory87's lips, dealing 12 lust points![/color]
[color=gray]═════════════════ ⭐ [color=purple]Sexfight ring[/color] ⭐ ═════════════════
 [color=purple]░░░░░▓▓▓▓▓▓▓▓▓▓▓▓▓▓▓[/color] ⭐ [color=purple]VS[/color] ⭐ [color=purple]▓▓▓▓▓▓▓▓▓▓▓▓▓▓▓▓▓▓▓▓[/color]
► [icon]Victory87[/icon]                                                                  [icon]Yuni Hermit[/icon]
It's Victory87's turn![/color]

03-12-2017 22:57:36.3 [PRIV] Victory87: !pass
03-12-2017 22:57:50.0 [PRIV] Bot to Victory87:
[icon]Bot Announcer[/icon][color=gray]Victory87 passed their turn![/color]
[i]Yuni giggles to herself. 'You want more, Sugar? Okay... come here, Cutie.' She beckons with one paw, staring hungrily at your body and licking her lips.[/i]
[i]Yuni fondles your mouth, pushing her digits past your lips and rolling them around... they taste like the other parts of your body she's been groping![/i]
[icon]Bot Announcer[/icon][color=gray]Yuni Hermit used their fingers to tease Victory87's lips, dealing 12 lust points![/color]
[color=gray]═════════════════ ⭐ [color=purple]Sexfight ring[/color] ⭐ ═════════════════
 [color=purple]░░░░░░░░▓▓▓▓▓▓▓▓▓▓▓▓[/color] ⭐ [color=purple]VS[/color] ⭐ [color=purple]▓▓▓▓▓▓▓▓▓▓▓▓▓▓▓▓▓▓▓▓[/color]
► [icon]Victory87[/icon]                                                                  [icon]Yuni Hermit[/icon]
It's Victory87's turn![/color]

03-12-2017 22:57:50.0 [PRIV] Victory87: !pass
03-12-2017 22:58:05.5 [PRIV] Bot to Victory87:
[icon]Bot Announcer[/icon][color=gray]Victory87 passed their turn![/color]
[i]Yuni giggles to herself. 'You want more, Sugar? Okay... come here, Cutie.' She beckons with one paw, staring hungrily at your body and licking her lips.[/i]
[i]Yuni looks at your rear for a moment... then drags a double-ended dildo out of her cleavage somehow, shoving one end up her booty... She hops forwards, bouncing her breasts off of your face to knock you to the mat, then grabs your legs as handles. Pointing your legs skywards, she faces away from you and sits down... letting the other end of that toy slip into YOUR ass. A bounce-fest begins, the harlot using her own ass to fuck yours with the toy... as she gets plenty of stuffing along the way. 'More!'[/i]
[icon]Bot Announcer[/icon][color=gray]Yuni Hermit used their ass to tease Victory87's ass, dealing 12 lust points![/color]
[color=gray]═════════════════ ⭐ [color=purple]Sexfight ring[/color] ⭐ ═════════════════
 [color=red]░░░░░░░░░░▓▓▓▓▓▓▓▓▓▓[/color] ⭐ [color=purple]VS[/color] ⭐ [color=purple]▓▓▓▓▓▓▓▓▓▓▓▓▓▓▓▓▓▓▓▓[/color]
► [icon]Victory87[/icon]                                                                  [icon]Yuni Hermit[/icon]
It's Victory87's turn![/color]

03-12-2017 22:58:05.5 [PRIV] Victory87: !pass
03-12-2017 22:58:18.8 [PRIV] Bot to Victory87:
[icon]Bot Announcer[/icon][color=gray]Victory87 passed their turn![/color]
[i]Yuni giggles to herself. 'You want more, Sugar? Okay... come here, Cutie.' She beckons with one paw, staring hungrily at your body and licking her lips.[/i]
[i]Yuni wraps her arms around you and squashes her chest against you from the front. Her breasts pillow and goosh out against your own. '... Mine are bigger, Slut.' she taunts, before hopping back.[/i]
[icon]Bot Announcer[/icon][color=gray]Yuni Hermit used their tits to tease Victory87's tits, dealing 9 lust points![/color]
[color=gray]═════════════════ ⭐ [color=purple]Sexfight ring[/color] ⭐ ═════════════════
 [color=red]░░░░░░░░░░░░▓▓▓▓▓▓▓▓[/color] ⭐ [color=purple]VS[/color] ⭐ [color=purple]▓▓▓▓▓▓▓▓▓▓▓▓▓▓▓▓▓▓▓▓[/color]
► [icon]Victory87[/icon]                                                                  [icon]Yuni Hermit[/icon]
It's Victory87's turn![/color]

03-12-2017 22:58:18.8 [PRIV] Victory87: !pass
03-12-2017 22:58:27.5 [PRIV] Bot to Victory87:
[icon]Bot Announcer[/icon][color=gray]Victory87 passed their turn![/color]
[i]Yuni giggles to herself. 'You want more, Sugar? Okay... come here, Cutie.' She beckons with one paw, staring hungrily at your body and licking her lips.[/i]
[i]Yuni teases you. 'Did you bring scissors? Hopefully not the safety kind.' Without any more of an explanation, she drops you to the mat with a leg sweep, grabbing both your ankles and pointing your crotch skywards. She sits on your upturned crotch like a throne, smushing her pussy against yours... and rocking her hips like a saw. Rolling her cunt against yours, fluids are swapped, lips and clits catch against each other, and your crotch is soaked in her juices before she lets you up~[/i]
[icon]Bot Announcer[/icon][color=gray]Yuni Hermit used their sex to tease Victory87's vagina, dealing 11 lust points![/color]
[color=gray]═════════════════ ⭐ [color=purple]Sexfight ring[/color] ⭐ ═════════════════
 [color=red]░░░░░░░░░░░░░░▓▓▓▓▓▓[/color] ⭐ [color=purple]VS[/color] ⭐ [color=purple]▓▓▓▓▓▓▓▓▓▓▓▓▓▓▓▓▓▓▓▓[/color]
► [icon]Victory87[/icon]                                                                  [icon]Yuni Hermit[/icon]
It's Victory87's turn![/color]

03-12-2017 22:58:27.6 [PRIV] Victory87: !pass
03-12-2017 22:59:33.1 [PRIV] Bot to Victory87:
[icon]Bot Announcer[/icon][color=gray]Victory87 passed their turn![/color]
[i]Yuni giggles to herself. 'You want more, Sugar? Okay... come here, Cutie.' She beckons with one paw, staring hungrily at your body and licking her lips.[/i]
[i]Yuni fondles your mouth, pushing her digits past your lips and rolling them around... they taste like the other parts of your body she's been groping![/i]
[icon]Bot Announcer[/icon][color=gray]Yuni Hermit used their fingers to tease Victory87's lips, dealing 15 lust points![/color]
[color=gray]═════════════════ ⭐ [color=purple]Sexfight ring[/color] ⭐ ═════════════════
 [color=red]░░░░░░░░░░░░░░░░░▓▓▓[/color] ⭐ [color=purple]VS[/color] ⭐ [color=purple]▓▓▓▓▓▓▓▓▓▓▓▓▓▓▓▓▓▓▓▓[/color]
► [icon]Victory87[/icon]                                                                  [icon]Yuni Hermit[/icon]
It's Victory87's turn![/color]

03-12-2017 22:59:33.1 [PRIV] Victory87: !pass
03-12-2017 22:59:43.2 [PRIV] Bot to Victory87:
[icon]Bot Announcer[/icon][color=gray]Victory87 passed their turn![/color]
[i]Yuni giggles to herself. 'You want more, Sugar? Okay... come here, Cutie.' She beckons with one paw, staring hungrily at your body and licking her lips.[/i]
[i]Yuni looks at her crotch, then your rear, then yanks a double-ended dildo out of her cleavage. With a chest-bump to the face to knock you over, she sticks one end of the toy in her cunt, and the other end in your tush... rocking and rolling to fuck both orifices with those strong hips of hers~[/i]
[icon]Bot Announcer[/icon][color=gray]Yuni Hermit used their sex to tease Victory87's ass, dealing 11 lust points![/color]
[color=gray]═════════════════ ⭐ [color=purple]Sexfight ring[/color] ⭐ ═════════════════
 [color=red]░░░░░░░░░░░░░░░░░░░▓[/color] ⭐ [color=purple]VS[/color] ⭐ [color=purple]▓▓▓▓▓▓▓▓▓▓▓▓▓▓▓▓▓▓▓▓[/color]
► [icon]Victory87[/icon]                                                                  [icon]Yuni Hermit[/icon]
It's Victory87's turn![/color]

03-12-2017 22:59:43.3 [PRIV] Victory87: !pass
03-12-2017 22:59:53.0 [PRIV] Bot to Victory87:
[icon]Bot Announcer[/icon][color=gray]Victory87 passed their turn![/color]
[i]Yuni giggles to herself. 'You want more, Sugar? Okay... come here, Cutie.' She beckons with one paw, staring hungrily at your body and licking her lips.[/i]
[i]Yuni quirks an eyebrow, then looks at your cunt... then at her crotch. She whips a purple double-ended dildo out of her cleavage, shoving one end up her ass. With a leg-sweep, she gets you on your own tush, and sits on your crotch... shoving the other end of that toy into your cunt. A bouncy-ride later, she uses that dildo like a pogo stick in your snatch, until the whole thing is nice and wet. 'Whee!' she teases, hopping back into a fighting pose.[/i]
[icon]Bot Announcer[/icon][color=gray]Yuni Hermit used their ass to tease Victory87's vagina, dealing 8 lust points![/color]
[color=gray]Yuni Hermit made Victory87 cum! The winner gets $2.00 and the loser gets $1.00, thank you for participating.[/color]
[color=gray]═════════════════ ⭐ [color=purple]Sexfight ring[/color] ⭐ ═════════════════
 [color=red]░░░░░░░░░░░░░░░░░░░░[/color] ⭐ [color=purple]VS[/color] ⭐ [color=purple]▓▓▓▓▓▓▓▓▓▓▓▓▓▓▓▓▓▓▓▓[/color]
► [icon]Victory87[/icon]                                                                  [icon]Yuni Hermit[/icon]
It's Victory87's turn![/color]

[color=gray]════════════════ ⭐ [color=purple]Combat ended[/color] ⭐ ════════════════[/color]

03-12-2017 22:59:53.0 [PRIV] Victory87: !pass
