20-12-2017 00:06:23.2 [ROOM] Palalski Darkpaw: /me meows
20-12-2017 08:15:04.8 [PRIV] Bot to Agent Juniper:You need to specify your gender. Options: male, female, shemale and herm.
20-12-2017 08:15:05.1 [PRIV] Agent Juniper: !succuboss
20-12-2017 08:15:14.2 [PRIV] Agent Juniper: !succuboss female
20-12-2017 08:15:14.5 [PRIV] Bot to Agent Juniper:
[icon]Bot Announcer[/icon][color=gray] Welcome to the boss fight! Today we have Agent Juniper vs Milly The Succubot! Let the match begin![/color]
[color=gray]═════════════════ ⭐ [color=purple]Sexfight ring[/color] ⭐ ═════════════════
 [color=purple]▓▓▓▓▓▓▓▓▓▓▓▓▓▓▓▓▓▓▓▓[/color] ⭐ [color=purple]VS[/color] ⭐ [color=purple]▓▓▓▓▓▓▓▓▓▓▓▓▓▓▓▓▓▓▓▓[/color]
► [icon]Agent Juniper[/icon]                                                                  [icon]Milly The Succubot[/icon]
It's Agent Juniper's turn![/color]
The purple succubus appears in the ring with a cloud of violet mist. She stares across the ring to look at you. She’s wearing naught but a pair of lace purple panties, and purple and black stockings that reaches up to her thighs. She smiles slyly, and runs her tongue along her lips. “Oooh.. I get a girl this time. Heee… We’re gonna have a lot of fun together. I may be small, but I’ll make you feel sooo good, that you’ll forget about the money.” She said. She runs her hands over her body seductively, then motions you on with a curl of her fingers. “Come get me, cutie!”
20-12-2017 08:15:23.8 [PRIV] Bot to Agent Juniper:
[icon]Bot Announcer[/icon][color=gray]Agent Juniper used their fingers to tease Milly The Succubot's sex, dealing 3 lust points![/color]
[color=gray]═════════════════ ⭐ [color=purple]Sexfight ring[/color] ⭐ ═════════════════
 [color=purple]▓▓▓▓▓▓▓▓▓▓▓▓▓▓▓▓▓▓▓▓[/color] ⭐ [color=purple]VS[/color] ⭐ [color=purple]▓▓▓▓▓▓▓▓▓▓▓▓▓▓▓▓▓▓▓▓[/color]
► [icon]Milly The Succubot[/icon]                                                                  [icon]Agent Juniper[/icon]
It's Milly The Succubot's turn![/color]
[i]Milly takes a step back when you approach her. “Hey.. um..  maybe I could get another turn?” She requested sheepishly. The look in your eyes made her just a little nervous. Suddenly you move in, and cup her between the legs! “Haaaaah~!” She moans out. Her eyes shut as you lift her up to her tiptoes by your hand cupping her crotch. You grind the heel of your palm against her panties, unable to help but smile as she writhes sensually against your hand. “Uhhh.. mnn.. Y-your hand.. Feels good…” She moans. You felt like that was enough, pulling your hand away. Milly drops back to her feet, her legs feeling a bit wobbly. “H-hey… if you wanted to that again.. I wouldn’t mind.” Milly offers. [/i]

20-12-2017 08:15:23.8 [PRIV] Bot to Agent Juniper:

[i]Milly sways slowly as she looks at you. Folding one hand behind her back, she raises her other hand, and slides two fingers into her mouth. She approaches you, swirling her fingers around in her mouth. She pops her fingers out of her mouth as she draws close. “Say aah~” She instructs. Regardless if you do, she’ll push her slender, saliva covered fingers into your mouth, and swirls her two fingers around. After a couple of seconds, she’ll pop her fingers back out, and beams at you. “It’s almost like we kissed.” She winks at you. “Are you gonna spit me out, or swallow my love?” She smiles knowingly at you before she takes her fingers back in her mouth, and swallows her mouthful. “Mmm~!”[/i]
[icon]Bot Announcer[/icon][color=gray]Milly The Succubot used their fingers to tease Agent Juniper's lips, dealing 19 lust points![/color]
[color=gray]═════════════════ ⭐ [color=purple]Sexfight ring[/color] ⭐ ═════════════════
 [color=purple]░░░▓▓▓▓▓▓▓▓▓▓▓▓▓▓▓▓▓[/color] ⭐ [color=purple]VS[/color] ⭐ [color=purple]▓▓▓▓▓▓▓▓▓▓▓▓▓▓▓▓▓▓▓▓[/color]
► [icon]Agent Juniper[/icon]                                                                  [icon]Milly The Succubot[/icon]
It's Agent Juniper's turn![/color]

20-12-2017 08:15:23.8 [PRIV] Agent Juniper: !attack fingers to sex
20-12-2017 08:15:42.2 [PRIV] Bot to Agent Juniper:Invalid body parts. Example of valid ones: lips, fingers, tits, sex, ass, feet. Also remember to use 'to', example: !attack tits to lips. To see the full list, check the bot profile.
20-12-2017 08:15:42.2 [PRIV] Agent Juniper: !attack lips to fingers
20-12-2017 08:15:56.9 [PRIV] Bot to Agent Juniper:
[icon]Bot Announcer[/icon][color=gray]Agent Juniper used their lips to tease Milly The Succubot's ass, dealing 8 lust points![/color]
[color=gray]═════════════════ ⭐ [color=purple]Sexfight ring[/color] ⭐ ═════════════════
 [color=purple]░░▓▓▓▓▓▓▓▓▓▓▓▓▓▓▓▓▓▓[/color] ⭐ [color=purple]VS[/color] ⭐ [color=purple]▓▓▓▓▓▓▓▓▓▓▓▓▓▓▓▓▓░░░[/color]
► [icon]Milly The Succubot[/icon]                                                                  [icon]Agent Juniper[/icon]
It's Milly The Succubot's turn![/color]
[i]“You want to what? Ehehe.. Okaaay~!” She says. She turns around, and points her butt towards you. “Come here and kiss it~!” She encourages, motioning you towards her with a curl of her fingers, bent over and waiting for you. You smirk as she answers your request, and move towards you. You drop to your knees, and start to kiss both her cheeks. “Oooh~! Ehee.. you’re really into it.. Mnn.. your lips feel good..” She moans as you drag your tongue along her cheeks. Her hips tremble a little as you continue to service her petite peach. You decide to just get a little rough, and bite her left cheek gently. “Hya~!” She yips, and hops forward, before turning around. She glares at you, but is also smiling as she rubs her butt. “Oooh.. that was naughty! I’ll get you back for that!” She declared with a playful tone.[/i]

20-12-2017 08:15:56.9 [PRIV] Bot to Agent Juniper:

[i]Milly sways slowly as she looks at you. Folding one hand behind her back, she raises her other hand, and slides two fingers into her mouth. She approaches you, swirling her fingers around in her mouth. She pops her fingers out of her mouth as she draws close. “Say aah~” She instructs. Regardless if you do, she’ll push her slender, saliva covered fingers into your mouth, and swirls her two fingers around. After a couple of seconds, she’ll pop her fingers back out, and beams at you. “It’s almost like we kissed.” She winks at you. “Are you gonna spit me out, or swallow my love?” She smiles knowingly at you before she takes her fingers back in her mouth, and swallows her mouthful. “Mmm~!”[/i]
[icon]Bot Announcer[/icon][color=gray]Milly The Succubot used their fingers to tease Agent Juniper's lips, dealing 20 lust points![/color]
[color=gray]═════════════════ ⭐ [color=purple]Sexfight ring[/color] ⭐ ═════════════════
 [color=purple]░░░░░░░▓▓▓▓▓▓▓▓▓▓▓▓▓[/color] ⭐ [color=purple]VS[/color] ⭐ [color=purple]▓▓▓▓▓▓▓▓▓▓▓▓▓▓▓▓▓▓░░[/color]
► [icon]Agent Juniper[/icon]                                                                  [icon]Milly The Succubot[/icon]
It's Agent Juniper's turn![/color]

20-12-2017 08:15:56.9 [PRIV] Agent Juniper: !attack lips to ass
20-12-2017 08:16:08.9 [PRIV] Bot to Agent Juniper:
[icon]Bot Announcer[/icon][color=gray]Agent Juniper used their ass to tease Milly The Succubot's ass, dealing 13 lust points![/color]
[color=gray]═════════════════ ⭐ [color=purple]Sexfight ring[/color] ⭐ ═════════════════
 [color=purple]░░░░▓▓▓▓▓▓▓▓▓▓▓▓▓▓▓▓[/color] ⭐ [color=purple]VS[/color] ⭐ [color=purple]▓▓▓▓▓▓▓▓▓▓▓▓▓░░░░░░░[/color]
► [icon]Milly The Succubot[/icon]                                                                  [icon]Agent Juniper[/icon]
It's Milly The Succubot's turn![/color]
[i]Oof!!” She grunts, stumbling forward as you bump butts with her. She looks back at you and grins. “Ooh! Butt battle! You’re on!” She said, and tries to throw herself backwards against you to slam her butt back into yours.Her weight barely causes you to stumble forward, and you bump back against her again! “Ahhh!!” She yelps, losing her balance from the second bump and falls to her belly. You rub in your little win by perching your butt down on top of hers and take a casual seat. “Nnnh!!! I didn’t lose! You just cheated! Nnnggh! Gitcher butt off me or I’m gonna kick it so hard!” She protests in a strained voice.[/i]

20-12-2017 08:16:08.9 [PRIV] Bot to Agent Juniper:

[i] “Tsk, really?? I have to do THIS now?” She shouts to seemingly no one. You’re a bit caught off guard by her outburst. “Stupid.. Random… Hold still!” She grumbles under breath before shouting at you. She runs towards you, and bounces off the ropes to slam into you from behind! The attack causes you to fall to all fours. Milly’s expression was extremely contemptuous, though her ire did not seem directed at you. She pushes her small breasts together, and starts to bump and slam them against your butt! She only does it for as long as she feels she needs to before hops away and lets you up. You aren’t quite sure what just happened as you stand up and look at her. Milly scowls at you. “Look, your health bar went down, so clearly you like it! I’m not the weirdo here, you are!!” She snaps and crosses her arms, looking away with you with a cute harrumph.[/i]
[icon]Bot Announcer[/icon][color=gray]Milly The Succubot used their tits to tease Agent Juniper's ass, dealing 15 lust points![/color]
[color=gray]═════════════════ ⭐ [color=purple]Sexfight ring[/color] ⭐ ═════════════════
 [color=red]░░░░░░░░░░▓▓▓▓▓▓▓▓▓▓[/color] ⭐ [color=purple]VS[/color] ⭐ [color=purple]▓▓▓▓▓▓▓▓▓▓▓▓▓▓▓▓░░░░[/color]
► [icon]Agent Juniper[/icon]                                                                  [icon]Milly The Succubot[/icon]
It's Agent Juniper's turn![/color]

20-12-2017 08:16:08.9 [PRIV] Agent Juniper: !attack ass to ass
20-12-2017 08:16:18.7 [PRIV] Bot to Agent Juniper:
[icon]Bot Announcer[/icon][color=gray]Agent Juniper used their ass to tease Milly The Succubot's ass, dealing 10 lust points![/color]
[color=gray]═════════════════ ⭐ [color=purple]Sexfight ring[/color] ⭐ ═════════════════
 [color=purple]░░░░░░▓▓▓▓▓▓▓▓▓▓▓▓▓▓[/color] ⭐ [color=purple]VS[/color] ⭐ [color=red]▓▓▓▓▓▓▓▓▓▓░░░░░░░░░░[/color]
► [icon]Milly The Succubot[/icon]                                                                  [icon]Agent Juniper[/icon]
It's Milly The Succubot's turn![/color]
[i]Oof!!” She grunts, stumbling forward as you bump butts with her. She looks back at you and grins. “Ooh! Butt battle! You’re on!” She said, and tries to throw herself backwards against you to slam her butt back into yours.Her weight barely causes you to stumble forward, and you bump back against her again! “Ahhh!!” She yelps, losing her balance from the second bump and falls to her belly. You rub in your little win by perching your butt down on top of hers and take a casual seat. “Nnnh!!! I didn’t lose! You just cheated! Nnnggh! Gitcher butt off me or I’m gonna kick it so hard!” She protests in a strained voice.[/i]

20-12-2017 08:16:18.8 [PRIV] Bot to Agent Juniper:

[i]Oooh! I get to do this now! Ehee… one of my favvies!” She giggles. As you wonder what she could be talking about, she rushes towards the ropes to get some extra speed. As she rushes towards you, she leaps up high, spreading her legs out. You’re surprised as her violet-covered hips fly for your face! She leapt onto your shoulders, and threw her momentum forward. She may be small, but when someone had your head, you went with wherever they were taking you, and in this case that direction was down. Your back slams against the canvas, and you look up at the hungry succubus as she straddles your throat. Her hues glow vibrantly as she stares down at you. “Lick me..” She demands, sitting up, mouth agape in a wide smile. She was eager to feel this, one hand on her right breast in anticipation. With an expression like that, it was hard to say no. You raise your head, and drag your along the lace texture of her panties. “Ahmm~!” She moans with delight, and starts to rock her petite hips against your head. You’re pinned down by her, and your head bounces lightly against the canvas again and again. The scent of her arousal is strong, and it’s causing your head to swim in a pink haze of lust. Your hands start to reach up to hold her by the hips, drunk with lust. She feels your hands on her hips, and giggles a little. “Mmm.. that’s it cutie… worship me.. Forget about the fight. Your place is here, beneath me.” She purrs seductively. Her words are sobering, cutting through the thick pink fog Milly swarmed you with. You start to struggle, and bowl her over to the side! “Hey! S-stop struggling! Aah!!~” She squeals, and falls off you. “Aww.. I was having so much fun too..” She whines, and starts to pick herself back up the same time you start to stand up. “Still wanna fight? Okay. Whaddya got for me?” She asks, licking her pointer finger as she waits for you.[/i]
[icon]Bot Announcer[/icon][color=gray]Milly The Succubot used their sex to tease Agent Juniper's lips, dealing 19 lust points![/color]
[color=gray]═════════════════ ⭐ [color=purple]Sexfight ring[/color] ⭐ ═════════════════
 [color=red]░░░░░░░░░░░░░░▓▓▓▓▓▓[/color] ⭐ [color=purple]VS[/color] ⭐ [color=purple]▓▓▓▓▓▓▓▓▓▓▓▓▓▓░░░░░░[/color]
► [icon]Agent Juniper[/icon]                                                                  [icon]Milly The Succubot[/icon]
It's Agent Juniper's turn![/color]

20-12-2017 08:16:18.8 [PRIV] Agent Juniper: !attack ass to ass
20-12-2017 08:16:28.0 [PRIV] Bot to Agent Juniper:
[icon]Bot Announcer[/icon][color=gray]Agent Juniper used their ass to tease Milly The Succubot's ass, dealing 16 lust points![/color]
[color=gray]═════════════════ ⭐ [color=purple]Sexfight ring[/color] ⭐ ═════════════════
 [color=purple]░░░░░░░░░░▓▓▓▓▓▓▓▓▓▓[/color] ⭐ [color=purple]VS[/color] ⭐ [color=red]▓▓▓▓▓▓░░░░░░░░░░░░░░[/color]
► [icon]Milly The Succubot[/icon]                                                                  [icon]Agent Juniper[/icon]
It's Milly The Succubot's turn![/color]
[i]Oof!!” She grunts, stumbling forward as you bump butts with her. She looks back at you and grins. “Ooh! Butt battle! You’re on!” She said, and tries to throw herself backwards against you to slam her butt back into yours.Her weight barely causes you to stumble forward, and you bump back against her again! “Ahhh!!” She yelps, losing her balance from the second bump and falls to her belly. You rub in your little win by perching your butt down on top of hers and take a casual seat. “Nnnh!!! I didn’t lose! You just cheated! Nnnggh! Gitcher butt off me or I’m gonna kick it so hard!” She protests in a strained voice.[/i]

20-12-2017 08:16:28.0 [PRIV] Bot to Agent Juniper:

[i]Milly coos, stepping close to you. “Mnn… you’ve been so sweet. I’m gonna treat you good..” She says. She steps close to you, to the point that her breasts almost touch yours. She steps in, hugging one arm around you, while her other hand moves below your hips. She presses the heel of her palm against your cunny, and starts to rub you slowly. The succubus turns her head, and gently kisses your neck as she rubs you. “Ooooh… you’re wet for me. Ehehe… you’re pretty hot too..” She croons, giving you another soft kiss on your neck. Your hips can’t help but roll with her soft rubbing, shuddering as the small succubus plays with your body. When Milly feels you swinging your hips in coordination with her hand, she changes it up, and gently slides two fingers into your cunny. “Better not cum..” She whispers sensually in your ear. “Just try to remember… you want that nice bikini… or that mistress suit… ehee… or maybe you just want something from pinkie’s shop.” She teases you. She pumps her fingers into you over and over, until she starts to come to a stop. She finishes her attack with a lick on your ear, and steps away from you, bouncing in place as she eagerly awaits your next attack.[/i]
[icon]Bot Announcer[/icon][color=gray]Milly The Succubot used their fingers to tease Agent Juniper's vagina, dealing 14 lust points![/color]
[color=gray]═════════════════ ⭐ [color=purple]Sexfight ring[/color] ⭐ ═════════════════
 [color=red]░░░░░░░░░░░░░░░░░▓▓▓[/color] ⭐ [color=purple]VS[/color] ⭐ [color=purple]▓▓▓▓▓▓▓▓▓▓░░░░░░░░░░[/color]
► [icon]Agent Juniper[/icon]                                                                  [icon]Milly The Succubot[/icon]
It's Agent Juniper's turn![/color]

20-12-2017 08:16:28.0 [PRIV] Agent Juniper: !attack ass to ass
20-12-2017 08:16:37.4 [PRIV] Bot to Agent Juniper:
[icon]Bot Announcer[/icon][color=gray]Agent Juniper used their ass to tease Milly The Succubot's ass, dealing 15 lust points![/color]
[color=gray]═════════════════ ⭐ [color=purple]Sexfight ring[/color] ⭐ ═════════════════
 [color=red]░░░░░░░░░░░░░▓▓▓▓▓▓▓[/color] ⭐ [color=purple]VS[/color] ⭐ [color=red]▓▓▓░░░░░░░░░░░░░░░░░[/color]
► [icon]Milly The Succubot[/icon]                                                                  [icon]Agent Juniper[/icon]
It's Milly The Succubot's turn![/color]
[i]Oof!!” She grunts, stumbling forward as you bump butts with her. She looks back at you and grins. “Ooh! Butt battle! You’re on!” She said, and tries to throw herself backwards against you to slam her butt back into yours.Her weight barely causes you to stumble forward, and you bump back against her again! “Ahhh!!” She yelps, losing her balance from the second bump and falls to her belly. You rub in your little win by perching your butt down on top of hers and take a casual seat. “Nnnh!!! I didn’t lose! You just cheated! Nnnggh! Gitcher butt off me or I’m gonna kick it so hard!” She protests in a strained voice.[/i]

20-12-2017 08:16:37.4 [PRIV] Bot to Agent Juniper:

[i]“Heee… I’m not much of a believer in toys, but in your case...” She snaps her fingers, and a purple strap on materializes over her hips. She rests her hands on her hips, looking at you with a predatory look. You take a couple steps back, not sure you want to know what she’s about to do with that thing. The succubus suddenly zips behind you and pushes you! You fall to the ground in surprise, and you fall to all fours! “Have THIS!” She said, and pounces on top of you. Her hands clap onto your hips, and without reserve, she rams her plastic toy into your pucker. Your eyes lit up as you feel it invade your exit. Your hands clench at the canvas, and your bury your red face against the mat as slams hips with you again and again. “Ehehe… it must be pretty humiliating, getting taken like this by someone like me.Or maybe you liiike it~!” She taunts you, giving you a couple more rams before she lets go of your hips, and steps back. The toy disappears from her hips once she finishes her attack, and you start to pick yourself up, glaring at her. You couldn’t let her get away with that![/i]
[icon]Bot Announcer[/icon][color=gray]Milly The Succubot used their sex to tease Agent Juniper's ass, dealing 20 lust points![/color]
[color=gray]Milly The Succubot made Agent Juniper cum! The winner gets $2.00 and the loser gets $1.00, thank you for participating.[/color]
[color=gray]═════════════════ ⭐ [color=purple]Sexfight ring[/color] ⭐ ═════════════════
 [color=red]░░░░░░░░░░░░░░░░░░░░[/color] ⭐ [color=purple]VS[/color] ⭐ [color=red]▓▓▓▓▓▓▓░░░░░░░░░░░░░[/color]
► [icon]Agent Juniper[/icon]                                                                  [icon]Milly The Succubot[/icon]
It's Agent Juniper's turn![/color]

[color=gray]════════════════ ⭐ [color=purple]Combat ended[/color] ⭐ ════════════════[/color]
“Hehehe… you looost~!” She taunts you. “It’s okay though. I’ve just got a lot of skill. I bet you had fun though! If you ever want another playdate, I’d love to play with your hungry little cunny again. I’ll make it sing even better than I did before!” She winks at you before her body disappears, leaving you with your own defeat.
20-12-2017 08:16:37.4 [PRIV] Agent Juniper: !attack ass to ass
20-12-2017 08:17:02.2 [PRIV] Bot to Agent Juniper:You need to specify your gender. Options: male, female, shemale and herm.
20-12-2017 08:17:02.2 [PRIV] Agent Juniper: !trainingdummy2
20-12-2017 08:17:11.1 [PRIV] Agent Juniper: !trainingdummy2 female
20-12-2017 08:17:11.4 [PRIV] Bot to Agent Juniper:
[icon]Bot Announcer[/icon][color=gray] Welcome to the training ring! Today we have Agent Juniper vs Sissy Robert Bot! Let the match begin![/color]
[color=gray]═════════════════ ⭐ [color=purple]Sexfight ring[/color] ⭐ ═════════════════
 [color=purple]▓▓▓▓▓▓▓▓▓▓▓▓▓▓▓▓▓▓▓▓[/color] ⭐ [color=purple]VS[/color] ⭐ [color=purple]▓▓▓▓▓▓▓▓▓▓▓▓▓▓▓▓▓▓▓▓[/color]
► [icon]Agent Juniper[/icon]                                                                  [icon]Sissy Robert Bot[/icon]
It's Agent Juniper's turn![/color]

20-12-2017 08:17:22.0 [PRIV] Bot to Agent Juniper:
[icon]Bot Announcer[/icon][color=gray]Agent Juniper used their ass to tease Sissy Robert Bot's ass, dealing 18 lust points![/color]
[color=gray]═════════════════ ⭐ [color=purple]Sexfight ring[/color] ⭐ ═════════════════
 [color=purple]░░░▓▓▓▓▓▓▓▓▓▓▓▓▓▓▓▓▓[/color] ⭐ [color=purple]VS[/color] ⭐ [color=purple]▓▓▓▓▓▓▓▓▓▓▓▓▓▓▓▓▓▓▓▓[/color]
► [icon]Sissy Robert Bot[/icon]                                                                  [icon]Agent Juniper[/icon]
It's Sissy Robert Bot's turn![/color]
[i]Sissy Robert moans as you tease him![/i]

20-12-2017 08:17:22.0 [PRIV] Bot to Agent Juniper:
[i]But then, Sissy Robert sends a sex attack at you![/i]
[icon]Bot Announcer[/icon][color=gray]Sissy Robert Bot used their tits to tease Agent Juniper's sex, dealing 2 lust points![/color]
[color=gray]═════════════════ ⭐ [color=purple]Sexfight ring[/color] ⭐ ═════════════════
 [color=purple]▓▓▓▓▓▓▓▓▓▓▓▓▓▓▓▓▓▓▓▓[/color] ⭐ [color=purple]VS[/color] ⭐ [color=purple]▓▓▓▓▓▓▓▓▓▓▓▓▓▓▓▓▓░░░[/color]
► [icon]Agent Juniper[/icon]                                                                  [icon]Sissy Robert Bot[/icon]
It's Agent Juniper's turn![/color]

20-12-2017 08:17:22.1 [PRIV] Agent Juniper: !attack ass to ass
20-12-2017 08:17:31.3 [PRIV] Bot to Agent Juniper:
[icon]Bot Announcer[/icon][color=gray]Agent Juniper used their ass to tease Sissy Robert Bot's ass, dealing 16 lust points![/color]
[color=gray]═════════════════ ⭐ [color=purple]Sexfight ring[/color] ⭐ ═════════════════
 [color=purple]░░░░░░▓▓▓▓▓▓▓▓▓▓▓▓▓▓[/color] ⭐ [color=purple]VS[/color] ⭐ [color=purple]▓▓▓▓▓▓▓▓▓▓▓▓▓▓▓▓▓▓▓▓[/color]
► [icon]Sissy Robert Bot[/icon]                                                                  [icon]Agent Juniper[/icon]
It's Sissy Robert Bot's turn![/color]
[i]Sissy Robert moans as you tease him![/i]

20-12-2017 08:17:31.3 [PRIV] Bot to Agent Juniper:
[i]But then, Sissy Robert sends a sex attack at you![/i]
[icon]Bot Announcer[/icon][color=gray]Sissy Robert Bot used their sex to tease Agent Juniper's lips, dealing 1 lust points![/color]
[color=gray]═════════════════ ⭐ [color=purple]Sexfight ring[/color] ⭐ ═════════════════
 [color=purple]▓▓▓▓▓▓▓▓▓▓▓▓▓▓▓▓▓▓▓▓[/color] ⭐ [color=purple]VS[/color] ⭐ [color=purple]▓▓▓▓▓▓▓▓▓▓▓▓▓▓░░░░░░[/color]
► [icon]Agent Juniper[/icon]                                                                  [icon]Sissy Robert Bot[/icon]
It's Agent Juniper's turn![/color]

20-12-2017 08:17:31.3 [PRIV] Agent Juniper: !attack ass to ass
20-12-2017 08:17:42.4 [PRIV] Bot to Agent Juniper:
[icon]Bot Announcer[/icon][color=gray]Agent Juniper used their ass to tease Sissy Robert Bot's ass, dealing 17 lust points![/color]
[color=gray]═════════════════ ⭐ [color=purple]Sexfight ring[/color] ⭐ ═════════════════
 [color=red]░░░░░░░░░░▓▓▓▓▓▓▓▓▓▓[/color] ⭐ [color=purple]VS[/color] ⭐ [color=purple]▓▓▓▓▓▓▓▓▓▓▓▓▓▓▓▓▓▓▓▓[/color]
► [icon]Sissy Robert Bot[/icon]                                                                  [icon]Agent Juniper[/icon]
It's Sissy Robert Bot's turn![/color]
[i]Sissy Robert moans as you tease him![/i]

20-12-2017 08:17:42.4 [PRIV] Bot to Agent Juniper:
[i]But then, Sissy Robert sends a sex attack at you![/i]
[icon]Bot Announcer[/icon][color=gray]Sissy Robert Bot used their lips to tease Agent Juniper's sex, dealing 10 lust points![/color]
[color=gray]═════════════════ ⭐ [color=purple]Sexfight ring[/color] ⭐ ═════════════════
 [color=purple]░░▓▓▓▓▓▓▓▓▓▓▓▓▓▓▓▓▓▓[/color] ⭐ [color=purple]VS[/color] ⭐ [color=red]▓▓▓▓▓▓▓▓▓▓░░░░░░░░░░[/color]
► [icon]Agent Juniper[/icon]                                                                  [icon]Sissy Robert Bot[/icon]
It's Agent Juniper's turn![/color]

20-12-2017 08:17:42.4 [PRIV] Agent Juniper: !attack ass to ass
20-12-2017 08:17:52.9 [PRIV] Bot to Agent Juniper:
[icon]Bot Announcer[/icon][color=gray]Agent Juniper used their ass to tease Sissy Robert Bot's ass, dealing 13 lust points![/color]
[color=gray]═════════════════ ⭐ [color=purple]Sexfight ring[/color] ⭐ ═════════════════
 [color=red]░░░░░░░░░░░░▓▓▓▓▓▓▓▓[/color] ⭐ [color=purple]VS[/color] ⭐ [color=purple]▓▓▓▓▓▓▓▓▓▓▓▓▓▓▓▓▓▓░░[/color]
► [icon]Sissy Robert Bot[/icon]                                                                  [icon]Agent Juniper[/icon]
It's Sissy Robert Bot's turn![/color]
[i]Sissy Robert moans as you tease him![/i]

20-12-2017 08:17:52.9 [PRIV] Bot to Agent Juniper:
[i]But then, Sissy Robert sends a sex attack at you![/i]
[icon]Bot Announcer[/icon][color=gray]Sissy Robert Bot used their ass to tease Agent Juniper's ass, dealing 9 lust points![/color]
[color=gray]═════════════════ ⭐ [color=purple]Sexfight ring[/color] ⭐ ═════════════════
 [color=purple]░░░░▓▓▓▓▓▓▓▓▓▓▓▓▓▓▓▓[/color] ⭐ [color=purple]VS[/color] ⭐ [color=red]▓▓▓▓▓▓▓▓░░░░░░░░░░░░[/color]
► [icon]Agent Juniper[/icon]                                                                  [icon]Sissy Robert Bot[/icon]
It's Agent Juniper's turn![/color]

20-12-2017 08:17:52.9 [PRIV] Agent Juniper: !attack ass to ass
20-12-2017 08:18:01.7 [PRIV] Bot to Agent Juniper:
[icon]Bot Announcer[/icon][color=gray]Agent Juniper used their ass to tease Sissy Robert Bot's ass, dealing 19 lust points![/color]
[color=gray]═════════════════ ⭐ [color=purple]Sexfight ring[/color] ⭐ ═════════════════
 [color=red]░░░░░░░░░░░░░░░░▓▓▓▓[/color] ⭐ [color=purple]VS[/color] ⭐ [color=purple]▓▓▓▓▓▓▓▓▓▓▓▓▓▓▓▓░░░░[/color]
► [icon]Sissy Robert Bot[/icon]                                                                  [icon]Agent Juniper[/icon]
It's Sissy Robert Bot's turn![/color]
[i]Sissy Robert moans as you tease him![/i]

20-12-2017 08:18:01.7 [PRIV] Bot to Agent Juniper:
[i]But then, Sissy Robert sends a sex attack at you![/i]
[icon]Bot Announcer[/icon][color=gray]Sissy Robert Bot used their sex to tease Agent Juniper's sex, dealing 4 lust points![/color]
[color=gray]═════════════════ ⭐ [color=purple]Sexfight ring[/color] ⭐ ═════════════════
 [color=purple]░░░░░▓▓▓▓▓▓▓▓▓▓▓▓▓▓▓[/color] ⭐ [color=purple]VS[/color] ⭐ [color=red]▓▓▓▓░░░░░░░░░░░░░░░░[/color]
► [icon]Agent Juniper[/icon]                                                                  [icon]Sissy Robert Bot[/icon]
It's Agent Juniper's turn![/color]

20-12-2017 08:18:01.7 [PRIV] Agent Juniper: !attack ass to ass
20-12-2017 08:18:09.8 [PRIV] Bot to Agent Juniper:
[icon]Bot Announcer[/icon][color=gray]Agent Juniper used their ass to tease Sissy Robert Bot's ass, dealing 14 lust points![/color]
[color=gray]═════════════════ ⭐ [color=purple]Sexfight ring[/color] ⭐ ═════════════════
 [color=red]░░░░░░░░░░░░░░░░░░░▓[/color] ⭐ [color=purple]VS[/color] ⭐ [color=purple]▓▓▓▓▓▓▓▓▓▓▓▓▓▓▓░░░░░[/color]
► [icon]Sissy Robert Bot[/icon]                                                                  [icon]Agent Juniper[/icon]
It's Sissy Robert Bot's turn![/color]
[i]Sissy Robert moans as you tease him![/i]

20-12-2017 08:18:09.8 [PRIV] Bot to Agent Juniper:
[i]But then, Sissy Robert sends a sex attack at you![/i]
[icon]Bot Announcer[/icon][color=gray]Sissy Robert Bot used their fingers to tease Agent Juniper's tits, dealing 6 lust points![/color]
[color=gray]═════════════════ ⭐ [color=purple]Sexfight ring[/color] ⭐ ═════════════════
 [color=purple]░░░░░░▓▓▓▓▓▓▓▓▓▓▓▓▓▓[/color] ⭐ [color=purple]VS[/color] ⭐ [color=red]▓░░░░░░░░░░░░░░░░░░░[/color]
► [icon]Agent Juniper[/icon]                                                                  [icon]Sissy Robert Bot[/icon]
It's Agent Juniper's turn![/color]

20-12-2017 08:18:09.8 [PRIV] Agent Juniper: !attack ass to ass
20-12-2017 08:18:19.1 [PRIV] Bot to Agent Juniper:
[icon]Bot Announcer[/icon][color=gray]Agent Juniper used their ass to tease Sissy Robert Bot's ass, dealing 17 lust points![/color]
[color=gray]Agent Juniper made Sissy Robert Bot cum! The winner gets $2.00 and the loser gets $1.00, thank you for participating.[/color]
[color=gray]═════════════════ ⭐ [color=purple]Sexfight ring[/color] ⭐ ═════════════════
 [color=red]░░░░░░░░░░░░░░░░░░░░[/color] ⭐ [color=purple]VS[/color] ⭐ [color=purple]▓▓▓▓▓▓▓▓▓▓▓▓▓▓░░░░░░[/color]
► [icon]Sissy Robert Bot[/icon]                                                                  [icon]Agent Juniper[/icon]
It's Sissy Robert Bot's turn![/color]

[color=gray]════════════════ ⭐ [color=purple]Combat ended[/color] ⭐ ════════════════[/color]
[i]Sissy Robert moans as you tease him![/i]

20-12-2017 08:18:19.1 [PRIV] Bot to Agent Juniper:

20-12-2017 08:18:19.1 [PRIV] Agent Juniper: !attack ass to ass
20-12-2017 08:18:38.9 [PRIV] Agent Juniper: !trainingdummy2 female
20-12-2017 08:18:38.9 [PRIV] Bot to Agent Juniper:
[icon]Bot Announcer[/icon][color=gray] Welcome to the training ring! Today we have Agent Juniper vs Sissy Robert Bot! Let the match begin![/color]
[color=gray]═════════════════ ⭐ [color=purple]Sexfight ring[/color] ⭐ ═════════════════
 [color=purple]▓▓▓▓▓▓▓▓▓▓▓▓▓▓▓▓▓▓▓▓[/color] ⭐ [color=purple]VS[/color] ⭐ [color=purple]▓▓▓▓▓▓▓▓▓▓▓▓▓▓▓▓▓▓▓▓[/color]
► [icon]Agent Juniper[/icon]                                                                  [icon]Sissy Robert Bot[/icon]
It's Agent Juniper's turn![/color]

20-12-2017 08:18:46.8 [PRIV] Bot to Agent Juniper:
[icon]Bot Announcer[/icon][color=gray]Agent Juniper used their ass to tease Sissy Robert Bot's ass, dealing 10 lust points![/color]
[color=gray]═════════════════ ⭐ [color=purple]Sexfight ring[/color] ⭐ ═════════════════
 [color=purple]░░▓▓▓▓▓▓▓▓▓▓▓▓▓▓▓▓▓▓[/color] ⭐ [color=purple]VS[/color] ⭐ [color=purple]▓▓▓▓▓▓▓▓▓▓▓▓▓▓▓▓▓▓▓▓[/color]
► [icon]Sissy Robert Bot[/icon]                                                                  [icon]Agent Juniper[/icon]
It's Sissy Robert Bot's turn![/color]
[i]Sissy Robert moans as you tease him![/i]

20-12-2017 08:18:46.8 [PRIV] Bot to Agent Juniper:
[i]But then, Sissy Robert sends a sex attack at you![/i]
[icon]Bot Announcer[/icon][color=gray]Sissy Robert Bot used their tits to tease Agent Juniper's sex, dealing 3 lust points![/color]
[color=gray]═════════════════ ⭐ [color=purple]Sexfight ring[/color] ⭐ ═════════════════
 [color=purple]▓▓▓▓▓▓▓▓▓▓▓▓▓▓▓▓▓▓▓▓[/color] ⭐ [color=purple]VS[/color] ⭐ [color=purple]▓▓▓▓▓▓▓▓▓▓▓▓▓▓▓▓▓▓░░[/color]
► [icon]Agent Juniper[/icon]                                                                  [icon]Sissy Robert Bot[/icon]
It's Agent Juniper's turn![/color]

20-12-2017 08:18:46.8 [PRIV] Agent Juniper: !attack ass to ass
20-12-2017 08:18:53.7 [PRIV] Bot to Agent Juniper:
[icon]Bot Announcer[/icon][color=gray]Agent Juniper used their ass to tease Sissy Robert Bot's ass, dealing 11 lust points![/color]
[color=gray]═════════════════ ⭐ [color=purple]Sexfight ring[/color] ⭐ ═════════════════
 [color=purple]░░░░▓▓▓▓▓▓▓▓▓▓▓▓▓▓▓▓[/color] ⭐ [color=purple]VS[/color] ⭐ [color=purple]▓▓▓▓▓▓▓▓▓▓▓▓▓▓▓▓▓▓▓▓[/color]
► [icon]Sissy Robert Bot[/icon]                                                                  [icon]Agent Juniper[/icon]
It's Sissy Robert Bot's turn![/color]
[i]Sissy Robert moans as you tease him![/i]

20-12-2017 08:18:53.7 [PRIV] Bot to Agent Juniper:
[i]But then, Sissy Robert sends a sex attack at you![/i]
[icon]Bot Announcer[/icon][color=gray]Sissy Robert Bot used their ass to tease Agent Juniper's sex, dealing 10 lust points![/color]
[color=gray]═════════════════ ⭐ [color=purple]Sexfight ring[/color] ⭐ ═════════════════
 [color=purple]░░▓▓▓▓▓▓▓▓▓▓▓▓▓▓▓▓▓▓[/color] ⭐ [color=purple]VS[/color] ⭐ [color=purple]▓▓▓▓▓▓▓▓▓▓▓▓▓▓▓▓░░░░[/color]
► [icon]Agent Juniper[/icon]                                                                  [icon]Sissy Robert Bot[/icon]
It's Agent Juniper's turn![/color]

20-12-2017 08:18:53.7 [PRIV] Agent Juniper: !attack ass to ass
20-12-2017 08:19:03.9 [PRIV] Bot to Agent Juniper:
[icon]Bot Announcer[/icon][color=gray]Agent Juniper used their lips to tease Sissy Robert Bot's sex, dealing 22 lust points![/color]
[color=gray]═════════════════ ⭐ [color=purple]Sexfight ring[/color] ⭐ ═════════════════
 [color=purple]░░░░░░░░▓▓▓▓▓▓▓▓▓▓▓▓[/color] ⭐ [color=purple]VS[/color] ⭐ [color=purple]▓▓▓▓▓▓▓▓▓▓▓▓▓▓▓▓▓▓░░[/color]
► [icon]Sissy Robert Bot[/icon]                                                                  [icon]Agent Juniper[/icon]
It's Sissy Robert Bot's turn![/color]
[i]Sissy Robert moans as you tease him![/i]

20-12-2017 08:19:03.9 [PRIV] Bot to Agent Juniper:
[i]But then, Sissy Robert sends a sex attack at you![/i]
[icon]Bot Announcer[/icon][color=gray]Sissy Robert Bot used their ass to tease Agent Juniper's ass, dealing 6 lust points![/color]
[color=gray]═════════════════ ⭐ [color=purple]Sexfight ring[/color] ⭐ ═════════════════
 [color=purple]░░░▓▓▓▓▓▓▓▓▓▓▓▓▓▓▓▓▓[/color] ⭐ [color=purple]VS[/color] ⭐ [color=purple]▓▓▓▓▓▓▓▓▓▓▓▓░░░░░░░░[/color]
► [icon]Agent Juniper[/icon]                                                                  [icon]Sissy Robert Bot[/icon]
It's Agent Juniper's turn![/color]

20-12-2017 08:19:03.9 [PRIV] Agent Juniper: !attack lips to sex
20-12-2017 08:19:13.4 [PRIV] Bot to Agent Juniper:
[icon]Bot Announcer[/icon][color=gray]Agent Juniper used their lips to tease Sissy Robert Bot's sex, dealing 19 lust points![/color]
[color=gray]═════════════════ ⭐ [color=purple]Sexfight ring[/color] ⭐ ═════════════════
 [color=red]░░░░░░░░░░░░▓▓▓▓▓▓▓▓[/color] ⭐ [color=purple]VS[/color] ⭐ [color=purple]▓▓▓▓▓▓▓▓▓▓▓▓▓▓▓▓▓░░░[/color]
► [icon]Sissy Robert Bot[/icon]                                                                  [icon]Agent Juniper[/icon]
It's Sissy Robert Bot's turn![/color]
[i]Sissy Robert moans as you tease him![/i]

20-12-2017 08:19:13.4 [PRIV] Bot to Agent Juniper:
[i]But then, Sissy Robert sends a sex attack at you![/i]
[icon]Bot Announcer[/icon][color=gray]Sissy Robert Bot used their tits to tease Agent Juniper's sex, dealing 8 lust points![/color]
[color=gray]═════════════════ ⭐ [color=purple]Sexfight ring[/color] ⭐ ═════════════════
 [color=purple]░░░░░▓▓▓▓▓▓▓▓▓▓▓▓▓▓▓[/color] ⭐ [color=purple]VS[/color] ⭐ [color=red]▓▓▓▓▓▓▓▓░░░░░░░░░░░░[/color]
► [icon]Agent Juniper[/icon]                                                                  [icon]Sissy Robert Bot[/icon]
It's Agent Juniper's turn![/color]

20-12-2017 08:19:13.4 [PRIV] Agent Juniper: !attack lips to sex
20-12-2017 08:19:21.5 [PRIV] Bot to Agent Juniper:
[icon]Bot Announcer[/icon][color=gray]Agent Juniper used their lips to tease Sissy Robert Bot's sex, dealing 14 lust points![/color]
[color=gray]═════════════════ ⭐ [color=purple]Sexfight ring[/color] ⭐ ═════════════════
 [color=red]░░░░░░░░░░░░░░░▓▓▓▓▓[/color] ⭐ [color=purple]VS[/color] ⭐ [color=purple]▓▓▓▓▓▓▓▓▓▓▓▓▓▓▓░░░░░[/color]
► [icon]Sissy Robert Bot[/icon]                                                                  [icon]Agent Juniper[/icon]
It's Sissy Robert Bot's turn![/color]
[i]Sissy Robert moans as you tease him![/i]

20-12-2017 08:19:21.6 [PRIV] Bot to Agent Juniper:
[i]But then, Sissy Robert sends a sex attack at you![/i]
[icon]Bot Announcer[/icon][color=gray]Sissy Robert Bot used their ass to tease Agent Juniper's ass, dealing 2 lust points![/color]
[color=gray]═════════════════ ⭐ [color=purple]Sexfight ring[/color] ⭐ ═════════════════
 [color=purple]░░░░░▓▓▓▓▓▓▓▓▓▓▓▓▓▓▓[/color] ⭐ [color=purple]VS[/color] ⭐ [color=red]▓▓▓▓▓░░░░░░░░░░░░░░░[/color]
► [icon]Agent Juniper[/icon]                                                                  [icon]Sissy Robert Bot[/icon]
It's Agent Juniper's turn![/color]

20-12-2017 08:19:21.6 [PRIV] Agent Juniper: !attack lips to sex
20-12-2017 08:19:29.9 [PRIV] Bot to Agent Juniper:
[icon]Bot Announcer[/icon][color=gray]Agent Juniper used their lips to tease Sissy Robert Bot's sex, dealing 14 lust points![/color]
[color=gray]═════════════════ ⭐ [color=purple]Sexfight ring[/color] ⭐ ═════════════════
 [color=red]░░░░░░░░░░░░░░░░░░▓▓[/color] ⭐ [color=purple]VS[/color] ⭐ [color=purple]▓▓▓▓▓▓▓▓▓▓▓▓▓▓▓░░░░░[/color]
► [icon]Sissy Robert Bot[/icon]                                                                  [icon]Agent Juniper[/icon]
It's Sissy Robert Bot's turn![/color]
[i]Sissy Robert moans as you tease him![/i]

20-12-2017 08:19:29.9 [PRIV] Bot to Agent Juniper:
[i]But then, Sissy Robert sends a sex attack at you![/i]
[icon]Bot Announcer[/icon][color=gray]Sissy Robert Bot used their tits to tease Agent Juniper's ass, dealing 7 lust points![/color]
[color=gray]═════════════════ ⭐ [color=purple]Sexfight ring[/color] ⭐ ═════════════════
 [color=purple]░░░░░░░▓▓▓▓▓▓▓▓▓▓▓▓▓[/color] ⭐ [color=purple]VS[/color] ⭐ [color=red]▓▓░░░░░░░░░░░░░░░░░░[/color]
► [icon]Agent Juniper[/icon]                                                                  [icon]Sissy Robert Bot[/icon]
It's Agent Juniper's turn![/color]

20-12-2017 08:19:29.9 [PRIV] Agent Juniper: !attack lips to sex
20-12-2017 08:19:37.4 [PRIV] Bot to Agent Juniper:
[icon]Bot Announcer[/icon][color=gray]Agent Juniper used their lips to tease Sissy Robert Bot's sex, dealing 17 lust points![/color]
[color=gray]Agent Juniper made Sissy Robert Bot cum! The winner gets $2.00 and the loser gets $1.00, thank you for participating.[/color]
[color=gray]═════════════════ ⭐ [color=purple]Sexfight ring[/color] ⭐ ═════════════════
 [color=red]░░░░░░░░░░░░░░░░░░░░[/color] ⭐ [color=purple]VS[/color] ⭐ [color=purple]▓▓▓▓▓▓▓▓▓▓▓▓▓░░░░░░░[/color]
► [icon]Sissy Robert Bot[/icon]                                                                  [icon]Agent Juniper[/icon]
It's Sissy Robert Bot's turn![/color]

[color=gray]════════════════ ⭐ [color=purple]Combat ended[/color] ⭐ ════════════════[/color]
[i]Sissy Robert moans as you tease him![/i]

20-12-2017 08:19:37.4 [PRIV] Bot to Agent Juniper:

20-12-2017 08:19:37.4 [PRIV] Agent Juniper: !attack lips to sex
20-12-2017 08:19:47.1 [PRIV] Agent Juniper: !trainingdummy2 female
20-12-2017 08:19:47.1 [PRIV] Bot to Agent Juniper:You reached the maximum ammount of times you can fight the bot per day, come back tomorrow~
20-12-2017 08:19:55.6 [PRIV] Agent Juniper: !sheet
20-12-2017 08:19:55.6 [PRIV] Bot to Agent Juniper:
[color=gray]══════════════════════════════════════════════════
                                 ⭐ ⭐ [color=purple][b]General details[/b][/color] ⭐ ⭐
══════════════════════════════════════════════════
[color=pink]                     [icon]Agent Juniper[/icon]
          [b]Name:[/b] Agent Juniper | [b]Money:[/b] $6.00
[/color]══════════════════════════════════════════════════
                                 ⭐ ⭐ [color=purple][b]Attack / Defense[/b][/color] ⭐ ⭐
══════════════════════════════════════════════════
[color=pink]          [b]Lips:[/b] 2 / 1
          [b]Fingers:[/b] 3
          [b]Tits:[/b] 1 / 2
          [b]Sex:[/b] 2 / 2
          [b]Ass:[/b] 1 / 2
          [b]Feet:[/b] 1[/color]
══════════════════════════════════════════════════
                                 ⭐ ⭐ [color=purple][b]Equipment[/b][/color] ⭐ ⭐
══════════════════════════════════════════════════
[color=pink]          [b]Sextoy:[/b] Hand
                    Starter weapon.
          [b]Outfit:[/b] Nude
                    Just you and your body.
          [b]Accessory:[/b] Wristbands
                    Standard uniform.
          [b]Flavor item:[/b] None
                    Nothing equiped.
[/color]══════════════════════════════════════════════════
                                 ⭐ ⭐ [color=purple][b]Inventory[/b][/color] ⭐ ⭐
══════════════════════════════════════════════════
[color=pink]          Nude. Just you and your body.
          Hand. Starter weapon.
          Wristbands. Standard uniform.
          None. Nothing equiped.
[/color][/color]
20-12-2017 09:50:14.8 [ROOM] Palalski Darkpaw: morning, chat
20-12-2017 09:53:01.0 [ROOM] Kenia Nya: good morning, meow meow
20-12-2017 09:53:03.2 [ROOM] Kenia Nya: how are you?
20-12-2017 09:53:21.1 [ROOM] Palalski Darkpaw: i'm doing pretty swell, and you?
20-12-2017 09:53:32.6 [ROOM] Kenia Nya: catastic~
20-12-2017 09:53:42.5 [ROOM] Palalski Darkpaw: /me meows
20-12-2017 09:56:00.0 [ROOM] Kenia Nya: /me Meows harder~
20-12-2017 09:56:27.8 [ROOM] Palalski Darkpaw: /me MEEOWROOWROWWR
20-12-2017 09:57:03.7 [ROOM] Fyrah the Amazon: Mornin' you two
20-12-2017 09:57:10.2 [ROOM] Palalski Darkpaw: lol
20-12-2017 09:57:17.7 [ROOM] Kenia Nya: MEOW MEOW MEOW MEOW MEOW MEOW MEOW MEOW MEOW~!
20-12-2017 09:57:24.5 [ROOM] Fyrah the Amazon: /me slowly covers ears
20-12-2017 09:57:27.4 [ROOM] Palalski Darkpaw: 'mornin Fryah
20-12-2017 09:58:09.4 [ROOM] Palalski Darkpaw: /me purrs
20-12-2017 10:01:52.3 [ROOM] Palalski Darkpaw: a bit off topic but I love it when my guinea pigs purr. lol
20-12-2017 10:02:51.1 [ROOM] Palalski Darkpaw: it can be the most adorable thing ever
20-12-2017 13:14:23.1 [ROOM] Palalski Darkpaw: stretches and relaxes on a soft cushy mat as he casually looks at all the girls in the room
20-12-2017 13:39:17.9 [PRIV] Evan Clark: !trainingdummy2 male
20-12-2017 13:39:17.9 [PRIV] Bot to Evan Clark:
[icon]Bot Announcer[/icon][color=gray] Welcome to the training ring! Today we have Evan Clark vs Sissy Robert Bot! Let the match begin![/color]
[color=gray]═════════════════ ⭐ [color=purple]Sexfight ring[/color] ⭐ ═════════════════
 [color=purple]▓▓▓▓▓▓▓▓▓▓▓▓▓▓▓▓▓▓▓▓[/color] ⭐ [color=purple]VS[/color] ⭐ [color=purple]▓▓▓▓▓▓▓▓▓▓▓▓▓▓▓▓▓▓▓▓[/color]
► [icon]Evan Clark[/icon]                                                                  [icon]Sissy Robert Bot[/icon]
It's Evan Clark's turn![/color]

20-12-2017 13:39:25.0 [PRIV] Bot to Evan Clark:
[icon]Bot Announcer[/icon][color=gray]Evan Clark used their lips to tease Sissy Robert Bot's lips, dealing 14 lust points![/color]
[color=gray]═════════════════ ⭐ [color=purple]Sexfight ring[/color] ⭐ ═════════════════
 [color=purple]░░▓▓▓▓▓▓▓▓▓▓▓▓▓▓▓▓▓▓[/color] ⭐ [color=purple]VS[/color] ⭐ [color=purple]▓▓▓▓▓▓▓▓▓▓▓▓▓▓▓▓▓▓▓▓[/color]
► [icon]Sissy Robert Bot[/icon]                                                                  [icon]Evan Clark[/icon]
It's Sissy Robert Bot's turn![/color]
[i]Sissy Robert moans as you tease him![/i]

20-12-2017 13:39:25.0 [PRIV] Bot to Evan Clark:
[i]But then, Sissy Robert sends a sex attack at you![/i]
[icon]Bot Announcer[/icon][color=gray]Sissy Robert Bot used their sex to tease Evan Clark's sex, dealing 7 lust points![/color]
[color=gray]═════════════════ ⭐ [color=purple]Sexfight ring[/color] ⭐ ═════════════════
 [color=purple]░▓▓▓▓▓▓▓▓▓▓▓▓▓▓▓▓▓▓▓[/color] ⭐ [color=purple]VS[/color] ⭐ [color=purple]▓▓▓▓▓▓▓▓▓▓▓▓▓▓▓▓▓▓░░[/color]
► [icon]Evan Clark[/icon]                                                                  [icon]Sissy Robert Bot[/icon]
It's Evan Clark's turn![/color]

20-12-2017 13:39:25.0 [PRIV] Evan Clark: !attack lips to lips
20-12-2017 13:39:31.4 [PRIV] Bot to Evan Clark:
[icon]Bot Announcer[/icon][color=gray]Evan Clark used their fingers to tease Sissy Robert Bot's lips, dealing 15 lust points![/color]
[color=gray]═════════════════ ⭐ [color=purple]Sexfight ring[/color] ⭐ ═════════════════
 [color=purple]░░░░░▓▓▓▓▓▓▓▓▓▓▓▓▓▓▓[/color] ⭐ [color=purple]VS[/color] ⭐ [color=purple]▓▓▓▓▓▓▓▓▓▓▓▓▓▓▓▓▓▓▓░[/color]
► [icon]Sissy Robert Bot[/icon]                                                                  [icon]Evan Clark[/icon]
It's Sissy Robert Bot's turn![/color]
[i]Sissy Robert moans as you tease him![/i]

20-12-2017 13:39:31.4 [PRIV] Bot to Evan Clark:
[i]But then, Sissy Robert sends a sex attack at you![/i]
[icon]Bot Announcer[/icon][color=gray]Sissy Robert Bot used their fingers to tease Evan Clark's sex, dealing 6 lust points![/color]
[color=gray]═════════════════ ⭐ [color=purple]Sexfight ring[/color] ⭐ ═════════════════
 [color=purple]░░▓▓▓▓▓▓▓▓▓▓▓▓▓▓▓▓▓▓[/color] ⭐ [color=purple]VS[/color] ⭐ [color=purple]▓▓▓▓▓▓▓▓▓▓▓▓▓▓▓░░░░░[/color]
► [icon]Evan Clark[/icon]                                                                  [icon]Sissy Robert Bot[/icon]
It's Evan Clark's turn![/color]

20-12-2017 13:39:31.4 [PRIV] Evan Clark: !attack fingers to lips
20-12-2017 13:39:38.1 [PRIV] Bot to Evan Clark:
[icon]Bot Announcer[/icon][color=gray]Evan Clark used their fingers to tease Sissy Robert Bot's tits, dealing 22 lust points![/color]
[color=gray]═════════════════ ⭐ [color=purple]Sexfight ring[/color] ⭐ ═════════════════
 [color=red]░░░░░░░░░░▓▓▓▓▓▓▓▓▓▓[/color] ⭐ [color=purple]VS[/color] ⭐ [color=purple]▓▓▓▓▓▓▓▓▓▓▓▓▓▓▓▓▓▓░░[/color]
► [icon]Sissy Robert Bot[/icon]                                                                  [icon]Evan Clark[/icon]
It's Sissy Robert Bot's turn![/color]
[i]Sissy Robert moans as you tease him![/i]

20-12-2017 13:39:38.1 [PRIV] Bot to Evan Clark:
[i]But then, Sissy Robert sends a sex attack at you![/i]
[icon]Bot Announcer[/icon][color=gray]Sissy Robert Bot used their sex to tease Evan Clark's lips, dealing 7 lust points![/color]
[color=gray]═════════════════ ⭐ [color=purple]Sexfight ring[/color] ⭐ ═════════════════
 [color=purple]░░░░▓▓▓▓▓▓▓▓▓▓▓▓▓▓▓▓[/color] ⭐ [color=purple]VS[/color] ⭐ [color=red]▓▓▓▓▓▓▓▓▓▓░░░░░░░░░░[/color]
► [icon]Evan Clark[/icon]                                                                  [icon]Sissy Robert Bot[/icon]
It's Evan Clark's turn![/color]

20-12-2017 13:39:38.1 [PRIV] Evan Clark: !attack fingers to tits
20-12-2017 13:39:44.3 [PRIV] Bot to Evan Clark:
[icon]Bot Announcer[/icon][color=gray]Evan Clark used their sex to tease Sissy Robert Bot's sex, dealing 22 lust points![/color]
[color=gray]═════════════════ ⭐ [color=purple]Sexfight ring[/color] ⭐ ═════════════════
 [color=red]░░░░░░░░░░░░░░▓▓▓▓▓▓[/color] ⭐ [color=purple]VS[/color] ⭐ [color=purple]▓▓▓▓▓▓▓▓▓▓▓▓▓▓▓▓░░░░[/color]
► [icon]Sissy Robert Bot[/icon]                                                                  [icon]Evan Clark[/icon]
It's Sissy Robert Bot's turn![/color]
[i]Sissy Robert moans as you tease him![/i]

20-12-2017 13:39:44.3 [PRIV] Bot to Evan Clark:
[i]But then, Sissy Robert sends a sex attack at you![/i]
[icon]Bot Announcer[/icon][color=gray]Sissy Robert Bot used their sex to tease Evan Clark's lips, dealing 10 lust points![/color]
[color=gray]═════════════════ ⭐ [color=purple]Sexfight ring[/color] ⭐ ═════════════════
 [color=purple]░░░░░░▓▓▓▓▓▓▓▓▓▓▓▓▓▓[/color] ⭐ [color=purple]VS[/color] ⭐ [color=red]▓▓▓▓▓▓░░░░░░░░░░░░░░[/color]
► [icon]Evan Clark[/icon]                                                                  [icon]Sissy Robert Bot[/icon]
It's Evan Clark's turn![/color]

20-12-2017 13:39:44.3 [PRIV] Evan Clark: !attack sex to sex
20-12-2017 13:39:55.2 [PRIV] Bot to Evan Clark:
[icon]Bot Announcer[/icon][color=gray]Evan Clark used their ass to tease Sissy Robert Bot's tits, dealing 16 lust points![/color]
[color=gray]═════════════════ ⭐ [color=purple]Sexfight ring[/color] ⭐ ═════════════════
 [color=red]░░░░░░░░░░░░░░░░░▓▓▓[/color] ⭐ [color=purple]VS[/color] ⭐ [color=purple]▓▓▓▓▓▓▓▓▓▓▓▓▓▓░░░░░░[/color]
► [icon]Sissy Robert Bot[/icon]                                                                  [icon]Evan Clark[/icon]
It's Sissy Robert Bot's turn![/color]
[i]Sissy Robert moans as you tease him![/i]

20-12-2017 13:39:55.2 [PRIV] Bot to Evan Clark:
[i]But then, Sissy Robert sends a sex attack at you![/i]
[icon]Bot Announcer[/icon][color=gray]Sissy Robert Bot used their tits to tease Evan Clark's lips, dealing 11 lust points![/color]
[color=gray]═════════════════ ⭐ [color=purple]Sexfight ring[/color] ⭐ ═════════════════
 [color=purple]░░░░░░░░▓▓▓▓▓▓▓▓▓▓▓▓[/color] ⭐ [color=purple]VS[/color] ⭐ [color=red]▓▓▓░░░░░░░░░░░░░░░░░[/color]
► [icon]Evan Clark[/icon]                                                                  [icon]Sissy Robert Bot[/icon]
It's Evan Clark's turn![/color]

20-12-2017 13:39:55.2 [PRIV] Evan Clark: !attack ass to tits
20-12-2017 13:40:03.5 [PRIV] Bot to Evan Clark:
[icon]Bot Announcer[/icon][color=gray]Evan Clark used their feet to tease Sissy Robert Bot's sex, dealing 22 lust points![/color]
[color=gray]Evan Clark made Sissy Robert Bot cum! The winner gets $2.00 and the loser gets $1.00, thank you for participating.[/color]
[color=gray]═════════════════ ⭐ [color=purple]Sexfight ring[/color] ⭐ ═════════════════
 [color=red]░░░░░░░░░░░░░░░░░░░░[/color] ⭐ [color=purple]VS[/color] ⭐ [color=purple]▓▓▓▓▓▓▓▓▓▓▓▓░░░░░░░░[/color]
► [icon]Sissy Robert Bot[/icon]                                                                  [icon]Evan Clark[/icon]
It's Sissy Robert Bot's turn![/color]

[color=gray]════════════════ ⭐ [color=purple]Combat ended[/color] ⭐ ════════════════[/color]
[i]Sissy Robert moans as you tease him![/i]

20-12-2017 13:40:03.5 [PRIV] Bot to Evan Clark:

20-12-2017 13:40:03.5 [PRIV] Evan Clark: !attack feet to sex
20-12-2017 13:53:59.1 [ROOM] Bot: 
[color=gray]The ring is empty![/color]
20-12-2017 13:53:59.1 [ROOM] Ryician: !status
20-12-2017 13:54:31.1 [ROOM] Evan Clark: Business as usual~
20-12-2017 13:54:59.3 [ROOM] Ryician: Yerp
20-12-2017 13:55:22.8 [ROOM] Palalski Darkpaw: indeed
20-12-2017 14:27:01.4 [ROOM] Ryician: /me puts out the sign next to his couch that said, "I made Kenia cum....who is next?"
20-12-2017 14:30:34.5 [ROOM] Evan Clark: You know, that sign can be misconstrued...
20-12-2017 14:33:13.5 [ROOM] Ryician: Probably
20-12-2017 14:33:21.8 [ROOM] Ryician: Yeah...
20-12-2017 14:33:37.0 [ROOM] Ryician: /me grumbles, looking at the sign, pulling out his sharpie
20-12-2017 14:33:56.3 [ROOM] Palalski Darkpaw: i'm new here myself but it always seems that most the girls are on here just for the other girls xD
20-12-2017 14:34:15.7 [ROOM] Palalski Darkpaw: not that theres anything wrong with that, i just feel kinda left out lol
20-12-2017 14:34:25.5 [ROOM] Evan Clark: I'm not saying it makes you sound like a gigolo but I'm definitely thinking it
20-12-2017 14:36:58.0 [ROOM] Evan Clark: You think that's rough Palalski, try playing for my team XD
20-12-2017 14:37:15.2 [ROOM] Palalski Darkpaw: yeah?
20-12-2017 14:38:22.2 [ROOM] Evan Clark: Team gay, that is.
20-12-2017 14:38:46.4 [ROOM] Palalski Darkpaw: ah, i figured you guys had it easier actually
20-12-2017 14:39:49.5 [ROOM] Evan Clark: You'd be surprised haha. Doesn't help that what seems like 2/3rds of the wrestling kinksters that are gay round here are shota/underage/femboys. *grumbles*
20-12-2017 14:40:23.6 [ROOM] Palalski Darkpaw: lol i have noticed that
20-12-2017 14:41:07.1 [ROOM] Palalski Darkpaw: lotta blue to purple labels with girly names
20-12-2017 14:42:03.7 [ROOM] Evan Clark: There are like, 2 guys here that I've wrestled? One being Darent and the other Sissy Robert. 
20-12-2017 14:42:07.0 [ROOM] Evan Clark: *shurg*
20-12-2017 14:42:43.5 [ROOM] Palalski Darkpaw: nods
20-12-2017 14:43:17.0 [ROOM] Palalski Darkpaw: well, I guess I aughta be glad that its not just us straght guys who have it rough on here. lol
20-12-2017 14:45:16.2 [ROOM] Evan Clark: Though honestly, the ladies probably feel the same way. Everyone is probably just too scared to make the first move...
20-12-2017 14:45:34.7 [ROOM] Palalski Darkpaw: perhaps
20-12-2017 14:45:50.5 [ROOM] Palalski Darkpaw: though I have made the first move plenty of times but never got an answer
20-12-2017 14:46:47.1 [ROOM] Palalski Darkpaw: sometimes I do get an answer and its this rude "Your not my type" or "your profile is lacking, you're a shit stain"
20-12-2017 14:47:00.9 [ROOM] Palalski Darkpaw: and I'm like gee
20-12-2017 14:47:07.6 [ROOM] Palalski Darkpaw: I was being friendly
20-12-2017 14:47:49.7 [ROOM] Palalski Darkpaw: and sometimes I get a friendly thank you and a few other words before they just go silent
20-12-2017 14:48:37.1 [ROOM] Evan Clark: It happens. People like to have visuals to work with. I used to have a pretty sparse profile and didn't get much in the way of action, but photos really help with that
20-12-2017 14:49:10.2 [ROOM] Palalski Darkpaw: I've come to learn that. heh. I've just been a bit lazy with my art lately
20-12-2017 14:49:34.9 [ROOM] Palalski Darkpaw: my current icon is admitedly a bit cringey... he looks like golumn went furry imo. lol
20-12-2017 14:49:45.2 [ROOM] Palalski Darkpaw: gollum
20-12-2017 14:50:14.5 [ROOM] Evan Clark: lmao
20-12-2017 14:50:49.3 [ROOM] Evan Clark: Don't sweat it, I'm not an artist myself. I've tried it but uh.. I end up with things like my fur character... *cringe*
20-12-2017 14:51:21.1 [ROOM] Palalski Darkpaw: lol
20-12-2017 14:51:58.1 [ROOM] Palalski Darkpaw: I'm a pretty good artist. I just happened to be in a hurry that day and rushed it because I got tired of being told off by girls because my profile was lacking
20-12-2017 14:52:09.1 [ROOM] Evan Clark: Doesn't help that I'm doing it all on a second hand wacom tablet
20-12-2017 14:52:46.6 [ROOM] Palalski Darkpaw: I have a cinteq touchscreen tablet and a standard intuus
20-12-2017 14:52:57.3 [ROOM] Palalski Darkpaw: I totally spelled those wrong lol
20-12-2017 14:53:35.5 [ROOM] Evan Clark: lol
20-12-2017 14:54:01.9 [ROOM] Palalski Darkpaw: that cinteq drained my entire budget for a good whole year
20-12-2017 14:54:13.1 [ROOM] Palalski Darkpaw: but I felt I needed it
20-12-2017 14:56:40.2 [ROOM] Palalski Darkpaw: anyway, I literally have no excuse not to at least produce one image a day for my profile
20-12-2017 14:56:45.3 [ROOM] Palalski Darkpaw: I have plenty of time
20-12-2017 14:57:11.6 [ROOM] Palalski Darkpaw: I just havent had the motivation for it'
20-12-2017 14:58:03.7 [ROOM] Evan Clark: Well, might get you more matches
20-12-2017 14:58:29.7 [ROOM] Palalski Darkpaw: perhaps it may
20-12-2017 14:59:39.6 [ROOM] Palalski Darkpaw: and heck, I probably could even have a small business on here producing profile art for others
20-12-2017 15:00:09.5 [ROOM] Palalski Darkpaw: I'm not sure what f-list's rules are about that
20-12-2017 15:00:21.1 [ROOM] Evan Clark: I mean, people commission folk all the time
20-12-2017 15:00:46.9 [ROOM] Evan Clark: I've actually done a few writing commissions myself
20-12-2017 15:00:53.7 [ROOM] Palalski Darkpaw: yeah?
20-12-2017 20:52:30.6 [ROOM] Bot: 
[color=gray]The ring is empty![/color]
20-12-2017 20:52:31.1 [ROOM] Ryician: !status
20-12-2017 20:53:00.7 [ROOM] Ryician: /me walks in, amazed at the audience of lingering people tonight...not sure if he could fight in front of such a crowd.
20-12-2017 21:33:07.0 [ROOM] Ryician: /me goes and finds the pinball table to start wasting money
20-12-2017 21:46:24.4 [ROOM] Bot: 
[color=gray]The ring is empty![/color]
20-12-2017 21:46:24.4 [ROOM] Lyanna Pelon: !status
20-12-2017 21:46:31.3 [ROOM] Lyanna Pelon: now thats a shame
20-12-2017 21:47:11.0 [ROOM] Ryician: /me nods at Lyanna from his pinball game, giving her a wave in between balls.  "Especially with this big a crowd."
20-12-2017 21:47:40.6 [ROOM] Lyanna Pelon: you aren't kidding
20-12-2017 21:48:47.5 [ROOM] Ryician: /me smirked as he ran points up on the machine, wanting the new high score.  "I beat Kenia a couple days ago, but no one saw.  Want another match to show-off but too slow tonight."
20-12-2017 21:49:52.8 [ROOM] Palalski Darkpaw: indeed
20-12-2017 21:50:28.6 [ROOM] Lyanna Pelon: i see such great talent out there too, queens, lichs, and more
20-12-2017 21:51:21.3 [ROOM] Darent: indeed
20-12-2017 21:51:26.5 [ROOM] Darent: but no one answers
20-12-2017 21:51:30.3 [ROOM] Darent: .-.
20-12-2017 21:51:31.2 [ROOM] Ryician: /me laughs as the machine rings points, "They are all scared of me, I understand..."
20-12-2017 21:51:35.8 [ROOM] Darent: maybe they'll answer to you
20-12-2017 21:53:08.2 [ROOM] Palalski Darkpaw: lol
20-12-2017 21:54:01.9 [ROOM] Lyanna Pelon: see I think our hostess should come out and play with me, but you know kenia, so rarely in the mood
20-12-2017 21:56:04.6 [ROOM] Ryician: /me tries to steal a glance at Lyanna, losing a pinball in the process, groaning.  "I don't know how anyone would say no to fighting you."
20-12-2017 21:56:39.9 [ROOM] Briar Patch: /me FLEX
20-12-2017 21:58:00.2 [ROOM] Lyanna Pelon: right? I mean, I like to think I look like fun
20-12-2017 21:58:23.4 [ROOM] Ryician: /me smirks, "Fun is definitely one word to use."
20-12-2017 21:58:27.1 [ROOM] Palalski Darkpaw: I talk to Kenia quiet a bit and I find it hard to tell whether she'd be interested in a match or not.. shes always just in a meow meow purr attitude xD
20-12-2017 21:58:48.1 [ROOM] Lyanna Pelon: shes a cuddly kitty thats why
20-12-2017 21:58:54.5 [ROOM] Palalski Darkpaw: of course
20-12-2017 21:58:59.1 [ROOM] Darent: XD
20-12-2017 21:59:07.5 [ROOM] Ryician: She didn't put up much of a fight with me last time
20-12-2017 21:59:10.1 [ROOM] Darent: hahahahahaha
20-12-2017 21:59:17.7 [ROOM] Darent: meow meow purr? XD
20-12-2017 21:59:21.8 [ROOM] Lyanna Pelon: what other words would you use Ryician?
20-12-2017 21:59:38.2 [ROOM] Lyanna Pelon: meow meow purr spunds about right
20-12-2017 21:59:52.2 [ROOM] Palalski Darkpaw: speaking of
20-12-2017 22:00:03.1 [ROOM] Palalski Darkpaw: hey hey Kenia
20-12-2017 22:00:03.9 [ROOM] Lyanna Pelon: throw in a few embarrassed emotes and you got her down :P
20-12-2017 22:00:06.8 [ROOM] Kenia Nya: fine, here you have me
20-12-2017 22:00:17.6 [ROOM] Lyanna Pelon: /me pets kenia happily
20-12-2017 22:00:35.3 [ROOM] Lyanna Pelon: and so my wishes come true hehe
20-12-2017 22:00:36.7 [ROOM] Ryician: /me turns to Lyanna, raising an eyebrow, "Ummm, words I would use..." he said, thinking hard on the right one.
20-12-2017 22:01:23.5 [ROOM] Kenia Nya: meow meow
20-12-2017 22:01:30.2 [ROOM] Kenia Nya: /me purrs on Lyanna's pets
20-12-2017 22:01:36.9 [ROOM] Palalski Darkpaw: lol
20-12-2017 22:01:39.8 [ROOM] Ryician: /me waves to Kenia
20-12-2017 22:01:41.9 [ROOM] Palalski Darkpaw: /me meow :3
20-12-2017 22:01:43.3 [ROOM] Lyanna Pelon: such a lovely kitty
20-12-2017 22:02:00.9 [ROOM] Kenia Nya: hello everyone
20-12-2017 22:02:08.1 [ROOM] Kenia Nya: what can I help you with?
20-12-2017 22:02:34.7 [ROOM] Palalski Darkpaw: I need a million dollars and a trip to the next comic con please
20-12-2017 22:02:44.5 [ROOM] Kenia Nya: hmmm
20-12-2017 22:02:47.9 [ROOM] Kenia Nya: I don't have that
20-12-2017 22:02:48.2 [ROOM] Palalski Darkpaw: lol
20-12-2017 22:03:01.2 [ROOM] Palalski Darkpaw: ah wells :3
20-12-2017 22:03:01.6 [ROOM] Ryician: Oooooh, is Kenia Santa Clause?
20-12-2017 22:03:07.8 [ROOM] Palalski Darkpaw: she could be
20-12-2017 22:03:17.6 [ROOM] Ryician: /me looks over to Lyanna, coming up with the word to replace fun, "Beatable."
20-12-2017 22:03:19.6 [ROOM] Lyanna Pelon: she brings all i desire and more thats for sure
20-12-2017 22:03:31.0 [ROOM] Lyanna Pelon: pfft, liar liar
20-12-2017 22:03:53.8 [ROOM] Ryician: /me points at himself, "Are you calling me a liar?"
20-12-2017 22:04:34.6 [ROOM] Palalski Darkpaw: /me meow meow purrs
20-12-2017 22:04:37.9 [ROOM] Lyanna Pelon: yeap
20-12-2017 22:05:06.3 [ROOM] Kenia Nya: o.o
20-12-2017 22:05:13.2 [ROOM] Kenia Nya: you know I'm right here, right?
20-12-2017 22:06:02.8 [ROOM] Ryician: /me acts fake offended, raising his finger in the air, "I am offended at that remark." he said with a laugh.
20-12-2017 22:06:13.2 [ROOM] Palalski Darkpaw: 9_9
20-12-2017 22:09:53.4 [ROOM] Kenia Nya: meow
20-12-2017 22:09:58.3 [ROOM] Kenia Nya: so why did you summon me?
20-12-2017 22:10:04.3 [ROOM] Palalski Darkpaw: /me meowrowr
20-12-2017 22:10:16.2 [ROOM] Palalski Darkpaw: who summoned?
20-12-2017 22:14:22.8 [ROOM] Evan Clark: I think like half of them wanted to fight you
20-12-2017 22:14:24.2 [ROOM] Ryician: Beatable summoned her because it was too quite without the cute purrs
20-12-2017 22:15:24.1 [ROOM] Palalski Darkpaw: lol
20-12-2017 22:15:44.2 [ROOM] Palalski Darkpaw: Kenia, maybe your chat loves you so much it just never wants you gone
20-12-2017 22:16:10.0 [ROOM] Kenia Nya: i didn't understand ryician's sentence
20-12-2017 22:16:38.6 [ROOM] Ryician: Sorry, beatable was my temporary nickname for Lyanna
20-12-2017 22:16:47.5 [ROOM] Palalski Darkpaw: lolol
20-12-2017 22:16:50.4 [ROOM] Ryician: I hope I didn't tease too much
20-12-2017 22:17:52.7 [ROOM] Ryician: I didn't mean to be annoying...
20-12-2017 22:20:53.9 [ROOM] Kenia Nya: oh
20-12-2017 22:21:00.2 [ROOM] Kenia Nya: I had to read the whole chat again
20-12-2017 22:21:03.5 [ROOM] Kenia Nya: to understand
20-12-2017 22:21:58.7 [ROOM] Palalski Darkpaw: and she's out
20-12-2017 22:22:22.4 [ROOM] Ryician: I know, I hope I wasn't being too annoying
20-12-2017 22:22:32.8 [ROOM] Palalski Darkpaw: actually I hope the same for myself
20-12-2017 22:22:46.1 [ROOM] Palalski Darkpaw: the meow meow purr comment I realise mightve come across wrong
20-12-2017 22:23:07.4 [ROOM] Ryician: /me twiddles thumbs
20-12-2017 22:23:16.8 [ROOM] Palalski Darkpaw: meh, dont let it bother ya
20-12-2017 22:23:26.8 [ROOM] Palalski Darkpaw: we say dumb things
20-12-2017 22:23:47.0 [ROOM] Palalski Darkpaw: the best we can do is apologies and move along
20-12-2017 22:26:30.8 [ROOM] Darent: I'm too tired sorry XD
20-12-2017 22:26:32.9 [ROOM] Evan Clark: Can't relate.
20-12-2017 22:26:41.5 [ROOM] Evan Clark: I'm too adorable to be annoying
20-12-2017 22:26:47.5 [ROOM] Evan Clark: Modest too
20-12-2017 22:27:03.0 [ROOM] Ryician: Wooow
20-12-2017 22:30:00.3 [PRIV] Evan Clark: !trainingdummy2 male
20-12-2017 22:30:00.7 [PRIV] Bot to Evan Clark:
[icon]Bot Announcer[/icon][color=gray] Welcome to the training ring! Today we have Evan Clark vs Sissy Robert Bot! Let the match begin![/color]
[color=gray]═════════════════ ⭐ [color=purple]Sexfight ring[/color] ⭐ ═════════════════
 [color=purple]▓▓▓▓▓▓▓▓▓▓▓▓▓▓▓▓▓▓▓▓[/color] ⭐ [color=purple]VS[/color] ⭐ [color=purple]▓▓▓▓▓▓▓▓▓▓▓▓▓▓▓▓▓▓▓▓[/color]
► [icon]Evan Clark[/icon]                                                                  [icon]Sissy Robert Bot[/icon]
It's Evan Clark's turn![/color]

20-12-2017 22:30:03.5 [PRIV] Bot to Evan Clark:
[icon]Bot Announcer[/icon][color=gray]Evan Clark used their tits to tease Sissy Robert Bot's tits, dealing 12 lust points![/color]
[color=gray]═════════════════ ⭐ [color=purple]Sexfight ring[/color] ⭐ ═════════════════
 [color=purple]░░▓▓▓▓▓▓▓▓▓▓▓▓▓▓▓▓▓▓[/color] ⭐ [color=purple]VS[/color] ⭐ [color=purple]▓▓▓▓▓▓▓▓▓▓▓▓▓▓▓▓▓▓▓▓[/color]
► [icon]Sissy Robert Bot[/icon]                                                                  [icon]Evan Clark[/icon]
It's Sissy Robert Bot's turn![/color]
[i]Sissy Robert moans as you tease him![/i]

20-12-2017 22:30:03.5 [PRIV] Bot to Evan Clark:
[i]But then, Sissy Robert sends a sex attack at you![/i]
[icon]Bot Announcer[/icon][color=gray]Sissy Robert Bot used their sex to tease Evan Clark's lips, dealing 7 lust points![/color]
[color=gray]═════════════════ ⭐ [color=purple]Sexfight ring[/color] ⭐ ═════════════════
 [color=purple]░▓▓▓▓▓▓▓▓▓▓▓▓▓▓▓▓▓▓▓[/color] ⭐ [color=purple]VS[/color] ⭐ [color=purple]▓▓▓▓▓▓▓▓▓▓▓▓▓▓▓▓▓▓░░[/color]
► [icon]Evan Clark[/icon]                                                                  [icon]Sissy Robert Bot[/icon]
It's Evan Clark's turn![/color]

20-12-2017 22:30:03.5 [PRIV] Evan Clark: !attack tits to tits
20-12-2017 22:30:14.1 [PRIV] Bot to Evan Clark:
[icon]Bot Announcer[/icon][color=gray]Evan Clark used their sex to tease Sissy Robert Bot's sex, dealing 15 lust points![/color]
[color=gray]═════════════════ ⭐ [color=purple]Sexfight ring[/color] ⭐ ═════════════════
 [color=purple]░░░░░▓▓▓▓▓▓▓▓▓▓▓▓▓▓▓[/color] ⭐ [color=purple]VS[/color] ⭐ [color=purple]▓▓▓▓▓▓▓▓▓▓▓▓▓▓▓▓▓▓▓░[/color]
► [icon]Sissy Robert Bot[/icon]                                                                  [icon]Evan Clark[/icon]
It's Sissy Robert Bot's turn![/color]
[i]Sissy Robert moans as you tease him![/i]

20-12-2017 22:30:14.1 [PRIV] Bot to Evan Clark:
[i]But then, Sissy Robert sends a sex attack at you![/i]
[icon]Bot Announcer[/icon][color=gray]Sissy Robert Bot used their lips to tease Evan Clark's lips, dealing 7 lust points![/color]
[color=gray]═════════════════ ⭐ [color=purple]Sexfight ring[/color] ⭐ ═════════════════
 [color=purple]░░▓▓▓▓▓▓▓▓▓▓▓▓▓▓▓▓▓▓[/color] ⭐ [color=purple]VS[/color] ⭐ [color=purple]▓▓▓▓▓▓▓▓▓▓▓▓▓▓▓░░░░░[/color]
► [icon]Evan Clark[/icon]                                                                  [icon]Sissy Robert Bot[/icon]
It's Evan Clark's turn![/color]

20-12-2017 22:30:14.1 [PRIV] Evan Clark: !attack sex to sex
20-12-2017 22:30:23.0 [PRIV] Bot to Evan Clark:
[icon]Bot Announcer[/icon][color=gray]Evan Clark used their lips to tease Sissy Robert Bot's tits, dealing 16 lust points![/color]
[color=gray]═════════════════ ⭐ [color=purple]Sexfight ring[/color] ⭐ ═════════════════
 [color=purple]░░░░░░░░▓▓▓▓▓▓▓▓▓▓▓▓[/color] ⭐ [color=purple]VS[/color] ⭐ [color=purple]▓▓▓▓▓▓▓▓▓▓▓▓▓▓▓▓▓▓░░[/color]
► [icon]Sissy Robert Bot[/icon]                                                                  [icon]Evan Clark[/icon]
It's Sissy Robert Bot's turn![/color]
[i]Sissy Robert moans as you tease him![/i]

20-12-2017 22:30:23.0 [PRIV] Bot to Evan Clark:
[i]But then, Sissy Robert sends a sex attack at you![/i]
[icon]Bot Announcer[/icon][color=gray]Sissy Robert Bot used their sex to tease Evan Clark's lips, dealing 6 lust points![/color]
[color=gray]═════════════════ ⭐ [color=purple]Sexfight ring[/color] ⭐ ═════════════════
 [color=purple]░░░░▓▓▓▓▓▓▓▓▓▓▓▓▓▓▓▓[/color] ⭐ [color=purple]VS[/color] ⭐ [color=purple]▓▓▓▓▓▓▓▓▓▓▓▓░░░░░░░░[/color]
► [icon]Evan Clark[/icon]                                                                  [icon]Sissy Robert Bot[/icon]
It's Evan Clark's turn![/color]

20-12-2017 22:30:23.0 [PRIV] Evan Clark: !attack lips to tits
20-12-2017 22:30:32.3 [PRIV] Bot to Evan Clark:
[icon]Bot Announcer[/icon][color=gray]Evan Clark used their sex to tease Sissy Robert Bot's lips, dealing 21 lust points![/color]
[color=gray]═════════════════ ⭐ [color=purple]Sexfight ring[/color] ⭐ ═════════════════
 [color=red]░░░░░░░░░░░░▓▓▓▓▓▓▓▓[/color] ⭐ [color=purple]VS[/color] ⭐ [color=purple]▓▓▓▓▓▓▓▓▓▓▓▓▓▓▓▓░░░░[/color]
► [icon]Sissy Robert Bot[/icon]                                                                  [icon]Evan Clark[/icon]
It's Sissy Robert Bot's turn![/color]
[i]Sissy Robert moans as you tease him![/i]

20-12-2017 22:30:32.3 [PRIV] Bot to Evan Clark:
[i]But then, Sissy Robert sends a sex attack at you![/i]
[icon]Bot Announcer[/icon][color=gray]Sissy Robert Bot used their sex to tease Evan Clark's lips, dealing 8 lust points![/color]
[color=gray]═════════════════ ⭐ [color=purple]Sexfight ring[/color] ⭐ ═════════════════
 [color=purple]░░░░░▓▓▓▓▓▓▓▓▓▓▓▓▓▓▓[/color] ⭐ [color=purple]VS[/color] ⭐ [color=red]▓▓▓▓▓▓▓▓░░░░░░░░░░░░[/color]
► [icon]Evan Clark[/icon]                                                                  [icon]Sissy Robert Bot[/icon]
It's Evan Clark's turn![/color]

20-12-2017 22:30:32.3 [PRIV] Evan Clark: !attack sex to lips
20-12-2017 22:30:41.6 [PRIV] Bot to Evan Clark:
[icon]Bot Announcer[/icon][color=gray]Evan Clark used their ass to tease Sissy Robert Bot's lips, dealing 17 lust points![/color]
[color=gray]═════════════════ ⭐ [color=purple]Sexfight ring[/color] ⭐ ═════════════════
 [color=red]░░░░░░░░░░░░░░░░▓▓▓▓[/color] ⭐ [color=purple]VS[/color] ⭐ [color=purple]▓▓▓▓▓▓▓▓▓▓▓▓▓▓▓░░░░░[/color]
► [icon]Sissy Robert Bot[/icon]                                                                  [icon]Evan Clark[/icon]
It's Sissy Robert Bot's turn![/color]
[i]Sissy Robert moans as you tease him![/i]

20-12-2017 22:30:41.6 [PRIV] Bot to Evan Clark:
[i]But then, Sissy Robert sends a sex attack at you![/i]
[icon]Bot Announcer[/icon][color=gray]Sissy Robert Bot used their feet to tease Evan Clark's sex, dealing 6 lust points![/color]
[color=gray]═════════════════ ⭐ [color=purple]Sexfight ring[/color] ⭐ ═════════════════
 [color=purple]░░░░░░▓▓▓▓▓▓▓▓▓▓▓▓▓▓[/color] ⭐ [color=purple]VS[/color] ⭐ [color=red]▓▓▓▓░░░░░░░░░░░░░░░░[/color]
► [icon]Evan Clark[/icon]                                                                  [icon]Sissy Robert Bot[/icon]
It's Evan Clark's turn![/color]

20-12-2017 22:30:41.6 [PRIV] Evan Clark: !attack ass to lips
20-12-2017 22:30:49.9 [PRIV] Bot to Evan Clark:
[icon]Bot Announcer[/icon][color=gray]Evan Clark passed their turn![/color]
[i]Robert laughs to himself. 'You want more? Okay... come here, Cutie.' He beckons with one hand, staring hungrily at your body and licking his lips.[/i]
[i]But then, Sissy Robert sends a sex attack at you![/i]
[icon]Bot Announcer[/icon][color=gray]Sissy Robert Bot used their ass to tease Evan Clark's sex, dealing 9 lust points![/color]
[color=gray]═════════════════ ⭐ [color=purple]Sexfight ring[/color] ⭐ ═════════════════
 [color=purple]░░░░░░░░▓▓▓▓▓▓▓▓▓▓▓▓[/color] ⭐ [color=purple]VS[/color] ⭐ [color=red]▓▓▓▓░░░░░░░░░░░░░░░░[/color]
► [icon]Evan Clark[/icon]                                                                  [icon]Sissy Robert Bot[/icon]
It's Evan Clark's turn![/color]

20-12-2017 22:30:49.9 [PRIV] Evan Clark: !pass
20-12-2017 22:30:55.2 [PRIV] Bot to Evan Clark:
[icon]Bot Announcer[/icon][color=gray]Evan Clark used their sex to tease Sissy Robert Bot's sex, dealing 22 lust points![/color]
[color=gray]Evan Clark made Sissy Robert Bot cum! The winner gets $2.00 and the loser gets $1.00, thank you for participating.[/color]
[color=gray]═════════════════ ⭐ [color=purple]Sexfight ring[/color] ⭐ ═════════════════
 [color=red]░░░░░░░░░░░░░░░░░░░░[/color] ⭐ [color=purple]VS[/color] ⭐ [color=purple]▓▓▓▓▓▓▓▓▓▓▓▓░░░░░░░░[/color]
► [icon]Sissy Robert Bot[/icon]                                                                  [icon]Evan Clark[/icon]
It's Sissy Robert Bot's turn![/color]

[color=gray]════════════════ ⭐ [color=purple]Combat ended[/color] ⭐ ════════════════[/color]
[i]Sissy Robert moans as you tease him![/i]

20-12-2017 22:30:55.2 [PRIV] Bot to Evan Clark:

20-12-2017 22:30:55.2 [PRIV] Evan Clark: !attack sex to sex
20-12-2017 22:31:00.5 [PRIV] Evan Clark: !card
20-12-2017 22:31:00.5 [PRIV] Bot to Evan Clark:
[color=gray]══════════════════════════════════════════════════
                                 ⭐ ⭐ [color=green][b]Character card[/b][/color] ⭐ ⭐
══════════════════════════════════════════════════
[color=gray]                     [icon]Evan Clark[/icon]
          [b]Name:[/b] Evan Clark | [b]Money:[/b] $7.00
          [b]Attack:[/b] 1 Lips, 4 Fingers, 1 Tits, 3 Sex, 4 Ass, 3 Feet.
          [b]Defense:[/b] -1 Lips, 4 Tits, 2 Sex, 4 Ass.
          [b]Sextoy:[/b] Socks. +1 attack to feet.
          [b]Outfit:[/b] Spats. +2 defense to sex, +2 defense to ass.
          [b]Accessory:[/b] Wristbands. Standard uniform.
          [b]Flavor item:[/b] None. Nothing equiped.
[/color][/color]
20-12-2017 23:17:13.3 [ROOM] Palalski Darkpaw: yawns
