30-12-2017 00:14:03.6 [ROOM] Bot: 
[color=gray]The ring is empty![/color]
30-12-2017 00:14:03.6 [ROOM] Ryician: !status
30-12-2017 00:14:17.6 [ROOM] Ryician: /me pokes a head in, wondering who was awake
30-12-2017 02:24:28.3 [PRIV] Evan Clark: !trainingdummy2 male
30-12-2017 02:24:28.6 [PRIV] Bot to Evan Clark:You reached the maximum ammount of times you can fight the bot per day, come back tomorrow~
30-12-2017 02:25:17.9 [PRIV] Evan Clark: !time2dummy
30-12-2017 02:25:17.9 [PRIV] Bot to Evan Clark:You can fight the bot again in 1h 45m 58s.
30-12-2017 02:28:21.7 [PRIV] Mischief Stilinski: !card
30-12-2017 02:28:21.8 [PRIV] Bot to Mischief Stilinski:
[color=gray]══════════════════════════════════════════════════
                                 ⭐ ⭐ [color=purple][b]Character card[/b][/color] ⭐ ⭐
══════════════════════════════════════════════════
[color=pink]                     [icon]Mischief Stilinski[/icon]
          [b]Name:[/b] Mischief Stilinski | [b]Money:[/b] $51.00
          [b]Attack:[/b] -2 Lips, -2 Fingers, -2 Tits, -1 Sex, -1 Ass, -2 Feet.
          [b]Defense:[/b] -6 Lips, -2 Tits, -9 Sex, -2 Ass.
          [b]Sextoy:[/b] Hand. Starter weapon.
          [b]Outfit:[/b] Full-body bondage suit. -3 defense to lips, -3 defense to tits, -3 defense to sex, -3 defense to ass, -3 attack to lips, -3 attack to fingers, -3 attack to tits, -3 attack to sex, -3 attack to ass, -3 attack to feet.
          [b]Accessory:[/b] Wristbands. Standard uniform.
          [b]Flavor item:[/b] Cock milker. -3 defense to sex, -3 attack to sex, Intended for males/shemales/herms.
[/color][/color]
30-12-2017 02:28:30.2 [PRIV] Mischief Stilinski: !trainingdummy2 male
30-12-2017 02:28:30.3 [PRIV] Bot to Mischief Stilinski:
[icon]Bot Announcer[/icon][color=gray] Welcome to the training ring! Today we have Mischief Stilinski vs Sissy Robert Bot! Let the match begin![/color]
[color=gray]═════════════════ ⭐ [color=purple]Sexfight ring[/color] ⭐ ═════════════════
 [color=purple]▓▓▓▓▓▓▓▓▓▓▓▓▓▓▓▓▓▓▓▓[/color] ⭐ [color=purple]VS[/color] ⭐ [color=purple]▓▓▓▓▓▓▓▓▓▓▓▓▓▓▓▓▓▓▓▓[/color]
► [icon]Mischief Stilinski[/icon]                                                                  [icon]Sissy Robert Bot[/icon]
It's Mischief Stilinski's turn![/color]

30-12-2017 02:28:34.8 [PRIV] Bot to Mischief Stilinski:
[icon]Bot Announcer[/icon][color=gray]Mischief Stilinski used their lips to tease Sissy Robert Bot's lips, dealing 16 lust points![/color]
[color=gray]═════════════════ ⭐ [color=purple]Sexfight ring[/color] ⭐ ═════════════════
 [color=purple]░░░▓▓▓▓▓▓▓▓▓▓▓▓▓▓▓▓▓[/color] ⭐ [color=purple]VS[/color] ⭐ [color=purple]▓▓▓▓▓▓▓▓▓▓▓▓▓▓▓▓▓▓▓▓[/color]
► [icon]Sissy Robert Bot[/icon]                                                                  [icon]Mischief Stilinski[/icon]
It's Sissy Robert Bot's turn![/color]
[i]Robert fights it at first, but eventually melts into the kiss, eagerly trying to taste every inch of your mouth and whining when you pull away.[/i]

30-12-2017 02:28:34.9 [PRIV] Bot to Mischief Stilinski:
[i]Robert comes at you with desire in his eyes. He thrusts a hand out at your head. You flinch away, expecting a strike, only to find he grabbed the back of your head. ‘That’s two for flinching,’ he mocks you with an insidious grin, before he pulls your head forcefully forward, and plants a kiss on your lips. It’s rushed and brutal at first, but as he slips a tongue between your lips, he softens, and slows. Savoring the kiss, his lips warm against your own as he sucks on your bottom lip, lightly biting. He pulls away with a wink and a smile, leaving you gasping.[/i]
[icon]Bot Announcer[/icon][color=gray]Sissy Robert Bot used their lips to tease Mischief Stilinski's lips, dealing 18 lust points![/color]
[color=gray]═════════════════ ⭐ [color=purple]Sexfight ring[/color] ⭐ ═════════════════
 [color=purple]░░░▓▓▓▓▓▓▓▓▓▓▓▓▓▓▓▓▓[/color] ⭐ [color=purple]VS[/color] ⭐ [color=purple]▓▓▓▓▓▓▓▓▓▓▓▓▓▓▓▓▓░░░[/color]
► [icon]Mischief Stilinski[/icon]                                                                  [icon]Sissy Robert Bot[/icon]
It's Mischief Stilinski's turn![/color]

30-12-2017 02:28:34.9 [PRIV] Mischief Stilinski: !attack lips to lips
30-12-2017 02:28:50.2 [PRIV] Bot to Mischief Stilinski:
[icon]Bot Announcer[/icon][color=gray]Mischief Stilinski used their fingers to tease Sissy Robert Bot's sex, dealing 17 lust points![/color]
[color=gray]═════════════════ ⭐ [color=purple]Sexfight ring[/color] ⭐ ═════════════════
 [color=purple]░░░░░░▓▓▓▓▓▓▓▓▓▓▓▓▓▓[/color] ⭐ [color=purple]VS[/color] ⭐ [color=purple]▓▓▓▓▓▓▓▓▓▓▓▓▓▓▓▓▓░░░[/color]
► [icon]Sissy Robert Bot[/icon]                                                                  [icon]Mischief Stilinski[/icon]
It's Sissy Robert Bot's turn![/color]
[i]Robert nearly collapses into you as you wrap your hand around his junk and start to pull, ‘No… please th-’ he stops mid-sentence as he practically melts.[/i]

30-12-2017 02:28:50.2 [PRIV] Bot to Mischief Stilinski:
[i]Robert produces a double-ended dildo and stalks over to you. Shoving your forcefully into a corner he turns you around and works the dildo into your tight pucker. Then, he turns around and does the same to his own anus. After both ends of the dildo are inside each of you respectively, he begins to push his hips back, riding the dildo and causing it to fuck your own hole.[/i]
[icon]Bot Announcer[/icon][color=gray]Sissy Robert Bot used their ass to tease Mischief Stilinski's ass, dealing 6 lust points![/color]
[color=gray]═════════════════ ⭐ [color=purple]Sexfight ring[/color] ⭐ ═════════════════
 [color=purple]░░░░▓▓▓▓▓▓▓▓▓▓▓▓▓▓▓▓[/color] ⭐ [color=purple]VS[/color] ⭐ [color=purple]▓▓▓▓▓▓▓▓▓▓▓▓▓▓░░░░░░[/color]
► [icon]Mischief Stilinski[/icon]                                                                  [icon]Sissy Robert Bot[/icon]
It's Mischief Stilinski's turn![/color]

30-12-2017 02:28:50.2 [PRIV] Mischief Stilinski: !attack fingers to sex
30-12-2017 02:29:03.5 [PRIV] Bot to Mischief Stilinski:
[icon]Bot Announcer[/icon][color=gray]Mischief Stilinski used their tits to tease Sissy Robert Bot's tits, dealing 11 lust points![/color]
[color=gray]═════════════════ ⭐ [color=purple]Sexfight ring[/color] ⭐ ═════════════════
 [color=purple]░░░░░░░░▓▓▓▓▓▓▓▓▓▓▓▓[/color] ⭐ [color=purple]VS[/color] ⭐ [color=purple]▓▓▓▓▓▓▓▓▓▓▓▓▓▓▓▓░░░░[/color]
► [icon]Sissy Robert Bot[/icon]                                                                  [icon]Mischief Stilinski[/icon]
It's Sissy Robert Bot's turn![/color]
[i]Robert grunts as you squeeze him, shoving your chest against his.[/i]

30-12-2017 02:29:03.5 [PRIV] Bot to Mischief Stilinski:
[i]Robert crams his fingers into your mouth, swirling them around. ‘Just getting your ready for something bigger sweetheart,’ He boasts.[/i]
[icon]Bot Announcer[/icon][color=gray]Sissy Robert Bot used their fingers to tease Mischief Stilinski's lips, dealing 18 lust points![/color]
[color=gray]═════════════════ ⭐ [color=purple]Sexfight ring[/color] ⭐ ═════════════════
 [color=purple]░░░░░░░░▓▓▓▓▓▓▓▓▓▓▓▓[/color] ⭐ [color=purple]VS[/color] ⭐ [color=purple]▓▓▓▓▓▓▓▓▓▓▓▓░░░░░░░░[/color]
► [icon]Mischief Stilinski[/icon]                                                                  [icon]Sissy Robert Bot[/icon]
It's Mischief Stilinski's turn![/color]

30-12-2017 02:29:03.5 [PRIV] Mischief Stilinski: !attack tits to tits
30-12-2017 02:29:22.1 [PRIV] Bot to Mischief Stilinski:
[icon]Bot Announcer[/icon][color=gray]Mischief Stilinski used their feet to tease Sissy Robert Bot's tits, dealing 8 lust points![/color]
[color=gray]═════════════════ ⭐ [color=purple]Sexfight ring[/color] ⭐ ═════════════════
 [color=red]░░░░░░░░░░▓▓▓▓▓▓▓▓▓▓[/color] ⭐ [color=purple]VS[/color] ⭐ [color=purple]▓▓▓▓▓▓▓▓▓▓▓▓░░░░░░░░[/color]
► [icon]Sissy Robert Bot[/icon]                                                                  [icon]Mischief Stilinski[/icon]
It's Sissy Robert Bot's turn![/color]
[i]’Ah, fuck’ Robert groans as you step on his chest. He struggles to breath from the pressure and then he starts to squirm as you toy with his nipples using your nimble toes.[/i]

30-12-2017 02:29:22.1 [PRIV] Bot to Mischief Stilinski:
[i]Robert wraps and arm around your head, falling to the canvas with your trapped underneath him in a headlock. Your face is shoved into his muscular chest and he crams his meaty pec into your mouth, forcing you to lick the salty sweat from his chest.[/i]
[icon]Bot Announcer[/icon][color=gray]Sissy Robert Bot used their tits to tease Mischief Stilinski's lips, dealing 10 lust points![/color]
[color=gray]═════════════════ ⭐ [color=purple]Sexfight ring[/color] ⭐ ═════════════════
 [color=red]░░░░░░░░░░▓▓▓▓▓▓▓▓▓▓[/color] ⭐ [color=purple]VS[/color] ⭐ [color=red]▓▓▓▓▓▓▓▓▓▓░░░░░░░░░░[/color]
► [icon]Mischief Stilinski[/icon]                                                                  [icon]Sissy Robert Bot[/icon]
It's Mischief Stilinski's turn![/color]

30-12-2017 02:29:22.1 [PRIV] Mischief Stilinski: !attack feet to tits
30-12-2017 02:29:33.0 [PRIV] Bot to Mischief Stilinski:
[icon]Bot Announcer[/icon][color=gray]Mischief Stilinski used their feet to tease Sissy Robert Bot's tits, dealing 11 lust points![/color]
[color=gray]═════════════════ ⭐ [color=purple]Sexfight ring[/color] ⭐ ═════════════════
 [color=red]░░░░░░░░░░░░▓▓▓▓▓▓▓▓[/color] ⭐ [color=purple]VS[/color] ⭐ [color=red]▓▓▓▓▓▓▓▓▓▓░░░░░░░░░░[/color]
► [icon]Sissy Robert Bot[/icon]                                                                  [icon]Mischief Stilinski[/icon]
It's Sissy Robert Bot's turn![/color]
[i]’Ah, fuck’ Robert groans as you step on his chest. He struggles to breath from the pressure and then he starts to squirm as you toy with his nipples using your nimble toes.[/i]

30-12-2017 02:29:33.0 [PRIV] Bot to Mischief Stilinski:
[i]Robert wraps his arms around your thighs, lifting you up high, holding your there over his head before dropping you back onto the mat. He remains perched just over you. You lie there dazed and out gasping for breath when you feel a tingle in your groin. As your vision clears, you see Robert lying above you, flexing his meaty pecs over your cock, clamping them tightly around your manhood. He rubs your cock between the mounds of muscled flesh for a bit before standing and looking down at you, making his pecs flex and dance to taunt you.[/i]
[icon]Bot Announcer[/icon][color=gray]Sissy Robert Bot used their tits to tease Mischief Stilinski's penis, dealing 22 lust points![/color]
[color=gray]═════════════════ ⭐ [color=purple]Sexfight ring[/color] ⭐ ═════════════════
 [color=red]░░░░░░░░░░░░░░▓▓▓▓▓▓[/color] ⭐ [color=purple]VS[/color] ⭐ [color=red]▓▓▓▓▓▓▓▓░░░░░░░░░░░░[/color]
► [icon]Mischief Stilinski[/icon]                                                                  [icon]Sissy Robert Bot[/icon]
It's Mischief Stilinski's turn![/color]

30-12-2017 02:29:33.0 [PRIV] Mischief Stilinski: !attack feet to tits
30-12-2017 02:29:44.6 [PRIV] Bot to Mischief Stilinski:
[icon]Bot Announcer[/icon][color=gray]Mischief Stilinski used their lips to tease Sissy Robert Bot's tits, dealing 15 lust points![/color]
[color=gray]═════════════════ ⭐ [color=purple]Sexfight ring[/color] ⭐ ═════════════════
 [color=red]░░░░░░░░░░░░░░░▓▓▓▓▓[/color] ⭐ [color=purple]VS[/color] ⭐ [color=red]▓▓▓▓▓▓░░░░░░░░░░░░░░[/color]
► [icon]Sissy Robert Bot[/icon]                                                                  [icon]Mischief Stilinski[/icon]
It's Sissy Robert Bot's turn![/color]
[i]Robert gasps as your lips clamp onto his nipples and your tongue swirls around his sensitive chest, causing his cock to swell.[/i]

30-12-2017 02:29:44.6 [PRIV] Bot to Mischief Stilinski:
[i]Robert sweeps behind you and wraps his muscled arms around your waist and lifts you up. Slamming you to the mat, he flexes and jiggles his meaty pecs against your ass.[/i]
[icon]Bot Announcer[/icon][color=gray]Sissy Robert Bot used their tits to tease Mischief Stilinski's ass, dealing 8 lust points![/color]
[color=gray]═════════════════ ⭐ [color=purple]Sexfight ring[/color] ⭐ ═════════════════
 [color=red]░░░░░░░░░░░░░░░░▓▓▓▓[/color] ⭐ [color=purple]VS[/color] ⭐ [color=red]▓▓▓▓▓░░░░░░░░░░░░░░░[/color]
► [icon]Mischief Stilinski[/icon]                                                                  [icon]Sissy Robert Bot[/icon]
It's Mischief Stilinski's turn![/color]

30-12-2017 02:29:44.6 [PRIV] Mischief Stilinski: !attack lips to tits
30-12-2017 02:29:54.9 [PRIV] Bot to Mischief Stilinski:
[icon]Bot Announcer[/icon][color=gray]Mischief Stilinski used their lips to tease Sissy Robert Bot's sex, dealing 14 lust points![/color]
[color=gray]═════════════════ ⭐ [color=purple]Sexfight ring[/color] ⭐ ═════════════════
 [color=red]░░░░░░░░░░░░░░░░░░▓▓[/color] ⭐ [color=purple]VS[/color] ⭐ [color=red]▓▓▓▓░░░░░░░░░░░░░░░░[/color]
► [icon]Sissy Robert Bot[/icon]                                                                  [icon]Mischief Stilinski[/icon]
It's Sissy Robert Bot's turn![/color]
[i]’No wait!’ is all Robert can say before you yank his singlet down and pull his thick cock out. As you wrap your lips around it and begin to suck, his knees begin to wobble and he nearly falls over. [/i]

30-12-2017 02:29:54.9 [PRIV] Bot to Mischief Stilinski:
[i]Robert sweeps behind you and wraps his muscled arms around your waist and lifts you up. Slamming you to the mat, he flexes and jiggles his meaty pecs against your ass.[/i]
[icon]Bot Announcer[/icon][color=gray]Sissy Robert Bot used their tits to tease Mischief Stilinski's ass, dealing 14 lust points![/color]
[color=gray]═════════════════ ⭐ [color=purple]Sexfight ring[/color] ⭐ ═════════════════
 [color=red]░░░░░░░░░░░░░░░░░░░▓[/color] ⭐ [color=purple]VS[/color] ⭐ [color=red]▓▓░░░░░░░░░░░░░░░░░░[/color]
► [icon]Mischief Stilinski[/icon]                                                                  [icon]Sissy Robert Bot[/icon]
It's Mischief Stilinski's turn![/color]

30-12-2017 02:29:54.9 [PRIV] Mischief Stilinski: !attack lips to sex
30-12-2017 02:30:08.5 [PRIV] Bot to Mischief Stilinski:
[icon]Bot Announcer[/icon][color=gray]Mischief Stilinski used their feet to tease Sissy Robert Bot's ass, dealing 10 lust points![/color]
[color=gray]Mischief Stilinski made Sissy Robert Bot cum! The winner gets $2.00 and the loser gets $1.00, thank you for participating.[/color]
[color=gray]═════════════════ ⭐ [color=purple]Sexfight ring[/color] ⭐ ═════════════════
 [color=red]░░░░░░░░░░░░░░░░░░░░[/color] ⭐ [color=purple]VS[/color] ⭐ [color=red]▓░░░░░░░░░░░░░░░░░░░[/color]
► [icon]Sissy Robert Bot[/icon]                                                                  [icon]Mischief Stilinski[/icon]
It's Sissy Robert Bot's turn![/color]

[color=gray]════════════════ ⭐ [color=purple]Combat ended[/color] ⭐ ════════════════[/color]
[i]Robert doesn’t have any time to respond as you flip him over and knock him flat. You step on his ass, triumphantly posing over him before cramming a toe between his cheeks and tickling his hole, which makes Robert spasm under you.[/i]

30-12-2017 02:30:08.5 [PRIV] Bot to Mischief Stilinski:

30-12-2017 02:30:08.5 [PRIV] Mischief Stilinski: !attack feet to ass
30-12-2017 02:30:19.3 [PRIV] Mischief Stilinski: !indulge attack on tits
30-12-2017 02:30:19.3 [PRIV] Bot to Mischief Stilinski:Indulging successful! You now have 0 points in attack on tits.
30-12-2017 02:30:23.4 [PRIV] Mischief Stilinski: !indulge attack on tits
30-12-2017 02:30:23.4 [PRIV] Bot to Mischief Stilinski:Indulging successful! You now have -1 points in attack on tits.
30-12-2017 02:30:27.6 [PRIV] Mischief Stilinski: !trainingdummy2 male
30-12-2017 02:30:27.6 [PRIV] Bot to Mischief Stilinski:
[icon]Bot Announcer[/icon][color=gray] Welcome to the training ring! Today we have Mischief Stilinski vs Sissy Robert Bot! Let the match begin![/color]
[color=gray]═════════════════ ⭐ [color=purple]Sexfight ring[/color] ⭐ ═════════════════
 [color=purple]▓▓▓▓▓▓▓▓▓▓▓▓▓▓▓▓▓▓▓▓[/color] ⭐ [color=purple]VS[/color] ⭐ [color=purple]▓▓▓▓▓▓▓▓▓▓▓▓▓▓▓▓▓▓▓▓[/color]
► [icon]Mischief Stilinski[/icon]                                                                  [icon]Sissy Robert Bot[/icon]
It's Mischief Stilinski's turn![/color]

30-12-2017 02:30:31.4 [PRIV] Bot to Mischief Stilinski:
[icon]Bot Announcer[/icon][color=gray]Mischief Stilinski used their tits to tease Sissy Robert Bot's tits, dealing 5 lust points![/color]
[color=gray]═════════════════ ⭐ [color=purple]Sexfight ring[/color] ⭐ ═════════════════
 [color=purple]░▓▓▓▓▓▓▓▓▓▓▓▓▓▓▓▓▓▓▓[/color] ⭐ [color=purple]VS[/color] ⭐ [color=purple]▓▓▓▓▓▓▓▓▓▓▓▓▓▓▓▓▓▓▓▓[/color]
► [icon]Sissy Robert Bot[/icon]                                                                  [icon]Mischief Stilinski[/icon]
It's Sissy Robert Bot's turn![/color]
[i]Robert grunts as you squeeze him, shoving your chest against his.[/i]

30-12-2017 02:30:31.4 [PRIV] Bot to Mischief Stilinski:
[i]Robert sweeps behind you and wraps his muscled arms around your waist and lifts you up. Slamming you to the mat, he flexes and jiggles his meaty pecs against your ass.[/i]
[icon]Bot Announcer[/icon][color=gray]Sissy Robert Bot used their tits to tease Mischief Stilinski's ass, dealing 10 lust points![/color]
[color=gray]═════════════════ ⭐ [color=purple]Sexfight ring[/color] ⭐ ═════════════════
 [color=purple]░░▓▓▓▓▓▓▓▓▓▓▓▓▓▓▓▓▓▓[/color] ⭐ [color=purple]VS[/color] ⭐ [color=purple]▓▓▓▓▓▓▓▓▓▓▓▓▓▓▓▓▓▓▓░[/color]
► [icon]Mischief Stilinski[/icon]                                                                  [icon]Sissy Robert Bot[/icon]
It's Mischief Stilinski's turn![/color]

30-12-2017 02:30:31.4 [PRIV] Mischief Stilinski: !attack tits to tits
30-12-2017 02:30:40.8 [PRIV] Bot to Mischief Stilinski:
[icon]Bot Announcer[/icon][color=gray]Mischief Stilinski used their tits to tease Sissy Robert Bot's lips, dealing 13 lust points![/color]
[color=gray]═════════════════ ⭐ [color=purple]Sexfight ring[/color] ⭐ ═════════════════
 [color=purple]░░░▓▓▓▓▓▓▓▓▓▓▓▓▓▓▓▓▓[/color] ⭐ [color=purple]VS[/color] ⭐ [color=purple]▓▓▓▓▓▓▓▓▓▓▓▓▓▓▓▓▓▓░░[/color]
► [icon]Sissy Robert Bot[/icon]                                                                  [icon]Mischief Stilinski[/icon]
It's Sissy Robert Bot's turn![/color]
[i]Robert swings his arms wildly as his mouth is shoved onto your nipple and forced to suck like a nursing babe. When you finally release him, he pulls back and gasps for air.[/i]

30-12-2017 02:30:40.8 [PRIV] Bot to Mischief Stilinski:
[i]Robert crams his fingers into your mouth, swirling them around. ‘Just getting your ready for something bigger sweetheart,’ He boasts.[/i]
[icon]Bot Announcer[/icon][color=gray]Sissy Robert Bot used their fingers to tease Mischief Stilinski's lips, dealing 19 lust points![/color]
[color=gray]═════════════════ ⭐ [color=purple]Sexfight ring[/color] ⭐ ═════════════════
 [color=purple]░░░░░▓▓▓▓▓▓▓▓▓▓▓▓▓▓▓[/color] ⭐ [color=purple]VS[/color] ⭐ [color=purple]▓▓▓▓▓▓▓▓▓▓▓▓▓▓▓▓▓░░░[/color]
► [icon]Mischief Stilinski[/icon]                                                                  [icon]Sissy Robert Bot[/icon]
It's Mischief Stilinski's turn![/color]

30-12-2017 02:30:40.8 [PRIV] Mischief Stilinski: !attack tits to lips
30-12-2017 02:30:49.9 [PRIV] Bot to Mischief Stilinski:
[icon]Bot Announcer[/icon][color=gray]Mischief Stilinski used their tits to tease Sissy Robert Bot's sex, dealing 16 lust points![/color]
[color=gray]═════════════════ ⭐ [color=purple]Sexfight ring[/color] ⭐ ═════════════════
 [color=purple]░░░░░░▓▓▓▓▓▓▓▓▓▓▓▓▓▓[/color] ⭐ [color=purple]VS[/color] ⭐ [color=purple]▓▓▓▓▓▓▓▓▓▓▓▓▓▓▓░░░░░[/color]
► [icon]Sissy Robert Bot[/icon]                                                                  [icon]Mischief Stilinski[/icon]
It's Sissy Robert Bot's turn![/color]
[i]Robert twists and turns, trying to get free from your grasp, but is unable to as you clamp onto his cock with your chest, your teasing sending shivers up his spine.[/i]

30-12-2017 02:30:49.9 [PRIV] Bot to Mischief Stilinski:
[i]While pinned to the mat, Robert sits down on your chest and scoots up until his bulge is resting on top of your lips. Flexing and smiling down at you he wraps a hand around your head and pulls it up, smothering you in his crotch, forcing you to breathe in his scent and taste the sweat accumulating on his balls. ‘Give it a kiss and I’ll let you up,’ He taunts, slipping his cock out of his singlet and slapping your face with it.[/i]
[icon]Bot Announcer[/icon][color=gray]Sissy Robert Bot used their sex to tease Mischief Stilinski's lips, dealing 15 lust points![/color]
[color=gray]═════════════════ ⭐ [color=purple]Sexfight ring[/color] ⭐ ═════════════════
 [color=purple]░░░░░░░░▓▓▓▓▓▓▓▓▓▓▓▓[/color] ⭐ [color=purple]VS[/color] ⭐ [color=purple]▓▓▓▓▓▓▓▓▓▓▓▓▓▓░░░░░░[/color]
► [icon]Mischief Stilinski[/icon]                                                                  [icon]Sissy Robert Bot[/icon]
It's Mischief Stilinski's turn![/color]

30-12-2017 02:30:49.9 [PRIV] Mischief Stilinski: !attack tits to sex
30-12-2017 02:30:58.1 [PRIV] Bot to Mischief Stilinski:
[icon]Bot Announcer[/icon][color=gray]Mischief Stilinski passed their turn![/color]
[i]Robert giggles to himself. 'You want more? Okay... come here!' He beckons with one hand, staring hungrily at your body and licking his lips.[/i]
[i]Robert holds you tight to his body before dropping down on top of you, pinning your back to the mat. He works his legs between yours and spreads them. He begins to press his bulge down against your own, rubbing his thick shaft against your own swelling member, frotting you.[/i]
[icon]Bot Announcer[/icon][color=gray]Sissy Robert Bot used their sex to tease Mischief Stilinski's penis, dealing 12 lust points![/color]
[color=gray]═════════════════ ⭐ [color=purple]Sexfight ring[/color] ⭐ ═════════════════
 [color=red]░░░░░░░░░░░▓▓▓▓▓▓▓▓▓[/color] ⭐ [color=purple]VS[/color] ⭐ [color=purple]▓▓▓▓▓▓▓▓▓▓▓▓▓▓░░░░░░[/color]
► [icon]Mischief Stilinski[/icon]                                                                  [icon]Sissy Robert Bot[/icon]
It's Mischief Stilinski's turn![/color]

30-12-2017 02:30:58.1 [PRIV] Mischief Stilinski: !pass
30-12-2017 02:31:07.5 [PRIV] Bot to Mischief Stilinski:
[icon]Bot Announcer[/icon][color=gray]Mischief Stilinski used their tits to tease Sissy Robert Bot's ass, dealing 9 lust points![/color]
[color=gray]═════════════════ ⭐ [color=purple]Sexfight ring[/color] ⭐ ═════════════════
 [color=purple]░░░░░░░░▓▓▓▓▓▓▓▓▓▓▓▓[/color] ⭐ [color=purple]VS[/color] ⭐ [color=red]▓▓▓▓▓▓▓▓▓░░░░░░░░░░░[/color]
► [icon]Sissy Robert Bot[/icon]                                                                  [icon]Mischief Stilinski[/icon]
It's Sissy Robert Bot's turn![/color]
[i]Robert is… confused to say the least, as you press your chest to his ass and begin to grind, yet somehow it turns him on.[/i]

30-12-2017 02:31:07.5 [PRIV] Bot to Mischief Stilinski:
[i]Robert sweeps behind you and wraps his muscled arms around your waist and lifts you up. Slamming you to the mat, he flexes and jiggles his meaty pecs against your ass.[/i]
[icon]Bot Announcer[/icon][color=gray]Sissy Robert Bot used their tits to tease Mischief Stilinski's ass, dealing 7 lust points![/color]
[color=gray]═════════════════ ⭐ [color=purple]Sexfight ring[/color] ⭐ ═════════════════
 [color=red]░░░░░░░░░░░░▓▓▓▓▓▓▓▓[/color] ⭐ [color=purple]VS[/color] ⭐ [color=purple]▓▓▓▓▓▓▓▓▓▓▓▓░░░░░░░░[/color]
► [icon]Mischief Stilinski[/icon]                                                                  [icon]Sissy Robert Bot[/icon]
It's Mischief Stilinski's turn![/color]

30-12-2017 02:31:07.5 [PRIV] Mischief Stilinski: !attack tits to ass
30-12-2017 02:31:19.6 [PRIV] Bot to Mischief Stilinski:
[icon]Bot Announcer[/icon][color=gray]Mischief Stilinski used their lips to tease Sissy Robert Bot's sex, dealing 13 lust points![/color]
[color=gray]═════════════════ ⭐ [color=purple]Sexfight ring[/color] ⭐ ═════════════════
 [color=red]░░░░░░░░░░░▓▓▓▓▓▓▓▓▓[/color] ⭐ [color=purple]VS[/color] ⭐ [color=red]▓▓▓▓▓▓▓▓░░░░░░░░░░░░[/color]
► [icon]Sissy Robert Bot[/icon]                                                                  [icon]Mischief Stilinski[/icon]
It's Sissy Robert Bot's turn![/color]
[i]’No wait!’ is all Robert can say before you yank his singlet down and pull his thick cock out. As you wrap your lips around it and begin to suck, his knees begin to wobble and he nearly falls over. [/i]

30-12-2017 02:31:19.6 [PRIV] Bot to Mischief Stilinski:
[i]Robert sweeps your legs out from beneath you, sending you sprawling onto your back. You try to scramble away but are stopped in your tracks as Robert stomps down, stopping just before he makes contact with your crotch. You look up at him, fear in your eyes as he says, ‘Now now, stay still or I’ll have to stomp em.’ Then he slowly begins to grind his heel into your cock. Your groin responds and hardens, your cock head popping out from your waistband. ‘Oh, you like this huh?’ He taunts as he wraps his toes around your cock head and starts to rub it. You start leaking precum before he pulls his foot away.[/i]
[icon]Bot Announcer[/icon][color=gray]Sissy Robert Bot used their feet to tease Mischief Stilinski's penis, dealing 20 lust points![/color]
[color=gray]═════════════════ ⭐ [color=purple]Sexfight ring[/color] ⭐ ═════════════════
 [color=red]░░░░░░░░░░░░░░░░▓▓▓▓[/color] ⭐ [color=purple]VS[/color] ⭐ [color=red]▓▓▓▓▓▓▓▓▓░░░░░░░░░░░[/color]
► [icon]Mischief Stilinski[/icon]                                                                  [icon]Sissy Robert Bot[/icon]
It's Mischief Stilinski's turn![/color]

30-12-2017 02:31:19.6 [PRIV] Mischief Stilinski: !attack lips to sex
30-12-2017 02:31:41.2 [PRIV] Bot to Mischief Stilinski:
[icon]Bot Announcer[/icon][color=gray]Mischief Stilinski passed their turn![/color]
[i]Robert giggles to himself. 'You want more? Okay... come here!' He beckons with one hand, staring hungrily at your body and licking his lips.[/i]
[i]Robert takes you down to the mat and straddles you, sitting down on your stomach. You squirm under him, but he keeps you pinned as he reaches back and pulls your engorged cock from your gear. Then, slipping his own singlet down over his ass, he sits back. He flexes those muscular glutes around your shaft, and begins to grind on your, causing you to whimper in need. Then he sits up and grabs your cock with his hand before sitting back, his ass greedily swallowing up your length. Finally, sitting back fully, his ass flexes tightly around your cock, the warm insides of his hole massaging your penis. He begins to buck up and down, riding your like a bronco, threatening to milk your cock with his tight ass. Thankfully he stands up, releasing you.[/i]
[icon]Bot Announcer[/icon][color=gray]Sissy Robert Bot used their ass to tease Mischief Stilinski's penis, dealing 21 lust points![/color]
[color=gray]Sissy Robert Bot made Mischief Stilinski cum! The winner gets $2.00 and the loser gets $1.00, thank you for participating.[/color]
[color=gray]═════════════════ ⭐ [color=purple]Sexfight ring[/color] ⭐ ═════════════════
 [color=red]░░░░░░░░░░░░░░░░░░░░[/color] ⭐ [color=purple]VS[/color] ⭐ [color=red]▓▓▓▓▓▓▓▓▓░░░░░░░░░░░[/color]
► [icon]Mischief Stilinski[/icon]                                                                  [icon]Sissy Robert Bot[/icon]
It's Mischief Stilinski's turn![/color]

[color=gray]════════════════ ⭐ [color=purple]Combat ended[/color] ⭐ ════════════════[/color]

30-12-2017 02:31:41.2 [PRIV] Mischief Stilinski: !pass
30-12-2017 02:32:46.9 [PRIV] Mischief Stilinski: !trainingdummy2 male
30-12-2017 02:32:46.9 [PRIV] Bot to Mischief Stilinski:
[icon]Bot Announcer[/icon][color=gray] Welcome to the training ring! Today we have Mischief Stilinski vs Sissy Robert Bot! Let the match begin![/color]
[color=gray]═════════════════ ⭐ [color=purple]Sexfight ring[/color] ⭐ ═════════════════
 [color=purple]▓▓▓▓▓▓▓▓▓▓▓▓▓▓▓▓▓▓▓▓[/color] ⭐ [color=purple]VS[/color] ⭐ [color=purple]▓▓▓▓▓▓▓▓▓▓▓▓▓▓▓▓▓▓▓▓[/color]
► [icon]Mischief Stilinski[/icon]                                                                  [icon]Sissy Robert Bot[/icon]
It's Mischief Stilinski's turn![/color]

30-12-2017 02:33:37.5 [PRIV] Bot to Mischief Stilinski:
[icon]Bot Announcer[/icon][color=gray]Mischief Stilinski used their tits to tease Sissy Robert Bot's tits, dealing 14 lust points![/color]
[color=gray]═════════════════ ⭐ [color=purple]Sexfight ring[/color] ⭐ ═════════════════
 [color=purple]░░▓▓▓▓▓▓▓▓▓▓▓▓▓▓▓▓▓▓[/color] ⭐ [color=purple]VS[/color] ⭐ [color=purple]▓▓▓▓▓▓▓▓▓▓▓▓▓▓▓▓▓▓▓▓[/color]
► [icon]Sissy Robert Bot[/icon]                                                                  [icon]Mischief Stilinski[/icon]
It's Sissy Robert Bot's turn![/color]
[i]Robert grunts as you squeeze him, shoving your chest against his.[/i]

30-12-2017 02:33:37.5 [PRIV] Bot to Mischief Stilinski:
[i]Robert wraps and arm around your head, falling to the canvas with your trapped underneath him in a headlock. Your face is shoved into his muscular chest and he crams his meaty pec into your mouth, forcing you to lick the salty sweat from his chest.[/i]
[icon]Bot Announcer[/icon][color=gray]Sissy Robert Bot used their tits to tease Mischief Stilinski's lips, dealing 19 lust points![/color]
[color=gray]═════════════════ ⭐ [color=purple]Sexfight ring[/color] ⭐ ═════════════════
 [color=purple]░░░▓▓▓▓▓▓▓▓▓▓▓▓▓▓▓▓▓[/color] ⭐ [color=purple]VS[/color] ⭐ [color=purple]▓▓▓▓▓▓▓▓▓▓▓▓▓▓▓▓▓▓░░[/color]
► [icon]Mischief Stilinski[/icon]                                                                  [icon]Sissy Robert Bot[/icon]
It's Mischief Stilinski's turn![/color]

30-12-2017 02:33:37.5 [PRIV] Mischief Stilinski: !attack tits to tits
30-12-2017 02:33:49.8 [PRIV] Bot to Mischief Stilinski:
[icon]Bot Announcer[/icon][color=gray]Mischief Stilinski used their lips to tease Sissy Robert Bot's tits, dealing 16 lust points![/color]
[color=gray]═════════════════ ⭐ [color=purple]Sexfight ring[/color] ⭐ ═════════════════
 [color=purple]░░░░░░▓▓▓▓▓▓▓▓▓▓▓▓▓▓[/color] ⭐ [color=purple]VS[/color] ⭐ [color=purple]▓▓▓▓▓▓▓▓▓▓▓▓▓▓▓▓▓░░░[/color]
► [icon]Sissy Robert Bot[/icon]                                                                  [icon]Mischief Stilinski[/icon]
It's Sissy Robert Bot's turn![/color]
[i]Robert gasps as your lips clamp onto his nipples and your tongue swirls around his sensitive chest, causing his cock to swell.[/i]

30-12-2017 02:33:49.8 [PRIV] Bot to Mischief Stilinski:
[i]Robert produces a double-ended dildo and stalks over to you. Shoving your forcefully into a corner he turns you around and works the dildo into your tight pucker. Then, he turns around and does the same to his own anus. After both ends of the dildo are inside each of you respectively, he begins to push his hips back, riding the dildo and causing it to fuck your own hole.[/i]
[icon]Bot Announcer[/icon][color=gray]Sissy Robert Bot used their ass to tease Mischief Stilinski's ass, dealing 11 lust points![/color]
[color=gray]═════════════════ ⭐ [color=purple]Sexfight ring[/color] ⭐ ═════════════════
 [color=purple]░░░░░░▓▓▓▓▓▓▓▓▓▓▓▓▓▓[/color] ⭐ [color=purple]VS[/color] ⭐ [color=purple]▓▓▓▓▓▓▓▓▓▓▓▓▓▓░░░░░░[/color]
► [icon]Mischief Stilinski[/icon]                                                                  [icon]Sissy Robert Bot[/icon]
It's Mischief Stilinski's turn![/color]

30-12-2017 02:33:49.8 [PRIV] Mischief Stilinski: !attack lips to tits
30-12-2017 02:33:58.8 [PRIV] Bot to Mischief Stilinski:
[icon]Bot Announcer[/icon][color=gray]Mischief Stilinski used their tits to tease Sissy Robert Bot's lips, dealing 11 lust points![/color]
[color=gray]═════════════════ ⭐ [color=purple]Sexfight ring[/color] ⭐ ═════════════════
 [color=purple]░░░░░░░░▓▓▓▓▓▓▓▓▓▓▓▓[/color] ⭐ [color=purple]VS[/color] ⭐ [color=purple]▓▓▓▓▓▓▓▓▓▓▓▓▓▓░░░░░░[/color]
► [icon]Sissy Robert Bot[/icon]                                                                  [icon]Mischief Stilinski[/icon]
It's Sissy Robert Bot's turn![/color]
[i]Robert swings his arms wildly as his mouth is shoved onto your nipple and forced to suck like a nursing babe. When you finally release him, he pulls back and gasps for air.[/i]

30-12-2017 02:33:58.8 [PRIV] Bot to Mischief Stilinski:
[i]Robert takes you down to the mat and breaks out some, frankly, impressive wrestling skills you didn’t know he had. You’re lying on your stomach when he grabs your arms and pulls them up painfully behind your back. You start to roll, reflexively as he walks his legs around your body until you’re lying on your back. Taking one big step with his right leg, he stomps down on the other side of your head. Now, with both legs on either side of your head, he uses that right legs to scoop up your head, and locks his ankle behind his left knee, clamping in a figure-four. You are pinned down to the mat, your face shoved into Robert’s ass and balls. He flexes his thighs around your head and arches his back up, causing your head to be shoved even deeper into the hold. You can barely make out what he’s saying, ‘How do you like my headscissors, bitch?’ He asks, laughing sadistically. Helpless to escape, he eventually lets up and gets off of you.[/i]
[icon]Bot Announcer[/icon][color=gray]Sissy Robert Bot used their ass to tease Mischief Stilinski's lips, dealing 13 lust points![/color]
[color=gray]═════════════════ ⭐ [color=purple]Sexfight ring[/color] ⭐ ═════════════════
 [color=purple]░░░░░░░░▓▓▓▓▓▓▓▓▓▓▓▓[/color] ⭐ [color=purple]VS[/color] ⭐ [color=purple]▓▓▓▓▓▓▓▓▓▓▓▓░░░░░░░░[/color]
► [icon]Mischief Stilinski[/icon]                                                                  [icon]Sissy Robert Bot[/icon]
It's Mischief Stilinski's turn![/color]

30-12-2017 02:33:58.8 [PRIV] Mischief Stilinski: !attack tits to lips
30-12-2017 02:34:18.0 [PRIV] Bot to Mischief Stilinski:
[icon]Bot Announcer[/icon][color=gray]Mischief Stilinski passed their turn![/color]
[i]Robert giggles to himself. 'You want more? Okay... come here!' He beckons with one hand, staring hungrily at your body and licking his lips.[/i]
[i]Robert sweeps your legs out from beneath you, sending you sprawling onto your back. You try to scramble away but are stopped in your tracks as Robert stomps down, stopping just before he makes contact with your crotch. You look up at him, fear in your eyes as he says, ‘Now now, stay still or I’ll have to stomp em.’ Then he slowly begins to grind his heel into your cock. Your groin responds and hardens, your cock head popping out from your waistband. ‘Oh, you like this huh?’ He taunts as he wraps his toes around your cock head and starts to rub it. You start leaking precum before he pulls his foot away.[/i]
[icon]Bot Announcer[/icon][color=gray]Sissy Robert Bot used their feet to tease Mischief Stilinski's penis, dealing 16 lust points![/color]
[color=gray]═════════════════ ⭐ [color=purple]Sexfight ring[/color] ⭐ ═════════════════
 [color=red]░░░░░░░░░░░▓▓▓▓▓▓▓▓▓[/color] ⭐ [color=purple]VS[/color] ⭐ [color=purple]▓▓▓▓▓▓▓▓▓▓▓▓░░░░░░░░[/color]
► [icon]Mischief Stilinski[/icon]                                                                  [icon]Sissy Robert Bot[/icon]
It's Mischief Stilinski's turn![/color]

30-12-2017 02:34:18.0 [PRIV] Mischief Stilinski: !pass
30-12-2017 02:34:52.3 [PRIV] Bot to Mischief Stilinski:
[icon]Bot Announcer[/icon][color=gray]Mischief Stilinski passed their turn![/color]
[i]Robert giggles to himself. 'You want more? Okay... come here!' He beckons with one hand, staring hungrily at your body and licking his lips.[/i]
[i]Robert sweeps your legs out from beneath you, sending you sprawling onto your back. You try to scramble away but are stopped in your tracks as Robert stomps down, stopping just before he makes contact with your crotch. You look up at him, fear in your eyes as he says, ‘Now now, stay still or I’ll have to stomp em.’ Then he slowly begins to grind his heel into your cock. Your groin responds and hardens, your cock head popping out from your waistband. ‘Oh, you like this huh?’ He taunts as he wraps his toes around your cock head and starts to rub it. You start leaking precum before he pulls his foot away.[/i]
[icon]Bot Announcer[/icon][color=gray]Sissy Robert Bot used their feet to tease Mischief Stilinski's penis, dealing 12 lust points![/color]
[color=gray]═════════════════ ⭐ [color=purple]Sexfight ring[/color] ⭐ ═════════════════
 [color=red]░░░░░░░░░░░░░░▓▓▓▓▓▓[/color] ⭐ [color=purple]VS[/color] ⭐ [color=purple]▓▓▓▓▓▓▓▓▓▓▓▓░░░░░░░░[/color]
► [icon]Mischief Stilinski[/icon]                                                                  [icon]Sissy Robert Bot[/icon]
It's Mischief Stilinski's turn![/color]

30-12-2017 02:34:52.3 [PRIV] Mischief Stilinski: !pass
30-12-2017 02:35:02.7 [PRIV] Bot to Mischief Stilinski:
[icon]Bot Announcer[/icon][color=gray]Mischief Stilinski passed their turn![/color]
[i]Robert giggles to himself. 'You want more? Okay... come here!' He beckons with one hand, staring hungrily at your body and licking his lips.[/i]
[i]Robert sweeps behind you and wraps his muscled arms around your waist and lifts you up. Slamming you to the mat, he flexes and jiggles his meaty pecs against your ass.[/i]
[icon]Bot Announcer[/icon][color=gray]Sissy Robert Bot used their tits to tease Mischief Stilinski's ass, dealing 15 lust points![/color]
[color=gray]═════════════════ ⭐ [color=purple]Sexfight ring[/color] ⭐ ═════════════════
 [color=red]░░░░░░░░░░░░░░░░░▓▓▓[/color] ⭐ [color=purple]VS[/color] ⭐ [color=purple]▓▓▓▓▓▓▓▓▓▓▓▓░░░░░░░░[/color]
► [icon]Mischief Stilinski[/icon]                                                                  [icon]Sissy Robert Bot[/icon]
It's Mischief Stilinski's turn![/color]

30-12-2017 02:35:02.7 [PRIV] Mischief Stilinski: !pass
30-12-2017 02:35:11.8 [PRIV] Bot to Mischief Stilinski:
[icon]Bot Announcer[/icon][color=gray]Mischief Stilinski used their lips to tease Sissy Robert Bot's sex, dealing 18 lust points![/color]
[color=gray]═════════════════ ⭐ [color=purple]Sexfight ring[/color] ⭐ ═════════════════
 [color=red]░░░░░░░░░░░▓▓▓▓▓▓▓▓▓[/color] ⭐ [color=purple]VS[/color] ⭐ [color=red]▓▓▓░░░░░░░░░░░░░░░░░[/color]
► [icon]Sissy Robert Bot[/icon]                                                                  [icon]Mischief Stilinski[/icon]
It's Sissy Robert Bot's turn![/color]
[i]’No wait!’ is all Robert can say before you yank his singlet down and pull his thick cock out. As you wrap your lips around it and begin to suck, his knees begin to wobble and he nearly falls over. [/i]

30-12-2017 02:35:11.8 [PRIV] Bot to Mischief Stilinski:
[i]Robert takes you down to the mat and straddles you, sitting down on your stomach. You squirm under him, but he keeps you pinned as he reaches back and pulls your engorged cock from your gear. Then, slipping his own singlet down over his ass, he sits back. He flexes those muscular glutes around your shaft, and begins to grind on your, causing you to whimper in need. Then he sits up and grabs your cock with his hand before sitting back, his ass greedily swallowing up your length. Finally, sitting back fully, his ass flexes tightly around your cock, the warm insides of his hole massaging your penis. He begins to buck up and down, riding your like a bronco, threatening to milk your cock with his tight ass. Thankfully he stands up, releasing you.[/i]
[icon]Bot Announcer[/icon][color=gray]Sissy Robert Bot used their ass to tease Mischief Stilinski's penis, dealing 13 lust points![/color]
[color=gray]═════════════════ ⭐ [color=purple]Sexfight ring[/color] ⭐ ═════════════════
 [color=red]░░░░░░░░░░░░░░░░░░░▓[/color] ⭐ [color=purple]VS[/color] ⭐ [color=red]▓▓▓▓▓▓▓▓▓░░░░░░░░░░░[/color]
► [icon]Mischief Stilinski[/icon]                                                                  [icon]Sissy Robert Bot[/icon]
It's Mischief Stilinski's turn![/color]

30-12-2017 02:35:11.8 [PRIV] Mischief Stilinski: !attack lips to sex
30-12-2017 02:35:45.5 [PRIV] Bot to Mischief Stilinski:
[icon]Bot Announcer[/icon][color=gray]Mischief Stilinski used their sex to tease Sissy Robert Bot's sex, dealing 17 lust points![/color]
[color=gray]═════════════════ ⭐ [color=purple]Sexfight ring[/color] ⭐ ═════════════════
 [color=red]░░░░░░░░░░░░░░░▓▓▓▓▓[/color] ⭐ [color=purple]VS[/color] ⭐ [color=red]▓░░░░░░░░░░░░░░░░░░░[/color]
► [icon]Sissy Robert Bot[/icon]                                                                  [icon]Mischief Stilinski[/icon]
It's Sissy Robert Bot's turn![/color]
[i]Robert’s cock swells to meet yours as you begin to grind against him. ‘Agh… fuck no more, please’ he whines.[/i]

30-12-2017 02:35:45.5 [PRIV] Bot to Mischief Stilinski:
[i]Robert grabs you around the waist and lifts you up over his shoulder. Walking around with your helplessly kicking, he spanks you a few times before drawing down the waistband of your gear. Soon, you start to kick like mad as he plunges a finger into your pucker.[/i]
[icon]Bot Announcer[/icon][color=gray]Sissy Robert Bot used their fingers to tease Mischief Stilinski's ass, dealing 12 lust points![/color]
[color=gray]Sissy Robert Bot made Mischief Stilinski cum! The winner gets $2.00 and the loser gets $1.00, thank you for participating.[/color]
[color=gray]═════════════════ ⭐ [color=purple]Sexfight ring[/color] ⭐ ═════════════════
 [color=red]░░░░░░░░░░░░░░░░░░░░[/color] ⭐ [color=purple]VS[/color] ⭐ [color=red]▓▓▓▓▓░░░░░░░░░░░░░░░[/color]
► [icon]Mischief Stilinski[/icon]                                                                  [icon]Sissy Robert Bot[/icon]
It's Mischief Stilinski's turn![/color]

[color=gray]════════════════ ⭐ [color=purple]Combat ended[/color] ⭐ ════════════════[/color]

30-12-2017 02:35:45.5 [PRIV] Mischief Stilinski: !attack sex to sex
30-12-2017 10:58:22.1 [ROOM] Kenia Nya: Hello everyone! How's it going?
30-12-2017 15:18:17.6 [ROOM] Kenia Nya: Hello everyone! How's it going?
30-12-2017 15:19:06.4 [ROOM] Rix: EY
30-12-2017 15:26:57.2 [ROOM] Kenia Nya: Hey~
30-12-2017 15:27:01.2 [ROOM] Kenia Nya: How are you Rix?
30-12-2017 15:27:14.4 [ROOM] Rix: 'm good!
30-12-2017 15:27:47.2 [ROOM] Kenia Nya: Nice~
30-12-2017 16:06:29.3 [PRIV] Bot to Khalyra:You need to specify your gender. Options: male, female, shemale and herm.
30-12-2017 16:06:29.3 [PRIV] Khalyra: !trainingdummy2
30-12-2017 16:06:44.7 [PRIV] Khalyra: !trainingdummy2 female
30-12-2017 16:06:44.8 [PRIV] Bot to Khalyra:
[icon]Bot Announcer[/icon][color=gray] Welcome to the training ring! Today we have Khalyra vs Sissy Robert Bot! Let the match begin![/color]
[color=gray]═════════════════ ⭐ [color=purple]Sexfight ring[/color] ⭐ ═════════════════
 [color=purple]▓▓▓▓▓▓▓▓▓▓▓▓▓▓▓▓▓▓▓▓[/color] ⭐ [color=purple]VS[/color] ⭐ [color=purple]▓▓▓▓▓▓▓▓▓▓▓▓▓▓▓▓▓▓▓▓[/color]
► [icon]Khalyra[/icon]                                                                  [icon]Sissy Robert Bot[/icon]
It's Khalyra's turn![/color]

30-12-2017 16:07:00.0 [PRIV] Khalyra: !fingers to ass
30-12-2017 16:08:05.6 [PRIV] Bot to Khalyra:
[icon]Bot Announcer[/icon][color=gray]Khalyra used their fingers to tease Sissy Robert Bot's ass, dealing 16 lust points![/color]
[color=gray]═════════════════ ⭐ [color=purple]Sexfight ring[/color] ⭐ ═════════════════
 [color=purple]░░░▓▓▓▓▓▓▓▓▓▓▓▓▓▓▓▓▓[/color] ⭐ [color=purple]VS[/color] ⭐ [color=purple]▓▓▓▓▓▓▓▓▓▓▓▓▓▓▓▓▓▓▓▓[/color]
► [icon]Sissy Robert Bot[/icon]                                                                  [icon]Khalyra[/icon]
It's Sissy Robert Bot's turn![/color]
[i]Robert grits his teeth as you shove a finger into his sphincter, causing him to rise onto his toes as his pucker squeezes around your digits.[/i]

30-12-2017 16:08:05.6 [PRIV] Bot to Khalyra:
[i]Robert crams his fingers into your mouth, swirling them around. ‘Just getting your ready for something bigger sweetheart,’ He boasts.[/i]
[icon]Bot Announcer[/icon][color=gray]Sissy Robert Bot used their fingers to tease Khalyra's lips, dealing 6 lust points![/color]
[color=gray]═════════════════ ⭐ [color=purple]Sexfight ring[/color] ⭐ ═════════════════
 [color=purple]░▓▓▓▓▓▓▓▓▓▓▓▓▓▓▓▓▓▓▓[/color] ⭐ [color=purple]VS[/color] ⭐ [color=purple]▓▓▓▓▓▓▓▓▓▓▓▓▓▓▓▓▓░░░[/color]
► [icon]Khalyra[/icon]                                                                  [icon]Sissy Robert Bot[/icon]
It's Khalyra's turn![/color]

30-12-2017 16:08:05.6 [PRIV] Khalyra: !attack fingers to ass
30-12-2017 16:08:33.9 [PRIV] Bot to Khalyra:
[icon]Bot Announcer[/icon][color=gray]Khalyra used their fingers to tease Sissy Robert Bot's tits, dealing 21 lust points![/color]
[color=gray]═════════════════ ⭐ [color=purple]Sexfight ring[/color] ⭐ ═════════════════
 [color=purple]░░░░░░░▓▓▓▓▓▓▓▓▓▓▓▓▓[/color] ⭐ [color=purple]VS[/color] ⭐ [color=purple]▓▓▓▓▓▓▓▓▓▓▓▓▓▓▓▓▓▓▓░[/color]
► [icon]Sissy Robert Bot[/icon]                                                                  [icon]Khalyra[/icon]
It's Sissy Robert Bot's turn![/color]
[i]Robert moans in his throat as you clamp onto his meaty pecs with your hands and squeeze. ‘Fuuuck…’[/i]

30-12-2017 16:08:33.9 [PRIV] Bot to Khalyra:
[i]Robert looks at you with a predatory hunger in his eyes. Picking you up and slamming you to the mat, he struggles with your undergarments, pulling them down as he frees his thick shaft from his singlet. Pinning your arms above your head with one of his hands, he uses the other to guide his engorged cock straight towards your cunt. ‘You’re a lucky little bitch to get fucked by me,’ he taunts as he slides all the way in, slowly at first. Then he pulls out and shoves in again. And again. Until he is thrusting back and forth into your pussy. Your toes curl as he uses his free hand to tickle and stimulate your clit. Just when you think he’s going to fuck your brains out, he pulls his cock free of your slit and stands up.[/i]
[icon]Bot Announcer[/icon][color=gray]Sissy Robert Bot used their sex to tease Khalyra's vagina, dealing 6 lust points![/color]
[color=gray]═════════════════ ⭐ [color=purple]Sexfight ring[/color] ⭐ ═════════════════
 [color=purple]░░▓▓▓▓▓▓▓▓▓▓▓▓▓▓▓▓▓▓[/color] ⭐ [color=purple]VS[/color] ⭐ [color=purple]▓▓▓▓▓▓▓▓▓▓▓▓▓░░░░░░░[/color]
► [icon]Khalyra[/icon]                                                                  [icon]Sissy Robert Bot[/icon]
It's Khalyra's turn![/color]

30-12-2017 16:08:33.9 [PRIV] Khalyra: !attack fingers to tits
30-12-2017 16:09:20.6 [PRIV] Bot to Khalyra:
[icon]Bot Announcer[/icon][color=gray]Khalyra used their sex to tease Sissy Robert Bot's tits, dealing 15 lust points![/color]
[color=gray]═════════════════ ⭐ [color=purple]Sexfight ring[/color] ⭐ ═════════════════
 [color=red]░░░░░░░░░░▓▓▓▓▓▓▓▓▓▓[/color] ⭐ [color=purple]VS[/color] ⭐ [color=purple]▓▓▓▓▓▓▓▓▓▓▓▓▓▓▓▓▓▓░░[/color]
► [icon]Sissy Robert Bot[/icon]                                                                  [icon]Khalyra[/icon]
It's Sissy Robert Bot's turn![/color]
[i]Robert looks up at you, wide eyed as you sit down, rubbing your cunt against his chest. His cock tents in his singlet as he watches you rub yourself all over his muscled chest.[/i]

30-12-2017 16:09:20.6 [PRIV] Bot to Khalyra:
[i]Robert trips you and then drops down on top of you. He slowly snakes his way up your body, starting out from your feet. Never breaking eye-contact until he gets over your cunt. He stops and drops down, rubbing his chest against your groin. It is… certainly an experience.[/i]
[icon]Bot Announcer[/icon][color=gray]Sissy Robert Bot used their tits to tease Khalyra's vagina, dealing 6 lust points![/color]
[color=gray]═════════════════ ⭐ [color=purple]Sexfight ring[/color] ⭐ ═════════════════
 [color=purple]░░░▓▓▓▓▓▓▓▓▓▓▓▓▓▓▓▓▓[/color] ⭐ [color=purple]VS[/color] ⭐ [color=red]▓▓▓▓▓▓▓▓▓▓░░░░░░░░░░[/color]
► [icon]Khalyra[/icon]                                                                  [icon]Sissy Robert Bot[/icon]
It's Khalyra's turn![/color]

30-12-2017 16:09:20.6 [PRIV] Khalyra: !attack sex to tits
30-12-2017 16:09:49.1 [PRIV] Bot to Khalyra:Invalid body parts. Example of valid ones: lips, fingers, tits, sex, ass, feet. Also remember to use 'to', example: !attack tits to lips. To see the full list, check the bot profile.
30-12-2017 16:09:49.1 [PRIV] Khalyra: !attack ass to face
30-12-2017 16:10:01.2 [PRIV] Bot to Khalyra:
[icon]Bot Announcer[/icon][color=gray]Khalyra used their ass to tease Sissy Robert Bot's lips, dealing 15 lust points![/color]
[color=gray]═════════════════ ⭐ [color=purple]Sexfight ring[/color] ⭐ ═════════════════
 [color=red]░░░░░░░░░░░░░▓▓▓▓▓▓▓[/color] ⭐ [color=purple]VS[/color] ⭐ [color=purple]▓▓▓▓▓▓▓▓▓▓▓▓▓▓▓▓▓░░░[/color]
► [icon]Sissy Robert Bot[/icon]                                                                  [icon]Khalyra[/icon]
It's Sissy Robert Bot's turn![/color]
[i]Roberts eyes fly open as you sit back on his face. He screams but it is muffled under your rump. He tries to bridge up and escape, but is unable to and is completely at your mercy as you grind on his face, causing a tent to form in his singlet.[/i]

30-12-2017 16:10:01.2 [PRIV] Bot to Khalyra:
[i]Robert sweeps your legs out from under you, sending you falling flat on your back. Before you hit the mat, he’s there on top of you, flexing and straddling your chest. Pulling his cock from his singlet, he begins to grind down on you, rubbing his own shaft down the center of your chest.[/i]
[icon]Bot Announcer[/icon][color=gray]Sissy Robert Bot used their sex to tease Khalyra's tits, dealing 4 lust points![/color]
[color=gray]═════════════════ ⭐ [color=purple]Sexfight ring[/color] ⭐ ═════════════════
 [color=purple]░░░░▓▓▓▓▓▓▓▓▓▓▓▓▓▓▓▓[/color] ⭐ [color=purple]VS[/color] ⭐ [color=red]▓▓▓▓▓▓▓░░░░░░░░░░░░░[/color]
► [icon]Khalyra[/icon]                                                                  [icon]Sissy Robert Bot[/icon]
It's Khalyra's turn![/color]

30-12-2017 16:10:01.2 [PRIV] Khalyra: !attack ass to lips
30-12-2017 16:10:30.0 [PRIV] Bot to Khalyra:
[icon]Bot Announcer[/icon][color=gray]Khalyra passed their turn![/color]
[i]Robert giggles to himself. 'You want more? Okay... come here!' He beckons with one hand, staring hungrily at your body and licking his lips.[/i]
[i]Robert throws you to the ground. As you lie on your back and look up you see Robert standing over you, facing towards your feet. He holds his hands up behind his head and shakes his hips seductively and drops down, planting his muscled ass down on your chest. He grinds those hips against your chest, his hard glutes crushing you.[/i]
[icon]Bot Announcer[/icon][color=gray]Sissy Robert Bot used their ass to tease Khalyra's tits, dealing 9 lust points![/color]
[color=gray]═════════════════ ⭐ [color=purple]Sexfight ring[/color] ⭐ ═════════════════
 [color=purple]░░░░░░▓▓▓▓▓▓▓▓▓▓▓▓▓▓[/color] ⭐ [color=purple]VS[/color] ⭐ [color=red]▓▓▓▓▓▓▓░░░░░░░░░░░░░[/color]
► [icon]Khalyra[/icon]                                                                  [icon]Sissy Robert Bot[/icon]
It's Khalyra's turn![/color]

30-12-2017 16:10:30.0 [PRIV] Khalyra: !pass
30-12-2017 16:10:59.2 [PRIV] Bot to Khalyra:
[icon]Bot Announcer[/icon][color=gray]Khalyra passed their turn![/color]
[i]Robert giggles to himself. 'You want more? Okay... come here!' He beckons with one hand, staring hungrily at your body and licking his lips.[/i]
[i]Robert thrusts his hands forward, taking hold of your chest, kneading and rubbing your nipples with his thumbs.[/i]
[icon]Bot Announcer[/icon][color=gray]Sissy Robert Bot used their fingers to tease Khalyra's tits, dealing 11 lust points![/color]
[color=gray]═════════════════ ⭐ [color=purple]Sexfight ring[/color] ⭐ ═════════════════
 [color=purple]░░░░░░░░▓▓▓▓▓▓▓▓▓▓▓▓[/color] ⭐ [color=purple]VS[/color] ⭐ [color=red]▓▓▓▓▓▓▓░░░░░░░░░░░░░[/color]
► [icon]Khalyra[/icon]                                                                  [icon]Sissy Robert Bot[/icon]
It's Khalyra's turn![/color]

30-12-2017 16:10:59.2 [PRIV] Khalyra: !pass
30-12-2017 16:11:12.3 [PRIV] Bot to Khalyra:
[icon]Bot Announcer[/icon][color=gray]Khalyra passed their turn![/color]
[i]Robert giggles to himself. 'You want more? Okay... come here!' He beckons with one hand, staring hungrily at your body and licking his lips.[/i]
[i]Robert produces a double-ended dildo and stalks over to you. Shoving your forcefully into a corner he turns you around and works the dildo into your tight pucker. Then, he turns around and does the same to his own anus. After both ends of the dildo are inside each of you respectively, he begins to push his hips back, riding the dildo and causing it to fuck your own hole.[/i]
[icon]Bot Announcer[/icon][color=gray]Sissy Robert Bot used their ass to tease Khalyra's ass, dealing 15 lust points![/color]
[color=gray]═════════════════ ⭐ [color=purple]Sexfight ring[/color] ⭐ ═════════════════
 [color=red]░░░░░░░░░░░▓▓▓▓▓▓▓▓▓[/color] ⭐ [color=purple]VS[/color] ⭐ [color=red]▓▓▓▓▓▓▓░░░░░░░░░░░░░[/color]
► [icon]Khalyra[/icon]                                                                  [icon]Sissy Robert Bot[/icon]
It's Khalyra's turn![/color]

30-12-2017 16:11:12.3 [PRIV] Khalyra: !pass
30-12-2017 16:11:43.2 [PRIV] Bot to Khalyra:
[icon]Bot Announcer[/icon][color=gray]Khalyra used their ass to tease Sissy Robert Bot's ass, dealing 20 lust points![/color]
[color=gray]═════════════════ ⭐ [color=purple]Sexfight ring[/color] ⭐ ═════════════════
 [color=red]░░░░░░░░░░░░░░░░░▓▓▓[/color] ⭐ [color=purple]VS[/color] ⭐ [color=red]▓▓▓▓▓▓▓▓▓░░░░░░░░░░░[/color]
► [icon]Sissy Robert Bot[/icon]                                                                  [icon]Khalyra[/icon]
It's Sissy Robert Bot's turn![/color]
[i]Robert looks skeptically at you as you produce a double ended dildo. ‘What are you doing with that’ he asks nervously as you shove it into your own anus. ‘Wait, no don’t do that’ he continues as you make your way to him and shove the other end into his anus. He struggles at first but eventually his eyes flutter shut as he moans and thrusts down onto the dildo.[/i]

30-12-2017 16:11:43.2 [PRIV] Bot to Khalyra:
[i]Robert barrels into you, taking you both down to the mat. As you two struggle, twisting around for dominance, limbs entangled with one another’s, he flips you over onto your stomach. Suddenly you feel him yank down your waist band and slap your bare ass. You try to struggle free but he holds you down, a hand on the back of your neck. You hear him spit then suddenly you feel it. A finger probing the inside of your sphincter. You kick and struggle to no avail. The finger turns to two, then three, and finally they are removed only to be replaced by Robert’s swollen cock. Slowly he goes all the way in. Then he pulls out and thrusts in again until he is humping you like a dog in heat, his shaft wrecking the inside of your tight pucker before he pulls out.[/i]
[icon]Bot Announcer[/icon][color=gray]Sissy Robert Bot used their sex to tease Khalyra's ass, dealing 5 lust points![/color]
[color=gray]═════════════════ ⭐ [color=purple]Sexfight ring[/color] ⭐ ═════════════════
 [color=red]░░░░░░░░░░░░▓▓▓▓▓▓▓▓[/color] ⭐ [color=purple]VS[/color] ⭐ [color=red]▓▓▓░░░░░░░░░░░░░░░░░[/color]
► [icon]Khalyra[/icon]                                                                  [icon]Sissy Robert Bot[/icon]
It's Khalyra's turn![/color]

30-12-2017 16:11:43.2 [PRIV] Khalyra: !attack ass to ass
30-12-2017 16:12:28.0 [PRIV] Bot to Khalyra:
[icon]Bot Announcer[/icon][color=gray]Khalyra used their feet to tease Sissy Robert Bot's sex, dealing 17 lust points![/color]
[color=gray]Khalyra made Sissy Robert Bot cum! The winner gets $2.00 and the loser gets $1.00, thank you for participating.[/color]
[color=gray]═════════════════ ⭐ [color=purple]Sexfight ring[/color] ⭐ ═════════════════
 [color=red]░░░░░░░░░░░░░░░░░░░░[/color] ⭐ [color=purple]VS[/color] ⭐ [color=red]▓▓▓▓▓▓▓▓░░░░░░░░░░░░[/color]
► [icon]Sissy Robert Bot[/icon]                                                                  [icon]Khalyra[/icon]
It's Sissy Robert Bot's turn![/color]

[color=gray]════════════════ ⭐ [color=purple]Combat ended[/color] ⭐ ════════════════[/color]
[i]Robert lays on the mat, looking up at you standing ominously over him. ‘What are you gonna do?’ he asks, watching you warily. You answer by planting your foot onto his cock and beginning to tease, which causes Robert to moan and hump your foot needily.[/i]

30-12-2017 16:12:28.0 [PRIV] Bot to Khalyra:

30-12-2017 16:12:28.0 [PRIV] Khalyra: !attack feet to sex
30-12-2017 21:23:34.6 [PRIV] 8addest 8itch: !trainingdummy male
30-12-2017 21:23:34.7 [PRIV] Bot to 8addest 8itch:
[icon]Bot Announcer[/icon][color=gray] Welcome to the training ring! Today we have 8addest 8itch vs Yuni Hermit! Let the match begin![/color]
[color=gray]═════════════════ ⭐ [color=purple]Sexfight ring[/color] ⭐ ═════════════════
 [color=purple]▓▓▓▓▓▓▓▓▓▓▓▓▓▓▓▓▓▓▓▓[/color] ⭐ [color=purple]VS[/color] ⭐ [color=purple]▓▓▓▓▓▓▓▓▓▓▓▓▓▓▓▓▓▓▓▓[/color]
► [icon]8addest 8itch[/icon]                                                                  [icon]Yuni Hermit[/icon]
It's 8addest 8itch's turn![/color]

30-12-2017 21:23:54.0 [PRIV] Bot to 8addest 8itch:
[icon]Bot Announcer[/icon][color=gray]8addest 8itch used their cock to tease Yuni Hermit's cock, dealing 12 lust points![/color]
[color=gray]═════════════════ ⭐ [color=purple]Sexfight ring[/color] ⭐ ═════════════════
 [color=purple]░░▓▓▓▓▓▓▓▓▓▓▓▓▓▓▓▓▓▓[/color] ⭐ [color=purple]VS[/color] ⭐ [color=purple]▓▓▓▓▓▓▓▓▓▓▓▓▓▓▓▓▓▓▓▓[/color]
► [icon]Yuni Hermit[/icon]                                                                  [icon]8addest 8itch[/icon]
It's Yuni Hermit's turn![/color]
[i]Yuni can't resist a cock. She drops to her back, spreading her legs then rolling them back in an exaggerated missionary position. 'Fuck meeee!' she groans. Her nethers are warm, wet, and squish around your cock like a velvet vicegrip when you insert, her blushing, breasts bouncing, eyes crossed with mindless lust as she accepts every thrust you have. She gasps and groans, tongue drooling, pussy soaking your groin with arousal as you fuck her silly. 'M... more... don't stop!'[/i]

30-12-2017 21:23:54.0 [PRIV] Bot to 8addest 8itch:
[i]Yuni pushes you onto your back, dropping her massive mammaries onto your groin. She enwraps her jugs around her breasts and starts a tit-quake, jerking you off forcefully with her breasts, blowing you a kiss as she does.[/i]
[icon]Bot Announcer[/icon][color=gray]Yuni Hermit used their tits to tease 8addest 8itch's penis, dealing 12 lust points![/color]
[color=gray]═════════════════ ⭐ [color=purple]Sexfight ring[/color] ⭐ ═════════════════
 [color=purple]░░▓▓▓▓▓▓▓▓▓▓▓▓▓▓▓▓▓▓[/color] ⭐ [color=purple]VS[/color] ⭐ [color=purple]▓▓▓▓▓▓▓▓▓▓▓▓▓▓▓▓▓▓░░[/color]
► [icon]8addest 8itch[/icon]                                                                  [icon]Yuni Hermit[/icon]
It's 8addest 8itch's turn![/color]

30-12-2017 21:23:54.0 [PRIV] 8addest 8itch: !attack cock to cock
30-12-2017 21:24:03.6 [PRIV] Bot to 8addest 8itch:
[icon]Bot Announcer[/icon][color=gray]8addest 8itch used their cock to tease Yuni Hermit's ass, dealing 13 lust points![/color]
[color=gray]═════════════════ ⭐ [color=purple]Sexfight ring[/color] ⭐ ═════════════════
 [color=purple]░░░░░▓▓▓▓▓▓▓▓▓▓▓▓▓▓▓[/color] ⭐ [color=purple]VS[/color] ⭐ [color=purple]▓▓▓▓▓▓▓▓▓▓▓▓▓▓▓▓▓▓░░[/color]
► [icon]Yuni Hermit[/icon]                                                                  [icon]8addest 8itch[/icon]
It's Yuni Hermit's turn![/color]
[i]'You want to.... yes, please, PLEASE!' she begs. She drops down into a submissive doggy-style, turning around and using her breasts as suspension so her paws can hold her ass-cheeks apart. 'Fuck my ass!!' Once her pucker is full and warm, she practically melts... face going vapid, tongue lolling out. 'Yeeesss... I love anal...' Her well-practiced hole accepts you to the hilt, a cute 'MMF!' coming from her mouth on every thrust, breath matching your timing perfectly. '... More, more, more!! Please?! I'm gonna cum...'[/i]

30-12-2017 21:24:03.6 [PRIV] Bot to 8addest 8itch:
[i]Yuni spins you around with a spank, and drops to her knees behind you. Lips touch pucker moments later, the wolf licking your ass like she's at a dog park with you. Lips suckling on your pucker, her tongue shoves inside and explores before pulling out with a loud, vulgar *SLURP*.[/i]
[icon]Bot Announcer[/icon][color=gray]Yuni Hermit used their lips to tease 8addest 8itch's ass, dealing 12 lust points![/color]
[color=gray]═════════════════ ⭐ [color=purple]Sexfight ring[/color] ⭐ ═════════════════
 [color=purple]░░░░▓▓▓▓▓▓▓▓▓▓▓▓▓▓▓▓[/color] ⭐ [color=purple]VS[/color] ⭐ [color=purple]▓▓▓▓▓▓▓▓▓▓▓▓▓▓▓░░░░░[/color]
► [icon]8addest 8itch[/icon]                                                                  [icon]Yuni Hermit[/icon]
It's 8addest 8itch's turn![/color]

30-12-2017 21:24:03.6 [PRIV] 8addest 8itch: !attack cock to ass
30-12-2017 21:24:16.9 [PRIV] Bot to 8addest 8itch:
[icon]Bot Announcer[/icon][color=gray]8addest 8itch used their cock to tease Yuni Hermit's mouth, dealing 12 lust points![/color]
[color=gray]═════════════════ ⭐ [color=purple]Sexfight ring[/color] ⭐ ═════════════════
 [color=purple]░░░░░░░▓▓▓▓▓▓▓▓▓▓▓▓▓[/color] ⭐ [color=purple]VS[/color] ⭐ [color=purple]▓▓▓▓▓▓▓▓▓▓▓▓▓▓▓▓░░░░[/color]
► [icon]Yuni Hermit[/icon]                                                                  [icon]8addest 8itch[/icon]
It's Yuni Hermit's turn![/color]
[i]Yuni runs a paw through her hair and drops to her knees. 'May I suck your cock... please?' she asks awkwardly. Opening her mouth and sticking out her tongue, her eyes half-shut as she gets her treat. She rests her hands on your thighs and bobs her head in your lap, drooling, sucking, clearly flustered and a bit mind-numbed... leaving a coating of her spittle from base to tip of your cock, and a lipstick mark split between your upper groin and balls... a deepthroat whore-print, as she bottoms out. Flustered, rubbing her pussy, she finishes. '... Thank you.'[/i]

30-12-2017 21:24:16.9 [PRIV] Bot to 8addest 8itch:
[i]Yuni shoves her nipple into your mouth, trying to hold you in place by the back of your head with one paw. The other squeezes her oversized milk-maker, and she floods your mouth with milk.[/i]
[icon]Bot Announcer[/icon][color=gray]Yuni Hermit used their tits to tease 8addest 8itch's lips, dealing 14 lust points![/color]
[color=gray]═════════════════ ⭐ [color=purple]Sexfight ring[/color] ⭐ ═════════════════
 [color=purple]░░░░░░░▓▓▓▓▓▓▓▓▓▓▓▓▓[/color] ⭐ [color=purple]VS[/color] ⭐ [color=purple]▓▓▓▓▓▓▓▓▓▓▓▓▓░░░░░░░[/color]
► [icon]8addest 8itch[/icon]                                                                  [icon]Yuni Hermit[/icon]
It's 8addest 8itch's turn![/color]

30-12-2017 21:24:16.9 [PRIV] 8addest 8itch: !attack cock to mouth
30-12-2017 21:24:26.6 [PRIV] Bot to 8addest 8itch:
[icon]Bot Announcer[/icon][color=gray]8addest 8itch used their feet to tease Yuni Hermit's pussy, dealing 15 lust points![/color]
[color=gray]═════════════════ ⭐ [color=purple]Sexfight ring[/color] ⭐ ═════════════════
 [color=red]░░░░░░░░░░▓▓▓▓▓▓▓▓▓▓[/color] ⭐ [color=purple]VS[/color] ⭐ [color=purple]▓▓▓▓▓▓▓▓▓▓▓▓▓░░░░░░░[/color]
► [icon]Yuni Hermit[/icon]                                                                  [icon]8addest 8itch[/icon]
It's Yuni Hermit's turn![/color]
[i]Yuni struggles a bit, but ends up on her tush with her legs spread, breasts weighing her down. 'Not fair!' she squawks cutely. Her pussy squelches under your heel, her juices already worked up from all the fighting. Her clit's a tickly point against your sole as you squish and rub with your feet, a cute, defeated look on her face throughout. 'Mmmmf!'[/i]

30-12-2017 21:24:26.6 [PRIV] Bot to 8addest 8itch:
[i]Yuni darts in and shoves her paw between your legs to wrap her fingers around your cock. One vigorous, exhausting, dick-milking handjob later she hops back into a defensive pose.[/i]
[icon]Bot Announcer[/icon][color=gray]Yuni Hermit used their fingers to tease 8addest 8itch's penis, dealing 11 lust points![/color]
[color=gray]═════════════════ ⭐ [color=purple]Sexfight ring[/color] ⭐ ═════════════════
 [color=purple]░░░░░░░░░▓▓▓▓▓▓▓▓▓▓▓[/color] ⭐ [color=purple]VS[/color] ⭐ [color=red]▓▓▓▓▓▓▓▓▓▓░░░░░░░░░░[/color]
► [icon]8addest 8itch[/icon]                                                                  [icon]Yuni Hermit[/icon]
It's 8addest 8itch's turn![/color]

30-12-2017 21:24:26.6 [PRIV] 8addest 8itch: !attack feet to pussy
30-12-2017 21:24:38.1 [PRIV] Bot to 8addest 8itch:
[icon]Bot Announcer[/icon][color=gray]8addest 8itch used their feet to tease Yuni Hermit's ass, dealing 18 lust points![/color]
[color=gray]═════════════════ ⭐ [color=purple]Sexfight ring[/color] ⭐ ═════════════════
 [color=red]░░░░░░░░░░░░░░▓▓▓▓▓▓[/color] ⭐ [color=purple]VS[/color] ⭐ [color=purple]▓▓▓▓▓▓▓▓▓▓▓░░░░░░░░░[/color]
► [icon]Yuni Hermit[/icon]                                                                  [icon]8addest 8itch[/icon]
It's Yuni Hermit's turn![/color]
[i]'Wait, what?' she squeaks. She turns around and offers her anus, curiously... down on all fours, spreading her cheeks vulgarly. It's easy to get your foot in there, grinding and rubbing around her anus... she tries to open her pucker in a 'winking' motion with her muscles, and sees if she can get your big toe inside of her... gripping it tightly and blushing. '... Can I suck on your toes now? Please?'[/i]

30-12-2017 21:24:38.1 [PRIV] Bot to 8addest 8itch:
[i]Yuni makes a derisive snort and smirks... 'Eat.' she demands, grabbing the back of your head. Shoving you between her thighs, she forces her cunt against your mouth and starts grinding on your face. Clit shoved into your mouth, she humps your mouth like she had a significantly less female piece between her legs... smearing pussyjuice everywhere.[/i]
[icon]Bot Announcer[/icon][color=gray]Yuni Hermit used their sex to tease 8addest 8itch's lips, dealing 16 lust points![/color]
[color=gray]═════════════════ ⭐ [color=purple]Sexfight ring[/color] ⭐ ═════════════════
 [color=red]░░░░░░░░░░░░░▓▓▓▓▓▓▓[/color] ⭐ [color=purple]VS[/color] ⭐ [color=red]▓▓▓▓▓▓░░░░░░░░░░░░░░[/color]
► [icon]8addest 8itch[/icon]                                                                  [icon]Yuni Hermit[/icon]
It's 8addest 8itch's turn![/color]

30-12-2017 21:24:38.1 [PRIV] 8addest 8itch: !attack feet to ass
30-12-2017 21:24:50.8 [PRIV] Bot to 8addest 8itch:
[icon]Bot Announcer[/icon][color=gray]8addest 8itch used their fingers to tease Yuni Hermit's ass, dealing 11 lust points![/color]
[color=gray]═════════════════ ⭐ [color=purple]Sexfight ring[/color] ⭐ ═════════════════
 [color=red]░░░░░░░░░░░░░░░░▓▓▓▓[/color] ⭐ [color=purple]VS[/color] ⭐ [color=red]▓▓▓▓▓▓▓░░░░░░░░░░░░░[/color]
► [icon]Yuni Hermit[/icon]                                                                  [icon]8addest 8itch[/icon]
It's Yuni Hermit's turn![/color]
[i]Yuni gulps lewdly... when you reach for her ass, she flops forwards, falling over your lap with her naked ass presented upwards. '... Spank me, Please.' she begs. Whether what follows is a cheek-wobbling, butt-reddening spanken or a pucker-stretching, rectal-probing fingering, she remains on your lap to accept it, shivering and groaning throughout.[/i]

30-12-2017 21:24:50.8 [PRIV] Bot to 8addest 8itch:
[i]Yuni bends you backwards for a dip-kiss like a gentleman on a ballroom floor... she pushes her tongue into your mouth as she locks lips with you, exploring your mouth with her licker while she suckles on your own tongue.[/i]
[icon]Bot Announcer[/icon][color=gray]Yuni Hermit used their lips to tease 8addest 8itch's lips, dealing 12 lust points![/color]
[color=gray]═════════════════ ⭐ [color=purple]Sexfight ring[/color] ⭐ ═════════════════
 [color=red]░░░░░░░░░░░░░░░▓▓▓▓▓[/color] ⭐ [color=purple]VS[/color] ⭐ [color=red]▓▓▓▓░░░░░░░░░░░░░░░░[/color]
► [icon]8addest 8itch[/icon]                                                                  [icon]Yuni Hermit[/icon]
It's 8addest 8itch's turn![/color]

30-12-2017 21:24:50.8 [PRIV] 8addest 8itch: !attack fingers to ass
30-12-2017 21:25:04.7 [PRIV] Bot to 8addest 8itch:
[icon]Bot Announcer[/icon][color=gray]8addest 8itch used their fingers to tease Yuni Hermit's pussy, dealing 9 lust points![/color]
[color=gray]═════════════════ ⭐ [color=purple]Sexfight ring[/color] ⭐ ═════════════════
 [color=red]░░░░░░░░░░░░░░░░░░▓▓[/color] ⭐ [color=purple]VS[/color] ⭐ [color=red]▓▓▓▓▓░░░░░░░░░░░░░░░[/color]
► [icon]Yuni Hermit[/icon]                                                                  [icon]8addest 8itch[/icon]
It's Yuni Hermit's turn![/color]
[i]A grab from behind is all it takes to get your hand where it needs to go, her cunt wet and warm to the touch. Her clit's already hard, and she crosses her eyes upwards... clit throbbing underneath exploratory digits, passage squelching and leaving traces of girl-juice behind on probing fingers. 'Ah... ahh-uhhh... whuuuff...' she groans, ears pinning back.[/i]

30-12-2017 21:25:04.7 [PRIV] Bot to 8addest 8itch:
[i]Yuni makes a derisive snort and smirks... 'Eat.' she demands, grabbing the back of your head. Shoving you between her thighs, she forces her cunt against your mouth and starts grinding on your face. Clit shoved into your mouth, she humps your mouth like she had a significantly less female piece between her legs... smearing pussyjuice everywhere.[/i]
[icon]Bot Announcer[/icon][color=gray]Yuni Hermit used their sex to tease 8addest 8itch's lips, dealing 8 lust points![/color]
[color=gray]═════════════════ ⭐ [color=purple]Sexfight ring[/color] ⭐ ═════════════════
 [color=red]░░░░░░░░░░░░░░░░░▓▓▓[/color] ⭐ [color=purple]VS[/color] ⭐ [color=red]▓▓░░░░░░░░░░░░░░░░░░[/color]
► [icon]8addest 8itch[/icon]                                                                  [icon]Yuni Hermit[/icon]
It's 8addest 8itch's turn![/color]

30-12-2017 21:25:04.7 [PRIV] 8addest 8itch: !attack fingers to pussy
30-12-2017 21:25:15.6 [PRIV] Bot to 8addest 8itch:
[icon]Bot Announcer[/icon][color=gray]8addest 8itch used their cock to tease Yuni Hermit's ass, dealing 15 lust points![/color]
[color=gray]8addest 8itch made Yuni Hermit cum! The winner gets $2.00 and the loser gets $1.00, thank you for participating.[/color]
[color=gray]═════════════════ ⭐ [color=purple]Sexfight ring[/color] ⭐ ═════════════════
 [color=red]░░░░░░░░░░░░░░░░░░░░[/color] ⭐ [color=purple]VS[/color] ⭐ [color=red]▓▓▓░░░░░░░░░░░░░░░░░[/color]
► [icon]Yuni Hermit[/icon]                                                                  [icon]8addest 8itch[/icon]
It's Yuni Hermit's turn![/color]

[color=gray]════════════════ ⭐ [color=purple]Combat ended[/color] ⭐ ════════════════[/color]
[i]'You want to.... yes, please, PLEASE!' she begs. She drops down into a submissive doggy-style, turning around and using her breasts as suspension so her paws can hold her ass-cheeks apart. 'Fuck my ass!!' Once her pucker is full and warm, she practically melts... face going vapid, tongue lolling out. 'Yeeesss... I love anal...' Her well-practiced hole accepts you to the hilt, a cute 'MMF!' coming from her mouth on every thrust, breath matching your timing perfectly. '... More, more, more!! Please?! I'm gonna cum...'[/i]

30-12-2017 21:25:15.6 [PRIV] Bot to 8addest 8itch:

30-12-2017 21:25:15.6 [PRIV] 8addest 8itch: !attack cock to ass
30-12-2017 21:47:30.5 [ROOM] MaryJane Nichols: Hiya
30-12-2017 21:48:01.3 [ROOM] ArenaGirl Ariel: /me waves
30-12-2017 21:48:30.9 [ROOM] MaryJane Nichols: /me sits down
30-12-2017 21:48:46.9 [ROOM] Ben Steele: /me waves to MJ
30-12-2017 21:49:08.0 [ROOM] MaryJane Nichols: /me smiles at everyone.
30-12-2017 22:55:43.2 [ROOM] Kenia Nya: Hello~
30-12-2017 22:56:28.5 [ROOM] MaryJane Nichols: Hi hi
30-12-2017 22:59:24.8 [ROOM] Kenia Nya: Hello MaryJane, how are you? ^^
30-12-2017 22:59:34.7 [ROOM] MaryJane Nichols: I'm pretty good and you?
30-12-2017 22:59:41.8 [ROOM] Kenia Nya: pretty good too! ^^
30-12-2017 23:00:53.4 [ROOM] MaryJane Nichols: cool!
30-12-2017 23:04:42.2 [ROOM] MaryJane Nichols: Whoa it's quiet :o
30-12-2017 23:05:17.2 [ROOM] Mayank: /me smashes some pans to make it louder
30-12-2017 23:05:47.6 [ROOM] MaryJane Nichols: Eep!
30-12-2017 23:06:04.5 [ROOM] MaryJane Nichols: /me hides
30-12-2017 23:07:20.5 [ROOM] Kenia Nya: yeah, it's a bit quiet but I'm happy to see active people hehehehe
30-12-2017 23:07:31.1 [ROOM] MaryJane Nichols: hehe yeah I haven't been on in a while
30-12-2017 23:11:08.3 [ROOM] MaryJane Nichols: looking for a match I guess
30-12-2017 23:11:17.0 [ROOM] Ezekial Zamthera: A sex match?
30-12-2017 23:11:34.0 [ROOM] MaryJane Nichols: Well iirc that's all that happens here xD
30-12-2017 23:11:40.2 [ROOM] Ezekial Zamthera: XD I'm down if you are
30-12-2017 23:11:48.0 [ROOM] Ezekial Zamthera: Do you want me to lower my stats a bit for you?
30-12-2017 23:12:48.2 [ROOM] MaryJane Nichols: Oh yeah that's right you're super tough
30-12-2017 23:13:40.1 [ROOM] MaryJane Nichols: Hmm sure
30-12-2017 23:13:40.1 [ROOM] Ezekial Zamthera: Up to you
30-12-2017 23:13:43.6 [ROOM] Ezekial Zamthera: Okay. How low?
30-12-2017 23:13:55.2 [ROOM] MaryJane Nichols: Not TOO low I don't want it to be a cakewalk
30-12-2017 23:14:04.9 [ROOM] MaryJane Nichols: But low enough to be a challenge without being ridiculous
30-12-2017 23:14:09.9 [ROOM] Ezekial Zamthera: Do you want to show me yours or shoudl I jsut guess?
30-12-2017 23:14:24.4 [ROOM] MaryJane Nichols: I don't remember mine tbh let me call them up
30-12-2017 23:14:40.7 [PRIV] MaryJane Nichols: !stats
30-12-2017 23:14:56.5 [PRIV] MaryJane Nichols: !sheet
30-12-2017 23:14:56.5 [PRIV] Bot to MaryJane Nichols:
[color=gray]══════════════════════════════════════════════════
                                 ⭐ ⭐ [color=purple][b]General details[/b][/color] ⭐ ⭐
══════════════════════════════════════════════════
[color=pink]                     [icon]MaryJane Nichols[/icon]
          [b]Name:[/b] MaryJane Nichols | [b]Money:[/b] $11.00
[/color]══════════════════════════════════════════════════
                                 ⭐ ⭐ [color=purple][b]Attack / Defense[/b][/color] ⭐ ⭐
══════════════════════════════════════════════════
[color=pink]          [b]Lips:[/b] 1 / 1
          [b]Fingers:[/b] 2
          [b]Tits:[/b] 1 / 1
          [b]Sex:[/b] 2 / 2
          [b]Ass:[/b] 2 / 2
          [b]Feet:[/b] 1[/color]
══════════════════════════════════════════════════
                                 ⭐ ⭐ [color=purple][b]Equipment[/b][/color] ⭐ ⭐
══════════════════════════════════════════════════
[color=pink]          [b]Sextoy:[/b] Hand
                    Starter weapon.
          [b]Outfit:[/b] Nude
                    Just you and your body.
          [b]Accessory:[/b] Wristbands
                    Standard uniform.
          [b]Flavor item:[/b] None
                    Nothing equiped.
[/color]══════════════════════════════════════════════════
                                 ⭐ ⭐ [color=purple][b]Inventory[/b][/color] ⭐ ⭐
══════════════════════════════════════════════════
[color=pink]          Nude. Just you and your body.
          Hand. Starter weapon.
          Wristbands. Standard uniform.
          None. Nothing equiped.
[/color][/color]
30-12-2017 23:15:15.2 [ROOM] MaryJane Nichols: Wow I have not levelled up this character very much
30-12-2017 23:15:29.0 [ROOM] MaryJane Nichols:           Lips: 1 / 1
          Fingers: 2
          Tits: 1 / 1
          Sex: 2 / 2
          Ass: 2 / 2
          Feet: 1
30-12-2017 23:15:33.4 [ROOM] Ezekial Zamthera: that's fair
30-12-2017 23:15:34.6 [ROOM] Ezekial Zamthera: oh my
30-12-2017 23:15:39.4 [PRIV] Ezekial Zamthera: !card
30-12-2017 23:15:39.4 [PRIV] Bot to Ezekial Zamthera:
[color=gray]══════════════════════════════════════════════════
                                 ⭐ ⭐ [color=purple][b]Character card[/b][/color] ⭐ ⭐
══════════════════════════════════════════════════
[color=pink]                     [icon]Ezekial Zamthera[/icon]
          [b]Name:[/b] Ezekial Zamthera | [b]Money:[/b] $67.00
          [b]Attack:[/b] 2 Lips, 5 Fingers, 1 Tits, 10 Sex, 1 Ass, 1 Feet.
          [b]Defense:[/b] 4 Lips, 3 Tits, 3 Sex, 2 Ass.
          [b]Sextoy:[/b] Cock ring. +2 attack to sex.
          [b]Outfit:[/b] Luchador mask and speedos. +2 defense to lips, +2 defense to sex, +2 defense to ass.
          [b]Accessory:[/b] Cock piercing. -1 defense to sex, +3 attack to sex.
          [b]Flavor item:[/b] None. Nothing equiped.
[/color][/color]
30-12-2017 23:15:44.4 [PRIV] Ezekial Zamthera: !equip nude
30-12-2017 23:15:44.4 [PRIV] Bot to Ezekial Zamthera:The item nude has been equipped.
30-12-2017 23:15:51.8 [PRIV] Bot to Ezekial Zamthera:The item 'braclets' wasn't found.
30-12-2017 23:15:51.8 [PRIV] Ezekial Zamthera: !equip braclets
30-12-2017 23:15:57.0 [PRIV] Bot to Ezekial Zamthera:The item 'bracelets' wasn't found.
30-12-2017 23:15:57.0 [PRIV] Ezekial Zamthera: !equip bracelets
30-12-2017 23:16:00.8 [PRIV] Bot to Ezekial Zamthera:The item 'nothing' wasn't found.
30-12-2017 23:16:00.8 [PRIV] Ezekial Zamthera: !equip nothing
30-12-2017 23:16:12.3 [ROOM] Ezekial Zamthera: Ugh I keep forgetting how to unequip everything
30-12-2017 23:16:17.8 [ROOM] MaryJane Nichols: Yeah xD
30-12-2017 23:16:18.6 [PRIV] Ezekial Zamthera: !card
30-12-2017 23:16:18.6 [PRIV] Bot to Ezekial Zamthera:
[color=gray]══════════════════════════════════════════════════
                                 ⭐ ⭐ [color=purple][b]Character card[/b][/color] ⭐ ⭐
══════════════════════════════════════════════════
[color=pink]                     [icon]Ezekial Zamthera[/icon]
          [b]Name:[/b] Ezekial Zamthera | [b]Money:[/b] $67.00
          [b]Attack:[/b] 2 Lips, 5 Fingers, 1 Tits, 10 Sex, 1 Ass, 1 Feet.
          [b]Defense:[/b] 2 Lips, 3 Tits, 1 Sex, 0 Ass.
          [b]Sextoy:[/b] Cock ring. +2 attack to sex.
          [b]Outfit:[/b] Nude. Just you and your body.
          [b]Accessory:[/b] Cock piercing. -1 defense to sex, +3 attack to sex.
          [b]Flavor item:[/b] None. Nothing equiped.
[/color][/color]
30-12-2017 23:16:29.5 [PRIV] Ezekial Zamthera: !indulge attack on fingers
30-12-2017 23:16:29.5 [PRIV] Bot to Ezekial Zamthera:Indulging successful! You now have 4 points in attack on fingers.
30-12-2017 23:16:30.1 [PRIV] Ezekial Zamthera: !indulge attack on fingers
30-12-2017 23:16:30.1 [PRIV] Bot to Ezekial Zamthera:Indulging successful! You now have 3 points in attack on fingers.
30-12-2017 23:16:34.9 [PRIV] Ezekial Zamthera: !indulge attack on sex
30-12-2017 23:16:34.9 [ROOM] Kenia Nya: just use !card
30-12-2017 23:16:34.9 [PRIV] Bot to Ezekial Zamthera:Indulging successful! You now have 4 points in attack on sex.
30-12-2017 23:16:35.2 [PRIV] Ezekial Zamthera: !indulge attack on sex
30-12-2017 23:16:35.2 [PRIV] Bot to Ezekial Zamthera:Indulging successful! You now have 3 points in attack on sex.
30-12-2017 23:16:36.2 [PRIV] Ezekial Zamthera: !indulge attack on sex
30-12-2017 23:16:36.2 [ROOM] Kenia Nya: !card
30-12-2017 23:16:36.2 [PRIV] Bot to Ezekial Zamthera:Indulging successful! You now have 2 points in attack on sex.
30-12-2017 23:16:36.2 [ROOM] Bot: 
[color=gray]══════════════════════════════════════════════════
                                 ⭐ ⭐ [color=red][b]Character card[/b][/color] ⭐ ⭐
══════════════════════════════════════════════════
[color=purple]                     [icon]Kenia Nya[/icon]
          [b]Name:[/b] Kenia Nya | [b]Money:[/b] $15.00
          [b]Attack:[/b] 7 Lips, 6 Fingers, 1 Tits, 3 Sex, 1 Ass, -3 Feet.
          [b]Defense:[/b] 0 Lips, 2 Tits, 2 Sex, 2 Ass.
          [b]Sextoy:[/b] Egg vibrator. +1 attack to fingers.
          [b]Outfit:[/b] Mistress suit. +2 defense to tits, +2 defense to sex, +2 defense to ass.
          [b]Accessory:[/b] Tongue piercing. -1 defense to lips, +2 attack to lips.
          [b]Flavor item:[/b] None. Nothing equiped.
[/color][/color]
30-12-2017 23:16:36.8 [PRIV] Ezekial Zamthera: !indulge attack on sex
30-12-2017 23:16:36.8 [PRIV] Bot to Ezekial Zamthera:Indulging successful! You now have 1 points in attack on sex.
30-12-2017 23:16:37.6 [PRIV] Ezekial Zamthera: !indulge attack on sex
30-12-2017 23:16:37.6 [PRIV] Bot to Ezekial Zamthera:Indulging successful! You now have 0 points in attack on sex.
30-12-2017 23:16:48.4 [PRIV] Ezekial Zamthera: !train attack on sex
30-12-2017 23:16:48.4 [PRIV] Bot to Ezekial Zamthera:[eicon]training[/eicon] Training successful! You now have 1 points in attack on sex.
30-12-2017 23:16:51.9 [PRIV] Ezekial Zamthera: !indulge defense on tits
30-12-2017 23:16:51.9 [PRIV] Bot to Ezekial Zamthera:Indulging successful! You now have 2 points in defense on tits.
30-12-2017 23:16:53.1 [PRIV] Ezekial Zamthera: !indulge defense on tits
30-12-2017 23:16:53.1 [PRIV] Bot to Ezekial Zamthera:Indulging successful! You now have 1 points in defense on tits.
30-12-2017 23:16:57.9 [PRIV] Ezekial Zamthera: !indulge defense on lips
30-12-2017 23:16:57.9 [PRIV] Bot to Ezekial Zamthera:Indulging successful! You now have 1 points in defense on lips.
30-12-2017 23:17:01.7 [ROOM] Ezekial Zamthera: Okay I got it
30-12-2017 23:17:05.2 [ROOM] Ezekial Zamthera: !ready
30-12-2017 23:17:05.2 [ROOM] Bot: 
[color=gray]═════════════ ⭐ [color=purple]Sexfight ring[/color] ⭐ ═════════════
          [icon]Ezekial Zamthera[/icon] Has entered the ring![/color]

30-12-2017 23:17:17.5 [ROOM] MaryJane Nichols: Thanks! Forgot some of the commands XD
30-12-2017 23:17:19.8 [ROOM] MaryJane Nichols: !ready
30-12-2017 23:17:19.8 [ROOM] Bot: 
[color=gray]═════════════ ⭐ [color=purple]Sexfight ring[/color] ⭐ ═════════════
          [icon]MaryJane Nichols[/icon] Has entered the ring![/color]

30-12-2017 23:17:19.8 [ROOM] Bot: 
[icon]Bot Announcer[/icon][color=gray] Welcome to the sexfight ring! Today we have Ezekial Zamthera vs MaryJane Nichols! Let the match begin![/color]
[color=gray]═════════════════ ⭐ [color=purple]Sexfight ring[/color] ⭐ ═════════════════
 [color=purple]▓▓▓▓▓▓▓▓▓▓▓▓▓▓▓▓▓▓▓▓[/color] ⭐ [color=purple]VS[/color] ⭐ [color=purple]▓▓▓▓▓▓▓▓▓▓▓▓▓▓▓▓▓▓▓▓[/color]
► [icon]Ezekial Zamthera[/icon]                                                                  [icon]MaryJane Nichols[/icon]
It's Ezekial Zamthera's turn![/color]

30-12-2017 23:18:41.2 [ROOM] Ezekial Zamthera: /me steps into the ring with a grin, crossing his arms over his chest. He cocks his head at his opponent. "Haven't seen you around before..." he murmurs as he strides closer, eyeing her carefully. "...but you look like quite the treat." He pounces suddenly, groping her tits hard as he pushes her against the ropes.
30-12-2017 23:18:44.9 [ROOM] Bot: 
[icon]Bot Announcer[/icon][color=gray]Ezekial Zamthera used their fingers to tease MaryJane Nichols's tits, dealing 15 lust points![/color]
[color=gray]═════════════════ ⭐ [color=purple]Sexfight ring[/color] ⭐ ═════════════════
 [color=purple]░░░▓▓▓▓▓▓▓▓▓▓▓▓▓▓▓▓▓[/color] ⭐ [color=purple]VS[/color] ⭐ [color=purple]▓▓▓▓▓▓▓▓▓▓▓▓▓▓▓▓▓▓▓▓[/color]
► [icon]MaryJane Nichols[/icon]                                                                  [icon]Ezekial Zamthera[/icon]
It's MaryJane Nichols's turn![/color]

30-12-2017 23:18:44.9 [ROOM] Ezekial Zamthera: !attack fingers to tits
30-12-2017 23:20:21.8 [ROOM] MaryJane Nichols: /me gasps as Ezekial pounces upon her, groping her breasts as she's pressed against the ropes. She grips his cock and starts stroking it through his bottoms.
30-12-2017 23:20:26.6 [ROOM] Bot: 
[icon]Bot Announcer[/icon][color=gray]MaryJane Nichols used their fingers to tease Ezekial Zamthera's cock, dealing 10 lust points![/color]
[color=gray]═════════════════ ⭐ [color=purple]Sexfight ring[/color] ⭐ ═════════════════
 [color=purple]░░▓▓▓▓▓▓▓▓▓▓▓▓▓▓▓▓▓▓[/color] ⭐ [color=purple]VS[/color] ⭐ [color=purple]▓▓▓▓▓▓▓▓▓▓▓▓▓▓▓▓▓░░░[/color]
► [icon]Ezekial Zamthera[/icon]                                                                  [icon]MaryJane Nichols[/icon]
It's Ezekial Zamthera's turn![/color]

30-12-2017 23:20:26.6 [ROOM] MaryJane Nichols: !attack fingers to cock
30-12-2017 23:21:03.0 [ROOM] Ezekial Zamthera: /me moans as she begins to jerk him off, his hips thrusting into her hands. He slides his own fingers down and begins to toy with her bottoms as he moans in pleasure. "I wonder what your weakspot is, whore." he whispers.
30-12-2017 23:21:04.9 [ROOM] Bot: 
[icon]Bot Announcer[/icon][color=gray]Ezekial Zamthera used their fingers to tease MaryJane Nichols's slit, dealing 14 lust points![/color]
[color=gray]═════════════════ ⭐ [color=purple]Sexfight ring[/color] ⭐ ═════════════════
 [color=purple]░░░░░▓▓▓▓▓▓▓▓▓▓▓▓▓▓▓[/color] ⭐ [color=purple]VS[/color] ⭐ [color=purple]▓▓▓▓▓▓▓▓▓▓▓▓▓▓▓▓▓▓░░[/color]
► [icon]MaryJane Nichols[/icon]                                                                  [icon]Ezekial Zamthera[/icon]
It's MaryJane Nichols's turn![/color]

30-12-2017 23:21:04.9 [ROOM] Ezekial Zamthera: !attack fingers to slit
30-12-2017 23:22:52.3 [ROOM] MaryJane Nichols: /me moans as Ezekial toys with her pussy. Her hand wanders into his bottoms and around to his ass, where she presses two fingers against his asshole and teases him, smirking.
30-12-2017 23:22:57.6 [ROOM] Bot: 
[icon]Bot Announcer[/icon][color=gray]MaryJane Nichols used their fingers to tease Ezekial Zamthera's ass, dealing 9 lust points![/color]
[color=gray]═════════════════ ⭐ [color=purple]Sexfight ring[/color] ⭐ ═════════════════
 [color=purple]░░░▓▓▓▓▓▓▓▓▓▓▓▓▓▓▓▓▓[/color] ⭐ [color=purple]VS[/color] ⭐ [color=purple]▓▓▓▓▓▓▓▓▓▓▓▓▓▓▓░░░░░[/color]
► [icon]Ezekial Zamthera[/icon]                                                                  [icon]MaryJane Nichols[/icon]
It's Ezekial Zamthera's turn![/color]

30-12-2017 23:22:57.6 [ROOM] MaryJane Nichols: !attack fingers to ass
30-12-2017 23:23:33.9 [ROOM] Ezekial Zamthera: /me gasps as she grabs at his ass, and he shakes his head in surprise. His fingers pause on her body as his lips tremble. "W-who told you...." he panted, trying to get away from her.
30-12-2017 23:23:35.1 [ROOM] Bot: 
[icon]Bot Announcer[/icon][color=gray]Ezekial Zamthera passed their turn![/color]
[color=gray]═════════════════ ⭐ [color=purple]Sexfight ring[/color] ⭐ ═════════════════
 [color=purple]░░░░░▓▓▓▓▓▓▓▓▓▓▓▓▓▓▓[/color] ⭐ [color=purple]VS[/color] ⭐ [color=purple]▓▓▓▓▓▓▓▓▓▓▓▓▓▓▓▓▓░░░[/color]
► [icon]MaryJane Nichols[/icon]                                                                  [icon]Ezekial Zamthera[/icon]
It's MaryJane Nichols's turn![/color]

30-12-2017 23:23:35.1 [ROOM] Ezekial Zamthera: !pass
30-12-2017 23:24:27.7 [ROOM] MaryJane Nichols: /me follows Ezekial, not letting him get away as her two fingers push into his asshole.
30-12-2017 23:24:32.2 [ROOM] Bot: 
[icon]Bot Announcer[/icon][color=gray]MaryJane Nichols used their fingers to tease Ezekial Zamthera's ass, dealing 14 lust points![/color]
[color=gray]═════════════════ ⭐ [color=purple]Sexfight ring[/color] ⭐ ═════════════════
 [color=purple]░░░░░░▓▓▓▓▓▓▓▓▓▓▓▓▓▓[/color] ⭐ [color=purple]VS[/color] ⭐ [color=purple]▓▓▓▓▓▓▓▓▓▓▓▓▓▓▓░░░░░[/color]
► [icon]Ezekial Zamthera[/icon]                                                                  [icon]MaryJane Nichols[/icon]
It's Ezekial Zamthera's turn![/color]

30-12-2017 23:24:32.2 [ROOM] MaryJane Nichols: !attack fingers to ass
30-12-2017 23:25:14.7 [ROOM] Ezekial Zamthera: /me screams in delight as she teases his sensitive asshole, but he's not without weapons either. It's time to bring out the big guns. He yanks down her bottoms and his own, exposing his cock. He presses it to her slit and grunts as he thrusts it in!
30-12-2017 23:25:20.9 [ROOM] Bot: 
[icon]Bot Announcer[/icon][color=gray]Ezekial Zamthera used their sex to tease MaryJane Nichols's sex, dealing 16 lust points![/color]
[color=gray]═════════════════ ⭐ [color=purple]Sexfight ring[/color] ⭐ ═════════════════
 [color=purple]░░░░░░░░░▓▓▓▓▓▓▓▓▓▓▓[/color] ⭐ [color=purple]VS[/color] ⭐ [color=purple]▓▓▓▓▓▓▓▓▓▓▓▓▓▓░░░░░░[/color]
► [icon]MaryJane Nichols[/icon]                                                                  [icon]Ezekial Zamthera[/icon]
It's MaryJane Nichols's turn![/color]

30-12-2017 23:25:20.9 [ROOM] Ezekial Zamthera: !attack sex to sex
30-12-2017 23:26:05.3 [ROOM] MaryJane Nichols: /me cries out as he thrusts into her, and redoubles her assault on his pucker, seeing as it's seemingly working at the moment.
30-12-2017 23:26:11.3 [ROOM] Bot: 
[icon]Bot Announcer[/icon][color=gray]MaryJane Nichols used their fingers to tease Ezekial Zamthera's ass, dealing 13 lust points![/color]
[color=gray]═════════════════ ⭐ [color=purple]Sexfight ring[/color] ⭐ ═════════════════
 [color=purple]░░░░░░░░░▓▓▓▓▓▓▓▓▓▓▓[/color] ⭐ [color=purple]VS[/color] ⭐ [color=purple]▓▓▓▓▓▓▓▓▓▓▓░░░░░░░░░[/color]
► [icon]Ezekial Zamthera[/icon]                                                                  [icon]MaryJane Nichols[/icon]
It's Ezekial Zamthera's turn![/color]

30-12-2017 23:26:11.3 [ROOM] MaryJane Nichols: !attack fingers to ass
30-12-2017 23:26:32.7 [ROOM] Kenia Nya: hehe looks like she found your weak spot, ez
30-12-2017 23:26:51.4 [ROOM] Ezekial Zamthera: /me slams her into the ropes, growling as he grabs her shoulders. He begins to pound into her hard, the fight now a race to see who could fuck the hardest.
30-12-2017 23:26:54.6 [ROOM] Bot: 
[icon]Bot Announcer[/icon][color=gray]Ezekial Zamthera used their sex to tease MaryJane Nichols's sex, dealing 12 lust points![/color]
[color=gray]═════════════════ ⭐ [color=purple]Sexfight ring[/color] ⭐ ═════════════════
 [color=red]░░░░░░░░░░░▓▓▓▓▓▓▓▓▓[/color] ⭐ [color=purple]VS[/color] ⭐ [color=purple]▓▓▓▓▓▓▓▓▓▓▓░░░░░░░░░[/color]
► [icon]MaryJane Nichols[/icon]                                                                  [icon]Ezekial Zamthera[/icon]
It's MaryJane Nichols's turn![/color]

30-12-2017 23:26:54.6 [ROOM] Ezekial Zamthera: !attack sex to sex
30-12-2017 23:29:17.5 [ROOM] MaryJane Nichols: /me moans as Ezekial fucks her roughly, but manages to sneak another finger up his ass, probing around as much as she can manage with them.
30-12-2017 23:29:20.7 [ROOM] Bot: 
[icon]Bot Announcer[/icon][color=gray]MaryJane Nichols used their fingers to tease Ezekial Zamthera's ass, dealing 15 lust points![/color]
[color=gray]═════════════════ ⭐ [color=purple]Sexfight ring[/color] ⭐ ═════════════════
 [color=red]░░░░░░░░░░░░▓▓▓▓▓▓▓▓[/color] ⭐ [color=purple]VS[/color] ⭐ [color=red]▓▓▓▓▓▓▓▓▓░░░░░░░░░░░[/color]
► [icon]Ezekial Zamthera[/icon]                                                                  [icon]MaryJane Nichols[/icon]
It's Ezekial Zamthera's turn![/color]

30-12-2017 23:29:20.7 [ROOM] MaryJane Nichols: !attack fingers to ass
30-12-2017 23:29:37.0 [ROOM] Ezekial Zamthera: /me That finger makes his cock even harder inside her, and he grabs her ass and kisses her as his cock roughly rails her
30-12-2017 23:29:40.8 [ROOM] Bot: 
[icon]Bot Announcer[/icon][color=gray]Ezekial Zamthera used their sex to tease MaryJane Nichols's sex, dealing 10 lust points![/color]
[color=gray]═════════════════ ⭐ [color=purple]Sexfight ring[/color] ⭐ ═════════════════
 [color=red]░░░░░░░░░░░░░▓▓▓▓▓▓▓[/color] ⭐ [color=purple]VS[/color] ⭐ [color=red]▓▓▓▓▓▓▓▓░░░░░░░░░░░░[/color]
► [icon]MaryJane Nichols[/icon]                                                                  [icon]Ezekial Zamthera[/icon]
It's MaryJane Nichols's turn![/color]

30-12-2017 23:29:40.8 [ROOM] Ezekial Zamthera: !attack sex to sex
30-12-2017 23:31:08.0 [ROOM] MaryJane Nichols: /me curses as she gets fucked roughly by Ezekial's somehow even stiffer cock. She keeps up her assault nevertheless.
30-12-2017 23:31:12.7 [ROOM] Bot: 
[icon]Bot Announcer[/icon][color=gray]MaryJane Nichols used their fingers to tease Ezekial Zamthera's ass, dealing 13 lust points![/color]
[color=gray]═════════════════ ⭐ [color=purple]Sexfight ring[/color] ⭐ ═════════════════
 [color=red]░░░░░░░░░░░░░░▓▓▓▓▓▓[/color] ⭐ [color=purple]VS[/color] ⭐ [color=red]▓▓▓▓▓▓▓░░░░░░░░░░░░░[/color]
► [icon]Ezekial Zamthera[/icon]                                                                  [icon]MaryJane Nichols[/icon]
It's Ezekial Zamthera's turn![/color]

30-12-2017 23:31:12.7 [ROOM] MaryJane Nichols: !attack fingers to ass
30-12-2017 23:33:58.9 [ROOM] Ezekial Zamthera: /me groans as she keeps going, and finally pulls away from her. He drives his fingers into her suddenly, pushing her against the ropes.
30-12-2017 23:34:02.2 [ROOM] Bot: 
[icon]Bot Announcer[/icon][color=gray]Ezekial Zamthera used their fingers to tease MaryJane Nichols's tits, dealing 15 lust points![/color]
[color=gray]═════════════════ ⭐ [color=purple]Sexfight ring[/color] ⭐ ═════════════════
 [color=red]░░░░░░░░░░░░░░░░▓▓▓▓[/color] ⭐ [color=purple]VS[/color] ⭐ [color=red]▓▓▓▓▓▓░░░░░░░░░░░░░░[/color]
► [icon]MaryJane Nichols[/icon]                                                                  [icon]Ezekial Zamthera[/icon]
It's MaryJane Nichols's turn![/color]

30-12-2017 23:34:02.2 [ROOM] Ezekial Zamthera: !attack fingers to tits
30-12-2017 23:35:19.1 [ROOM] MaryJane Nichols: /me presses her fourth finger and thumb into Ezekial's ass as he starts fingering her, beginning to fist him. She moans as he fingers her and pushes her against the ropes.
30-12-2017 23:35:22.8 [ROOM] Bot: 
[icon]Bot Announcer[/icon][color=gray]MaryJane Nichols used their fingers to tease Ezekial Zamthera's ass, dealing 17 lust points![/color]
[color=gray]═════════════════ ⭐ [color=purple]Sexfight ring[/color] ⭐ ═════════════════
 [color=red]░░░░░░░░░░░░░░░░░░▓▓[/color] ⭐ [color=purple]VS[/color] ⭐ [color=red]▓▓▓▓░░░░░░░░░░░░░░░░[/color]
► [icon]Ezekial Zamthera[/icon]                                                                  [icon]MaryJane Nichols[/icon]
It's Ezekial Zamthera's turn![/color]

30-12-2017 23:35:22.8 [ROOM] MaryJane Nichols: !attack fingers to ass
30-12-2017 23:36:31.3 [ROOM] Ezekial Zamthera: /me can't hold back much longer as she violates him, but he does his best. He pushes her to her knees suddenly. If he's going to cum... He shoves his cock between her lips, legs twitching hard.
30-12-2017 23:36:34.7 [ROOM] Bot: 
[icon]Bot Announcer[/icon][color=gray]Ezekial Zamthera used their cock to tease MaryJane Nichols's lips, dealing 18 lust points![/color]
[color=gray]Ezekial Zamthera made MaryJane Nichols cum! The winner gets $2.00 and the loser gets $1.00, thank you for participating.[/color]
[color=gray]═════════════════ ⭐ [color=purple]Sexfight ring[/color] ⭐ ═════════════════
 [color=red]░░░░░░░░░░░░░░░░░░░░[/color] ⭐ [color=purple]VS[/color] ⭐ [color=red]▓▓░░░░░░░░░░░░░░░░░░[/color]
► [icon]MaryJane Nichols[/icon]                                                                  [icon]Ezekial Zamthera[/icon]
It's MaryJane Nichols's turn![/color]

[color=gray]════════════════ ⭐ [color=purple]Combat ended[/color] ⭐ ════════════════[/color]

30-12-2017 23:36:34.7 [ROOM] Ezekial Zamthera: !attack cock to lips
30-12-2017 23:37:58.3 [ROOM] MaryJane Nichols: /me suddenly lets her lust overwhelm her as her juices cascade down and form a puddle underneath her, soaking her inner thighs.
30-12-2017 23:39:12.6 [ROOM] Ezekial Zamthera: /me is surprised when she cums at being throatfucked, but he doesn't care. He keeps going, slamming into her face as she cums like a whore.
30-12-2017 23:40:55.5 [ROOM] MaryJane Nichols: /me allows Ezekial to fuck her mouth. He's the winner, after all. She closes her eyes and takes it.
30-12-2017 23:41:37.6 [ROOM] Ezekial Zamthera: /me pulls out of her mouth and tosses her to the ground, then plants his foot on her chest in victory.
30-12-2017 23:42:27.3 [ROOM] MaryJane Nichols: /me flops to the ground, exhausted as Ezekial presses her foot onto her breasts.
