29-12-2017 00:04:31.2 [ROOM] Lyanna Pelon: or i could just eat you up myself :P
29-12-2017 00:11:39.7 [ROOM] Darent: ?
29-12-2017 00:11:57.5 [ROOM] Lyanna Pelon: i can be greedy, wanting you all to myself :P
29-12-2017 00:17:23.4 [ROOM] Darent: XD
29-12-2017 00:17:29.4 [ROOM] Darent: I guess, meow
29-12-2017 00:17:54.1 [ROOM] Lyanna Pelon: hehe
29-12-2017 06:11:16.3 [PRIV] Evan Clark: !trainingdummy2 male
29-12-2017 06:11:16.7 [PRIV] Bot to Evan Clark:
[icon]Bot Announcer[/icon][color=gray] Welcome to the training ring! Today we have Evan Clark vs Sissy Robert Bot! Let the match begin![/color]
[color=gray]═════════════════ ⭐ [color=purple]Sexfight ring[/color] ⭐ ═════════════════
 [color=purple]▓▓▓▓▓▓▓▓▓▓▓▓▓▓▓▓▓▓▓▓[/color] ⭐ [color=purple]VS[/color] ⭐ [color=purple]▓▓▓▓▓▓▓▓▓▓▓▓▓▓▓▓▓▓▓▓[/color]
► [icon]Evan Clark[/icon]                                                                  [icon]Sissy Robert Bot[/icon]
It's Evan Clark's turn![/color]

29-12-2017 06:11:22.1 [PRIV] Evan Clark: !card
29-12-2017 06:11:22.1 [PRIV] Bot to Evan Clark:
[color=gray]══════════════════════════════════════════════════
                                 ⭐ ⭐ [color=green][b]Character card[/b][/color] ⭐ ⭐
══════════════════════════════════════════════════
[color=gray]                     [icon]Evan Clark[/icon]
          [b]Name:[/b] Evan Clark | [b]Money:[/b] $15.00
          [b]Attack:[/b] 2 Lips, 4 Fingers, 1 Tits, 3 Sex, 4 Ass, 3 Feet.
          [b]Defense:[/b] -3 Lips, 5 Tits, 1 Sex, 3 Ass.
          [b]Sextoy:[/b] Socks. +1 attack to feet.
          [b]Outfit:[/b] Spats. +2 defense to sex, +2 defense to ass.
          [b]Accessory:[/b] Wristbands. Standard uniform.
          [b]Flavor item:[/b] Leash and collar. -1 defense to lips, -1 defense to sex, -1 defense to ass.
[/color][/color]
29-12-2017 06:11:29.7 [PRIV] Bot to Evan Clark:
[icon]Bot Announcer[/icon][color=gray]Evan Clark passed their turn![/color]
[i]Robert giggles to himself. 'You want more? Okay... come here!' He beckons with one hand, staring hungrily at your body and licking his lips.[/i]
[i]Robert grabs you around the waist and lifts you up over his shoulder. Walking around with your helplessly kicking, he spanks you a few times before drawing down the waistband of your gear. Soon, you start to kick like mad as he plunges a finger into your pucker.[/i]
[icon]Bot Announcer[/icon][color=gray]Sissy Robert Bot used their fingers to tease Evan Clark's ass, dealing 8 lust points![/color]
[color=gray]═════════════════ ⭐ [color=purple]Sexfight ring[/color] ⭐ ═════════════════
 [color=purple]░▓▓▓▓▓▓▓▓▓▓▓▓▓▓▓▓▓▓▓[/color] ⭐ [color=purple]VS[/color] ⭐ [color=purple]▓▓▓▓▓▓▓▓▓▓▓▓▓▓▓▓▓▓▓▓[/color]
► [icon]Evan Clark[/icon]                                                                  [icon]Sissy Robert Bot[/icon]
It's Evan Clark's turn![/color]

29-12-2017 06:11:29.7 [PRIV] Evan Clark: !pass
29-12-2017 06:11:40.9 [PRIV] Bot to Evan Clark:
[icon]Bot Announcer[/icon][color=gray]Evan Clark used their tits to tease Sissy Robert Bot's lips, dealing 16 lust points![/color]
[color=gray]═════════════════ ⭐ [color=purple]Sexfight ring[/color] ⭐ ═════════════════
 [color=purple]░░░▓▓▓▓▓▓▓▓▓▓▓▓▓▓▓▓▓[/color] ⭐ [color=purple]VS[/color] ⭐ [color=purple]▓▓▓▓▓▓▓▓▓▓▓▓▓▓▓▓▓▓▓░[/color]
► [icon]Sissy Robert Bot[/icon]                                                                  [icon]Evan Clark[/icon]
It's Sissy Robert Bot's turn![/color]
[i]Robert swings his arms wildly as his mouth is shoved onto your nipple and forced to suck like a nursing babe. When you finally release him, he pulls back and gasps for air.[/i]

29-12-2017 06:11:40.9 [PRIV] Bot to Evan Clark:
[i]Robert grabs you up by the legs and drops you down onto your back. Keeping his grip on your legs he holds them each under his arms. Sitting back on his butt, he puts his legs around your torso. As you lay back, helplessly in his grip he brings his feet up over your face and wiggles his toes. ‘I’d hold my breath if I were you,’ he coos before he shoves those feet into your face. He clamps on to your nose and rubs his soles across your face. The sweaty fabric of his socks smothering you. He then shoves a toe inside of your mouth and all you can taste is sweat and musk. Finally, he lets you go but the scent of man sweat lingers in your nostrils.[/i]
[icon]Bot Announcer[/icon][color=gray]Sissy Robert Bot used their feet to tease Evan Clark's lips, dealing 13 lust points![/color]
[color=gray]═════════════════ ⭐ [color=purple]Sexfight ring[/color] ⭐ ═════════════════
 [color=purple]░░░░▓▓▓▓▓▓▓▓▓▓▓▓▓▓▓▓[/color] ⭐ [color=purple]VS[/color] ⭐ [color=purple]▓▓▓▓▓▓▓▓▓▓▓▓▓▓▓▓▓░░░[/color]
► [icon]Evan Clark[/icon]                                                                  [icon]Sissy Robert Bot[/icon]
It's Evan Clark's turn![/color]

29-12-2017 06:11:40.9 [PRIV] Evan Clark: !attack tits to lips
29-12-2017 06:12:35.4 [PRIV] Bot to Evan Clark:
[icon]Bot Announcer[/icon][color=gray]Evan Clark passed their turn![/color]
[i]Robert giggles to himself. 'You want more? Okay... come here!' He beckons with one hand, staring hungrily at your body and licking his lips.[/i]
[i]Robert wraps his arms around your thighs, lifting you up high, holding your there over his head before dropping you back onto the mat. He remains perched just over you. You lie there dazed and out gasping for breath when you feel a tingle in your groin. As your vision clears, you see Robert lying above you, flexing his meaty pecs over your cock, clamping them tightly around your manhood. He rubs your cock between the mounds of muscled flesh for a bit before standing and looking down at you, making his pecs flex and dance to taunt you.[/i]
[icon]Bot Announcer[/icon][color=gray]Sissy Robert Bot used their tits to tease Evan Clark's penis, dealing 3 lust points![/color]
[color=gray]═════════════════ ⭐ [color=purple]Sexfight ring[/color] ⭐ ═════════════════
 [color=purple]░░░░▓▓▓▓▓▓▓▓▓▓▓▓▓▓▓▓[/color] ⭐ [color=purple]VS[/color] ⭐ [color=purple]▓▓▓▓▓▓▓▓▓▓▓▓▓▓▓▓▓░░░[/color]
► [icon]Evan Clark[/icon]                                                                  [icon]Sissy Robert Bot[/icon]
It's Evan Clark's turn![/color]

29-12-2017 06:12:35.4 [PRIV] Evan Clark: !pass
29-12-2017 06:12:43.4 [PRIV] Bot to Evan Clark:
[icon]Bot Announcer[/icon][color=gray]Evan Clark used their tits to tease Sissy Robert Bot's tits, dealing 11 lust points![/color]
[color=gray]═════════════════ ⭐ [color=purple]Sexfight ring[/color] ⭐ ═════════════════
 [color=purple]░░░░░▓▓▓▓▓▓▓▓▓▓▓▓▓▓▓[/color] ⭐ [color=purple]VS[/color] ⭐ [color=purple]▓▓▓▓▓▓▓▓▓▓▓▓▓▓▓▓░░░░[/color]
► [icon]Sissy Robert Bot[/icon]                                                                  [icon]Evan Clark[/icon]
It's Sissy Robert Bot's turn![/color]
[i]Robert grunts as you squeeze him, shoving your chest against his.[/i]

29-12-2017 06:12:43.4 [PRIV] Bot to Evan Clark:
[i]While pinned to the mat, Robert sits down on your chest and scoots up until his bulge is resting on top of your lips. Flexing and smiling down at you he wraps a hand around your head and pulls it up, smothering you in his crotch, forcing you to breathe in his scent and taste the sweat accumulating on his balls. ‘Give it a kiss and I’ll let you up,’ He taunts, slipping his cock out of his singlet and slapping your face with it.[/i]
[icon]Bot Announcer[/icon][color=gray]Sissy Robert Bot used their sex to tease Evan Clark's lips, dealing 5 lust points![/color]
[color=gray]═════════════════ ⭐ [color=purple]Sexfight ring[/color] ⭐ ═════════════════
 [color=purple]░░░░░▓▓▓▓▓▓▓▓▓▓▓▓▓▓▓[/color] ⭐ [color=purple]VS[/color] ⭐ [color=purple]▓▓▓▓▓▓▓▓▓▓▓▓▓▓▓░░░░░[/color]
► [icon]Evan Clark[/icon]                                                                  [icon]Sissy Robert Bot[/icon]
It's Evan Clark's turn![/color]

29-12-2017 06:12:43.4 [PRIV] Evan Clark: !attack tits to tits
29-12-2017 06:12:53.1 [PRIV] Bot to Evan Clark:
[icon]Bot Announcer[/icon][color=gray]Evan Clark used their tits to tease Sissy Robert Bot's ass, dealing 17 lust points![/color]
[color=gray]═════════════════ ⭐ [color=purple]Sexfight ring[/color] ⭐ ═════════════════
 [color=purple]░░░░░░░░▓▓▓▓▓▓▓▓▓▓▓▓[/color] ⭐ [color=purple]VS[/color] ⭐ [color=purple]▓▓▓▓▓▓▓▓▓▓▓▓▓▓▓░░░░░[/color]
► [icon]Sissy Robert Bot[/icon]                                                                  [icon]Evan Clark[/icon]
It's Sissy Robert Bot's turn![/color]
[i]Robert is… confused to say the least, as you press your chest to his ass and begin to grind, yet somehow it turns him on.[/i]

29-12-2017 06:12:53.1 [PRIV] Bot to Evan Clark:
[i]Robert puffs out his chest, bumping yours and pushing you back until you find yourself pinned in the corner. He shoves his arm forcefully against your throat and pushes, meanwhile, he slips his hand into your trunks and grabs hold of your cock. He thumbs over it a bit until grabbing it fully. He gives it a few good pumps, making you grunt and hump his hand needily, before letting go.[/i]
[icon]Bot Announcer[/icon][color=gray]Sissy Robert Bot used their fingers to tease Evan Clark's penis, dealing 5 lust points![/color]
[color=gray]═════════════════ ⭐ [color=purple]Sexfight ring[/color] ⭐ ═════════════════
 [color=purple]░░░░░░▓▓▓▓▓▓▓▓▓▓▓▓▓▓[/color] ⭐ [color=purple]VS[/color] ⭐ [color=purple]▓▓▓▓▓▓▓▓▓▓▓▓░░░░░░░░[/color]
► [icon]Evan Clark[/icon]                                                                  [icon]Sissy Robert Bot[/icon]
It's Evan Clark's turn![/color]

29-12-2017 06:12:53.1 [PRIV] Evan Clark: !attack tits to ass
29-12-2017 06:13:05.6 [PRIV] Bot to Evan Clark:
[icon]Bot Announcer[/icon][color=gray]Evan Clark used their tits to tease Sissy Robert Bot's sex, dealing 15 lust points![/color]
[color=gray]═════════════════ ⭐ [color=purple]Sexfight ring[/color] ⭐ ═════════════════
 [color=red]░░░░░░░░░░░▓▓▓▓▓▓▓▓▓[/color] ⭐ [color=purple]VS[/color] ⭐ [color=purple]▓▓▓▓▓▓▓▓▓▓▓▓▓▓░░░░░░[/color]
► [icon]Sissy Robert Bot[/icon]                                                                  [icon]Evan Clark[/icon]
It's Sissy Robert Bot's turn![/color]
[i]Robert twists and turns, trying to get free from your grasp, but is unable to as you clamp onto his cock with your chest, your teasing sending shivers up his spine.[/i]

29-12-2017 06:13:05.6 [PRIV] Bot to Evan Clark:
[i]Robert wraps and arm around your head, falling to the canvas with your trapped underneath him in a headlock. Your face is shoved into his muscular chest and he crams his meaty pec into your mouth, forcing you to lick the salty sweat from his chest.[/i]
[icon]Bot Announcer[/icon][color=gray]Sissy Robert Bot used their tits to tease Evan Clark's lips, dealing 7 lust points![/color]
[color=gray]═════════════════ ⭐ [color=purple]Sexfight ring[/color] ⭐ ═════════════════
 [color=purple]░░░░░░░░▓▓▓▓▓▓▓▓▓▓▓▓[/color] ⭐ [color=purple]VS[/color] ⭐ [color=red]▓▓▓▓▓▓▓▓▓░░░░░░░░░░░[/color]
► [icon]Evan Clark[/icon]                                                                  [icon]Sissy Robert Bot[/icon]
It's Evan Clark's turn![/color]

29-12-2017 06:13:05.6 [PRIV] Evan Clark: !attack tits to sex
29-12-2017 06:13:16.2 [PRIV] Bot to Evan Clark:
[icon]Bot Announcer[/icon][color=gray]Evan Clark used their tits to tease Sissy Robert Bot's lips, dealing 19 lust points![/color]
[color=gray]═════════════════ ⭐ [color=purple]Sexfight ring[/color] ⭐ ═════════════════
 [color=red]░░░░░░░░░░░░░░░▓▓▓▓▓[/color] ⭐ [color=purple]VS[/color] ⭐ [color=purple]▓▓▓▓▓▓▓▓▓▓▓▓░░░░░░░░[/color]
► [icon]Sissy Robert Bot[/icon]                                                                  [icon]Evan Clark[/icon]
It's Sissy Robert Bot's turn![/color]
[i]Robert swings his arms wildly as his mouth is shoved onto your nipple and forced to suck like a nursing babe. When you finally release him, he pulls back and gasps for air.[/i]

29-12-2017 06:13:16.2 [PRIV] Bot to Evan Clark:
[i]Robert holds you tight to his body before dropping down on top of you, pinning your back to the mat. He works his legs between yours and spreads them. He begins to press his bulge down against your own, rubbing his thick shaft against your own swelling member, frotting you.[/i]
[icon]Bot Announcer[/icon][color=gray]Sissy Robert Bot used their sex to tease Evan Clark's penis, dealing 7 lust points![/color]
[color=gray]═════════════════ ⭐ [color=purple]Sexfight ring[/color] ⭐ ═════════════════
 [color=purple]░░░░░░░░░▓▓▓▓▓▓▓▓▓▓▓[/color] ⭐ [color=purple]VS[/color] ⭐ [color=red]▓▓▓▓▓░░░░░░░░░░░░░░░[/color]
► [icon]Evan Clark[/icon]                                                                  [icon]Sissy Robert Bot[/icon]
It's Evan Clark's turn![/color]

29-12-2017 06:13:16.2 [PRIV] Evan Clark: !attack tits to lips
29-12-2017 06:13:24.8 [PRIV] Bot to Evan Clark:
[icon]Bot Announcer[/icon][color=gray]Evan Clark used their tits to tease Sissy Robert Bot's tits, dealing 17 lust points![/color]
[color=gray]═════════════════ ⭐ [color=purple]Sexfight ring[/color] ⭐ ═════════════════
 [color=red]░░░░░░░░░░░░░░░░░░░▓[/color] ⭐ [color=purple]VS[/color] ⭐ [color=purple]▓▓▓▓▓▓▓▓▓▓▓░░░░░░░░░[/color]
► [icon]Sissy Robert Bot[/icon]                                                                  [icon]Evan Clark[/icon]
It's Sissy Robert Bot's turn![/color]
[i]Robert grunts as you squeeze him, shoving your chest against his.[/i]

29-12-2017 06:13:24.8 [PRIV] Bot to Evan Clark:
[i]Robert grabs you up by the legs and drops you down onto your back. Keeping his grip on your legs he holds them each under his arms. Sitting back on his butt, he puts his legs around your torso. As you lay back, helplessly in his grip he brings his feet up over your face and wiggles his toes. ‘I’d hold my breath if I were you,’ he coos before he shoves those feet into your face. He clamps on to your nose and rubs his soles across your face. The sweaty fabric of his socks smothering you. He then shoves a toe inside of your mouth and all you can taste is sweat and musk. Finally, he lets you go but the scent of man sweat lingers in your nostrils.[/i]
[icon]Bot Announcer[/icon][color=gray]Sissy Robert Bot used their feet to tease Evan Clark's lips, dealing 10 lust points![/color]
[color=gray]═════════════════ ⭐ [color=purple]Sexfight ring[/color] ⭐ ═════════════════
 [color=red]░░░░░░░░░░░▓▓▓▓▓▓▓▓▓[/color] ⭐ [color=purple]VS[/color] ⭐ [color=red]▓░░░░░░░░░░░░░░░░░░░[/color]
► [icon]Evan Clark[/icon]                                                                  [icon]Sissy Robert Bot[/icon]
It's Evan Clark's turn![/color]

29-12-2017 06:13:24.8 [PRIV] Evan Clark: !attack tits to tits
29-12-2017 06:13:30.9 [PRIV] Bot to Evan Clark:
[icon]Bot Announcer[/icon][color=gray]Evan Clark passed their turn![/color]
[i]Robert giggles to himself. 'You want more? Okay... come here!' He beckons with one hand, staring hungrily at your body and licking his lips.[/i]
[i]Robert sweeps your legs out from beneath you, sending you sprawling onto your back. You try to scramble away but are stopped in your tracks as Robert stomps down, stopping just before he makes contact with your crotch. You look up at him, fear in your eyes as he says, ‘Now now, stay still or I’ll have to stomp em.’ Then he slowly begins to grind his heel into your cock. Your groin responds and hardens, your cock head popping out from your waistband. ‘Oh, you like this huh?’ He taunts as he wraps his toes around your cock head and starts to rub it. You start leaking precum before he pulls his foot away.[/i]
[icon]Bot Announcer[/icon][color=gray]Sissy Robert Bot used their feet to tease Evan Clark's penis, dealing 9 lust points![/color]
[color=gray]═════════════════ ⭐ [color=purple]Sexfight ring[/color] ⭐ ═════════════════
 [color=red]░░░░░░░░░░░░░▓▓▓▓▓▓▓[/color] ⭐ [color=purple]VS[/color] ⭐ [color=red]▓░░░░░░░░░░░░░░░░░░░[/color]
► [icon]Evan Clark[/icon]                                                                  [icon]Sissy Robert Bot[/icon]
It's Evan Clark's turn![/color]

29-12-2017 06:13:30.9 [PRIV] Evan Clark: !pass
29-12-2017 06:13:50.7 [PRIV] Bot to Evan Clark:
[icon]Bot Announcer[/icon][color=gray]Evan Clark passed their turn![/color]
[i]Robert giggles to himself. 'You want more? Okay... come here!' He beckons with one hand, staring hungrily at your body and licking his lips.[/i]
[i]Robert produces a double-ended dildo and stalks over to you. Shoving your forcefully into a corner he turns you around and works the dildo into your tight pucker. Then, he turns around and does the same to his own anus. After both ends of the dildo are inside each of you respectively, he begins to push his hips back, riding the dildo and causing it to fuck your own hole.[/i]
[icon]Bot Announcer[/icon][color=gray]Sissy Robert Bot used their ass to tease Evan Clark's ass, dealing 4 lust points![/color]
[color=gray]═════════════════ ⭐ [color=purple]Sexfight ring[/color] ⭐ ═════════════════
 [color=red]░░░░░░░░░░░░░░▓▓▓▓▓▓[/color] ⭐ [color=purple]VS[/color] ⭐ [color=red]▓░░░░░░░░░░░░░░░░░░░[/color]
► [icon]Evan Clark[/icon]                                                                  [icon]Sissy Robert Bot[/icon]
It's Evan Clark's turn![/color]

29-12-2017 06:13:50.7 [PRIV] Evan Clark: !pass
29-12-2017 06:14:00.1 [PRIV] Bot to Evan Clark:
[icon]Bot Announcer[/icon][color=gray]Evan Clark used their fingers to tease Sissy Robert Bot's sex, dealing 15 lust points![/color]
[color=gray]Evan Clark made Sissy Robert Bot cum! The winner gets $2.00 and the loser gets $1.00, thank you for participating.[/color]
[color=gray]═════════════════ ⭐ [color=purple]Sexfight ring[/color] ⭐ ═════════════════
 [color=red]░░░░░░░░░░░░░░░░░░░░[/color] ⭐ [color=purple]VS[/color] ⭐ [color=red]▓▓▓▓▓▓░░░░░░░░░░░░░░[/color]
► [icon]Sissy Robert Bot[/icon]                                                                  [icon]Evan Clark[/icon]
It's Sissy Robert Bot's turn![/color]

[color=gray]════════════════ ⭐ [color=purple]Combat ended[/color] ⭐ ════════════════[/color]
[i]Robert nearly collapses into you as you wrap your hand around his junk and start to pull, ‘No… please th-’ he stops mid-sentence as he practically melts.[/i]

29-12-2017 06:14:00.1 [PRIV] Bot to Evan Clark:

29-12-2017 06:14:00.1 [PRIV] Evan Clark: !attack fingers to sex
29-12-2017 06:14:14.2 [PRIV] Evan Clark: !trainingdummy2 male
29-12-2017 06:14:14.2 [PRIV] Bot to Evan Clark:
[icon]Bot Announcer[/icon][color=gray] Welcome to the training ring! Today we have Evan Clark vs Sissy Robert Bot! Let the match begin![/color]
[color=gray]═════════════════ ⭐ [color=purple]Sexfight ring[/color] ⭐ ═════════════════
 [color=purple]▓▓▓▓▓▓▓▓▓▓▓▓▓▓▓▓▓▓▓▓[/color] ⭐ [color=purple]VS[/color] ⭐ [color=purple]▓▓▓▓▓▓▓▓▓▓▓▓▓▓▓▓▓▓▓▓[/color]
► [icon]Evan Clark[/icon]                                                                  [icon]Sissy Robert Bot[/icon]
It's Evan Clark's turn![/color]

29-12-2017 06:14:17.0 [PRIV] Bot to Evan Clark:
[icon]Bot Announcer[/icon][color=gray]Evan Clark passed their turn![/color]
[i]Robert giggles to himself. 'You want more? Okay... come here!' He beckons with one hand, staring hungrily at your body and licking his lips.[/i]
[i]Robert sweeps your legs out from beneath you, sending you sprawling onto your back. You try to scramble away but are stopped in your tracks as Robert stomps down, stopping just before he makes contact with your crotch. You look up at him, fear in your eyes as he says, ‘Now now, stay still or I’ll have to stomp em.’ Then he slowly begins to grind his heel into your cock. Your groin responds and hardens, your cock head popping out from your waistband. ‘Oh, you like this huh?’ He taunts as he wraps his toes around your cock head and starts to rub it. You start leaking precum before he pulls his foot away.[/i]
[icon]Bot Announcer[/icon][color=gray]Sissy Robert Bot used their feet to tease Evan Clark's penis, dealing 7 lust points![/color]
[color=gray]═════════════════ ⭐ [color=purple]Sexfight ring[/color] ⭐ ═════════════════
 [color=purple]░▓▓▓▓▓▓▓▓▓▓▓▓▓▓▓▓▓▓▓[/color] ⭐ [color=purple]VS[/color] ⭐ [color=purple]▓▓▓▓▓▓▓▓▓▓▓▓▓▓▓▓▓▓▓▓[/color]
► [icon]Evan Clark[/icon]                                                                  [icon]Sissy Robert Bot[/icon]
It's Evan Clark's turn![/color]

29-12-2017 06:14:17.0 [PRIV] Evan Clark: !pass
29-12-2017 06:14:23.5 [PRIV] Bot to Evan Clark:
[icon]Bot Announcer[/icon][color=gray]Evan Clark passed their turn![/color]
[i]Robert giggles to himself. 'You want more? Okay... come here!' He beckons with one hand, staring hungrily at your body and licking his lips.[/i]
[i]Robert puffs out his chest, bumping yours and pushing you back until you find yourself pinned in the corner. He shoves his arm forcefully against your throat and pushes, meanwhile, he slips his hand into your trunks and grabs hold of your cock. He thumbs over it a bit until grabbing it fully. He gives it a few good pumps, making you grunt and hump his hand needily, before letting go.[/i]
[icon]Bot Announcer[/icon][color=gray]Sissy Robert Bot used their fingers to tease Evan Clark's penis, dealing 4 lust points![/color]
[color=gray]═════════════════ ⭐ [color=purple]Sexfight ring[/color] ⭐ ═════════════════
 [color=purple]░░▓▓▓▓▓▓▓▓▓▓▓▓▓▓▓▓▓▓[/color] ⭐ [color=purple]VS[/color] ⭐ [color=purple]▓▓▓▓▓▓▓▓▓▓▓▓▓▓▓▓▓▓▓▓[/color]
► [icon]Evan Clark[/icon]                                                                  [icon]Sissy Robert Bot[/icon]
It's Evan Clark's turn![/color]

29-12-2017 06:14:23.5 [PRIV] Evan Clark: !pass
29-12-2017 06:14:31.6 [PRIV] Bot to Evan Clark:
[icon]Bot Announcer[/icon][color=gray]Evan Clark used their sex to tease Sissy Robert Bot's tits, dealing 12 lust points![/color]
[color=gray]═════════════════ ⭐ [color=purple]Sexfight ring[/color] ⭐ ═════════════════
 [color=purple]░░▓▓▓▓▓▓▓▓▓▓▓▓▓▓▓▓▓▓[/color] ⭐ [color=purple]VS[/color] ⭐ [color=purple]▓▓▓▓▓▓▓▓▓▓▓▓▓▓▓▓▓▓░░[/color]
► [icon]Sissy Robert Bot[/icon]                                                                  [icon]Evan Clark[/icon]
It's Sissy Robert Bot's turn![/color]
[i]Robert flexes his pecs around your cock instinctively as you rut against his chest. ‘Oh, yeah,’ he pants, ‘fuck my chest!’[/i]

29-12-2017 06:14:31.6 [PRIV] Bot to Evan Clark:
[i]Robert crams his fingers into your mouth, swirling them around. ‘Just getting your ready for something bigger sweetheart,’ He boasts.[/i]
[icon]Bot Announcer[/icon][color=gray]Sissy Robert Bot used their fingers to tease Evan Clark's lips, dealing 15 lust points![/color]
[color=gray]═════════════════ ⭐ [color=purple]Sexfight ring[/color] ⭐ ═════════════════
 [color=purple]░░░░░▓▓▓▓▓▓▓▓▓▓▓▓▓▓▓[/color] ⭐ [color=purple]VS[/color] ⭐ [color=purple]▓▓▓▓▓▓▓▓▓▓▓▓▓▓▓▓▓▓░░[/color]
► [icon]Evan Clark[/icon]                                                                  [icon]Sissy Robert Bot[/icon]
It's Evan Clark's turn![/color]

29-12-2017 06:14:31.6 [PRIV] Evan Clark: !attack sex to tits
29-12-2017 06:14:43.7 [PRIV] Bot to Evan Clark:
[icon]Bot Announcer[/icon][color=gray]Evan Clark used their sex to tease Sissy Robert Bot's sex, dealing 22 lust points![/color]
[color=gray]═════════════════ ⭐ [color=purple]Sexfight ring[/color] ⭐ ═════════════════
 [color=purple]░░░░░░▓▓▓▓▓▓▓▓▓▓▓▓▓▓[/color] ⭐ [color=purple]VS[/color] ⭐ [color=purple]▓▓▓▓▓▓▓▓▓▓▓▓▓▓▓░░░░░[/color]
► [icon]Sissy Robert Bot[/icon]                                                                  [icon]Evan Clark[/icon]
It's Sissy Robert Bot's turn![/color]
[i]Robert’s cock swells to meet yours as you begin to grind against him. ‘Agh… fuck no more, please’ he whines.[/i]

29-12-2017 06:14:43.7 [PRIV] Bot to Evan Clark:
[i]Robert holds you tight to his body before dropping down on top of you, pinning your back to the mat. He works his legs between yours and spreads them. He begins to press his bulge down against your own, rubbing his thick shaft against your own swelling member, frotting you.[/i]
[icon]Bot Announcer[/icon][color=gray]Sissy Robert Bot used their sex to tease Evan Clark's penis, dealing 1 lust points![/color]
[color=gray]═════════════════ ⭐ [color=purple]Sexfight ring[/color] ⭐ ═════════════════
 [color=purple]░░░░░▓▓▓▓▓▓▓▓▓▓▓▓▓▓▓[/color] ⭐ [color=purple]VS[/color] ⭐ [color=purple]▓▓▓▓▓▓▓▓▓▓▓▓▓▓░░░░░░[/color]
► [icon]Evan Clark[/icon]                                                                  [icon]Sissy Robert Bot[/icon]
It's Evan Clark's turn![/color]

29-12-2017 06:14:43.7 [PRIV] Evan Clark: !attack sex to sex
29-12-2017 06:14:53.7 [PRIV] Bot to Evan Clark:
[icon]Bot Announcer[/icon][color=gray]Evan Clark used their fingers to tease Sissy Robert Bot's ass, dealing 19 lust points![/color]
[color=gray]═════════════════ ⭐ [color=purple]Sexfight ring[/color] ⭐ ═════════════════
 [color=red]░░░░░░░░░░▓▓▓▓▓▓▓▓▓▓[/color] ⭐ [color=purple]VS[/color] ⭐ [color=purple]▓▓▓▓▓▓▓▓▓▓▓▓▓▓▓░░░░░[/color]
► [icon]Sissy Robert Bot[/icon]                                                                  [icon]Evan Clark[/icon]
It's Sissy Robert Bot's turn![/color]
[i]Robert grits his teeth as you shove a finger into his sphincter, causing him to rise onto his toes as his pucker squeezes around your digits.[/i]

29-12-2017 06:14:53.7 [PRIV] Bot to Evan Clark:
[i]Robert produces a double-ended dildo and stalks over to you. Shoving your forcefully into a corner he turns you around and works the dildo into your tight pucker. Then, he turns around and does the same to his own anus. After both ends of the dildo are inside each of you respectively, he begins to push his hips back, riding the dildo and causing it to fuck your own hole.[/i]
[icon]Bot Announcer[/icon][color=gray]Sissy Robert Bot used their ass to tease Evan Clark's ass, dealing 9 lust points![/color]
[color=gray]═════════════════ ⭐ [color=purple]Sexfight ring[/color] ⭐ ═════════════════
 [color=purple]░░░░░░░▓▓▓▓▓▓▓▓▓▓▓▓▓[/color] ⭐ [color=purple]VS[/color] ⭐ [color=red]▓▓▓▓▓▓▓▓▓▓░░░░░░░░░░[/color]
► [icon]Evan Clark[/icon]                                                                  [icon]Sissy Robert Bot[/icon]
It's Evan Clark's turn![/color]

29-12-2017 06:14:53.7 [PRIV] Evan Clark: !attack fingers to ass
29-12-2017 06:15:02.9 [PRIV] Bot to Evan Clark:
[icon]Bot Announcer[/icon][color=gray]Evan Clark used their lips to tease Sissy Robert Bot's sex, dealing 14 lust points![/color]
[color=gray]═════════════════ ⭐ [color=purple]Sexfight ring[/color] ⭐ ═════════════════
 [color=red]░░░░░░░░░░░░░▓▓▓▓▓▓▓[/color] ⭐ [color=purple]VS[/color] ⭐ [color=purple]▓▓▓▓▓▓▓▓▓▓▓▓▓░░░░░░░[/color]
► [icon]Sissy Robert Bot[/icon]                                                                  [icon]Evan Clark[/icon]
It's Sissy Robert Bot's turn![/color]
[i]’No wait!’ is all Robert can say before you yank his singlet down and pull his thick cock out. As you wrap your lips around it and begin to suck, his knees begin to wobble and he nearly falls over. [/i]

29-12-2017 06:15:02.9 [PRIV] Bot to Evan Clark:
[i]Robert swaggers over to you, a spring in his step and a mischievous grin. He licks his lips and makes a dive for your waist. He wraps his arms around you and takes you down to the mat, where he folds your legs up and over your head, with your back firmly pinned to the mat. He looks down at you from between your thighs and flashes you his pearly whites. Then he grabs the waist-band of your gear and pulls it down, letting your cock flop out. He looks back to you and whistles, ‘Not too shabby.’ He compliments you before he opens his mouth and sucks your length in in one fell swoop. Sucking and bobbing his head, Robert causes you to stifle a moan as his warm mouth works on your shaft. Satisfied, he pulls away, your cock falling out of his mouth with a *plop.* He stands up and wipes away a strand of drool from his chin, motioning for you to get back to your feet. [/i]
[icon]Bot Announcer[/icon][color=gray]Sissy Robert Bot used their lips to tease Evan Clark's penis, dealing 6 lust points![/color]
[color=gray]═════════════════ ⭐ [color=purple]Sexfight ring[/color] ⭐ ═════════════════
 [color=purple]░░░░░░░░▓▓▓▓▓▓▓▓▓▓▓▓[/color] ⭐ [color=purple]VS[/color] ⭐ [color=red]▓▓▓▓▓▓▓░░░░░░░░░░░░░[/color]
► [icon]Evan Clark[/icon]                                                                  [icon]Sissy Robert Bot[/icon]
It's Evan Clark's turn![/color]

29-12-2017 06:15:02.9 [PRIV] Evan Clark: !attack lips to sex
29-12-2017 06:15:12.1 [PRIV] Bot to Evan Clark:
[icon]Bot Announcer[/icon][color=gray]Evan Clark used their lips to tease Sissy Robert Bot's tits, dealing 17 lust points![/color]
[color=gray]═════════════════ ⭐ [color=purple]Sexfight ring[/color] ⭐ ═════════════════
 [color=red]░░░░░░░░░░░░░░░░▓▓▓▓[/color] ⭐ [color=purple]VS[/color] ⭐ [color=purple]▓▓▓▓▓▓▓▓▓▓▓▓░░░░░░░░[/color]
► [icon]Sissy Robert Bot[/icon]                                                                  [icon]Evan Clark[/icon]
It's Sissy Robert Bot's turn![/color]
[i]Robert gasps as your lips clamp onto his nipples and your tongue swirls around his sensitive chest, causing his cock to swell.[/i]

29-12-2017 06:15:12.1 [PRIV] Bot to Evan Clark:
[i]Robert wraps his arms around your thighs, lifting you up high, holding your there over his head before dropping you back onto the mat. He remains perched just over you. You lie there dazed and out gasping for breath when you feel a tingle in your groin. As your vision clears, you see Robert lying above you, flexing his meaty pecs over your cock, clamping them tightly around your manhood. He rubs your cock between the mounds of muscled flesh for a bit before standing and looking down at you, making his pecs flex and dance to taunt you.[/i]
[icon]Bot Announcer[/icon][color=gray]Sissy Robert Bot used their tits to tease Evan Clark's penis, dealing 3 lust points![/color]
[color=gray]═════════════════ ⭐ [color=purple]Sexfight ring[/color] ⭐ ═════════════════
 [color=purple]░░░░░░░░░▓▓▓▓▓▓▓▓▓▓▓[/color] ⭐ [color=purple]VS[/color] ⭐ [color=red]▓▓▓▓░░░░░░░░░░░░░░░░[/color]
► [icon]Evan Clark[/icon]                                                                  [icon]Sissy Robert Bot[/icon]
It's Evan Clark's turn![/color]

29-12-2017 06:15:12.1 [PRIV] Evan Clark: !attack lips to tits
29-12-2017 06:15:21.5 [PRIV] Bot to Evan Clark:
[icon]Bot Announcer[/icon][color=gray]Evan Clark used their lips to tease Sissy Robert Bot's ass, dealing 13 lust points![/color]
[color=gray]═════════════════ ⭐ [color=purple]Sexfight ring[/color] ⭐ ═════════════════
 [color=red]░░░░░░░░░░░░░░░░░░░▓[/color] ⭐ [color=purple]VS[/color] ⭐ [color=purple]▓▓▓▓▓▓▓▓▓▓▓░░░░░░░░░[/color]
► [icon]Sissy Robert Bot[/icon]                                                                  [icon]Evan Clark[/icon]
It's Sissy Robert Bot's turn![/color]
[i]Robert is laying on his stomach when you lean in and press your lips between his cheeks. He blushes but melts like butter as your expert tongue swirls around his hole. He reaches back and grabs your head, and thrusts his hips up further into your waiting tongue. He can’t get enough of you rimming him.[/i]

29-12-2017 06:15:21.5 [PRIV] Bot to Evan Clark:
[i]Robert crams his fingers into your mouth, swirling them around. ‘Just getting your ready for something bigger sweetheart,’ He boasts.[/i]
[icon]Bot Announcer[/icon][color=gray]Sissy Robert Bot used their fingers to tease Evan Clark's lips, dealing 15 lust points![/color]
[color=gray]═════════════════ ⭐ [color=purple]Sexfight ring[/color] ⭐ ═════════════════
 [color=red]░░░░░░░░░░░░▓▓▓▓▓▓▓▓[/color] ⭐ [color=purple]VS[/color] ⭐ [color=red]▓░░░░░░░░░░░░░░░░░░░[/color]
► [icon]Evan Clark[/icon]                                                                  [icon]Sissy Robert Bot[/icon]
It's Evan Clark's turn![/color]

29-12-2017 06:15:21.5 [PRIV] Evan Clark: !attack lips to ass
29-12-2017 06:15:31.0 [PRIV] Bot to Evan Clark:
[icon]Bot Announcer[/icon][color=gray]Evan Clark used their lips to tease Sissy Robert Bot's lips, dealing 12 lust points![/color]
[color=gray]Evan Clark made Sissy Robert Bot cum! The winner gets $2.00 and the loser gets $1.00, thank you for participating.[/color]
[color=gray]═════════════════ ⭐ [color=purple]Sexfight ring[/color] ⭐ ═════════════════
 [color=red]░░░░░░░░░░░░░░░░░░░░[/color] ⭐ [color=purple]VS[/color] ⭐ [color=red]▓▓▓▓▓▓▓▓░░░░░░░░░░░░[/color]
► [icon]Sissy Robert Bot[/icon]                                                                  [icon]Evan Clark[/icon]
It's Sissy Robert Bot's turn![/color]

[color=gray]════════════════ ⭐ [color=purple]Combat ended[/color] ⭐ ════════════════[/color]
[i]Robert fights it at first, but eventually melts into the kiss, eagerly trying to taste every inch of your mouth and whining when you pull away.[/i]

29-12-2017 06:15:31.0 [PRIV] Bot to Evan Clark:

29-12-2017 06:15:31.0 [PRIV] Evan Clark: !attack lips to lips
29-12-2017 06:15:37.6 [PRIV] Evan Clark: !trainingdummy2 male
29-12-2017 06:15:37.6 [PRIV] Bot to Evan Clark:
[icon]Bot Announcer[/icon][color=gray] Welcome to the training ring! Today we have Evan Clark vs Sissy Robert Bot! Let the match begin![/color]
[color=gray]═════════════════ ⭐ [color=purple]Sexfight ring[/color] ⭐ ═════════════════
 [color=purple]▓▓▓▓▓▓▓▓▓▓▓▓▓▓▓▓▓▓▓▓[/color] ⭐ [color=purple]VS[/color] ⭐ [color=purple]▓▓▓▓▓▓▓▓▓▓▓▓▓▓▓▓▓▓▓▓[/color]
► [icon]Evan Clark[/icon]                                                                  [icon]Sissy Robert Bot[/icon]
It's Evan Clark's turn![/color]

29-12-2017 06:15:40.5 [PRIV] Bot to Evan Clark:
[icon]Bot Announcer[/icon][color=gray]Evan Clark passed their turn![/color]
[i]Robert giggles to himself. 'You want more? Okay... come here!' He beckons with one hand, staring hungrily at your body and licking his lips.[/i]
[i]Robert wraps and arm around your head, falling to the canvas with your trapped underneath him in a headlock. Your face is shoved into his muscular chest and he crams his meaty pec into your mouth, forcing you to lick the salty sweat from his chest.[/i]
[icon]Bot Announcer[/icon][color=gray]Sissy Robert Bot used their tits to tease Evan Clark's lips, dealing 12 lust points![/color]
[color=gray]═════════════════ ⭐ [color=purple]Sexfight ring[/color] ⭐ ═════════════════
 [color=purple]░░▓▓▓▓▓▓▓▓▓▓▓▓▓▓▓▓▓▓[/color] ⭐ [color=purple]VS[/color] ⭐ [color=purple]▓▓▓▓▓▓▓▓▓▓▓▓▓▓▓▓▓▓▓▓[/color]
► [icon]Evan Clark[/icon]                                                                  [icon]Sissy Robert Bot[/icon]
It's Evan Clark's turn![/color]

29-12-2017 06:15:40.5 [PRIV] Evan Clark: !pass
29-12-2017 06:15:45.4 [PRIV] Bot to Evan Clark:
[icon]Bot Announcer[/icon][color=gray]Evan Clark used their lips to tease Sissy Robert Bot's lips, dealing 13 lust points![/color]
[color=gray]═════════════════ ⭐ [color=purple]Sexfight ring[/color] ⭐ ═════════════════
 [color=purple]░░▓▓▓▓▓▓▓▓▓▓▓▓▓▓▓▓▓▓[/color] ⭐ [color=purple]VS[/color] ⭐ [color=purple]▓▓▓▓▓▓▓▓▓▓▓▓▓▓▓▓▓▓░░[/color]
► [icon]Sissy Robert Bot[/icon]                                                                  [icon]Evan Clark[/icon]
It's Sissy Robert Bot's turn![/color]
[i]Robert fights it at first, but eventually melts into the kiss, eagerly trying to taste every inch of your mouth and whining when you pull away.[/i]

29-12-2017 06:15:45.4 [PRIV] Bot to Evan Clark:
[i]Robert wraps and arm around your head, falling to the canvas with your trapped underneath him in a headlock. Your face is shoved into his muscular chest and he crams his meaty pec into your mouth, forcing you to lick the salty sweat from his chest.[/i]
[icon]Bot Announcer[/icon][color=gray]Sissy Robert Bot used their tits to tease Evan Clark's lips, dealing 12 lust points![/color]
[color=gray]═════════════════ ⭐ [color=purple]Sexfight ring[/color] ⭐ ═════════════════
 [color=purple]░░░░▓▓▓▓▓▓▓▓▓▓▓▓▓▓▓▓[/color] ⭐ [color=purple]VS[/color] ⭐ [color=purple]▓▓▓▓▓▓▓▓▓▓▓▓▓▓▓▓▓▓░░[/color]
► [icon]Evan Clark[/icon]                                                                  [icon]Sissy Robert Bot[/icon]
It's Evan Clark's turn![/color]

29-12-2017 06:15:45.4 [PRIV] Evan Clark: !attack lips to lips
29-12-2017 06:15:53.9 [PRIV] Bot to Evan Clark:
[icon]Bot Announcer[/icon][color=gray]Evan Clark used their lips to tease Sissy Robert Bot's lips, dealing 11 lust points![/color]
[color=gray]═════════════════ ⭐ [color=purple]Sexfight ring[/color] ⭐ ═════════════════
 [color=purple]░░░░▓▓▓▓▓▓▓▓▓▓▓▓▓▓▓▓[/color] ⭐ [color=purple]VS[/color] ⭐ [color=purple]▓▓▓▓▓▓▓▓▓▓▓▓▓▓▓▓░░░░[/color]
► [icon]Sissy Robert Bot[/icon]                                                                  [icon]Evan Clark[/icon]
It's Sissy Robert Bot's turn![/color]
[i]Robert fights it at first, but eventually melts into the kiss, eagerly trying to taste every inch of your mouth and whining when you pull away.[/i]

29-12-2017 06:15:53.9 [PRIV] Bot to Evan Clark:
[i]Robert grabs you around the waist and lifts you up over his shoulder. Walking around with your helplessly kicking, he spanks you a few times before drawing down the waistband of your gear. Soon, you start to kick like mad as he plunges a finger into your pucker.[/i]
[icon]Bot Announcer[/icon][color=gray]Sissy Robert Bot used their fingers to tease Evan Clark's ass, dealing 2 lust points![/color]
[color=gray]═════════════════ ⭐ [color=purple]Sexfight ring[/color] ⭐ ═════════════════
 [color=purple]░░░░░▓▓▓▓▓▓▓▓▓▓▓▓▓▓▓[/color] ⭐ [color=purple]VS[/color] ⭐ [color=purple]▓▓▓▓▓▓▓▓▓▓▓▓▓▓▓▓░░░░[/color]
► [icon]Evan Clark[/icon]                                                                  [icon]Sissy Robert Bot[/icon]
It's Evan Clark's turn![/color]

29-12-2017 06:15:53.9 [PRIV] Evan Clark: !attack lips to lips
29-12-2017 06:16:03.4 [PRIV] Bot to Evan Clark:
[icon]Bot Announcer[/icon][color=gray]Evan Clark used their lips to tease Sissy Robert Bot's lips, dealing 11 lust points![/color]
[color=gray]═════════════════ ⭐ [color=purple]Sexfight ring[/color] ⭐ ═════════════════
 [color=purple]░░░░░░░▓▓▓▓▓▓▓▓▓▓▓▓▓[/color] ⭐ [color=purple]VS[/color] ⭐ [color=purple]▓▓▓▓▓▓▓▓▓▓▓▓▓▓▓░░░░░[/color]
► [icon]Sissy Robert Bot[/icon]                                                                  [icon]Evan Clark[/icon]
It's Sissy Robert Bot's turn![/color]
[i]Robert fights it at first, but eventually melts into the kiss, eagerly trying to taste every inch of your mouth and whining when you pull away.[/i]

29-12-2017 06:16:03.4 [PRIV] Bot to Evan Clark:
[i]Robert produces a double-ended dildo and stalks over to you. Shoving your forcefully into a corner he turns you around and works the dildo into your tight pucker. Then, he turns around and does the same to his own anus. After both ends of the dildo are inside each of you respectively, he begins to push his hips back, riding the dildo and causing it to fuck your own hole.[/i]
[icon]Bot Announcer[/icon][color=gray]Sissy Robert Bot used their ass to tease Evan Clark's ass, dealing 6 lust points![/color]
[color=gray]═════════════════ ⭐ [color=purple]Sexfight ring[/color] ⭐ ═════════════════
 [color=purple]░░░░░░▓▓▓▓▓▓▓▓▓▓▓▓▓▓[/color] ⭐ [color=purple]VS[/color] ⭐ [color=purple]▓▓▓▓▓▓▓▓▓▓▓▓▓░░░░░░░[/color]
► [icon]Evan Clark[/icon]                                                                  [icon]Sissy Robert Bot[/icon]
It's Evan Clark's turn![/color]

29-12-2017 06:16:03.4 [PRIV] Evan Clark: !attack lips to lips
29-12-2017 06:16:11.0 [PRIV] Bot to Evan Clark:
[icon]Bot Announcer[/icon][color=gray]Evan Clark used their lips to tease Sissy Robert Bot's lips, dealing 14 lust points![/color]
[color=gray]═════════════════ ⭐ [color=purple]Sexfight ring[/color] ⭐ ═════════════════
 [color=purple]░░░░░░░░░▓▓▓▓▓▓▓▓▓▓▓[/color] ⭐ [color=purple]VS[/color] ⭐ [color=purple]▓▓▓▓▓▓▓▓▓▓▓▓▓▓░░░░░░[/color]
► [icon]Sissy Robert Bot[/icon]                                                                  [icon]Evan Clark[/icon]
It's Sissy Robert Bot's turn![/color]
[i]Robert fights it at first, but eventually melts into the kiss, eagerly trying to taste every inch of your mouth and whining when you pull away.[/i]

29-12-2017 06:16:11.0 [PRIV] Bot to Evan Clark:
[i]Robert takes you down to the mat and breaks out some, frankly, impressive wrestling skills you didn’t know he had. You’re lying on your stomach when he grabs your arms and pulls them up painfully behind your back. You start to roll, reflexively as he walks his legs around your body until you’re lying on your back. Taking one big step with his right leg, he stomps down on the other side of your head. Now, with both legs on either side of your head, he uses that right legs to scoop up your head, and locks his ankle behind his left knee, clamping in a figure-four. You are pinned down to the mat, your face shoved into Robert’s ass and balls. He flexes his thighs around your head and arches his back up, causing your head to be shoved even deeper into the hold. You can barely make out what he’s saying, ‘How do you like my headscissors, bitch?’ He asks, laughing sadistically. Helpless to escape, he eventually lets up and gets off of you.[/i]
[icon]Bot Announcer[/icon][color=gray]Sissy Robert Bot used their ass to tease Evan Clark's lips, dealing 14 lust points![/color]
[color=gray]═════════════════ ⭐ [color=purple]Sexfight ring[/color] ⭐ ═════════════════
 [color=purple]░░░░░░░░░▓▓▓▓▓▓▓▓▓▓▓[/color] ⭐ [color=purple]VS[/color] ⭐ [color=purple]▓▓▓▓▓▓▓▓▓▓▓░░░░░░░░░[/color]
► [icon]Evan Clark[/icon]                                                                  [icon]Sissy Robert Bot[/icon]
It's Evan Clark's turn![/color]

29-12-2017 06:16:11.0 [PRIV] Evan Clark: !attack lips to lips
29-12-2017 06:16:36.1 [PRIV] Bot to Evan Clark:
[icon]Bot Announcer[/icon][color=gray]Evan Clark passed their turn![/color]
[i]Robert giggles to himself. 'You want more? Okay... come here!' He beckons with one hand, staring hungrily at your body and licking his lips.[/i]
[i]While pinned to the mat, Robert sits down on your chest and scoots up until his bulge is resting on top of your lips. Flexing and smiling down at you he wraps a hand around your head and pulls it up, smothering you in his crotch, forcing you to breathe in his scent and taste the sweat accumulating on his balls. ‘Give it a kiss and I’ll let you up,’ He taunts, slipping his cock out of his singlet and slapping your face with it.[/i]
[icon]Bot Announcer[/icon][color=gray]Sissy Robert Bot used their sex to tease Evan Clark's lips, dealing 7 lust points![/color]
[color=gray]═════════════════ ⭐ [color=purple]Sexfight ring[/color] ⭐ ═════════════════
 [color=red]░░░░░░░░░░▓▓▓▓▓▓▓▓▓▓[/color] ⭐ [color=purple]VS[/color] ⭐ [color=purple]▓▓▓▓▓▓▓▓▓▓▓░░░░░░░░░[/color]
► [icon]Evan Clark[/icon]                                                                  [icon]Sissy Robert Bot[/icon]
It's Evan Clark's turn![/color]

29-12-2017 06:16:36.1 [PRIV] Evan Clark: !pass
29-12-2017 06:16:48.5 [PRIV] Bot to Evan Clark:
[icon]Bot Announcer[/icon][color=gray]Evan Clark passed their turn![/color]
[i]Robert giggles to himself. 'You want more? Okay... come here!' He beckons with one hand, staring hungrily at your body and licking his lips.[/i]
[i]Robert crams his fingers into your mouth, swirling them around. ‘Just getting your ready for something bigger sweetheart,’ He boasts.[/i]
[icon]Bot Announcer[/icon][color=gray]Sissy Robert Bot used their fingers to tease Evan Clark's lips, dealing 7 lust points![/color]
[color=gray]═════════════════ ⭐ [color=purple]Sexfight ring[/color] ⭐ ═════════════════
 [color=red]░░░░░░░░░░░░▓▓▓▓▓▓▓▓[/color] ⭐ [color=purple]VS[/color] ⭐ [color=purple]▓▓▓▓▓▓▓▓▓▓▓░░░░░░░░░[/color]
► [icon]Evan Clark[/icon]                                                                  [icon]Sissy Robert Bot[/icon]
It's Evan Clark's turn![/color]

29-12-2017 06:16:48.5 [PRIV] Evan Clark: !pass
29-12-2017 06:16:56.3 [PRIV] Bot to Evan Clark:
[icon]Bot Announcer[/icon][color=gray]Evan Clark used their lips to tease Sissy Robert Bot's lips, dealing 14 lust points![/color]
[color=gray]═════════════════ ⭐ [color=purple]Sexfight ring[/color] ⭐ ═════════════════
 [color=red]░░░░░░░░░░░░▓▓▓▓▓▓▓▓[/color] ⭐ [color=purple]VS[/color] ⭐ [color=red]▓▓▓▓▓▓▓▓░░░░░░░░░░░░[/color]
► [icon]Sissy Robert Bot[/icon]                                                                  [icon]Evan Clark[/icon]
It's Sissy Robert Bot's turn![/color]
[i]Robert fights it at first, but eventually melts into the kiss, eagerly trying to taste every inch of your mouth and whining when you pull away.[/i]

29-12-2017 06:16:56.3 [PRIV] Bot to Evan Clark:
[i]While pinned to the mat, Robert sits down on your chest and scoots up until his bulge is resting on top of your lips. Flexing and smiling down at you he wraps a hand around your head and pulls it up, smothering you in his crotch, forcing you to breathe in his scent and taste the sweat accumulating on his balls. ‘Give it a kiss and I’ll let you up,’ He taunts, slipping his cock out of his singlet and slapping your face with it.[/i]
[icon]Bot Announcer[/icon][color=gray]Sissy Robert Bot used their sex to tease Evan Clark's lips, dealing 7 lust points![/color]
[color=gray]═════════════════ ⭐ [color=purple]Sexfight ring[/color] ⭐ ═════════════════
 [color=red]░░░░░░░░░░░░░▓▓▓▓▓▓▓[/color] ⭐ [color=purple]VS[/color] ⭐ [color=red]▓▓▓▓▓▓▓▓░░░░░░░░░░░░[/color]
► [icon]Evan Clark[/icon]                                                                  [icon]Sissy Robert Bot[/icon]
It's Evan Clark's turn![/color]

29-12-2017 06:16:56.3 [PRIV] Evan Clark: !attack lips to lips
29-12-2017 06:17:02.9 [PRIV] Bot to Evan Clark:
[icon]Bot Announcer[/icon][color=gray]Evan Clark passed their turn![/color]
[i]Robert giggles to himself. 'You want more? Okay... come here!' He beckons with one hand, staring hungrily at your body and licking his lips.[/i]
[i]Robert produces a double-ended dildo and stalks over to you. Shoving your forcefully into a corner he turns you around and works the dildo into your tight pucker. Then, he turns around and does the same to his own anus. After both ends of the dildo are inside each of you respectively, he begins to push his hips back, riding the dildo and causing it to fuck your own hole.[/i]
[icon]Bot Announcer[/icon][color=gray]Sissy Robert Bot used their ass to tease Evan Clark's ass, dealing 9 lust points![/color]
[color=gray]═════════════════ ⭐ [color=purple]Sexfight ring[/color] ⭐ ═════════════════
 [color=red]░░░░░░░░░░░░░░░▓▓▓▓▓[/color] ⭐ [color=purple]VS[/color] ⭐ [color=red]▓▓▓▓▓▓▓▓░░░░░░░░░░░░[/color]
► [icon]Evan Clark[/icon]                                                                  [icon]Sissy Robert Bot[/icon]
It's Evan Clark's turn![/color]

29-12-2017 06:17:02.9 [PRIV] Evan Clark: !pass
29-12-2017 06:17:11.7 [PRIV] Bot to Evan Clark:
[icon]Bot Announcer[/icon][color=gray]Evan Clark used their lips to tease Sissy Robert Bot's lips, dealing 11 lust points![/color]
[color=gray]═════════════════ ⭐ [color=purple]Sexfight ring[/color] ⭐ ═════════════════
 [color=red]░░░░░░░░░░░░░░▓▓▓▓▓▓[/color] ⭐ [color=purple]VS[/color] ⭐ [color=red]▓▓▓▓▓░░░░░░░░░░░░░░░[/color]
► [icon]Sissy Robert Bot[/icon]                                                                  [icon]Evan Clark[/icon]
It's Sissy Robert Bot's turn![/color]
[i]Robert fights it at first, but eventually melts into the kiss, eagerly trying to taste every inch of your mouth and whining when you pull away.[/i]

29-12-2017 06:17:11.7 [PRIV] Bot to Evan Clark:
[i]Robert manages to sweep you off your feet. You turn and fall on your hands and knees, only to have Robert land on your back, flattening you out. You struggle under him and he sits up, grabbing your legs and prying them open. He yanks them up over his shoulders and suddenly you feel your toes curl as he begins licking your hole. His tongue winds its way all around your ass, teasing your sensitive pucker. It climaxes as he slips that warm tongue deep into your hole causing you to moan out loud. The he drops you and pulls away.[/i]
[icon]Bot Announcer[/icon][color=gray]Sissy Robert Bot used their lips to tease Evan Clark's ass, dealing 2 lust points![/color]
[color=gray]═════════════════ ⭐ [color=purple]Sexfight ring[/color] ⭐ ═════════════════
 [color=red]░░░░░░░░░░░░░░░▓▓▓▓▓[/color] ⭐ [color=purple]VS[/color] ⭐ [color=red]▓▓▓▓▓▓░░░░░░░░░░░░░░[/color]
► [icon]Evan Clark[/icon]                                                                  [icon]Sissy Robert Bot[/icon]
It's Evan Clark's turn![/color]

29-12-2017 06:17:11.7 [PRIV] Evan Clark: !attack lips to lips
29-12-2017 06:17:19.0 [PRIV] Bot to Evan Clark:
[icon]Bot Announcer[/icon][color=gray]Evan Clark used their lips to tease Sissy Robert Bot's lips, dealing 19 lust points![/color]
[color=gray]═════════════════ ⭐ [color=purple]Sexfight ring[/color] ⭐ ═════════════════
 [color=red]░░░░░░░░░░░░░░░░░░▓▓[/color] ⭐ [color=purple]VS[/color] ⭐ [color=red]▓▓▓▓▓░░░░░░░░░░░░░░░[/color]
► [icon]Sissy Robert Bot[/icon]                                                                  [icon]Evan Clark[/icon]
It's Sissy Robert Bot's turn![/color]
[i]Robert fights it at first, but eventually melts into the kiss, eagerly trying to taste every inch of your mouth and whining when you pull away.[/i]

29-12-2017 06:17:19.0 [PRIV] Bot to Evan Clark:
[i]Robert manages to sweep you off your feet. You turn and fall on your hands and knees, only to have Robert land on your back, flattening you out. You struggle under him and he sits up, grabbing your legs and prying them open. He yanks them up over his shoulders and suddenly you feel your toes curl as he begins licking your hole. His tongue winds its way all around your ass, teasing your sensitive pucker. It climaxes as he slips that warm tongue deep into your hole causing you to moan out loud. The he drops you and pulls away.[/i]
[icon]Bot Announcer[/icon][color=gray]Sissy Robert Bot used their lips to tease Evan Clark's ass, dealing 6 lust points![/color]
[color=gray]═════════════════ ⭐ [color=purple]Sexfight ring[/color] ⭐ ═════════════════
 [color=red]░░░░░░░░░░░░░░░░▓▓▓▓[/color] ⭐ [color=purple]VS[/color] ⭐ [color=red]▓▓░░░░░░░░░░░░░░░░░░[/color]
► [icon]Evan Clark[/icon]                                                                  [icon]Sissy Robert Bot[/icon]
It's Evan Clark's turn![/color]

29-12-2017 06:17:19.0 [PRIV] Evan Clark: !attack lips to lips
29-12-2017 06:17:32.4 [PRIV] Bot to Evan Clark:
[icon]Bot Announcer[/icon][color=gray]Evan Clark used their lips to tease Sissy Robert Bot's lips, dealing 18 lust points![/color]
[color=gray]Evan Clark made Sissy Robert Bot cum! The winner gets $2.00 and the loser gets $1.00, thank you for participating.[/color]
[color=gray]═════════════════ ⭐ [color=purple]Sexfight ring[/color] ⭐ ═════════════════
 [color=red]░░░░░░░░░░░░░░░░░░░░[/color] ⭐ [color=purple]VS[/color] ⭐ [color=red]▓▓▓▓░░░░░░░░░░░░░░░░[/color]
► [icon]Sissy Robert Bot[/icon]                                                                  [icon]Evan Clark[/icon]
It's Sissy Robert Bot's turn![/color]

[color=gray]════════════════ ⭐ [color=purple]Combat ended[/color] ⭐ ════════════════[/color]
[i]Robert fights it at first, but eventually melts into the kiss, eagerly trying to taste every inch of your mouth and whining when you pull away.[/i]

29-12-2017 06:17:32.4 [PRIV] Bot to Evan Clark:

29-12-2017 06:17:32.4 [PRIV] Evan Clark: !attack lips to lips
29-12-2017 10:45:15.5 [ROOM] charmofflame: skips into the arena
29-12-2017 10:47:40.5 [ROOM] Darent: Hello Angela, how are you?
29-12-2017 10:50:28.5 [ROOM] charmofflame: Hiya! Not too bad. Howabout you?
29-12-2017 10:50:41.7 [ROOM] Darent: not bad either, just chilling
29-12-2017 10:51:08.8 [ROOM] charmofflame: Sounds good. Lemme know if you're up for a rematch ;)
29-12-2017 11:02:36.4 [ROOM] Darent: I'd love to but right now I don't have much time, have some silly stuff to do in a few mins... sorry
29-12-2017 11:11:38.1 [ROOM] charmofflame: No worries!
29-12-2017 20:47:17.9 [PRIV] Baely: !succuboss female
29-12-2017 20:47:18.9 [PRIV] Bot to Baely:You can't afford fighting the boss, it costs $2.00, but you get $6.00 if you win.
29-12-2017 20:47:59.2 [PRIV] Bot to Baely:Wrong spelling of body parts or attack/defense. Use one of the following: lips, fingers, tits, sex, ass, feet. Example: !train attack on fingers
29-12-2017 20:47:59.2 [PRIV] Baely: !indulge attack lips
29-12-2017 20:48:14.6 [PRIV] Baely: !indulge attack on lips
29-12-2017 20:48:14.7 [PRIV] Bot to Baely:Indulging successful! You now have 3 points in attack on lips.
29-12-2017 20:48:24.8 [PRIV] Baely: !succuboss female
29-12-2017 20:48:24.9 [PRIV] Bot to Baely:
[icon]Bot Announcer[/icon][color=gray] Welcome to the boss fight! Today we have Baely vs Milly The Succubot! Let the match begin![/color]
[color=gray]═════════════════ ⭐ [color=purple]Sexfight ring[/color] ⭐ ═════════════════
 [color=purple]▓▓▓▓▓▓▓▓▓▓▓▓▓▓▓▓▓▓▓▓[/color] ⭐ [color=purple]VS[/color] ⭐ [color=purple]▓▓▓▓▓▓▓▓▓▓▓▓▓▓▓▓▓▓▓▓[/color]
► [icon]Baely[/icon]                                                                  [icon]Milly The Succubot[/icon]
It's Baely's turn![/color]
The purple succubus appears in the ring with a cloud of violet mist. She stares across the ring to look at you. She’s wearing naught but a pair of lace purple panties, and purple and black stockings that reaches up to her thighs. She smiles slyly, and runs her tongue along her lips. “Oooh.. I get a girl this time. Heee… We’re gonna have a lot of fun together. I may be small, but I’ll make you feel sooo good, that you’ll forget about the money.” She said. She runs her hands over her body seductively, then motions you on with a curl of her fingers. “Come get me, cutie!”
29-12-2017 20:48:54.8 [PRIV] Bot to Baely:
[icon]Bot Announcer[/icon][color=gray]Baely used their fingers to tease Milly The Succubot's ass, dealing 8 lust points![/color]
[color=gray]═════════════════ ⭐ [color=purple]Sexfight ring[/color] ⭐ ═════════════════
 [color=purple]░▓▓▓▓▓▓▓▓▓▓▓▓▓▓▓▓▓▓▓[/color] ⭐ [color=purple]VS[/color] ⭐ [color=purple]▓▓▓▓▓▓▓▓▓▓▓▓▓▓▓▓▓▓▓▓[/color]
► [icon]Milly The Succubot[/icon]                                                                  [icon]Baely[/icon]
It's Milly The Succubot's turn![/color]
[i]Milly squeals as you start to spank her ‘cubi butt good! “Ahhnh!~ No dooon’t~!” Milly cries out, kicking her legs in vain against you as you’ve got her folded over your knee. You dispense some much needed payback in the form of a few good swats of your hand against her ass! She squeals and thrashes as you punish her. “I-I’m sorry! I won’t do it again! Lemme gooo~!” She cries out. You felt like she learned her lesson, and let her roll off your leg. Milly hits the mat, rubbing her butt, and immediately springs back to her feet, still rubbing her butt with both hands, and glares at you. “Ooooh! You’ll pay for that!” The little ‘cubi didn’t learn her lesson after all.[/i]

29-12-2017 20:48:54.8 [PRIV] Bot to Baely:

[i]Milly steps towards you, one hand on her hips, and a confident sway in her step. She looks up at you, before raising a foot up, and slams it into your belly! The impact causes you to fall to your back with a light cough. Before you can stand up, Milly grabs one of your legs, and lifts it up before planting the sole of her foot on your sex, and applies pressure! You’re left writhing against the mat as Milly lightly gaspedals you. You try to plead her to stop, but the ‘cubi only giggles in response. “Aww… don’t act you don’t like it. We both know you’re loving this. You wanna sub to me, a little cute thing like me.” She coos. “Just lay back and let me take care of allll the work~!” She instructs. She continues to torment your cunny with her foot, rubbing and grinding her sock-covered sole against your slit. After a few more seconds, she lifts her foot up, and points her toes towards your slit. She presses her big toe against your clit, whether you have something covering you or not, then pushes her toes into your slit. She teases you as she stains her sock lightly with your essence, wriggling a couple toes inside you, and pops her toes back out. She then steps towards you, and hovers her stained sock towards your head. “Suck.” She instructed. You look at her wriggling toes, and feel yourself starting to give in. You move your head to suck on her toes, when she suddenly pulls away and bounce back. “Oooh! You were really gonna do it! Ehee, you really ARE a sub!” She taunts. Your face turns red when you realize how she was playing with you, and you stand back up, determined to pay her back![/i]
[icon]Bot Announcer[/icon][color=gray]Milly The Succubot used their feet to tease Baely's vagina, dealing 22 lust points![/color]
[color=gray]═════════════════ ⭐ [color=purple]Sexfight ring[/color] ⭐ ═════════════════
 [color=purple]░░░░▓▓▓▓▓▓▓▓▓▓▓▓▓▓▓▓[/color] ⭐ [color=purple]VS[/color] ⭐ [color=purple]▓▓▓▓▓▓▓▓▓▓▓▓▓▓▓▓▓▓▓░[/color]
► [icon]Baely[/icon]                                                                  [icon]Milly The Succubot[/icon]
It's Baely's turn![/color]

29-12-2017 20:48:54.9 [PRIV] Baely: !attack fingers to ass
29-12-2017 20:51:19.7 [PRIV] Bot to Baely:
[icon]Bot Announcer[/icon][color=gray]Baely used their lips to tease Milly The Succubot's lips, dealing 6 lust points![/color]
[color=gray]═════════════════ ⭐ [color=purple]Sexfight ring[/color] ⭐ ═════════════════
 [color=purple]░░▓▓▓▓▓▓▓▓▓▓▓▓▓▓▓▓▓▓[/color] ⭐ [color=purple]VS[/color] ⭐ [color=purple]▓▓▓▓▓▓▓▓▓▓▓▓▓▓▓▓░░░░[/color]
► [icon]Milly The Succubot[/icon]                                                                  [icon]Baely[/icon]
It's Milly The Succubot's turn![/color]
[i]You step towards her and grab her by the shoulders. She tries to resist a bit, but she doesn’t have anywhere near the strength necessary to overpower you. She goes sliding back until her back is against the ropes. She looks up at you, panting softly and looking somewhat excited as you tried to figure out what you were going to do. You lower your head to lock with her sweet lips, and the succubus responds with a small, cute moan. She raises up to her tiptoes responsively accepting and reciprocating your tender kiss. You let her kiss back, but your actions let her know you were still in control here. You deepen the kiss with her, tilting your head and pressing more into her. Milly could feel her little heart pounding while she was on the receiving end of this sensual embrace. She starts to pant loudly through nose as she starts to get fired up, and that’s when you decide to let her go. You step back from her, though she barely wants to let you go. She stumbles forward as you step away, hunched over and looking you. Her eyes were left half-lidded, and her tongue lolled out her mouth. She regained her senses after a moment, shaking her head and standing up straight. “Mmnh.. you’re not a bad kisser yourself. You sure you aren’t part demon yourself?”[/i]

29-12-2017 20:51:19.7 [PRIV] Bot to Baely:

[i]Milly sways slowly as she looks at you. Folding one hand behind her back, she raises her other hand, and slides two fingers into her mouth. She approaches you, swirling her fingers around in her mouth. She pops her fingers out of her mouth as she draws close. “Say aah~” She instructs. Regardless if you do, she’ll push her slender, saliva covered fingers into your mouth, and swirls her two fingers around. After a couple of seconds, she’ll pop her fingers back out, and beams at you. “It’s almost like we kissed.” She winks at you. “Are you gonna spit me out, or swallow my love?” She smiles knowingly at you before she takes her fingers back in her mouth, and swallows her mouthful. “Mmm~!”[/i]
[icon]Bot Announcer[/icon][color=gray]Milly The Succubot used their fingers to tease Baely's lips, dealing 19 lust points![/color]
[color=gray]═════════════════ ⭐ [color=purple]Sexfight ring[/color] ⭐ ═════════════════
 [color=purple]░░░░░░░░▓▓▓▓▓▓▓▓▓▓▓▓[/color] ⭐ [color=purple]VS[/color] ⭐ [color=purple]▓▓▓▓▓▓▓▓▓▓▓▓▓▓▓▓▓▓░░[/color]
► [icon]Baely[/icon]                                                                  [icon]Milly The Succubot[/icon]
It's Baely's turn![/color]

29-12-2017 20:51:19.7 [PRIV] Baely: !attack lips to lips
29-12-2017 20:52:40.1 [PRIV] Bot to Baely:Invalid body parts. Example of valid ones: lips, fingers, tits, sex, ass, feet. Also remember to use 'to', example: !attack tits to lips. To see the full list, check the bot profile.
29-12-2017 20:52:40.1 [PRIV] Baely: !attack lips to fingers
29-12-2017 20:53:06.9 [PRIV] Bot to Baely:
[icon]Bot Announcer[/icon][color=gray]Baely used their lips to tease Milly The Succubot's ass, dealing 12 lust points![/color]
[color=gray]═════════════════ ⭐ [color=purple]Sexfight ring[/color] ⭐ ═════════════════
 [color=purple]░░░░░▓▓▓▓▓▓▓▓▓▓▓▓▓▓▓[/color] ⭐ [color=purple]VS[/color] ⭐ [color=purple]▓▓▓▓▓▓▓▓▓▓▓▓░░░░░░░░[/color]
► [icon]Milly The Succubot[/icon]                                                                  [icon]Baely[/icon]
It's Milly The Succubot's turn![/color]
[i]“You want to what? Ehehe.. Okaaay~!” She says. She turns around, and points her butt towards you. “Come here and kiss it~!” She encourages, motioning you towards her with a curl of her fingers, bent over and waiting for you. You smirk as she answers your request, and move towards you. You drop to your knees, and start to kiss both her cheeks. “Oooh~! Ehee.. you’re really into it.. Mnn.. your lips feel good..” She moans as you drag your tongue along her cheeks. Her hips tremble a little as you continue to service her petite peach. You decide to just get a little rough, and bite her left cheek gently. “Hya~!” She yips, and hops forward, before turning around. She glares at you, but is also smiling as she rubs her butt. “Oooh.. that was naughty! I’ll get you back for that!” She declared with a playful tone.[/i]

29-12-2017 20:53:06.9 [PRIV] Bot to Baely:

[i]Milly sighs softly. “... I don’t really want to…” She says to herself, before she suddenly zips around you. “Stupid RNG” She mutters under her breath before she leans in, holding you by the hips. She starts to kiss and lick at your ass cheeks, holding you in place while she plays with your butt with her lips. She decorates both cheeks with soft kisses, then gives a sharp nip to your right cheek, causing you to jolt forward. As you turn around, you can see her wiping her mouth and tongue, hoping she doesn’t have to do that again.[/i]
[icon]Bot Announcer[/icon][color=gray]Milly The Succubot used their lips to tease Baely's ass, dealing 23 lust points![/color]
[color=gray]═════════════════ ⭐ [color=purple]Sexfight ring[/color] ⭐ ═════════════════
 [color=red]░░░░░░░░░░░░▓▓▓▓▓▓▓▓[/color] ⭐ [color=purple]VS[/color] ⭐ [color=purple]▓▓▓▓▓▓▓▓▓▓▓▓▓▓▓░░░░░[/color]
► [icon]Baely[/icon]                                                                  [icon]Milly The Succubot[/icon]
It's Baely's turn![/color]

29-12-2017 20:53:06.9 [PRIV] Baely: !attack lips to ass
29-12-2017 20:54:05.6 [PRIV] Bot to Baely:
[icon]Bot Announcer[/icon][color=gray]Baely used their sex to tease Milly The Succubot's ass, dealing 16 lust points![/color]
[color=gray]═════════════════ ⭐ [color=purple]Sexfight ring[/color] ⭐ ═════════════════
 [color=purple]░░░░░░░░▓▓▓▓▓▓▓▓▓▓▓▓[/color] ⭐ [color=purple]VS[/color] ⭐ [color=red]▓▓▓▓▓▓▓▓░░░░░░░░░░░░[/color]
► [icon]Milly The Succubot[/icon]                                                                  [icon]Baely[/icon]
It's Milly The Succubot's turn![/color]
[i]Aaaahhh~! Wh-what are you doing?” Milly cries out. You had her by the hips and bent over. She tries to crawl away, but the slender succubus was going nowhere. You slam your hips against Milly’s small round butt with authority. Her hands collapse under her, falling to her front as you jolt her body with slam after slam. Milly squeaks when she feels a sharp swat to her butt after you were done with your assault. She pushes herself back up to her hands and knees while you walk around her, her face reddened as she was just taken by you in a rather embarrassing way. “Mnnnhhh… k-keep that up and I’ll come in for real and kick your butt!” She snaps as she pushes herself up to her feet...[/i]

29-12-2017 20:54:05.6 [PRIV] Bot to Baely:

[i]Milly’s eyes flash mischievously as she stares you down. Without warning, she rushes towards you, and slides behind you. In a rare act of acrobatics from the succubus, she falls to her hands, throwing her feet up in the air, and springs backward! She slams her body into you, legs spread as she slams her hips into your lower back. You collapse to your belly with the ‘cubi sitting on top of your lower back and facing your legs. She had one target in mind. Your sexy ass. “You’ve been naughty!” She giggles before she brings her hand up, and starts to spank you right in the middle of the ring. Over and over, she swats your right cheek, then your left cheek. She keeps slapping until both cheeks are red as cherries. Once she seems satisfied with her work, she’ll slide a finger into her mouth, and pop it out. Her finger, slick with her saliva, lowers towards your butt, and pushes past your cheeks until she’s pressing her finger against your pucker. She runs her tongue along her lips as her finger traces around the rim, teasing your prostate before her finger gently pushes inside! “Heeee.. Do you like this? I wonder which is more exciting to you. The feeling itself, or the fact I’m the one doing this to you?” She teases. Her finger moves a little faster, pumping in and out of your prostate. When she feels you really starting to struggle, she lets up off you, and hops away, bouncing in place. “Which did you like more? The spanking or the fingering? Go on, you can tell me” She urges you on.[/i]
[icon]Bot Announcer[/icon][color=gray]Milly The Succubot used their fingers to tease Baely's ass, dealing 25 lust points![/color]
[color=gray]═════════════════ ⭐ [color=purple]Sexfight ring[/color] ⭐ ═════════════════
 [color=red]░░░░░░░░░░░░░░░░░▓▓▓[/color] ⭐ [color=purple]VS[/color] ⭐ [color=purple]▓▓▓▓▓▓▓▓▓▓▓▓░░░░░░░░[/color]
► [icon]Baely[/icon]                                                                  [icon]Milly The Succubot[/icon]
It's Baely's turn![/color]

29-12-2017 20:54:05.6 [PRIV] Baely: !attack sex to ass
29-12-2017 20:55:29.5 [PRIV] Bot to Baely:
[icon]Bot Announcer[/icon][color=gray]Baely used their sex to tease Milly The Succubot's sex, dealing 4 lust points![/color]
[color=gray]═════════════════ ⭐ [color=purple]Sexfight ring[/color] ⭐ ═════════════════
 [color=purple]░░░░░░░░░▓▓▓▓▓▓▓▓▓▓▓[/color] ⭐ [color=purple]VS[/color] ⭐ [color=red]▓▓▓░░░░░░░░░░░░░░░░░[/color]
► [icon]Milly The Succubot[/icon]                                                                  [icon]Baely[/icon]
It's Milly The Succubot's turn![/color]
[i]“Oooh.. you think you stand a chance against ‘cubi cunny?” She asked, and hopped towards you, all smiles as she sits down in front of you, and scoots herself forward. You wait for her as she shifts her legs towards you, almost in a scissoring position. “Go till you cry mercy?” Milly asked. You respond with a small nod. “Okaay~ Go!” She calls. You thrust your hips forward, and press hard against her. Your sudden force causes the little cubi to squeal and lose her balance with her hands. “W-wait! I wasn’t ready!” She tries to protest, but you weren’t hearing it. You move in for the kill, crawling on top of her while rocking your hips against hers with authority! “Uhhnh! Ahh! Ahhh!! Ch-cheateerr!” She whines, writhing against your hips as you continue to hump hard against her. Milly starts to pant as you continued to rub slick slits with her. She clenches her teeth as she doesn’t want to call a submission, but if she kept up like this, she’d lose to you for sure! “O-okay I give!” She cries out. You smile victoriously down at her. That was one point for you. However many points you had on her, or she had on you, it was hard to say, but one thing was for sure, Milly did not look happy, losing a trib match to you. You stand back up, and step back from her. Milly springs to her feet, her face red. “Grr! Rematch! I’ll pummel your cunny into submission!” She barked.[/i]

29-12-2017 20:55:29.6 [PRIV] Bot to Baely:

[i]Milly’s expression turns warm as she eyes you. “Hey.. want a little treat? She asks. She doesn’t take no for an answer as she steps closer. She takes your head with both hands, and gently guides your head to her small B cup breasts. She hugs your head with both arms, gently rubbing and grinding against her face. “You know… if you want to lick them, or give them a kiss, I wouldn’t mind” She offers, stroking at your head as she does her best to smother you with her small set. They may be small, but up close her body smells like lavender. It causes your head to swim just a little. She smiles down at you, and leans down to kiss your forehead before she slowly lets go of you and steps back, swaying innocently. She actually seems to be fidgeting a little, looking towards the mat, like maybe she had grown just a little self-conscious. “Nh… th-they may be small but I do my best with them, damn it!” She blurts out, her cheeks turning red after her outburst.[/i]
[icon]Bot Announcer[/icon][color=gray]Milly The Succubot used their tits to tease Baely's lips, dealing 21 lust points![/color]
[color=gray]Milly The Succubot made Baely cum! The winner gets $2.00 and the loser gets $1.00, thank you for participating.[/color]
[color=gray]═════════════════ ⭐ [color=purple]Sexfight ring[/color] ⭐ ═════════════════
 [color=red]░░░░░░░░░░░░░░░░░░░░[/color] ⭐ [color=purple]VS[/color] ⭐ [color=purple]▓▓▓▓▓▓▓▓▓▓▓░░░░░░░░░[/color]
► [icon]Baely[/icon]                                                                  [icon]Milly The Succubot[/icon]
It's Baely's turn![/color]

[color=gray]════════════════ ⭐ [color=purple]Combat ended[/color] ⭐ ════════════════[/color]
“Hehehe… you looost~!” She taunts you. “It’s okay though. I’ve just got a lot of skill. I bet you had fun though! If you ever want another playdate, I’d love to play with your hungry little cunny again. I’ll make it sing even better than I did before!” She winks at you before her body disappears, leaving you with your own defeat.
29-12-2017 20:55:29.6 [PRIV] Baely: !attack sex to sex
29-12-2017 23:03:53.0 [ROOM] Kenia Nya: Hello everyone! How's it going? ^^
29-12-2017 23:05:00.2 [ROOM] Evan Clark: Very "~"
29-12-2017 23:13:37.9 [ROOM] Kenia Nya: XD
29-12-2017 23:13:38.5 [ROOM] Kenia Nya: why?
29-12-2017 23:17:25.9 [ROOM] Evan Clark: People starting rps with you then leaving half way through
29-12-2017 23:20:36.1 [ROOM] The Mauler: i know what that's like
29-12-2017 23:24:34.6 [ROOM] Kenia Nya: I'm guilty of doing that sometimes x.x
29-12-2017 23:24:39.2 [ROOM] Kenia Nya: I always feel bad &gt;.&lt;
29-12-2017 23:34:56.4 [ROOM] Evan Clark: Well, I get it if you need to go but like, just popping out
29-12-2017 23:43:18.8 [ROOM] Kenia Nya: I always tell my partners the reasons, meow
29-12-2017 23:43:25.3 [ROOM] Kenia Nya: mostly silly stuff from rl &gt;.&lt;
