01-12-2017 00:00:21.1 [ROOM] Victory87: But sure would like to face you
01-12-2017 00:01:34.8 [ROOM] Alexander Keys: me might be writing an opener
01-12-2017 00:01:47.6 [ROOM] Alexander Keys: ^^
01-12-2017 00:02:32.3 [ROOM] Victory87: You got trillian or discord 
01-12-2017 00:05:54.5 [ROOM] Alexander Keys: no
01-12-2017 02:48:49.3 [PRIV] Skylla Taum: !trainingdummy shemale
01-12-2017 02:48:49.3 [PRIV] Bot to Skylla Taum:
[icon]Bot Announcer[/icon][color=gray] Welcome to the training ring! Today we have Skylla Taum vs Yuni Hermit! Let the match begin![/color]
[color=gray]═════════════════ ⭐ [color=purple]Sexfight ring[/color] ⭐ ═════════════════
 [color=purple]▓▓▓▓▓▓▓▓▓▓▓▓▓▓▓▓▓▓▓▓[/color] ⭐ [color=purple]VS[/color] ⭐ [color=purple]▓▓▓▓▓▓▓▓▓▓▓▓▓▓▓▓▓▓▓▓[/color]
► [icon]Skylla Taum[/icon]                                                                  [icon]Yuni Hermit[/icon]
It's Skylla Taum's turn![/color]

01-12-2017 02:49:12.3 [PRIV] Bot to Skylla Taum:
[icon]Bot Announcer[/icon][color=gray]Skylla Taum used their cock to tease Yuni Hermit's tits, dealing 16 lust points![/color]
[color=gray]═════════════════ ⭐ [color=purple]Sexfight ring[/color] ⭐ ═════════════════
 [color=purple]░░░▓▓▓▓▓▓▓▓▓▓▓▓▓▓▓▓▓[/color] ⭐ [color=purple]VS[/color] ⭐ [color=purple]▓▓▓▓▓▓▓▓▓▓▓▓▓▓▓▓▓▓▓▓[/color]
► [icon]Yuni Hermit[/icon]                                                                  [icon]Skylla Taum[/icon]
It's Yuni Hermit's turn![/color]
[i]Yuni pants like a dog... She drops to her back and parts her breasts with her hands, leaving her cleavage open. She lets it close like a pair of Nerf wrecking-balls around your cock, warm, sloshy flesh making your dick disappear. She licks at the exit of her cleavage in case you poke out, but otherwise pants like a skank throughout the titty-fuck, her breasts slamming against your groin with returned inertia with almost enough force to dismount you! '... M... more!'[/i]

01-12-2017 02:49:12.3 [PRIV] Bot to Skylla Taum:
[i]Yuni stares at your groin like a greedy harlot. '... Mine.' She does a double-footed leg-sweep, holding herself up with her paws to do so... Once your cock is properly pointed skywards, she drops onto it like she's trying to squish a Goomba. Your cock vanishes first into her anal cleavage, second into her pucker... warmth, pressure, and friction engulfing your member. She grabs your legs for leverage, and gives a bouncy, noisy, ball-slapping ride in her rear end before hopping off your bedraggled form.[/i]
[icon]Bot Announcer[/icon][color=gray]Yuni Hermit used their ass to tease Skylla Taum's penis, dealing 14 lust points![/color]
[color=gray]═════════════════ ⭐ [color=purple]Sexfight ring[/color] ⭐ ═════════════════
 [color=purple]░░▓▓▓▓▓▓▓▓▓▓▓▓▓▓▓▓▓▓[/color] ⭐ [color=purple]VS[/color] ⭐ [color=purple]▓▓▓▓▓▓▓▓▓▓▓▓▓▓▓▓▓░░░[/color]
► [icon]Skylla Taum[/icon]                                                                  [icon]Yuni Hermit[/icon]
It's Skylla Taum's turn![/color]

01-12-2017 02:49:12.3 [PRIV] Skylla Taum: !attack cock to tits
01-12-2017 02:49:25.2 [PRIV] Bot to Skylla Taum:
[icon]Bot Announcer[/icon][color=gray]Skylla Taum used their ass to tease Yuni Hermit's ass, dealing 19 lust points![/color]
[color=gray]═════════════════ ⭐ [color=purple]Sexfight ring[/color] ⭐ ═════════════════
 [color=purple]░░░░░░░▓▓▓▓▓▓▓▓▓▓▓▓▓[/color] ⭐ [color=purple]VS[/color] ⭐ [color=purple]▓▓▓▓▓▓▓▓▓▓▓▓▓▓▓▓▓▓░░[/color]
► [icon]Yuni Hermit[/icon]                                                                  [icon]Skylla Taum[/icon]
It's Yuni Hermit's turn![/color]
[i]'It's toy time.' she teases cutely. She pulls a double-ended dildo out of her cleavage, offering it with a bashful grin. She turns around and drops to her knees-and-breasts, her oversized jugs serving as suspension to keep her up. She stuffs the fat end of the toy in her ass, turning on a vibration setting... and lets you use the other end as you will. Whether it's shoving it into her, or riding the other end with your ass to fuck HERS, she submits to it, drooling like an idiot. 'M... Mmmmf... a-anal... Butt bitch wolf...' she groans cutely.[/i]

01-12-2017 02:49:25.2 [PRIV] Bot to Skylla Taum:
[i]Yuni does a flip, knocking you to the padded mat. Her toes go for your breasts... Soft soled digits, toes pinching your nipples and giving a little tug, a few to each... rolling as much of the flesh of your breast as she can grasp with her hind paws.[/i]
[icon]Bot Announcer[/icon][color=gray]Yuni Hermit used their feet to tease Skylla Taum's tits, dealing 10 lust points![/color]
[color=gray]═════════════════ ⭐ [color=purple]Sexfight ring[/color] ⭐ ═════════════════
 [color=purple]░░░░▓▓▓▓▓▓▓▓▓▓▓▓▓▓▓▓[/color] ⭐ [color=purple]VS[/color] ⭐ [color=purple]▓▓▓▓▓▓▓▓▓▓▓▓▓░░░░░░░[/color]
► [icon]Skylla Taum[/icon]                                                                  [icon]Yuni Hermit[/icon]
It's Skylla Taum's turn![/color]

01-12-2017 02:49:25.2 [PRIV] Skylla Taum: !attack ass to ass
01-12-2017 02:49:42.9 [PRIV] Bot to Skylla Taum:
[icon]Bot Announcer[/icon][color=gray]Skylla Taum used their feet to tease Yuni Hermit's lips, dealing 12 lust points![/color]
[color=gray]═════════════════ ⭐ [color=purple]Sexfight ring[/color] ⭐ ═════════════════
 [color=purple]░░░░░░░░░▓▓▓▓▓▓▓▓▓▓▓[/color] ⭐ [color=purple]VS[/color] ⭐ [color=purple]▓▓▓▓▓▓▓▓▓▓▓▓▓▓▓▓░░░░[/color]
► [icon]Yuni Hermit[/icon]                                                                  [icon]Skylla Taum[/icon]
It's Yuni Hermit's turn![/color]
[i]Yuni drops to all fours in front of you, panting. 'May I worship your feet?' she groans. A proffered sole, proffered toes, she opens her mouth like the canine she is and starts tongue-bathing your feet. Clean or musky, smooth or strange, she licks and sucks on your sole, drooling vulgarly... If you have toes, she moves to those, licking between each digit and sucking on it briefly. She shoves her nose hard into your sole and snorts like she's doing a line of cocaine... sniffing everywhere she can get to. By the time she stands up she looks dizzy! 'F... feeeet.'[/i]

01-12-2017 02:49:42.9 [PRIV] Bot to Skylla Taum:
[i]Yuni bends you backwards for a dip-kiss like a gentleman on a ballroom floor... she pushes her tongue into your mouth as she locks lips with you, exploring your mouth with her licker while she suckles on your own tongue.[/i]
[icon]Bot Announcer[/icon][color=gray]Yuni Hermit used their lips to tease Skylla Taum's lips, dealing 10 lust points![/color]
[color=gray]═════════════════ ⭐ [color=purple]Sexfight ring[/color] ⭐ ═════════════════
 [color=purple]░░░░░░▓▓▓▓▓▓▓▓▓▓▓▓▓▓[/color] ⭐ [color=purple]VS[/color] ⭐ [color=purple]▓▓▓▓▓▓▓▓▓▓▓░░░░░░░░░[/color]
► [icon]Skylla Taum[/icon]                                                                  [icon]Yuni Hermit[/icon]
It's Skylla Taum's turn![/color]

01-12-2017 02:49:42.9 [PRIV] Skylla Taum: !attack feet to lips
01-12-2017 02:51:24.4 [PRIV] Bot to Skylla Taum:
[icon]Bot Announcer[/icon][color=gray]Skylla Taum used their fingers to tease Yuni Hermit's lips, dealing 15 lust points![/color]
[color=gray]═════════════════ ⭐ [color=purple]Sexfight ring[/color] ⭐ ═════════════════
 [color=red]░░░░░░░░░░░░▓▓▓▓▓▓▓▓[/color] ⭐ [color=purple]VS[/color] ⭐ [color=purple]▓▓▓▓▓▓▓▓▓▓▓▓▓▓░░░░░░[/color]
► [icon]Yuni Hermit[/icon]                                                                  [icon]Skylla Taum[/icon]
It's Yuni Hermit's turn![/color]
[i]A hand in front of her face, Yuni blushes. She opens her mouth with an 'Awm' and takes in your fingers like she's ready for a blowjob. Nursing on your digits -- wherever they've been before this -- she licks and cleans, that soft blush spreading as the sound of her sucking on your fingers is audible. She takes them to the palm before letting them go, clean. 'I'm a good wolf.'[/i]

01-12-2017 02:51:24.4 [PRIV] Bot to Skylla Taum:
[i]Yuni looks at her crotch, then your rear, then yanks a double-ended dildo out of her cleavage. With a chest-bump to the face to knock you over, she sticks one end of the toy in her cunt, and the other end in your tush... rocking and rolling to fuck both orifices with those strong hips of hers~[/i]
[icon]Bot Announcer[/icon][color=gray]Yuni Hermit used their sex to tease Skylla Taum's ass, dealing 12 lust points![/color]
[color=gray]═════════════════ ⭐ [color=purple]Sexfight ring[/color] ⭐ ═════════════════
 [color=purple]░░░░░░░░░▓▓▓▓▓▓▓▓▓▓▓[/color] ⭐ [color=purple]VS[/color] ⭐ [color=red]▓▓▓▓▓▓▓▓░░░░░░░░░░░░[/color]
► [icon]Skylla Taum[/icon]                                                                  [icon]Yuni Hermit[/icon]
It's Skylla Taum's turn![/color]

01-12-2017 02:51:24.4 [PRIV] Skylla Taum: !attack fingers to lips
01-12-2017 02:51:39.4 [PRIV] Bot to Skylla Taum:
[icon]Bot Announcer[/icon][color=gray]Skylla Taum used their fingers to tease Yuni Hermit's pussy, dealing 14 lust points![/color]
[color=gray]═════════════════ ⭐ [color=purple]Sexfight ring[/color] ⭐ ═════════════════
 [color=red]░░░░░░░░░░░░░░░▓▓▓▓▓[/color] ⭐ [color=purple]VS[/color] ⭐ [color=purple]▓▓▓▓▓▓▓▓▓▓▓░░░░░░░░░[/color]
► [icon]Yuni Hermit[/icon]                                                                  [icon]Skylla Taum[/icon]
It's Yuni Hermit's turn![/color]
[i]A grab from behind is all it takes to get your hand where it needs to go, her cunt wet and warm to the touch. Her clit's already hard, and she crosses her eyes upwards... clit throbbing underneath exploratory digits, passage squelching and leaving traces of girl-juice behind on probing fingers. 'Ah... ahh-uhhh... whuuuff...' she groans, ears pinning back.[/i]

01-12-2017 02:51:39.4 [PRIV] Bot to Skylla Taum:
[i]Yuni goes for your ass, rolling her fingers around inside your pucker, pumping and thrusting them in your ass to get you worked up.[/i]
[icon]Bot Announcer[/icon][color=gray]Yuni Hermit used their fingers to tease Skylla Taum's ass, dealing 13 lust points![/color]
[color=gray]═════════════════ ⭐ [color=purple]Sexfight ring[/color] ⭐ ═════════════════
 [color=red]░░░░░░░░░░░▓▓▓▓▓▓▓▓▓[/color] ⭐ [color=purple]VS[/color] ⭐ [color=red]▓▓▓▓▓░░░░░░░░░░░░░░░[/color]
► [icon]Skylla Taum[/icon]                                                                  [icon]Yuni Hermit[/icon]
It's Skylla Taum's turn![/color]

01-12-2017 02:51:39.4 [PRIV] Skylla Taum: !attack fingers to pussy
01-12-2017 02:51:50.2 [PRIV] Bot to Skylla Taum:
[icon]Bot Announcer[/icon][color=gray]Skylla Taum used their fingers to tease Yuni Hermit's ass, dealing 19 lust points![/color]
[color=gray]═════════════════ ⭐ [color=purple]Sexfight ring[/color] ⭐ ═════════════════
 [color=red]░░░░░░░░░░░░░░░░░░░▓[/color] ⭐ [color=purple]VS[/color] ⭐ [color=red]▓▓▓▓▓▓▓▓▓░░░░░░░░░░░[/color]
► [icon]Yuni Hermit[/icon]                                                                  [icon]Skylla Taum[/icon]
It's Yuni Hermit's turn![/color]
[i]Yuni gulps lewdly... when you reach for her ass, she flops forwards, falling over your lap with her naked ass presented upwards. '... Spank me, Please.' she begs. Whether what follows is a cheek-wobbling, butt-reddening spanken or a pucker-stretching, rectal-probing fingering, she remains on your lap to accept it, shivering and groaning throughout.[/i]

01-12-2017 02:51:50.2 [PRIV] Bot to Skylla Taum:
[i]Yuni embraces you and drops to the mat alongside you... her legs held up. A foot pushes its way to your mouth, her hind paw stuffing a couple of toes past your lips. Pushing and pumping, she strokes your tongue with her toe, before grinding her soft sole over your lips and nose.[/i]
[icon]Bot Announcer[/icon][color=gray]Yuni Hermit used their feet to tease Skylla Taum's lips, dealing 15 lust points![/color]
[color=gray]═════════════════ ⭐ [color=purple]Sexfight ring[/color] ⭐ ═════════════════
 [color=red]░░░░░░░░░░░░░░▓▓▓▓▓▓[/color] ⭐ [color=purple]VS[/color] ⭐ [color=red]▓░░░░░░░░░░░░░░░░░░░[/color]
► [icon]Skylla Taum[/icon]                                                                  [icon]Yuni Hermit[/icon]
It's Skylla Taum's turn![/color]

01-12-2017 02:51:50.2 [PRIV] Skylla Taum: !attack fingers to ass
01-12-2017 02:52:03.2 [PRIV] Bot to Skylla Taum:
[icon]Bot Announcer[/icon][color=gray]Skylla Taum used their fingers to tease Yuni Hermit's tits, dealing 18 lust points![/color]
[color=gray]Skylla Taum made Yuni Hermit cum! The winner gets $2.00 and the loser gets $1.00, thank you for participating.[/color]
[color=gray]═════════════════ ⭐ [color=purple]Sexfight ring[/color] ⭐ ═════════════════
 [color=red]░░░░░░░░░░░░░░░░░░░░[/color] ⭐ [color=purple]VS[/color] ⭐ [color=red]▓▓▓▓▓▓░░░░░░░░░░░░░░[/color]
► [icon]Yuni Hermit[/icon]                                                                  [icon]Skylla Taum[/icon]
It's Yuni Hermit's turn![/color]

[color=gray]════════════════ ⭐ [color=purple]Combat ended[/color] ⭐ ════════════════[/color]
[i]Yuni squeaks cutely as her jugs are grabbed. Warm and soft, her massive mammaries squish in your fingers, milk leaking out the front spigots that are her nipples. She goes crosseyed, toes and fingers clenching and unclenching while her breasts are kneaded, nipples pinched and twisted. 'Fuuuuck...' she groans.[/i]

01-12-2017 02:52:03.2 [PRIV] Bot to Skylla Taum:

01-12-2017 02:52:03.2 [PRIV] Skylla Taum: !attack fingers to tits
01-12-2017 02:52:13.6 [PRIV] Skylla Taum: !card
01-12-2017 02:52:13.6 [PRIV] Bot to Skylla Taum:
[color=gray]══════════════════════════════════════════════════
                                 ⭐ ⭐ [color=purple][b]Character card[/b][/color] ⭐ ⭐
══════════════════════════════════════════════════
[color=white]                     [icon]Skylla Taum[/icon]
          [b]Name:[/b] Skylla Taum | [b]Money:[/b] $21.00
          [b]Attack:[/b] 2 Lips, 2 Fingers, 4 Tits, 2 Sex, 1 Ass, 3 Feet.
          [b]Defense:[/b] 0 Lips, 2 Tits, 2 Sex, -1 Ass.
          [b]Sextoy:[/b] Hand. Starter weapon.
          [b]Outfit:[/b] Crotchless lingerie. +1 defense to tits, +1 defense to ass.
          [b]Accessory:[/b] Ankle jewelry. +1 attack to feet.
          [b]Flavor item:[/b] None. Nothing equiped.
[/color][/color]
01-12-2017 02:52:35.5 [PRIV] Bot to Skylla Taum:
[color=gray]══════════════════════════════════════════════════
[color=purple]                                 ⚒️ ⚒️ [b]Sex Shop[/b] ⚒️ ⚒️[/color]
══════════════════════════════════════════════════
[color=pink]          ► $10.00 - Tennis shoes (+1 attack to feet.)
          ► $10.00 - Egg vibrator (+1 attack to fingers.)
          ► $10.00 - Socks (+1 attack to feet.)
          ► $20.00 - Strap-on (+2 attack to sex.)
          ► $20.00 - Cock ring (+2 attack to sex.)
          ► $30.00 - Dildo (+3 attack to fingers.)
          ► $40.00 - Long stockings (+4 attack to feet.)
[/color][/color]
01-12-2017 02:52:35.5 [PRIV] Skylla Taum: !sextoys
01-12-2017 02:52:46.3 [PRIV] Skylla Taum: !buy cock ring
01-12-2017 02:52:46.3 [PRIV] Bot to Skylla Taum:The item cock ring has been added to your item list. You now have $1.00 left.
01-12-2017 02:52:49.1 [PRIV] Skylla Taum: !equip cock ring
01-12-2017 02:52:49.1 [PRIV] Bot to Skylla Taum:The item cock ring has been equipped.
01-12-2017 03:27:01.7 [PRIV] Bot to Varon Prime:Invalid body parts. Example of valid ones: lips, fingers, tits, sex, ass, feet. Also remember to use 'to', example: !attack tits to lips. To see the full list, check the bot profile.
01-12-2017 03:27:01.7 [PRIV] Varon Prime: !attack mouth on tits
01-12-2017 03:27:16.0 [PRIV] Bot to Varon Prime:
[icon]Bot Announcer[/icon][color=gray]Varon Prime used their mouth to tease Yuni Hermit's tits, dealing 15 lust points![/color]
[color=gray]═════════════════ ⭐ [color=purple]Sexfight ring[/color] ⭐ ═════════════════
 [color=purple]░░░░░░░░▓▓▓▓▓▓▓▓▓▓▓▓[/color] ⭐ [color=purple]VS[/color] ⭐ [color=purple]▓▓▓▓▓▓▓▓▓▓▓░░░░░░░░░[/color]
► [icon]Yuni Hermit[/icon]                                                                  [icon]Varon Prime[/icon]
It's Yuni Hermit's turn![/color]
[i]Yuni gasps. Naked as her breasts are, she can't keep your face away. A mouth, a nipple, and a gush of milk are what follows... her breasts full to the brim. Whether you went in for a nibble or a nurse, a full mouth is what you get... white lactation filling your cheeks for as many times as you swallow, the cow of a wolf groaning and reeling throughout. '... M-momma wolf, sorry. F-full at this time of day!' she protests cutely.[/i]

01-12-2017 03:27:16.0 [PRIV] Bot to Varon Prime:
[i]Yuni darts in and shoves her paw between your legs to wrap her fingers around your cock. One vigorous, exhausting, dick-milking handjob later she hops back into a defensive pose.[/i]
[icon]Bot Announcer[/icon][color=gray]Yuni Hermit used their fingers to tease Varon Prime's penis, dealing 14 lust points![/color]
[color=gray]═════════════════ ⭐ [color=purple]Sexfight ring[/color] ⭐ ═════════════════
 [color=red]░░░░░░░░░░░░▓▓▓▓▓▓▓▓[/color] ⭐ [color=purple]VS[/color] ⭐ [color=purple]▓▓▓▓▓▓▓▓▓▓▓▓░░░░░░░░[/color]
► [icon]Varon Prime[/icon]                                                                  [icon]Yuni Hermit[/icon]
It's Varon Prime's turn![/color]

01-12-2017 03:27:16.0 [PRIV] Varon Prime: !attack mouth to tits
01-12-2017 03:27:41.0 [PRIV] Bot to Varon Prime:
[icon]Bot Announcer[/icon][color=gray]Varon Prime used their cock to tease Yuni Hermit's tits, dealing 12 lust points![/color]
[color=gray]═════════════════ ⭐ [color=purple]Sexfight ring[/color] ⭐ ═════════════════
 [color=red]░░░░░░░░░░▓▓▓▓▓▓▓▓▓▓[/color] ⭐ [color=purple]VS[/color] ⭐ [color=red]▓▓▓▓▓▓▓▓░░░░░░░░░░░░[/color]
► [icon]Yuni Hermit[/icon]                                                                  [icon]Varon Prime[/icon]
It's Yuni Hermit's turn![/color]
[i]Yuni pants like a dog... She drops to her back and parts her breasts with her hands, leaving her cleavage open. She lets it close like a pair of Nerf wrecking-balls around your cock, warm, sloshy flesh making your dick disappear. She licks at the exit of her cleavage in case you poke out, but otherwise pants like a skank throughout the titty-fuck, her breasts slamming against your groin with returned inertia with almost enough force to dismount you! '... M... more!'[/i]

01-12-2017 03:27:41.0 [PRIV] Bot to Varon Prime:
[i]Yuni makes a derisive snort and smirks... 'Eat.' she demands, grabbing the back of your head. Shoving you between her thighs, she forces her cunt against your mouth and starts grinding on your face. Clit shoved into your mouth, she humps your mouth like she had a significantly less female piece between her legs... smearing pussyjuice everywhere.[/i]
[icon]Bot Announcer[/icon][color=gray]Yuni Hermit used their sex to tease Varon Prime's lips, dealing 12 lust points![/color]
[color=gray]═════════════════ ⭐ [color=purple]Sexfight ring[/color] ⭐ ═════════════════
 [color=red]░░░░░░░░░░░░░░▓▓▓▓▓▓[/color] ⭐ [color=purple]VS[/color] ⭐ [color=red]▓▓▓▓▓▓▓▓▓▓░░░░░░░░░░[/color]
► [icon]Varon Prime[/icon]                                                                  [icon]Yuni Hermit[/icon]
It's Varon Prime's turn![/color]

01-12-2017 03:27:41.0 [PRIV] Varon Prime: !attack cock to tits
01-12-2017 04:45:50.4 [PRIV] Varon Prime: !atttack sex at sex
01-12-2017 04:45:58.5 [PRIV] Bot to Varon Prime:Invalid body parts. Example of valid ones: lips, fingers, tits, sex, ass, feet. Also remember to use 'to', example: !attack tits to lips. To see the full list, check the bot profile.
01-12-2017 04:45:58.5 [PRIV] Varon Prime: !attack sex at sex
01-12-2017 04:46:11.3 [PRIV] Bot to Varon Prime:Invalid body parts. Example of valid ones: lips, fingers, tits, sex, ass, feet. Also remember to use 'to', example: !attack tits to lips. To see the full list, check the bot profile.
01-12-2017 04:46:11.3 [PRIV] Varon Prime: !attack sex on sex
01-12-2017 04:46:29.0 [PRIV] Bot to Varon Prime:
[icon]Bot Announcer[/icon][color=gray]Varon Prime used their sex to tease Yuni Hermit's sex, dealing 9 lust points![/color]
[color=gray]═════════════════ ⭐ [color=purple]Sexfight ring[/color] ⭐ ═════════════════
 [color=red]░░░░░░░░░░░░▓▓▓▓▓▓▓▓[/color] ⭐ [color=purple]VS[/color] ⭐ [color=red]▓▓▓▓▓▓░░░░░░░░░░░░░░[/color]
► [icon]Yuni Hermit[/icon]                                                                  [icon]Varon Prime[/icon]
It's Yuni Hermit's turn![/color]
[i]Yuni can't resist a cock. She drops to her back, spreading her legs then rolling them back in an exaggerated missionary position. 'Fuck meeee!' she groans. Her nethers are warm, wet, and squish around your cock like a velvet vicegrip when you insert, her blushing, breasts bouncing, eyes crossed with mindless lust as she accepts every thrust you have. She gasps and groans, tongue drooling, pussy soaking your groin with arousal as you fuck her silly. 'M... more... don't stop!'[/i]

01-12-2017 04:46:29.0 [PRIV] Bot to Varon Prime:
[i]Yuni smirks. 'Hungry? No? Too bad.' she teases. She turns around and hip-drops, slamming you to the mat with her rear end... with her naked behind on your face, she makes the world vanish into darkness. 'Eat.' she taunts. She starts grinding her pucker on your mouth, anus rubbing, smearing her scent, trying to force you to tongue her tush if she can get away with it... getting up only when you are desperate for breath.[/i]
[icon]Bot Announcer[/icon][color=gray]Yuni Hermit used their ass to tease Varon Prime's lips, dealing 18 lust points![/color]
[color=gray]═════════════════ ⭐ [color=purple]Sexfight ring[/color] ⭐ ═════════════════
 [color=red]░░░░░░░░░░░░░░░░░░▓▓[/color] ⭐ [color=purple]VS[/color] ⭐ [color=red]▓▓▓▓▓▓▓▓░░░░░░░░░░░░[/color]
► [icon]Varon Prime[/icon]                                                                  [icon]Yuni Hermit[/icon]
It's Varon Prime's turn![/color]

01-12-2017 04:46:29.0 [PRIV] Varon Prime: !attack sex to sex
01-12-2017 05:02:36.2 [PRIV] Bot to Varon Prime:
[icon]Bot Announcer[/icon][color=gray]Varon Prime used their feet to tease Yuni Hermit's sex, dealing 7 lust points![/color]
[color=gray]═════════════════ ⭐ [color=purple]Sexfight ring[/color] ⭐ ═════════════════
 [color=red]░░░░░░░░░░░░░▓▓▓▓▓▓▓[/color] ⭐ [color=purple]VS[/color] ⭐ [color=red]▓▓░░░░░░░░░░░░░░░░░░[/color]
► [icon]Yuni Hermit[/icon]                                                                  [icon]Varon Prime[/icon]
It's Yuni Hermit's turn![/color]
[i]Yuni struggles a bit, but ends up on her tush with her legs spread, breasts weighing her down. 'Not fair!' she squawks cutely. Her pussy squelches under your heel, her juices already worked up from all the fighting. Her clit's a tickly point against your sole as you squish and rub with your feet, a cute, defeated look on her face throughout. 'Mmmmf!'[/i]

01-12-2017 05:02:36.2 [PRIV] Bot to Varon Prime:
[i]Yuni bends you backwards for a dip-kiss like a gentleman on a ballroom floor... she pushes her tongue into your mouth as she locks lips with you, exploring your mouth with her licker while she suckles on your own tongue.[/i]
[icon]Bot Announcer[/icon][color=gray]Yuni Hermit used their lips to tease Varon Prime's lips, dealing 20 lust points![/color]
[color=gray]Yuni Hermit made Varon Prime cum! The winner gets $2.00 and the loser gets $1.00, thank you for participating.[/color]
[color=gray]═════════════════ ⭐ [color=purple]Sexfight ring[/color] ⭐ ═════════════════
 [color=red]░░░░░░░░░░░░░░░░░░░░[/color] ⭐ [color=purple]VS[/color] ⭐ [color=red]▓▓▓▓▓▓▓░░░░░░░░░░░░░[/color]
► [icon]Varon Prime[/icon]                                                                  [icon]Yuni Hermit[/icon]
It's Varon Prime's turn![/color]

[color=gray]════════════════ ⭐ [color=purple]Combat ended[/color] ⭐ ════════════════[/color]

01-12-2017 05:02:36.3 [PRIV] Varon Prime: !attack feet to sex
01-12-2017 05:02:57.0 [PRIV] Varon Prime: !card
01-12-2017 05:02:57.0 [PRIV] Bot to Varon Prime:
[color=gray]══════════════════════════════════════════════════
                                 ⭐ ⭐ [color=purple][b]Character card[/b][/color] ⭐ ⭐
══════════════════════════════════════════════════
[color=pink]                     [icon]Varon Prime[/icon]
          [b]Name:[/b] Varon Prime | [b]Money:[/b] $13.00
          [b]Attack:[/b] -1 Lips, -2 Fingers, -2 Tits, -2 Sex, -3 Ass, -2 Feet.
          [b]Defense:[/b] -2 Lips, -3 Tits, -2 Sex, -5 Ass.
          [b]Sextoy:[/b] Hand. Starter weapon.
          [b]Outfit:[/b] Full-body bondage suit. -3 defense to lips, -3 defense to tits, -3 defense to sex, -3 defense to ass, -3 attack to lips, -3 attack to fingers, -3 attack to tits, -3 attack to sex, -3 attack to ass, -3 attack to feet.
          [b]Accessory:[/b] Ring gag. -1 defense to lips, +2 attack to lips.
          [b]Flavor item:[/b] Anal spreader. -2 defense to ass.
[/color][/color]
01-12-2017 05:03:16.0 [PRIV] Varon Prime: !trainingdummy male
01-12-2017 05:03:16.0 [PRIV] Bot to Varon Prime:
[icon]Bot Announcer[/icon][color=gray] Welcome to the training ring! Today we have Varon Prime vs Yuni Hermit! Let the match begin![/color]
[color=gray]═════════════════ ⭐ [color=purple]Sexfight ring[/color] ⭐ ═════════════════
 [color=purple]▓▓▓▓▓▓▓▓▓▓▓▓▓▓▓▓▓▓▓▓[/color] ⭐ [color=purple]VS[/color] ⭐ [color=purple]▓▓▓▓▓▓▓▓▓▓▓▓▓▓▓▓▓▓▓▓[/color]
► [icon]Varon Prime[/icon]                                                                  [icon]Yuni Hermit[/icon]
It's Varon Prime's turn![/color]

01-12-2017 05:03:34.3 [PRIV] Bot to Varon Prime:Invalid body parts. Example of valid ones: lips, fingers, tits, sex, ass, feet. Also remember to use 'to', example: !attack tits to lips. To see the full list, check the bot profile.
01-12-2017 05:03:34.3 [PRIV] Varon Prime: !attack ass to face
01-12-2017 05:03:45.6 [PRIV] Bot to Varon Prime:
[icon]Bot Announcer[/icon][color=gray]Varon Prime used their ass to tease Yuni Hermit's lips, dealing 9 lust points![/color]
[color=gray]═════════════════ ⭐ [color=purple]Sexfight ring[/color] ⭐ ═════════════════
 [color=purple]░▓▓▓▓▓▓▓▓▓▓▓▓▓▓▓▓▓▓▓[/color] ⭐ [color=purple]VS[/color] ⭐ [color=purple]▓▓▓▓▓▓▓▓▓▓▓▓▓▓▓▓▓▓▓▓[/color]
► [icon]Yuni Hermit[/icon]                                                                  [icon]Varon Prime[/icon]
It's Yuni Hermit's turn![/color]
[i]'May I? May I!?!' she groans. She drops to a kneeling pose and puts her hands on her knees like a slave, panting. With a butt soon in her face, she dives her nose between your rumpcheeks and smells your pucker with a deep snort, like a social dog at a dog park. The licking begins, the wolf going from stroking the whole length of your ass-crack with her tongue, to kissing your ass full and proper... nursing and smooching your asshole, shoving her tongue inside and exploring whatever she finds, licking around in there like she's trying to wash it. One heady suck on your anus later and she comes away, face musky. '... thank you SO much...' she moans.[/i]

01-12-2017 05:03:45.6 [PRIV] Bot to Varon Prime:
[i]Yuni bends you backwards for a dip-kiss like a gentleman on a ballroom floor... she pushes her tongue into your mouth as she locks lips with you, exploring your mouth with her licker while she suckles on your own tongue.[/i]
[icon]Bot Announcer[/icon][color=gray]Yuni Hermit used their lips to tease Varon Prime's lips, dealing 11 lust points![/color]
[color=gray]═════════════════ ⭐ [color=purple]Sexfight ring[/color] ⭐ ═════════════════
 [color=purple]░░▓▓▓▓▓▓▓▓▓▓▓▓▓▓▓▓▓▓[/color] ⭐ [color=purple]VS[/color] ⭐ [color=purple]▓▓▓▓▓▓▓▓▓▓▓▓▓▓▓▓▓▓▓░[/color]
► [icon]Varon Prime[/icon]                                                                  [icon]Yuni Hermit[/icon]
It's Varon Prime's turn![/color]

01-12-2017 05:03:45.6 [PRIV] Varon Prime: !attack ass to lips
01-12-2017 05:04:23.2 [PRIV] Bot to Varon Prime:Invalid body parts. Example of valid ones: lips, fingers, tits, sex, ass, feet. Also remember to use 'to', example: !attack tits to lips. To see the full list, check the bot profile.
01-12-2017 05:04:23.2 [PRIV] Varon Prime: !attack lips to feet
01-12-2017 05:04:36.8 [PRIV] Bot to Varon Prime:Invalid body parts. Example of valid ones: lips, fingers, tits, sex, ass, feet. Also remember to use 'to', example: !attack tits to lips. To see the full list, check the bot profile.
01-12-2017 05:04:36.8 [PRIV] Varon Prime: !attack lips to feet
01-12-2017 05:04:44.8 [PRIV] Bot to Varon Prime:
[icon]Bot Announcer[/icon][color=gray]Varon Prime used their fingers to tease Yuni Hermit's ass, dealing 7 lust points![/color]
[color=gray]═════════════════ ⭐ [color=purple]Sexfight ring[/color] ⭐ ═════════════════
 [color=purple]░░░▓▓▓▓▓▓▓▓▓▓▓▓▓▓▓▓▓[/color] ⭐ [color=purple]VS[/color] ⭐ [color=purple]▓▓▓▓▓▓▓▓▓▓▓▓▓▓▓▓▓▓░░[/color]
► [icon]Yuni Hermit[/icon]                                                                  [icon]Varon Prime[/icon]
It's Yuni Hermit's turn![/color]
[i]Yuni gulps lewdly... when you reach for her ass, she flops forwards, falling over your lap with her naked ass presented upwards. '... Spank me, Please.' she begs. Whether what follows is a cheek-wobbling, butt-reddening spanken or a pucker-stretching, rectal-probing fingering, she remains on your lap to accept it, shivering and groaning throughout.[/i]

01-12-2017 05:04:44.8 [PRIV] Bot to Varon Prime:
[i]Yuni pushes you onto your back, dropping her massive mammaries onto your groin. She enwraps her jugs around her breasts and starts a tit-quake, jerking you off forcefully with her breasts, blowing you a kiss as she does.[/i]
[icon]Bot Announcer[/icon][color=gray]Yuni Hermit used their tits to tease Varon Prime's penis, dealing 18 lust points![/color]
[color=gray]═════════════════ ⭐ [color=purple]Sexfight ring[/color] ⭐ ═════════════════
 [color=purple]░░░░░▓▓▓▓▓▓▓▓▓▓▓▓▓▓▓[/color] ⭐ [color=purple]VS[/color] ⭐ [color=purple]▓▓▓▓▓▓▓▓▓▓▓▓▓▓▓▓▓░░░[/color]
► [icon]Varon Prime[/icon]                                                                  [icon]Yuni Hermit[/icon]
It's Varon Prime's turn![/color]

01-12-2017 05:04:44.8 [PRIV] Varon Prime: !attack fingers to ass
01-12-2017 05:05:33.7 [PRIV] Bot to Varon Prime:
[icon]Bot Announcer[/icon][color=gray]Varon Prime used their sex to tease Yuni Hermit's lips, dealing 14 lust points![/color]
[color=gray]═════════════════ ⭐ [color=purple]Sexfight ring[/color] ⭐ ═════════════════
 [color=purple]░░░░░░▓▓▓▓▓▓▓▓▓▓▓▓▓▓[/color] ⭐ [color=purple]VS[/color] ⭐ [color=purple]▓▓▓▓▓▓▓▓▓▓▓▓▓▓▓░░░░░[/color]
► [icon]Yuni Hermit[/icon]                                                                  [icon]Varon Prime[/icon]
It's Yuni Hermit's turn![/color]
[i]Yuni runs a paw through her hair and drops to her knees. 'May I suck your cock... please?' she asks awkwardly. Opening her mouth and sticking out her tongue, her eyes half-shut as she gets her treat. She rests her hands on your thighs and bobs her head in your lap, drooling, sucking, clearly flustered and a bit mind-numbed... leaving a coating of her spittle from base to tip of your cock, and a lipstick mark split between your upper groin and balls... a deepthroat whore-print, as she bottoms out. Flustered, rubbing her pussy, she finishes. '... Thank you.'[/i]

01-12-2017 05:05:33.7 [PRIV] Bot to Varon Prime:
[i]Yuni drops to her knees without warning, shoving her face into your groin for a suckle~ Her lips wrap around your prick, and she begins to suck. Bobbing her head, she sucks your dick as long as she can get away with, a thin strand of drool connecting her lips to your prick as she finally pulls away.[/i]
[icon]Bot Announcer[/icon][color=gray]Yuni Hermit used their lips to tease Varon Prime's penis, dealing 19 lust points![/color]
[color=gray]═════════════════ ⭐ [color=purple]Sexfight ring[/color] ⭐ ═════════════════
 [color=purple]░░░░░░░░░▓▓▓▓▓▓▓▓▓▓▓[/color] ⭐ [color=purple]VS[/color] ⭐ [color=purple]▓▓▓▓▓▓▓▓▓▓▓▓▓▓░░░░░░[/color]
► [icon]Varon Prime[/icon]                                                                  [icon]Yuni Hermit[/icon]
It's Varon Prime's turn![/color]

01-12-2017 05:05:33.7 [PRIV] Varon Prime: !attack sex to lips
01-12-2017 05:05:57.5 [PRIV] Bot to Varon Prime:Invalid body parts. Example of valid ones: lips, fingers, tits, sex, ass, feet. Also remember to use 'to', example: !attack tits to lips. To see the full list, check the bot profile.
01-12-2017 05:05:57.5 [PRIV] Varon Prime: !attack ass to fingers
01-12-2017 05:06:10.0 [PRIV] Bot to Varon Prime:
[icon]Bot Announcer[/icon][color=gray]Varon Prime used their ass to tease Yuni Hermit's ass, dealing 6 lust points![/color]
[color=gray]═════════════════ ⭐ [color=purple]Sexfight ring[/color] ⭐ ═════════════════
 [color=purple]░░░░░░░▓▓▓▓▓▓▓▓▓▓▓▓▓[/color] ⭐ [color=purple]VS[/color] ⭐ [color=purple]▓▓▓▓▓▓▓▓▓▓▓░░░░░░░░░[/color]
► [icon]Yuni Hermit[/icon]                                                                  [icon]Varon Prime[/icon]
It's Yuni Hermit's turn![/color]
[i]'It's toy time.' she teases cutely. She pulls a double-ended dildo out of her cleavage, offering it with a bashful grin. She turns around and drops to her knees-and-breasts, her oversized jugs serving as suspension to keep her up. She stuffs the fat end of the toy in her ass, turning on a vibration setting... and lets you use the other end as you will. Whether it's shoving it into her, or riding the other end with your ass to fuck HERS, she submits to it, drooling like an idiot. 'M... Mmmmf... a-anal... Butt bitch wolf...' she groans cutely.[/i]

01-12-2017 05:06:10.0 [PRIV] Bot to Varon Prime:
[i]Yuni spins you around with a spank, and drops to her knees behind you. Lips touch pucker moments later, the wolf licking your ass like she's at a dog park with you. Lips suckling on your pucker, her tongue shoves inside and explores before pulling out with a loud, vulgar *SLURP*.[/i]
[icon]Bot Announcer[/icon][color=gray]Yuni Hermit used their lips to tease Varon Prime's ass, dealing 14 lust points![/color]
[color=gray]═════════════════ ⭐ [color=purple]Sexfight ring[/color] ⭐ ═════════════════
 [color=red]░░░░░░░░░░░░▓▓▓▓▓▓▓▓[/color] ⭐ [color=purple]VS[/color] ⭐ [color=purple]▓▓▓▓▓▓▓▓▓▓▓▓▓░░░░░░░[/color]
► [icon]Varon Prime[/icon]                                                                  [icon]Yuni Hermit[/icon]
It's Varon Prime's turn![/color]

01-12-2017 05:06:10.0 [PRIV] Varon Prime: !attack ass to ass
01-12-2017 05:06:35.1 [PRIV] Bot to Varon Prime:
[icon]Bot Announcer[/icon][color=gray]Varon Prime passed their turn![/color]
[i]Yuni giggles to herself. 'You want more, Sugar? Okay... come here, Cutie.' She beckons with one paw, staring hungrily at your body and licking her lips.[/i]
[i]Yuni stares at your groin like a greedy harlot. '... Mine.' She does a double-footed leg-sweep, holding herself up with her paws to do so... Once your cock is properly pointed skywards, she drops onto it like she's trying to squish a Goomba. Your cock vanishes first into her anal cleavage, second into her pucker... warmth, pressure, and friction engulfing your member. She grabs your legs for leverage, and gives a bouncy, noisy, ball-slapping ride in her rear end before hopping off your bedraggled form.[/i]
[icon]Bot Announcer[/icon][color=gray]Yuni Hermit used their ass to tease Varon Prime's penis, dealing 13 lust points![/color]
[color=gray]═════════════════ ⭐ [color=purple]Sexfight ring[/color] ⭐ ═════════════════
 [color=red]░░░░░░░░░░░░░░░▓▓▓▓▓[/color] ⭐ [color=purple]VS[/color] ⭐ [color=purple]▓▓▓▓▓▓▓▓▓▓▓▓▓░░░░░░░[/color]
► [icon]Varon Prime[/icon]                                                                  [icon]Yuni Hermit[/icon]
It's Varon Prime's turn![/color]

01-12-2017 05:06:35.1 [PRIV] Varon Prime: !pass
01-12-2017 11:34:16.1 [PRIV] Varon Prime: !pass
01-12-2017 11:34:30.2 [PRIV] Varon Prime: !trainingdummy male
01-12-2017 11:34:30.2 [PRIV] Bot to Varon Prime:
[icon]Bot Announcer[/icon][color=gray] Welcome to the training ring! Today we have Varon Prime vs Yuni Hermit! Let the match begin![/color]
[color=gray]═════════════════ ⭐ [color=purple]Sexfight ring[/color] ⭐ ═════════════════
 [color=purple]▓▓▓▓▓▓▓▓▓▓▓▓▓▓▓▓▓▓▓▓[/color] ⭐ [color=purple]VS[/color] ⭐ [color=purple]▓▓▓▓▓▓▓▓▓▓▓▓▓▓▓▓▓▓▓▓[/color]
► [icon]Varon Prime[/icon]                                                                  [icon]Yuni Hermit[/icon]
It's Varon Prime's turn![/color]

01-12-2017 11:34:34.9 [PRIV] Bot to Varon Prime:
[icon]Bot Announcer[/icon][color=gray]Varon Prime passed their turn![/color]
[i]Yuni giggles to herself. 'You want more, Sugar? Okay... come here, Cutie.' She beckons with one paw, staring hungrily at your body and licking her lips.[/i]
[i]Yuni drops to her knees without warning, shoving her face into your groin for a suckle~ Her lips wrap around your prick, and she begins to suck. Bobbing her head, she sucks your dick as long as she can get away with, a thin strand of drool connecting her lips to your prick as she finally pulls away.[/i]
[icon]Bot Announcer[/icon][color=gray]Yuni Hermit used their lips to tease Varon Prime's penis, dealing 16 lust points![/color]
[color=gray]═════════════════ ⭐ [color=purple]Sexfight ring[/color] ⭐ ═════════════════
 [color=purple]░░░▓▓▓▓▓▓▓▓▓▓▓▓▓▓▓▓▓[/color] ⭐ [color=purple]VS[/color] ⭐ [color=purple]▓▓▓▓▓▓▓▓▓▓▓▓▓▓▓▓▓▓▓▓[/color]
► [icon]Varon Prime[/icon]                                                                  [icon]Yuni Hermit[/icon]
It's Varon Prime's turn![/color]

01-12-2017 11:34:34.9 [PRIV] Varon Prime: !pass
01-12-2017 11:34:44.0 [PRIV] Bot to Varon Prime:
[icon]Bot Announcer[/icon][color=gray]Varon Prime passed their turn![/color]
[i]Yuni giggles to herself. 'You want more, Sugar? Okay... come here, Cutie.' She beckons with one paw, staring hungrily at your body and licking her lips.[/i]
[i]Yuni darts in and shoves her paw between your legs to wrap her fingers around your cock. One vigorous, exhausting, dick-milking handjob later she hops back into a defensive pose.[/i]
[icon]Bot Announcer[/icon][color=gray]Yuni Hermit used their fingers to tease Varon Prime's penis, dealing 14 lust points![/color]
[color=gray]═════════════════ ⭐ [color=purple]Sexfight ring[/color] ⭐ ═════════════════
 [color=purple]░░░░░░▓▓▓▓▓▓▓▓▓▓▓▓▓▓[/color] ⭐ [color=purple]VS[/color] ⭐ [color=purple]▓▓▓▓▓▓▓▓▓▓▓▓▓▓▓▓▓▓▓▓[/color]
► [icon]Varon Prime[/icon]                                                                  [icon]Yuni Hermit[/icon]
It's Varon Prime's turn![/color]

01-12-2017 11:34:44.0 [PRIV] Varon Prime: !pass
01-12-2017 11:34:52.4 [PRIV] Bot to Varon Prime:
[icon]Bot Announcer[/icon][color=gray]Varon Prime passed their turn![/color]
[i]Yuni giggles to herself. 'You want more, Sugar? Okay... come here, Cutie.' She beckons with one paw, staring hungrily at your body and licking her lips.[/i]
[i]Yuni embraces you and drops to the mat alongside you... her legs held up. A foot pushes its way to your mouth, her hind paw stuffing a couple of toes past your lips. Pushing and pumping, she strokes your tongue with her toe, before grinding her soft sole over your lips and nose.[/i]
[icon]Bot Announcer[/icon][color=gray]Yuni Hermit used their feet to tease Varon Prime's lips, dealing 16 lust points![/color]
[color=gray]═════════════════ ⭐ [color=purple]Sexfight ring[/color] ⭐ ═════════════════
 [color=purple]░░░░░░░░░▓▓▓▓▓▓▓▓▓▓▓[/color] ⭐ [color=purple]VS[/color] ⭐ [color=purple]▓▓▓▓▓▓▓▓▓▓▓▓▓▓▓▓▓▓▓▓[/color]
► [icon]Varon Prime[/icon]                                                                  [icon]Yuni Hermit[/icon]
It's Varon Prime's turn![/color]

01-12-2017 11:34:52.4 [PRIV] Varon Prime: !pass
01-12-2017 14:49:10.5 [PRIV] Evan Clark: !trainingdummy2 male
01-12-2017 14:49:11.0 [PRIV] Bot to Evan Clark:
[icon]Bot Announcer[/icon][color=gray] Welcome to the training ring! Today we have Evan Clark vs Sissy Robert Bot! Let the match begin![/color]
[color=gray]═════════════════ ⭐ [color=purple]Sexfight ring[/color] ⭐ ═════════════════
 [color=purple]▓▓▓▓▓▓▓▓▓▓▓▓▓▓▓▓▓▓▓▓[/color] ⭐ [color=purple]VS[/color] ⭐ [color=purple]▓▓▓▓▓▓▓▓▓▓▓▓▓▓▓▓▓▓▓▓[/color]
► [icon]Evan Clark[/icon]                                                                  [icon]Sissy Robert Bot[/icon]
It's Evan Clark's turn![/color]

01-12-2017 14:49:15.7 [PRIV] Bot to Evan Clark:
[icon]Bot Announcer[/icon][color=gray]Evan Clark used their tits to tease Sissy Robert Bot's tits, dealing 13 lust points![/color]
[color=gray]═════════════════ ⭐ [color=purple]Sexfight ring[/color] ⭐ ═════════════════
 [color=purple]░░▓▓▓▓▓▓▓▓▓▓▓▓▓▓▓▓▓▓[/color] ⭐ [color=purple]VS[/color] ⭐ [color=purple]▓▓▓▓▓▓▓▓▓▓▓▓▓▓▓▓▓▓▓▓[/color]
► [icon]Sissy Robert Bot[/icon]                                                                  [icon]Evan Clark[/icon]
It's Sissy Robert Bot's turn![/color]
[i]Sissy Robert moans as you tease him![/i]

01-12-2017 14:49:15.7 [PRIV] Bot to Evan Clark:
[i]But then, Sissy Robert sends a sex attack at you![/i]
[icon]Bot Announcer[/icon][color=gray]Sissy Robert Bot used their tits to tease Evan Clark's lips, dealing 7 lust points![/color]
[color=gray]═════════════════ ⭐ [color=purple]Sexfight ring[/color] ⭐ ═════════════════
 [color=purple]░▓▓▓▓▓▓▓▓▓▓▓▓▓▓▓▓▓▓▓[/color] ⭐ [color=purple]VS[/color] ⭐ [color=purple]▓▓▓▓▓▓▓▓▓▓▓▓▓▓▓▓▓▓░░[/color]
► [icon]Evan Clark[/icon]                                                                  [icon]Sissy Robert Bot[/icon]
It's Evan Clark's turn![/color]

01-12-2017 14:49:15.7 [PRIV] Evan Clark: !attack tits to tits
01-12-2017 14:49:27.5 [PRIV] Bot to Evan Clark:
[icon]Bot Announcer[/icon][color=gray]Evan Clark used their lips to tease Sissy Robert Bot's lips, dealing 10 lust points![/color]
[color=gray]═════════════════ ⭐ [color=purple]Sexfight ring[/color] ⭐ ═════════════════
 [color=purple]░░░░▓▓▓▓▓▓▓▓▓▓▓▓▓▓▓▓[/color] ⭐ [color=purple]VS[/color] ⭐ [color=purple]▓▓▓▓▓▓▓▓▓▓▓▓▓▓▓▓▓▓▓░[/color]
► [icon]Sissy Robert Bot[/icon]                                                                  [icon]Evan Clark[/icon]
It's Sissy Robert Bot's turn![/color]
[i]Sissy Robert moans as you tease him![/i]

01-12-2017 14:49:27.5 [PRIV] Bot to Evan Clark:
[i]But then, Sissy Robert sends a sex attack at you![/i]
[icon]Bot Announcer[/icon][color=gray]Sissy Robert Bot used their lips to tease Evan Clark's lips, dealing 7 lust points![/color]
[color=gray]═════════════════ ⭐ [color=purple]Sexfight ring[/color] ⭐ ═════════════════
 [color=purple]░░▓▓▓▓▓▓▓▓▓▓▓▓▓▓▓▓▓▓[/color] ⭐ [color=purple]VS[/color] ⭐ [color=purple]▓▓▓▓▓▓▓▓▓▓▓▓▓▓▓▓░░░░[/color]
► [icon]Evan Clark[/icon]                                                                  [icon]Sissy Robert Bot[/icon]
It's Evan Clark's turn![/color]

01-12-2017 14:49:27.5 [PRIV] Evan Clark: !attack lips to lips
01-12-2017 14:49:39.7 [PRIV] Bot to Evan Clark:
[icon]Bot Announcer[/icon][color=gray]Evan Clark used their fingers to tease Sissy Robert Bot's tits, dealing 13 lust points![/color]
[color=gray]═════════════════ ⭐ [color=purple]Sexfight ring[/color] ⭐ ═════════════════
 [color=purple]░░░░░░░▓▓▓▓▓▓▓▓▓▓▓▓▓[/color] ⭐ [color=purple]VS[/color] ⭐ [color=purple]▓▓▓▓▓▓▓▓▓▓▓▓▓▓▓▓▓▓░░[/color]
► [icon]Sissy Robert Bot[/icon]                                                                  [icon]Evan Clark[/icon]
It's Sissy Robert Bot's turn![/color]
[i]Sissy Robert moans as you tease him![/i]

01-12-2017 14:49:39.7 [PRIV] Bot to Evan Clark:
[i]But then, Sissy Robert sends a sex attack at you![/i]
[icon]Bot Announcer[/icon][color=gray]Sissy Robert Bot used their fingers to tease Evan Clark's sex, dealing 3 lust points![/color]
[color=gray]═════════════════ ⭐ [color=purple]Sexfight ring[/color] ⭐ ═════════════════
 [color=purple]░░░▓▓▓▓▓▓▓▓▓▓▓▓▓▓▓▓▓[/color] ⭐ [color=purple]VS[/color] ⭐ [color=purple]▓▓▓▓▓▓▓▓▓▓▓▓▓░░░░░░░[/color]
► [icon]Evan Clark[/icon]                                                                  [icon]Sissy Robert Bot[/icon]
It's Evan Clark's turn![/color]

01-12-2017 14:49:39.7 [PRIV] Evan Clark: !attack fingers to tits
01-12-2017 14:49:58.8 [PRIV] Bot to Evan Clark:
[icon]Bot Announcer[/icon][color=gray]Evan Clark used their fingers to tease Sissy Robert Bot's lips, dealing 15 lust points![/color]
[color=gray]═════════════════ ⭐ [color=purple]Sexfight ring[/color] ⭐ ═════════════════
 [color=red]░░░░░░░░░░▓▓▓▓▓▓▓▓▓▓[/color] ⭐ [color=purple]VS[/color] ⭐ [color=purple]▓▓▓▓▓▓▓▓▓▓▓▓▓▓▓▓▓░░░[/color]
► [icon]Sissy Robert Bot[/icon]                                                                  [icon]Evan Clark[/icon]
It's Sissy Robert Bot's turn![/color]
[i]Sissy Robert moans as you tease him![/i]

01-12-2017 14:49:58.8 [PRIV] Bot to Evan Clark:
[i]But then, Sissy Robert sends a sex attack at you![/i]
[icon]Bot Announcer[/icon][color=gray]Sissy Robert Bot used their ass to tease Evan Clark's ass, dealing 8 lust points![/color]
[color=gray]═════════════════ ⭐ [color=purple]Sexfight ring[/color] ⭐ ═════════════════
 [color=purple]░░░░░▓▓▓▓▓▓▓▓▓▓▓▓▓▓▓[/color] ⭐ [color=purple]VS[/color] ⭐ [color=red]▓▓▓▓▓▓▓▓▓▓░░░░░░░░░░[/color]
► [icon]Evan Clark[/icon]                                                                  [icon]Sissy Robert Bot[/icon]
It's Evan Clark's turn![/color]

01-12-2017 14:49:58.8 [PRIV] Evan Clark: !Attack fingers to lips
01-12-2017 14:50:10.9 [PRIV] Bot to Evan Clark:
[icon]Bot Announcer[/icon][color=gray]Evan Clark used their fingers to tease Sissy Robert Bot's sex, dealing 23 lust points![/color]
[color=gray]═════════════════ ⭐ [color=purple]Sexfight ring[/color] ⭐ ═════════════════
 [color=red]░░░░░░░░░░░░░░▓▓▓▓▓▓[/color] ⭐ [color=purple]VS[/color] ⭐ [color=purple]▓▓▓▓▓▓▓▓▓▓▓▓▓▓▓░░░░░[/color]
► [icon]Sissy Robert Bot[/icon]                                                                  [icon]Evan Clark[/icon]
It's Sissy Robert Bot's turn![/color]
[i]Sissy Robert moans as you tease him![/i]

01-12-2017 14:50:10.9 [PRIV] Bot to Evan Clark:
[i]But then, Sissy Robert sends a sex attack at you![/i]
[icon]Bot Announcer[/icon][color=gray]Sissy Robert Bot used their tits to tease Evan Clark's ass, dealing 1 lust points![/color]
[color=gray]═════════════════ ⭐ [color=purple]Sexfight ring[/color] ⭐ ═════════════════
 [color=purple]░░░░░▓▓▓▓▓▓▓▓▓▓▓▓▓▓▓[/color] ⭐ [color=purple]VS[/color] ⭐ [color=red]▓▓▓▓▓▓░░░░░░░░░░░░░░[/color]
► [icon]Evan Clark[/icon]                                                                  [icon]Sissy Robert Bot[/icon]
It's Evan Clark's turn![/color]

01-12-2017 14:50:10.9 [PRIV] Evan Clark: !attack fingers to sex
01-12-2017 14:50:22.4 [PRIV] Bot to Evan Clark:
[icon]Bot Announcer[/icon][color=gray]Evan Clark used their feet to tease Sissy Robert Bot's sex, dealing 23 lust points![/color]
[color=gray]═════════════════ ⭐ [color=purple]Sexfight ring[/color] ⭐ ═════════════════
 [color=red]░░░░░░░░░░░░░░░░░░░▓[/color] ⭐ [color=purple]VS[/color] ⭐ [color=purple]▓▓▓▓▓▓▓▓▓▓▓▓▓▓▓░░░░░[/color]
► [icon]Sissy Robert Bot[/icon]                                                                  [icon]Evan Clark[/icon]
It's Sissy Robert Bot's turn![/color]
[i]Sissy Robert moans as you tease him![/i]

01-12-2017 14:50:22.4 [PRIV] Bot to Evan Clark:
[i]But then, Sissy Robert sends a sex attack at you![/i]
[icon]Bot Announcer[/icon][color=gray]Sissy Robert Bot used their fingers to tease Evan Clark's ass, dealing 6 lust points![/color]
[color=gray]═════════════════ ⭐ [color=purple]Sexfight ring[/color] ⭐ ═════════════════
 [color=purple]░░░░░░▓▓▓▓▓▓▓▓▓▓▓▓▓▓[/color] ⭐ [color=purple]VS[/color] ⭐ [color=red]▓░░░░░░░░░░░░░░░░░░░[/color]
► [icon]Evan Clark[/icon]                                                                  [icon]Sissy Robert Bot[/icon]
It's Evan Clark's turn![/color]

01-12-2017 14:50:22.4 [PRIV] Evan Clark: !attack feet to sex
01-12-2017 14:50:34.0 [PRIV] Bot to Evan Clark:
[icon]Bot Announcer[/icon][color=gray]Evan Clark used their sex to tease Sissy Robert Bot's sex, dealing 19 lust points![/color]
[color=gray]Evan Clark made Sissy Robert Bot cum! The winner gets $2.00 and the loser gets $1.00, thank you for participating.[/color]
[color=gray]═════════════════ ⭐ [color=purple]Sexfight ring[/color] ⭐ ═════════════════
 [color=red]░░░░░░░░░░░░░░░░░░░░[/color] ⭐ [color=purple]VS[/color] ⭐ [color=purple]▓▓▓▓▓▓▓▓▓▓▓▓▓▓░░░░░░[/color]
► [icon]Sissy Robert Bot[/icon]                                                                  [icon]Evan Clark[/icon]
It's Sissy Robert Bot's turn![/color]

[color=gray]════════════════ ⭐ [color=purple]Combat ended[/color] ⭐ ════════════════[/color]
[i]Sissy Robert moans as you tease him![/i]

01-12-2017 14:50:34.0 [PRIV] Bot to Evan Clark:

01-12-2017 14:50:34.0 [PRIV] Evan Clark: !attack sex to sex
01-12-2017 19:51:47.3 [ROOM] Boxing Sasha: /me walks in to look for a place by the ringside
01-12-2017 21:58:46.6 [PRIV] Evan Clark: !info
01-12-2017 21:58:52.4 [PRIV] Evan Clark: !card
01-12-2017 21:58:52.7 [PRIV] Bot to Evan Clark:
[color=gray]══════════════════════════════════════════════════
                                 ⭐ ⭐ [color=gray][b]Character card[/b][/color] ⭐ ⭐
══════════════════════════════════════════════════
[color=green]                     [icon]Evan Clark[/icon]
          [b]Name:[/b] Evan Clark | [b]Money:[/b] $11.00
          [b]Attack:[/b] 1 Lips, 4 Fingers, 1 Tits, 1 Sex, 3 Ass, 3 Feet.
          [b]Defense:[/b] -1 Lips, 2 Tits, 2 Sex, 4 Ass.
          [b]Sextoy:[/b] Socks. +1 attack to feet.
          [b]Outfit:[/b] Spats. +2 defense to sex, +2 defense to ass.
          [b]Accessory:[/b] Wristbands. Standard uniform.
          [b]Flavor item:[/b] None. Nothing equiped.
[/color][/color]
01-12-2017 21:59:14.4 [PRIV] Evan Clark: !trainingdummy2 male
01-12-2017 21:59:14.5 [PRIV] Bot to Evan Clark:
[icon]Bot Announcer[/icon][color=gray] Welcome to the training ring! Today we have Evan Clark vs Sissy Robert Bot! Let the match begin![/color]
[color=gray]═════════════════ ⭐ [color=purple]Sexfight ring[/color] ⭐ ═════════════════
 [color=purple]▓▓▓▓▓▓▓▓▓▓▓▓▓▓▓▓▓▓▓▓[/color] ⭐ [color=purple]VS[/color] ⭐ [color=purple]▓▓▓▓▓▓▓▓▓▓▓▓▓▓▓▓▓▓▓▓[/color]
► [icon]Evan Clark[/icon]                                                                  [icon]Sissy Robert Bot[/icon]
It's Evan Clark's turn![/color]

01-12-2017 21:59:24.5 [PRIV] Bot to Evan Clark:
[icon]Bot Announcer[/icon][color=gray]Evan Clark used their fingers to tease Sissy Robert Bot's tits, dealing 21 lust points![/color]
[color=gray]═════════════════ ⭐ [color=purple]Sexfight ring[/color] ⭐ ═════════════════
 [color=purple]░░░░▓▓▓▓▓▓▓▓▓▓▓▓▓▓▓▓[/color] ⭐ [color=purple]VS[/color] ⭐ [color=purple]▓▓▓▓▓▓▓▓▓▓▓▓▓▓▓▓▓▓▓▓[/color]
► [icon]Sissy Robert Bot[/icon]                                                                  [icon]Evan Clark[/icon]
It's Sissy Robert Bot's turn![/color]
[i]Sissy Robert moans as you tease him![/i]

01-12-2017 21:59:24.5 [PRIV] Bot to Evan Clark:
[i]But then, Sissy Robert sends a sex attack at you![/i]
[icon]Bot Announcer[/icon][color=gray]Sissy Robert Bot used their ass to tease Evan Clark's lips, dealing 11 lust points![/color]
[color=gray]═════════════════ ⭐ [color=purple]Sexfight ring[/color] ⭐ ═════════════════
 [color=purple]░░▓▓▓▓▓▓▓▓▓▓▓▓▓▓▓▓▓▓[/color] ⭐ [color=purple]VS[/color] ⭐ [color=purple]▓▓▓▓▓▓▓▓▓▓▓▓▓▓▓▓░░░░[/color]
► [icon]Evan Clark[/icon]                                                                  [icon]Sissy Robert Bot[/icon]
It's Evan Clark's turn![/color]

01-12-2017 21:59:24.5 [PRIV] Evan Clark: !attack fingers to tits
01-12-2017 21:59:38.8 [PRIV] Bot to Evan Clark:
[icon]Bot Announcer[/icon][color=gray]Evan Clark used their fingers to tease Sissy Robert Bot's sex, dealing 17 lust points![/color]
[color=gray]═════════════════ ⭐ [color=purple]Sexfight ring[/color] ⭐ ═════════════════
 [color=purple]░░░░░░░▓▓▓▓▓▓▓▓▓▓▓▓▓[/color] ⭐ [color=purple]VS[/color] ⭐ [color=purple]▓▓▓▓▓▓▓▓▓▓▓▓▓▓▓▓▓▓░░[/color]
► [icon]Sissy Robert Bot[/icon]                                                                  [icon]Evan Clark[/icon]
It's Sissy Robert Bot's turn![/color]
[i]Sissy Robert moans as you tease him![/i]

01-12-2017 21:59:38.8 [PRIV] Bot to Evan Clark:
[i]But then, Sissy Robert sends a sex attack at you![/i]
[icon]Bot Announcer[/icon][color=gray]Sissy Robert Bot used their ass to tease Evan Clark's lips, dealing 13 lust points![/color]
[color=gray]═════════════════ ⭐ [color=purple]Sexfight ring[/color] ⭐ ═════════════════
 [color=purple]░░░░▓▓▓▓▓▓▓▓▓▓▓▓▓▓▓▓[/color] ⭐ [color=purple]VS[/color] ⭐ [color=purple]▓▓▓▓▓▓▓▓▓▓▓▓▓░░░░░░░[/color]
► [icon]Evan Clark[/icon]                                                                  [icon]Sissy Robert Bot[/icon]
It's Evan Clark's turn![/color]

01-12-2017 21:59:38.8 [PRIV] Evan Clark: !attack fingers to sex
01-12-2017 21:59:48.4 [PRIV] Bot to Evan Clark:
[icon]Bot Announcer[/icon][color=gray]Evan Clark passed their turn![/color]
[i]Robert laughs to himself. 'You want more? Okay... come here, Cutie.' He beckons with one hand, staring hungrily at your body and licking his lips.[/i]
[i]But then, Sissy Robert sends a sex attack at you![/i]
[icon]Bot Announcer[/icon][color=gray]Sissy Robert Bot used their lips to tease Evan Clark's tits, dealing 11 lust points![/color]
[color=gray]═════════════════ ⭐ [color=purple]Sexfight ring[/color] ⭐ ═════════════════
 [color=purple]░░░░░░░▓▓▓▓▓▓▓▓▓▓▓▓▓[/color] ⭐ [color=purple]VS[/color] ⭐ [color=purple]▓▓▓▓▓▓▓▓▓▓▓▓▓░░░░░░░[/color]
► [icon]Evan Clark[/icon]                                                                  [icon]Sissy Robert Bot[/icon]
It's Evan Clark's turn![/color]

01-12-2017 21:59:48.4 [PRIV] Evan Clark: !pass
01-12-2017 22:00:01.8 [PRIV] Bot to Evan Clark:
[icon]Bot Announcer[/icon][color=gray]Evan Clark used their feet to tease Sissy Robert Bot's lips, dealing 17 lust points![/color]
[color=gray]═════════════════ ⭐ [color=purple]Sexfight ring[/color] ⭐ ═════════════════
 [color=red]░░░░░░░░░░░▓▓▓▓▓▓▓▓▓[/color] ⭐ [color=purple]VS[/color] ⭐ [color=purple]▓▓▓▓▓▓▓▓▓▓▓▓▓░░░░░░░[/color]
► [icon]Sissy Robert Bot[/icon]                                                                  [icon]Evan Clark[/icon]
It's Sissy Robert Bot's turn![/color]
[i]Sissy Robert moans as you tease him![/i]

01-12-2017 22:00:01.8 [PRIV] Bot to Evan Clark:
[i]But then, Sissy Robert sends a sex attack at you![/i]
[icon]Bot Announcer[/icon][color=gray]Sissy Robert Bot used their feet to tease Evan Clark's lips, dealing 5 lust points![/color]
[color=gray]═════════════════ ⭐ [color=purple]Sexfight ring[/color] ⭐ ═════════════════
 [color=purple]░░░░░░░░▓▓▓▓▓▓▓▓▓▓▓▓[/color] ⭐ [color=purple]VS[/color] ⭐ [color=red]▓▓▓▓▓▓▓▓▓░░░░░░░░░░░[/color]
► [icon]Evan Clark[/icon]                                                                  [icon]Sissy Robert Bot[/icon]
It's Evan Clark's turn![/color]

01-12-2017 22:00:01.8 [PRIV] Evan Clark: !attack feet to lips
01-12-2017 22:00:13.9 [PRIV] Bot to Evan Clark:
[icon]Bot Announcer[/icon][color=gray]Evan Clark passed their turn![/color]
[i]Robert laughs to himself. 'You want more? Okay... come here, Cutie.' He beckons with one hand, staring hungrily at your body and licking his lips.[/i]
[i]But then, Sissy Robert sends a sex attack at you![/i]
[icon]Bot Announcer[/icon][color=gray]Sissy Robert Bot used their ass to tease Evan Clark's lips, dealing 13 lust points![/color]
[color=gray]═════════════════ ⭐ [color=purple]Sexfight ring[/color] ⭐ ═════════════════
 [color=red]░░░░░░░░░░▓▓▓▓▓▓▓▓▓▓[/color] ⭐ [color=purple]VS[/color] ⭐ [color=red]▓▓▓▓▓▓▓▓▓░░░░░░░░░░░[/color]
► [icon]Evan Clark[/icon]                                                                  [icon]Sissy Robert Bot[/icon]
It's Evan Clark's turn![/color]

01-12-2017 22:00:13.9 [PRIV] Evan Clark: !pass
01-12-2017 22:00:21.2 [PRIV] Bot to Evan Clark:
[icon]Bot Announcer[/icon][color=gray]Evan Clark passed their turn![/color]
[i]Robert laughs to himself. 'You want more? Okay... come here, Cutie.' He beckons with one hand, staring hungrily at your body and licking his lips.[/i]
[i]But then, Sissy Robert sends a sex attack at you![/i]
[icon]Bot Announcer[/icon][color=gray]Sissy Robert Bot used their feet to tease Evan Clark's lips, dealing 10 lust points![/color]
[color=gray]═════════════════ ⭐ [color=purple]Sexfight ring[/color] ⭐ ═════════════════
 [color=red]░░░░░░░░░░░░▓▓▓▓▓▓▓▓[/color] ⭐ [color=purple]VS[/color] ⭐ [color=red]▓▓▓▓▓▓▓▓▓░░░░░░░░░░░[/color]
► [icon]Evan Clark[/icon]                                                                  [icon]Sissy Robert Bot[/icon]
It's Evan Clark's turn![/color]

01-12-2017 22:00:21.2 [PRIV] Evan Clark: !pass
01-12-2017 22:00:29.1 [PRIV] Bot to Evan Clark:
[icon]Bot Announcer[/icon][color=gray]Evan Clark passed their turn![/color]
[i]Robert laughs to himself. 'You want more? Okay... come here, Cutie.' He beckons with one hand, staring hungrily at your body and licking his lips.[/i]
[i]But then, Sissy Robert sends a sex attack at you![/i]
[icon]Bot Announcer[/icon][color=gray]Sissy Robert Bot used their sex to tease Evan Clark's sex, dealing 1 lust points![/color]
[color=gray]═════════════════ ⭐ [color=purple]Sexfight ring[/color] ⭐ ═════════════════
 [color=red]░░░░░░░░░░░░▓▓▓▓▓▓▓▓[/color] ⭐ [color=purple]VS[/color] ⭐ [color=red]▓▓▓▓▓▓▓▓▓░░░░░░░░░░░[/color]
► [icon]Evan Clark[/icon]                                                                  [icon]Sissy Robert Bot[/icon]
It's Evan Clark's turn![/color]

01-12-2017 22:00:29.1 [PRIV] Evan Clark: !pass
01-12-2017 22:01:37.1 [PRIV] Bot to Evan Clark:
[icon]Bot Announcer[/icon][color=gray]Evan Clark used their lips to tease Sissy Robert Bot's lips, dealing 14 lust points![/color]
[color=gray]═════════════════ ⭐ [color=purple]Sexfight ring[/color] ⭐ ═════════════════
 [color=red]░░░░░░░░░░░░░▓▓▓▓▓▓▓[/color] ⭐ [color=purple]VS[/color] ⭐ [color=red]▓▓▓▓▓▓▓▓░░░░░░░░░░░░[/color]
► [icon]Sissy Robert Bot[/icon]                                                                  [icon]Evan Clark[/icon]
It's Sissy Robert Bot's turn![/color]
[i]Sissy Robert moans as you tease him![/i]

01-12-2017 22:01:37.1 [PRIV] Bot to Evan Clark:
[i]But then, Sissy Robert sends a sex attack at you![/i]
[icon]Bot Announcer[/icon][color=gray]Sissy Robert Bot used their sex to tease Evan Clark's ass, dealing 1 lust points![/color]
[color=gray]═════════════════ ⭐ [color=purple]Sexfight ring[/color] ⭐ ═════════════════
 [color=red]░░░░░░░░░░░░░▓▓▓▓▓▓▓[/color] ⭐ [color=purple]VS[/color] ⭐ [color=red]▓▓▓▓▓▓▓░░░░░░░░░░░░░[/color]
► [icon]Evan Clark[/icon]                                                                  [icon]Sissy Robert Bot[/icon]
It's Evan Clark's turn![/color]

01-12-2017 22:01:37.2 [PRIV] Evan Clark: !attack lips to lips
01-12-2017 22:01:48.4 [PRIV] Bot to Evan Clark:
[icon]Bot Announcer[/icon][color=gray]Evan Clark used their fingers to tease Sissy Robert Bot's ass, dealing 15 lust points![/color]
[color=gray]═════════════════ ⭐ [color=purple]Sexfight ring[/color] ⭐ ═════════════════
 [color=red]░░░░░░░░░░░░░░░░▓▓▓▓[/color] ⭐ [color=purple]VS[/color] ⭐ [color=red]▓▓▓▓▓▓▓░░░░░░░░░░░░░[/color]
► [icon]Sissy Robert Bot[/icon]                                                                  [icon]Evan Clark[/icon]
It's Sissy Robert Bot's turn![/color]
[i]Sissy Robert moans as you tease him![/i]

01-12-2017 22:01:48.4 [PRIV] Bot to Evan Clark:
[i]But then, Sissy Robert sends a sex attack at you![/i]
[icon]Bot Announcer[/icon][color=gray]Sissy Robert Bot used their lips to tease Evan Clark's ass, dealing 4 lust points![/color]
[color=gray]═════════════════ ⭐ [color=purple]Sexfight ring[/color] ⭐ ═════════════════
 [color=red]░░░░░░░░░░░░░▓▓▓▓▓▓▓[/color] ⭐ [color=purple]VS[/color] ⭐ [color=red]▓▓▓▓░░░░░░░░░░░░░░░░[/color]
► [icon]Evan Clark[/icon]                                                                  [icon]Sissy Robert Bot[/icon]
It's Evan Clark's turn![/color]

01-12-2017 22:01:48.4 [PRIV] Evan Clark: !attack fingers to ass
01-12-2017 22:02:00.7 [PRIV] Bot to Evan Clark:
[icon]Bot Announcer[/icon][color=gray]Evan Clark used their tits to tease Sissy Robert Bot's sex, dealing 13 lust points![/color]
[color=gray]═════════════════ ⭐ [color=purple]Sexfight ring[/color] ⭐ ═════════════════
 [color=red]░░░░░░░░░░░░░░░░░░░▓[/color] ⭐ [color=purple]VS[/color] ⭐ [color=red]▓▓▓▓▓▓▓░░░░░░░░░░░░░[/color]
► [icon]Sissy Robert Bot[/icon]                                                                  [icon]Evan Clark[/icon]
It's Sissy Robert Bot's turn![/color]
[i]Sissy Robert moans as you tease him![/i]

01-12-2017 22:02:00.8 [PRIV] Bot to Evan Clark:
[i]But then, Sissy Robert sends a sex attack at you![/i]
[icon]Bot Announcer[/icon][color=gray]Sissy Robert Bot used their lips to tease Evan Clark's ass, dealing 1 lust points![/color]
[color=gray]═════════════════ ⭐ [color=purple]Sexfight ring[/color] ⭐ ═════════════════
 [color=red]░░░░░░░░░░░░░░▓▓▓▓▓▓[/color] ⭐ [color=purple]VS[/color] ⭐ [color=red]▓░░░░░░░░░░░░░░░░░░░[/color]
► [icon]Evan Clark[/icon]                                                                  [icon]Sissy Robert Bot[/icon]
It's Evan Clark's turn![/color]

01-12-2017 22:02:00.9 [PRIV] Evan Clark: !attack tits to sex
01-12-2017 22:02:14.6 [PRIV] Bot to Evan Clark:
[icon]Bot Announcer[/icon][color=gray]Evan Clark used their fingers to tease Sissy Robert Bot's lips, dealing 20 lust points![/color]
[color=gray]Evan Clark made Sissy Robert Bot cum! The winner gets $2.00 and the loser gets $1.00, thank you for participating.[/color]
[color=gray]═════════════════ ⭐ [color=purple]Sexfight ring[/color] ⭐ ═════════════════
 [color=red]░░░░░░░░░░░░░░░░░░░░[/color] ⭐ [color=purple]VS[/color] ⭐ [color=red]▓▓▓▓▓▓░░░░░░░░░░░░░░[/color]
► [icon]Sissy Robert Bot[/icon]                                                                  [icon]Evan Clark[/icon]
It's Sissy Robert Bot's turn![/color]

[color=gray]════════════════ ⭐ [color=purple]Combat ended[/color] ⭐ ════════════════[/color]
[i]Sissy Robert moans as you tease him![/i]

01-12-2017 22:02:14.7 [PRIV] Bot to Evan Clark:

01-12-2017 22:02:14.7 [PRIV] Evan Clark: !attack fingers to lips
