04-12-2018 00:00:09.8 [PRIV] Bot to Kenia Nya:Type a short description of your character's personality...
04-12-2018 00:00:09.8 [PRIV] Kenia Nya: She wants to see the world and make songs about it
04-12-2018 00:00:26.6 [PRIV] Kenia Nya: She's very friendly but a bit shy
04-12-2018 00:00:26.7 [PRIV] Bot to Kenia Nya:You're done!
04-12-2018 00:00:32.9 [ROOM] Kenia Nya: !card
04-12-2018 00:00:32.9 [ROOM] Bot: 
══════════════════════════════════════════════════
                                 ⭐ ⭐ [color=cyan][b]Character card[/b][/color] ⭐ ⭐
══════════════════════════════════════════════════
[color=white]          [icon]Kenia Nya[/icon] [b]Name:[/b] Kenia Nya | [b]HP:[/b] 8 | [b]LVL:[/b] 1
          [b]GOLD:[/b] $1000 | [b]XP:[/b] 0 | [b]STR:[/b] 4 [b]DEX:[/b] 6 [b]INT:[/b] 8 [b]SPI:[/b] 6
          [b]Color and Looks:[/b]
None yet, None yet
          [b]Home and Reason:[/b]
None yet, None yet
[/color]
04-12-2018 00:02:54.5 [ROOM] Bot: [color=yellow]Katie Bluewing slowly sits on the couch and...[/color]
04-12-2018 00:02:54.5 [ROOM] Bot: [color=red]The airbag goes off! Katie Bluewing flies up in the air![/color] [eicon]explosion[/eicon]
04-12-2018 00:02:54.5 [ROOM] Katie Bluewing: !couch
04-12-2018 00:03:02.3 [ROOM] Katie Bluewing: Waaaaaa!
04-12-2018 00:03:20.0 [ROOM] Randall Miles: /me sets out a landing cushion for the bird
04-12-2018 00:03:35.8 [ROOM] Katie Bluewing: /me 's nakie body lands softly on the cushion. Her blanket falls down after, covering her up.
04-12-2018 00:03:38.5 [ROOM] Katie Bluewing: "Thaaaaanks~"
04-12-2018 00:03:59.5 [PRIV] Kenia Nya: Sophie
04-12-2018 00:03:59.5 [PRIV] Bot to Kenia Nya:Pick your age...
04-12-2018 00:04:03.1 [ROOM] Randall Miles: /me shakes his head, "No problem Featherbutt."
