28-12-2017 07:26:21.9 [PRIV] Evan Clark: !trainingdummy2 male
28-12-2017 07:26:23.0 [PRIV] Bot to Evan Clark:
[icon]Bot Announcer[/icon][color=gray] Welcome to the training ring! Today we have Evan Clark vs Sissy Robert Bot! Let the match begin![/color]
[color=gray]═════════════════ ⭐ [color=purple]Sexfight ring[/color] ⭐ ═════════════════
 [color=purple]▓▓▓▓▓▓▓▓▓▓▓▓▓▓▓▓▓▓▓▓[/color] ⭐ [color=purple]VS[/color] ⭐ [color=purple]▓▓▓▓▓▓▓▓▓▓▓▓▓▓▓▓▓▓▓▓[/color]
► [icon]Evan Clark[/icon]                                                                  [icon]Sissy Robert Bot[/icon]
It's Evan Clark's turn![/color]

28-12-2017 07:26:27.5 [PRIV] Bot to Evan Clark:
[icon]Bot Announcer[/icon][color=gray]Evan Clark used their fingers to tease Sissy Robert Bot's tits, dealing 18 lust points![/color]
[color=gray]═════════════════ ⭐ [color=purple]Sexfight ring[/color] ⭐ ═════════════════
 [color=purple]░░░▓▓▓▓▓▓▓▓▓▓▓▓▓▓▓▓▓[/color] ⭐ [color=purple]VS[/color] ⭐ [color=purple]▓▓▓▓▓▓▓▓▓▓▓▓▓▓▓▓▓▓▓▓[/color]
► [icon]Sissy Robert Bot[/icon]                                                                  [icon]Evan Clark[/icon]
It's Sissy Robert Bot's turn![/color]
[i]Robert moans in his throat as you clamp onto his meaty pecs with your hands and squeeze. ‘Fuuuck…’[/i]

28-12-2017 07:26:27.5 [PRIV] Bot to Evan Clark:
[i]Robert trips you and flips you onto your stomach. As you lay there he begins to cram his toes between your cheeks, teasing your pucker.[/i]
[icon]Bot Announcer[/icon][color=gray]Sissy Robert Bot used their feet to tease Evan Clark's ass, dealing 7 lust points![/color]
[color=gray]═════════════════ ⭐ [color=purple]Sexfight ring[/color] ⭐ ═════════════════
 [color=purple]░▓▓▓▓▓▓▓▓▓▓▓▓▓▓▓▓▓▓▓[/color] ⭐ [color=purple]VS[/color] ⭐ [color=purple]▓▓▓▓▓▓▓▓▓▓▓▓▓▓▓▓▓░░░[/color]
► [icon]Evan Clark[/icon]                                                                  [icon]Sissy Robert Bot[/icon]
It's Evan Clark's turn![/color]

28-12-2017 07:26:27.5 [PRIV] Evan Clark: !attack fingers to tits
28-12-2017 07:26:38.1 [PRIV] Bot to Evan Clark:
[icon]Bot Announcer[/icon][color=gray]Evan Clark passed their turn![/color]
[i]Robert giggles to himself. 'You want more? Okay... come here!' He beckons with one hand, staring hungrily at your body and licking his lips.[/i]
[i]Robert manages to sweep you off your feet. You turn and fall on your hands and knees, only to have Robert land on your back, flattening you out. You struggle under him and he sits up, grabbing your legs and prying them open. He yanks them up over his shoulders and suddenly you feel your toes curl as he begins licking your hole. His tongue winds its way all around your ass, teasing your sensitive pucker. It climaxes as he slips that warm tongue deep into your hole causing you to moan out loud. The he drops you and pulls away.[/i]
[icon]Bot Announcer[/icon][color=gray]Sissy Robert Bot used their lips to tease Evan Clark's ass, dealing 2 lust points![/color]
[color=gray]═════════════════ ⭐ [color=purple]Sexfight ring[/color] ⭐ ═════════════════
 [color=purple]░▓▓▓▓▓▓▓▓▓▓▓▓▓▓▓▓▓▓▓[/color] ⭐ [color=purple]VS[/color] ⭐ [color=purple]▓▓▓▓▓▓▓▓▓▓▓▓▓▓▓▓▓░░░[/color]
► [icon]Evan Clark[/icon]                                                                  [icon]Sissy Robert Bot[/icon]
It's Evan Clark's turn![/color]

28-12-2017 07:26:38.1 [PRIV] Evan Clark: !pass
28-12-2017 07:26:48.1 [PRIV] Bot to Evan Clark:
[icon]Bot Announcer[/icon][color=gray]Evan Clark used their lips to tease Sissy Robert Bot's tits, dealing 17 lust points![/color]
[color=gray]═════════════════ ⭐ [color=purple]Sexfight ring[/color] ⭐ ═════════════════
 [color=purple]░░░░░░░▓▓▓▓▓▓▓▓▓▓▓▓▓[/color] ⭐ [color=purple]VS[/color] ⭐ [color=purple]▓▓▓▓▓▓▓▓▓▓▓▓▓▓▓▓▓▓▓░[/color]
► [icon]Sissy Robert Bot[/icon]                                                                  [icon]Evan Clark[/icon]
It's Sissy Robert Bot's turn![/color]
[i]Robert gasps as your lips clamp onto his nipples and your tongue swirls around his sensitive chest, causing his cock to swell.[/i]

28-12-2017 07:26:48.1 [PRIV] Bot to Evan Clark:
[i]Robert sweeps behind you and wraps his muscled arms around your waist and lifts you up. Slamming you to the mat, he flexes and jiggles his meaty pecs against your ass.[/i]
[icon]Bot Announcer[/icon][color=gray]Sissy Robert Bot used their tits to tease Evan Clark's ass, dealing 1 lust points![/color]
[color=gray]═════════════════ ⭐ [color=purple]Sexfight ring[/color] ⭐ ═════════════════
 [color=purple]░░▓▓▓▓▓▓▓▓▓▓▓▓▓▓▓▓▓▓[/color] ⭐ [color=purple]VS[/color] ⭐ [color=purple]▓▓▓▓▓▓▓▓▓▓▓▓▓░░░░░░░[/color]
► [icon]Evan Clark[/icon]                                                                  [icon]Sissy Robert Bot[/icon]
It's Evan Clark's turn![/color]

28-12-2017 07:26:48.1 [PRIV] Evan Clark: !attack lips to tits
28-12-2017 07:26:58.7 [PRIV] Bot to Evan Clark:
[icon]Bot Announcer[/icon][color=gray]Evan Clark used their tits to tease Sissy Robert Bot's lips, dealing 18 lust points![/color]
[color=gray]═════════════════ ⭐ [color=purple]Sexfight ring[/color] ⭐ ═════════════════
 [color=red]░░░░░░░░░░▓▓▓▓▓▓▓▓▓▓[/color] ⭐ [color=purple]VS[/color] ⭐ [color=purple]▓▓▓▓▓▓▓▓▓▓▓▓▓▓▓▓▓▓░░[/color]
► [icon]Sissy Robert Bot[/icon]                                                                  [icon]Evan Clark[/icon]
It's Sissy Robert Bot's turn![/color]
[i]Robert swings his arms wildly as his mouth is shoved onto your nipple and forced to suck like a nursing babe. When you finally release him, he pulls back and gasps for air.[/i]

28-12-2017 07:26:58.7 [PRIV] Bot to Evan Clark:
[i]Robert crams his fingers into your mouth, swirling them around. ‘Just getting your ready for something bigger sweetheart,’ He boasts.[/i]
[icon]Bot Announcer[/icon][color=gray]Sissy Robert Bot used their fingers to tease Evan Clark's lips, dealing 15 lust points![/color]
[color=gray]═════════════════ ⭐ [color=purple]Sexfight ring[/color] ⭐ ═════════════════
 [color=purple]░░░░░▓▓▓▓▓▓▓▓▓▓▓▓▓▓▓[/color] ⭐ [color=purple]VS[/color] ⭐ [color=red]▓▓▓▓▓▓▓▓▓▓░░░░░░░░░░[/color]
► [icon]Evan Clark[/icon]                                                                  [icon]Sissy Robert Bot[/icon]
It's Evan Clark's turn![/color]

28-12-2017 07:26:58.7 [PRIV] Evan Clark: !attack tits to lips
28-12-2017 07:27:14.7 [PRIV] Bot to Evan Clark:
[icon]Bot Announcer[/icon][color=gray]Evan Clark used their tits to tease Sissy Robert Bot's ass, dealing 16 lust points![/color]
[color=gray]═════════════════ ⭐ [color=purple]Sexfight ring[/color] ⭐ ═════════════════
 [color=red]░░░░░░░░░░░░░▓▓▓▓▓▓▓[/color] ⭐ [color=purple]VS[/color] ⭐ [color=purple]▓▓▓▓▓▓▓▓▓▓▓▓▓▓▓░░░░░[/color]
► [icon]Sissy Robert Bot[/icon]                                                                  [icon]Evan Clark[/icon]
It's Sissy Robert Bot's turn![/color]
[i]Robert is… confused to say the least, as you press your chest to his ass and begin to grind, yet somehow it turns him on.[/i]

28-12-2017 07:27:14.7 [PRIV] Bot to Evan Clark:
[i]Robert comes at you with desire in his eyes. He thrusts a hand out at your head. You flinch away, expecting a strike, only to find he grabbed the back of your head. ‘That’s two for flinching,’ he mocks you with an insidious grin, before he pulls your head forcefully forward, and plants a kiss on your lips. It’s rushed and brutal at first, but as he slips a tongue between your lips, he softens, and slows. Savoring the kiss, his lips warm against your own as he sucks on your bottom lip, lightly biting. He pulls away with a wink and a smile, leaving you gasping.[/i]
[icon]Bot Announcer[/icon][color=gray]Sissy Robert Bot used their lips to tease Evan Clark's lips, dealing 15 lust points![/color]
[color=gray]═════════════════ ⭐ [color=purple]Sexfight ring[/color] ⭐ ═════════════════
 [color=purple]░░░░░░░░▓▓▓▓▓▓▓▓▓▓▓▓[/color] ⭐ [color=purple]VS[/color] ⭐ [color=red]▓▓▓▓▓▓▓░░░░░░░░░░░░░[/color]
► [icon]Evan Clark[/icon]                                                                  [icon]Sissy Robert Bot[/icon]
It's Evan Clark's turn![/color]

28-12-2017 07:27:14.7 [PRIV] Evan Clark: !attack tits to ass
28-12-2017 07:27:23.2 [PRIV] Bot to Evan Clark:
[icon]Bot Announcer[/icon][color=gray]Evan Clark used their ass to tease Sissy Robert Bot's ass, dealing 14 lust points![/color]
[color=gray]═════════════════ ⭐ [color=purple]Sexfight ring[/color] ⭐ ═════════════════
 [color=red]░░░░░░░░░░░░░░░░▓▓▓▓[/color] ⭐ [color=purple]VS[/color] ⭐ [color=purple]▓▓▓▓▓▓▓▓▓▓▓▓░░░░░░░░[/color]
► [icon]Sissy Robert Bot[/icon]                                                                  [icon]Evan Clark[/icon]
It's Sissy Robert Bot's turn![/color]
[i]Robert looks skeptically at you as you produce a double ended dildo. ‘What are you doing with that’ he asks nervously as you shove it into your own anus. ‘Wait, no don’t do that’ he continues as you make your way to him and shove the other end into his anus. He struggles at first but eventually his eyes flutter shut as he moans and thrusts down onto the dildo.[/i]

28-12-2017 07:27:23.2 [PRIV] Bot to Evan Clark:
[i]Robert trips you and flips you onto your stomach. As you lay there he begins to cram his toes between your cheeks, teasing your pucker.[/i]
[icon]Bot Announcer[/icon][color=gray]Sissy Robert Bot used their feet to tease Evan Clark's ass, dealing 1 lust points![/color]
[color=gray]═════════════════ ⭐ [color=purple]Sexfight ring[/color] ⭐ ═════════════════
 [color=purple]░░░░░░░░▓▓▓▓▓▓▓▓▓▓▓▓[/color] ⭐ [color=purple]VS[/color] ⭐ [color=red]▓▓▓▓░░░░░░░░░░░░░░░░[/color]
► [icon]Evan Clark[/icon]                                                                  [icon]Sissy Robert Bot[/icon]
It's Evan Clark's turn![/color]

28-12-2017 07:27:23.2 [PRIV] Evan Clark: !attack ass to ass
28-12-2017 07:27:32.5 [PRIV] Bot to Evan Clark:
[icon]Bot Announcer[/icon][color=gray]Evan Clark passed their turn![/color]
[i]Robert giggles to himself. 'You want more? Okay... come here!' He beckons with one hand, staring hungrily at your body and licking his lips.[/i]
[i]Robert wraps his arms around your thighs, lifting you up high, holding your there over his head before dropping you back onto the mat. He remains perched just over you. You lie there dazed and out gasping for breath when you feel a tingle in your groin. As your vision clears, you see Robert lying above you, flexing his meaty pecs over your cock, clamping them tightly around your manhood. He rubs your cock between the mounds of muscled flesh for a bit before standing and looking down at you, making his pecs flex and dance to taunt you.[/i]
[icon]Bot Announcer[/icon][color=gray]Sissy Robert Bot used their tits to tease Evan Clark's penis, dealing 11 lust points![/color]
[color=gray]═════════════════ ⭐ [color=purple]Sexfight ring[/color] ⭐ ═════════════════
 [color=red]░░░░░░░░░░▓▓▓▓▓▓▓▓▓▓[/color] ⭐ [color=purple]VS[/color] ⭐ [color=red]▓▓▓▓░░░░░░░░░░░░░░░░[/color]
► [icon]Evan Clark[/icon]                                                                  [icon]Sissy Robert Bot[/icon]
It's Evan Clark's turn![/color]

28-12-2017 07:27:32.5 [PRIV] Evan Clark: !pass
28-12-2017 07:27:41.2 [PRIV] Bot to Evan Clark:
[icon]Bot Announcer[/icon][color=gray]Evan Clark used their ass to tease Sissy Robert Bot's tits, dealing 19 lust points![/color]
[color=gray]Evan Clark made Sissy Robert Bot cum! The winner gets $2.00 and the loser gets $1.00, thank you for participating.[/color]
[color=gray]═════════════════ ⭐ [color=purple]Sexfight ring[/color] ⭐ ═════════════════
 [color=red]░░░░░░░░░░░░░░░░░░░░[/color] ⭐ [color=purple]VS[/color] ⭐ [color=red]▓▓▓▓▓▓▓▓▓▓░░░░░░░░░░[/color]
► [icon]Sissy Robert Bot[/icon]                                                                  [icon]Evan Clark[/icon]
It's Sissy Robert Bot's turn![/color]

[color=gray]════════════════ ⭐ [color=purple]Combat ended[/color] ⭐ ════════════════[/color]
[i]Robert coughs as you squash him under your rump. Your ass pressing down on him squeezing the air out of his lungs, he pleads with you to get off him.[/i]

28-12-2017 07:27:41.2 [PRIV] Bot to Evan Clark:

28-12-2017 07:27:41.2 [PRIV] Evan Clark: !attack ass to tits
28-12-2017 07:27:53.8 [PRIV] Evan Clark: !trainingdummy2 male
28-12-2017 07:27:53.9 [PRIV] Bot to Evan Clark:You reached the maximum ammount of times you can fight the bot per day, come back tomorrow~
28-12-2017 10:43:35.8 [PRIV] Sissy Robert: !trainingdummy male
28-12-2017 10:43:37.8 [PRIV] Bot to Sissy Robert:
[icon]Bot Announcer[/icon][color=gray] Welcome to the training ring! Today we have Sissy Robert vs Yuni Hermit! Let the match begin![/color]
[color=gray]═════════════════ ⭐ [color=purple]Sexfight ring[/color] ⭐ ═════════════════
 [color=purple]▓▓▓▓▓▓▓▓▓▓▓▓▓▓▓▓▓▓▓▓[/color] ⭐ [color=purple]VS[/color] ⭐ [color=purple]▓▓▓▓▓▓▓▓▓▓▓▓▓▓▓▓▓▓▓▓[/color]
► [icon]Sissy Robert[/icon]                                                                  [icon]Yuni Hermit[/icon]
It's Sissy Robert's turn![/color]

28-12-2017 10:43:49.1 [PRIV] Bot to Sissy Robert:
[icon]Bot Announcer[/icon][color=gray]Sissy Robert used their feet to tease Yuni Hermit's lips, dealing 11 lust points![/color]
[color=gray]═════════════════ ⭐ [color=purple]Sexfight ring[/color] ⭐ ═════════════════
 [color=purple]░░▓▓▓▓▓▓▓▓▓▓▓▓▓▓▓▓▓▓[/color] ⭐ [color=purple]VS[/color] ⭐ [color=purple]▓▓▓▓▓▓▓▓▓▓▓▓▓▓▓▓▓▓▓▓[/color]
► [icon]Yuni Hermit[/icon]                                                                  [icon]Sissy Robert[/icon]
It's Yuni Hermit's turn![/color]
[i]Yuni drops to all fours in front of you, panting. 'May I worship your feet?' she groans. A proffered sole, proffered toes, she opens her mouth like the canine she is and starts tongue-bathing your feet. Clean or musky, smooth or strange, she licks and sucks on your sole, drooling vulgarly... If you have toes, she moves to those, licking between each digit and sucking on it briefly. She shoves her nose hard into your sole and snorts like she's doing a line of cocaine... sniffing everywhere she can get to. By the time she stands up she looks dizzy! 'F... feeeet.'[/i]

28-12-2017 10:43:49.1 [PRIV] Bot to Sissy Robert:
[i]Yuni pushes you onto your back, dropping her massive mammaries onto your groin. She enwraps her jugs around her breasts and starts a tit-quake, jerking you off forcefully with her breasts, blowing you a kiss as she does.[/i]
[icon]Bot Announcer[/icon][color=gray]Yuni Hermit used their tits to tease Sissy Robert's penis, dealing 13 lust points![/color]
[color=gray]═════════════════ ⭐ [color=purple]Sexfight ring[/color] ⭐ ═════════════════
 [color=purple]░░▓▓▓▓▓▓▓▓▓▓▓▓▓▓▓▓▓▓[/color] ⭐ [color=purple]VS[/color] ⭐ [color=purple]▓▓▓▓▓▓▓▓▓▓▓▓▓▓▓▓▓▓░░[/color]
► [icon]Sissy Robert[/icon]                                                                  [icon]Yuni Hermit[/icon]
It's Sissy Robert's turn![/color]

28-12-2017 10:43:49.1 [PRIV] Sissy Robert: !attack feet to lips

28-12-2017 10:44:04.1 [PRIV] Bot to Sissy Robert:
[icon]Bot Announcer[/icon][color=gray]Sissy Robert used their ass to tease Yuni Hermit's lips, dealing 13 lust points![/color]
[color=gray]═════════════════ ⭐ [color=purple]Sexfight ring[/color] ⭐ ═════════════════
 [color=purple]░░░░▓▓▓▓▓▓▓▓▓▓▓▓▓▓▓▓[/color] ⭐ [color=purple]VS[/color] ⭐ [color=purple]▓▓▓▓▓▓▓▓▓▓▓▓▓▓▓▓▓▓░░[/color]
► [icon]Yuni Hermit[/icon]                                                                  [icon]Sissy Robert[/icon]
It's Yuni Hermit's turn![/color]
[i]'May I? May I!?!' she groans. She drops to a kneeling pose and puts her hands on her knees like a slave, panting. With a butt soon in her face, she dives her nose between your rumpcheeks and smells your pucker with a deep snort, like a social dog at a dog park. The licking begins, the wolf going from stroking the whole length of your ass-crack with her tongue, to kissing your ass full and proper... nursing and smooching your asshole, shoving her tongue inside and exploring whatever she finds, licking around in there like she's trying to wash it. One heady suck on your anus later and she comes away, face musky. '... thank you SO much...' she moans.[/i]

28-12-2017 10:44:04.2 [PRIV] Bot to Sissy Robert:
[i]Yuni embraces you and drops to the mat alongside you... her legs held up. A foot pushes its way to your mouth, her hind paw stuffing a couple of toes past your lips. Pushing and pumping, she strokes your tongue with her toe, before grinding her soft sole over your lips and nose.[/i]
[icon]Bot Announcer[/icon][color=gray]Yuni Hermit used their feet to tease Sissy Robert's lips, dealing 17 lust points![/color]
[color=gray]═════════════════ ⭐ [color=purple]Sexfight ring[/color] ⭐ ═════════════════
 [color=purple]░░░░░░▓▓▓▓▓▓▓▓▓▓▓▓▓▓[/color] ⭐ [color=purple]VS[/color] ⭐ [color=purple]▓▓▓▓▓▓▓▓▓▓▓▓▓▓▓▓░░░░[/color]
► [icon]Sissy Robert[/icon]                                                                  [icon]Yuni Hermit[/icon]
It's Sissy Robert's turn![/color]

28-12-2017 10:44:04.2 [PRIV] Sissy Robert: !attack ass to lips

28-12-2017 10:44:21.7 [PRIV] Bot to Sissy Robert:
[icon]Bot Announcer[/icon][color=gray]Sissy Robert used their lips to tease Yuni Hermit's lips, dealing 16 lust points![/color]
[color=gray]═════════════════ ⭐ [color=purple]Sexfight ring[/color] ⭐ ═════════════════
 [color=purple]░░░░░░░░▓▓▓▓▓▓▓▓▓▓▓▓[/color] ⭐ [color=purple]VS[/color] ⭐ [color=purple]▓▓▓▓▓▓▓▓▓▓▓▓▓▓░░░░░░[/color]
► [icon]Yuni Hermit[/icon]                                                                  [icon]Sissy Robert[/icon]
It's Yuni Hermit's turn![/color]
[i]Yuni bends backwards to your oral assault. She finds herself supported by her upper back like the lady on a ballroom floor, and closes her eyes, lips puckered. A make-out follows, her opening her mouth submissively for your tongue to enter, sucking on it if proffered... or exploring your own oral cavity with her slippery wolf tongue instead, if a hole is what's presented to her. 'Mwah...' she murmurs bashfully as she stands up again.[/i]

28-12-2017 10:44:21.7 [PRIV] Bot to Sissy Robert:
[i]Yuni stares at your groin like a greedy harlot. '... Mine.' She does a double-footed leg-sweep, holding herself up with her paws to do so... Once your cock is properly pointed skywards, she drops onto it like she's trying to squish a Goomba. Your cock vanishes first into her anal cleavage, second into her pucker... warmth, pressure, and friction engulfing your member. She grabs your legs for leverage, and gives a bouncy, noisy, ball-slapping ride in her rear end before hopping off your bedraggled form.[/i]
[icon]Bot Announcer[/icon][color=gray]Yuni Hermit used their ass to tease Sissy Robert's penis, dealing 10 lust points![/color]
[color=gray]═════════════════ ⭐ [color=purple]Sexfight ring[/color] ⭐ ═════════════════
 [color=purple]░░░░░░░░▓▓▓▓▓▓▓▓▓▓▓▓[/color] ⭐ [color=purple]VS[/color] ⭐ [color=purple]▓▓▓▓▓▓▓▓▓▓▓▓░░░░░░░░[/color]
► [icon]Sissy Robert[/icon]                                                                  [icon]Yuni Hermit[/icon]
It's Sissy Robert's turn![/color]

28-12-2017 10:44:22.0 [PRIV] Sissy Robert: !attack lips to lips

28-12-2017 10:44:36.9 [PRIV] Bot to Sissy Robert:
[icon]Bot Announcer[/icon][color=gray]Sissy Robert used their fingers to tease Yuni Hermit's sex, dealing 10 lust points![/color]
[color=gray]═════════════════ ⭐ [color=purple]Sexfight ring[/color] ⭐ ═════════════════
 [color=purple]░░░░░░░░░░▓▓▓▓▓▓▓▓▓▓[/color] ⭐ [color=purple]VS[/color] ⭐ [color=purple]▓▓▓▓▓▓▓▓▓▓▓▓░░░░░░░░[/color]
► [icon]Yuni Hermit[/icon]                                                                  [icon]Sissy Robert[/icon]
It's Yuni Hermit's turn![/color]
[i]A grab from behind is all it takes to get your hand where it needs to go, her cunt wet and warm to the touch. Her clit's already hard, and she crosses her eyes upwards... clit throbbing underneath exploratory digits, passage squelching and leaving traces of girl-juice behind on probing fingers. 'Ah... ahh-uhhh... whuuuff...' she groans, ears pinning back.[/i]

28-12-2017 10:44:36.9 [PRIV] Bot to Sissy Robert:
[i]Yuni goes for your ass, rolling her fingers around inside your pucker, pumping and thrusting them in your ass to get you worked up.[/i]
[icon]Bot Announcer[/icon][color=gray]Yuni Hermit used their fingers to tease Sissy Robert's ass, dealing 11 lust points![/color]
[color=gray]═════════════════ ⭐ [color=purple]Sexfight ring[/color] ⭐ ═════════════════
 [color=red]░░░░░░░░░░▓▓▓▓▓▓▓▓▓▓[/color] ⭐ [color=purple]VS[/color] ⭐ [color=purple]▓▓▓▓▓▓▓▓▓▓░░░░░░░░░░[/color]
► [icon]Sissy Robert[/icon]                                                                  [icon]Yuni Hermit[/icon]
It's Sissy Robert's turn![/color]

28-12-2017 10:44:36.9 [PRIV] Sissy Robert: !attack fingers to sex

28-12-2017 10:44:48.9 [PRIV] Bot to Sissy Robert:
[icon]Bot Announcer[/icon][color=gray]Sissy Robert used their feet to tease Yuni Hermit's sex, dealing 14 lust points![/color]
[color=gray]═════════════════ ⭐ [color=purple]Sexfight ring[/color] ⭐ ═════════════════
 [color=red]░░░░░░░░░░░░▓▓▓▓▓▓▓▓[/color] ⭐ [color=purple]VS[/color] ⭐ [color=red]▓▓▓▓▓▓▓▓▓▓░░░░░░░░░░[/color]
► [icon]Yuni Hermit[/icon]                                                                  [icon]Sissy Robert[/icon]
It's Yuni Hermit's turn![/color]
[i]Yuni struggles a bit, but ends up on her tush with her legs spread, breasts weighing her down. 'Not fair!' she squawks cutely. Her pussy squelches under your heel, her juices already worked up from all the fighting. Her clit's a tickly point against your sole as you squish and rub with your feet, a cute, defeated look on her face throughout. 'Mmmmf!'[/i]

28-12-2017 10:44:48.9 [PRIV] Bot to Sissy Robert:
[i]Yuni embraces you and drops to the mat alongside you... her legs held up. A foot pushes its way to your mouth, her hind paw stuffing a couple of toes past your lips. Pushing and pumping, she strokes your tongue with her toe, before grinding her soft sole over your lips and nose.[/i]
[icon]Bot Announcer[/icon][color=gray]Yuni Hermit used their feet to tease Sissy Robert's lips, dealing 16 lust points![/color]
[color=gray]═════════════════ ⭐ [color=purple]Sexfight ring[/color] ⭐ ═════════════════
 [color=red]░░░░░░░░░░░░░▓▓▓▓▓▓▓[/color] ⭐ [color=purple]VS[/color] ⭐ [color=red]▓▓▓▓▓▓▓▓░░░░░░░░░░░░[/color]
► [icon]Sissy Robert[/icon]                                                                  [icon]Yuni Hermit[/icon]
It's Sissy Robert's turn![/color]

28-12-2017 10:44:48.9 [PRIV] Sissy Robert: !attack feet to sex

28-12-2017 10:44:57.8 [PRIV] Bot to Sissy Robert:
[icon]Bot Announcer[/icon][color=gray]Sissy Robert used their feet to tease Yuni Hermit's sex, dealing 9 lust points![/color]
[color=gray]═════════════════ ⭐ [color=purple]Sexfight ring[/color] ⭐ ═════════════════
 [color=red]░░░░░░░░░░░░░░▓▓▓▓▓▓[/color] ⭐ [color=purple]VS[/color] ⭐ [color=red]▓▓▓▓▓▓▓░░░░░░░░░░░░░[/color]
► [icon]Yuni Hermit[/icon]                                                                  [icon]Sissy Robert[/icon]
It's Yuni Hermit's turn![/color]
[i]Yuni struggles a bit, but ends up on her tush with her legs spread, breasts weighing her down. 'Not fair!' she squawks cutely. Her pussy squelches under your heel, her juices already worked up from all the fighting. Her clit's a tickly point against your sole as you squish and rub with your feet, a cute, defeated look on her face throughout. 'Mmmmf!'[/i]

28-12-2017 10:44:57.8 [PRIV] Bot to Sissy Robert:
[i]Yuni shoves her nipple into your mouth, trying to hold you in place by the back of your head with one paw. The other squeezes her oversized milk-maker, and she floods your mouth with milk.[/i]
[icon]Bot Announcer[/icon][color=gray]Yuni Hermit used their tits to tease Sissy Robert's lips, dealing 15 lust points![/color]
[color=gray]═════════════════ ⭐ [color=purple]Sexfight ring[/color] ⭐ ═════════════════
 [color=red]░░░░░░░░░░░░░░░░▓▓▓▓[/color] ⭐ [color=purple]VS[/color] ⭐ [color=red]▓▓▓▓▓▓░░░░░░░░░░░░░░[/color]
► [icon]Sissy Robert[/icon]                                                                  [icon]Yuni Hermit[/icon]
It's Sissy Robert's turn![/color]

28-12-2017 10:44:57.8 [PRIV] Sissy Robert: !attack feet to sex

28-12-2017 10:45:05.9 [PRIV] Bot to Sissy Robert:
[icon]Bot Announcer[/icon][color=gray]Sissy Robert used their sex to tease Yuni Hermit's sex, dealing 19 lust points![/color]
[color=gray]═════════════════ ⭐ [color=purple]Sexfight ring[/color] ⭐ ═════════════════
 [color=red]░░░░░░░░░░░░░░░░░░▓▓[/color] ⭐ [color=purple]VS[/color] ⭐ [color=red]▓▓▓▓░░░░░░░░░░░░░░░░[/color]
► [icon]Yuni Hermit[/icon]                                                                  [icon]Sissy Robert[/icon]
It's Yuni Hermit's turn![/color]
[i]Yuni can't resist a cock. She drops to her back, spreading her legs then rolling them back in an exaggerated missionary position. 'Fuck meeee!' she groans. Her nethers are warm, wet, and squish around your cock like a velvet vicegrip when you insert, her blushing, breasts bouncing, eyes crossed with mindless lust as she accepts every thrust you have. She gasps and groans, tongue drooling, pussy soaking your groin with arousal as you fuck her silly. 'M... more... don't stop!'[/i]

28-12-2017 10:45:05.9 [PRIV] Bot to Sissy Robert:
[i]Yuni embraces you and drops you to the mat with her, only to scooch back a little and plaster both of her feet on your groin. Tenting her feet around your cock like she's giving it a hat, she grinds the crook of her toes around your cocktip... stroking and rolling, moving to then jerk off your prick with both of her soles.[/i]
[icon]Bot Announcer[/icon][color=gray]Yuni Hermit used their feet to tease Sissy Robert's penis, dealing 12 lust points![/color]
[color=gray]═════════════════ ⭐ [color=purple]Sexfight ring[/color] ⭐ ═════════════════
 [color=red]░░░░░░░░░░░░░░░░░░▓▓[/color] ⭐ [color=purple]VS[/color] ⭐ [color=red]▓▓░░░░░░░░░░░░░░░░░░[/color]
► [icon]Sissy Robert[/icon]                                                                  [icon]Yuni Hermit[/icon]
It's Sissy Robert's turn![/color]

28-12-2017 10:45:05.9 [PRIV] Sissy Robert: !attack sex to sex

28-12-2017 10:45:12.8 [PRIV] Bot to Sissy Robert:
[icon]Bot Announcer[/icon][color=gray]Sissy Robert used their sex to tease Yuni Hermit's sex, dealing 13 lust points![/color]
[color=gray]Sissy Robert made Yuni Hermit cum! The winner gets $2.00 and the loser gets $1.00, thank you for participating.[/color]
[color=gray]═════════════════ ⭐ [color=purple]Sexfight ring[/color] ⭐ ═════════════════
 [color=red]░░░░░░░░░░░░░░░░░░░░[/color] ⭐ [color=purple]VS[/color] ⭐ [color=red]▓▓░░░░░░░░░░░░░░░░░░[/color]
► [icon]Yuni Hermit[/icon]                                                                  [icon]Sissy Robert[/icon]
It's Yuni Hermit's turn![/color]

[color=gray]════════════════ ⭐ [color=purple]Combat ended[/color] ⭐ ════════════════[/color]
[i]Yuni can't resist a cock. She drops to her back, spreading her legs then rolling them back in an exaggerated missionary position. 'Fuck meeee!' she groans. Her nethers are warm, wet, and squish around your cock like a velvet vicegrip when you insert, her blushing, breasts bouncing, eyes crossed with mindless lust as she accepts every thrust you have. She gasps and groans, tongue drooling, pussy soaking your groin with arousal as you fuck her silly. 'M... more... don't stop!'[/i]

28-12-2017 10:45:12.8 [PRIV] Bot to Sissy Robert:

28-12-2017 10:45:12.8 [PRIV] Sissy Robert: !attack sex to sex

28-12-2017 20:53:35.1 [ROOM] Raven: Beep
28-12-2017 20:56:07.2 [ROOM] Darent: Boop
28-12-2017 20:56:23.1 [ROOM] Alexis Mason: Borp
28-12-2017 20:57:51.9 [ROOM] Darent: Hello everyone! How's everyone?
28-12-2017 20:59:17.0 [ROOM] Alexis Mason: Doing okay
28-12-2017 21:00:35.8 [ROOM] Darent: I'm fine ty. Just relaxing a bit. And you sent that last message as an ad
28-12-2017 21:01:00.3 [ROOM] Alexis Mason: Yeah, I hit the wrong button, haha. 
28-12-2017 21:06:31.8 [ROOM] Darent: Just use enter
28-12-2017 21:09:23.5 [ROOM] Victory87: Hi everyone
28-12-2017 21:10:06.3 [ROOM] Darent: Hey Victory, how are you?
28-12-2017 21:10:42.8 [ROOM] Victory87: Hi there, doing good yes thx and you
28-12-2017 21:13:56.3 [ROOM] Darent: I'm fine as well, just chilling
28-12-2017 21:49:07.8 [ROOM] Raven: Never chill.
28-12-2017 21:51:29.5 [ROOM] Darent: lol
28-12-2017 21:51:31.6 [ROOM] Darent: why not?
28-12-2017 23:25:13.1 [ROOM] Lyanna Pelon: hmmm good evening all!
28-12-2017 23:25:38.5 [ROOM] Rix: evenin'
28-12-2017 23:26:04.8 [ROOM] Lyanna Pelon: how goes it?
28-12-2017 23:26:58.7 [ROOM] Evan Clark: Hey! Evenin' just watching Will and Grace
28-12-2017 23:27:05.5 [ROOM] Evan Clark: So you know, being a walking stereotype
28-12-2017 23:27:13.5 [ROOM] Ryician: Haha
28-12-2017 23:27:22.5 [ROOM] Ryician: I just got here and that was the first thing I saw
28-12-2017 23:28:21.6 [ROOM] Lyanna Pelon: lol nice
28-12-2017 23:33:08.1 [ROOM] Darent: what is will and grace?
28-12-2017 23:34:00.8 [ROOM] Lyanna Pelon: its an american tv show from the 90's
28-12-2017 23:37:36.5 [ROOM] Darent: o.O
28-12-2017 23:37:53.4 [ROOM] Darent: why would you say that you're a stereotype by watching that?
28-12-2017 23:39:34.0 [ROOM] Lyanna Pelon: its usually known as a show for gay men since Will and Grace is about a gay man and a straight woman living together in I think New York
28-12-2017 23:39:50.0 [ROOM] Ryician: Yep
28-12-2017 23:39:55.2 [ROOM] Evan Clark: All of that, yes
28-12-2017 23:40:22.2 [ROOM] Darent: XD
28-12-2017 23:40:47.2 [ROOM] Lyanna Pelon: im Lya, providing your factual analysis of american media and culture
28-12-2017 23:40:57.8 [ROOM] Darent: No offence but I kind of don't understand gay people... we should all love each other equally .-.
28-12-2017 23:41:17.8 [ROOM] Darent: speaking to gay boys and girls
28-12-2017 23:42:16.1 [ROOM] Darent: we are all human
28-12-2017 23:42:39.5 [ROOM] Darent: we can be friends and more than friends~
28-12-2017 23:42:48.2 [ROOM] Darent: sex friends~
28-12-2017 23:42:58.6 [ROOM] Darent: XD
28-12-2017 23:43:10.0 [ROOM] Lyanna Pelon: lol
28-12-2017 23:43:29.8 [ROOM] Lyanna Pelon: here here
28-12-2017 23:45:26.7 [ROOM] Darent: I mean, if I wanted to fuck you two at the same time, I couldn't
28-12-2017 23:45:34.1 [ROOM] Darent: and that makes me sad :(
28-12-2017 23:45:45.4 [ROOM] Lyanna Pelon: /me pets Darent
28-12-2017 23:45:54.6 [ROOM] Evan Clark: Who said I haven't been in the devil's three way before
28-12-2017 23:48:15.0 [ROOM] Darent: lol
28-12-2017 23:48:30.8 [ROOM] Darent: devil's?
28-12-2017 23:49:01.8 [ROOM] Darent: why devil's?
28-12-2017 23:50:14.6 [ROOM] Evan Clark: Just the colloquial term for two guys one girl type threesome 
28-12-2017 23:53:05.5 [ROOM] Darent: what is the term for two girls one guy?
28-12-2017 23:53:27.3 [ROOM] Lyanna Pelon: a guys dream
28-12-2017 23:55:37.0 [ROOM] Lyanna Pelon: :P
28-12-2017 23:57:21.5 [ROOM] Darent: heaven's three way? XD
